Gnucap : The Gnu Circuit Analysis Package.
Copyright 1982-2025, Albert Davis
          2020-2025, Felix Salfelder
The development of Gnucap is funded by NLnet with support from the EC.
Gnucap comes with ABSOLUTELY NO WARRANTY. This is free software,
and you are welcome to redistribute it under the terms of the GNU
General Public License version 3 or later. See "COPYING" for details.
main version: modelgen 2025.12.18
core-lib version: modelgen 2025.12.18
default plugins: modelgen 2025.12.18
param: already installed, replacing
stashing as param:0
parameters: already installed, replacing
stashing as parameters:0
parameter: already installed, replacing
stashing as parameter:0
logic: already installed, replacing
stashing as logic:0
spice: already installed, replacing
stashing as spice:0
acs: already installed, replacing
stashing as acs:0
;: already installed, replacing
stashing as ;:0
#: already installed, replacing
stashing as #:0
*: already installed, replacing
stashing as *:0
': already installed, replacing
stashing as ':0
": already installed, replacing
stashing as ":0
dev_comment: already installed, replacing
stashing as dev_comment:0
.model: already installed, replacing
stashing as .model:0
.subckt: already installed, replacing
stashing as .subckt:0
.macro: already installed, replacing
stashing as .macro:0
.lib: already installed, replacing
stashing as .lib:0
lib: already installed, replacing
stashing as lib:0
.include: already installed, replacing
stashing as .include:0
.merge: already installed, replacing
stashing as .merge:0
merge: already installed, replacing
stashing as merge:0
<: already installed, replacing
stashing as <:0
.get: already installed, replacing
stashing as .get:0
get: already installed, replacing
stashing as get:0
.build: already installed, replacing
stashing as .build:0
build: already installed, replacing
stashing as build:0
spice: already installed, replacing
stashing as spice:0
`spice: already installed, replacing
stashing as `spice:0
acs: already installed, replacing
stashing as acs:0
.endc: already installed, replacing
stashing as .endc:0
.control: already installed, replacing
stashing as .control:0
verilog: already installed, replacing
stashing as verilog:0
paramset: already installed, replacing
stashing as paramset:0
module: already installed, replacing
stashing as module:0
macromodule: already installed, replacing
stashing as macromodule:0
verilog: already installed, replacing
stashing as verilog:0
quit: already installed, replacing
stashing as quit:0
exit: already installed, replacing
stashing as exit:0
detach_all: already installed, replacing
stashing as detach_all:0
paramset NMOS bsim4va;
  parameter real l=0.09u;
  parameter real w=10.0u;
 .l=l; .w=w; .type=1; .level=14; .version=4.80; .binunit=1; .paramchk=1; .mobmod=0; .capmod=1; .igcmod=1; .igbmod=1; .geomod=1; .diomod=1; .rdsmod=0; .rbodymod=0; .rgatemod=1; .permod=1; .acnqsmod=0; .trnqsmod=0; .tempmod=0; .mtrlmod=1; .cvchargemod=0; .mtrlcompatmod=1; .gidlmod=0; .wpemod=0; .eot=1.8e-009; .vddeot=1.5; .ados=1.1; .bdos=1.0; .tnom=25; .toxe=1.8e-009; .toxp=10e-010; .toxm=1.8e-009; .dtox=8e-10; .epsrox=3.9; .wint=5e-009; .lint=1e-009; .ll=0; .wl=0; .lln=1; .wln=1; .lw=0; .ww=0; .lwn=1; .wwn=1; .lwl=0; .wwl=0; .xpart=1; .toxref=1.4e-009; .phig=4.05; .epsrgate=11.7; .saref=5e-6; .sbref=5e-6; .wlod=2e-6; .ku0=(- 4e-6); .kvsat=0.2; .kvth0=(- 2e-8); .tku0=0.0; .llodku0=1.1; .wlodku0=1.1; .llodvth=1.0; .wlodvth=1.0; .lku0=1e-6; .wku0=1e-6; .pku0=0.0; .lkvth0=1.1e-6; .wkvth0=1.1e-6; .pkvth0=0.0; .stk2=0.0; .lodk2=1.0; .steta0=0.0; .lodeta0=1.0; .lambda=4e-10; .vsat=1.1e+005; .vtl=2.0e5; .xn=6.0; .lc=5e-9; .rnoia=0.577; .rnoib=0.37; .tvoff=0.0; .tvfbsdoff=0.0; .vth0=0.25; .k1=0.35; .k2=0.05; .k3=0; .k3b=0; .w0=2.5e-006; .dvt0=1.8; .dvt1=0.52; .dvt2=(- 0.032); .dvt0w=0; .dvt1w=0; .dvt2w=0; .dsub=2; .minv=0.05; .voffl=0; .dvtp0=1e-007; .minvcv=2; .voffcvl=0; .dvtp1=0.05; .lpe0=5.75e-008; .lpeb=2.3e-010; .xj=2e-008; .ngate=5e+020; .ndep=2.8e+018; .nsd=1e+020; .phin=0; .cdsc=0.0002; .cdscb=0; .cdscd=0; .cit=0; .voff=(- 0.15); .nfactor=1.2; .eta0=0.05; .etab=0; .vfb=(- 0.55); .u0=0.032; .ua=5.0e-011; .ub=3.5e-018; .uc=(- 3e-011); .a0=2; .ags=1e-020; .a1=0; .a2=1; .b0=(- 1e-020); .b1=0; .keta=0.04; .dwg=0; .dwb=0; .pclm=0.08; .pdiblc1=0.028; .pdiblc2=0.022; .pdiblcb=(- 0.005); .drout=0.45; .pvag=1e-020; .delta=0.01; .pscbe1=8.14e+008; .pscbe2=5e-008; .fprout=0.2; .pdits=0.2; .pditsd=0.23; .pditsl=2.3e+006; .rsh=0; .rdsw=50; .rsw=50; .rdw=50; .rdswmin=0; .rdwmin=0; .rswmin=0; .prwg=0; .prwb=6.8e-011; .wr=1; .alpha0=0.074; .alpha1=0.005; .beta0=30; .agidl=0.0001; .bgidl=2.1e+009; .cgidl=0.0001; .egidl=0.8; .agisl=0.0002; .bgisl=2.1e+009; .cgisl=0.0002; .egisl=(- 0.28); .aigbacc=0.012; .bigbacc=0.0028; .cigbacc=0.002; .nigbacc=1; .aigbinv=0.014; .bigbinv=0.004; .cigbinv=0.004; .eigbinv=1.1; .nigbinv=3; .aigc=0.012; .bigc=0.0028; .cigc=0.002; .aigs=0.012; .bigs=0.0028; .cigs=0.002; .nigc=1; .poxedge=1; .pigcd=1; .ntox=1; .aigd=0.01; .bigd=0.003; .cigd=0.0015; .xrcrg1=12; .xrcrg2=5; .cgso=6.238e-010; .cgdo=6.238e-010; .cgbo=2.56e-011; .cgdl=2.495e-10; .cgsl=2.495e-10; .ckappas=0.03; .ckappad=0.03; .acde=1; .moin=15; .noff=0.9; .voffcv=(- 0.02); .kt1=(- 0.37); .kt1l=0.0; .kt2=(- 0.042); .ute=(- 1.5); .ua1=1e-009; .ub1=(- 3.5e-019); .uc1=0; .prt=0; .at=53000; .fnoimod=1; .tnoimod=0; .jss=0.0001; .jsws=1e-011; .jswgs=1e-010; .njs=1; .ijthsfwd=0.01; .ijthsrev=0.001; .bvs=10; .xjbvs=1; .jsd=0.0001; .jswd=1e-011; .jswgd=1e-010; .njd=1; .ijthdfwd=0.01; .ijthdrev=0.001; .bvd=10; .xjbvd=1; .pbs=1; .cjs=0.0005; .mjs=0.5; .pbsws=1; .cjsws=5e-010; .mjsws=0.33; .pbswgs=1; .cjswgs=3e-010; .mjswgs=0.33; .pbd=1; .cjd=0.0005; .mjd=0.5; .pbswd=1; .cjswd=5e-010; .mjswd=0.33; .pbswgd=1; .cjswgd=5e-010; .mjswgd=0.33; .tpb=0.005; .tcj=0.001; .tpbsw=0.005; .tcjsw=0.001; .tpbswg=0.005; .tcjswg=0.001; .xtis=3; .xtid=3; .dmcg=8e-006; .dmci=3e-006; .dmdg=2e-006; .dmcgt=1e-007; .dwj=0.0e-008; .xgw=0e-007; .xgl=0e-008; .rshg=0.4; .gbmin=1e-010; .rbpb=5; .rbpd=15; .rbps=15; .rbdb=15; .rbsb=15; .ngcon=1; .jtss=1e-4; .jtsd=1e-4; .jtssws=1e-10; .jtsswd=1e-10; .jtsswgs=1e-7; .jtsswgd=1e-7; .njts=20.0; .njtssw=15; .njtsswg=6; .vtss=10; .vtsd=10; .vtssws=10; .vtsswd=10; .njtsd=15.0; .njtsswd=20; .njtsswgd=6; .tnjts=0.1; .tnjtsd=0.05; .vtsswgs=2; .vtsswgd=2; .xtss=0.02; .xtsd=0.02; .xtssws=0.02; .xtsswd=0.02; .xtsswgs=0.02; .xtsswgd=0.02;
endparamset

paramset PMOS bsim4va;
  parameter real l=0.09u;
  parameter real w=10.0u;
 .l=l; .w=w; .type=(- 1); .level=14; .version=4.80; .binunit=1; .paramchk=1; .mobmod=0; .capmod=1; .igcmod=1; .igbmod=1; .geomod=1; .diomod=1; .rdsmod=0; .rbodymod=0; .rgatemod=1; .permod=1; .acnqsmod=0; .trnqsmod=0; .tempmod=0; .mtrlmod=1; .cvchargemod=0; .mtrlcompatmod=1; .gidlmod=0; .wpemod=0; .eot=1.8e-009; .vddeot=(- 1.5); .ados=1.1; .bdos=1.0; .tnom=27; .toxe=1.8e-009; .toxp=10e-010; .toxm=1.8e-009; .dtox=8e-10; .epsrox=3.9; .wint=5e-009; .lint=1e-009; .ll=0; .wl=0; .lln=1; .wln=1; .lw=0; .ww=0; .lwn=1; .wwn=1; .lwl=0; .wwl=0; .xpart=0; .toxref=1.8e-9; .phig=4.05; .epsrgate=11.7; .saref=5e-6; .sbref=5e-6; .wlod=2e-6; .ku0=4e-6; .kvsat=0.2; .kvth0=(- 2e-8); .tku0=0.0; .llodku0=1.1; .wlodku0=1.1; .llodvth=1.0; .wlodvth=1.0; .lku0=1e-6; .wku0=1e-6; .pku0=0.0; .lkvth0=1.1e-6; .wkvth0=1.1e-6; .pkvth0=0.0; .stk2=0.0; .lodk2=1.0; .steta0=0.0; .lodeta0=1.0; .lambda=4e-10; .vsat=1.1e+005; .vtl=2.0e5; .xn=6.0; .lc=5e-9; .rnoia=0.577; .rnoib=0.37; .tvoff=0.0; .tvfbsdoff=0.0; .vth0=(- 0.25); .k1=0.35; .k2=0.05; .k3=0; .k3b=0; .w0=2.5e-006; .dvt0=1.8; .dvt1=0.52; .dvt2=(- 0.032); .dvt0w=0; .dvt1w=0; .dvt2w=0; .dsub=2; .minv=0.05; .voffl=0; .dvtp0=1e-007; .minvcv=2; .voffcvl=0; .dvtp1=0.05; .lpe0=5.75e-008; .lpeb=2.3e-010; .xj=2e-008; .ngate=5e+020; .ndep=2.8e+018; .nsd=1e+020; .phin=0; .cdsc=0.0002; .cdscb=0; .cdscd=0; .cit=0; .voff=(- 0.15); .nfactor=1.2; .eta0=0.05; .etab=0; .vfb=0.55; .u0=0.0095; .ua=5.0e-011; .ub=3.5e-018; .uc=(- 3e-011); .a0=2; .ags=1e-020; .a1=0; .a2=1; .b0=(- 1e-020); .b1=0; .keta=0.04; .dwg=0; .dwb=0; .pclm=0.08; .pdiblc1=0.028; .pdiblc2=0.022; .pdiblcb=(- 0.005); .drout=0.45; .pvag=1e-020; .delta=0.01; .pscbe1=8.14e+008; .pscbe2=5e-008; .fprout=0.2; .pdits=0.2; .pditsd=0.23; .pditsl=2.3e+006; .rsh=0; .rdsw=50; .rsw=50; .rdw=50; .rdswmin=0; .rdwmin=0; .rswmin=0; .prwg=0; .prwb=6.8e-011; .wr=1; .alpha0=0.074; .alpha1=0.005; .beta0=30; .agidl=0.0002; .bgidl=2.1e+009; .cgidl=0.0002; .egidl=0.8; .agisl=0.0003; .bgisl=2.5e+009; .cgisl=0.0003; .egisl=(- 0.28); .aigbacc=0.012; .bigbacc=0.0028; .cigbacc=0.002; .nigbacc=1; .aigbinv=0.014; .bigbinv=0.004; .cigbinv=0.004; .eigbinv=1.1; .nigbinv=3; .aigc=0.012; .bigc=0.0028; .cigc=0.002; .aigs=0.012; .bigs=0.0028; .cigs=0.002; .nigc=1; .poxedge=1; .pigcd=1; .ntox=1; .aigd=0.01; .bigd=0.003; .cigd=0.0015; .xrcrg1=12; .xrcrg2=5; .cgso=6.238e-010; .cgdo=6.238e-010; .cgbo=2.56e-011; .cgdl=2.495e-10; .cgsl=2.495e-10; .ckappas=0.03; .ckappad=0.03; .acde=1; .moin=15; .noff=0.9; .voffcv=0.02; .kt1=(- 0.37); .kt1l=0.0; .kt2=(- 0.042); .ute=(- 1.5); .ua1=1e-009; .ub1=(- 3.5e-019); .uc1=0; .prt=0; .at=53000; .fnoimod=1; .tnoimod=0; .jss=0.0001; .jsws=1e-011; .jswgs=1e-010; .njs=1; .ijthsfwd=0.01; .ijthsrev=0.001; .bvs=10; .xjbvs=1; .jsd=0.0001; .jswd=1e-011; .jswgd=1e-010; .njd=1; .ijthdfwd=0.01; .ijthdrev=0.001; .bvd=10; .xjbvd=1; .pbs=1; .cjs=0.0005; .mjs=0.5; .pbsws=1; .cjsws=5e-010; .mjsws=0.33; .pbswgs=1; .cjswgs=3e-010; .mjswgs=0.33; .pbd=1; .cjd=0.0005; .mjd=0.5; .pbswd=1; .cjswd=5e-010; .mjswd=0.33; .pbswgd=1; .cjswgd=5e-010; .mjswgd=0.33; .tpb=0.005; .tcj=0.001; .tpbsw=0.005; .tcjsw=0.001; .tpbswg=0.005; .tcjswg=0.001; .xtis=3; .xtid=3; .dmcg=8e-006; .dmci=3e-006; .dmdg=2e-006; .dmcgt=1e-007; .dwj=0.0e-008; .xgw=0e-007; .xgl=0e-008; .rshg=0.4; .gbmin=1e-010; .rbpb=5; .rbpd=15; .rbps=15; .rbdb=15; .rbsb=15; .ngcon=1; .jtss=1e-4; .jtsd=1e-4; .jtssws=1e-10; .jtsswd=1e-10; .jtsswgs=1e-7; .jtsswgd=1e-7; .njts=20.0; .njtssw=15; .njtsswg=4; .vtss=10; .vtsd=10; .vtssws=10; .vtsswd=10; .njtsd=15.0; .njtsswd=20; .njtsswgd=6; .tnjts=0.1; .tnjtsd=0.05; .vtsswgs=2; .vtsswgd=2; .xtss=0.02; .xtsd=0.02; .xtssws=0.02; .xtsswd=0.02; .xtsswgs=0.02; .xtsswgd=0.02;
endparamset

parameter real L=0.09u; // MOSFET length 
parameter real WN=10.0u; // NMOS width 
parameter real WP=20.0u; // PMOS width 
parameter real VNOM=1.2; // Nominal supply (V) 
ground gnd;
vsource #(.dc(vd)) sd (.p(d),.n(gnd));
vsource #(.dc(vg)) sg (.p(g),.n(gnd));
vsource #(.dc(vb)) sb (.p(b),.n(gnd));
parameter vd = -0.1;
parameter vg = 0.0;
parameter vb = 0.0;
PMOS #(.l(L),.w(WP)) M1 (.d(d),.g(g),.s(gnd),.b(b));
#           v(b)       i(sd)      iter(0)   
 0.6        0.         0.         4.        
 0.58       0.         0.         4.        
 0.56       0.         0.         4.        
 0.54       0.         0.         4.        
 0.52       0.         0.         4.        
 0.5        0.         0.         4.        
 0.48       0.         0.         4.        
 0.46       0.         0.         4.        
 0.44       0.         0.         4.        
 0.42       0.         0.         4.        
 0.4        0.         0.         4.        
 0.38       0.         0.         4.        
 0.36       0.         0.         4.        
 0.34       0.         0.         4.        
 0.32       0.         0.         4.        
 0.3        0.         0.         4.        
 0.28       0.         0.         4.        
 0.26       0.         0.         4.        
 0.24       0.         0.         4.        
 0.22       0.         0.         4.        
 0.2        0.         0.         4.        
 0.18       0.         0.         4.        
 0.16       0.         0.         4.        
 0.14       0.         0.         4.        
 0.12       0.         0.         4.        
 0.1        0.         0.         4.        
 0.08       0.         0.         4.        
 0.06       0.         0.         4.        
 0.04       0.         0.         4.        
 0.02       0.         0.         4.        
 0.         0.         0.         4.        
-0.02       0.         0.         4.        
-0.04       0.         0.         4.        
-0.06       0.         0.         4.        
-0.08       0.         0.         4.        
-0.1        0.         0.         4.        
-0.12       0.         0.         4.        
-0.14       0.         1.7681E-9  4.        
-0.16       0.         3.889E-9   4.        
-0.18       0.         8.4601E-9  4.        
-0.2        0.         18.023E-9  4.        
-0.22       0.         37.424E-9  4.        
-0.24       0.         75.384E-9  4.        
-0.26       0.         146.76E-9  4.        
-0.28       0.         275.48E-9  4.        
-0.3        0.         498.8E-9   4.        
-0.32       0.         873.87E-9  4.        
-0.34       0.         1.4895E-6  4.        
-0.36       0.         2.4865E-6  4.        
-0.38       0.         4.0924E-6  4.        
-0.4        0.         6.6747E-6  4.        
-0.42       0.         10.815E-6  4.        
-0.44       0.         17.389E-6  4.        
-0.46       0.         27.605E-6  4.        
-0.48       0.         42.938E-6  4.        
-0.5        0.         64.886E-6  4.        
-0.52       0.         94.607E-6  4.        
-0.54       0.         132.54E-6  4.        
-0.56       0.         178.21E-6  4.        
-0.58       0.         230.33E-6  4.        
-0.6        0.         287.17E-6  4.        
-0.62       0.         347.01E-6  4.        
-0.64       0.         408.38E-6  4.        
-0.66       0.         470.19E-6  4.        
-0.68       0.         531.65E-6  4.        
-0.7        0.         592.24E-6  4.        
-0.72       0.         651.59E-6  4.        
-0.74       0.         709.45E-6  4.        
-0.76       0.         765.67E-6  4.        
-0.78       0.         820.15E-6  4.        
-0.8        0.         872.85E-6  4.        
-0.82       0.         923.73E-6  4.        
-0.84       0.         972.79E-6  4.        
-0.86       0.         0.00102    4.        
-0.88       0.         0.0010655  4.        
-0.9        0.         0.0011092  4.        
-0.92       0.         0.0011512  4.        
-0.94       0.         0.0011915  4.        
-0.96       0.         0.0012302  4.        
-0.98       0.         0.0012672  4.        
-1.         0.         0.0013027  4.        
-1.02       0.         0.0013367  4.        
-1.04       0.         0.0013692  4.        
-1.06       0.         0.0014003  4.        
-1.08       0.         0.00143    4.        
-1.1        0.         0.0014584  4.        
-1.12       0.         0.0014854  4.        
-1.14       0.         0.0015112  4.        
-1.16      -1.E-15     0.0015357  4.        
-1.18      -1.E-15     0.001559   4.        
-1.2       -2.E-15     0.0015811  4.        
 0.6        0.3        0.         4.        
 0.58       0.3        0.         4.        
 0.56       0.3        0.         4.        
 0.54       0.3        0.         4.        
 0.52       0.3        0.         4.        
 0.5        0.3        0.         4.        
 0.48       0.3        0.         4.        
 0.46       0.3        0.         4.        
 0.44       0.3        0.         4.        
 0.42       0.3        0.         4.        
 0.4        0.3        0.         4.        
 0.38       0.3        0.         4.        
 0.36       0.3        0.         4.        
 0.34       0.3        0.         4.        
 0.32       0.3        0.         4.        
 0.3        0.3        0.         4.        
 0.28       0.3        0.         4.        
 0.26       0.3        0.         4.        
 0.24       0.3        0.         4.        
 0.22       0.3        0.         4.        
 0.2        0.3        0.         4.        
 0.18       0.3        0.         4.        
 0.16       0.3        0.         4.        
 0.14       0.3        0.         4.        
 0.12       0.3        0.         4.        
 0.1        0.3        0.         4.        
 0.08       0.3        0.         4.        
 0.06       0.3        0.         4.        
 0.04       0.3        0.         4.        
 0.02       0.3        0.         4.        
 0.         0.3        0.         4.        
-0.02       0.3        0.         4.        
-0.04       0.3        0.         4.        
-0.06       0.3        0.         4.        
-0.08       0.3        0.         4.        
-0.1        0.3        0.         4.        
-0.12       0.3        0.         4.        
-0.14       0.3        0.         4.        
-0.16       0.3        0.         4.        
-0.18       0.3        0.         4.        
-0.2        0.3        0.         4.        
-0.22       0.3        2.3465E-9  4.        
-0.24       0.3        5.6134E-9  4.        
-0.26       0.3        12.722E-9  4.        
-0.28       0.3        27.545E-9  4.        
-0.3        0.3        57.131E-9  4.        
-0.32       0.3        113.55E-9  4.        
-0.34       0.3        216.34E-9  4.        
-0.36       0.3        395.92E-9  4.        
-0.38       0.3        699.31E-9  4.        
-0.4        0.3        1.2003E-6  4.        
-0.42       0.3        2.0172E-6  4.        
-0.44       0.3        3.3439E-6  4.        
-0.46       0.3        5.498E-6   4.        
-0.48       0.3        8.9905E-6  4.        
-0.5        0.3        14.604E-6  4.        
-0.52       0.3        23.441E-6  4.        
-0.54       0.3        36.864E-6  4.        
-0.56       0.3        56.274E-6  4.        
-0.58       0.3        82.75E-6   4.        
-0.6        0.3        116.69E-6  4.        
-0.62       0.3        157.62E-6  4.        
-0.64       0.3        204.32E-6  4.        
-0.66       0.3        255.18E-6  4.        
-0.68       0.3        308.64E-6  4.        
-0.7        0.3        363.41E-6  4.        
-0.72       0.3        418.55E-6  4.        
-0.74       0.3        473.37E-6  4.        
-0.76       0.3        527.42E-6  4.        
-0.78       0.3        580.4E-6   4.        
-0.8        0.3        632.1E-6   4.        
-0.82       0.3        682.38E-6  4.        
-0.84       0.3        731.18E-6  4.        
-0.86       0.3        778.44E-6  4.        
-0.88       0.3        824.15E-6  4.        
-0.9        0.3        868.28E-6  4.        
-0.92       0.3        910.87E-6  4.        
-0.94       0.3        951.91E-6  4.        
-0.96       0.3        991.44E-6  4.        
-0.98       0.3        0.0010295  4.        
-1.         0.3        0.001066   4.        
-1.02       0.3        0.0011012  4.        
-1.04       0.3        0.001135   4.        
-1.06       0.3        0.0011673  4.        
-1.08       0.3        0.0011984  4.        
-1.1        0.3        0.0012282  4.        
-1.12       0.3        0.0012567  4.        
-1.14       0.3        0.001284   4.        
-1.16       0.3        0.0013101  4.        
-1.18       0.3        0.001335   4.        
-1.2        0.3        0.0013587  4.        
 0.6        0.6        0.         4.        
 0.58       0.6        0.         4.        
 0.56       0.6        0.         4.        
 0.54       0.6        0.         4.        
 0.52       0.6        0.         4.        
 0.5        0.6        0.         4.        
 0.48       0.6        0.         4.        
 0.46       0.6        0.         4.        
 0.44       0.6        0.         4.        
 0.42       0.6        0.         4.        
 0.4        0.6        0.         4.        
 0.38       0.6        0.         4.        
 0.36       0.6        0.         4.        
 0.34       0.6        0.         4.        
 0.32       0.6        0.         4.        
 0.3        0.6        0.         4.        
 0.28       0.6        0.         4.        
 0.26       0.6        0.         4.        
 0.24       0.6        0.         4.        
 0.22       0.6        0.         4.        
 0.2        0.6        0.         4.        
 0.18       0.6        0.         4.        
 0.16       0.6        0.         4.        
 0.14       0.6        0.         4.        
 0.12       0.6        0.         4.        
 0.1        0.6        0.         4.        
 0.08       0.6        0.         4.        
 0.06       0.6        0.         4.        
 0.04       0.6        0.         4.        
 0.02       0.6        0.         4.        
 0.         0.6        0.         4.        
-0.02       0.6        0.         4.        
-0.04       0.6        0.         4.        
-0.06       0.6        0.         4.        
-0.08       0.6        0.         4.        
-0.1        0.6        0.         4.        
-0.12       0.6        0.         4.        
-0.14       0.6        0.         4.        
-0.16       0.6        0.         4.        
-0.18       0.6        0.         4.        
-0.2        0.6        0.         4.        
-0.22       0.6        0.         4.        
-0.24       0.6        0.         4.        
-0.26       0.6        0.         4.        
-0.28       0.6        1.5334E-9  4.        
-0.3        0.6        4.5784E-9  4.        
-0.32       0.6        11.409E-9  4.        
-0.34       0.6        25.864E-9  4.        
-0.36       0.6        54.853E-9  4.        
-0.38       0.6        110.04E-9  4.        
-0.4        0.6        210.08E-9  4.        
-0.42       0.6        383.97E-9  4.        
-0.44       0.6        676.93E-9  4.        
-0.46       0.6        1.161E-6   4.        
-0.48       0.6        1.9536E-6  4.        
-0.5        0.6        3.2493E-6  4.        
-0.52       0.6        5.3694E-6  4.        
-0.54       0.6        8.8318E-6  4.        
-0.56       0.6        14.424E-6  4.        
-0.58       0.6        23.234E-6  4.        
-0.6        0.6        36.56E-6   4.        
-0.62       0.6        55.658E-6  4.        
-0.64       0.6        81.384E-6  4.        
-0.66       0.6        113.88E-6  4.        
-0.68       0.6        152.47E-6  4.        
-0.7        0.6        195.87E-6  4.        
-0.72       0.6        242.6E-6   4.        
-0.74       0.6        291.3E-6   4.        
-0.76       0.6        340.9E-6   4.        
-0.78       0.6        390.64E-6  4.        
-0.8        0.6        440.E-6    4.        
-0.82       0.6        488.61E-6  4.        
-0.84       0.6        536.23E-6  4.        
-0.86       0.6        582.7E-6   4.        
-0.88       0.6        627.93E-6  4.        
-0.9        0.6        671.85E-6  4.        
-0.92       0.6        714.42E-6  4.        
-0.94       0.6        755.63E-6  4.        
-0.96       0.6        795.48E-6  4.        
-0.98       0.6        833.96E-6  4.        
-1.         0.6        871.11E-6  4.        
-1.02       0.6        906.92E-6  4.        
-1.04       0.6        941.43E-6  4.        
-1.06       0.6        974.66E-6  4.        
-1.08       0.6        0.0010066  4.        
-1.1        0.6        0.0010374  4.        
-1.12       0.6        0.0010669  4.        
-1.14       0.6        0.0010952  4.        
-1.16       0.6        0.0011224  4.        
-1.18       0.6        0.0011485  4.        
-1.2        0.6        0.0011734  4.        
 0.6        0.9        0.         4.        
 0.58       0.9        0.         4.        
 0.56       0.9        0.         4.        
 0.54       0.9        0.         4.        
 0.52       0.9        0.         4.        
 0.5        0.9        0.         4.        
 0.48       0.9        0.         4.        
 0.46       0.9        0.         4.        
 0.44       0.9        0.         4.        
 0.42       0.9        0.         4.        
 0.4        0.9        0.         4.        
 0.38       0.9        0.         4.        
 0.36       0.9        0.         4.        
 0.34       0.9        0.         4.        
 0.32       0.9        0.         4.        
 0.3        0.9        0.         4.        
 0.28       0.9        0.         4.        
 0.26       0.9        0.         4.        
 0.24       0.9        0.         4.        
 0.22       0.9        0.         4.        
 0.2        0.9        0.         4.        
 0.18       0.9        0.         4.        
 0.16       0.9        0.         4.        
 0.14       0.9        0.         4.        
 0.12       0.9        0.         4.        
 0.1        0.9        0.         4.        
 0.08       0.9        0.         4.        
 0.06       0.9        0.         4.        
 0.04       0.9        0.         4.        
 0.02       0.9        0.         4.        
 0.         0.9        0.         4.        
-0.02       0.9        0.         4.        
-0.04       0.9        0.         4.        
-0.06       0.9        0.         4.        
-0.08       0.9        0.         4.        
-0.1        0.9        0.         4.        
-0.12       0.9        0.         4.        
-0.14       0.9        0.         4.        
-0.16       0.9        0.         4.        
-0.18       0.9        0.         4.        
-0.2        0.9        0.         4.        
-0.22       0.9        0.         4.        
-0.24       0.9        0.         4.        
-0.26       0.9        0.         4.        
-0.28       0.9        0.         4.        
-0.3        0.9        0.         4.        
-0.32       0.9        0.         4.        
-0.34       0.9        0.         4.        
-0.36       0.9        4.2801E-9  4.        
-0.38       0.9        12.189E-9  4.        
-0.4        0.9        28.964E-9  4.        
-0.42       0.9        62.297E-9  4.        
-0.44       0.9        124.83E-9  4.        
-0.46       0.9        236.47E-9  4.        
-0.48       0.9        428.27E-9  4.        
-0.5        0.9        749.37E-9  4.        
-0.52       0.9        1.2796E-6  4.        
-0.54       0.9        2.1513E-6  4.        
-0.56       0.9        3.5857E-6  4.        
-0.58       0.9        5.9481E-6  4.        
-0.6        0.9        9.8189E-6  4.        
-0.62       0.9        16.053E-6  4.        
-0.64       0.9        25.768E-6  4.        
-0.66       0.9        40.187E-6  4.        
-0.68       0.9        60.341E-6  4.        
-0.7        0.9        86.728E-6  4.        
-0.72       0.9        119.1E-6   4.        
-0.74       0.9        156.53E-6  4.        
-0.76       0.9        197.69E-6  4.        
-0.78       0.9        241.24E-6  4.        
-0.8        0.9        286.09E-6  4.        
-0.82       0.9        331.41E-6  4.        
-0.84       0.9        376.63E-6  4.        
-0.86       0.9        421.36E-6  4.        
-0.88       0.9        465.32E-6  4.        
-0.9        0.9        508.36E-6  4.        
-0.92       0.9        550.34E-6  4.        
-0.94       0.9        591.2E-6   4.        
-0.96       0.9        630.88E-6  4.        
-0.98       0.9        669.38E-6  4.        
-1.         0.9        706.66E-6  4.        
-1.02       0.9        742.74E-6  4.        
-1.04       0.9        777.61E-6  4.        
-1.06       0.9        811.3E-6   4.        
-1.08       0.9        843.8E-6   4.        
-1.1        0.9        875.14E-6  4.        
-1.12       0.9        905.34E-6  4.        
-1.14       0.9        934.4E-6   4.        
-1.16       0.9        962.36E-6  4.        
-1.18       0.9        989.22E-6  4.        
-1.2        0.9        0.001015   4.        
 0.6        1.2        0.         4.        
 0.58       1.2        0.         4.        
 0.56       1.2        0.         4.        
 0.54       1.2        0.         4.        
 0.52       1.2        0.         4.        
 0.5        1.2        0.         4.        
 0.48       1.2        0.         4.        
 0.46       1.2        0.         4.        
 0.44       1.2        0.         4.        
 0.42       1.2        0.         4.        
 0.4        1.2        0.         4.        
 0.38       1.2        0.         4.        
 0.36       1.2        0.         4.        
 0.34       1.2        0.         4.        
 0.32       1.2        0.         4.        
 0.3        1.2        0.         4.        
 0.28       1.2        0.         4.        
 0.26       1.2        0.         4.        
 0.24       1.2        0.         4.        
 0.22       1.2        0.         4.        
 0.2        1.2        0.         4.        
 0.18       1.2        0.         4.        
 0.16       1.2        0.         4.        
 0.14       1.2        0.         4.        
 0.12       1.2        0.         4.        
 0.1        1.2        0.         4.        
 0.08       1.2        0.         4.        
 0.06       1.2        0.         4.        
 0.04       1.2        0.         4.        
 0.02       1.2        0.         4.        
 0.         1.2        0.         4.        
-0.02       1.2        0.         4.        
-0.04       1.2        0.         4.        
-0.06       1.2        0.         4.        
-0.08       1.2        0.         4.        
-0.1        1.2        0.         4.        
-0.12       1.2        0.         4.        
-0.14       1.2        0.         4.        
-0.16       1.2        0.         4.        
-0.18       1.2        0.         4.        
-0.2        1.2        0.         4.        
-0.22       1.2        0.         4.        
-0.24       1.2        0.         4.        
-0.26       1.2        0.         4.        
-0.28       1.2       -1.0168E-9  4.        
-0.3        1.2       -1.3333E-9  4.        
-0.32       1.2       -1.6789E-9  4.        
-0.34       1.2       -1.9882E-9  4.        
-0.36       1.2       -2.1118E-9  4.        
-0.38       1.2       -1.7153E-9  4.        
-0.4        1.2        0.         4.        
-0.42       1.2        4.5566E-9  4.        
-0.44       1.2        15.087E-9  4.        
-0.46       1.2        37.102E-9  4.        
-0.48       1.2        79.89E-9   4.        
-0.5        1.2        158.26E-9  4.        
-0.52       1.2        295.41E-9  4.        
-0.54       1.2        527.98E-9  4.        
-0.56       1.2        915.3E-9   4.        
-0.58       1.2        1.5557E-6  4.        
-0.6        1.2        2.6145E-6  4.        
-0.62       1.2        4.3681E-6  4.        
-0.64       1.2        7.267E-6   4.        
-0.66       1.2        12.001E-6  4.        
-0.68       1.2        19.524E-6  4.        
-0.7        1.2        30.961E-6  4.        
-0.72       1.2        47.373E-6  4.        
-0.74       1.2        69.435E-6  4.        
-0.76       1.2        97.176E-6  4.        
-0.78       1.2        129.93E-6  4.        
-0.8        1.2        166.57E-6  4.        
-0.82       1.2        205.84E-6  4.        
-0.84       1.2        246.65E-6  4.        
-0.86       1.2        288.15E-6  4.        
-0.88       1.2        329.74E-6  4.        
-0.9        1.2        371.03E-6  4.        
-0.92       1.2        411.74E-6  4.        
-0.94       1.2        451.67E-6  4.        
-0.96       1.2        490.72E-6  4.        
-0.98       1.2        528.78E-6  4.        
-1.         1.2        565.82E-6  4.        
-1.02       1.2        601.8E-6   4.        
-1.04       1.2        636.71E-6  4.        
-1.06       1.2        670.53E-6  4.        
-1.08       1.2        703.26E-6  4.        
-1.1        1.2        734.92E-6  4.        
-1.12       1.2        765.49E-6  4.        
-1.14       1.2        795.01E-6  4.        
-1.16       1.2        823.47E-6  4.        
-1.18       1.2        850.88E-6  4.        
-1.2        1.2        877.27E-6  4.        
Gnucap   System status
iterations: op=0, dc=1820, tran=0, fourier=0, total=1820
transient timesteps: accepted=0, rejected=0, total=0
nodes: user=3, subckt=0, model=18, total=21
dctran density=37.0%, ac density=37.0%
