Gnucap : The Gnu Circuit Analysis Package.
Copyright 1982-2025, Albert Davis
          2020-2025, Felix Salfelder
The development of Gnucap is funded by NLnet with support from the EC.
Gnucap comes with ABSOLUTELY NO WARRANTY. This is free software,
and you are welcome to redistribute it under the terms of the GNU
General Public License version 3 or later. See "COPYING" for details.
main version: modelgen 2025.12.18
core-lib version: modelgen 2025.12.18
default plugins: modelgen 2025.12.18
param: already installed, replacing
stashing as param:0
parameters: already installed, replacing
stashing as parameters:0
parameter: already installed, replacing
stashing as parameter:0
logic: already installed, replacing
stashing as logic:0
spice: already installed, replacing
stashing as spice:0
acs: already installed, replacing
stashing as acs:0
;: already installed, replacing
stashing as ;:0
#: already installed, replacing
stashing as #:0
*: already installed, replacing
stashing as *:0
': already installed, replacing
stashing as ':0
": already installed, replacing
stashing as ":0
dev_comment: already installed, replacing
stashing as dev_comment:0
.model: already installed, replacing
stashing as .model:0
.subckt: already installed, replacing
stashing as .subckt:0
.macro: already installed, replacing
stashing as .macro:0
.lib: already installed, replacing
stashing as .lib:0
lib: already installed, replacing
stashing as lib:0
.include: already installed, replacing
stashing as .include:0
.merge: already installed, replacing
stashing as .merge:0
merge: already installed, replacing
stashing as merge:0
<: already installed, replacing
stashing as <:0
.get: already installed, replacing
stashing as .get:0
get: already installed, replacing
stashing as get:0
.build: already installed, replacing
stashing as .build:0
build: already installed, replacing
stashing as build:0
spice: already installed, replacing
stashing as spice:0
`spice: already installed, replacing
stashing as `spice:0
acs: already installed, replacing
stashing as acs:0
.endc: already installed, replacing
stashing as .endc:0
.control: already installed, replacing
stashing as .control:0
verilog: already installed, replacing
stashing as verilog:0
paramset: already installed, replacing
stashing as paramset:0
module: already installed, replacing
stashing as module:0
macromodule: already installed, replacing
stashing as macromodule:0
verilog: already installed, replacing
stashing as verilog:0
quit: already installed, replacing
stashing as quit:0
exit: already installed, replacing
stashing as exit:0
detach_all: already installed, replacing
stashing as detach_all:0
paramset NMOS bsim4va;
  parameter real l=0.09u;
  parameter real w=10.0u;
 .l=l; .w=w; .type=1; .level=14; .version=4.80; .binunit=1; .paramchk=1; .mobmod=0; .capmod=1; .igcmod=1; .igbmod=1; .geomod=1; .diomod=1; .rdsmod=0; .rbodymod=0; .rgatemod=1; .permod=1; .acnqsmod=0; .trnqsmod=0; .tempmod=0; .mtrlmod=1; .cvchargemod=0; .mtrlcompatmod=1; .gidlmod=0; .wpemod=0; .eot=1.8e-009; .vddeot=1.5; .ados=1.1; .bdos=1.0; .tnom=25; .toxe=1.8e-009; .toxp=10e-010; .toxm=1.8e-009; .dtox=8e-10; .epsrox=3.9; .wint=5e-009; .lint=1e-009; .ll=0; .wl=0; .lln=1; .wln=1; .lw=0; .ww=0; .lwn=1; .wwn=1; .lwl=0; .wwl=0; .xpart=1; .toxref=1.4e-009; .phig=4.05; .epsrgate=11.7; .saref=5e-6; .sbref=5e-6; .wlod=2e-6; .ku0=(- 4e-6); .kvsat=0.2; .kvth0=(- 2e-8); .tku0=0.0; .llodku0=1.1; .wlodku0=1.1; .llodvth=1.0; .wlodvth=1.0; .lku0=1e-6; .wku0=1e-6; .pku0=0.0; .lkvth0=1.1e-6; .wkvth0=1.1e-6; .pkvth0=0.0; .stk2=0.0; .lodk2=1.0; .steta0=0.0; .lodeta0=1.0; .lambda=4e-10; .vsat=1.1e+005; .vtl=2.0e5; .xn=6.0; .lc=5e-9; .rnoia=0.577; .rnoib=0.37; .tvoff=0.0; .tvfbsdoff=0.0; .vth0=0.25; .k1=0.35; .k2=0.05; .k3=0; .k3b=0; .w0=2.5e-006; .dvt0=1.8; .dvt1=0.52; .dvt2=(- 0.032); .dvt0w=0; .dvt1w=0; .dvt2w=0; .dsub=2; .minv=0.05; .voffl=0; .dvtp0=1e-007; .minvcv=2; .voffcvl=0; .dvtp1=0.05; .lpe0=5.75e-008; .lpeb=2.3e-010; .xj=2e-008; .ngate=5e+020; .ndep=2.8e+018; .nsd=1e+020; .phin=0; .cdsc=0.0002; .cdscb=0; .cdscd=0; .cit=0; .voff=(- 0.15); .nfactor=1.2; .eta0=0.05; .etab=0; .vfb=(- 0.55); .u0=0.032; .ua=5.0e-011; .ub=3.5e-018; .uc=(- 3e-011); .a0=2; .ags=1e-020; .a1=0; .a2=1; .b0=(- 1e-020); .b1=0; .keta=0.04; .dwg=0; .dwb=0; .pclm=0.08; .pdiblc1=0.028; .pdiblc2=0.022; .pdiblcb=(- 0.005); .drout=0.45; .pvag=1e-020; .delta=0.01; .pscbe1=8.14e+008; .pscbe2=5e-008; .fprout=0.2; .pdits=0.2; .pditsd=0.23; .pditsl=2.3e+006; .rsh=0; .rdsw=50; .rsw=50; .rdw=50; .rdswmin=0; .rdwmin=0; .rswmin=0; .prwg=0; .prwb=6.8e-011; .wr=1; .alpha0=0.074; .alpha1=0.005; .beta0=30; .agidl=0.0001; .bgidl=2.1e+009; .cgidl=0.0001; .egidl=0.8; .agisl=0.0002; .bgisl=2.1e+009; .cgisl=0.0002; .egisl=(- 0.28); .aigbacc=0.012; .bigbacc=0.0028; .cigbacc=0.002; .nigbacc=1; .aigbinv=0.014; .bigbinv=0.004; .cigbinv=0.004; .eigbinv=1.1; .nigbinv=3; .aigc=0.012; .bigc=0.0028; .cigc=0.002; .aigs=0.012; .bigs=0.0028; .cigs=0.002; .nigc=1; .poxedge=1; .pigcd=1; .ntox=1; .aigd=0.01; .bigd=0.003; .cigd=0.0015; .xrcrg1=12; .xrcrg2=5; .cgso=6.238e-010; .cgdo=6.238e-010; .cgbo=2.56e-011; .cgdl=2.495e-10; .cgsl=2.495e-10; .ckappas=0.03; .ckappad=0.03; .acde=1; .moin=15; .noff=0.9; .voffcv=(- 0.02); .kt1=(- 0.37); .kt1l=0.0; .kt2=(- 0.042); .ute=(- 1.5); .ua1=1e-009; .ub1=(- 3.5e-019); .uc1=0; .prt=0; .at=53000; .fnoimod=1; .tnoimod=0; .jss=0.0001; .jsws=1e-011; .jswgs=1e-010; .njs=1; .ijthsfwd=0.01; .ijthsrev=0.001; .bvs=10; .xjbvs=1; .jsd=0.0001; .jswd=1e-011; .jswgd=1e-010; .njd=1; .ijthdfwd=0.01; .ijthdrev=0.001; .bvd=10; .xjbvd=1; .pbs=1; .cjs=0.0005; .mjs=0.5; .pbsws=1; .cjsws=5e-010; .mjsws=0.33; .pbswgs=1; .cjswgs=3e-010; .mjswgs=0.33; .pbd=1; .cjd=0.0005; .mjd=0.5; .pbswd=1; .cjswd=5e-010; .mjswd=0.33; .pbswgd=1; .cjswgd=5e-010; .mjswgd=0.33; .tpb=0.005; .tcj=0.001; .tpbsw=0.005; .tcjsw=0.001; .tpbswg=0.005; .tcjswg=0.001; .xtis=3; .xtid=3; .dmcg=8e-006; .dmci=3e-006; .dmdg=2e-006; .dmcgt=1e-007; .dwj=0.0e-008; .xgw=0e-007; .xgl=0e-008; .rshg=0.4; .gbmin=1e-010; .rbpb=5; .rbpd=15; .rbps=15; .rbdb=15; .rbsb=15; .ngcon=1; .jtss=1e-4; .jtsd=1e-4; .jtssws=1e-10; .jtsswd=1e-10; .jtsswgs=1e-7; .jtsswgd=1e-7; .njts=20.0; .njtssw=15; .njtsswg=6; .vtss=10; .vtsd=10; .vtssws=10; .vtsswd=10; .njtsd=15.0; .njtsswd=20; .njtsswgd=6; .tnjts=0.1; .tnjtsd=0.05; .vtsswgs=2; .vtsswgd=2; .xtss=0.02; .xtsd=0.02; .xtssws=0.02; .xtsswd=0.02; .xtsswgs=0.02; .xtsswgd=0.02;
endparamset

paramset PMOS bsim4va;
  parameter real l=0.09u;
  parameter real w=10.0u;
 .l=l; .w=w; .type=(- 1); .level=14; .version=4.80; .binunit=1; .paramchk=1; .mobmod=0; .capmod=1; .igcmod=1; .igbmod=1; .geomod=1; .diomod=1; .rdsmod=0; .rbodymod=0; .rgatemod=1; .permod=1; .acnqsmod=0; .trnqsmod=0; .tempmod=0; .mtrlmod=1; .cvchargemod=0; .mtrlcompatmod=1; .gidlmod=0; .wpemod=0; .eot=1.8e-009; .vddeot=(- 1.5); .ados=1.1; .bdos=1.0; .tnom=27; .toxe=1.8e-009; .toxp=10e-010; .toxm=1.8e-009; .dtox=8e-10; .epsrox=3.9; .wint=5e-009; .lint=1e-009; .ll=0; .wl=0; .lln=1; .wln=1; .lw=0; .ww=0; .lwn=1; .wwn=1; .lwl=0; .wwl=0; .xpart=0; .toxref=1.8e-9; .phig=4.05; .epsrgate=11.7; .saref=5e-6; .sbref=5e-6; .wlod=2e-6; .ku0=4e-6; .kvsat=0.2; .kvth0=(- 2e-8); .tku0=0.0; .llodku0=1.1; .wlodku0=1.1; .llodvth=1.0; .wlodvth=1.0; .lku0=1e-6; .wku0=1e-6; .pku0=0.0; .lkvth0=1.1e-6; .wkvth0=1.1e-6; .pkvth0=0.0; .stk2=0.0; .lodk2=1.0; .steta0=0.0; .lodeta0=1.0; .lambda=4e-10; .vsat=1.1e+005; .vtl=2.0e5; .xn=6.0; .lc=5e-9; .rnoia=0.577; .rnoib=0.37; .tvoff=0.0; .tvfbsdoff=0.0; .vth0=(- 0.25); .k1=0.35; .k2=0.05; .k3=0; .k3b=0; .w0=2.5e-006; .dvt0=1.8; .dvt1=0.52; .dvt2=(- 0.032); .dvt0w=0; .dvt1w=0; .dvt2w=0; .dsub=2; .minv=0.05; .voffl=0; .dvtp0=1e-007; .minvcv=2; .voffcvl=0; .dvtp1=0.05; .lpe0=5.75e-008; .lpeb=2.3e-010; .xj=2e-008; .ngate=5e+020; .ndep=2.8e+018; .nsd=1e+020; .phin=0; .cdsc=0.0002; .cdscb=0; .cdscd=0; .cit=0; .voff=(- 0.15); .nfactor=1.2; .eta0=0.05; .etab=0; .vfb=0.55; .u0=0.0095; .ua=5.0e-011; .ub=3.5e-018; .uc=(- 3e-011); .a0=2; .ags=1e-020; .a1=0; .a2=1; .b0=(- 1e-020); .b1=0; .keta=0.04; .dwg=0; .dwb=0; .pclm=0.08; .pdiblc1=0.028; .pdiblc2=0.022; .pdiblcb=(- 0.005); .drout=0.45; .pvag=1e-020; .delta=0.01; .pscbe1=8.14e+008; .pscbe2=5e-008; .fprout=0.2; .pdits=0.2; .pditsd=0.23; .pditsl=2.3e+006; .rsh=0; .rdsw=50; .rsw=50; .rdw=50; .rdswmin=0; .rdwmin=0; .rswmin=0; .prwg=0; .prwb=6.8e-011; .wr=1; .alpha0=0.074; .alpha1=0.005; .beta0=30; .agidl=0.0002; .bgidl=2.1e+009; .cgidl=0.0002; .egidl=0.8; .agisl=0.0003; .bgisl=2.5e+009; .cgisl=0.0003; .egisl=(- 0.28); .aigbacc=0.012; .bigbacc=0.0028; .cigbacc=0.002; .nigbacc=1; .aigbinv=0.014; .bigbinv=0.004; .cigbinv=0.004; .eigbinv=1.1; .nigbinv=3; .aigc=0.012; .bigc=0.0028; .cigc=0.002; .aigs=0.012; .bigs=0.0028; .cigs=0.002; .nigc=1; .poxedge=1; .pigcd=1; .ntox=1; .aigd=0.01; .bigd=0.003; .cigd=0.0015; .xrcrg1=12; .xrcrg2=5; .cgso=6.238e-010; .cgdo=6.238e-010; .cgbo=2.56e-011; .cgdl=2.495e-10; .cgsl=2.495e-10; .ckappas=0.03; .ckappad=0.03; .acde=1; .moin=15; .noff=0.9; .voffcv=0.02; .kt1=(- 0.37); .kt1l=0.0; .kt2=(- 0.042); .ute=(- 1.5); .ua1=1e-009; .ub1=(- 3.5e-019); .uc1=0; .prt=0; .at=53000; .fnoimod=1; .tnoimod=0; .jss=0.0001; .jsws=1e-011; .jswgs=1e-010; .njs=1; .ijthsfwd=0.01; .ijthsrev=0.001; .bvs=10; .xjbvs=1; .jsd=0.0001; .jswd=1e-011; .jswgd=1e-010; .njd=1; .ijthdfwd=0.01; .ijthdrev=0.001; .bvd=10; .xjbvd=1; .pbs=1; .cjs=0.0005; .mjs=0.5; .pbsws=1; .cjsws=5e-010; .mjsws=0.33; .pbswgs=1; .cjswgs=3e-010; .mjswgs=0.33; .pbd=1; .cjd=0.0005; .mjd=0.5; .pbswd=1; .cjswd=5e-010; .mjswd=0.33; .pbswgd=1; .cjswgd=5e-010; .mjswgd=0.33; .tpb=0.005; .tcj=0.001; .tpbsw=0.005; .tcjsw=0.001; .tpbswg=0.005; .tcjswg=0.001; .xtis=3; .xtid=3; .dmcg=8e-006; .dmci=3e-006; .dmdg=2e-006; .dmcgt=1e-007; .dwj=0.0e-008; .xgw=0e-007; .xgl=0e-008; .rshg=0.4; .gbmin=1e-010; .rbpb=5; .rbpd=15; .rbps=15; .rbdb=15; .rbsb=15; .ngcon=1; .jtss=1e-4; .jtsd=1e-4; .jtssws=1e-10; .jtsswd=1e-10; .jtsswgs=1e-7; .jtsswgd=1e-7; .njts=20.0; .njtssw=15; .njtsswg=4; .vtss=10; .vtsd=10; .vtssws=10; .vtsswd=10; .njtsd=15.0; .njtsswd=20; .njtsswgd=6; .tnjts=0.1; .tnjtsd=0.05; .vtsswgs=2; .vtsswgd=2; .xtss=0.02; .xtsd=0.02; .xtssws=0.02; .xtsswd=0.02; .xtsswgs=0.02; .xtsswgd=0.02;
endparamset

parameter real L=0.09u; // MOSFET length 
parameter real WN=10.0u; // NMOS width 
parameter real WP=20.0u; // PMOS width 
parameter real VNOM=1.2; // Nominal supply (V) 
ground gnd;
vsource #(.dc(vd)) sd (.p(d),.n(gnd));
vsource #(.dc(vg)) sg (.p(g),.n(gnd));
vsource #(.dc(vb)) sb (.p(b),.n(gnd));
parameter vd = -0.1;
parameter vg = 0.0;
parameter vb = 0.0;
PMOS #(.l(L),.w(WP)) M1 (.d(d),.g(g),.s(gnd),.b(b));
#           v(b)       i(sd)      iter(0)   
 0.6        0.         0.         4.        
 0.58       0.         0.         4.        
 0.56       0.         0.         4.        
 0.54       0.         0.         4.        
 0.52       0.         0.         4.        
 0.5        0.         0.         4.        
 0.48       0.         0.         4.        
 0.46       0.         0.         4.        
 0.44       0.         0.         4.        
 0.42       0.         0.         4.        
 0.4        0.         0.         4.        
 0.38       0.         0.         4.        
 0.36       0.         0.         4.        
 0.34       0.         0.         4.        
 0.32       0.         0.         4.        
 0.3        0.         0.         4.        
 0.28       0.         0.         4.        
 0.26       0.         0.         4.        
 0.24       0.         0.         4.        
 0.22       0.         0.         4.        
 0.2        0.         0.         4.        
 0.18       0.         0.         4.        
 0.16       0.         0.         4.        
 0.14       0.         0.         4.        
 0.12       0.         0.         4.        
 0.1        0.         0.         4.        
 0.08       0.         0.         4.        
 0.06       0.         0.         4.        
 0.04       0.         1.4152E-9  4.        
 0.02       0.         2.4484E-9  4.        
 0.         0.         4.2783E-9  4.        
-0.02       0.         7.5124E-9  4.        
-0.04       0.         13.204E-9  4.        
-0.06       0.         23.167E-9  4.        
-0.08       0.         40.46E-9   4.        
-0.1        0.         70.191E-9  4.        
-0.12       0.         120.72E-9  4.        
-0.14       0.         205.39E-9  4.        
-0.16       0.         345.09E-9  4.        
-0.18       0.         571.61E-9  4.        
-0.2        0.         932.39E-9  4.        
-0.22       0.         1.4969E-6  4.        
-0.24       0.         2.3657E-6  4.        
-0.26       0.         3.6832E-6  4.        
-0.28       0.         5.6556E-6  4.        
-0.3        0.         8.573E-6   4.        
-0.32       0.         12.833E-6  4.        
-0.34       0.         18.96E-6   4.        
-0.36       0.         27.597E-6  4.        
-0.38       0.         39.471E-6  4.        
-0.4        0.         55.298E-6  4.        
-0.42       0.         75.651E-6  4.        
-0.44       0.         100.81E-6  4.        
-0.46       0.         130.65E-6  4.        
-0.48       0.         164.66E-6  4.        
-0.5        0.         202.04E-6  4.        
-0.52       0.         241.89E-6  4.        
-0.54       0.         283.35E-6  4.        
-0.56       0.         325.68E-6  4.        
-0.58       0.         368.29E-6  4.        
-0.6        0.         410.71E-6  4.        
-0.62       0.         452.6E-6   4.        
-0.64       0.         493.71E-6  4.        
-0.66       0.         533.85E-6  4.        
-0.68       0.         572.9E-6   4.        
-0.7        0.         610.78E-6  4.        
-0.72       0.         647.42E-6  4.        
-0.74       0.         682.81E-6  4.        
-0.76       0.         716.92E-6  4.        
-0.78       0.         749.77E-6  4.        
-0.8        0.         781.35E-6  4.        
-0.82       0.         811.69E-6  4.        
-0.84       0.         840.81E-6  4.        
-0.86       0.         868.73E-6  4.        
-0.88       0.         895.49E-6  4.        
-0.9        0.         921.1E-6   4.        
-0.92       0.         945.6E-6   4.        
-0.94       0.         969.02E-6  4.        
-0.96       0.         991.4E-6   4.        
-0.98       0.         0.0010128  4.        
-1.         0.         0.0010331  4.        
-1.02      -1.E-15     0.0010525  4.        
-1.04      -1.E-15     0.001071   4.        
-1.06      -1.E-15     0.0010886  4.        
-1.08      -2.E-15     0.0011053  4.        
-1.1       -2.E-15     0.0011211  4.        
-1.12      -3.E-15     0.0011361  4.        
-1.14      -5.E-15     0.0011503  4.        
-1.16      -7.E-15     0.0011637  4.        
-1.18      -9.E-15     0.0011764  4.        
-1.2       -13.E-15    0.0011883  4.        
 0.6        0.3        0.         4.        
 0.58       0.3        0.         4.        
 0.56       0.3        0.         4.        
 0.54       0.3        0.         4.        
 0.52       0.3        0.         4.        
 0.5        0.3        0.         4.        
 0.48       0.3        0.         4.        
 0.46       0.3        0.         4.        
 0.44       0.3        0.         4.        
 0.42       0.3        0.         4.        
 0.4        0.3        0.         4.        
 0.38       0.3        0.         4.        
 0.36       0.3        0.         4.        
 0.34       0.3        0.         4.        
 0.32       0.3        0.         4.        
 0.3        0.3        0.         4.        
 0.28       0.3        0.         4.        
 0.26       0.3        0.         4.        
 0.24       0.3        0.         4.        
 0.22       0.3        0.         4.        
 0.2        0.3        0.         4.        
 0.18       0.3        0.         4.        
 0.16       0.3        0.         4.        
 0.14       0.3        0.         4.        
 0.12       0.3        0.         4.        
 0.1        0.3        0.         4.        
 0.08       0.3        0.         4.        
 0.06       0.3        0.         4.        
 0.04       0.3        0.         4.        
 0.02       0.3        0.         4.        
 0.         0.3        0.         4.        
-0.02       0.3        0.         4.        
-0.04       0.3        1.568E-9   4.        
-0.06       0.3        2.7594E-9  4.        
-0.08       0.3        4.9131E-9  4.        
-0.1        0.3        8.7948E-9  4.        
-0.12       0.3        15.732E-9  4.        
-0.14       0.3        28.031E-9  4.        
-0.16       0.3        49.587E-9  4.        
-0.18       0.3        86.906E-9  4.        
-0.2        0.3        150.53E-9  4.        
-0.22       0.3        257.13E-9  4.        
-0.24       0.3        432.34E-9  4.        
-0.26       0.3        714.64E-9  4.        
-0.28       0.3        1.1606E-6  4.        
-0.3        0.3        1.8521E-6  4.        
-0.32       0.3        2.9073E-6  4.        
-0.34       0.3        4.4959E-6  4.        
-0.36       0.3        6.8588E-6  4.        
-0.38       0.3        10.331E-6  4.        
-0.4        0.3        15.362E-6  4.        
-0.42       0.3        22.517E-6  4.        
-0.44       0.3        32.449E-6  4.        
-0.46       0.3        45.821E-6  4.        
-0.48       0.3        63.186E-6  4.        
-0.5        0.3        84.842E-6  4.        
-0.52       0.3        110.72E-6  4.        
-0.54       0.3        140.39E-6  4.        
-0.56       0.3        173.13E-6  4.        
-0.58       0.3        208.15E-6  4.        
-0.6        0.3        244.66E-6  4.        
-0.62       0.3        282.01E-6  4.        
-0.64       0.3        319.66E-6  4.        
-0.66       0.3        357.19E-6  4.        
-0.68       0.3        394.3E-6   4.        
-0.7        0.3        430.77E-6  4.        
-0.72       0.3        466.42E-6  4.        
-0.74       0.3        501.16E-6  4.        
-0.76       0.3        534.89E-6  4.        
-0.78       0.3        567.59E-6  4.        
-0.8        0.3        599.22E-6  4.        
-0.82       0.3        629.76E-6  4.        
-0.84       0.3        659.23E-6  4.        
-0.86       0.3        687.61E-6  4.        
-0.88       0.3        714.93E-6  4.        
-0.9        0.3        741.21E-6  4.        
-0.92       0.3        766.45E-6  4.        
-0.94       0.3        790.69E-6  4.        
-0.96       0.3        813.95E-6  4.        
-0.98       0.3        836.25E-6  4.        
-1.         0.3        857.61E-6  4.        
-1.02       0.3        878.06E-6  4.        
-1.04       0.3        897.62E-6  4.        
-1.06       0.3        916.32E-6  4.        
-1.08       0.3        934.17E-6  4.        
-1.1        0.3        951.2E-6   4.        
-1.12       0.3        967.43E-6  4.        
-1.14       0.3        982.87E-6  4.        
-1.16       0.3        997.53E-6  4.        
-1.18       0.3        0.0010114  4.        
-1.2        0.3        0.0010246  4.        
 0.6        0.6        0.         4.        
 0.58       0.6        0.         4.        
 0.56       0.6        0.         4.        
 0.54       0.6        0.         4.        
 0.52       0.6        0.         4.        
 0.5        0.6        0.         4.        
 0.48       0.6        0.         4.        
 0.46       0.6        0.         4.        
 0.44       0.6        0.         4.        
 0.42       0.6        0.         4.        
 0.4        0.6        0.         4.        
 0.38       0.6        0.         4.        
 0.36       0.6        0.         4.        
 0.34       0.6        0.         4.        
 0.32       0.6        0.         4.        
 0.3        0.6        0.         4.        
 0.28       0.6        0.         4.        
 0.26       0.6        0.         4.        
 0.24       0.6        0.         4.        
 0.22       0.6        0.         4.        
 0.2        0.6        0.         4.        
 0.18       0.6        0.         4.        
 0.16       0.6        0.         4.        
 0.14       0.6        0.         4.        
 0.12       0.6        0.         4.        
 0.1        0.6        0.         4.        
 0.08       0.6        0.         4.        
 0.06       0.6        0.         4.        
 0.04       0.6        0.         4.        
 0.02       0.6        0.         4.        
 0.         0.6        0.         4.        
-0.02       0.6        0.         4.        
-0.04       0.6        0.         4.        
-0.06       0.6        0.         4.        
-0.08       0.6        0.         4.        
-0.1        0.6        1.2387E-9  4.        
-0.12       0.6        2.1955E-9  4.        
-0.14       0.6        3.9636E-9  4.        
-0.16       0.6        7.2123E-9  4.        
-0.18       0.6        13.124E-9  4.        
-0.2        0.6        23.751E-9  4.        
-0.22       0.6        42.628E-9  4.        
-0.24       0.6        75.655E-9  4.        
-0.26       0.6        132.47E-9  4.        
-0.28       0.6        228.32E-9  4.        
-0.3        0.6        386.68E-9  4.        
-0.32       0.6        642.7E-9   4.        
-0.34       0.6        1.048E-6   4.        
-0.36       0.6        1.6773E-6  4.        
-0.38       0.6        2.6386E-6  4.        
-0.4        0.6        4.0875E-6  4.        
-0.42       0.6        6.2458E-6  4.        
-0.44       0.6        9.4237E-6  4.        
-0.46       0.6        14.037E-6  4.        
-0.48       0.6        20.609E-6  4.        
-0.5        0.6        29.742E-6  4.        
-0.52       0.6        42.036E-6  4.        
-0.54       0.6        57.979E-6  4.        
-0.56       0.6        77.805E-6  4.        
-0.58       0.6        101.41E-6  4.        
-0.6        0.6        128.34E-6  4.        
-0.62       0.6        157.94E-6  4.        
-0.64       0.6        189.48E-6  4.        
-0.66       0.6        222.27E-6  4.        
-0.68       0.6        255.75E-6  4.        
-0.7        0.6        289.45E-6  4.        
-0.72       0.6        323.02E-6  4.        
-0.74       0.6        356.2E-6   4.        
-0.76       0.6        388.81E-6  4.        
-0.78       0.6        420.71E-6  4.        
-0.8        0.6        451.81E-6  4.        
-0.82       0.6        482.05E-6  4.        
-0.84       0.6        511.38E-6  4.        
-0.86       0.6        539.79E-6  4.        
-0.88       0.6        567.26E-6  4.        
-0.9        0.6        593.8E-6   4.        
-0.92       0.6        619.4E-6   4.        
-0.94       0.6        644.08E-6  4.        
-0.96       0.6        667.85E-6  4.        
-0.98       0.6        690.73E-6  4.        
-1.         0.6        712.73E-6  4.        
-1.02       0.6        733.86E-6  4.        
-1.04       0.6        754.16E-6  4.        
-1.06       0.6        773.63E-6  4.        
-1.08       0.6        792.29E-6  4.        
-1.1        0.6        810.16E-6  4.        
-1.12       0.6        827.26E-6  4.        
-1.14       0.6        843.6E-6   4.        
-1.16       0.6        859.19E-6  4.        
-1.18       0.6        874.05E-6  4.        
-1.2        0.6        888.18E-6  4.        
 0.6        0.9        0.         4.        
 0.58       0.9        0.         4.        
 0.56       0.9        0.         4.        
 0.54       0.9        0.         4.        
 0.52       0.9        0.         4.        
 0.5        0.9        0.         4.        
 0.48       0.9        0.         4.        
 0.46       0.9        0.         4.        
 0.44       0.9        0.         4.        
 0.42       0.9        0.         4.        
 0.4        0.9        0.         4.        
 0.38       0.9        0.         4.        
 0.36       0.9        0.         4.        
 0.34       0.9        0.         4.        
 0.32       0.9        0.         4.        
 0.3        0.9        0.         4.        
 0.28       0.9        0.         4.        
 0.26       0.9        0.         4.        
 0.24       0.9        0.         4.        
 0.22       0.9        0.         4.        
 0.2        0.9        0.         4.        
 0.18       0.9        0.         4.        
 0.16       0.9        0.         4.        
 0.14       0.9        0.         4.        
 0.12       0.9        0.         4.        
 0.1        0.9        0.         4.        
 0.08       0.9        0.         4.        
 0.06       0.9        0.         4.        
 0.04       0.9        0.         4.        
 0.02       0.9        0.         4.        
 0.         0.9        0.         4.        
-0.02       0.9        0.         4.        
-0.04       0.9        0.         4.        
-0.06       0.9        0.         4.        
-0.08       0.9        0.         4.        
-0.1        0.9        0.         4.        
-0.12       0.9        0.         4.        
-0.14       0.9        0.         4.        
-0.16       0.9        1.0932E-9  4.        
-0.18       0.9        1.9772E-9  4.        
-0.2        0.9        3.6634E-9  4.        
-0.22       0.9        6.8212E-9  4.        
-0.24       0.9        12.664E-9  4.        
-0.26       0.9        23.287E-9  4.        
-0.28       0.9        42.31E-9   4.        
-0.3        0.9        75.774E-9  4.        
-0.32       0.9        133.49E-9  4.        
-0.34       0.9        230.91E-9  4.        
-0.36       0.9        391.62E-9  4.        
-0.38       0.9        650.73E-9  4.        
-0.4        0.9        1.0595E-6  4.        
-0.42       0.9        1.6922E-6  4.        
-0.44       0.9        2.6564E-6  4.        
-0.46       0.9        4.107E-6   4.        
-0.48       0.9        6.2657E-6  4.        
-0.5        0.9        9.4406E-6  4.        
-0.52       0.9        14.04E-6   4.        
-0.54       0.9        20.569E-6  4.        
-0.56       0.9        29.588E-6  4.        
-0.58       0.9        41.63E-6   4.        
-0.6        0.9        57.083E-6  4.        
-0.62       0.9        76.066E-6  4.        
-0.64       0.9        98.376E-6  4.        
-0.66       0.9        123.53E-6  4.        
-0.68       0.9        150.88E-6  4.        
-0.7        0.9        179.79E-6  4.        
-0.72       0.9        209.65E-6  4.        
-0.74       0.9        240.E-6    4.        
-0.76       0.9        270.46E-6  4.        
-0.78       0.9        300.73E-6  4.        
-0.8        0.9        330.62E-6  4.        
-0.82       0.9        359.98E-6  4.        
-0.84       0.9        388.69E-6  4.        
-0.86       0.9        416.69E-6  4.        
-0.88       0.9        443.92E-6  4.        
-0.9        0.9        470.36E-6  4.        
-0.92       0.9        495.98E-6  4.        
-0.94       0.9        520.78E-6  4.        
-0.96       0.9        544.76E-6  4.        
-0.98       0.9        567.92E-6  4.        
-1.         0.9        590.27E-6  4.        
-1.02       0.9        611.82E-6  4.        
-1.04       0.9        632.57E-6  4.        
-1.06       0.9        652.55E-6  4.        
-1.08       0.9        671.76E-6  4.        
-1.1        0.9        690.22E-6  4.        
-1.12       0.9        707.94E-6  4.        
-1.14       0.9        724.92E-6  4.        
-1.16       0.9        741.19E-6  4.        
-1.18       0.9        756.74E-6  4.        
-1.2        0.9        771.59E-6  4.        
 0.6        1.2        0.         4.        
 0.58       1.2        0.         4.        
 0.56       1.2        0.         4.        
 0.54       1.2        0.         4.        
 0.52       1.2        0.         4.        
 0.5        1.2        0.         4.        
 0.48       1.2        0.         4.        
 0.46       1.2        0.         4.        
 0.44       1.2        0.         4.        
 0.42       1.2        0.         4.        
 0.4        1.2        0.         4.        
 0.38       1.2        0.         4.        
 0.36       1.2        0.         4.        
 0.34       1.2        0.         4.        
 0.32       1.2        0.         4.        
 0.3        1.2        0.         4.        
 0.28       1.2        0.         4.        
 0.26       1.2        0.         4.        
 0.24       1.2        0.         4.        
 0.22       1.2        0.         4.        
 0.2        1.2        0.         4.        
 0.18       1.2        0.         4.        
 0.16       1.2        0.         4.        
 0.14       1.2        0.         4.        
 0.12       1.2        0.         4.        
 0.1        1.2        0.         4.        
 0.08       1.2        0.         4.        
 0.06       1.2        0.         4.        
 0.04       1.2        0.         4.        
 0.02       1.2        0.         4.        
 0.         1.2        0.         4.        
-0.02       1.2        0.         4.        
-0.04       1.2        0.         4.        
-0.06       1.2        0.         4.        
-0.08       1.2        0.         4.        
-0.1        1.2        0.         4.        
-0.12       1.2        0.         4.        
-0.14       1.2        0.         4.        
-0.16       1.2        0.         4.        
-0.18       1.2        0.         4.        
-0.2        1.2        0.         4.        
-0.22       1.2        1.0114E-9  4.        
-0.24       1.2        1.9136E-9  4.        
-0.26       1.2        3.7071E-9  4.        
-0.28       1.2        7.1559E-9  4.        
-0.3        1.2        13.628E-9  4.        
-0.32       1.2        25.504E-9  4.        
-0.34       1.2        46.864E-9  4.        
-0.36       1.2        84.465E-9  4.        
-0.38       1.2        149.13E-9  4.        
-0.4        1.2        257.74E-9  4.        
-0.42       1.2        435.67E-9  4.        
-0.44       1.2        720.4E-9   4.        
-0.46       1.2        1.1664E-6  4.        
-0.48       1.2        1.8525E-6  4.        
-0.5        1.2        2.8934E-6  4.        
-0.52       1.2        4.4544E-6  4.        
-0.54       1.2        6.7706E-6  4.        
-0.56       1.2        10.164E-6  4.        
-0.58       1.2        15.052E-6  4.        
-0.6        1.2        21.927E-6  4.        
-0.62       1.2        31.308E-6  4.        
-0.64       1.2        43.637E-6  4.        
-0.66       1.2        59.169E-6  4.        
-0.68       1.2        77.876E-6  4.        
-0.7        1.2        99.438E-6  4.        
-0.72       1.2        123.33E-6  4.        
-0.74       1.2        148.95E-6  4.        
-0.76       1.2        175.72E-6  4.        
-0.78       1.2        203.17E-6  4.        
-0.8        1.2        230.89E-6  4.        
-0.82       1.2        258.6E-6   4.        
-0.84       1.2        286.07E-6  4.        
-0.86       1.2        313.14E-6  4.        
-0.88       1.2        339.7E-6   4.        
-0.9        1.2        365.66E-6  4.        
-0.92       1.2        390.97E-6  4.        
-0.94       1.2        415.6E-6   4.        
-0.96       1.2        439.51E-6  4.        
-0.98       1.2        462.7E-6   4.        
-1.         1.2        485.15E-6  4.        
-1.02       1.2        506.88E-6  4.        
-1.04       1.2        527.87E-6  4.        
-1.06       1.2        548.14E-6  4.        
-1.08       1.2        567.69E-6  4.        
-1.1        1.2        586.52E-6  4.        
-1.12       1.2        604.65E-6  4.        
-1.14       1.2        622.09E-6  4.        
-1.16       1.2        638.83E-6  4.        
-1.18       1.2        654.89E-6  4.        
-1.2        1.2        670.27E-6  4.        
Gnucap   System status
iterations: op=0, dc=1820, tran=0, fourier=0, total=1820
transient timesteps: accepted=0, rejected=0, total=0
nodes: user=3, subckt=0, model=18, total=21
dctran density=37.0%, ac density=37.0%
