Gnucap : The Gnu Circuit Analysis Package.
Copyright 1982-2025, Albert Davis
          2020-2025, Felix Salfelder
The development of Gnucap is funded by NLnet with support from the EC.
Gnucap comes with ABSOLUTELY NO WARRANTY. This is free software,
and you are welcome to redistribute it under the terms of the GNU
General Public License version 3 or later. See "COPYING" for details.
main version: modelgen 2025.12.18
core-lib version: modelgen 2025.12.18
default plugins: modelgen 2025.12.18
param: already installed, replacing
stashing as param:0
parameters: already installed, replacing
stashing as parameters:0
parameter: already installed, replacing
stashing as parameter:0
logic: already installed, replacing
stashing as logic:0
spice: already installed, replacing
stashing as spice:0
acs: already installed, replacing
stashing as acs:0
;: already installed, replacing
stashing as ;:0
#: already installed, replacing
stashing as #:0
*: already installed, replacing
stashing as *:0
': already installed, replacing
stashing as ':0
": already installed, replacing
stashing as ":0
dev_comment: already installed, replacing
stashing as dev_comment:0
.model: already installed, replacing
stashing as .model:0
.subckt: already installed, replacing
stashing as .subckt:0
.macro: already installed, replacing
stashing as .macro:0
.lib: already installed, replacing
stashing as .lib:0
lib: already installed, replacing
stashing as lib:0
.include: already installed, replacing
stashing as .include:0
.merge: already installed, replacing
stashing as .merge:0
merge: already installed, replacing
stashing as merge:0
<: already installed, replacing
stashing as <:0
.get: already installed, replacing
stashing as .get:0
get: already installed, replacing
stashing as get:0
.build: already installed, replacing
stashing as .build:0
build: already installed, replacing
stashing as build:0
spice: already installed, replacing
stashing as spice:0
`spice: already installed, replacing
stashing as `spice:0
acs: already installed, replacing
stashing as acs:0
.endc: already installed, replacing
stashing as .endc:0
.control: already installed, replacing
stashing as .control:0
verilog: already installed, replacing
stashing as verilog:0
paramset: already installed, replacing
stashing as paramset:0
module: already installed, replacing
stashing as module:0
macromodule: already installed, replacing
stashing as macromodule:0
verilog: already installed, replacing
stashing as verilog:0
quit: already installed, replacing
stashing as quit:0
exit: already installed, replacing
stashing as exit:0
detach_all: already installed, replacing
stashing as detach_all:0
paramset NMOS bsim4va;
  parameter real l=0.09u;
  parameter real w=10.0u;
 .l=l; .w=w; .type=1; .level=14; .version=4.80; .binunit=1; .paramchk=1; .mobmod=0; .capmod=1; .igcmod=1; .igbmod=1; .geomod=1; .diomod=1; .rdsmod=0; .rbodymod=0; .rgatemod=1; .permod=1; .acnqsmod=0; .trnqsmod=0; .tempmod=0; .mtrlmod=1; .cvchargemod=0; .mtrlcompatmod=1; .gidlmod=0; .wpemod=0; .eot=1.8e-009; .vddeot=1.5; .ados=1.1; .bdos=1.0; .tnom=25; .toxe=1.8e-009; .toxp=10e-010; .toxm=1.8e-009; .dtox=8e-10; .epsrox=3.9; .wint=5e-009; .lint=1e-009; .ll=0; .wl=0; .lln=1; .wln=1; .lw=0; .ww=0; .lwn=1; .wwn=1; .lwl=0; .wwl=0; .xpart=1; .toxref=1.4e-009; .phig=4.05; .epsrgate=11.7; .saref=5e-6; .sbref=5e-6; .wlod=2e-6; .ku0=(- 4e-6); .kvsat=0.2; .kvth0=(- 2e-8); .tku0=0.0; .llodku0=1.1; .wlodku0=1.1; .llodvth=1.0; .wlodvth=1.0; .lku0=1e-6; .wku0=1e-6; .pku0=0.0; .lkvth0=1.1e-6; .wkvth0=1.1e-6; .pkvth0=0.0; .stk2=0.0; .lodk2=1.0; .steta0=0.0; .lodeta0=1.0; .lambda=4e-10; .vsat=1.1e+005; .vtl=2.0e5; .xn=6.0; .lc=5e-9; .rnoia=0.577; .rnoib=0.37; .tvoff=0.0; .tvfbsdoff=0.0; .vth0=0.25; .k1=0.35; .k2=0.05; .k3=0; .k3b=0; .w0=2.5e-006; .dvt0=1.8; .dvt1=0.52; .dvt2=(- 0.032); .dvt0w=0; .dvt1w=0; .dvt2w=0; .dsub=2; .minv=0.05; .voffl=0; .dvtp0=1e-007; .minvcv=2; .voffcvl=0; .dvtp1=0.05; .lpe0=5.75e-008; .lpeb=2.3e-010; .xj=2e-008; .ngate=5e+020; .ndep=2.8e+018; .nsd=1e+020; .phin=0; .cdsc=0.0002; .cdscb=0; .cdscd=0; .cit=0; .voff=(- 0.15); .nfactor=1.2; .eta0=0.05; .etab=0; .vfb=(- 0.55); .u0=0.032; .ua=5.0e-011; .ub=3.5e-018; .uc=(- 3e-011); .a0=2; .ags=1e-020; .a1=0; .a2=1; .b0=(- 1e-020); .b1=0; .keta=0.04; .dwg=0; .dwb=0; .pclm=0.08; .pdiblc1=0.028; .pdiblc2=0.022; .pdiblcb=(- 0.005); .drout=0.45; .pvag=1e-020; .delta=0.01; .pscbe1=8.14e+008; .pscbe2=5e-008; .fprout=0.2; .pdits=0.2; .pditsd=0.23; .pditsl=2.3e+006; .rsh=0; .rdsw=50; .rsw=50; .rdw=50; .rdswmin=0; .rdwmin=0; .rswmin=0; .prwg=0; .prwb=6.8e-011; .wr=1; .alpha0=0.074; .alpha1=0.005; .beta0=30; .agidl=0.0001; .bgidl=2.1e+009; .cgidl=0.0001; .egidl=0.8; .agisl=0.0002; .bgisl=2.1e+009; .cgisl=0.0002; .egisl=(- 0.28); .aigbacc=0.012; .bigbacc=0.0028; .cigbacc=0.002; .nigbacc=1; .aigbinv=0.014; .bigbinv=0.004; .cigbinv=0.004; .eigbinv=1.1; .nigbinv=3; .aigc=0.012; .bigc=0.0028; .cigc=0.002; .aigs=0.012; .bigs=0.0028; .cigs=0.002; .nigc=1; .poxedge=1; .pigcd=1; .ntox=1; .aigd=0.01; .bigd=0.003; .cigd=0.0015; .xrcrg1=12; .xrcrg2=5; .cgso=6.238e-010; .cgdo=6.238e-010; .cgbo=2.56e-011; .cgdl=2.495e-10; .cgsl=2.495e-10; .ckappas=0.03; .ckappad=0.03; .acde=1; .moin=15; .noff=0.9; .voffcv=(- 0.02); .kt1=(- 0.37); .kt1l=0.0; .kt2=(- 0.042); .ute=(- 1.5); .ua1=1e-009; .ub1=(- 3.5e-019); .uc1=0; .prt=0; .at=53000; .fnoimod=1; .tnoimod=0; .jss=0.0001; .jsws=1e-011; .jswgs=1e-010; .njs=1; .ijthsfwd=0.01; .ijthsrev=0.001; .bvs=10; .xjbvs=1; .jsd=0.0001; .jswd=1e-011; .jswgd=1e-010; .njd=1; .ijthdfwd=0.01; .ijthdrev=0.001; .bvd=10; .xjbvd=1; .pbs=1; .cjs=0.0005; .mjs=0.5; .pbsws=1; .cjsws=5e-010; .mjsws=0.33; .pbswgs=1; .cjswgs=3e-010; .mjswgs=0.33; .pbd=1; .cjd=0.0005; .mjd=0.5; .pbswd=1; .cjswd=5e-010; .mjswd=0.33; .pbswgd=1; .cjswgd=5e-010; .mjswgd=0.33; .tpb=0.005; .tcj=0.001; .tpbsw=0.005; .tcjsw=0.001; .tpbswg=0.005; .tcjswg=0.001; .xtis=3; .xtid=3; .dmcg=8e-006; .dmci=3e-006; .dmdg=2e-006; .dmcgt=1e-007; .dwj=0.0e-008; .xgw=0e-007; .xgl=0e-008; .rshg=0.4; .gbmin=1e-010; .rbpb=5; .rbpd=15; .rbps=15; .rbdb=15; .rbsb=15; .ngcon=1; .jtss=1e-4; .jtsd=1e-4; .jtssws=1e-10; .jtsswd=1e-10; .jtsswgs=1e-7; .jtsswgd=1e-7; .njts=20.0; .njtssw=15; .njtsswg=6; .vtss=10; .vtsd=10; .vtssws=10; .vtsswd=10; .njtsd=15.0; .njtsswd=20; .njtsswgd=6; .tnjts=0.1; .tnjtsd=0.05; .vtsswgs=2; .vtsswgd=2; .xtss=0.02; .xtsd=0.02; .xtssws=0.02; .xtsswd=0.02; .xtsswgs=0.02; .xtsswgd=0.02;
endparamset

paramset PMOS bsim4va;
  parameter real l=0.09u;
  parameter real w=10.0u;
 .l=l; .w=w; .type=(- 1); .level=14; .version=4.80; .binunit=1; .paramchk=1; .mobmod=0; .capmod=1; .igcmod=1; .igbmod=1; .geomod=1; .diomod=1; .rdsmod=0; .rbodymod=0; .rgatemod=1; .permod=1; .acnqsmod=0; .trnqsmod=0; .tempmod=0; .mtrlmod=1; .cvchargemod=0; .mtrlcompatmod=1; .gidlmod=0; .wpemod=0; .eot=1.8e-009; .vddeot=(- 1.5); .ados=1.1; .bdos=1.0; .tnom=27; .toxe=1.8e-009; .toxp=10e-010; .toxm=1.8e-009; .dtox=8e-10; .epsrox=3.9; .wint=5e-009; .lint=1e-009; .ll=0; .wl=0; .lln=1; .wln=1; .lw=0; .ww=0; .lwn=1; .wwn=1; .lwl=0; .wwl=0; .xpart=0; .toxref=1.8e-9; .phig=4.05; .epsrgate=11.7; .saref=5e-6; .sbref=5e-6; .wlod=2e-6; .ku0=4e-6; .kvsat=0.2; .kvth0=(- 2e-8); .tku0=0.0; .llodku0=1.1; .wlodku0=1.1; .llodvth=1.0; .wlodvth=1.0; .lku0=1e-6; .wku0=1e-6; .pku0=0.0; .lkvth0=1.1e-6; .wkvth0=1.1e-6; .pkvth0=0.0; .stk2=0.0; .lodk2=1.0; .steta0=0.0; .lodeta0=1.0; .lambda=4e-10; .vsat=1.1e+005; .vtl=2.0e5; .xn=6.0; .lc=5e-9; .rnoia=0.577; .rnoib=0.37; .tvoff=0.0; .tvfbsdoff=0.0; .vth0=(- 0.25); .k1=0.35; .k2=0.05; .k3=0; .k3b=0; .w0=2.5e-006; .dvt0=1.8; .dvt1=0.52; .dvt2=(- 0.032); .dvt0w=0; .dvt1w=0; .dvt2w=0; .dsub=2; .minv=0.05; .voffl=0; .dvtp0=1e-007; .minvcv=2; .voffcvl=0; .dvtp1=0.05; .lpe0=5.75e-008; .lpeb=2.3e-010; .xj=2e-008; .ngate=5e+020; .ndep=2.8e+018; .nsd=1e+020; .phin=0; .cdsc=0.0002; .cdscb=0; .cdscd=0; .cit=0; .voff=(- 0.15); .nfactor=1.2; .eta0=0.05; .etab=0; .vfb=0.55; .u0=0.0095; .ua=5.0e-011; .ub=3.5e-018; .uc=(- 3e-011); .a0=2; .ags=1e-020; .a1=0; .a2=1; .b0=(- 1e-020); .b1=0; .keta=0.04; .dwg=0; .dwb=0; .pclm=0.08; .pdiblc1=0.028; .pdiblc2=0.022; .pdiblcb=(- 0.005); .drout=0.45; .pvag=1e-020; .delta=0.01; .pscbe1=8.14e+008; .pscbe2=5e-008; .fprout=0.2; .pdits=0.2; .pditsd=0.23; .pditsl=2.3e+006; .rsh=0; .rdsw=50; .rsw=50; .rdw=50; .rdswmin=0; .rdwmin=0; .rswmin=0; .prwg=0; .prwb=6.8e-011; .wr=1; .alpha0=0.074; .alpha1=0.005; .beta0=30; .agidl=0.0002; .bgidl=2.1e+009; .cgidl=0.0002; .egidl=0.8; .agisl=0.0003; .bgisl=2.5e+009; .cgisl=0.0003; .egisl=(- 0.28); .aigbacc=0.012; .bigbacc=0.0028; .cigbacc=0.002; .nigbacc=1; .aigbinv=0.014; .bigbinv=0.004; .cigbinv=0.004; .eigbinv=1.1; .nigbinv=3; .aigc=0.012; .bigc=0.0028; .cigc=0.002; .aigs=0.012; .bigs=0.0028; .cigs=0.002; .nigc=1; .poxedge=1; .pigcd=1; .ntox=1; .aigd=0.01; .bigd=0.003; .cigd=0.0015; .xrcrg1=12; .xrcrg2=5; .cgso=6.238e-010; .cgdo=6.238e-010; .cgbo=2.56e-011; .cgdl=2.495e-10; .cgsl=2.495e-10; .ckappas=0.03; .ckappad=0.03; .acde=1; .moin=15; .noff=0.9; .voffcv=0.02; .kt1=(- 0.37); .kt1l=0.0; .kt2=(- 0.042); .ute=(- 1.5); .ua1=1e-009; .ub1=(- 3.5e-019); .uc1=0; .prt=0; .at=53000; .fnoimod=1; .tnoimod=0; .jss=0.0001; .jsws=1e-011; .jswgs=1e-010; .njs=1; .ijthsfwd=0.01; .ijthsrev=0.001; .bvs=10; .xjbvs=1; .jsd=0.0001; .jswd=1e-011; .jswgd=1e-010; .njd=1; .ijthdfwd=0.01; .ijthdrev=0.001; .bvd=10; .xjbvd=1; .pbs=1; .cjs=0.0005; .mjs=0.5; .pbsws=1; .cjsws=5e-010; .mjsws=0.33; .pbswgs=1; .cjswgs=3e-010; .mjswgs=0.33; .pbd=1; .cjd=0.0005; .mjd=0.5; .pbswd=1; .cjswd=5e-010; .mjswd=0.33; .pbswgd=1; .cjswgd=5e-010; .mjswgd=0.33; .tpb=0.005; .tcj=0.001; .tpbsw=0.005; .tcjsw=0.001; .tpbswg=0.005; .tcjswg=0.001; .xtis=3; .xtid=3; .dmcg=8e-006; .dmci=3e-006; .dmdg=2e-006; .dmcgt=1e-007; .dwj=0.0e-008; .xgw=0e-007; .xgl=0e-008; .rshg=0.4; .gbmin=1e-010; .rbpb=5; .rbpd=15; .rbps=15; .rbdb=15; .rbsb=15; .ngcon=1; .jtss=1e-4; .jtsd=1e-4; .jtssws=1e-10; .jtsswd=1e-10; .jtsswgs=1e-7; .jtsswgd=1e-7; .njts=20.0; .njtssw=15; .njtsswg=4; .vtss=10; .vtsd=10; .vtssws=10; .vtsswd=10; .njtsd=15.0; .njtsswd=20; .njtsswgd=6; .tnjts=0.1; .tnjtsd=0.05; .vtsswgs=2; .vtsswgd=2; .xtss=0.02; .xtsd=0.02; .xtssws=0.02; .xtsswd=0.02; .xtsswgs=0.02; .xtsswgd=0.02;
endparamset

parameter real L=0.09u; // MOSFET length 
parameter real WN=10.0u; // NMOS width 
parameter real WP=20.0u; // PMOS width 
parameter real VNOM=1.2; // Nominal supply (V) 
ground gnd;
vsource #(.dc(vd)) sd (.p(d),.n(gnd));
vsource #(.dc(vg)) sg (.p(g),.n(gnd));
vsource #(.dc(vb)) sb (.p(b),.n(gnd));
parameter vd = 0.1;
parameter vg = 0.0;
parameter vb = 0.0;
NMOS #(.l(L),.w(WN)) M1 (.d(d),.g(g),.s(gnd),.b(b));
#           v(b)       i(sd)      iter(0)   
-0.6        0.        -14.355E-9  4.        
-0.58       0.        -12.502E-9  4.        
-0.56       0.        -10.868E-9  4.        
-0.54       0.        -9.4315E-9  4.        
-0.52       0.        -8.1691E-9  4.        
-0.5        0.        -7.0613E-9  4.        
-0.48       0.        -6.09E-9    4.        
-0.46       0.        -5.2387E-9  4.        
-0.44       0.        -4.4965E-9  4.        
-0.42       0.        -3.849E-9   4.        
-0.4        0.        -3.2851E-9  4.        
-0.38       0.        -2.794E-9   4.        
-0.36       0.        -2.3701E-9  4.        
-0.34       0.        -2.0027E-9  4.        
-0.32       0.        -1.6826E-9  4.        
-0.3        0.        -1.4115E-9  4.        
-0.28       0.        -1.1769E-9  4.        
-0.26       0.         0.         4.        
-0.24       0.         0.         4.        
-0.22       0.         0.         4.        
-0.2        0.         0.         4.        
-0.18       0.         0.         4.        
-0.16       0.         0.         4.        
-0.14       0.         0.         4.        
-0.12       0.         0.         4.        
-0.1        0.         0.         4.        
-0.08       0.         0.         4.        
-0.06       0.        -1.3952E-9  4.        
-0.04       0.        -2.3992E-9  4.        
-0.02       0.        -4.2091E-9  4.        
 0.         0.        -7.4378E-9  4.        
 0.02       0.        -13.166E-9  4.        
 0.04       0.        -23.245E-9  4.        
 0.06       0.        -40.86E-9   4.        
 0.08       0.        -71.395E-9  4.        
 0.1        0.        -123.79E-9  4.        
 0.12       0.        -212.64E-9  4.        
 0.14       0.        -361.17E-9  4.        
 0.16       0.        -605.54E-9  4.        
 0.18       0.        -1.0006E-6  4.        
 0.2        0.        -1.6279E-6  4.        
 0.22       0.        -2.606E-6   4.        
 0.24       0.        -4.1062E-6  4.        
 0.26       0.        -6.3725E-6  4.        
 0.28       0.        -9.7507E-6  4.        
 0.3        0.        -14.722E-6  4.        
 0.32       0.        -21.937E-6  4.        
 0.34       0.        -32.234E-6  4.        
 0.36       0.        -46.611E-6  4.        
 0.38       0.        -66.144E-6  4.        
 0.4        0.        -91.846E-6  4.        
 0.42       0.        -124.46E-6  4.        
 0.44       0.        -164.26E-6  4.        
 0.46       0.        -210.96E-6  4.        
 0.48       0.        -263.68E-6  4.        
 0.5        0.        -321.23E-6  4.        
 0.52       0.        -382.24E-6  4.        
 0.54       0.        -445.41E-6  4.        
 0.56       0.        -509.66E-6  4.        
 0.58       0.        -574.1E-6   4.        
 0.6        0.        -638.04E-6  4.        
 0.62       0.        -700.98E-6  4.        
 0.64       0.        -762.57E-6  4.        
 0.66       0.        -822.56E-6  4.        
 0.68       0.        -880.77E-6  4.        
 0.7        0.        -937.11E-6  4.        
 0.72       0.        -991.52E-6  4.        
 0.74       0.        -0.001044   4.        
 0.76       0.        -0.0010944  4.        
 0.78       0.        -0.001143   4.        
 0.8        0.        -0.0011896  4.        
 0.82       0.        -0.0012344  4.        
 0.84       0.        -0.0012773  4.        
 0.86       0.        -0.0013184  4.        
 0.88       0.        -0.0013578  4.        
 0.9        0.        -0.0013955  4.        
 0.92       0.        -0.0014316  4.        
 0.94       0.        -0.0014661  4.        
 0.96       0.        -0.0014991  4.        
 0.98       0.        -0.0015307  4.        
 1.         0.        -0.0015608  4.        
 1.02       0.        -0.0015896  4.        
 1.04       0.        -0.0016171  4.        
 1.06       0.        -0.0016433  4.        
 1.08       1.E-15    -0.0016682  4.        
 1.1        1.E-15    -0.0016921  4.        
 1.12       1.E-15    -0.0017148  4.        
 1.14       2.E-15    -0.0017364  4.        
 1.16       2.E-15    -0.0017569  4.        
 1.18       3.E-15    -0.0017765  4.        
 1.2        4.E-15    -0.0017951  4.        
-0.6       -0.3       -14.368E-9  5.        
-0.58      -0.3       -12.516E-9  4.        
-0.56      -0.3       -10.883E-9  4.        
-0.54      -0.3       -9.4478E-9  4.        
-0.52      -0.3       -8.1836E-9  4.        
-0.5       -0.3       -7.0777E-9  4.        
-0.48      -0.3       -6.1045E-9  4.        
-0.46      -0.3       -5.2569E-9  4.        
-0.44      -0.3       -4.5129E-9  4.        
-0.42      -0.3       -3.8654E-9  4.        
-0.4       -0.3       -3.3015E-9  4.        
-0.38      -0.3       -2.8103E-9  4.        
-0.36      -0.3       -2.3829E-9  4.        
-0.34      -0.3       -2.0154E-9  4.        
-0.32      -0.3       -1.6989E-9  4.        
-0.3       -0.3       -1.4261E-9  4.        
-0.28      -0.3       -1.1878E-9  4.        
-0.26      -0.3        0.         4.        
-0.24      -0.3        0.         4.        
-0.22      -0.3        0.         4.        
-0.2       -0.3        0.         4.        
-0.18      -0.3        0.         4.        
-0.16      -0.3        0.         4.        
-0.14      -0.3        0.         4.        
-0.12      -0.3        0.         4.        
-0.1       -0.3        0.         4.        
-0.08      -0.3        0.         4.        
-0.06      -0.3        0.         4.        
-0.04      -0.3        0.         4.        
-0.02      -0.3        0.         4.        
 0.        -0.3        0.         4.        
 0.02      -0.3       -1.4752E-9  4.        
 0.04      -0.3       -2.6503E-9  4.        
 0.06      -0.3       -4.7839E-9  4.        
 0.08      -0.3       -8.6384E-9  4.        
 0.1       -0.3       -15.554E-9  4.        
 0.12      -0.3       -27.876E-9  4.        
 0.14      -0.3       -49.647E-9  4.        
 0.16      -0.3       -87.708E-9  4.        
 0.18      -0.3       -153.4E-9   4.        
 0.2       -0.3       -265.09E-9  4.        
 0.22      -0.3       -451.64E-9  4.        
 0.24      -0.3       -757.33E-9  4.        
 0.26      -0.3       -1.2482E-6  4.        
 0.28      -0.3       -2.0211E-6  4.        
 0.3       -0.3       -3.2155E-6  4.        
 0.32      -0.3       -5.032E-6   4.        
 0.34      -0.3       -7.7561E-6  4.        
 0.36      -0.3       -11.788E-6  4.        
 0.38      -0.3       -17.676E-6  4.        
 0.4       -0.3       -26.137E-6  4.        
 0.42      -0.3       -38.055E-6  4.        
 0.44      -0.3       -54.413E-6  4.        
 0.46      -0.3       -76.167E-6  4.        
 0.48      -0.3       -104.06E-6  4.        
 0.5       -0.3       -138.44E-6  4.        
 0.52      -0.3       -179.09E-6  4.        
 0.54      -0.3       -225.31E-6  4.        
 0.56      -0.3       -276.E-6    4.        
 0.58      -0.3       -329.95E-6  4.        
 0.6       -0.3       -385.98E-6  4.        
 0.62      -0.3       -443.1E-6   4.        
 0.64      -0.3       -500.5E-6   4.        
 0.66      -0.3       -557.56E-6  4.        
 0.68      -0.3       -613.83E-6  4.        
 0.7       -0.3       -668.99E-6  4.        
 0.72      -0.3       -722.8E-6   4.        
 0.74      -0.3       -775.12E-6  4.        
 0.76      -0.3       -825.85E-6  4.        
 0.78      -0.3       -874.93E-6  4.        
 0.8       -0.3       -922.33E-6  4.        
 0.82      -0.3       -968.05E-6  4.        
 0.84      -0.3       -0.0010121  4.        
 0.86      -0.3       -0.0010545  4.        
 0.88      -0.3       -0.0010953  4.        
 0.9       -0.3       -0.0011345  4.        
 0.92      -0.3       -0.0011721  4.        
 0.94      -0.3       -0.0012083  4.        
 0.96      -0.3       -0.001243   4.        
 0.98      -0.3       -0.0012763  4.        
 1.        -0.3       -0.0013082  4.        
 1.02      -0.3       -0.0013388  4.        
 1.04      -0.3       -0.0013681  4.        
 1.06      -0.3       -0.0013962  4.        
 1.08      -0.3       -0.0014231  4.        
 1.1       -0.3       -0.0014488  4.        
 1.12      -0.3       -0.0014734  4.        
 1.14      -0.3       -0.001497   4.        
 1.16      -0.3       -0.0015195  4.        
 1.18      -0.3       -0.0015411  4.        
 1.2       -0.3       -0.0015616  4.        
-0.6       -0.6       -14.395E-9  5.        
-0.58      -0.6       -12.544E-9  4.        
-0.56      -0.6       -10.912E-9  4.        
-0.54      -0.6       -9.4751E-9  4.        
-0.52      -0.6       -8.2109E-9  4.        
-0.5       -0.6       -7.1032E-9  4.        
-0.48      -0.6       -6.1318E-9  4.        
-0.46      -0.6       -5.2823E-9  4.        
-0.44      -0.6       -4.5384E-9  4.        
-0.42      -0.6       -3.8926E-9  4.        
-0.4       -0.6       -3.3251E-9  4.        
-0.38      -0.6       -2.8358E-9  4.        
-0.36      -0.6       -2.412E-9   4.        
-0.34      -0.6       -2.0445E-9  4.        
-0.32      -0.6       -1.7262E-9  4.        
-0.3       -0.6       -1.4516E-9  4.        
-0.28      -0.6       -1.2169E-9  4.        
-0.26      -0.6       -1.0168E-9  4.        
-0.24      -0.6        0.         4.        
-0.22      -0.6        0.         4.        
-0.2       -0.6        0.         4.        
-0.18      -0.6        0.         4.        
-0.16      -0.6        0.         4.        
-0.14      -0.6        0.         4.        
-0.12      -0.6        0.         4.        
-0.1       -0.6        0.         4.        
-0.08      -0.6        0.         4.        
-0.06      -0.6        0.         4.        
-0.04      -0.6        0.         4.        
-0.02      -0.6        0.         4.        
 0.        -0.6        0.         4.        
 0.02      -0.6        0.         4.        
 0.04      -0.6        0.         4.        
 0.06      -0.6        0.         4.        
 0.08      -0.6       -1.1842E-9  4.        
 0.1       -0.6       -2.1446E-9  4.        
 0.12      -0.6       -3.9108E-9  4.        
 0.14      -0.6       -7.1359E-9  4.        
 0.16      -0.6       -12.995E-9  4.        
 0.18      -0.6       -23.567E-9  4.        
 0.2       -0.6       -42.464E-9  4.        
 0.22      -0.6       -75.861E-9  4.        
 0.24      -0.6       -134.05E-9  4.        
 0.26      -0.6       -233.77E-9  4.        
 0.28      -0.6       -401.43E-9  4.        
 0.3       -0.6       -677.48E-9  4.        
 0.32      -0.6       -1.1223E-6  4.        
 0.34      -0.6       -1.8241E-6  4.        
 0.36      -0.6       -2.9098E-6  4.        
 0.38      -0.6       -4.5609E-6  4.        
 0.4       -0.6       -7.0367E-6  4.        
 0.42      -0.6       -10.704E-6  4.        
 0.44      -0.6       -16.065E-6  4.        
 0.46      -0.6       -23.784E-6  4.        
 0.48      -0.6       -34.674E-6  4.        
 0.5       -0.6       -49.64E-6   4.        
 0.52      -0.6       -69.553E-6  4.        
 0.54      -0.6       -95.075E-6  4.        
 0.56      -0.6       -126.47E-6  4.        
 0.58      -0.6       -163.52E-6  4.        
 0.6       -0.6       -205.51E-6  4.        
 0.62      -0.6       -251.43E-6  4.        
 0.64      -0.6       -300.17E-6  4.        
 0.66      -0.6       -350.7E-6   4.        
 0.68      -0.6       -402.15E-6  4.        
 0.7       -0.6       -453.81E-6  4.        
 0.72      -0.6       -505.16E-6  4.        
 0.74      -0.6       -555.81E-6  4.        
 0.76      -0.6       -605.49E-6  4.        
 0.78      -0.6       -654.E-6    4.        
 0.8       -0.6       -701.22E-6  4.        
 0.82      -0.6       -747.06E-6  4.        
 0.84      -0.6       -791.47E-6  4.        
 0.86      -0.6       -834.43E-6  4.        
 0.88      -0.6       -875.93E-6  4.        
 0.9       -0.6       -915.98E-6  4.        
 0.92      -0.6       -954.6E-6   4.        
 0.94      -0.6       -991.82E-6  4.        
 0.96      -0.6       -0.0010277  4.        
 0.98      -0.6       -0.0010622  4.        
 1.        -0.6       -0.0010953  4.        
 1.02      -0.6       -0.0011273  4.        
 1.04      -0.6       -0.0011579  4.        
 1.06      -0.6       -0.0011874  4.        
 1.08      -0.6       -0.0012157  4.        
 1.1       -0.6       -0.0012429  4.        
 1.12      -0.6       -0.0012691  4.        
 1.14      -0.6       -0.0012941  4.        
 1.16      -0.6       -0.0013182  4.        
 1.18      -0.6       -0.0013412  4.        
 1.2       -0.6       -0.0013633  4.        
-0.6       -0.9       -14.434E-9  5.        
-0.58      -0.9       -12.582E-9  4.        
-0.56      -0.9       -10.948E-9  4.        
-0.54      -0.9       -9.5133E-9  4.        
-0.52      -0.9       -8.2491E-9  4.        
-0.5       -0.9       -7.1432E-9  4.        
-0.48      -0.9       -6.17E-9    4.        
-0.46      -0.9       -5.3205E-9  4.        
-0.44      -0.9       -4.5784E-9  4.        
-0.42      -0.9       -3.929E-9   4.        
-0.4       -0.9       -3.3669E-9  4.        
-0.38      -0.9       -2.8758E-9  4.        
-0.36      -0.9       -2.4484E-9  4.        
-0.34      -0.9       -2.0809E-9  4.        
-0.32      -0.9       -1.7626E-9  4.        
-0.3       -0.9       -1.4898E-9  4.        
-0.28      -0.9       -1.2533E-9  4.        
-0.26      -0.9       -1.055E-9   4.        
-0.24      -0.9        0.         4.        
-0.22      -0.9        0.         4.        
-0.2       -0.9        0.         4.        
-0.18      -0.9        0.         4.        
-0.16      -0.9        0.         4.        
-0.14      -0.9        0.         4.        
-0.12      -0.9        0.         4.        
-0.1       -0.9        0.         4.        
-0.08      -0.9        0.         4.        
-0.06      -0.9        0.         4.        
-0.04      -0.9        0.         4.        
-0.02      -0.9        0.         4.        
 0.        -0.9        0.         4.        
 0.02      -0.9        0.         4.        
 0.04      -0.9        0.         4.        
 0.06      -0.9        0.         4.        
 0.08      -0.9        0.         4.        
 0.1       -0.9        0.         4.        
 0.12      -0.9        0.         4.        
 0.14      -0.9       -1.1569E-9  4.        
 0.16      -0.9       -2.0827E-9  4.        
 0.18      -0.9       -3.798E-9   4.        
 0.2       -0.9       -6.9613E-9  4.        
 0.22      -0.9       -12.757E-9  4.        
 0.24      -0.9       -23.296E-9  4.        
 0.26      -0.9       -42.262E-9  4.        
 0.28      -0.9       -75.963E-9  4.        
 0.3       -0.9       -134.92E-9  4.        
 0.32      -0.9       -236.18E-9  4.        
 0.34      -0.9       -406.41E-9  4.        
 0.36      -0.9       -686.08E-9  4.        
 0.38      -0.9       -1.1348E-6  4.        
 0.4       -0.9       -1.8394E-6  4.        
 0.42      -0.9       -2.9243E-6  4.        
 0.44      -0.9       -4.5688E-6  4.        
 0.46      -0.9       -7.0287E-6  4.        
 0.48      -0.9       -10.665E-6  4.        
 0.5       -0.9       -15.973E-6  4.        
 0.52      -0.9       -23.596E-6  4.        
 0.54      -0.9       -34.309E-6  4.        
 0.56      -0.9       -48.95E-6   4.        
 0.58      -0.9       -68.287E-6  4.        
 0.6       -0.9       -92.843E-6  4.        
 0.62      -0.9       -122.74E-6  4.        
 0.64      -0.9       -157.65E-6  4.        
 0.66      -0.9       -196.8E-6   4.        
 0.68      -0.9       -239.25E-6  4.        
 0.7       -0.9       -283.99E-6  4.        
 0.72      -0.9       -330.12E-6  4.        
 0.74      -0.9       -376.92E-6  4.        
 0.76      -0.9       -423.79E-6  4.        
 0.78      -0.9       -470.32E-6  4.        
 0.8       -0.9       -516.18E-6  4.        
 0.82      -0.9       -561.15E-6  4.        
 0.84      -0.9       -605.08E-6  4.        
 0.86      -0.9       -647.87E-6  4.        
 0.88      -0.9       -689.44E-6  4.        
 0.9       -0.9       -729.75E-6  4.        
 0.92      -0.9       -768.8E-6   4.        
 0.94      -0.9       -806.57E-6  4.        
 0.96      -0.9       -843.08E-6  4.        
 0.98      -0.9       -878.33E-6  4.        
 1.        -0.9       -912.36E-6  4.        
 1.02      -0.9       -945.18E-6  4.        
 1.04      -0.9       -976.82E-6  4.        
 1.06      -0.9       -0.0010073  4.        
 1.08      -0.9       -0.0010367  4.        
 1.1       -0.9       -0.001065   4.        
 1.12      -0.9       -0.0010922  4.        
 1.14      -0.9       -0.0011184  4.        
 1.16      -0.9       -0.0011437  4.        
 1.18      -0.9       -0.0011679  4.        
 1.2       -0.9       -0.0011913  4.        
-0.6       -1.2       -14.528E-9  5.        
-0.58      -1.2       -12.675E-9  4.        
-0.56      -1.2       -11.041E-9  4.        
-0.54      -1.2       -9.6079E-9  4.        
-0.52      -1.2       -8.3437E-9  4.        
-0.5       -1.2       -7.2359E-9  4.        
-0.48      -1.2       -6.2628E-9  4.        
-0.46      -1.2       -5.4151E-9  4.        
-0.44      -1.2       -4.6712E-9  4.        
-0.42      -1.2       -4.0218E-9  4.        
-0.4       -1.2       -3.4597E-9  4.        
-0.38      -1.2       -2.9686E-9  4.        
-0.36      -1.2       -2.5411E-9  4.        
-0.34      -1.2       -2.1737E-9  4.        
-0.32      -1.2       -1.8572E-9  4.        
-0.3       -1.2       -1.5843E-9  4.        
-0.28      -1.2       -1.3497E-9  4.        
-0.26      -1.2       -1.1478E-9  4.        
-0.24      -1.2        0.         4.        
-0.22      -1.2        0.         4.        
-0.2       -1.2        0.         4.        
-0.18      -1.2        0.         4.        
-0.16      -1.2        0.         4.        
-0.14      -1.2        0.         4.        
-0.12      -1.2        0.         4.        
-0.1       -1.2        0.         4.        
-0.08      -1.2        0.         4.        
-0.06      -1.2        0.         4.        
-0.04      -1.2        0.         4.        
-0.02      -1.2        0.         4.        
 0.        -1.2        0.         4.        
 0.02      -1.2        0.         4.        
 0.04      -1.2        0.         4.        
 0.06      -1.2        0.         4.        
 0.08      -1.2        0.         4.        
 0.1       -1.2        0.         4.        
 0.12      -1.2        0.         4.        
 0.14      -1.2        0.         4.        
 0.16      -1.2        0.         4.        
 0.18      -1.2        0.         4.        
 0.2       -1.2       -1.3042E-9  4.        
 0.22      -1.2       -2.2956E-9  4.        
 0.24      -1.2       -4.1455E-9  4.        
 0.26      -1.2       -7.5979E-9  4.        
 0.28      -1.2       -13.995E-9  4.        
 0.3       -1.2       -25.741E-9  4.        
 0.32      -1.2       -47.021E-9  4.        
 0.34      -1.2       -84.95E-9   4.        
 0.36      -1.2       -151.23E-9  4.        
 0.38      -1.2       -264.48E-9  4.        
 0.4       -1.2       -453.45E-9  4.        
 0.42      -1.2       -761.17E-9  4.        
 0.44      -1.2       -1.2506E-6  4.        
 0.46      -1.2       -2.0127E-6  4.        
 0.48      -1.2       -3.1782E-6  4.        
 0.5       -1.2       -4.9353E-6  4.        
 0.52      -1.2       -7.5528E-6  4.        
 0.54      -1.2       -11.408E-6  4.        
 0.56      -1.2       -17.01E-6   4.        
 0.58      -1.2       -25.004E-6  4.        
 0.6       -1.2       -36.139E-6  4.        
 0.62      -1.2       -51.179E-6  4.        
 0.64      -1.2       -70.756E-6  4.        
 0.66      -1.2       -95.213E-6  4.        
 0.68      -1.2       -124.48E-6  4.        
 0.7       -1.2       -158.07E-6  4.        
 0.72      -1.2       -195.19E-6  4.        
 0.74      -1.2       -234.93E-6  4.        
 0.76      -1.2       -276.41E-6  4.        
 0.78      -1.2       -318.88E-6  4.        
 0.8       -1.2       -361.74E-6  4.        
 0.82      -1.2       -404.53E-6  4.        
 0.84      -1.2       -446.91E-6  4.        
 0.86      -1.2       -488.64E-6  4.        
 0.88      -1.2       -529.53E-6  4.        
 0.9       -1.2       -569.46E-6  4.        
 0.92      -1.2       -608.37E-6  4.        
 0.94      -1.2       -646.2E-6   4.        
 0.96      -1.2       -682.92E-6  4.        
 0.98      -1.2       -718.51E-6  4.        
 1.        -1.2       -752.98E-6  4.        
 1.02      -1.2       -786.34E-6  4.        
 1.04      -1.2       -818.6E-6   4.        
 1.06      -1.2       -849.77E-6  4.        
 1.08      -1.2       -879.89E-6  4.        
 1.1       -1.2       -908.96E-6  4.        
 1.12      -1.2       -937.03E-6  4.        
 1.14      -1.2       -964.1E-6   4.        
 1.16      -1.2       -990.22E-6  4.        
 1.18      -1.2       -0.0010154  4.        
 1.2       -1.2       -0.0010397  4.        
Gnucap   System status
iterations: op=0, dc=1824, tran=0, fourier=0, total=1824
transient timesteps: accepted=0, rejected=0, total=0
nodes: user=3, subckt=0, model=18, total=21
dctran density=37.0%, ac density=37.0%
