Gnucap : The Gnu Circuit Analysis Package
Never trust any version less than 1.0
Copyright 1982-2013, Albert Davis
Gnucap comes with ABSOLUTELY NO WARRANTY
This is free software, and you are welcome
to redistribute it under the terms of 
the GNU General Public License, version 3 or later.
See the file "COPYING" for details.
main version: noinsensitive 2025.10.15
core-lib version: noinsensitive 2025.10.15
default plugins: noinsensitive 2025.10.15
param: already installed, replacing
stashing as param:0
parameters: already installed, replacing
stashing as parameters:0
parameter: already installed, replacing
stashing as parameter:0
logic: already installed, replacing
stashing as logic:0
spice: already installed, replacing
stashing as spice:0
acs: already installed, replacing
stashing as acs:0
;: already installed, replacing
stashing as ;:0
#: already installed, replacing
stashing as #:0
*: already installed, replacing
stashing as *:0
': already installed, replacing
stashing as ':0
": already installed, replacing
stashing as ":0
dev_comment: already installed, replacing
stashing as dev_comment:0
.model: already installed, replacing
stashing as .model:0
.subckt: already installed, replacing
stashing as .subckt:0
.macro: already installed, replacing
stashing as .macro:0
.lib: already installed, replacing
stashing as .lib:0
lib: already installed, replacing
stashing as lib:0
.include: already installed, replacing
stashing as .include:0
.merge: already installed, replacing
stashing as .merge:0
merge: already installed, replacing
stashing as merge:0
<: already installed, replacing
stashing as <:0
.get: already installed, replacing
stashing as .get:0
get: already installed, replacing
stashing as get:0
.build: already installed, replacing
stashing as .build:0
build: already installed, replacing
stashing as build:0
spice: already installed, replacing
stashing as spice:0
`spice: already installed, replacing
stashing as `spice:0
acs: already installed, replacing
stashing as acs:0
.endc: already installed, replacing
stashing as .endc:0
.control: already installed, replacing
stashing as .control:0
verilog: already installed, replacing
stashing as verilog:0
paramset: already installed, replacing
stashing as paramset:0
module: already installed, replacing
stashing as module:0
macromodule: already installed, replacing
stashing as macromodule:0
verilog: already installed, replacing
stashing as verilog:0
quit: already installed, replacing
stashing as quit:0
exit: already installed, replacing
stashing as exit:0
detach_all: already installed, replacing
stashing as detach_all:0
paramset NMOS bsim4va;
  parameter real l=0.09u;
   parameter real w=10.0u;
 .l=l; .w=w; .type=1; .level=14; .version=4.80; .binunit=1; .paramchk=1; .mobmod=0; .capmod=1; .igcmod=1; .igbmod=1; .geomod=1; .diomod=1; .rdsmod=0; .rbodymod=0; .rgatemod=1; .permod=1; .acnqsmod=0; .trnqsmod=0; .tempmod=0; .mtrlmod=1; .cvchargemod=0; .mtrlcompatmod=1; .gidlmod=0; .wpemod=0; .eot=1.8e-009; .vddeot=1.5; .ados=1.1; .bdos=1.0; .tnom=25; .toxe=1.8e-009; .toxp=10e-010; .toxm=1.8e-009; .dtox=8e-10; .epsrox=3.9; .wint=5e-009; .lint=1e-009; .ll=0; .wl=0; .lln=1; .wln=1; .lw=0; .ww=0; .lwn=1; .wwn=1; .lwl=0; .wwl=0; .xpart=1; .toxref=1.4e-009; .phig=4.05; .epsrgate=11.7; .saref=5e-6; .sbref=5e-6; .wlod=2e-6; .ku0=(- 4e-6); .kvsat=0.2; .kvth0=(- 2e-8); .tku0=0.0; .llodku0=1.1; .wlodku0=1.1; .llodvth=1.0; .wlodvth=1.0; .lku0=1e-6; .wku0=1e-6; .pku0=0.0; .lkvth0=1.1e-6; .wkvth0=1.1e-6; .pkvth0=0.0; .stk2=0.0; .lodk2=1.0; .steta0=0.0; .lodeta0=1.0; .lambda=4e-10; .vsat=1.1e+005; .vtl=2.0e5; .xn=6.0; .lc=5e-9; .rnoia=0.577; .rnoib=0.37; .tvoff=0.0; .tvfbsdoff=0.0; .vth0=0.25; .k1=0.35; .k2=0.05; .k3=0; .k3b=0; .w0=2.5e-006; .dvt0=1.8; .dvt1=0.52; .dvt2=(- 0.032); .dvt0w=0; .dvt1w=0; .dvt2w=0; .dsub=2; .minv=0.05; .voffl=0; .dvtp0=1e-007; .minvcv=2; .voffcvl=0; .dvtp1=0.05; .lpe0=5.75e-008; .lpeb=2.3e-010; .xj=2e-008; .ngate=5e+020; .ndep=2.8e+018; .nsd=1e+020; .phin=0; .cdsc=0.0002; .cdscb=0; .cdscd=0; .cit=0; .voff=(- 0.15); .nfactor=1.2; .eta0=0.05; .etab=0; .vfb=(- 0.55); .u0=0.032; .ua=5.0e-011; .ub=3.5e-018; .uc=(- 3e-011); .a0=2; .ags=1e-020; .a1=0; .a2=1; .b0=(- 1e-020); .b1=0; .keta=0.04; .dwg=0; .dwb=0; .pclm=0.08; .pdiblc1=0.028; .pdiblc2=0.022; .pdiblcb=(- 0.005); .drout=0.45; .pvag=1e-020; .delta=0.01; .pscbe1=8.14e+008; .pscbe2=5e-008; .fprout=0.2; .pdits=0.2; .pditsd=0.23; .pditsl=2.3e+006; .rsh=0; .rdsw=50; .rsw=50; .rdw=50; .rdswmin=0; .rdwmin=0; .rswmin=0; .prwg=0; .prwb=6.8e-011; .wr=1; .alpha0=0.074; .alpha1=0.005; .beta0=30; .agidl=0.0001; .bgidl=2.1e+009; .cgidl=0.0001; .egidl=0.8; .agisl=0.0002; .bgisl=2.1e+009; .cgisl=0.0002; .egisl=(- 0.28); .aigbacc=0.012; .bigbacc=0.0028; .cigbacc=0.002; .nigbacc=1; .aigbinv=0.014; .bigbinv=0.004; .cigbinv=0.004; .eigbinv=1.1; .nigbinv=3; .aigc=0.012; .bigc=0.0028; .cigc=0.002; .aigs=0.012; .bigs=0.0028; .cigs=0.002; .nigc=1; .poxedge=1; .pigcd=1; .ntox=1; .aigd=0.01; .bigd=0.003; .cigd=0.0015; .xrcrg1=12; .xrcrg2=5; .cgso=6.238e-010; .cgdo=6.238e-010; .cgbo=2.56e-011; .cgdl=2.495e-10; .cgsl=2.495e-10; .ckappas=0.03; .ckappad=0.03; .acde=1; .moin=15; .noff=0.9; .voffcv=(- 0.02); .kt1=(- 0.37); .kt1l=0.0; .kt2=(- 0.042); .ute=(- 1.5); .ua1=1e-009; .ub1=(- 3.5e-019); .uc1=0; .prt=0; .at=53000; .fnoimod=1; .tnoimod=0; .jss=0.0001; .jsws=1e-011; .jswgs=1e-010; .njs=1; .ijthsfwd=0.01; .ijthsrev=0.001; .bvs=10; .xjbvs=1; .jsd=0.0001; .jswd=1e-011; .jswgd=1e-010; .njd=1; .ijthdfwd=0.01; .ijthdrev=0.001; .bvd=10; .xjbvd=1; .pbs=1; .cjs=0.0005; .mjs=0.5; .pbsws=1; .cjsws=5e-010; .mjsws=0.33; .pbswgs=1; .cjswgs=3e-010; .mjswgs=0.33; .pbd=1; .cjd=0.0005; .mjd=0.5; .pbswd=1; .cjswd=5e-010; .mjswd=0.33; .pbswgd=1; .cjswgd=5e-010; .mjswgd=0.33; .tpb=0.005; .tcj=0.001; .tpbsw=0.005; .tcjsw=0.001; .tpbswg=0.005; .tcjswg=0.001; .xtis=3; .xtid=3; .dmcg=8e-006; .dmci=3e-006; .dmdg=2e-006; .dmcgt=1e-007; .dwj=0.0e-008; .xgw=0e-007; .xgl=0e-008; .rshg=0.4; .gbmin=1e-010; .rbpb=5; .rbpd=15; .rbps=15; .rbdb=15; .rbsb=15; .ngcon=1; .jtss=1e-4; .jtsd=1e-4; .jtssws=1e-10; .jtsswd=1e-10; .jtsswgs=1e-7; .jtsswgd=1e-7; .njts=20.0; .njtssw=15; .njtsswg=6; .vtss=10; .vtsd=10; .vtssws=10; .vtsswd=10; .njtsd=15.0; .njtsswd=20; .njtsswgd=6; .tnjts=0.1; .tnjtsd=0.05; .vtsswgs=2; .vtsswgd=2; .xtss=0.02; .xtsd=0.02; .xtssws=0.02; .xtsswd=0.02; .xtsswgs=0.02; .xtsswgd=0.02;
endparamset

paramset PMOS bsim4va;
  parameter real l=0.09u;
   parameter real w=10.0u;
 .l=l; .w=w; .type=(- 1); .level=14; .version=4.80; .binunit=1; .paramchk=1; .mobmod=0; .capmod=1; .igcmod=1; .igbmod=1; .geomod=1; .diomod=1; .rdsmod=0; .rbodymod=0; .rgatemod=1; .permod=1; .acnqsmod=0; .trnqsmod=0; .tempmod=0; .mtrlmod=1; .cvchargemod=0; .mtrlcompatmod=1; .gidlmod=0; .wpemod=0; .eot=1.8e-009; .vddeot=(- 1.5); .ados=1.1; .bdos=1.0; .tnom=27; .toxe=1.8e-009; .toxp=10e-010; .toxm=1.8e-009; .dtox=8e-10; .epsrox=3.9; .wint=5e-009; .lint=1e-009; .ll=0; .wl=0; .lln=1; .wln=1; .lw=0; .ww=0; .lwn=1; .wwn=1; .lwl=0; .wwl=0; .xpart=0; .toxref=1.8e-9; .phig=4.05; .epsrgate=11.7; .saref=5e-6; .sbref=5e-6; .wlod=2e-6; .ku0=4e-6; .kvsat=0.2; .kvth0=(- 2e-8); .tku0=0.0; .llodku0=1.1; .wlodku0=1.1; .llodvth=1.0; .wlodvth=1.0; .lku0=1e-6; .wku0=1e-6; .pku0=0.0; .lkvth0=1.1e-6; .wkvth0=1.1e-6; .pkvth0=0.0; .stk2=0.0; .lodk2=1.0; .steta0=0.0; .lodeta0=1.0; .lambda=4e-10; .vsat=1.1e+005; .vtl=2.0e5; .xn=6.0; .lc=5e-9; .rnoia=0.577; .rnoib=0.37; .tvoff=0.0; .tvfbsdoff=0.0; .vth0=(- 0.25); .k1=0.35; .k2=0.05; .k3=0; .k3b=0; .w0=2.5e-006; .dvt0=1.8; .dvt1=0.52; .dvt2=(- 0.032); .dvt0w=0; .dvt1w=0; .dvt2w=0; .dsub=2; .minv=0.05; .voffl=0; .dvtp0=1e-007; .minvcv=2; .voffcvl=0; .dvtp1=0.05; .lpe0=5.75e-008; .lpeb=2.3e-010; .xj=2e-008; .ngate=5e+020; .ndep=2.8e+018; .nsd=1e+020; .phin=0; .cdsc=0.0002; .cdscb=0; .cdscd=0; .cit=0; .voff=(- 0.15); .nfactor=1.2; .eta0=0.05; .etab=0; .vfb=0.55; .u0=0.0095; .ua=5.0e-011; .ub=3.5e-018; .uc=(- 3e-011); .a0=2; .ags=1e-020; .a1=0; .a2=1; .b0=(- 1e-020); .b1=0; .keta=0.04; .dwg=0; .dwb=0; .pclm=0.08; .pdiblc1=0.028; .pdiblc2=0.022; .pdiblcb=(- 0.005); .drout=0.45; .pvag=1e-020; .delta=0.01; .pscbe1=8.14e+008; .pscbe2=5e-008; .fprout=0.2; .pdits=0.2; .pditsd=0.23; .pditsl=2.3e+006; .rsh=0; .rdsw=50; .rsw=50; .rdw=50; .rdswmin=0; .rdwmin=0; .rswmin=0; .prwg=0; .prwb=6.8e-011; .wr=1; .alpha0=0.074; .alpha1=0.005; .beta0=30; .agidl=0.0002; .bgidl=2.1e+009; .cgidl=0.0002; .egidl=0.8; .agisl=0.0003; .bgisl=2.5e+009; .cgisl=0.0003; .egisl=(- 0.28); .aigbacc=0.012; .bigbacc=0.0028; .cigbacc=0.002; .nigbacc=1; .aigbinv=0.014; .bigbinv=0.004; .cigbinv=0.004; .eigbinv=1.1; .nigbinv=3; .aigc=0.012; .bigc=0.0028; .cigc=0.002; .aigs=0.012; .bigs=0.0028; .cigs=0.002; .nigc=1; .poxedge=1; .pigcd=1; .ntox=1; .aigd=0.01; .bigd=0.003; .cigd=0.0015; .xrcrg1=12; .xrcrg2=5; .cgso=6.238e-010; .cgdo=6.238e-010; .cgbo=2.56e-011; .cgdl=2.495e-10; .cgsl=2.495e-10; .ckappas=0.03; .ckappad=0.03; .acde=1; .moin=15; .noff=0.9; .voffcv=0.02; .kt1=(- 0.37); .kt1l=0.0; .kt2=(- 0.042); .ute=(- 1.5); .ua1=1e-009; .ub1=(- 3.5e-019); .uc1=0; .prt=0; .at=53000; .fnoimod=1; .tnoimod=0; .jss=0.0001; .jsws=1e-011; .jswgs=1e-010; .njs=1; .ijthsfwd=0.01; .ijthsrev=0.001; .bvs=10; .xjbvs=1; .jsd=0.0001; .jswd=1e-011; .jswgd=1e-010; .njd=1; .ijthdfwd=0.01; .ijthdrev=0.001; .bvd=10; .xjbvd=1; .pbs=1; .cjs=0.0005; .mjs=0.5; .pbsws=1; .cjsws=5e-010; .mjsws=0.33; .pbswgs=1; .cjswgs=3e-010; .mjswgs=0.33; .pbd=1; .cjd=0.0005; .mjd=0.5; .pbswd=1; .cjswd=5e-010; .mjswd=0.33; .pbswgd=1; .cjswgd=5e-010; .mjswgd=0.33; .tpb=0.005; .tcj=0.001; .tpbsw=0.005; .tcjsw=0.001; .tpbswg=0.005; .tcjswg=0.001; .xtis=3; .xtid=3; .dmcg=8e-006; .dmci=3e-006; .dmdg=2e-006; .dmcgt=1e-007; .dwj=0.0e-008; .xgw=0e-007; .xgl=0e-008; .rshg=0.4; .gbmin=1e-010; .rbpb=5; .rbpd=15; .rbps=15; .rbdb=15; .rbsb=15; .ngcon=1; .jtss=1e-4; .jtsd=1e-4; .jtssws=1e-10; .jtsswd=1e-10; .jtsswgs=1e-7; .jtsswgd=1e-7; .njts=20.0; .njtssw=15; .njtsswg=4; .vtss=10; .vtsd=10; .vtssws=10; .vtsswd=10; .njtsd=15.0; .njtsswd=20; .njtsswgd=6; .tnjts=0.1; .tnjtsd=0.05; .vtsswgs=2; .vtsswgd=2; .xtss=0.02; .xtsd=0.02; .xtssws=0.02; .xtsswd=0.02; .xtsswgs=0.02; .xtsswgd=0.02;
endparamset

parameter real L=0.09u; // MOSFET length 
parameter real WN=10.0u; // NMOS width 
parameter real WP=20.0u; // PMOS width 
parameter real VNOM=1.2; // Nominal supply (V) 
ground gnd;
vsource #(.dc(vd)) sd (.p(d),.n(gnd));
vsource #(.dc(vg)) sg (.p(g),.n(gnd));
parameter vd = 0.0;
parameter vg = 0.0;
NMOS #(.l(L),.w(WN)) M1 (.d(d),.g(g),.s(gnd),.b(gnd));
#           v(g)       i(sd)      iter(0)   
 0.         0.         0.         3.        
 0.02       0.        -107.37E-9  4.        
 0.04       0.        -162.55E-9  4.        
 0.06       0.        -186.87E-9  4.        
 0.08       0.        -198.4E-9   4.        
 0.1        0.        -205.42E-9  4.        
 0.12       0.        -210.73E-9  4.        
 0.14       1.E-15    -215.3E-9   4.        
 0.16       1.E-15    -219.48E-9  4.        
 0.18       1.E-15    -223.47E-9  4.        
 0.2        2.E-15    -227.34E-9  4.        
 0.22       2.E-15    -231.14E-9  4.        
 0.24       3.E-15    -234.9E-9   4.        
 0.26       3.E-15    -238.63E-9  4.        
 0.28       4.E-15    -242.35E-9  4.        
 0.3        5.E-15    -246.08E-9  4.        
 0.32       7.E-15    -249.81E-9  4.        
 0.34       8.E-15    -253.55E-9  4.        
 0.36       10.E-15   -257.32E-9  4.        
 0.38       12.E-15   -261.13E-9  4.        
 0.4        14.E-15   -264.95E-9  4.        
 0.42       17.E-15   -268.82E-9  4.        
 0.44       20.E-15   -272.72E-9  4.        
 0.46       24.E-15   -276.7E-9   4.        
 0.48       28.E-15   -280.72E-9  4.        
 0.5        33.E-15   -284.82E-9  4.        
 0.52       38.E-15   -288.99E-9  4.        
 0.54       45.E-15   -293.26E-9  4.        
 0.56       52.E-15   -297.63E-9  4.        
 0.58       61.E-15   -302.11E-9  4.        
 0.6        71.E-15   -306.72E-9  4.        
 0.62       82.E-15   -311.46E-9  4.        
 0.64       94.E-15   -316.38E-9  4.        
 0.66       109.E-15  -321.47E-9  4.        
 0.68       125.E-15  -326.75E-9  4.        
 0.7        144.E-15  -332.28E-9  4.        
 0.72       165.E-15  -338.06E-9  4.        
 0.74       188.E-15  -344.14E-9  4.        
 0.76       215.E-15  -350.51E-9  4.        
 0.78       246.E-15  -357.28E-9  4.        
 0.8        280.E-15  -364.42E-9  4.        
 0.82       319.E-15  -372.03E-9  4.        
 0.84       363.E-15  -380.14E-9  4.        
 0.86       412.E-15  -388.8E-9   4.        
 0.88       467.E-15  -398.1E-9   4.        
 0.9        530.E-15  -408.11E-9  4.        
 0.92       600.E-15  -418.88E-9  4.        
 0.94       679.E-15  -430.52E-9  4.        
 0.96       767.E-15  -443.15E-9  4.        
 0.98       866.E-15  -456.84E-9  4.        
 1.         977.E-15  -471.77E-9  4.        
 1.02       1.102E-12 -488.04E-9  4.        
 1.04       1.241E-12 -505.8E-9   4.        
 1.06       1.398E-12 -525.22E-9  4.        
 1.08       1.572E-12 -546.53E-9  4.        
 1.1        1.767E-12 -569.88E-9  4.        
 1.12       1.986E-12 -595.58E-9  4.        
 1.14       2.23E-12  -623.8E-9   4.        
 1.16       2.502E-12 -654.89E-9  4.        
 1.18       2.805E-12 -689.16E-9  4.        
 1.2        3.144E-12 -726.91E-9  4.        
 0.         0.2        180.8E-12  5.        
 0.02       0.2       -6.0093E-6  4.        
 0.04       0.2       -9.46E-6    4.        
 0.06       0.2       -11.154E-6  4.        
 0.08       0.2       -11.965E-6  4.        
 0.1        0.2       -12.427E-6  4.        
 0.12       0.2       -12.752E-6  4.        
 0.14       0.2       -13.017E-6  4.        
 0.16       0.2       -13.254E-6  4.        
 0.18       0.2       -13.474E-6  4.        
 0.2        0.2       -13.685E-6  4.        
 0.22       0.2       -13.89E-6   4.        
 0.24       0.2       -14.09E-6   4.        
 0.26       0.2       -14.288E-6  4.        
 0.28       0.2       -14.484E-6  4.        
 0.3        0.2       -14.678E-6  4.        
 0.32       0.2       -14.872E-6  4.        
 0.34       0.2       -15.064E-6  4.        
 0.36       0.2       -15.256E-6  4.        
 0.38       0.2       -15.448E-6  4.        
 0.4        0.2       -15.64E-6   4.        
 0.42       0.2       -15.831E-6  4.        
 0.44       0.2       -16.022E-6  4.        
 0.46       0.2       -16.213E-6  4.        
 0.48       0.2       -16.405E-6  4.        
 0.5        0.2       -16.596E-6  4.        
 0.52       0.2       -16.788E-6  4.        
 0.54       0.2       -16.98E-6   4.        
 0.56       0.2       -17.172E-6  4.        
 0.58       0.2       -17.364E-6  4.        
 0.6        0.2       -17.557E-6  4.        
 0.62       0.2       -17.75E-6   4.        
 0.64       0.2       -17.943E-6  4.        
 0.66       0.2       -18.137E-6  4.        
 0.68       0.2       -18.331E-6  4.        
 0.7        0.2       -18.525E-6  4.        
 0.72       0.2       -18.72E-6   4.        
 0.74       0.2       -18.915E-6  4.        
 0.76       0.2       -19.11E-6   4.        
 0.78       0.2       -19.306E-6  4.        
 0.8        0.2       -19.502E-6  4.        
 0.82       0.2       -19.699E-6  4.        
 0.84       0.2       -19.896E-6  4.        
 0.86       0.2       -20.094E-6  4.        
 0.88       0.2       -20.292E-6  4.        
 0.9        0.2       -20.491E-6  4.        
 0.92       0.2       -20.69E-6   4.        
 0.94       0.2       -20.891E-6  4.        
 0.96       0.2       -21.091E-6  4.        
 0.98       0.2       -21.293E-6  4.        
 1.         0.2       -21.495E-6  4.        
 1.02       0.2       -21.698E-6  4.        
 1.04       0.2       -21.902E-6  4.        
 1.06       0.2       -22.107E-6  4.        
 1.08       0.2       -22.313E-6  4.        
 1.1        0.2       -22.52E-6   4.        
 1.12       0.2       -22.728E-6  4.        
 1.14       0.2       -22.937E-6  4.        
 1.16       0.2       -23.148E-6  4.        
 1.18       0.2       -23.361E-6  4.        
 1.2        0.2       -23.575E-6  4.        
 0.         0.4        3.1276E-9  5.        
 0.02       0.4       -71.661E-6  4.        
 0.04       0.4       -129.62E-6  4.        
 0.06       0.4       -174.72E-6  4.        
 0.08       0.4       -208.07E-6  4.        
 0.1        0.4       -231.26E-6  4.        
 0.12       0.4       -246.53E-6  4.        
 0.14       0.4       -256.45E-6  4.        
 0.16       0.4       -263.2E-6   4.        
 0.18       0.4       -268.19E-6  4.        
 0.2        0.4       -272.2E-6   4.        
 0.22       0.4       -275.63E-6  4.        
 0.24       0.4       -278.7E-6   4.        
 0.26       0.4       -281.54E-6  4.        
 0.28       0.4       -284.2E-6   4.        
 0.3        0.4       -286.75E-6  4.        
 0.32       0.4       -289.2E-6   4.        
 0.34       0.4       -291.59E-6  4.        
 0.36       0.4       -293.92E-6  4.        
 0.38       0.4       -296.21E-6  4.        
 0.4        0.4       -298.46E-6  4.        
 0.42       0.4       -300.68E-6  4.        
 0.44       0.4       -302.88E-6  4.        
 0.46       0.4       -305.06E-6  4.        
 0.48       0.4       -307.22E-6  4.        
 0.5        0.4       -309.37E-6  4.        
 0.52       0.4       -311.5E-6   4.        
 0.54       0.4       -313.63E-6  4.        
 0.56       0.4       -315.75E-6  4.        
 0.58       0.4       -317.85E-6  4.        
 0.6        0.4       -319.96E-6  4.        
 0.62       0.4       -322.05E-6  4.        
 0.64       0.4       -324.14E-6  4.        
 0.66       0.4       -326.23E-6  4.        
 0.68       0.4       -328.31E-6  4.        
 0.7        0.4       -330.39E-6  4.        
 0.72       0.4       -332.47E-6  4.        
 0.74       0.4       -334.54E-6  4.        
 0.76       0.4       -336.61E-6  4.        
 0.78       0.4       -338.68E-6  4.        
 0.8        0.4       -340.75E-6  4.        
 0.82       0.4       -342.82E-6  4.        
 0.84       0.4       -344.88E-6  4.        
 0.86       0.4       -346.95E-6  4.        
 0.88       0.4       -349.01E-6  4.        
 0.9        0.4       -351.08E-6  4.        
 0.92       0.4       -353.14E-6  4.        
 0.94       0.4       -355.2E-6   4.        
 0.96       0.4       -357.27E-6  4.        
 0.98       0.4       -359.33E-6  4.        
 1.         0.4       -361.39E-6  4.        
 1.02       0.4       -363.46E-6  4.        
 1.04       0.4       -365.52E-6  4.        
 1.06       0.4       -367.59E-6  4.        
 1.08       0.4       -369.66E-6  4.        
 1.1        0.4       -371.73E-6  4.        
 1.12       0.4       -373.8E-6   4.        
 1.14       0.4       -375.87E-6  4.        
 1.16       0.4       -377.94E-6  4.        
 1.18       0.4       -380.02E-6  4.        
 1.2        0.4       -382.1E-6   4.        
 0.         0.6        19.148E-9  5.        
 0.02       0.6       -180.49E-6  4.        
 0.04       0.6       -343.44E-6  4.        
 0.06       0.6       -489.44E-6  4.        
 0.08       0.6       -619.09E-6  4.        
 0.1        0.6       -732.99E-6  4.        
 0.12       0.6       -831.75E-6  4.        
 0.14       0.6       -916.06E-6  4.        
 0.16       0.6       -986.69E-6  4.        
 0.18       0.6       -0.0010446  4.        
 0.2        0.6       -0.0010911  4.        
 0.22       0.6       -0.0011277  4.        
 0.24       0.6       -0.0011565  4.        
 0.26       0.6       -0.0011792  4.        
 0.28       0.6       -0.0011976  4.        
 0.3        0.6       -0.0012129  4.        
 0.32       0.6       -0.0012262  4.        
 0.34       0.6       -0.0012379  4.        
 0.36       0.6       -0.0012485  4.        
 0.38       0.6       -0.0012583  4.        
 0.4        0.6       -0.0012674  4.        
 0.42       0.6       -0.001276   4.        
 0.44       0.6       -0.0012841  4.        
 0.46       0.6       -0.0012919  4.        
 0.48       0.6       -0.0012995  4.        
 0.5        0.6       -0.0013068  4.        
 0.52       0.6       -0.0013139  4.        
 0.54       0.6       -0.0013208  4.        
 0.56       0.6       -0.0013276  4.        
 0.58       0.6       -0.0013342  4.        
 0.6        0.6       -0.0013407  4.        
 0.62       0.6       -0.0013472  4.        
 0.64       0.6       -0.0013535  4.        
 0.66       0.6       -0.0013598  4.        
 0.68       0.6       -0.001366   4.        
 0.7        0.6       -0.0013721  4.        
 0.72       0.6       -0.0013782  4.        
 0.74       0.6       -0.0013842  4.        
 0.76       0.6       -0.0013902  4.        
 0.78       0.6       -0.0013962  4.        
 0.8        0.6       -0.0014021  4.        
 0.82       0.6       -0.001408   4.        
 0.84       0.6       -0.0014138  4.        
 0.86       0.6       -0.0014196  4.        
 0.88       0.6       -0.0014254  4.        
 0.9        0.6       -0.0014312  4.        
 0.92       0.6       -0.0014369  4.        
 0.94       0.6       -0.0014426  4.        
 0.96       0.6       -0.0014483  4.        
 0.98       0.6       -0.001454   4.        
 1.         0.6       -0.0014596  4.        
 1.02       0.6       -0.0014653  4.        
 1.04       0.6       -0.0014709  4.        
 1.06       0.6       -0.0014765  4.        
 1.08       0.6       -0.0014821  4.        
 1.1        0.6       -0.0014877  4.        
 1.12       0.6       -0.0014933  4.        
 1.14       0.6       -0.0014988  4.        
 1.16       0.6       -0.0015044  4.        
 1.18       0.6       -0.0015099  4.        
 1.2        0.6       -0.0015154  4.        
 0.         0.8        80.54E-9   5.        
 0.02       0.8       -258.04E-6  4.        
 0.04       0.8       -499.33E-6  4.        
 0.06       0.8       -724.23E-6  4.        
 0.08       0.8       -933.18E-6  4.        
 0.1        0.8       -0.0011266  4.        
 0.12       0.8       -0.0013049  4.        
 0.14       0.8       -0.0014685  4.        
 0.16       0.8       -0.0016179  4.        
 0.18       0.8       -0.0017534  4.        
 0.2        0.8       -0.0018754  4.        
 0.22       0.8       -0.0019845  4.        
 0.24       0.8       -0.0020812  4.        
 0.26       0.8       -0.002166   4.        
 0.28       0.8       -0.0022396  4.        
 0.3        0.8       -0.002303   4.        
 0.32       0.8       -0.002357   4.        
 0.34       0.8       -0.0024031  4.        
 0.36       0.8       -0.0024423  4.        
 0.38       0.8       -0.0024761  4.        
 0.4        0.8       -0.0025056  4.        
 0.42       0.8       -0.0025317  4.        
 0.44       0.8       -0.002555   4.        
 0.46       0.8       -0.0025763  4.        
 0.48       0.8       -0.0025958  4.        
 0.5        0.8       -0.0026139  4.        
 0.52       0.8       -0.0026308  4.        
 0.54       0.8       -0.0026468  4.        
 0.56       0.8       -0.0026619  4.        
 0.58       0.8       -0.0026764  4.        
 0.6        0.8       -0.0026903  4.        
 0.62       0.8       -0.0027037  4.        
 0.64       0.8       -0.0027166  4.        
 0.66       0.8       -0.0027291  4.        
 0.68       0.8       -0.0027413  4.        
 0.7        0.8       -0.0027532  4.        
 0.72       0.8       -0.0027649  4.        
 0.74       0.8       -0.0027763  4.        
 0.76       0.8       -0.0027874  4.        
 0.78       0.8       -0.0027984  4.        
 0.8        0.8       -0.0028092  4.        
 0.82       0.8       -0.0028199  4.        
 0.84       0.8       -0.0028304  4.        
 0.86       0.8       -0.0028408  4.        
 0.88       0.8       -0.0028511  4.        
 0.9        0.8       -0.0028612  4.        
 0.92       0.8       -0.0028713  4.        
 0.94       0.8       -0.0028812  4.        
 0.96       0.8       -0.0028911  4.        
 0.98       0.8       -0.0029009  4.        
 1.         0.8       -0.0029106  4.        
 1.02       0.8       -0.0029202  4.        
 1.04       0.8       -0.0029298  4.        
 1.06       0.8       -0.0029393  4.        
 1.08       0.8       -0.0029487  4.        
 1.1        0.8       -0.0029581  4.        
 1.12       0.8       -0.0029675  4.        
 1.14       0.8       -0.0029768  4.        
 1.16       0.8       -0.002986   4.        
 1.18       0.8       -0.0029952  4.        
 1.2        0.8       -0.0030044  4.        
 0.         1.         282.32E-9  5.        
 0.02       1.        -305.19E-6  4.        
 0.04       1.        -595.63E-6  4.        
 0.06       1.        -871.37E-6  4.        
 0.08       1.        -0.0011327  4.        
 0.1        1.        -0.00138    4.        
 0.12       1.        -0.0016135  4.        
 0.14       1.        -0.0018335  4.        
 0.16       1.        -0.0020403  4.        
 0.18       1.        -0.0022342  4.        
 0.2        1.        -0.0024156  4.        
 0.22       1.        -0.0025845  4.        
 0.24       1.        -0.0027415  4.        
 0.26       1.        -0.0028868  4.        
 0.28       1.        -0.0030206  4.        
 0.3        1.        -0.0031434  4.        
 0.32       1.        -0.0032554  4.        
 0.34       1.        -0.0033571  4.        
 0.36       1.        -0.003449   4.        
 0.38       1.        -0.0035315  4.        
 0.4        1.        -0.0036053  4.        
 0.42       1.        -0.0036711  4.        
 0.44       1.        -0.0037297  4.        
 0.46       1.        -0.003782   4.        
 0.48       1.        -0.0038288  4.        
 0.5        1.        -0.0038709  4.        
 0.52       1.        -0.0039092  4.        
 0.54       1.        -0.0039441  4.        
 0.56       1.        -0.0039762  4.        
 0.58       1.        -0.004006   4.        
 0.6        1.        -0.0040337  4.        
 0.62       1.        -0.0040597  4.        
 0.64       1.        -0.0040842  4.        
 0.66       1.        -0.0041075  4.        
 0.68       1.        -0.0041296  4.        
 0.7        1.        -0.0041507  4.        
 0.72       1.        -0.004171   4.        
 0.74       1.        -0.0041905  4.        
 0.76       1.        -0.0042094  4.        
 0.78       1.        -0.0042276  4.        
 0.8        1.        -0.0042453  4.        
 0.82       1.        -0.0042625  4.        
 0.84       1.        -0.0042793  4.        
 0.86       1.        -0.0042957  4.        
 0.88       1.        -0.0043118  4.        
 0.9        1.        -0.0043275  4.        
 0.92       1.        -0.0043429  4.        
 0.94       1.        -0.0043581  4.        
 0.96       1.        -0.004373   4.        
 0.98       1.        -0.0043876  4.        
 1.         1.        -0.0044021  4.        
 1.02       1.        -0.0044164  4.        
 1.04       1.        -0.0044305  4.        
 1.06       1.        -0.0044444  4.        
 1.08       1.        -0.0044582  4.        
 1.1        1.        -0.0044718  4.        
 1.12       1.        -0.0044853  4.        
 1.14       1.        -0.0044987  4.        
 1.16       1.        -0.0045119  4.        
 1.18       1.        -0.004525   4.        
 1.2        1.        -0.0045381  4.        
 0.         1.2        889.44E-9  5.        
 0.02       1.2       -331.73E-6  4.        
 0.04       1.2       -651.25E-6  4.        
 0.06       1.2       -957.9E-6   4.        
 0.08       1.2       -0.0012519  4.        
 0.1        1.2       -0.0015335  4.        
 0.12       1.2       -0.0018029  4.        
 0.14       1.2       -0.0020603  4.        
 0.16       1.2       -0.0023059  4.        
 0.18       1.2       -0.0025399  4.        
 0.2        1.2       -0.0027626  4.        
 0.22       1.2       -0.0029741  4.        
 0.24       1.2       -0.0031747  4.        
 0.26       1.2       -0.0033646  4.        
 0.28       1.2       -0.0035439  4.        
 0.3        1.2       -0.003713   4.        
 0.32       1.2       -0.0038719  4.        
 0.34       1.2       -0.0040209  4.        
 0.36       1.2       -0.0041603  4.        
 0.38       1.2       -0.0042903  4.        
 0.4        1.2       -0.0044112  4.        
 0.42       1.2       -0.0045232  4.        
 0.44       1.2       -0.0046268  4.        
 0.46       1.2       -0.0047222  4.        
 0.48       1.2       -0.0048099  4.        
 0.5        1.2       -0.0048903  4.        
 0.52       1.2       -0.004964   4.        
 0.54       1.2       -0.0050316  4.        
 0.56       1.2       -0.0050936  4.        
 0.58       1.2       -0.0051506  4.        
 0.6        1.2       -0.0052032  4.        
 0.62       1.2       -0.0052519  4.        
 0.64       1.2       -0.0052971  4.        
 0.66       1.2       -0.0053393  4.        
 0.68       1.2       -0.0053788  4.        
 0.7        1.2       -0.0054159  4.        
 0.72       1.2       -0.0054508  4.        
 0.74       1.2       -0.0054839  4.        
 0.76       1.2       -0.0055153  4.        
 0.78       1.2       -0.0055452  4.        
 0.8        1.2       -0.0055738  4.        
 0.82       1.2       -0.0056012  4.        
 0.84       1.2       -0.0056275  4.        
 0.86       1.2       -0.0056528  4.        
 0.88       1.2       -0.0056773  4.        
 0.9        1.2       -0.005701   4.        
 0.92       1.2       -0.005724   4.        
 0.94       1.2       -0.0057464  4.        
 0.96       1.2       -0.0057681  4.        
 0.98       1.2       -0.0057894  4.        
 1.         1.2       -0.0058101  4.        
 1.02       1.2       -0.0058304  4.        
 1.04       1.2       -0.0058503  4.        
 1.06       1.2       -0.0058698  4.        
 1.08       1.2       -0.0058889  4.        
 1.1        1.2       -0.0059077  4.        
 1.12       1.2       -0.0059263  4.        
 1.14       1.2       -0.0059445  4.        
 1.16       1.2       -0.0059625  4.        
 1.18       1.2       -0.0059802  4.        
 1.2        1.2       -0.0059977  4.        
Gnucap   System status
iterations: op=0, dc=1713, tran=0, fourier=0, total=1713
transient timesteps: accepted=0, rejected=0, total=0
nodes: user=2, subckt=0, model=18, total=20
dctran density=34.2%, ac density=34.2%
