Gnucap : The Gnu Circuit Analysis Package.
Copyright 1982-2025, Albert Davis
          2020-2025, Felix Salfelder
The development of Gnucap is funded by NLnet with support from the EC.
Gnucap comes with ABSOLUTELY NO WARRANTY. This is free software,
and you are welcome to redistribute it under the terms of the GNU
General Public License version 3 or later. See "COPYING" for details.
main version: modelgen 2025.12.18
core-lib version: modelgen 2025.12.18
default plugins: modelgen 2025.12.18
param: already installed, replacing
stashing as param:0
parameters: already installed, replacing
stashing as parameters:0
parameter: already installed, replacing
stashing as parameter:0
logic: already installed, replacing
stashing as logic:0
spice: already installed, replacing
stashing as spice:0
acs: already installed, replacing
stashing as acs:0
;: already installed, replacing
stashing as ;:0
#: already installed, replacing
stashing as #:0
*: already installed, replacing
stashing as *:0
': already installed, replacing
stashing as ':0
": already installed, replacing
stashing as ":0
dev_comment: already installed, replacing
stashing as dev_comment:0
.model: already installed, replacing
stashing as .model:0
.subckt: already installed, replacing
stashing as .subckt:0
.macro: already installed, replacing
stashing as .macro:0
.lib: already installed, replacing
stashing as .lib:0
lib: already installed, replacing
stashing as lib:0
.include: already installed, replacing
stashing as .include:0
.merge: already installed, replacing
stashing as .merge:0
merge: already installed, replacing
stashing as merge:0
<: already installed, replacing
stashing as <:0
.get: already installed, replacing
stashing as .get:0
get: already installed, replacing
stashing as get:0
.build: already installed, replacing
stashing as .build:0
build: already installed, replacing
stashing as build:0
spice: already installed, replacing
stashing as spice:0
`spice: already installed, replacing
stashing as `spice:0
acs: already installed, replacing
stashing as acs:0
.endc: already installed, replacing
stashing as .endc:0
.control: already installed, replacing
stashing as .control:0
verilog: already installed, replacing
stashing as verilog:0
paramset: already installed, replacing
stashing as paramset:0
module: already installed, replacing
stashing as module:0
macromodule: already installed, replacing
stashing as macromodule:0
verilog: already installed, replacing
stashing as verilog:0
quit: already installed, replacing
stashing as quit:0
exit: already installed, replacing
stashing as exit:0
detach_all: already installed, replacing
stashing as detach_all:0
paramset NMOS bsim4va;
  parameter real l=0.09u;
  parameter real w=10.0u;
 .l=l; .w=w; .type=1; .level=14; .version=4.80; .binunit=1; .paramchk=1; .mobmod=0; .capmod=1; .igcmod=1; .igbmod=1; .geomod=1; .diomod=1; .rdsmod=0; .rbodymod=0; .rgatemod=1; .permod=1; .acnqsmod=0; .trnqsmod=0; .tempmod=0; .mtrlmod=1; .cvchargemod=0; .mtrlcompatmod=1; .gidlmod=0; .wpemod=0; .eot=1.8e-009; .vddeot=1.5; .ados=1.1; .bdos=1.0; .tnom=25; .toxe=1.8e-009; .toxp=10e-010; .toxm=1.8e-009; .dtox=8e-10; .epsrox=3.9; .wint=5e-009; .lint=1e-009; .ll=0; .wl=0; .lln=1; .wln=1; .lw=0; .ww=0; .lwn=1; .wwn=1; .lwl=0; .wwl=0; .xpart=1; .toxref=1.4e-009; .phig=4.05; .epsrgate=11.7; .saref=5e-6; .sbref=5e-6; .wlod=2e-6; .ku0=(- 4e-6); .kvsat=0.2; .kvth0=(- 2e-8); .tku0=0.0; .llodku0=1.1; .wlodku0=1.1; .llodvth=1.0; .wlodvth=1.0; .lku0=1e-6; .wku0=1e-6; .pku0=0.0; .lkvth0=1.1e-6; .wkvth0=1.1e-6; .pkvth0=0.0; .stk2=0.0; .lodk2=1.0; .steta0=0.0; .lodeta0=1.0; .lambda=4e-10; .vsat=1.1e+005; .vtl=2.0e5; .xn=6.0; .lc=5e-9; .rnoia=0.577; .rnoib=0.37; .tvoff=0.0; .tvfbsdoff=0.0; .vth0=0.25; .k1=0.35; .k2=0.05; .k3=0; .k3b=0; .w0=2.5e-006; .dvt0=1.8; .dvt1=0.52; .dvt2=(- 0.032); .dvt0w=0; .dvt1w=0; .dvt2w=0; .dsub=2; .minv=0.05; .voffl=0; .dvtp0=1e-007; .minvcv=2; .voffcvl=0; .dvtp1=0.05; .lpe0=5.75e-008; .lpeb=2.3e-010; .xj=2e-008; .ngate=5e+020; .ndep=2.8e+018; .nsd=1e+020; .phin=0; .cdsc=0.0002; .cdscb=0; .cdscd=0; .cit=0; .voff=(- 0.15); .nfactor=1.2; .eta0=0.05; .etab=0; .vfb=(- 0.55); .u0=0.032; .ua=5.0e-011; .ub=3.5e-018; .uc=(- 3e-011); .a0=2; .ags=1e-020; .a1=0; .a2=1; .b0=(- 1e-020); .b1=0; .keta=0.04; .dwg=0; .dwb=0; .pclm=0.08; .pdiblc1=0.028; .pdiblc2=0.022; .pdiblcb=(- 0.005); .drout=0.45; .pvag=1e-020; .delta=0.01; .pscbe1=8.14e+008; .pscbe2=5e-008; .fprout=0.2; .pdits=0.2; .pditsd=0.23; .pditsl=2.3e+006; .rsh=0; .rdsw=50; .rsw=50; .rdw=50; .rdswmin=0; .rdwmin=0; .rswmin=0; .prwg=0; .prwb=6.8e-011; .wr=1; .alpha0=0.074; .alpha1=0.005; .beta0=30; .agidl=0.0001; .bgidl=2.1e+009; .cgidl=0.0001; .egidl=0.8; .agisl=0.0002; .bgisl=2.1e+009; .cgisl=0.0002; .egisl=(- 0.28); .aigbacc=0.012; .bigbacc=0.0028; .cigbacc=0.002; .nigbacc=1; .aigbinv=0.014; .bigbinv=0.004; .cigbinv=0.004; .eigbinv=1.1; .nigbinv=3; .aigc=0.012; .bigc=0.0028; .cigc=0.002; .aigs=0.012; .bigs=0.0028; .cigs=0.002; .nigc=1; .poxedge=1; .pigcd=1; .ntox=1; .aigd=0.01; .bigd=0.003; .cigd=0.0015; .xrcrg1=12; .xrcrg2=5; .cgso=6.238e-010; .cgdo=6.238e-010; .cgbo=2.56e-011; .cgdl=2.495e-10; .cgsl=2.495e-10; .ckappas=0.03; .ckappad=0.03; .acde=1; .moin=15; .noff=0.9; .voffcv=(- 0.02); .kt1=(- 0.37); .kt1l=0.0; .kt2=(- 0.042); .ute=(- 1.5); .ua1=1e-009; .ub1=(- 3.5e-019); .uc1=0; .prt=0; .at=53000; .fnoimod=1; .tnoimod=0; .jss=0.0001; .jsws=1e-011; .jswgs=1e-010; .njs=1; .ijthsfwd=0.01; .ijthsrev=0.001; .bvs=10; .xjbvs=1; .jsd=0.0001; .jswd=1e-011; .jswgd=1e-010; .njd=1; .ijthdfwd=0.01; .ijthdrev=0.001; .bvd=10; .xjbvd=1; .pbs=1; .cjs=0.0005; .mjs=0.5; .pbsws=1; .cjsws=5e-010; .mjsws=0.33; .pbswgs=1; .cjswgs=3e-010; .mjswgs=0.33; .pbd=1; .cjd=0.0005; .mjd=0.5; .pbswd=1; .cjswd=5e-010; .mjswd=0.33; .pbswgd=1; .cjswgd=5e-010; .mjswgd=0.33; .tpb=0.005; .tcj=0.001; .tpbsw=0.005; .tcjsw=0.001; .tpbswg=0.005; .tcjswg=0.001; .xtis=3; .xtid=3; .dmcg=8e-006; .dmci=3e-006; .dmdg=2e-006; .dmcgt=1e-007; .dwj=0.0e-008; .xgw=0e-007; .xgl=0e-008; .rshg=0.4; .gbmin=1e-010; .rbpb=5; .rbpd=15; .rbps=15; .rbdb=15; .rbsb=15; .ngcon=1; .jtss=1e-4; .jtsd=1e-4; .jtssws=1e-10; .jtsswd=1e-10; .jtsswgs=1e-7; .jtsswgd=1e-7; .njts=20.0; .njtssw=15; .njtsswg=6; .vtss=10; .vtsd=10; .vtssws=10; .vtsswd=10; .njtsd=15.0; .njtsswd=20; .njtsswgd=6; .tnjts=0.1; .tnjtsd=0.05; .vtsswgs=2; .vtsswgd=2; .xtss=0.02; .xtsd=0.02; .xtssws=0.02; .xtsswd=0.02; .xtsswgs=0.02; .xtsswgd=0.02;
endparamset

paramset PMOS bsim4va;
  parameter real l=0.09u;
  parameter real w=10.0u;
 .l=l; .w=w; .type=(- 1); .level=14; .version=4.80; .binunit=1; .paramchk=1; .mobmod=0; .capmod=1; .igcmod=1; .igbmod=1; .geomod=1; .diomod=1; .rdsmod=0; .rbodymod=0; .rgatemod=1; .permod=1; .acnqsmod=0; .trnqsmod=0; .tempmod=0; .mtrlmod=1; .cvchargemod=0; .mtrlcompatmod=1; .gidlmod=0; .wpemod=0; .eot=1.8e-009; .vddeot=(- 1.5); .ados=1.1; .bdos=1.0; .tnom=27; .toxe=1.8e-009; .toxp=10e-010; .toxm=1.8e-009; .dtox=8e-10; .epsrox=3.9; .wint=5e-009; .lint=1e-009; .ll=0; .wl=0; .lln=1; .wln=1; .lw=0; .ww=0; .lwn=1; .wwn=1; .lwl=0; .wwl=0; .xpart=0; .toxref=1.8e-9; .phig=4.05; .epsrgate=11.7; .saref=5e-6; .sbref=5e-6; .wlod=2e-6; .ku0=4e-6; .kvsat=0.2; .kvth0=(- 2e-8); .tku0=0.0; .llodku0=1.1; .wlodku0=1.1; .llodvth=1.0; .wlodvth=1.0; .lku0=1e-6; .wku0=1e-6; .pku0=0.0; .lkvth0=1.1e-6; .wkvth0=1.1e-6; .pkvth0=0.0; .stk2=0.0; .lodk2=1.0; .steta0=0.0; .lodeta0=1.0; .lambda=4e-10; .vsat=1.1e+005; .vtl=2.0e5; .xn=6.0; .lc=5e-9; .rnoia=0.577; .rnoib=0.37; .tvoff=0.0; .tvfbsdoff=0.0; .vth0=(- 0.25); .k1=0.35; .k2=0.05; .k3=0; .k3b=0; .w0=2.5e-006; .dvt0=1.8; .dvt1=0.52; .dvt2=(- 0.032); .dvt0w=0; .dvt1w=0; .dvt2w=0; .dsub=2; .minv=0.05; .voffl=0; .dvtp0=1e-007; .minvcv=2; .voffcvl=0; .dvtp1=0.05; .lpe0=5.75e-008; .lpeb=2.3e-010; .xj=2e-008; .ngate=5e+020; .ndep=2.8e+018; .nsd=1e+020; .phin=0; .cdsc=0.0002; .cdscb=0; .cdscd=0; .cit=0; .voff=(- 0.15); .nfactor=1.2; .eta0=0.05; .etab=0; .vfb=0.55; .u0=0.0095; .ua=5.0e-011; .ub=3.5e-018; .uc=(- 3e-011); .a0=2; .ags=1e-020; .a1=0; .a2=1; .b0=(- 1e-020); .b1=0; .keta=0.04; .dwg=0; .dwb=0; .pclm=0.08; .pdiblc1=0.028; .pdiblc2=0.022; .pdiblcb=(- 0.005); .drout=0.45; .pvag=1e-020; .delta=0.01; .pscbe1=8.14e+008; .pscbe2=5e-008; .fprout=0.2; .pdits=0.2; .pditsd=0.23; .pditsl=2.3e+006; .rsh=0; .rdsw=50; .rsw=50; .rdw=50; .rdswmin=0; .rdwmin=0; .rswmin=0; .prwg=0; .prwb=6.8e-011; .wr=1; .alpha0=0.074; .alpha1=0.005; .beta0=30; .agidl=0.0002; .bgidl=2.1e+009; .cgidl=0.0002; .egidl=0.8; .agisl=0.0003; .bgisl=2.5e+009; .cgisl=0.0003; .egisl=(- 0.28); .aigbacc=0.012; .bigbacc=0.0028; .cigbacc=0.002; .nigbacc=1; .aigbinv=0.014; .bigbinv=0.004; .cigbinv=0.004; .eigbinv=1.1; .nigbinv=3; .aigc=0.012; .bigc=0.0028; .cigc=0.002; .aigs=0.012; .bigs=0.0028; .cigs=0.002; .nigc=1; .poxedge=1; .pigcd=1; .ntox=1; .aigd=0.01; .bigd=0.003; .cigd=0.0015; .xrcrg1=12; .xrcrg2=5; .cgso=6.238e-010; .cgdo=6.238e-010; .cgbo=2.56e-011; .cgdl=2.495e-10; .cgsl=2.495e-10; .ckappas=0.03; .ckappad=0.03; .acde=1; .moin=15; .noff=0.9; .voffcv=0.02; .kt1=(- 0.37); .kt1l=0.0; .kt2=(- 0.042); .ute=(- 1.5); .ua1=1e-009; .ub1=(- 3.5e-019); .uc1=0; .prt=0; .at=53000; .fnoimod=1; .tnoimod=0; .jss=0.0001; .jsws=1e-011; .jswgs=1e-010; .njs=1; .ijthsfwd=0.01; .ijthsrev=0.001; .bvs=10; .xjbvs=1; .jsd=0.0001; .jswd=1e-011; .jswgd=1e-010; .njd=1; .ijthdfwd=0.01; .ijthdrev=0.001; .bvd=10; .xjbvd=1; .pbs=1; .cjs=0.0005; .mjs=0.5; .pbsws=1; .cjsws=5e-010; .mjsws=0.33; .pbswgs=1; .cjswgs=3e-010; .mjswgs=0.33; .pbd=1; .cjd=0.0005; .mjd=0.5; .pbswd=1; .cjswd=5e-010; .mjswd=0.33; .pbswgd=1; .cjswgd=5e-010; .mjswgd=0.33; .tpb=0.005; .tcj=0.001; .tpbsw=0.005; .tcjsw=0.001; .tpbswg=0.005; .tcjswg=0.001; .xtis=3; .xtid=3; .dmcg=8e-006; .dmci=3e-006; .dmdg=2e-006; .dmcgt=1e-007; .dwj=0.0e-008; .xgw=0e-007; .xgl=0e-008; .rshg=0.4; .gbmin=1e-010; .rbpb=5; .rbpd=15; .rbps=15; .rbdb=15; .rbsb=15; .ngcon=1; .jtss=1e-4; .jtsd=1e-4; .jtssws=1e-10; .jtsswd=1e-10; .jtsswgs=1e-7; .jtsswgd=1e-7; .njts=20.0; .njtssw=15; .njtsswg=4; .vtss=10; .vtsd=10; .vtssws=10; .vtsswd=10; .njtsd=15.0; .njtsswd=20; .njtsswgd=6; .tnjts=0.1; .tnjtsd=0.05; .vtsswgs=2; .vtsswgd=2; .xtss=0.02; .xtsd=0.02; .xtssws=0.02; .xtsswd=0.02; .xtsswgs=0.02; .xtsswgd=0.02;
endparamset

parameter real L=0.09u; // MOSFET length 
parameter real WN=10.0u; // NMOS width 
parameter real WP=20.0u; // PMOS width 
parameter real VNOM=1.2; // Nominal supply (V) 
ground gnd;
vsource #(.dc(vd)) sd (.p(d),.n(gnd));
vsource #(.dc(vg)) sg (.p(g),.n(gnd));
parameter vd = 0.0;
parameter vg = 0.0;
PMOS #(.l(L),.w(WP)) M1 (.d(d),.g(g),.s(gnd),.b(gnd));
#           v(g)       i(sd)      iter(0)   
 0.        -0.2       -1.6337E-9  4.        
-0.02      -0.2        523.92E-9  4.        
-0.04      -0.2        761.9E-9   4.        
-0.06      -0.2        856.78E-9  4.        
-0.08      -0.2        902.47E-9  4.        
-0.1       -0.2        932.4E-9   4.        
-0.12      -0.2        956.52E-9  4.        
-0.14      -0.2        978.14E-9  4.        
-0.16      -0.2        998.53E-9  4.        
-0.18      -0.2        1.0182E-6  4.        
-0.2       -0.2        1.0376E-6  4.        
-0.22      -0.2        1.0566E-6  4.        
-0.24      -0.2        1.0756E-6  4.        
-0.26      -0.2        1.0944E-6  4.        
-0.28      -0.2        1.1132E-6  4.        
-0.3       -0.2        1.1319E-6  4.        
-0.32      -0.2        1.1507E-6  4.        
-0.34      -0.2        1.1694E-6  4.        
-0.36      -0.2        1.1882E-6  4.        
-0.38      -0.2        1.2069E-6  4.        
-0.4       -0.2        1.2257E-6  4.        
-0.42      -0.2        1.2446E-6  4.        
-0.44      -0.2        1.2634E-6  4.        
-0.46      -0.2        1.2823E-6  4.        
-0.48      -0.2        1.3012E-6  4.        
-0.5       -0.2        1.3202E-6  4.        
-0.52      -0.2        1.3392E-6  4.        
-0.54      -0.2        1.3582E-6  4.        
-0.56      -0.2        1.3773E-6  4.        
-0.58      -0.2        1.3965E-6  4.        
-0.6       -0.2        1.4156E-6  4.        
-0.62      -0.2        1.4348E-6  4.        
-0.64      -0.2        1.4541E-6  4.        
-0.66      -0.2        1.4734E-6  4.        
-0.68      -0.2        1.4928E-6  4.        
-0.7       -0.2        1.5122E-6  4.        
-0.72      -0.2        1.5316E-6  4.        
-0.74      -0.2        1.5511E-6  4.        
-0.76      -0.2        1.5706E-6  4.        
-0.78      -0.2        1.5902E-6  4.        
-0.8       -0.2        1.6098E-6  4.        
-0.82      -0.2        1.6294E-6  4.        
-0.84      -0.2        1.6491E-6  4.        
-0.86      -0.2        1.6689E-6  4.        
-0.88      -0.2        1.6886E-6  4.        
-0.9       -0.2        1.7085E-6  4.        
-0.92      -0.2        1.7283E-6  4.        
-0.94      -0.2        1.7483E-6  4.        
-0.96      -0.2        1.7682E-6  4.        
-0.98      -0.2        1.7882E-6  4.        
-1.        -0.2        1.8083E-6  4.        
-1.02      -0.2        1.8284E-6  4.        
-1.04      -0.2        1.8485E-6  4.        
-1.06      -0.2        1.8687E-6  4.        
-1.08      -0.2        1.8889E-6  4.        
-1.1       -0.2        1.9092E-6  4.        
-1.12      -0.2        1.9295E-6  4.        
-1.14      -0.2        1.9499E-6  4.        
-1.16      -0.2        1.9704E-6  4.        
-1.18      -0.2        1.9909E-6  4.        
-1.2       -0.2        2.0115E-6  4.        
 0.        -0.4       -13.255E-9  5.        
-0.02      -0.4        22.312E-6  4.        
-0.04      -0.4        37.749E-6  4.        
-0.06      -0.4        47.265E-6  4.        
-0.08      -0.4        52.495E-6  4.        
-0.1       -0.4        55.298E-6  4.        
-0.12      -0.4        56.977E-6  4.        
-0.14      -0.4        58.167E-6  4.        
-0.16      -0.4        59.134E-6  4.        
-0.18      -0.4        59.989E-6  4.        
-0.2       -0.4        60.783E-6  4.        
-0.22      -0.4        61.54E-6   4.        
-0.24      -0.4        62.274E-6  4.        
-0.26      -0.4        62.993E-6  4.        
-0.28      -0.4        63.702E-6  4.        
-0.3       -0.4        64.402E-6  4.        
-0.32      -0.4        65.098E-6  4.        
-0.34      -0.4        65.789E-6  4.        
-0.36      -0.4        66.477E-6  4.        
-0.38      -0.4        67.163E-6  4.        
-0.4       -0.4        67.848E-6  4.        
-0.42      -0.4        68.531E-6  4.        
-0.44      -0.4        69.213E-6  4.        
-0.46      -0.4        69.895E-6  4.        
-0.48      -0.4        70.576E-6  4.        
-0.5       -0.4        71.257E-6  4.        
-0.52      -0.4        71.938E-6  4.        
-0.54      -0.4        72.619E-6  4.        
-0.56      -0.4        73.301E-6  4.        
-0.58      -0.4        73.983E-6  4.        
-0.6       -0.4        74.665E-6  4.        
-0.62      -0.4        75.348E-6  4.        
-0.64      -0.4        76.031E-6  4.        
-0.66      -0.4        76.714E-6  4.        
-0.68      -0.4        77.399E-6  4.        
-0.7       -0.4        78.084E-6  4.        
-0.72      -0.4        78.769E-6  4.        
-0.74      -0.4        79.456E-6  4.        
-0.76      -0.4        80.143E-6  4.        
-0.78      -0.4        80.83E-6   4.        
-0.8       -0.4        81.519E-6  4.        
-0.82      -0.4        82.208E-6  4.        
-0.84      -0.4        82.898E-6  4.        
-0.86      -0.4        83.589E-6  4.        
-0.88      -0.4        84.281E-6  4.        
-0.9       -0.4        84.973E-6  4.        
-0.92      -0.4        85.667E-6  4.        
-0.94      -0.4        86.361E-6  4.        
-0.96      -0.4        87.056E-6  4.        
-0.98      -0.4        87.753E-6  4.        
-1.        -0.4        88.45E-6   4.        
-1.02      -0.4        89.148E-6  4.        
-1.04      -0.4        89.847E-6  4.        
-1.06      -0.4        90.547E-6  4.        
-1.08      -0.4        91.249E-6  4.        
-1.1       -0.4        91.951E-6  4.        
-1.12      -0.4        92.655E-6  4.        
-1.14      -0.4        93.359E-6  4.        
-1.16      -0.4        94.065E-6  4.        
-1.18      -0.4        94.773E-6  4.        
-1.2       -0.4        95.481E-6  4.        
 0.        -0.6       -79.314E-9  5.        
-0.02      -0.6        105.38E-6  4.        
-0.04      -0.6        198.97E-6  4.        
-0.06      -0.6        280.87E-6  4.        
-0.08      -0.6        351.35E-6  4.        
-0.1       -0.6        410.71E-6  4.        
-0.12      -0.6        459.38E-6  4.        
-0.14      -0.6        497.98E-6  4.        
-0.16      -0.6        527.46E-6  4.        
-0.18      -0.6        549.17E-6  4.        
-0.2       -0.6        564.82E-6  4.        
-0.22      -0.6        576.21E-6  4.        
-0.24      -0.6        584.84E-6  4.        
-0.26      -0.6        591.77E-6  4.        
-0.28      -0.6        597.67E-6  4.        
-0.3       -0.6        602.91E-6  4.        
-0.32      -0.6        607.72E-6  4.        
-0.34      -0.6        612.24E-6  4.        
-0.36      -0.6        616.55E-6  4.        
-0.38      -0.6        620.71E-6  4.        
-0.4       -0.6        624.75E-6  4.        
-0.42      -0.6        628.69E-6  4.        
-0.44      -0.6        632.56E-6  4.        
-0.46      -0.6        636.36E-6  4.        
-0.48      -0.6        640.11E-6  4.        
-0.5       -0.6        643.82E-6  4.        
-0.52      -0.6        647.49E-6  4.        
-0.54      -0.6        651.12E-6  4.        
-0.56      -0.6        654.73E-6  4.        
-0.58      -0.6        658.31E-6  4.        
-0.6       -0.6        661.87E-6  4.        
-0.62      -0.6        665.4E-6   4.        
-0.64      -0.6        668.92E-6  4.        
-0.66      -0.6        672.42E-6  4.        
-0.68      -0.6        675.9E-6   4.        
-0.7       -0.6        679.37E-6  4.        
-0.72      -0.6        682.83E-6  4.        
-0.74      -0.6        686.28E-6  4.        
-0.76      -0.6        689.72E-6  4.        
-0.78      -0.6        693.14E-6  4.        
-0.8       -0.6        696.56E-6  4.        
-0.82      -0.6        699.97E-6  4.        
-0.84      -0.6        703.37E-6  4.        
-0.86      -0.6        706.76E-6  4.        
-0.88      -0.6        710.15E-6  4.        
-0.9       -0.6        713.53E-6  4.        
-0.92      -0.6        716.91E-6  4.        
-0.94      -0.6        720.28E-6  4.        
-0.96      -0.6        723.64E-6  4.        
-0.98      -0.6        727.01E-6  4.        
-1.        -0.6        730.36E-6  4.        
-1.02      -0.6        733.72E-6  4.        
-1.04      -0.6        737.06E-6  4.        
-1.06      -0.6        740.41E-6  4.        
-1.08      -0.6        743.75E-6  4.        
-1.1       -0.6        747.09E-6  4.        
-1.12      -0.6        750.43E-6  4.        
-1.14      -0.6        753.77E-6  4.        
-1.16      -0.6        757.11E-6  4.        
-1.18      -0.6        760.44E-6  4.        
-1.2       -0.6        763.77E-6  4.        
 0.        -0.8       -416.4E-9   5.        
-0.02      -0.8        178.94E-6  4.        
-0.04      -0.8        346.67E-6  4.        
-0.06      -0.8        502.89E-6  4.        
-0.08      -0.8        647.74E-6  4.        
-0.1       -0.8        781.35E-6  4.        
-0.12      -0.8        903.86E-6  4.        
-0.14      -0.8        0.0010154  4.        
-0.16      -0.8        0.0011162  4.        
-0.18      -0.8        0.0012063  4.        
-0.2       -0.8        0.0012861  4.        
-0.22      -0.8        0.0013558  4.        
-0.24      -0.8        0.0014158  4.        
-0.26      -0.8        0.0014666  4.        
-0.28      -0.8        0.0015089  4.        
-0.3       -0.8        0.0015436  4.        
-0.32      -0.8        0.0015718  4.        
-0.34      -0.8        0.0015947  4.        
-0.36      -0.8        0.0016136  4.        
-0.38      -0.8        0.0016296  4.        
-0.4       -0.8        0.0016435  4.        
-0.42      -0.8        0.001656   4.        
-0.44      -0.8        0.0016674  4.        
-0.46      -0.8        0.001678   4.        
-0.48      -0.8        0.0016881  4.        
-0.5       -0.8        0.0016977  4.        
-0.52      -0.8        0.0017069  4.        
-0.54      -0.8        0.0017158  4.        
-0.56      -0.8        0.0017245  4.        
-0.58      -0.8        0.001733   4.        
-0.6       -0.8        0.0017413  4.        
-0.62      -0.8        0.0017495  4.        
-0.64      -0.8        0.0017575  4.        
-0.66      -0.8        0.0017654  4.        
-0.68      -0.8        0.0017732  4.        
-0.7       -0.8        0.0017808  4.        
-0.72      -0.8        0.0017884  4.        
-0.74      -0.8        0.0017959  4.        
-0.76      -0.8        0.0018034  4.        
-0.78      -0.8        0.0018107  4.        
-0.8       -0.8        0.001818   4.        
-0.82      -0.8        0.0018253  4.        
-0.84      -0.8        0.0018325  4.        
-0.86      -0.8        0.0018396  4.        
-0.88      -0.8        0.0018467  4.        
-0.9       -0.8        0.0018537  4.        
-0.92      -0.8        0.0018607  4.        
-0.94      -0.8        0.0018677  4.        
-0.96      -0.8        0.0018746  4.        
-0.98      -0.8        0.0018815  4.        
-1.        -0.8        0.0018883  4.        
-1.02      -0.8        0.0018952  4.        
-1.04      -0.8        0.001902   4.        
-1.06      -0.8        0.0019087  4.        
-1.08      -0.8        0.0019155  4.        
-1.1       -0.8        0.0019222  4.        
-1.12      -0.8        0.0019289  4.        
-1.14      -0.8        0.0019355  4.        
-1.16      -0.8        0.0019422  4.        
-1.18      -0.8        0.0019488  4.        
-1.2       -0.8        0.0019554  4.        
 0.        -1.        -2.028E-6   5.        
-0.02      -1.         225.61E-6  4.        
-0.04      -1.         442.85E-6  4.        
-0.06      -1.         649.79E-6  4.        
-0.08      -1.         846.52E-6  4.        
-0.1       -1.         0.0010331  4.        
-0.12      -1.         0.0012097  4.        
-0.14      -1.         0.0013763  4.        
-0.16      -1.         0.0015331  4.        
-0.18      -1.         0.0016801  4.        
-0.2       -1.         0.0018174  4.        
-0.22      -1.         0.0019453  4.        
-0.24      -1.         0.0020636  4.        
-0.26      -1.         0.0021727  4.        
-0.28      -1.         0.0022726  4.        
-0.3       -1.         0.0023634  4.        
-0.32      -1.         0.0024455  4.        
-0.34      -1.         0.002519   4.        
-0.36      -1.         0.0025843  4.        
-0.38      -1.         0.0026416  4.        
-0.4       -1.         0.0026917  4.        
-0.42      -1.         0.0027349  4.        
-0.44      -1.         0.0027722  4.        
-0.46      -1.         0.0028043  4.        
-0.48      -1.         0.0028323  4.        
-0.5       -1.         0.0028568  4.        
-0.52      -1.         0.0028788  4.        
-0.54      -1.         0.0028987  4.        
-0.56      -1.         0.0029171  4.        
-0.58      -1.         0.0029344  4.        
-0.6       -1.         0.0029507  4.        
-0.62      -1.         0.0029662  4.        
-0.64      -1.         0.0029812  4.        
-0.66      -1.         0.0029956  4.        
-0.68      -1.         0.0030096  4.        
-0.7       -1.         0.0030232  4.        
-0.72      -1.         0.0030364  4.        
-0.74      -1.         0.0030494  4.        
-0.76      -1.         0.0030621  4.        
-0.78      -1.         0.0030745  4.        
-0.8       -1.         0.0030868  4.        
-0.82      -1.         0.0030988  4.        
-0.84      -1.         0.0031107  4.        
-0.86      -1.         0.0031224  4.        
-0.88      -1.         0.0031339  4.        
-0.9       -1.         0.0031453  4.        
-0.92      -1.         0.0031566  4.        
-0.94      -1.         0.0031677  4.        
-0.96      -1.         0.0031787  4.        
-0.98      -1.         0.0031897  4.        
-1.        -1.         0.0032005  4.        
-1.02      -1.         0.0032112  4.        
-1.04      -1.         0.0032218  4.        
-1.06      -1.         0.0032324  4.        
-1.08      -1.         0.0032429  4.        
-1.1       -1.         0.0032532  4.        
-1.12      -1.         0.0032636  4.        
-1.14      -1.         0.0032738  4.        
-1.16      -1.         0.003284   4.        
-1.18      -1.         0.0032941  4.        
-1.2       -1.         0.0033042  4.        
 0.        -1.2       -9.3925E-6  5.        
-0.02      -1.2        248.32E-6  4.        
-0.04      -1.2        496.86E-6  4.        
-0.06      -1.2        736.31E-6  4.        
-0.08      -1.2        966.75E-6  4.        
-0.1       -1.2        0.0011883  4.        
-0.12      -1.2        0.0014009  4.        
-0.14      -1.2        0.0016048  4.        
-0.16      -1.2        0.0017999  4.        
-0.18      -1.2        0.0019864  4.        
-0.2       -1.2        0.0021644  4.        
-0.22      -1.2        0.0023338  4.        
-0.24      -1.2        0.0024948  4.        
-0.26      -1.2        0.0026475  4.        
-0.28      -1.2        0.0027918  4.        
-0.3       -1.2        0.002928   4.        
-0.32      -1.2        0.003056   4.        
-0.34      -1.2        0.003176   4.        
-0.36      -1.2        0.0032881  4.        
-0.38      -1.2        0.0033923  4.        
-0.4       -1.2        0.0034889  4.        
-0.42      -1.2        0.0035778  4.        
-0.44      -1.2        0.0036594  4.        
-0.46      -1.2        0.0037337  4.        
-0.48      -1.2        0.0038012  4.        
-0.5       -1.2        0.003862   4.        
-0.52      -1.2        0.0039165  4.        
-0.54      -1.2        0.0039652  4.        
-0.56      -1.2        0.0040087  4.        
-0.58      -1.2        0.0040475  4.        
-0.6       -1.2        0.0040823  4.        
-0.62      -1.2        0.0041137  4.        
-0.64      -1.2        0.0041425  4.        
-0.66      -1.2        0.004169   4.        
-0.68      -1.2        0.0041937  4.        
-0.7       -1.2        0.0042171  4.        
-0.72      -1.2        0.0042392  4.        
-0.74      -1.2        0.0042604  4.        
-0.76      -1.2        0.0042808  4.        
-0.78      -1.2        0.0043005  4.        
-0.8       -1.2        0.0043195  4.        
-0.82      -1.2        0.0043381  4.        
-0.84      -1.2        0.0043561  4.        
-0.86      -1.2        0.0043737  4.        
-0.88      -1.2        0.004391   4.        
-0.9       -1.2        0.0044079  4.        
-0.92      -1.2        0.0044244  4.        
-0.94      -1.2        0.0044407  4.        
-0.96      -1.2        0.0044567  4.        
-0.98      -1.2        0.0044724  4.        
-1.        -1.2        0.0044879  4.        
-1.02      -1.2        0.0045032  4.        
-1.04      -1.2        0.0045182  4.        
-1.06      -1.2        0.0045331  4.        
-1.08      -1.2        0.0045478  4.        
-1.1       -1.2        0.0045623  4.        
-1.12      -1.2        0.0045767  4.        
-1.14      -1.2        0.0045909  4.        
-1.16      -1.2        0.004605   4.        
-1.18      -1.2        0.0046189  4.        
-1.2       -1.2        0.0046327  4.        
Gnucap   System status
iterations: op=0, dc=1469, tran=0, fourier=0, total=1469
transient timesteps: accepted=0, rejected=0, total=0
nodes: user=2, subckt=0, model=18, total=20
dctran density=34.2%, ac density=34.2%
