Gnucap : The Gnu Circuit Analysis Package
Never trust any version less than 1.0
Copyright 1982-2013, Albert Davis
Gnucap comes with ABSOLUTELY NO WARRANTY
This is free software, and you are welcome
to redistribute it under the terms of 
the GNU General Public License, version 3 or later.
See the file "COPYING" for details.
main version: noinsensitive 2025.10.15
core-lib version: noinsensitive 2025.10.15
default plugins: noinsensitive 2025.10.15
param: already installed, replacing
stashing as param:0
parameters: already installed, replacing
stashing as parameters:0
parameter: already installed, replacing
stashing as parameter:0
logic: already installed, replacing
stashing as logic:0
spice: already installed, replacing
stashing as spice:0
acs: already installed, replacing
stashing as acs:0
;: already installed, replacing
stashing as ;:0
#: already installed, replacing
stashing as #:0
*: already installed, replacing
stashing as *:0
': already installed, replacing
stashing as ':0
": already installed, replacing
stashing as ":0
dev_comment: already installed, replacing
stashing as dev_comment:0
.model: already installed, replacing
stashing as .model:0
.subckt: already installed, replacing
stashing as .subckt:0
.macro: already installed, replacing
stashing as .macro:0
.lib: already installed, replacing
stashing as .lib:0
lib: already installed, replacing
stashing as lib:0
.include: already installed, replacing
stashing as .include:0
.merge: already installed, replacing
stashing as .merge:0
merge: already installed, replacing
stashing as merge:0
<: already installed, replacing
stashing as <:0
.get: already installed, replacing
stashing as .get:0
get: already installed, replacing
stashing as get:0
.build: already installed, replacing
stashing as .build:0
build: already installed, replacing
stashing as build:0
spice: already installed, replacing
stashing as spice:0
`spice: already installed, replacing
stashing as `spice:0
acs: already installed, replacing
stashing as acs:0
.endc: already installed, replacing
stashing as .endc:0
.control: already installed, replacing
stashing as .control:0
verilog: already installed, replacing
stashing as verilog:0
paramset: already installed, replacing
stashing as paramset:0
module: already installed, replacing
stashing as module:0
macromodule: already installed, replacing
stashing as macromodule:0
verilog: already installed, replacing
stashing as verilog:0
quit: already installed, replacing
stashing as quit:0
exit: already installed, replacing
stashing as exit:0
detach_all: already installed, replacing
stashing as detach_all:0
paramset NMOS bsim4va;
  parameter real l=0.09u;
   parameter real w=10.0u;
 .l=l; .w=w; .type=1; .level=14; .version=4.80; .binunit=1; .paramchk=1; .mobmod=0; .capmod=1; .igcmod=1; .igbmod=1; .geomod=1; .diomod=1; .rdsmod=0; .rbodymod=0; .rgatemod=1; .permod=1; .acnqsmod=0; .trnqsmod=0; .tempmod=0; .mtrlmod=1; .cvchargemod=0; .mtrlcompatmod=1; .gidlmod=0; .wpemod=0; .eot=1.8e-009; .vddeot=1.5; .ados=1.1; .bdos=1.0; .tnom=25; .toxe=1.8e-009; .toxp=10e-010; .toxm=1.8e-009; .dtox=8e-10; .epsrox=3.9; .wint=5e-009; .lint=1e-009; .ll=0; .wl=0; .lln=1; .wln=1; .lw=0; .ww=0; .lwn=1; .wwn=1; .lwl=0; .wwl=0; .xpart=1; .toxref=1.4e-009; .phig=4.05; .epsrgate=11.7; .saref=5e-6; .sbref=5e-6; .wlod=2e-6; .ku0=(- 4e-6); .kvsat=0.2; .kvth0=(- 2e-8); .tku0=0.0; .llodku0=1.1; .wlodku0=1.1; .llodvth=1.0; .wlodvth=1.0; .lku0=1e-6; .wku0=1e-6; .pku0=0.0; .lkvth0=1.1e-6; .wkvth0=1.1e-6; .pkvth0=0.0; .stk2=0.0; .lodk2=1.0; .steta0=0.0; .lodeta0=1.0; .lambda=4e-10; .vsat=1.1e+005; .vtl=2.0e5; .xn=6.0; .lc=5e-9; .rnoia=0.577; .rnoib=0.37; .tvoff=0.0; .tvfbsdoff=0.0; .vth0=0.25; .k1=0.35; .k2=0.05; .k3=0; .k3b=0; .w0=2.5e-006; .dvt0=1.8; .dvt1=0.52; .dvt2=(- 0.032); .dvt0w=0; .dvt1w=0; .dvt2w=0; .dsub=2; .minv=0.05; .voffl=0; .dvtp0=1e-007; .minvcv=2; .voffcvl=0; .dvtp1=0.05; .lpe0=5.75e-008; .lpeb=2.3e-010; .xj=2e-008; .ngate=5e+020; .ndep=2.8e+018; .nsd=1e+020; .phin=0; .cdsc=0.0002; .cdscb=0; .cdscd=0; .cit=0; .voff=(- 0.15); .nfactor=1.2; .eta0=0.05; .etab=0; .vfb=(- 0.55); .u0=0.032; .ua=5.0e-011; .ub=3.5e-018; .uc=(- 3e-011); .a0=2; .ags=1e-020; .a1=0; .a2=1; .b0=(- 1e-020); .b1=0; .keta=0.04; .dwg=0; .dwb=0; .pclm=0.08; .pdiblc1=0.028; .pdiblc2=0.022; .pdiblcb=(- 0.005); .drout=0.45; .pvag=1e-020; .delta=0.01; .pscbe1=8.14e+008; .pscbe2=5e-008; .fprout=0.2; .pdits=0.2; .pditsd=0.23; .pditsl=2.3e+006; .rsh=0; .rdsw=50; .rsw=50; .rdw=50; .rdswmin=0; .rdwmin=0; .rswmin=0; .prwg=0; .prwb=6.8e-011; .wr=1; .alpha0=0.074; .alpha1=0.005; .beta0=30; .agidl=0.0001; .bgidl=2.1e+009; .cgidl=0.0001; .egidl=0.8; .agisl=0.0002; .bgisl=2.1e+009; .cgisl=0.0002; .egisl=(- 0.28); .aigbacc=0.012; .bigbacc=0.0028; .cigbacc=0.002; .nigbacc=1; .aigbinv=0.014; .bigbinv=0.004; .cigbinv=0.004; .eigbinv=1.1; .nigbinv=3; .aigc=0.012; .bigc=0.0028; .cigc=0.002; .aigs=0.012; .bigs=0.0028; .cigs=0.002; .nigc=1; .poxedge=1; .pigcd=1; .ntox=1; .aigd=0.01; .bigd=0.003; .cigd=0.0015; .xrcrg1=12; .xrcrg2=5; .cgso=6.238e-010; .cgdo=6.238e-010; .cgbo=2.56e-011; .cgdl=2.495e-10; .cgsl=2.495e-10; .ckappas=0.03; .ckappad=0.03; .acde=1; .moin=15; .noff=0.9; .voffcv=(- 0.02); .kt1=(- 0.37); .kt1l=0.0; .kt2=(- 0.042); .ute=(- 1.5); .ua1=1e-009; .ub1=(- 3.5e-019); .uc1=0; .prt=0; .at=53000; .fnoimod=1; .tnoimod=0; .jss=0.0001; .jsws=1e-011; .jswgs=1e-010; .njs=1; .ijthsfwd=0.01; .ijthsrev=0.001; .bvs=10; .xjbvs=1; .jsd=0.0001; .jswd=1e-011; .jswgd=1e-010; .njd=1; .ijthdfwd=0.01; .ijthdrev=0.001; .bvd=10; .xjbvd=1; .pbs=1; .cjs=0.0005; .mjs=0.5; .pbsws=1; .cjsws=5e-010; .mjsws=0.33; .pbswgs=1; .cjswgs=3e-010; .mjswgs=0.33; .pbd=1; .cjd=0.0005; .mjd=0.5; .pbswd=1; .cjswd=5e-010; .mjswd=0.33; .pbswgd=1; .cjswgd=5e-010; .mjswgd=0.33; .tpb=0.005; .tcj=0.001; .tpbsw=0.005; .tcjsw=0.001; .tpbswg=0.005; .tcjswg=0.001; .xtis=3; .xtid=3; .dmcg=8e-006; .dmci=3e-006; .dmdg=2e-006; .dmcgt=1e-007; .dwj=0.0e-008; .xgw=0e-007; .xgl=0e-008; .rshg=0.4; .gbmin=1e-010; .rbpb=5; .rbpd=15; .rbps=15; .rbdb=15; .rbsb=15; .ngcon=1; .jtss=1e-4; .jtsd=1e-4; .jtssws=1e-10; .jtsswd=1e-10; .jtsswgs=1e-7; .jtsswgd=1e-7; .njts=20.0; .njtssw=15; .njtsswg=6; .vtss=10; .vtsd=10; .vtssws=10; .vtsswd=10; .njtsd=15.0; .njtsswd=20; .njtsswgd=6; .tnjts=0.1; .tnjtsd=0.05; .vtsswgs=2; .vtsswgd=2; .xtss=0.02; .xtsd=0.02; .xtssws=0.02; .xtsswd=0.02; .xtsswgs=0.02; .xtsswgd=0.02;
endparamset

paramset PMOS bsim4va;
  parameter real l=0.09u;
   parameter real w=10.0u;
 .l=l; .w=w; .type=(- 1); .level=14; .version=4.80; .binunit=1; .paramchk=1; .mobmod=0; .capmod=1; .igcmod=1; .igbmod=1; .geomod=1; .diomod=1; .rdsmod=0; .rbodymod=0; .rgatemod=1; .permod=1; .acnqsmod=0; .trnqsmod=0; .tempmod=0; .mtrlmod=1; .cvchargemod=0; .mtrlcompatmod=1; .gidlmod=0; .wpemod=0; .eot=1.8e-009; .vddeot=(- 1.5); .ados=1.1; .bdos=1.0; .tnom=27; .toxe=1.8e-009; .toxp=10e-010; .toxm=1.8e-009; .dtox=8e-10; .epsrox=3.9; .wint=5e-009; .lint=1e-009; .ll=0; .wl=0; .lln=1; .wln=1; .lw=0; .ww=0; .lwn=1; .wwn=1; .lwl=0; .wwl=0; .xpart=0; .toxref=1.8e-9; .phig=4.05; .epsrgate=11.7; .saref=5e-6; .sbref=5e-6; .wlod=2e-6; .ku0=4e-6; .kvsat=0.2; .kvth0=(- 2e-8); .tku0=0.0; .llodku0=1.1; .wlodku0=1.1; .llodvth=1.0; .wlodvth=1.0; .lku0=1e-6; .wku0=1e-6; .pku0=0.0; .lkvth0=1.1e-6; .wkvth0=1.1e-6; .pkvth0=0.0; .stk2=0.0; .lodk2=1.0; .steta0=0.0; .lodeta0=1.0; .lambda=4e-10; .vsat=1.1e+005; .vtl=2.0e5; .xn=6.0; .lc=5e-9; .rnoia=0.577; .rnoib=0.37; .tvoff=0.0; .tvfbsdoff=0.0; .vth0=(- 0.25); .k1=0.35; .k2=0.05; .k3=0; .k3b=0; .w0=2.5e-006; .dvt0=1.8; .dvt1=0.52; .dvt2=(- 0.032); .dvt0w=0; .dvt1w=0; .dvt2w=0; .dsub=2; .minv=0.05; .voffl=0; .dvtp0=1e-007; .minvcv=2; .voffcvl=0; .dvtp1=0.05; .lpe0=5.75e-008; .lpeb=2.3e-010; .xj=2e-008; .ngate=5e+020; .ndep=2.8e+018; .nsd=1e+020; .phin=0; .cdsc=0.0002; .cdscb=0; .cdscd=0; .cit=0; .voff=(- 0.15); .nfactor=1.2; .eta0=0.05; .etab=0; .vfb=0.55; .u0=0.0095; .ua=5.0e-011; .ub=3.5e-018; .uc=(- 3e-011); .a0=2; .ags=1e-020; .a1=0; .a2=1; .b0=(- 1e-020); .b1=0; .keta=0.04; .dwg=0; .dwb=0; .pclm=0.08; .pdiblc1=0.028; .pdiblc2=0.022; .pdiblcb=(- 0.005); .drout=0.45; .pvag=1e-020; .delta=0.01; .pscbe1=8.14e+008; .pscbe2=5e-008; .fprout=0.2; .pdits=0.2; .pditsd=0.23; .pditsl=2.3e+006; .rsh=0; .rdsw=50; .rsw=50; .rdw=50; .rdswmin=0; .rdwmin=0; .rswmin=0; .prwg=0; .prwb=6.8e-011; .wr=1; .alpha0=0.074; .alpha1=0.005; .beta0=30; .agidl=0.0002; .bgidl=2.1e+009; .cgidl=0.0002; .egidl=0.8; .agisl=0.0003; .bgisl=2.5e+009; .cgisl=0.0003; .egisl=(- 0.28); .aigbacc=0.012; .bigbacc=0.0028; .cigbacc=0.002; .nigbacc=1; .aigbinv=0.014; .bigbinv=0.004; .cigbinv=0.004; .eigbinv=1.1; .nigbinv=3; .aigc=0.012; .bigc=0.0028; .cigc=0.002; .aigs=0.012; .bigs=0.0028; .cigs=0.002; .nigc=1; .poxedge=1; .pigcd=1; .ntox=1; .aigd=0.01; .bigd=0.003; .cigd=0.0015; .xrcrg1=12; .xrcrg2=5; .cgso=6.238e-010; .cgdo=6.238e-010; .cgbo=2.56e-011; .cgdl=2.495e-10; .cgsl=2.495e-10; .ckappas=0.03; .ckappad=0.03; .acde=1; .moin=15; .noff=0.9; .voffcv=0.02; .kt1=(- 0.37); .kt1l=0.0; .kt2=(- 0.042); .ute=(- 1.5); .ua1=1e-009; .ub1=(- 3.5e-019); .uc1=0; .prt=0; .at=53000; .fnoimod=1; .tnoimod=0; .jss=0.0001; .jsws=1e-011; .jswgs=1e-010; .njs=1; .ijthsfwd=0.01; .ijthsrev=0.001; .bvs=10; .xjbvs=1; .jsd=0.0001; .jswd=1e-011; .jswgd=1e-010; .njd=1; .ijthdfwd=0.01; .ijthdrev=0.001; .bvd=10; .xjbvd=1; .pbs=1; .cjs=0.0005; .mjs=0.5; .pbsws=1; .cjsws=5e-010; .mjsws=0.33; .pbswgs=1; .cjswgs=3e-010; .mjswgs=0.33; .pbd=1; .cjd=0.0005; .mjd=0.5; .pbswd=1; .cjswd=5e-010; .mjswd=0.33; .pbswgd=1; .cjswgd=5e-010; .mjswgd=0.33; .tpb=0.005; .tcj=0.001; .tpbsw=0.005; .tcjsw=0.001; .tpbswg=0.005; .tcjswg=0.001; .xtis=3; .xtid=3; .dmcg=8e-006; .dmci=3e-006; .dmdg=2e-006; .dmcgt=1e-007; .dwj=0.0e-008; .xgw=0e-007; .xgl=0e-008; .rshg=0.4; .gbmin=1e-010; .rbpb=5; .rbpd=15; .rbps=15; .rbdb=15; .rbsb=15; .ngcon=1; .jtss=1e-4; .jtsd=1e-4; .jtssws=1e-10; .jtsswd=1e-10; .jtsswgs=1e-7; .jtsswgd=1e-7; .njts=20.0; .njtssw=15; .njtsswg=4; .vtss=10; .vtsd=10; .vtssws=10; .vtsswd=10; .njtsd=15.0; .njtsswd=20; .njtsswgd=6; .tnjts=0.1; .tnjtsd=0.05; .vtsswgs=2; .vtsswgd=2; .xtss=0.02; .xtsd=0.02; .xtssws=0.02; .xtsswd=0.02; .xtsswgs=0.02; .xtsswgd=0.02;
endparamset

parameter real L=0.09u; // MOSFET length 
parameter real WN=10.0u; // NMOS width 
parameter real WP=20.0u; // PMOS width 
parameter real VNOM=1.2; // Nominal supply (V) 
ground gnd;
vsource #(.dc(vd)) sd (.p(d),.n(gnd));
vsource #(.dc(vg)) sg (.p(g),.n(gnd));
vsource #(.dc(vb)) sb (.p(b),.n(gnd));
parameter vd = 0.1;
parameter vg = 0.0;
parameter vb = 0.0;
NMOS #(.l(L),.w(WN)) M1 (.d(d),.g(g),.s(gnd),.b(b));
#           v(b)       i(sd)      iter(0)   
-0.6        2.E-15    -14.559E-9  4.        
-0.58       2.E-15    -12.706E-9  4.        
-0.56       2.E-15    -11.07E-9   4.        
-0.54       2.E-15    -9.637E-9   4.        
-0.52       2.E-15    -8.3746E-9  4.        
-0.5        2.E-15    -7.2669E-9  4.        
-0.48       2.E-15    -6.2992E-9  4.        
-0.46       2.E-15    -5.4497E-9  4.        
-0.44       2.E-15    -4.7075E-9  4.        
-0.42       2.E-15    -4.0636E-9  4.        
-0.4        2.E-15    -3.507E-9   4.        
-0.38       2.E-15    -3.0268E-9  4.        
-0.36       2.E-15    -2.6212E-9  4.        
-0.34       2.E-15    -2.281E-9   4.        
-0.32       2.E-15    -2.0082E-9  4.        
-0.3        2.E-15    -1.8099E-9  4.        
-0.28       2.E-15    -1.6935E-9  4.        
-0.26       2.E-15    -1.6789E-9  4.        
-0.24       2.E-15    -1.8099E-9  4.        
-0.22       2.E-15    -2.1428E-9  4.        
-0.2        2.E-15    -2.7867E-9  4.        
-0.18       2.E-15    -3.9054E-9  4.        
-0.16       2.E-15    -5.7662E-9  4.        
-0.14       2.E-15    -8.7966E-9  4.        
-0.12       2.E-15    -13.659E-9  4.        
-0.1        2.E-15    -21.415E-9  4.        
-0.08       2.E-15    -33.713E-9  4.        
-0.06       2.E-15    -53.122E-9  4.        
-0.04       2.E-15    -83.619E-9  4.        
-0.02       2.E-15    -131.3E-9   4.        
 0.         2.E-15    -205.42E-9  4.        
 0.02       2.E-15    -319.94E-9  4.        
 0.04       2.E-15    -495.57E-9  4.        
 0.06       2.E-15    -762.79E-9  4.        
 0.08       2.E-15    -1.1657E-6  4.        
 0.1        2.E-15    -1.7677E-6  4.        
 0.12       2.E-15    -2.6581E-6  4.        
 0.14       2.E-15    -3.9623E-6  4.        
 0.16       2.E-15    -5.8536E-6  4.        
 0.18       2.E-15    -8.569E-6   4.        
 0.2        2.E-15    -12.427E-6  4.        
 0.22       2.E-15    -17.844E-6  4.        
 0.24       2.E-15    -25.347E-6  4.        
 0.26       2.E-15    -35.57E-6   4.        
 0.28       2.E-15    -49.221E-6  4.        
 0.3        2.E-15    -67.021E-6  4.        
 0.32       2.E-15    -89.604E-6  4.        
 0.34       2.E-15    -117.4E-6   4.        
 0.36       2.E-15    -150.5E-6   4.        
 0.38       2.E-15    -188.65E-6  4.        
 0.4        2.E-15    -231.26E-6  4.        
 0.42       2.E-15    -277.51E-6  4.        
 0.44       2.E-15    -326.51E-6  4.        
 0.46       2.E-15    -377.36E-6  4.        
 0.48       2.E-15    -429.27E-6  4.        
 0.5        2.E-15    -481.55E-6  4.        
 0.52       2.E-15    -533.65E-6  4.        
 0.54       2.E-15    -585.14E-6  4.        
 0.56       2.E-15    -635.67E-6  4.        
 0.58       2.E-15    -685.01E-6  4.        
 0.6        2.E-15    -732.99E-6  4.        
 0.62       2.E-15    -779.48E-6  4.        
 0.64       2.E-15    -824.41E-6  4.        
 0.66       2.E-15    -867.73E-6  4.        
 0.68       2.E-15    -909.44E-6  4.        
 0.7        2.E-15    -949.53E-6  4.        
 0.72       2.E-15    -988.02E-6  4.        
 0.74       2.E-15    -0.0010249  4.        
 0.76       2.E-15    -0.0010603  4.        
 0.78       2.E-15    -0.0010942  4.        
 0.8        2.E-15    -0.0011266  4.        
 0.82       2.E-15    -0.0011576  4.        
 0.84       2.E-15    -0.0011872  4.        
 0.86       2.E-15    -0.0012155  4.        
 0.88       2.E-15    -0.0012425  4.        
 0.9        2.E-15    -0.0012683  4.        
 0.92       2.E-15    -0.0012928  4.        
 0.94       2.E-15    -0.0013162  4.        
 0.96       2.E-15    -0.0013385  4.        
 0.98       3.E-15    -0.0013598  4.        
 1.         3.E-15    -0.00138    4.        
 1.02       3.E-15    -0.0013992  4.        
 1.04       3.E-15    -0.0014175  4.        
 1.06       4.E-15    -0.0014348  4.        
 1.08       5.E-15    -0.0014513  4.        
 1.1        6.E-15    -0.0014669  4.        
 1.12       7.E-15    -0.0014817  4.        
 1.14       8.E-15    -0.0014958  4.        
 1.16       10.E-15   -0.0015091  4.        
 1.18       13.E-15   -0.0015216  4.        
 1.2        16.E-15   -0.0015335  4.        
-0.6       -0.3       -14.592E-9  5.        
-0.58      -0.3       -12.738E-9  4.        
-0.56      -0.3       -11.107E-9  4.        
-0.54      -0.3       -9.6679E-9  4.        
-0.52      -0.3       -8.4056E-9  4.        
-0.5       -0.3       -7.2996E-9  4.        
-0.48      -0.3       -6.3283E-9  4.        
-0.46      -0.3       -5.4752E-9  4.        
-0.44      -0.3       -4.7366E-9  4.        
-0.42      -0.3       -4.0873E-9  4.        
-0.4       -0.3       -3.5252E-9  4.        
-0.38      -0.3       -3.0341E-9  4.        
-0.36      -0.3       -2.6121E-9  4.        
-0.34      -0.3       -2.2465E-9  4.        
-0.32      -0.3       -1.9336E-9  4.        
-0.3       -0.3       -1.6698E-9  4.        
-0.28      -0.3       -1.4534E-9  4.        
-0.26      -0.3       -1.2769E-9  4.        
-0.24      -0.3       -1.1423E-9  4.        
-0.22      -0.3       -1.0659E-9  4.        
-0.2       -0.3       -1.0477E-9  4.        
-0.18      -0.3       -1.1169E-9  4.        
-0.16      -0.3       -1.3133E-9  4.        
-0.14      -0.3       -1.6989E-9  4.        
-0.12      -0.3       -2.3829E-9  4.        
-0.1       -0.3       -3.5434E-9  4.        
-0.08      -0.3       -5.4479E-9  4.        
-0.06      -0.3       -8.5602E-9  4.        
-0.04      -0.3       -13.604E-9  4.        
-0.02      -0.3       -21.726E-9  4.        
 0.        -0.3       -34.757E-9  4.        
 0.02      -0.3       -55.568E-9  4.        
 0.04      -0.3       -88.632E-9  4.        
 0.06      -0.3       -140.87E-9  4.        
 0.08      -0.3       -222.85E-9  4.        
 0.1       -0.3       -350.54E-9  4.        
 0.12      -0.3       -547.67E-9  4.        
 0.14      -0.3       -849.1E-9   4.        
 0.16      -0.3       -1.3052E-6  4.        
 0.18      -0.3       -1.9879E-6  4.        
 0.2       -0.3       -2.9984E-6  4.        
 0.22      -0.3       -4.4775E-6  4.        
 0.24      -0.3       -6.6187E-6  4.        
 0.26      -0.3       -9.684E-6   4.        
 0.28      -0.3       -14.02E-6   4.        
 0.3       -0.3       -20.072E-6  4.        
 0.32      -0.3       -28.385E-6  4.        
 0.34      -0.3       -39.582E-6  4.        
 0.36      -0.3       -54.312E-6  4.        
 0.38      -0.3       -73.162E-6  4.        
 0.4       -0.3       -96.558E-6  4.        
 0.42      -0.3       -124.66E-6  4.        
 0.44      -0.3       -157.3E-6   4.        
 0.46      -0.3       -194.02E-6  4.        
 0.48      -0.3       -234.11E-6  4.        
 0.5       -0.3       -276.8E-6   4.        
 0.52      -0.3       -321.29E-6  4.        
 0.54      -0.3       -366.85E-6  4.        
 0.56      -0.3       -412.89E-6  4.        
 0.58      -0.3       -458.88E-6  4.        
 0.6       -0.3       -504.44E-6  4.        
 0.62      -0.3       -549.27E-6  4.        
 0.64      -0.3       -593.13E-6  4.        
 0.66      -0.3       -635.86E-6  4.        
 0.68      -0.3       -677.36E-6  4.        
 0.7       -0.3       -717.56E-6  4.        
 0.72      -0.3       -756.4E-6   4.        
 0.74      -0.3       -793.88E-6  4.        
 0.76      -0.3       -829.99E-6  4.        
 0.78      -0.3       -864.74E-6  4.        
 0.8       -0.3       -898.14E-6  4.        
 0.82      -0.3       -930.23E-6  4.        
 0.84      -0.3       -961.03E-6  4.        
 0.86      -0.3       -990.58E-6  4.        
 0.88      -0.3       -0.0010189  4.        
 0.9       -0.3       -0.0010461  4.        
 0.92      -0.3       -0.0010721  4.        
 0.94      -0.3       -0.0010969  4.        
 0.96      -0.3       -0.0011208  4.        
 0.98      -0.3       -0.0011436  4.        
 1.        -0.3       -0.0011653  4.        
 1.02      -0.3       -0.0011862  4.        
 1.04      -0.3       -0.001206   4.        
 1.06      -0.3       -0.001225   4.        
 1.08      -0.3       -0.0012432  4.        
 1.1       -0.3       -0.0012605  4.        
 1.12      -0.3       -0.0012769  4.        
 1.14      -0.3       -0.0012927  4.        
 1.16      -0.3       -0.0013076  4.        
 1.18      -0.3       -0.0013219  4.        
 1.2       -0.3       -0.0013354  4.        
-0.6       -0.6       -14.623E-9  5.        
-0.58      -0.6       -12.769E-9  4.        
-0.56      -0.6       -11.138E-9  4.        
-0.54      -0.6       -9.6989E-9  4.        
-0.52      -0.6       -8.4383E-9  4.        
-0.5       -0.6       -7.3305E-9  4.        
-0.48      -0.6       -6.3592E-9  4.        
-0.46      -0.6       -5.5097E-9  4.        
-0.44      -0.6       -4.7658E-9  4.        
-0.42      -0.6       -4.1182E-9  4.        
-0.4       -0.6       -3.5525E-9  4.        
-0.38      -0.6       -3.0632E-9  4.        
-0.36      -0.6       -2.6375E-9  4.        
-0.34      -0.6       -2.2701E-9  4.        
-0.32      -0.6       -1.9536E-9  4.        
-0.3       -0.6       -1.6807E-9  4.        
-0.28      -0.6       -1.4497E-9  4.        
-0.26      -0.6       -1.2478E-9  4.        
-0.24      -0.6       -1.0859E-9  4.        
-0.22      -0.6        0.         4.        
-0.2       -0.6        0.         4.        
-0.18      -0.6        0.         4.        
-0.16      -0.6        0.         4.        
-0.14      -0.6        0.         4.        
-0.12      -0.6        0.         4.        
-0.1       -0.6        0.         4.        
-0.08      -0.6       -1.2478E-9  4.        
-0.06      -0.6       -1.7626E-9  4.        
-0.04      -0.6       -2.6412E-9  4.        
-0.02      -0.6       -4.0927E-9  4.        
 0.        -0.6       -6.4847E-9  4.        
 0.02      -0.6       -10.396E-9  4.        
 0.04      -0.6       -16.762E-9  4.        
 0.06      -0.6       -27.085E-9  4.        
 0.08      -0.6       -43.745E-9  4.        
 0.1       -0.6       -70.508E-9  4.        
 0.12      -0.6       -113.22E-9  4.        
 0.14      -0.6       -180.94E-9  4.        
 0.16      -0.6       -287.41E-9  4.        
 0.18      -0.6       -453.27E-9  4.        
 0.2       -0.6       -708.95E-9  4.        
 0.22      -0.6       -1.0987E-6  4.        
 0.24      -0.6       -1.6857E-6  4.        
 0.26      -0.6       -2.5594E-6  4.        
 0.28      -0.6       -3.8443E-6  4.        
 0.3       -0.6       -5.7116E-6  4.        
 0.32      -0.6       -8.3939E-6  4.        
 0.34      -0.6       -12.2E-6    4.        
 0.36      -0.6       -17.525E-6  4.        
 0.38      -0.6       -24.851E-6  4.        
 0.4       -0.6       -34.734E-6  4.        
 0.42      -0.6       -47.756E-6  4.        
 0.44      -0.6       -64.45E-6   4.        
 0.46      -0.6       -85.204E-6  4.        
 0.48      -0.6       -110.16E-6  4.        
 0.5       -0.6       -139.18E-6  4.        
 0.52      -0.6       -171.83E-6  4.        
 0.54      -0.6       -207.5E-6   4.        
 0.56      -0.6       -245.48E-6  4.        
 0.58      -0.6       -285.09E-6  4.        
 0.6       -0.6       -325.67E-6  4.        
 0.62      -0.6       -366.7E-6   4.        
 0.64      -0.6       -407.72E-6  4.        
 0.66      -0.6       -448.4E-6   4.        
 0.68      -0.6       -488.46E-6  4.        
 0.7       -0.6       -527.72E-6  4.        
 0.72      -0.6       -566.02E-6  4.        
 0.74      -0.6       -603.27E-6  4.        
 0.76      -0.6       -639.41E-6  4.        
 0.78      -0.6       -674.4E-6   4.        
 0.8       -0.6       -708.21E-6  4.        
 0.82      -0.6       -740.86E-6  4.        
 0.84      -0.6       -772.33E-6  4.        
 0.86      -0.6       -802.65E-6  4.        
 0.88      -0.6       -831.83E-6  4.        
 0.9       -0.6       -859.9E-6   4.        
 0.92      -0.6       -886.9E-6   4.        
 0.94      -0.6       -912.83E-6  4.        
 0.96      -0.6       -937.74E-6  4.        
 0.98      -0.6       -961.66E-6  4.        
 1.        -0.6       -984.61E-6  4.        
 1.02      -0.6       -0.0010066  4.        
 1.04      -0.6       -0.0010277  4.        
 1.06      -0.6       -0.001048   4.        
 1.08      -0.6       -0.0010674  4.        
 1.1       -0.6       -0.001086   4.        
 1.12      -0.6       -0.0011037  4.        
 1.14      -0.6       -0.0011208  4.        
 1.16      -0.6       -0.0011371  4.        
 1.18      -0.6       -0.0011527  4.        
 1.2       -0.6       -0.0011676  4.        
-0.6       -0.9       -14.687E-9  5.        
-0.58      -0.9       -12.833E-9  4.        
-0.56      -0.9       -11.201E-9  4.        
-0.54      -0.9       -9.7662E-9  4.        
-0.52      -0.9       -8.5001E-9  4.        
-0.5       -0.9       -7.3942E-9  4.        
-0.48      -0.9       -6.4229E-9  4.        
-0.46      -0.9       -5.5734E-9  4.        
-0.44      -0.9       -4.8294E-9  4.        
-0.42      -0.9       -4.1837E-9  4.        
-0.4       -0.9       -3.618E-9   4.        
-0.38      -0.9       -3.1287E-9  4.        
-0.36      -0.9       -2.7048E-9  4.        
-0.34      -0.9       -2.3319E-9  4.        
-0.32      -0.9       -2.0154E-9  4.        
-0.3       -0.9       -1.7426E-9  4.        
-0.28      -0.9       -1.5079E-9  4.        
-0.26      -0.9       -1.306E-9   4.        
-0.24      -0.9       -1.1369E-9  4.        
-0.22      -0.9        0.         4.        
-0.2       -0.9        0.         4.        
-0.18      -0.9        0.         4.        
-0.16      -0.9        0.         4.        
-0.14      -0.9        0.         4.        
-0.12      -0.9        0.         4.        
-0.1       -0.9        0.         4.        
-0.08      -0.9        0.         4.        
-0.06      -0.9        0.         4.        
-0.04      -0.9        0.         4.        
-0.02      -0.9       -1.0896E-9  4.        
 0.        -0.9       -1.5425E-9  4.        
 0.02      -0.9       -2.3101E-9  4.        
 0.04      -0.9       -3.5834E-9  4.        
 0.06      -0.9       -5.6862E-9  4.        
 0.08      -0.9       -9.1459E-9  4.        
 0.1       -0.9       -14.825E-9  4.        
 0.12      -0.9       -24.093E-9  4.        
 0.14      -0.9       -39.161E-9  4.        
 0.16      -0.9       -63.532E-9  4.        
 0.18      -0.9       -102.7E-9   4.        
 0.2       -0.9       -165.16E-9  4.        
 0.22      -0.9       -263.91E-9  4.        
 0.24      -0.9       -418.48E-9  4.        
 0.26      -0.9       -657.68E-9  4.        
 0.28      -0.9       -1.0235E-6  4.        
 0.3       -0.9       -1.5757E-6  4.        
 0.32      -0.9       -2.3991E-6  4.        
 0.34      -0.9       -3.6112E-6  4.        
 0.36      -0.9       -5.373E-6   4.        
 0.38      -0.9       -7.9016E-6  4.        
 0.4       -0.9       -11.484E-6  4.        
 0.42      -0.9       -16.488E-6  4.        
 0.44      -0.9       -23.359E-6  4.        
 0.46      -0.9       -32.608E-6  4.        
 0.48      -0.9       -44.758E-6  4.        
 0.5       -0.9       -60.277E-6  4.        
 0.52      -0.9       -79.487E-6  4.        
 0.54      -0.9       -102.48E-6  4.        
 0.56      -0.9       -129.07E-6  4.        
 0.58      -0.9       -158.86E-6  4.        
 0.6       -0.9       -191.26E-6  4.        
 0.62      -0.9       -225.65E-6  4.        
 0.64      -0.9       -261.41E-6  4.        
 0.66      -0.9       -297.99E-6  4.        
 0.68      -0.9       -334.92E-6  4.        
 0.7       -0.9       -371.82E-6  4.        
 0.72      -0.9       -408.41E-6  4.        
 0.74      -0.9       -444.46E-6  4.        
 0.76      -0.9       -479.8E-6   4.        
 0.78      -0.9       -514.31E-6  4.        
 0.8       -0.9       -547.91E-6  4.        
 0.82      -0.9       -580.55E-6  4.        
 0.84      -0.9       -612.19E-6  4.        
 0.86      -0.9       -642.82E-6  4.        
 0.88      -0.9       -672.43E-6  4.        
 0.9       -0.9       -701.02E-6  4.        
 0.92      -0.9       -728.62E-6  4.        
 0.94      -0.9       -755.23E-6  4.        
 0.96      -0.9       -780.88E-6  4.        
 0.98      -0.9       -805.58E-6  4.        
 1.        -0.9       -829.37E-6  4.        
 1.02      -0.9       -852.26E-6  4.        
 1.04      -0.9       -874.28E-6  4.        
 1.06      -0.9       -895.45E-6  4.        
 1.08      -0.9       -915.81E-6  4.        
 1.1       -0.9       -935.38E-6  4.        
 1.12      -0.9       -954.18E-6  4.        
 1.14      -0.9       -972.23E-6  4.        
 1.16      -0.9       -989.56E-6  4.        
 1.18      -0.9       -0.0010062  4.        
 1.2       -0.9       -0.0010222  4.        
-0.6       -1.2       -14.794E-9  5.        
-0.58      -1.2       -12.944E-9  4.        
-0.56      -1.2       -11.31E-9   4.        
-0.54      -1.2       -9.8753E-9  4.        
-0.52      -1.2       -8.6111E-9  4.        
-0.5       -1.2       -7.5052E-9  4.        
-0.48      -1.2       -6.532E-9   4.        
-0.46      -1.2       -5.6825E-9  4.        
-0.44      -1.2       -4.9386E-9  4.        
-0.42      -1.2       -4.2928E-9  4.        
-0.4       -1.2       -3.7253E-9  4.        
-0.38      -1.2       -3.236E-9   4.        
-0.36      -1.2       -2.8103E-9  4.        
-0.34      -1.2       -2.4429E-9  4.        
-0.32      -1.2       -2.1264E-9  4.        
-0.3       -1.2       -1.8536E-9  4.        
-0.28      -1.2       -1.6207E-9  4.        
-0.26      -1.2       -1.417E-9   4.        
-0.24      -1.2       -1.2424E-9  4.        
-0.22      -1.2       -1.0987E-9  4.        
-0.2       -1.2        0.         4.        
-0.18      -1.2        0.         4.        
-0.16      -1.2        0.         4.        
-0.14      -1.2        0.         4.        
-0.12      -1.2        0.         4.        
-0.1       -1.2        0.         4.        
-0.08      -1.2        0.         4.        
-0.06      -1.2        0.         4.        
-0.04      -1.2        0.         4.        
-0.02      -1.2        0.         4.        
 0.        -1.2        0.         4.        
 0.02      -1.2        0.         4.        
 0.04      -1.2       -1.126E-9   4.        
 0.06      -1.2       -1.5716E-9  4.        
 0.08      -1.2       -2.3138E-9  4.        
 0.1       -1.2       -3.5525E-9  4.        
 0.12      -1.2       -5.6061E-9  4.        
 0.14      -1.2       -8.9985E-9  4.        
 0.16      -1.2       -14.585E-9  4.        
 0.18      -1.2       -23.761E-9  4.        
 0.2       -1.2       -38.755E-9  4.        
 0.22      -1.2       -63.108E-9  4.        
 0.24      -1.2       -102.4E-9   4.        
 0.26      -1.2       -165.26E-9  4.        
 0.28      -1.2       -264.89E-9  4.        
 0.3       -1.2       -421.08E-9  4.        
 0.32      -1.2       -663.E-9    4.        
 0.34      -1.2       -1.0329E-6  4.        
 0.36      -1.2       -1.5907E-6  4.        
 0.38      -1.2       -2.4201E-6  4.        
 0.4       -1.2       -3.6373E-6  4.        
 0.42      -1.2       -5.4008E-6  4.        
 0.44      -1.2       -7.9242E-6  4.        
 0.46      -1.2       -11.487E-6  4.        
 0.48      -1.2       -16.444E-6  4.        
 0.5       -1.2       -23.218E-6  4.        
 0.52      -1.2       -32.281E-6  4.        
 0.54      -1.2       -44.103E-6  4.        
 0.56      -1.2       -59.079E-6  4.        
 0.58      -1.2       -77.446E-6  4.        
 0.6       -1.2       -99.216E-6  4.        
 0.62      -1.2       -124.16E-6  4.        
 0.64      -1.2       -151.85E-6  4.        
 0.66      -1.2       -181.75E-6  4.        
 0.68      -1.2       -213.29E-6  4.        
 0.7       -1.2       -245.93E-6  4.        
 0.72      -1.2       -279.21E-6  4.        
 0.74      -1.2       -312.72E-6  4.        
 0.76      -1.2       -346.15E-6  4.        
 0.78      -1.2       -379.27E-6  4.        
 0.8       -1.2       -411.89E-6  4.        
 0.82      -1.2       -443.87E-6  4.        
 0.84      -1.2       -475.11E-6  4.        
 0.86      -1.2       -505.55E-6  4.        
 0.88      -1.2       -535.15E-6  4.        
 0.9       -1.2       -563.87E-6  4.        
 0.92      -1.2       -591.7E-6   4.        
 0.94      -1.2       -618.65E-6  4.        
 0.96      -1.2       -644.71E-6  4.        
 0.98      -1.2       -669.9E-6   4.        
 1.        -1.2       -694.23E-6  4.        
 1.02      -1.2       -717.71E-6  4.        
 1.04      -1.2       -740.37E-6  4.        
 1.06      -1.2       -762.23E-6  4.        
 1.08      -1.2       -783.29E-6  4.        
 1.1       -1.2       -803.6E-6   4.        
 1.12      -1.2       -823.16E-6  4.        
 1.14      -1.2       -842.E-6    4.        
 1.16      -1.2       -860.13E-6  4.        
 1.18      -1.2       -877.59E-6  4.        
 1.2       -1.2       -894.39E-6  4.        
Gnucap   System status
iterations: op=0, dc=1824, tran=0, fourier=0, total=1824
transient timesteps: accepted=0, rejected=0, total=0
nodes: user=3, subckt=0, model=18, total=21
dctran density=37.0%, ac density=37.0%
