Gnucap : The Gnu Circuit Analysis Package
Never trust any version less than 1.0
Copyright 1982-2013, Albert Davis
Gnucap comes with ABSOLUTELY NO WARRANTY
This is free software, and you are welcome
to redistribute it under the terms of 
the GNU General Public License, version 3 or later.
See the file "COPYING" for details.
main version: noinsensitive 2025.10.15
core-lib version: noinsensitive 2025.10.15
default plugins: noinsensitive 2025.10.15
param: already installed, replacing
stashing as param:0
parameters: already installed, replacing
stashing as parameters:0
parameter: already installed, replacing
stashing as parameter:0
logic: already installed, replacing
stashing as logic:0
spice: already installed, replacing
stashing as spice:0
acs: already installed, replacing
stashing as acs:0
;: already installed, replacing
stashing as ;:0
#: already installed, replacing
stashing as #:0
*: already installed, replacing
stashing as *:0
': already installed, replacing
stashing as ':0
": already installed, replacing
stashing as ":0
dev_comment: already installed, replacing
stashing as dev_comment:0
.model: already installed, replacing
stashing as .model:0
.subckt: already installed, replacing
stashing as .subckt:0
.macro: already installed, replacing
stashing as .macro:0
.lib: already installed, replacing
stashing as .lib:0
lib: already installed, replacing
stashing as lib:0
.include: already installed, replacing
stashing as .include:0
.merge: already installed, replacing
stashing as .merge:0
merge: already installed, replacing
stashing as merge:0
<: already installed, replacing
stashing as <:0
.get: already installed, replacing
stashing as .get:0
get: already installed, replacing
stashing as get:0
.build: already installed, replacing
stashing as .build:0
build: already installed, replacing
stashing as build:0
spice: already installed, replacing
stashing as spice:0
`spice: already installed, replacing
stashing as `spice:0
acs: already installed, replacing
stashing as acs:0
.endc: already installed, replacing
stashing as .endc:0
.control: already installed, replacing
stashing as .control:0
verilog: already installed, replacing
stashing as verilog:0
paramset: already installed, replacing
stashing as paramset:0
module: already installed, replacing
stashing as module:0
macromodule: already installed, replacing
stashing as macromodule:0
verilog: already installed, replacing
stashing as verilog:0
quit: already installed, replacing
stashing as quit:0
exit: already installed, replacing
stashing as exit:0
detach_all: already installed, replacing
stashing as detach_all:0
paramset NMOS bsim4va;
  parameter real l=0.09u;
   parameter real w=10.0u;
 .l=l; .w=w; .type=1; .level=14; .version=4.80; .binunit=1; .paramchk=1; .mobmod=0; .capmod=1; .igcmod=1; .igbmod=1; .geomod=1; .diomod=1; .rdsmod=0; .rbodymod=0; .rgatemod=1; .permod=1; .acnqsmod=0; .trnqsmod=0; .tempmod=0; .mtrlmod=1; .cvchargemod=0; .mtrlcompatmod=1; .gidlmod=0; .wpemod=0; .eot=1.8e-009; .vddeot=1.5; .ados=1.1; .bdos=1.0; .tnom=25; .toxe=1.8e-009; .toxp=10e-010; .toxm=1.8e-009; .dtox=8e-10; .epsrox=3.9; .wint=5e-009; .lint=1e-009; .ll=0; .wl=0; .lln=1; .wln=1; .lw=0; .ww=0; .lwn=1; .wwn=1; .lwl=0; .wwl=0; .xpart=1; .toxref=1.4e-009; .phig=4.05; .epsrgate=11.7; .saref=5e-6; .sbref=5e-6; .wlod=2e-6; .ku0=(- 4e-6); .kvsat=0.2; .kvth0=(- 2e-8); .tku0=0.0; .llodku0=1.1; .wlodku0=1.1; .llodvth=1.0; .wlodvth=1.0; .lku0=1e-6; .wku0=1e-6; .pku0=0.0; .lkvth0=1.1e-6; .wkvth0=1.1e-6; .pkvth0=0.0; .stk2=0.0; .lodk2=1.0; .steta0=0.0; .lodeta0=1.0; .lambda=4e-10; .vsat=1.1e+005; .vtl=2.0e5; .xn=6.0; .lc=5e-9; .rnoia=0.577; .rnoib=0.37; .tvoff=0.0; .tvfbsdoff=0.0; .vth0=0.25; .k1=0.35; .k2=0.05; .k3=0; .k3b=0; .w0=2.5e-006; .dvt0=1.8; .dvt1=0.52; .dvt2=(- 0.032); .dvt0w=0; .dvt1w=0; .dvt2w=0; .dsub=2; .minv=0.05; .voffl=0; .dvtp0=1e-007; .minvcv=2; .voffcvl=0; .dvtp1=0.05; .lpe0=5.75e-008; .lpeb=2.3e-010; .xj=2e-008; .ngate=5e+020; .ndep=2.8e+018; .nsd=1e+020; .phin=0; .cdsc=0.0002; .cdscb=0; .cdscd=0; .cit=0; .voff=(- 0.15); .nfactor=1.2; .eta0=0.05; .etab=0; .vfb=(- 0.55); .u0=0.032; .ua=5.0e-011; .ub=3.5e-018; .uc=(- 3e-011); .a0=2; .ags=1e-020; .a1=0; .a2=1; .b0=(- 1e-020); .b1=0; .keta=0.04; .dwg=0; .dwb=0; .pclm=0.08; .pdiblc1=0.028; .pdiblc2=0.022; .pdiblcb=(- 0.005); .drout=0.45; .pvag=1e-020; .delta=0.01; .pscbe1=8.14e+008; .pscbe2=5e-008; .fprout=0.2; .pdits=0.2; .pditsd=0.23; .pditsl=2.3e+006; .rsh=0; .rdsw=50; .rsw=50; .rdw=50; .rdswmin=0; .rdwmin=0; .rswmin=0; .prwg=0; .prwb=6.8e-011; .wr=1; .alpha0=0.074; .alpha1=0.005; .beta0=30; .agidl=0.0001; .bgidl=2.1e+009; .cgidl=0.0001; .egidl=0.8; .agisl=0.0002; .bgisl=2.1e+009; .cgisl=0.0002; .egisl=(- 0.28); .aigbacc=0.012; .bigbacc=0.0028; .cigbacc=0.002; .nigbacc=1; .aigbinv=0.014; .bigbinv=0.004; .cigbinv=0.004; .eigbinv=1.1; .nigbinv=3; .aigc=0.012; .bigc=0.0028; .cigc=0.002; .aigs=0.012; .bigs=0.0028; .cigs=0.002; .nigc=1; .poxedge=1; .pigcd=1; .ntox=1; .aigd=0.01; .bigd=0.003; .cigd=0.0015; .xrcrg1=12; .xrcrg2=5; .cgso=6.238e-010; .cgdo=6.238e-010; .cgbo=2.56e-011; .cgdl=2.495e-10; .cgsl=2.495e-10; .ckappas=0.03; .ckappad=0.03; .acde=1; .moin=15; .noff=0.9; .voffcv=(- 0.02); .kt1=(- 0.37); .kt1l=0.0; .kt2=(- 0.042); .ute=(- 1.5); .ua1=1e-009; .ub1=(- 3.5e-019); .uc1=0; .prt=0; .at=53000; .fnoimod=1; .tnoimod=0; .jss=0.0001; .jsws=1e-011; .jswgs=1e-010; .njs=1; .ijthsfwd=0.01; .ijthsrev=0.001; .bvs=10; .xjbvs=1; .jsd=0.0001; .jswd=1e-011; .jswgd=1e-010; .njd=1; .ijthdfwd=0.01; .ijthdrev=0.001; .bvd=10; .xjbvd=1; .pbs=1; .cjs=0.0005; .mjs=0.5; .pbsws=1; .cjsws=5e-010; .mjsws=0.33; .pbswgs=1; .cjswgs=3e-010; .mjswgs=0.33; .pbd=1; .cjd=0.0005; .mjd=0.5; .pbswd=1; .cjswd=5e-010; .mjswd=0.33; .pbswgd=1; .cjswgd=5e-010; .mjswgd=0.33; .tpb=0.005; .tcj=0.001; .tpbsw=0.005; .tcjsw=0.001; .tpbswg=0.005; .tcjswg=0.001; .xtis=3; .xtid=3; .dmcg=8e-006; .dmci=3e-006; .dmdg=2e-006; .dmcgt=1e-007; .dwj=0.0e-008; .xgw=0e-007; .xgl=0e-008; .rshg=0.4; .gbmin=1e-010; .rbpb=5; .rbpd=15; .rbps=15; .rbdb=15; .rbsb=15; .ngcon=1; .jtss=1e-4; .jtsd=1e-4; .jtssws=1e-10; .jtsswd=1e-10; .jtsswgs=1e-7; .jtsswgd=1e-7; .njts=20.0; .njtssw=15; .njtsswg=6; .vtss=10; .vtsd=10; .vtssws=10; .vtsswd=10; .njtsd=15.0; .njtsswd=20; .njtsswgd=6; .tnjts=0.1; .tnjtsd=0.05; .vtsswgs=2; .vtsswgd=2; .xtss=0.02; .xtsd=0.02; .xtssws=0.02; .xtsswd=0.02; .xtsswgs=0.02; .xtsswgd=0.02;
endparamset

paramset PMOS bsim4va;
  parameter real l=0.09u;
   parameter real w=10.0u;
 .l=l; .w=w; .type=(- 1); .level=14; .version=4.80; .binunit=1; .paramchk=1; .mobmod=0; .capmod=1; .igcmod=1; .igbmod=1; .geomod=1; .diomod=1; .rdsmod=0; .rbodymod=0; .rgatemod=1; .permod=1; .acnqsmod=0; .trnqsmod=0; .tempmod=0; .mtrlmod=1; .cvchargemod=0; .mtrlcompatmod=1; .gidlmod=0; .wpemod=0; .eot=1.8e-009; .vddeot=(- 1.5); .ados=1.1; .bdos=1.0; .tnom=27; .toxe=1.8e-009; .toxp=10e-010; .toxm=1.8e-009; .dtox=8e-10; .epsrox=3.9; .wint=5e-009; .lint=1e-009; .ll=0; .wl=0; .lln=1; .wln=1; .lw=0; .ww=0; .lwn=1; .wwn=1; .lwl=0; .wwl=0; .xpart=0; .toxref=1.8e-9; .phig=4.05; .epsrgate=11.7; .saref=5e-6; .sbref=5e-6; .wlod=2e-6; .ku0=4e-6; .kvsat=0.2; .kvth0=(- 2e-8); .tku0=0.0; .llodku0=1.1; .wlodku0=1.1; .llodvth=1.0; .wlodvth=1.0; .lku0=1e-6; .wku0=1e-6; .pku0=0.0; .lkvth0=1.1e-6; .wkvth0=1.1e-6; .pkvth0=0.0; .stk2=0.0; .lodk2=1.0; .steta0=0.0; .lodeta0=1.0; .lambda=4e-10; .vsat=1.1e+005; .vtl=2.0e5; .xn=6.0; .lc=5e-9; .rnoia=0.577; .rnoib=0.37; .tvoff=0.0; .tvfbsdoff=0.0; .vth0=(- 0.25); .k1=0.35; .k2=0.05; .k3=0; .k3b=0; .w0=2.5e-006; .dvt0=1.8; .dvt1=0.52; .dvt2=(- 0.032); .dvt0w=0; .dvt1w=0; .dvt2w=0; .dsub=2; .minv=0.05; .voffl=0; .dvtp0=1e-007; .minvcv=2; .voffcvl=0; .dvtp1=0.05; .lpe0=5.75e-008; .lpeb=2.3e-010; .xj=2e-008; .ngate=5e+020; .ndep=2.8e+018; .nsd=1e+020; .phin=0; .cdsc=0.0002; .cdscb=0; .cdscd=0; .cit=0; .voff=(- 0.15); .nfactor=1.2; .eta0=0.05; .etab=0; .vfb=0.55; .u0=0.0095; .ua=5.0e-011; .ub=3.5e-018; .uc=(- 3e-011); .a0=2; .ags=1e-020; .a1=0; .a2=1; .b0=(- 1e-020); .b1=0; .keta=0.04; .dwg=0; .dwb=0; .pclm=0.08; .pdiblc1=0.028; .pdiblc2=0.022; .pdiblcb=(- 0.005); .drout=0.45; .pvag=1e-020; .delta=0.01; .pscbe1=8.14e+008; .pscbe2=5e-008; .fprout=0.2; .pdits=0.2; .pditsd=0.23; .pditsl=2.3e+006; .rsh=0; .rdsw=50; .rsw=50; .rdw=50; .rdswmin=0; .rdwmin=0; .rswmin=0; .prwg=0; .prwb=6.8e-011; .wr=1; .alpha0=0.074; .alpha1=0.005; .beta0=30; .agidl=0.0002; .bgidl=2.1e+009; .cgidl=0.0002; .egidl=0.8; .agisl=0.0003; .bgisl=2.5e+009; .cgisl=0.0003; .egisl=(- 0.28); .aigbacc=0.012; .bigbacc=0.0028; .cigbacc=0.002; .nigbacc=1; .aigbinv=0.014; .bigbinv=0.004; .cigbinv=0.004; .eigbinv=1.1; .nigbinv=3; .aigc=0.012; .bigc=0.0028; .cigc=0.002; .aigs=0.012; .bigs=0.0028; .cigs=0.002; .nigc=1; .poxedge=1; .pigcd=1; .ntox=1; .aigd=0.01; .bigd=0.003; .cigd=0.0015; .xrcrg1=12; .xrcrg2=5; .cgso=6.238e-010; .cgdo=6.238e-010; .cgbo=2.56e-011; .cgdl=2.495e-10; .cgsl=2.495e-10; .ckappas=0.03; .ckappad=0.03; .acde=1; .moin=15; .noff=0.9; .voffcv=0.02; .kt1=(- 0.37); .kt1l=0.0; .kt2=(- 0.042); .ute=(- 1.5); .ua1=1e-009; .ub1=(- 3.5e-019); .uc1=0; .prt=0; .at=53000; .fnoimod=1; .tnoimod=0; .jss=0.0001; .jsws=1e-011; .jswgs=1e-010; .njs=1; .ijthsfwd=0.01; .ijthsrev=0.001; .bvs=10; .xjbvs=1; .jsd=0.0001; .jswd=1e-011; .jswgd=1e-010; .njd=1; .ijthdfwd=0.01; .ijthdrev=0.001; .bvd=10; .xjbvd=1; .pbs=1; .cjs=0.0005; .mjs=0.5; .pbsws=1; .cjsws=5e-010; .mjsws=0.33; .pbswgs=1; .cjswgs=3e-010; .mjswgs=0.33; .pbd=1; .cjd=0.0005; .mjd=0.5; .pbswd=1; .cjswd=5e-010; .mjswd=0.33; .pbswgd=1; .cjswgd=5e-010; .mjswgd=0.33; .tpb=0.005; .tcj=0.001; .tpbsw=0.005; .tcjsw=0.001; .tpbswg=0.005; .tcjswg=0.001; .xtis=3; .xtid=3; .dmcg=8e-006; .dmci=3e-006; .dmdg=2e-006; .dmcgt=1e-007; .dwj=0.0e-008; .xgw=0e-007; .xgl=0e-008; .rshg=0.4; .gbmin=1e-010; .rbpb=5; .rbpd=15; .rbps=15; .rbdb=15; .rbsb=15; .ngcon=1; .jtss=1e-4; .jtsd=1e-4; .jtssws=1e-10; .jtsswd=1e-10; .jtsswgs=1e-7; .jtsswgd=1e-7; .njts=20.0; .njtssw=15; .njtsswg=4; .vtss=10; .vtsd=10; .vtssws=10; .vtsswd=10; .njtsd=15.0; .njtsswd=20; .njtsswgd=6; .tnjts=0.1; .tnjtsd=0.05; .vtsswgs=2; .vtsswgd=2; .xtss=0.02; .xtsd=0.02; .xtssws=0.02; .xtsswd=0.02; .xtsswgs=0.02; .xtsswgd=0.02;
endparamset

parameter real L=0.09u; // MOSFET length 
parameter real WN=10.0u; // NMOS width 
parameter real WP=20.0u; // PMOS width 
parameter real VNOM=1.2; // Nominal supply (V) 
ground gnd;
vsource #(.dc(vd)) sd (.p(d),.n(gnd));
vsource #(.dc(vg)) sg (.p(g),.n(gnd));
parameter vd = 0.0;
parameter vg = 0.0;
PMOS #(.l(L),.w(WP)) M1 (.d(d),.g(g),.s(gnd),.b(gnd));
#           v(g)       i(sd)      iter(0)   
 0.         0.         0.         3.        
-0.02       0.         60.685E-9  4.        
-0.04      -1.E-15     92.481E-9  4.        
-0.06      -1.E-15     106.57E-9  4.        
-0.08      -1.E-15     113.11E-9  4.        
-0.1       -1.E-15     117.E-9    4.        
-0.12      -1.E-15     119.9E-9   4.        
-0.14      -1.E-15     122.39E-9  4.        
-0.16      -1.E-15     124.69E-9  4.        
-0.18      -1.E-15     126.87E-9  4.        
-0.2       -1.E-15     129.E-9    4.        
-0.22      -1.E-15     131.08E-9  4.        
-0.24      -1.E-15     133.15E-9  4.        
-0.26      -1.E-15     135.2E-9   4.        
-0.28      -1.E-15     137.24E-9  4.        
-0.3       -1.E-15     139.27E-9  4.        
-0.32      -1.E-15     141.31E-9  4.        
-0.34      -1.E-15     143.33E-9  4.        
-0.36       0.         145.37E-9  4.        
-0.38       0.         147.4E-9   4.        
-0.4        0.         149.44E-9  4.        
-0.42       0.         151.46E-9  4.        
-0.44       0.         153.51E-9  4.        
-0.46       0.         155.55E-9  4.        
-0.48       0.         157.6E-9   4.        
-0.5        0.         159.66E-9  4.        
-0.52       0.         161.72E-9  4.        
-0.54       0.         163.79E-9  4.        
-0.56       0.         165.86E-9  4.        
-0.58       0.         167.94E-9  4.        
-0.6        0.         170.02E-9  4.        
-0.62       0.         172.11E-9  4.        
-0.64       0.         174.19E-9  4.        
-0.66       0.         176.28E-9  4.        
-0.68       0.         178.39E-9  4.        
-0.7        0.         180.47E-9  4.        
-0.72       0.         182.58E-9  4.        
-0.74       0.         184.66E-9  4.        
-0.76       0.         186.77E-9  4.        
-0.78       0.         188.9E-9   4.        
-0.8        0.         191.02E-9  4.        
-0.82       0.         193.16E-9  4.        
-0.84       0.         195.29E-9  4.        
-0.86       0.         197.41E-9  4.        
-0.88       0.         199.55E-9  4.        
-0.9        0.         201.7E-9   4.        
-0.92       0.         203.86E-9  4.        
-0.94       0.         206.01E-9  4.        
-0.96       0.         208.17E-9  4.        
-0.98       0.         210.3E-9   4.        
-1.         0.         212.47E-9  4.        
-1.02       0.         214.68E-9  4.        
-1.04       0.         216.85E-9  4.        
-1.06       0.         219.02E-9  4.        
-1.08       0.         221.25E-9  4.        
-1.1        0.         223.44E-9  4.        
-1.12       0.         225.64E-9  4.        
-1.14       0.         227.87E-9  4.        
-1.16       0.         230.08E-9  4.        
-1.18       0.         232.28E-9  4.        
-1.2        0.         234.55E-9  4.        
 0.        -0.2       -1.6337E-9  5.        
-0.02      -0.2        3.4554E-6  4.        
-0.04      -0.2        5.4731E-6  4.        
-0.06      -0.2        6.4702E-6  4.        
-0.08      -0.2        6.9409E-6  4.        
-0.1       -0.2        7.2015E-6  4.        
-0.12      -0.2        7.3822E-6  4.        
-0.14      -0.2        7.5297E-6  4.        
-0.16      -0.2        7.6616E-6  4.        
-0.18      -0.2        7.7853E-6  4.        
-0.2       -0.2        7.9044E-6  4.        
-0.22      -0.2        8.0206E-6  4.        
-0.24      -0.2        8.1351E-6  4.        
-0.26      -0.2        8.2484E-6  4.        
-0.28      -0.2        8.3609E-6  4.        
-0.3       -0.2        8.4729E-6  4.        
-0.32      -0.2        8.5845E-6  4.        
-0.34      -0.2        8.6959E-6  4.        
-0.36      -0.2        8.8072E-6  4.        
-0.38      -0.2        8.9184E-6  4.        
-0.4       -0.2        9.0296E-6  4.        
-0.42      -0.2        9.1408E-6  4.        
-0.44      -0.2        9.2521E-6  4.        
-0.46      -0.2        9.3635E-6  4.        
-0.48      -0.2        9.475E-6   4.        
-0.5       -0.2        9.5867E-6  4.        
-0.52      -0.2        9.6985E-6  4.        
-0.54      -0.2        9.8104E-6  4.        
-0.56      -0.2        9.9225E-6  4.        
-0.58      -0.2        10.035E-6  4.        
-0.6       -0.2        10.147E-6  4.        
-0.62      -0.2        10.26E-6   4.        
-0.64      -0.2        10.373E-6  4.        
-0.66      -0.2        10.486E-6  4.        
-0.68      -0.2        10.599E-6  4.        
-0.7       -0.2        10.712E-6  4.        
-0.72      -0.2        10.826E-6  4.        
-0.74      -0.2        10.94E-6   4.        
-0.76      -0.2        11.054E-6  4.        
-0.78      -0.2        11.168E-6  4.        
-0.8       -0.2        11.283E-6  4.        
-0.82      -0.2        11.397E-6  4.        
-0.84      -0.2        11.512E-6  4.        
-0.86      -0.2        11.627E-6  4.        
-0.88      -0.2        11.742E-6  4.        
-0.9       -0.2        11.858E-6  4.        
-0.92      -0.2        11.974E-6  4.        
-0.94      -0.2        12.089E-6  4.        
-0.96      -0.2        12.206E-6  4.        
-0.98      -0.2        12.322E-6  4.        
-1.        -0.2        12.439E-6  4.        
-1.02      -0.2        12.555E-6  4.        
-1.04      -0.2        12.672E-6  4.        
-1.06      -0.2        12.79E-6   4.        
-1.08      -0.2        12.907E-6  4.        
-1.1       -0.2        13.025E-6  4.        
-1.12      -0.2        13.143E-6  4.        
-1.14      -0.2        13.261E-6  4.        
-1.16      -0.2        13.38E-6   4.        
-1.18      -0.2        13.499E-6  4.        
-1.2       -0.2        13.618E-6  4.        
 0.        -0.4       -13.256E-9  5.        
-0.02      -0.4        43.053E-6  4.        
-0.04      -0.4        78.476E-6  4.        
-0.06      -0.4        106.53E-6  4.        
-0.08      -0.4        127.65E-6  4.        
-0.1       -0.4        142.57E-6  4.        
-0.12      -0.4        152.44E-6  4.        
-0.14      -0.4        158.74E-6  4.        
-0.16      -0.4        162.86E-6  4.        
-0.18      -0.4        165.79E-6  4.        
-0.2       -0.4        168.09E-6  4.        
-0.22      -0.4        170.05E-6  4.        
-0.24      -0.4        171.8E-6   4.        
-0.26      -0.4        173.44E-6  4.        
-0.28      -0.4        174.99E-6  4.        
-0.3       -0.4        176.49E-6  4.        
-0.32      -0.4        177.96E-6  4.        
-0.34      -0.4        179.39E-6  4.        
-0.36      -0.4        180.8E-6   4.        
-0.38      -0.4        182.19E-6  4.        
-0.4       -0.4        183.57E-6  4.        
-0.42      -0.4        184.94E-6  4.        
-0.44      -0.4        186.3E-6   4.        
-0.46      -0.4        187.65E-6  4.        
-0.48      -0.4        188.99E-6  4.        
-0.5       -0.4        190.33E-6  4.        
-0.52      -0.4        191.67E-6  4.        
-0.54      -0.4        193.E-6    4.        
-0.56      -0.4        194.33E-6  4.        
-0.58      -0.4        195.65E-6  4.        
-0.6       -0.4        196.97E-6  4.        
-0.62      -0.4        198.29E-6  4.        
-0.64      -0.4        199.61E-6  4.        
-0.66      -0.4        200.93E-6  4.        
-0.68      -0.4        202.25E-6  4.        
-0.7       -0.4        203.56E-6  4.        
-0.72      -0.4        204.87E-6  4.        
-0.74      -0.4        206.19E-6  4.        
-0.76      -0.4        207.5E-6   4.        
-0.78      -0.4        208.81E-6  4.        
-0.8       -0.4        210.12E-6  4.        
-0.82      -0.4        211.43E-6  4.        
-0.84      -0.4        212.74E-6  4.        
-0.86      -0.4        214.05E-6  4.        
-0.88      -0.4        215.37E-6  4.        
-0.9       -0.4        216.68E-6  4.        
-0.92      -0.4        217.99E-6  4.        
-0.94      -0.4        219.3E-6   4.        
-0.96      -0.4        220.61E-6  4.        
-0.98      -0.4        221.92E-6  4.        
-1.        -0.4        223.24E-6  4.        
-1.02      -0.4        224.55E-6  4.        
-1.04      -0.4        225.86E-6  4.        
-1.06      -0.4        227.18E-6  4.        
-1.08      -0.4        228.49E-6  4.        
-1.1       -0.4        229.81E-6  4.        
-1.12      -0.4        231.13E-6  4.        
-1.14      -0.4        232.44E-6  4.        
-1.16      -0.4        233.76E-6  4.        
-1.18      -0.4        235.09E-6  4.        
-1.2       -0.4        236.41E-6  4.        
 0.        -0.6       -79.317E-9  5.        
-0.02      -0.6        112.4E-6   4.        
-0.04      -0.6        215.45E-6  4.        
-0.06      -0.6        309.2E-6   4.        
-0.08      -0.6        393.76E-6  4.        
-0.1       -0.6        469.28E-6  4.        
-0.12      -0.6        535.93E-6  4.        
-0.14      -0.6        593.9E-6   4.        
-0.16      -0.6        643.44E-6  4.        
-0.18      -0.6        684.91E-6  4.        
-0.2       -0.6        718.78E-6  4.        
-0.22      -0.6        745.76E-6  4.        
-0.24      -0.6        766.77E-6  4.        
-0.26      -0.6        782.96E-6  4.        
-0.28      -0.6        795.53E-6  4.        
-0.3       -0.6        805.57E-6  4.        
-0.32      -0.6        813.91E-6  4.        
-0.34      -0.6        821.13E-6  4.        
-0.36      -0.6        827.59E-6  4.        
-0.38      -0.6        833.54E-6  4.        
-0.4       -0.6        839.12E-6  4.        
-0.42      -0.6        844.43E-6  4.        
-0.44      -0.6        849.53E-6  4.        
-0.46      -0.6        854.46E-6  4.        
-0.48      -0.6        859.27E-6  4.        
-0.5       -0.6        863.96E-6  4.        
-0.52      -0.6        868.56E-6  4.        
-0.54      -0.6        873.08E-6  4.        
-0.56      -0.6        877.53E-6  4.        
-0.58      -0.6        881.93E-6  4.        
-0.6       -0.6        886.27E-6  4.        
-0.62      -0.6        890.56E-6  4.        
-0.64      -0.6        894.82E-6  4.        
-0.66      -0.6        899.03E-6  4.        
-0.68      -0.6        903.22E-6  4.        
-0.7       -0.6        907.37E-6  4.        
-0.72      -0.6        911.49E-6  4.        
-0.74      -0.6        915.59E-6  4.        
-0.76      -0.6        919.66E-6  4.        
-0.78      -0.6        923.72E-6  4.        
-0.8       -0.6        927.75E-6  4.        
-0.82      -0.6        931.76E-6  4.        
-0.84      -0.6        935.76E-6  4.        
-0.86      -0.6        939.74E-6  4.        
-0.88      -0.6        943.71E-6  4.        
-0.9       -0.6        947.66E-6  4.        
-0.92      -0.6        951.6E-6   4.        
-0.94      -0.6        955.52E-6  4.        
-0.96      -0.6        959.43E-6  4.        
-0.98      -0.6        963.34E-6  4.        
-1.        -0.6        967.23E-6  4.        
-1.02      -0.6        971.11E-6  4.        
-1.04      -0.6        974.98E-6  4.        
-1.06      -0.6        978.85E-6  4.        
-1.08      -0.6        982.7E-6   4.        
-1.1       -0.6        986.55E-6  4.        
-1.12      -0.6        990.39E-6  4.        
-1.14      -0.6        994.22E-6  4.        
-1.16      -0.6        998.05E-6  4.        
-1.18      -0.6        0.0010019  4.        
-1.2       -0.6        0.0010057  4.        
 0.        -0.8       -416.42E-9  5.        
-0.02      -0.8        163.4E-6   4.        
-0.04      -0.8        318.38E-6  4.        
-0.06      -0.8        464.58E-6  4.        
-0.08      -0.8        602.1E-6   4.        
-0.1       -0.8        731.02E-6  4.        
-0.12      -0.8        851.42E-6  4.        
-0.14      -0.8        963.4E-6   4.        
-0.16      -0.8        0.001067   4.        
-0.18      -0.8        0.0011624  4.        
-0.2       -0.8        0.0012497  4.        
-0.22      -0.8        0.001329   4.        
-0.24      -0.8        0.0014004  4.        
-0.26      -0.8        0.0014641  4.        
-0.28      -0.8        0.0015204  4.        
-0.3       -0.8        0.0015695  4.        
-0.32      -0.8        0.0016119  4.        
-0.34      -0.8        0.0016479  4.        
-0.36      -0.8        0.0016783  4.        
-0.38      -0.8        0.0017037  4.        
-0.4       -0.8        0.0017251  4.        
-0.42      -0.8        0.0017432  4.        
-0.44      -0.8        0.001759   4.        
-0.46      -0.8        0.0017729  4.        
-0.48      -0.8        0.0017855  4.        
-0.5       -0.8        0.0017971  4.        
-0.52      -0.8        0.001808   4.        
-0.54      -0.8        0.0018183  4.        
-0.56      -0.8        0.0018281  4.        
-0.58      -0.8        0.0018375  4.        
-0.6       -0.8        0.0018467  4.        
-0.62      -0.8        0.0018555  4.        
-0.64      -0.8        0.0018642  4.        
-0.66      -0.8        0.0018727  4.        
-0.68      -0.8        0.0018809  4.        
-0.7       -0.8        0.0018891  4.        
-0.72      -0.8        0.0018971  4.        
-0.74      -0.8        0.0019049  4.        
-0.76      -0.8        0.0019127  4.        
-0.78      -0.8        0.0019203  4.        
-0.8       -0.8        0.0019279  4.        
-0.82      -0.8        0.0019354  4.        
-0.84      -0.8        0.0019428  4.        
-0.86      -0.8        0.0019501  4.        
-0.88      -0.8        0.0019574  4.        
-0.9       -0.8        0.0019646  4.        
-0.92      -0.8        0.0019717  4.        
-0.94      -0.8        0.0019788  4.        
-0.96      -0.8        0.0019858  4.        
-0.98      -0.8        0.0019928  4.        
-1.        -0.8        0.0019997  4.        
-1.02      -0.8        0.0020066  4.        
-1.04      -0.8        0.0020135  4.        
-1.06      -0.8        0.0020203  4.        
-1.08      -0.8        0.002027   4.        
-1.1       -0.8        0.0020338  4.        
-1.12      -0.8        0.0020405  4.        
-1.14      -0.8        0.0020472  4.        
-1.16      -0.8        0.0020538  4.        
-1.18      -0.8        0.0020604  4.        
-1.2       -0.8        0.002067   4.        
 0.        -1.        -2.0282E-6  5.        
-0.02      -1.         193.78E-6  4.        
-0.04      -1.         381.75E-6  4.        
-0.06      -1.         561.96E-6  4.        
-0.08      -1.         734.47E-6  4.        
-0.1       -1.         899.32E-6  4.        
-0.12      -1.         0.0010566  4.        
-0.14      -1.         0.0012063  4.        
-0.16      -1.         0.0013486  4.        
-0.18      -1.         0.0014835  4.        
-0.2       -1.         0.001611   4.        
-0.22      -1.         0.0017312  4.        
-0.24      -1.         0.0018442  4.        
-0.26      -1.         0.0019501  4.        
-0.28      -1.         0.0020489  4.        
-0.3       -1.         0.0021408  4.        
-0.32      -1.         0.0022257  4.        
-0.34      -1.         0.0023039  4.        
-0.36      -1.         0.0023754  4.        
-0.38      -1.         0.0024404  4.        
-0.4       -1.         0.0024991  4.        
-0.42      -1.         0.0025517  4.        
-0.44      -1.         0.0025985  4.        
-0.46      -1.         0.0026399  4.        
-0.48      -1.         0.0026763  4.        
-0.5       -1.         0.0027082  4.        
-0.52      -1.         0.0027362  4.        
-0.54      -1.         0.002761   4.        
-0.56      -1.         0.0027832  4.        
-0.58      -1.         0.0028032  4.        
-0.6       -1.         0.0028216  4.        
-0.62      -1.         0.0028387  4.        
-0.64      -1.         0.0028548  4.        
-0.66      -1.         0.0028701  4.        
-0.68      -1.         0.0028846  4.        
-0.7       -1.         0.0028987  4.        
-0.72      -1.         0.0029122  4.        
-0.74      -1.         0.0029253  4.        
-0.76      -1.         0.0029381  4.        
-0.78      -1.         0.0029505  4.        
-0.8       -1.         0.0029627  4.        
-0.82      -1.         0.0029746  4.        
-0.84      -1.         0.0029862  4.        
-0.86      -1.         0.0029977  4.        
-0.88      -1.         0.0030089  4.        
-0.9       -1.         0.00302    4.        
-0.92      -1.         0.0030309  4.        
-0.94      -1.         0.0030417  4.        
-0.96      -1.         0.0030523  4.        
-0.98      -1.         0.0030628  4.        
-1.        -1.         0.0030732  4.        
-1.02      -1.         0.0030834  4.        
-1.04      -1.         0.0030936  4.        
-1.06      -1.         0.0031036  4.        
-1.08      -1.         0.0031136  4.        
-1.1       -1.         0.0031234  4.        
-1.12      -1.         0.0031332  4.        
-1.14      -1.         0.0031429  4.        
-1.16      -1.         0.0031525  4.        
-1.18      -1.         0.0031621  4.        
-1.2       -1.         0.0031716  4.        
 0.        -1.2       -9.3932E-6  5.        
-0.02      -1.2        205.57E-6  4.        
-0.04      -1.2        413.62E-6  4.        
-0.06      -1.2        614.82E-6  4.        
-0.08      -1.2        809.23E-6  4.        
-0.1       -1.2        996.9E-6   4.        
-0.12      -1.2        0.0011779  4.        
-0.14      -1.2        0.0013523  4.        
-0.16      -1.2        0.0015201  4.        
-0.18      -1.2        0.0016814  4.        
-0.2       -1.2        0.0018361  4.        
-0.22      -1.2        0.0019845  4.        
-0.24      -1.2        0.0021265  4.        
-0.26      -1.2        0.0022622  4.        
-0.28      -1.2        0.0023915  4.        
-0.3       -1.2        0.0025147  4.        
-0.32      -1.2        0.0026316  4.        
-0.34      -1.2        0.0027425  4.        
-0.36      -1.2        0.0028472  4.        
-0.38      -1.2        0.002946   4.        
-0.4       -1.2        0.0030388  4.        
-0.42      -1.2        0.0031257  4.        
-0.44      -1.2        0.0032068  4.        
-0.46      -1.2        0.0032822  4.        
-0.48      -1.2        0.003352   4.        
-0.5       -1.2        0.0034164  4.        
-0.52      -1.2        0.0034754  4.        
-0.54      -1.2        0.0035294  4.        
-0.56      -1.2        0.0035784  4.        
-0.58      -1.2        0.0036228  4.        
-0.6       -1.2        0.0036629  4.        
-0.62      -1.2        0.0036991  4.        
-0.64      -1.2        0.0037317  4.        
-0.66      -1.2        0.0037614  4.        
-0.68      -1.2        0.0037885  4.        
-0.7       -1.2        0.0038135  4.        
-0.72      -1.2        0.0038367  4.        
-0.74      -1.2        0.0038584  4.        
-0.76      -1.2        0.0038791  4.        
-0.78      -1.2        0.0038987  4.        
-0.8       -1.2        0.0039175  4.        
-0.82      -1.2        0.0039357  4.        
-0.84      -1.2        0.0039532  4.        
-0.86      -1.2        0.0039702  4.        
-0.88      -1.2        0.0039867  4.        
-0.9       -1.2        0.0040028  4.        
-0.92      -1.2        0.0040186  4.        
-0.94      -1.2        0.0040339  4.        
-0.96      -1.2        0.004049   4.        
-0.98      -1.2        0.0040638  4.        
-1.        -1.2        0.0040782  4.        
-1.02      -1.2        0.0040925  4.        
-1.04      -1.2        0.0041065  4.        
-1.06      -1.2        0.0041203  4.        
-1.08      -1.2        0.0041339  4.        
-1.1       -1.2        0.0041473  4.        
-1.12      -1.2        0.0041605  4.        
-1.14      -1.2        0.0041736  4.        
-1.16      -1.2        0.0041865  4.        
-1.18      -1.2        0.0041992  4.        
-1.2       -1.2        0.0042118  4.        
Gnucap   System status
iterations: op=0, dc=1713, tran=0, fourier=0, total=1713
transient timesteps: accepted=0, rejected=0, total=0
nodes: user=2, subckt=0, model=18, total=20
dctran density=34.2%, ac density=34.2%
