Gnucap : The Gnu Circuit Analysis Package.
Copyright 1982-2025, Albert Davis
          2020-2025, Felix Salfelder
The development of Gnucap is funded by NLnet with support from the EC.
Gnucap comes with ABSOLUTELY NO WARRANTY. This is free software,
and you are welcome to redistribute it under the terms of the GNU
General Public License version 3 or later. See "COPYING" for details.
main version: modelgen 2025.12.18
core-lib version: modelgen 2025.12.18
default plugins: modelgen 2025.12.18
param: already installed, replacing
stashing as param:0
parameters: already installed, replacing
stashing as parameters:0
parameter: already installed, replacing
stashing as parameter:0
logic: already installed, replacing
stashing as logic:0
spice: already installed, replacing
stashing as spice:0
acs: already installed, replacing
stashing as acs:0
;: already installed, replacing
stashing as ;:0
#: already installed, replacing
stashing as #:0
*: already installed, replacing
stashing as *:0
': already installed, replacing
stashing as ':0
": already installed, replacing
stashing as ":0
dev_comment: already installed, replacing
stashing as dev_comment:0
.model: already installed, replacing
stashing as .model:0
.subckt: already installed, replacing
stashing as .subckt:0
.macro: already installed, replacing
stashing as .macro:0
.lib: already installed, replacing
stashing as .lib:0
lib: already installed, replacing
stashing as lib:0
.include: already installed, replacing
stashing as .include:0
.merge: already installed, replacing
stashing as .merge:0
merge: already installed, replacing
stashing as merge:0
<: already installed, replacing
stashing as <:0
.get: already installed, replacing
stashing as .get:0
get: already installed, replacing
stashing as get:0
.build: already installed, replacing
stashing as .build:0
build: already installed, replacing
stashing as build:0
spice: already installed, replacing
stashing as spice:0
`spice: already installed, replacing
stashing as `spice:0
acs: already installed, replacing
stashing as acs:0
.endc: already installed, replacing
stashing as .endc:0
.control: already installed, replacing
stashing as .control:0
verilog: already installed, replacing
stashing as verilog:0
paramset: already installed, replacing
stashing as paramset:0
module: already installed, replacing
stashing as module:0
macromodule: already installed, replacing
stashing as macromodule:0
verilog: already installed, replacing
stashing as verilog:0
quit: already installed, replacing
stashing as quit:0
exit: already installed, replacing
stashing as exit:0
detach_all: already installed, replacing
stashing as detach_all:0
paramset NMOS bsim4va;
  parameter real l=0.09u;
  parameter real w=10.0u;
 .l=l; .w=w; .type=1; .level=14; .version=4.80; .binunit=1; .paramchk=1; .mobmod=0; .capmod=1; .igcmod=1; .igbmod=1; .geomod=1; .diomod=1; .rdsmod=0; .rbodymod=0; .rgatemod=1; .permod=1; .acnqsmod=0; .trnqsmod=0; .tempmod=0; .mtrlmod=1; .cvchargemod=0; .mtrlcompatmod=1; .gidlmod=0; .wpemod=0; .eot=1.8e-009; .vddeot=1.5; .ados=1.1; .bdos=1.0; .tnom=25; .toxe=1.8e-009; .toxp=10e-010; .toxm=1.8e-009; .dtox=8e-10; .epsrox=3.9; .wint=5e-009; .lint=1e-009; .ll=0; .wl=0; .lln=1; .wln=1; .lw=0; .ww=0; .lwn=1; .wwn=1; .lwl=0; .wwl=0; .xpart=1; .toxref=1.4e-009; .phig=4.05; .epsrgate=11.7; .saref=5e-6; .sbref=5e-6; .wlod=2e-6; .ku0=(- 4e-6); .kvsat=0.2; .kvth0=(- 2e-8); .tku0=0.0; .llodku0=1.1; .wlodku0=1.1; .llodvth=1.0; .wlodvth=1.0; .lku0=1e-6; .wku0=1e-6; .pku0=0.0; .lkvth0=1.1e-6; .wkvth0=1.1e-6; .pkvth0=0.0; .stk2=0.0; .lodk2=1.0; .steta0=0.0; .lodeta0=1.0; .lambda=4e-10; .vsat=1.1e+005; .vtl=2.0e5; .xn=6.0; .lc=5e-9; .rnoia=0.577; .rnoib=0.37; .tvoff=0.0; .tvfbsdoff=0.0; .vth0=0.25; .k1=0.35; .k2=0.05; .k3=0; .k3b=0; .w0=2.5e-006; .dvt0=1.8; .dvt1=0.52; .dvt2=(- 0.032); .dvt0w=0; .dvt1w=0; .dvt2w=0; .dsub=2; .minv=0.05; .voffl=0; .dvtp0=1e-007; .minvcv=2; .voffcvl=0; .dvtp1=0.05; .lpe0=5.75e-008; .lpeb=2.3e-010; .xj=2e-008; .ngate=5e+020; .ndep=2.8e+018; .nsd=1e+020; .phin=0; .cdsc=0.0002; .cdscb=0; .cdscd=0; .cit=0; .voff=(- 0.15); .nfactor=1.2; .eta0=0.05; .etab=0; .vfb=(- 0.55); .u0=0.032; .ua=5.0e-011; .ub=3.5e-018; .uc=(- 3e-011); .a0=2; .ags=1e-020; .a1=0; .a2=1; .b0=(- 1e-020); .b1=0; .keta=0.04; .dwg=0; .dwb=0; .pclm=0.08; .pdiblc1=0.028; .pdiblc2=0.022; .pdiblcb=(- 0.005); .drout=0.45; .pvag=1e-020; .delta=0.01; .pscbe1=8.14e+008; .pscbe2=5e-008; .fprout=0.2; .pdits=0.2; .pditsd=0.23; .pditsl=2.3e+006; .rsh=0; .rdsw=50; .rsw=50; .rdw=50; .rdswmin=0; .rdwmin=0; .rswmin=0; .prwg=0; .prwb=6.8e-011; .wr=1; .alpha0=0.074; .alpha1=0.005; .beta0=30; .agidl=0.0001; .bgidl=2.1e+009; .cgidl=0.0001; .egidl=0.8; .agisl=0.0002; .bgisl=2.1e+009; .cgisl=0.0002; .egisl=(- 0.28); .aigbacc=0.012; .bigbacc=0.0028; .cigbacc=0.002; .nigbacc=1; .aigbinv=0.014; .bigbinv=0.004; .cigbinv=0.004; .eigbinv=1.1; .nigbinv=3; .aigc=0.012; .bigc=0.0028; .cigc=0.002; .aigs=0.012; .bigs=0.0028; .cigs=0.002; .nigc=1; .poxedge=1; .pigcd=1; .ntox=1; .aigd=0.01; .bigd=0.003; .cigd=0.0015; .xrcrg1=12; .xrcrg2=5; .cgso=6.238e-010; .cgdo=6.238e-010; .cgbo=2.56e-011; .cgdl=2.495e-10; .cgsl=2.495e-10; .ckappas=0.03; .ckappad=0.03; .acde=1; .moin=15; .noff=0.9; .voffcv=(- 0.02); .kt1=(- 0.37); .kt1l=0.0; .kt2=(- 0.042); .ute=(- 1.5); .ua1=1e-009; .ub1=(- 3.5e-019); .uc1=0; .prt=0; .at=53000; .fnoimod=1; .tnoimod=0; .jss=0.0001; .jsws=1e-011; .jswgs=1e-010; .njs=1; .ijthsfwd=0.01; .ijthsrev=0.001; .bvs=10; .xjbvs=1; .jsd=0.0001; .jswd=1e-011; .jswgd=1e-010; .njd=1; .ijthdfwd=0.01; .ijthdrev=0.001; .bvd=10; .xjbvd=1; .pbs=1; .cjs=0.0005; .mjs=0.5; .pbsws=1; .cjsws=5e-010; .mjsws=0.33; .pbswgs=1; .cjswgs=3e-010; .mjswgs=0.33; .pbd=1; .cjd=0.0005; .mjd=0.5; .pbswd=1; .cjswd=5e-010; .mjswd=0.33; .pbswgd=1; .cjswgd=5e-010; .mjswgd=0.33; .tpb=0.005; .tcj=0.001; .tpbsw=0.005; .tcjsw=0.001; .tpbswg=0.005; .tcjswg=0.001; .xtis=3; .xtid=3; .dmcg=8e-006; .dmci=3e-006; .dmdg=2e-006; .dmcgt=1e-007; .dwj=0.0e-008; .xgw=0e-007; .xgl=0e-008; .rshg=0.4; .gbmin=1e-010; .rbpb=5; .rbpd=15; .rbps=15; .rbdb=15; .rbsb=15; .ngcon=1; .jtss=1e-4; .jtsd=1e-4; .jtssws=1e-10; .jtsswd=1e-10; .jtsswgs=1e-7; .jtsswgd=1e-7; .njts=20.0; .njtssw=15; .njtsswg=6; .vtss=10; .vtsd=10; .vtssws=10; .vtsswd=10; .njtsd=15.0; .njtsswd=20; .njtsswgd=6; .tnjts=0.1; .tnjtsd=0.05; .vtsswgs=2; .vtsswgd=2; .xtss=0.02; .xtsd=0.02; .xtssws=0.02; .xtsswd=0.02; .xtsswgs=0.02; .xtsswgd=0.02;
endparamset

paramset PMOS bsim4va;
  parameter real l=0.09u;
  parameter real w=10.0u;
 .l=l; .w=w; .type=(- 1); .level=14; .version=4.80; .binunit=1; .paramchk=1; .mobmod=0; .capmod=1; .igcmod=1; .igbmod=1; .geomod=1; .diomod=1; .rdsmod=0; .rbodymod=0; .rgatemod=1; .permod=1; .acnqsmod=0; .trnqsmod=0; .tempmod=0; .mtrlmod=1; .cvchargemod=0; .mtrlcompatmod=1; .gidlmod=0; .wpemod=0; .eot=1.8e-009; .vddeot=(- 1.5); .ados=1.1; .bdos=1.0; .tnom=27; .toxe=1.8e-009; .toxp=10e-010; .toxm=1.8e-009; .dtox=8e-10; .epsrox=3.9; .wint=5e-009; .lint=1e-009; .ll=0; .wl=0; .lln=1; .wln=1; .lw=0; .ww=0; .lwn=1; .wwn=1; .lwl=0; .wwl=0; .xpart=0; .toxref=1.8e-9; .phig=4.05; .epsrgate=11.7; .saref=5e-6; .sbref=5e-6; .wlod=2e-6; .ku0=4e-6; .kvsat=0.2; .kvth0=(- 2e-8); .tku0=0.0; .llodku0=1.1; .wlodku0=1.1; .llodvth=1.0; .wlodvth=1.0; .lku0=1e-6; .wku0=1e-6; .pku0=0.0; .lkvth0=1.1e-6; .wkvth0=1.1e-6; .pkvth0=0.0; .stk2=0.0; .lodk2=1.0; .steta0=0.0; .lodeta0=1.0; .lambda=4e-10; .vsat=1.1e+005; .vtl=2.0e5; .xn=6.0; .lc=5e-9; .rnoia=0.577; .rnoib=0.37; .tvoff=0.0; .tvfbsdoff=0.0; .vth0=(- 0.25); .k1=0.35; .k2=0.05; .k3=0; .k3b=0; .w0=2.5e-006; .dvt0=1.8; .dvt1=0.52; .dvt2=(- 0.032); .dvt0w=0; .dvt1w=0; .dvt2w=0; .dsub=2; .minv=0.05; .voffl=0; .dvtp0=1e-007; .minvcv=2; .voffcvl=0; .dvtp1=0.05; .lpe0=5.75e-008; .lpeb=2.3e-010; .xj=2e-008; .ngate=5e+020; .ndep=2.8e+018; .nsd=1e+020; .phin=0; .cdsc=0.0002; .cdscb=0; .cdscd=0; .cit=0; .voff=(- 0.15); .nfactor=1.2; .eta0=0.05; .etab=0; .vfb=0.55; .u0=0.0095; .ua=5.0e-011; .ub=3.5e-018; .uc=(- 3e-011); .a0=2; .ags=1e-020; .a1=0; .a2=1; .b0=(- 1e-020); .b1=0; .keta=0.04; .dwg=0; .dwb=0; .pclm=0.08; .pdiblc1=0.028; .pdiblc2=0.022; .pdiblcb=(- 0.005); .drout=0.45; .pvag=1e-020; .delta=0.01; .pscbe1=8.14e+008; .pscbe2=5e-008; .fprout=0.2; .pdits=0.2; .pditsd=0.23; .pditsl=2.3e+006; .rsh=0; .rdsw=50; .rsw=50; .rdw=50; .rdswmin=0; .rdwmin=0; .rswmin=0; .prwg=0; .prwb=6.8e-011; .wr=1; .alpha0=0.074; .alpha1=0.005; .beta0=30; .agidl=0.0002; .bgidl=2.1e+009; .cgidl=0.0002; .egidl=0.8; .agisl=0.0003; .bgisl=2.5e+009; .cgisl=0.0003; .egisl=(- 0.28); .aigbacc=0.012; .bigbacc=0.0028; .cigbacc=0.002; .nigbacc=1; .aigbinv=0.014; .bigbinv=0.004; .cigbinv=0.004; .eigbinv=1.1; .nigbinv=3; .aigc=0.012; .bigc=0.0028; .cigc=0.002; .aigs=0.012; .bigs=0.0028; .cigs=0.002; .nigc=1; .poxedge=1; .pigcd=1; .ntox=1; .aigd=0.01; .bigd=0.003; .cigd=0.0015; .xrcrg1=12; .xrcrg2=5; .cgso=6.238e-010; .cgdo=6.238e-010; .cgbo=2.56e-011; .cgdl=2.495e-10; .cgsl=2.495e-10; .ckappas=0.03; .ckappad=0.03; .acde=1; .moin=15; .noff=0.9; .voffcv=0.02; .kt1=(- 0.37); .kt1l=0.0; .kt2=(- 0.042); .ute=(- 1.5); .ua1=1e-009; .ub1=(- 3.5e-019); .uc1=0; .prt=0; .at=53000; .fnoimod=1; .tnoimod=0; .jss=0.0001; .jsws=1e-011; .jswgs=1e-010; .njs=1; .ijthsfwd=0.01; .ijthsrev=0.001; .bvs=10; .xjbvs=1; .jsd=0.0001; .jswd=1e-011; .jswgd=1e-010; .njd=1; .ijthdfwd=0.01; .ijthdrev=0.001; .bvd=10; .xjbvd=1; .pbs=1; .cjs=0.0005; .mjs=0.5; .pbsws=1; .cjsws=5e-010; .mjsws=0.33; .pbswgs=1; .cjswgs=3e-010; .mjswgs=0.33; .pbd=1; .cjd=0.0005; .mjd=0.5; .pbswd=1; .cjswd=5e-010; .mjswd=0.33; .pbswgd=1; .cjswgd=5e-010; .mjswgd=0.33; .tpb=0.005; .tcj=0.001; .tpbsw=0.005; .tcjsw=0.001; .tpbswg=0.005; .tcjswg=0.001; .xtis=3; .xtid=3; .dmcg=8e-006; .dmci=3e-006; .dmdg=2e-006; .dmcgt=1e-007; .dwj=0.0e-008; .xgw=0e-007; .xgl=0e-008; .rshg=0.4; .gbmin=1e-010; .rbpb=5; .rbpd=15; .rbps=15; .rbdb=15; .rbsb=15; .ngcon=1; .jtss=1e-4; .jtsd=1e-4; .jtssws=1e-10; .jtsswd=1e-10; .jtsswgs=1e-7; .jtsswgd=1e-7; .njts=20.0; .njtssw=15; .njtsswg=4; .vtss=10; .vtsd=10; .vtssws=10; .vtsswd=10; .njtsd=15.0; .njtsswd=20; .njtsswgd=6; .tnjts=0.1; .tnjtsd=0.05; .vtsswgs=2; .vtsswgd=2; .xtss=0.02; .xtsd=0.02; .xtssws=0.02; .xtsswd=0.02; .xtsswgs=0.02; .xtsswgd=0.02;
endparamset

parameter real L=0.09u; // MOSFET length 
parameter real WN=10.0u; // NMOS width 
parameter real WP=20.0u; // PMOS width 
parameter real VNOM=1.2; // Nominal supply (V) 
ground gnd;
vsource #(.dc(vd)) sd (.p(d),.n(gnd));
vsource #(.dc(vg)) sg (.p(g),.n(gnd));
parameter vd = 0.0;
parameter vg = 0.0;
NMOS #(.l(L),.w(WN)) M1 (.d(d),.g(g),.s(gnd),.b(gnd));
#           v(g)       i(sd)      iter(0)   
 0.         0.         0.         3.        
 0.02       0.         0.         4.        
 0.04       0.         0.         4.        
 0.06       0.         0.         4.        
 0.08       0.         0.         4.        
 0.1        0.         0.         4.        
 0.12       0.         0.         4.        
 0.14       1.E-15     0.         4.        
 0.16       1.E-15     0.         4.        
 0.18       1.E-15     0.         4.        
 0.2        2.E-15     0.         4.        
 0.22       2.E-15     0.         4.        
 0.24       3.E-15     0.         4.        
 0.26       3.E-15     0.         4.        
 0.28       4.E-15     0.         4.        
 0.3        5.E-15     0.         4.        
 0.32       7.E-15     0.         4.        
 0.34       8.E-15     0.         4.        
 0.36       10.E-15    0.         4.        
 0.38       12.E-15    0.         4.        
 0.4        14.E-15    0.         4.        
 0.42       17.E-15    0.         4.        
 0.44       20.E-15    0.         4.        
 0.46       24.E-15    0.         4.        
 0.48       28.E-15    0.         4.        
 0.5        33.E-15    0.         4.        
 0.52       38.E-15    0.         4.        
 0.54       45.E-15    0.         4.        
 0.56       52.E-15    0.         4.        
 0.58       61.E-15   -6.0681E-9  4.        
 0.6        71.E-15   -7.0359E-9  4.        
 0.62       82.E-15   -8.1418E-9  4.        
 0.64       94.E-15   -9.3933E-9  4.        
 0.66       109.E-15  -10.827E-9  4.        
 0.68       125.E-15  -12.456E-9  4.        
 0.7        144.E-15  -14.305E-9  4.        
 0.72       165.E-15  -16.415E-9  4.        
 0.74       188.E-15  -18.772E-9  4.        
 0.76       215.E-15  -21.45E-9   4.        
 0.78       246.E-15  -24.491E-9  4.        
 0.8        280.E-15  -27.925E-9  4.        
 0.82       319.E-15  -31.796E-9  4.        
 0.84       363.E-15  -36.176E-9  4.        
 0.86       412.E-15  -41.095E-9  4.        
 0.88       467.E-15  -46.653E-9  4.        
 0.9        530.E-15  -52.867E-9  4.        
 0.92       600.E-15  -59.881E-9  4.        
 0.94       679.E-15  -67.754E-9  4.        
 0.96       767.E-15  -76.587E-9  4.        
 0.98       866.E-15  -86.497E-9  4.        
 1.         977.E-15  -97.614E-9  4.        
 1.02       1.102E-12 -110.07E-9  4.        
 1.04       1.241E-12 -124.01E-9  4.        
 1.06       1.398E-12 -139.61E-9  4.        
 1.08       1.572E-12 -157.12E-9  4.        
 1.1        1.767E-12 -176.65E-9  4.        
 1.12       1.986E-12 -198.49E-9  4.        
 1.14       2.23E-12  -222.86E-9  4.        
 1.16       2.502E-12 -250.09E-9  4.        
 1.18       2.805E-12 -280.49E-9  4.        
 1.2        3.144E-12 -314.37E-9  4.        
 0.         0.2        162.E-12   5.        
 0.02       0.2       -20.314E-9  4.        
 0.04       0.2       -27.229E-9  4.        
 0.06       0.2       -29.841E-9  4.        
 0.08       0.2       -31.335E-9  4.        
 0.1        0.2       -32.474E-9  4.        
 0.12       0.2       -33.478E-9  4.        
 0.14       0.2       -34.417E-9  4.        
 0.16       0.2       -35.319E-9  4.        
 0.18       0.2       -36.202E-9  4.        
 0.2        0.2       -37.071E-9  4.        
 0.22       0.2       -37.933E-9  4.        
 0.24       0.2       -38.795E-9  4.        
 0.26       0.2       -39.65E-9   4.        
 0.28       0.2       -40.509E-9  4.        
 0.3        0.2       -41.375E-9  4.        
 0.32       0.2       -42.244E-9  4.        
 0.34       0.2       -43.125E-9  4.        
 0.36       0.2       -44.005E-9  4.        
 0.38       0.2       -44.893E-9  4.        
 0.4        0.2       -45.795E-9  4.        
 0.42       0.2       -46.697E-9  4.        
 0.44       0.2       -47.621E-9  4.        
 0.46       0.2       -48.56E-9   4.        
 0.48       0.2       -49.513E-9  4.        
 0.5        0.2       -50.488E-9  4.        
 0.52       0.2       -51.47E-9   4.        
 0.54       0.2       -52.496E-9  4.        
 0.56       0.2       -53.551E-9  4.        
 0.58       0.2       -54.621E-9  4.        
 0.6        0.2       -55.741E-9  4.        
 0.62       0.2       -56.898E-9  4.        
 0.64       0.2       -58.113E-9  4.        
 0.66       0.2       -59.343E-9  4.        
 0.68       0.2       -60.681E-9  4.        
 0.7        0.2       -62.064E-9  4.        
 0.72       0.2       -63.519E-9  4.        
 0.74       0.2       -65.062E-9  4.        
 0.76       0.2       -66.691E-9  4.        
 0.78       0.2       -68.452E-9  4.        
 0.8        0.2       -70.329E-9  4.        
 0.82       0.2       -72.338E-9  4.        
 0.84       0.2       -74.491E-9  4.        
 0.86       0.2       -76.849E-9  4.        
 0.88       0.2       -79.381E-9  4.        
 0.9        0.2       -82.16E-9   4.        
 0.92       0.2       -85.172E-9  4.        
 0.94       0.2       -88.476E-9  4.        
 0.96       0.2       -92.07E-9   4.        
 0.98       0.2       -96.028E-9  4.        
 1.         0.2       -100.38E-9  4.        
 1.02       0.2       -105.21E-9  4.        
 1.04       0.2       -110.51E-9  4.        
 1.06       0.2       -116.39E-9  4.        
 1.08       0.2       -122.85E-9  4.        
 1.1        0.2       -130.04E-9  4.        
 1.12       0.2       -138.01E-9  4.        
 1.14       0.2       -146.83E-9  4.        
 1.16       0.2       -156.62E-9  4.        
 1.18       0.2       -167.51E-9  4.        
 1.2        0.2       -179.56E-9  4.        
 0.         0.4        2.5128E-9  5.        
 0.02       0.4       -6.7391E-6  4.        
 0.04       0.4       -9.4428E-6  4.        
 0.06       0.4       -10.481E-6  4.        
 0.08       0.4       -11.016E-6  4.        
 0.1        0.4       -11.392E-6  4.        
 0.12       0.4       -11.707E-6  4.        
 0.14       0.4       -11.993E-6  4.        
 0.16       0.4       -12.265E-6  4.        
 0.18       0.4       -12.529E-6  4.        
 0.2        0.4       -12.787E-6  4.        
 0.22       0.4       -13.043E-6  4.        
 0.24       0.4       -13.296E-6  4.        
 0.26       0.4       -13.549E-6  4.        
 0.28       0.4       -13.8E-6    4.        
 0.3        0.4       -14.051E-6  4.        
 0.32       0.4       -14.302E-6  4.        
 0.34       0.4       -14.552E-6  4.        
 0.36       0.4       -14.803E-6  4.        
 0.38       0.4       -15.053E-6  4.        
 0.4        0.4       -15.304E-6  4.        
 0.42       0.4       -15.556E-6  4.        
 0.44       0.4       -15.807E-6  4.        
 0.46       0.4       -16.059E-6  4.        
 0.48       0.4       -16.312E-6  4.        
 0.5        0.4       -16.565E-6  4.        
 0.52       0.4       -16.818E-6  4.        
 0.54       0.4       -17.072E-6  4.        
 0.56       0.4       -17.326E-6  4.        
 0.58       0.4       -17.581E-6  4.        
 0.6        0.4       -17.837E-6  4.        
 0.62       0.4       -18.093E-6  4.        
 0.64       0.4       -18.349E-6  4.        
 0.66       0.4       -18.606E-6  4.        
 0.68       0.4       -18.864E-6  4.        
 0.7        0.4       -19.122E-6  4.        
 0.72       0.4       -19.38E-6   4.        
 0.74       0.4       -19.639E-6  4.        
 0.76       0.4       -19.899E-6  4.        
 0.78       0.4       -20.159E-6  4.        
 0.8        0.4       -20.42E-6   4.        
 0.82       0.4       -20.682E-6  4.        
 0.84       0.4       -20.944E-6  4.        
 0.86       0.4       -21.206E-6  4.        
 0.88       0.4       -21.47E-6   4.        
 0.9        0.4       -21.733E-6  4.        
 0.92       0.4       -21.998E-6  4.        
 0.94       0.4       -22.263E-6  4.        
 0.96       0.4       -22.529E-6  4.        
 0.98       0.4       -22.795E-6  4.        
 1.         0.4       -23.062E-6  4.        
 1.02       0.4       -23.33E-6   4.        
 1.04       0.4       -23.598E-6  4.        
 1.06       0.4       -23.868E-6  4.        
 1.08       0.4       -24.138E-6  4.        
 1.1        0.4       -24.409E-6  4.        
 1.12       0.4       -24.681E-6  4.        
 1.14       0.4       -24.953E-6  4.        
 1.16       0.4       -25.227E-6  4.        
 1.18       0.4       -25.502E-6  4.        
 1.2        0.4       -25.777E-6  4.        
 0.         0.6        13.422E-9  5.        
 0.02       0.6       -141.15E-6  4.        
 0.04       0.6       -253.42E-6  4.        
 0.06       0.6       -338.88E-6  4.        
 0.08       0.6       -400.29E-6  4.        
 0.1        0.6       -441.58E-6  4.        
 0.12       0.6       -468.05E-6  4.        
 0.14       0.6       -485.12E-6  4.        
 0.16       0.6       -496.88E-6  4.        
 0.18       0.6       -505.74E-6  4.        
 0.2        0.6       -512.97E-6  4.        
 0.22       0.6       -519.23E-6  4.        
 0.24       0.6       -524.86E-6  4.        
 0.26       0.6       -530.08E-6  4.        
 0.28       0.6       -535.02E-6  4.        
 0.3        0.6       -539.73E-6  4.        
 0.32       0.6       -544.3E-6   4.        
 0.34       0.6       -548.74E-6  4.        
 0.36       0.6       -553.08E-6  4.        
 0.38       0.6       -557.35E-6  4.        
 0.4        0.6       -561.56E-6  4.        
 0.42       0.6       -565.72E-6  4.        
 0.44       0.6       -569.84E-6  4.        
 0.46       0.6       -573.92E-6  4.        
 0.48       0.6       -577.97E-6  4.        
 0.5        0.6       -582.01E-6  4.        
 0.52       0.6       -586.02E-6  4.        
 0.54       0.6       -590.01E-6  4.        
 0.56       0.6       -593.99E-6  4.        
 0.58       0.6       -597.95E-6  4.        
 0.6        0.6       -601.91E-6  4.        
 0.62       0.6       -605.85E-6  4.        
 0.64       0.6       -609.79E-6  4.        
 0.66       0.6       -613.71E-6  4.        
 0.68       0.6       -617.64E-6  4.        
 0.7        0.6       -621.55E-6  4.        
 0.72       0.6       -625.47E-6  4.        
 0.74       0.6       -629.37E-6  4.        
 0.76       0.6       -633.28E-6  4.        
 0.78       0.6       -637.18E-6  4.        
 0.8        0.6       -641.08E-6  4.        
 0.82       0.6       -644.98E-6  4.        
 0.84       0.6       -648.87E-6  4.        
 0.86       0.6       -652.76E-6  4.        
 0.88       0.6       -656.66E-6  4.        
 0.9        0.6       -660.55E-6  4.        
 0.92       0.6       -664.44E-6  4.        
 0.94       0.6       -668.33E-6  4.        
 0.96       0.6       -672.22E-6  4.        
 0.98       0.6       -676.12E-6  4.        
 1.         0.6       -680.01E-6  4.        
 1.02       0.6       -683.9E-6   4.        
 1.04       0.6       -687.8E-6   4.        
 1.06       0.6       -691.69E-6  4.        
 1.08       0.6       -695.59E-6  4.        
 1.1        0.6       -699.49E-6  4.        
 1.12       0.6       -703.4E-6   4.        
 1.14       0.6       -707.3E-6   4.        
 1.16       0.6       -711.21E-6  4.        
 1.18       0.6       -715.13E-6  4.        
 1.2        0.6       -719.04E-6  4.        
 0.         0.8        55.369E-9  5.        
 0.02       0.8       -321.56E-6  4.        
 0.04       0.8       -610.65E-6  4.        
 0.06       0.8       -868.48E-6  4.        
 0.08       0.8       -0.0010963  4.        
 0.1        0.8       -0.0012953  4.        
 0.12       0.8       -0.0014668  4.        
 0.14       0.8       -0.001612   4.        
 0.16       0.8       -0.0017325  4.        
 0.18       0.8       -0.0018303  4.        
 0.2        0.8       -0.0019079  4.        
 0.22       0.8       -0.0019684  4.        
 0.24       0.8       -0.0020155  4.        
 0.26       0.8       -0.0020527  4.        
 0.28       0.8       -0.0020828  4.        
 0.3        0.8       -0.002108   4.        
 0.32       0.8       -0.0021297  4.        
 0.34       0.8       -0.0021489  4.        
 0.36       0.8       -0.0021663  4.        
 0.38       0.8       -0.0021822  4.        
 0.4        0.8       -0.0021971  4.        
 0.42       0.8       -0.0022111  4.        
 0.44       0.8       -0.0022245  4.        
 0.46       0.8       -0.0022373  4.        
 0.48       0.8       -0.0022497  4.        
 0.5        0.8       -0.0022616  4.        
 0.52       0.8       -0.0022733  4.        
 0.54       0.8       -0.0022847  4.        
 0.56       0.8       -0.0022959  4.        
 0.58       0.8       -0.0023068  4.        
 0.6        0.8       -0.0023176  4.        
 0.62       0.8       -0.0023283  4.        
 0.64       0.8       -0.0023388  4.        
 0.66       0.8       -0.0023492  4.        
 0.68       0.8       -0.0023594  4.        
 0.7        0.8       -0.0023696  4.        
 0.72       0.8       -0.0023797  4.        
 0.74       0.8       -0.0023898  4.        
 0.76       0.8       -0.0023997  4.        
 0.78       0.8       -0.0024096  4.        
 0.8        0.8       -0.0024195  4.        
 0.82       0.8       -0.0024293  4.        
 0.84       0.8       -0.002439   4.        
 0.86       0.8       -0.0024487  4.        
 0.88       0.8       -0.0024583  4.        
 0.9        0.8       -0.002468   4.        
 0.92       0.8       -0.0024775  4.        
 0.94       0.8       -0.0024871  4.        
 0.96       0.8       -0.0024966  4.        
 0.98       0.8       -0.0025061  4.        
 1.         0.8       -0.0025155  4.        
 1.02       0.8       -0.0025249  4.        
 1.04       0.8       -0.0025343  4.        
 1.06       0.8       -0.0025437  4.        
 1.08       0.8       -0.0025531  4.        
 1.1        0.8       -0.0025624  4.        
 1.12       0.8       -0.0025717  4.        
 1.14       0.8       -0.002581   4.        
 1.16       0.8       -0.0025903  4.        
 1.18       0.8       -0.0025996  4.        
 1.2        0.8       -0.0026088  4.        
 0.         1.         193.74E-9  5.        
 0.02       1.        -439.65E-6  4.        
 0.04       1.        -849.43E-6  4.        
 0.06       1.        -0.0012301  4.        
 0.08       1.        -0.0015824  4.        
 0.1        1.        -0.0019074  4.        
 0.12       1.        -0.0022057  4.        
 0.14       1.        -0.0024783  4.        
 0.16       1.        -0.0027259  4.        
 0.18       1.        -0.0029493  4.        
 0.2        1.        -0.0031493  4.        
 0.22       1.        -0.0033268  4.        
 0.24       1.        -0.0034827  4.        
 0.26       1.        -0.0036182  4.        
 0.28       1.        -0.0037345  4.        
 0.3        1.        -0.0038334  4.        
 0.32       1.        -0.0039168  4.        
 0.34       1.        -0.0039872  4.        
 0.36       1.        -0.0040467  4.        
 0.38       1.        -0.0040978  4.        
 0.4        1.        -0.0041421  4.        
 0.42       1.        -0.0041812  4.        
 0.44       1.        -0.0042162  4.        
 0.46       1.        -0.004248   4.        
 0.48       1.        -0.0042772  4.        
 0.5        1.        -0.0043044  4.        
 0.52       1.        -0.0043298  4.        
 0.54       1.        -0.0043538  4.        
 0.56       1.        -0.0043766  4.        
 0.58       1.        -0.0043984  4.        
 0.6        1.        -0.0044194  4.        
 0.62       1.        -0.0044396  4.        
 0.64       1.        -0.0044593  4.        
 0.66       1.        -0.0044784  4.        
 0.68       1.        -0.004497   4.        
 0.7        1.        -0.0045152  4.        
 0.72       1.        -0.004533   4.        
 0.74       1.        -0.0045505  4.        
 0.76       1.        -0.0045677  4.        
 0.78       1.        -0.0045846  4.        
 0.8        1.        -0.0046014  4.        
 0.82       1.        -0.0046178  4.        
 0.84       1.        -0.0046341  4.        
 0.86       1.        -0.0046502  4.        
 0.88       1.        -0.0046662  4.        
 0.9        1.        -0.004682   4.        
 0.92       1.        -0.0046977  4.        
 0.94       1.        -0.0047132  4.        
 0.96       1.        -0.0047286  4.        
 0.98       1.        -0.0047439  4.        
 1.         1.        -0.0047591  4.        
 1.02       1.        -0.0047742  4.        
 1.04       1.        -0.0047892  4.        
 1.06       1.        -0.0048041  4.        
 1.08       1.        -0.0048189  4.        
 1.1        1.        -0.0048337  4.        
 1.12       1.        -0.0048484  4.        
 1.14       1.        -0.004863   4.        
 1.16       1.        -0.0048776  4.        
 1.18       1.        -0.0048921  4.        
 1.2        1.        -0.0049065  4.        
 0.         1.2        613.32E-9  5.        
 0.02       1.2       -512.36E-6  4.        
 0.04       1.2       -998.78E-6  4.        
 0.06       1.2       -0.0014593  4.        
 0.08       1.2       -0.0018945  4.        
 0.1        1.2       -0.0023051  4.        
 0.12       1.2       -0.0026916  4.        
 0.14       1.2       -0.0030547  4.        
 0.16       1.2       -0.0033949  4.        
 0.18       1.2       -0.0037127  4.        
 0.2        1.2       -0.0040088  4.        
 0.22       1.2       -0.0042836  4.        
 0.24       1.2       -0.0045378  4.        
 0.26       1.2       -0.0047718  4.        
 0.28       1.2       -0.0049863  4.        
 0.3        1.2       -0.0051818  4.        
 0.32       1.2       -0.005359   4.        
 0.34       1.2       -0.0055186  4.        
 0.36       1.2       -0.0056614  4.        
 0.38       1.2       -0.0057884  4.        
 0.4        1.2       -0.0059008  4.        
 0.42       1.2       -0.0059999  4.        
 0.44       1.2       -0.0060872  4.        
 0.46       1.2       -0.0061644  4.        
 0.48       1.2       -0.006233   4.        
 0.5        1.2       -0.0062944  4.        
 0.52       1.2       -0.0063497  4.        
 0.54       1.2       -0.0064001  4.        
 0.56       1.2       -0.0064463  4.        
 0.58       1.2       -0.006489   4.        
 0.6        1.2       -0.0065289  4.        
 0.62       1.2       -0.0065662  4.        
 0.64       1.2       -0.0066014  4.        
 0.66       1.2       -0.0066349  4.        
 0.68       1.2       -0.0066667  4.        
 0.7        1.2       -0.0066973  4.        
 0.72       1.2       -0.0067267  4.        
 0.74       1.2       -0.006755   4.        
 0.76       1.2       -0.0067824  4.        
 0.78       1.2       -0.0068091  4.        
 0.8        1.2       -0.006835   4.        
 0.82       1.2       -0.0068603  4.        
 0.84       1.2       -0.0068851  4.        
 0.86       1.2       -0.0069093  4.        
 0.88       1.2       -0.006933   4.        
 0.9        1.2       -0.0069564  4.        
 0.92       1.2       -0.0069793  4.        
 0.94       1.2       -0.0070019  4.        
 0.96       1.2       -0.0070242  4.        
 0.98       1.2       -0.0070462  4.        
 1.         1.2       -0.0070679  4.        
 1.02       1.2       -0.0070894  4.        
 1.04       1.2       -0.0071106  4.        
 1.06       1.2       -0.0071317  4.        
 1.08       1.2       -0.0071525  4.        
 1.1        1.2       -0.0071731  4.        
 1.12       1.2       -0.0071935  4.        
 1.14       1.2       -0.0072138  4.        
 1.16       1.2       -0.0072339  4.        
 1.18       1.2       -0.0072539  4.        
 1.2        1.2       -0.0072737  4.        
Gnucap   System status
iterations: op=0, dc=1713, tran=0, fourier=0, total=1713
transient timesteps: accepted=0, rejected=0, total=0
nodes: user=2, subckt=0, model=18, total=20
dctran density=34.2%, ac density=34.2%
