Gnucap : The Gnu Circuit Analysis Package
Never trust any version less than 1.0
Copyright 1982-2013, Albert Davis
Gnucap comes with ABSOLUTELY NO WARRANTY
This is free software, and you are welcome
to redistribute it under the terms of 
the GNU General Public License, version 3 or later.
See the file "COPYING" for details.
main version: noinsensitive 2025.10.15
core-lib version: noinsensitive 2025.10.15
default plugins: noinsensitive 2025.10.15
param: already installed, replacing
stashing as param:0
parameters: already installed, replacing
stashing as parameters:0
parameter: already installed, replacing
stashing as parameter:0
logic: already installed, replacing
stashing as logic:0
spice: already installed, replacing
stashing as spice:0
acs: already installed, replacing
stashing as acs:0
;: already installed, replacing
stashing as ;:0
#: already installed, replacing
stashing as #:0
*: already installed, replacing
stashing as *:0
': already installed, replacing
stashing as ':0
": already installed, replacing
stashing as ":0
dev_comment: already installed, replacing
stashing as dev_comment:0
.model: already installed, replacing
stashing as .model:0
.subckt: already installed, replacing
stashing as .subckt:0
.macro: already installed, replacing
stashing as .macro:0
.lib: already installed, replacing
stashing as .lib:0
lib: already installed, replacing
stashing as lib:0
.include: already installed, replacing
stashing as .include:0
.merge: already installed, replacing
stashing as .merge:0
merge: already installed, replacing
stashing as merge:0
<: already installed, replacing
stashing as <:0
.get: already installed, replacing
stashing as .get:0
get: already installed, replacing
stashing as get:0
.build: already installed, replacing
stashing as .build:0
build: already installed, replacing
stashing as build:0
spice: already installed, replacing
stashing as spice:0
`spice: already installed, replacing
stashing as `spice:0
acs: already installed, replacing
stashing as acs:0
.endc: already installed, replacing
stashing as .endc:0
.control: already installed, replacing
stashing as .control:0
verilog: already installed, replacing
stashing as verilog:0
paramset: already installed, replacing
stashing as paramset:0
module: already installed, replacing
stashing as module:0
macromodule: already installed, replacing
stashing as macromodule:0
verilog: already installed, replacing
stashing as verilog:0
quit: already installed, replacing
stashing as quit:0
exit: already installed, replacing
stashing as exit:0
detach_all: already installed, replacing
stashing as detach_all:0
paramset NMOS bsim4va;
  parameter real l=0.09u;
   parameter real w=10.0u;
 .l=l; .w=w; .type=1; .level=14; .version=4.80; .binunit=1; .paramchk=1; .mobmod=0; .capmod=1; .igcmod=1; .igbmod=1; .geomod=1; .diomod=1; .rdsmod=0; .rbodymod=0; .rgatemod=1; .permod=1; .acnqsmod=0; .trnqsmod=0; .tempmod=0; .mtrlmod=1; .cvchargemod=0; .mtrlcompatmod=1; .gidlmod=0; .wpemod=0; .eot=1.8e-009; .vddeot=1.5; .ados=1.1; .bdos=1.0; .tnom=25; .toxe=1.8e-009; .toxp=10e-010; .toxm=1.8e-009; .dtox=8e-10; .epsrox=3.9; .wint=5e-009; .lint=1e-009; .ll=0; .wl=0; .lln=1; .wln=1; .lw=0; .ww=0; .lwn=1; .wwn=1; .lwl=0; .wwl=0; .xpart=1; .toxref=1.4e-009; .phig=4.05; .epsrgate=11.7; .saref=5e-6; .sbref=5e-6; .wlod=2e-6; .ku0=(- 4e-6); .kvsat=0.2; .kvth0=(- 2e-8); .tku0=0.0; .llodku0=1.1; .wlodku0=1.1; .llodvth=1.0; .wlodvth=1.0; .lku0=1e-6; .wku0=1e-6; .pku0=0.0; .lkvth0=1.1e-6; .wkvth0=1.1e-6; .pkvth0=0.0; .stk2=0.0; .lodk2=1.0; .steta0=0.0; .lodeta0=1.0; .lambda=4e-10; .vsat=1.1e+005; .vtl=2.0e5; .xn=6.0; .lc=5e-9; .rnoia=0.577; .rnoib=0.37; .tvoff=0.0; .tvfbsdoff=0.0; .vth0=0.25; .k1=0.35; .k2=0.05; .k3=0; .k3b=0; .w0=2.5e-006; .dvt0=1.8; .dvt1=0.52; .dvt2=(- 0.032); .dvt0w=0; .dvt1w=0; .dvt2w=0; .dsub=2; .minv=0.05; .voffl=0; .dvtp0=1e-007; .minvcv=2; .voffcvl=0; .dvtp1=0.05; .lpe0=5.75e-008; .lpeb=2.3e-010; .xj=2e-008; .ngate=5e+020; .ndep=2.8e+018; .nsd=1e+020; .phin=0; .cdsc=0.0002; .cdscb=0; .cdscd=0; .cit=0; .voff=(- 0.15); .nfactor=1.2; .eta0=0.05; .etab=0; .vfb=(- 0.55); .u0=0.032; .ua=5.0e-011; .ub=3.5e-018; .uc=(- 3e-011); .a0=2; .ags=1e-020; .a1=0; .a2=1; .b0=(- 1e-020); .b1=0; .keta=0.04; .dwg=0; .dwb=0; .pclm=0.08; .pdiblc1=0.028; .pdiblc2=0.022; .pdiblcb=(- 0.005); .drout=0.45; .pvag=1e-020; .delta=0.01; .pscbe1=8.14e+008; .pscbe2=5e-008; .fprout=0.2; .pdits=0.2; .pditsd=0.23; .pditsl=2.3e+006; .rsh=0; .rdsw=50; .rsw=50; .rdw=50; .rdswmin=0; .rdwmin=0; .rswmin=0; .prwg=0; .prwb=6.8e-011; .wr=1; .alpha0=0.074; .alpha1=0.005; .beta0=30; .agidl=0.0001; .bgidl=2.1e+009; .cgidl=0.0001; .egidl=0.8; .agisl=0.0002; .bgisl=2.1e+009; .cgisl=0.0002; .egisl=(- 0.28); .aigbacc=0.012; .bigbacc=0.0028; .cigbacc=0.002; .nigbacc=1; .aigbinv=0.014; .bigbinv=0.004; .cigbinv=0.004; .eigbinv=1.1; .nigbinv=3; .aigc=0.012; .bigc=0.0028; .cigc=0.002; .aigs=0.012; .bigs=0.0028; .cigs=0.002; .nigc=1; .poxedge=1; .pigcd=1; .ntox=1; .aigd=0.01; .bigd=0.003; .cigd=0.0015; .xrcrg1=12; .xrcrg2=5; .cgso=6.238e-010; .cgdo=6.238e-010; .cgbo=2.56e-011; .cgdl=2.495e-10; .cgsl=2.495e-10; .ckappas=0.03; .ckappad=0.03; .acde=1; .moin=15; .noff=0.9; .voffcv=(- 0.02); .kt1=(- 0.37); .kt1l=0.0; .kt2=(- 0.042); .ute=(- 1.5); .ua1=1e-009; .ub1=(- 3.5e-019); .uc1=0; .prt=0; .at=53000; .fnoimod=1; .tnoimod=0; .jss=0.0001; .jsws=1e-011; .jswgs=1e-010; .njs=1; .ijthsfwd=0.01; .ijthsrev=0.001; .bvs=10; .xjbvs=1; .jsd=0.0001; .jswd=1e-011; .jswgd=1e-010; .njd=1; .ijthdfwd=0.01; .ijthdrev=0.001; .bvd=10; .xjbvd=1; .pbs=1; .cjs=0.0005; .mjs=0.5; .pbsws=1; .cjsws=5e-010; .mjsws=0.33; .pbswgs=1; .cjswgs=3e-010; .mjswgs=0.33; .pbd=1; .cjd=0.0005; .mjd=0.5; .pbswd=1; .cjswd=5e-010; .mjswd=0.33; .pbswgd=1; .cjswgd=5e-010; .mjswgd=0.33; .tpb=0.005; .tcj=0.001; .tpbsw=0.005; .tcjsw=0.001; .tpbswg=0.005; .tcjswg=0.001; .xtis=3; .xtid=3; .dmcg=8e-006; .dmci=3e-006; .dmdg=2e-006; .dmcgt=1e-007; .dwj=0.0e-008; .xgw=0e-007; .xgl=0e-008; .rshg=0.4; .gbmin=1e-010; .rbpb=5; .rbpd=15; .rbps=15; .rbdb=15; .rbsb=15; .ngcon=1; .jtss=1e-4; .jtsd=1e-4; .jtssws=1e-10; .jtsswd=1e-10; .jtsswgs=1e-7; .jtsswgd=1e-7; .njts=20.0; .njtssw=15; .njtsswg=6; .vtss=10; .vtsd=10; .vtssws=10; .vtsswd=10; .njtsd=15.0; .njtsswd=20; .njtsswgd=6; .tnjts=0.1; .tnjtsd=0.05; .vtsswgs=2; .vtsswgd=2; .xtss=0.02; .xtsd=0.02; .xtssws=0.02; .xtsswd=0.02; .xtsswgs=0.02; .xtsswgd=0.02;
endparamset

paramset PMOS bsim4va;
  parameter real l=0.09u;
   parameter real w=10.0u;
 .l=l; .w=w; .type=(- 1); .level=14; .version=4.80; .binunit=1; .paramchk=1; .mobmod=0; .capmod=1; .igcmod=1; .igbmod=1; .geomod=1; .diomod=1; .rdsmod=0; .rbodymod=0; .rgatemod=1; .permod=1; .acnqsmod=0; .trnqsmod=0; .tempmod=0; .mtrlmod=1; .cvchargemod=0; .mtrlcompatmod=1; .gidlmod=0; .wpemod=0; .eot=1.8e-009; .vddeot=(- 1.5); .ados=1.1; .bdos=1.0; .tnom=27; .toxe=1.8e-009; .toxp=10e-010; .toxm=1.8e-009; .dtox=8e-10; .epsrox=3.9; .wint=5e-009; .lint=1e-009; .ll=0; .wl=0; .lln=1; .wln=1; .lw=0; .ww=0; .lwn=1; .wwn=1; .lwl=0; .wwl=0; .xpart=0; .toxref=1.8e-9; .phig=4.05; .epsrgate=11.7; .saref=5e-6; .sbref=5e-6; .wlod=2e-6; .ku0=4e-6; .kvsat=0.2; .kvth0=(- 2e-8); .tku0=0.0; .llodku0=1.1; .wlodku0=1.1; .llodvth=1.0; .wlodvth=1.0; .lku0=1e-6; .wku0=1e-6; .pku0=0.0; .lkvth0=1.1e-6; .wkvth0=1.1e-6; .pkvth0=0.0; .stk2=0.0; .lodk2=1.0; .steta0=0.0; .lodeta0=1.0; .lambda=4e-10; .vsat=1.1e+005; .vtl=2.0e5; .xn=6.0; .lc=5e-9; .rnoia=0.577; .rnoib=0.37; .tvoff=0.0; .tvfbsdoff=0.0; .vth0=(- 0.25); .k1=0.35; .k2=0.05; .k3=0; .k3b=0; .w0=2.5e-006; .dvt0=1.8; .dvt1=0.52; .dvt2=(- 0.032); .dvt0w=0; .dvt1w=0; .dvt2w=0; .dsub=2; .minv=0.05; .voffl=0; .dvtp0=1e-007; .minvcv=2; .voffcvl=0; .dvtp1=0.05; .lpe0=5.75e-008; .lpeb=2.3e-010; .xj=2e-008; .ngate=5e+020; .ndep=2.8e+018; .nsd=1e+020; .phin=0; .cdsc=0.0002; .cdscb=0; .cdscd=0; .cit=0; .voff=(- 0.15); .nfactor=1.2; .eta0=0.05; .etab=0; .vfb=0.55; .u0=0.0095; .ua=5.0e-011; .ub=3.5e-018; .uc=(- 3e-011); .a0=2; .ags=1e-020; .a1=0; .a2=1; .b0=(- 1e-020); .b1=0; .keta=0.04; .dwg=0; .dwb=0; .pclm=0.08; .pdiblc1=0.028; .pdiblc2=0.022; .pdiblcb=(- 0.005); .drout=0.45; .pvag=1e-020; .delta=0.01; .pscbe1=8.14e+008; .pscbe2=5e-008; .fprout=0.2; .pdits=0.2; .pditsd=0.23; .pditsl=2.3e+006; .rsh=0; .rdsw=50; .rsw=50; .rdw=50; .rdswmin=0; .rdwmin=0; .rswmin=0; .prwg=0; .prwb=6.8e-011; .wr=1; .alpha0=0.074; .alpha1=0.005; .beta0=30; .agidl=0.0002; .bgidl=2.1e+009; .cgidl=0.0002; .egidl=0.8; .agisl=0.0003; .bgisl=2.5e+009; .cgisl=0.0003; .egisl=(- 0.28); .aigbacc=0.012; .bigbacc=0.0028; .cigbacc=0.002; .nigbacc=1; .aigbinv=0.014; .bigbinv=0.004; .cigbinv=0.004; .eigbinv=1.1; .nigbinv=3; .aigc=0.012; .bigc=0.0028; .cigc=0.002; .aigs=0.012; .bigs=0.0028; .cigs=0.002; .nigc=1; .poxedge=1; .pigcd=1; .ntox=1; .aigd=0.01; .bigd=0.003; .cigd=0.0015; .xrcrg1=12; .xrcrg2=5; .cgso=6.238e-010; .cgdo=6.238e-010; .cgbo=2.56e-011; .cgdl=2.495e-10; .cgsl=2.495e-10; .ckappas=0.03; .ckappad=0.03; .acde=1; .moin=15; .noff=0.9; .voffcv=0.02; .kt1=(- 0.37); .kt1l=0.0; .kt2=(- 0.042); .ute=(- 1.5); .ua1=1e-009; .ub1=(- 3.5e-019); .uc1=0; .prt=0; .at=53000; .fnoimod=1; .tnoimod=0; .jss=0.0001; .jsws=1e-011; .jswgs=1e-010; .njs=1; .ijthsfwd=0.01; .ijthsrev=0.001; .bvs=10; .xjbvs=1; .jsd=0.0001; .jswd=1e-011; .jswgd=1e-010; .njd=1; .ijthdfwd=0.01; .ijthdrev=0.001; .bvd=10; .xjbvd=1; .pbs=1; .cjs=0.0005; .mjs=0.5; .pbsws=1; .cjsws=5e-010; .mjsws=0.33; .pbswgs=1; .cjswgs=3e-010; .mjswgs=0.33; .pbd=1; .cjd=0.0005; .mjd=0.5; .pbswd=1; .cjswd=5e-010; .mjswd=0.33; .pbswgd=1; .cjswgd=5e-010; .mjswgd=0.33; .tpb=0.005; .tcj=0.001; .tpbsw=0.005; .tcjsw=0.001; .tpbswg=0.005; .tcjswg=0.001; .xtis=3; .xtid=3; .dmcg=8e-006; .dmci=3e-006; .dmdg=2e-006; .dmcgt=1e-007; .dwj=0.0e-008; .xgw=0e-007; .xgl=0e-008; .rshg=0.4; .gbmin=1e-010; .rbpb=5; .rbpd=15; .rbps=15; .rbdb=15; .rbsb=15; .ngcon=1; .jtss=1e-4; .jtsd=1e-4; .jtssws=1e-10; .jtsswd=1e-10; .jtsswgs=1e-7; .jtsswgd=1e-7; .njts=20.0; .njtssw=15; .njtsswg=4; .vtss=10; .vtsd=10; .vtssws=10; .vtsswd=10; .njtsd=15.0; .njtsswd=20; .njtsswgd=6; .tnjts=0.1; .tnjtsd=0.05; .vtsswgs=2; .vtsswgd=2; .xtss=0.02; .xtsd=0.02; .xtssws=0.02; .xtsswd=0.02; .xtsswgs=0.02; .xtsswgd=0.02;
endparamset

parameter real L=0.09u; // MOSFET length 
parameter real WN=10.0u; // NMOS width 
parameter real WP=20.0u; // PMOS width 
parameter real VNOM=1.2; // Nominal supply (V) 
ground gnd;
vsource #(.dc(vd)) sd (.p(d),.n(gnd));
vsource #(.dc(vg)) sg (.p(g),.n(gnd));
parameter vd = 0.0;
parameter vg = 0.0;
PMOS #(.l(L),.w(WP)) M1 (.d(d),.g(g),.s(gnd),.b(gnd));
#           v(d)       i(sd)      iter(0)   
 0.6       -0.1        0.         4.        
 0.58      -0.1        0.         4.        
 0.56      -0.1        0.         4.        
 0.54      -0.1        0.         4.        
 0.52      -0.1        0.         4.        
 0.5       -0.1        0.         4.        
 0.48      -0.1        0.         4.        
 0.46      -0.1        0.         4.        
 0.44      -0.1        0.         4.        
 0.42      -0.1        0.         4.        
 0.4       -0.1        0.         4.        
 0.38      -0.1        0.         4.        
 0.36      -0.1        0.         4.        
 0.34      -0.1        0.         4.        
 0.32      -0.1        0.         4.        
 0.3       -0.1        0.         4.        
 0.28      -0.1        0.         4.        
 0.26      -0.1        0.         4.        
 0.24      -0.1        0.         4.        
 0.22      -0.1        0.         4.        
 0.2       -0.1        0.         4.        
 0.18      -0.1        0.         4.        
 0.16      -0.1        0.         4.        
 0.14      -0.1        0.         4.        
 0.12      -0.1        0.         4.        
 0.1       -0.1        0.         4.        
 0.08      -0.1        0.         4.        
 0.06      -0.1        0.         4.        
 0.04      -0.1        1.4152E-9  4.        
 0.02      -0.1        2.4484E-9  4.        
 0.        -0.1        4.2783E-9  4.        
-0.02      -0.1        7.5124E-9  4.        
-0.04      -0.1        13.204E-9  4.        
-0.06      -0.1        23.167E-9  4.        
-0.08      -0.1        40.46E-9   4.        
-0.1       -0.1        70.191E-9  4.        
-0.12      -0.1        120.72E-9  4.        
-0.14      -0.1        205.39E-9  4.        
-0.16      -0.1        345.09E-9  4.        
-0.18      -0.1        571.61E-9  4.        
-0.2       -0.1        932.39E-9  4.        
-0.22      -0.1        1.4969E-6  4.        
-0.24      -0.1        2.3657E-6  4.        
-0.26      -0.1        3.6832E-6  4.        
-0.28      -0.1        5.6556E-6  4.        
-0.3       -0.1        8.573E-6   4.        
-0.32      -0.1        12.833E-6  4.        
-0.34      -0.1        18.96E-6   4.        
-0.36      -0.1        27.597E-6  4.        
-0.38      -0.1        39.471E-6  4.        
-0.4       -0.1        55.298E-6  4.        
-0.42      -0.1        75.651E-6  4.        
-0.44      -0.1        100.81E-6  4.        
-0.46      -0.1        130.65E-6  4.        
-0.48      -0.1        164.66E-6  4.        
-0.5       -0.1        202.04E-6  4.        
-0.52      -0.1        241.89E-6  4.        
-0.54      -0.1        283.35E-6  4.        
-0.56      -0.1        325.68E-6  4.        
-0.58      -0.1        368.29E-6  4.        
-0.6       -0.1        410.71E-6  4.        
-0.62      -0.1        452.6E-6   4.        
-0.64      -0.1        493.71E-6  4.        
-0.66      -0.1        533.85E-6  4.        
-0.68      -0.1        572.9E-6   4.        
-0.7       -0.1        610.78E-6  4.        
-0.72      -0.1        647.42E-6  4.        
-0.74      -0.1        682.81E-6  4.        
-0.76      -0.1        716.92E-6  4.        
-0.78      -0.1        749.77E-6  4.        
-0.8       -0.1        781.35E-6  4.        
-0.82      -0.1        811.69E-6  4.        
-0.84      -0.1        840.81E-6  4.        
-0.86      -0.1        868.73E-6  4.        
-0.88      -0.1        895.49E-6  4.        
-0.9       -0.1        921.1E-6   4.        
-0.92      -0.1        945.6E-6   4.        
-0.94      -0.1        969.02E-6  4.        
-0.96      -0.1        991.4E-6   4.        
-0.98      -0.1        0.0010128  4.        
-1.        -0.1        0.0010331  4.        
-1.02      -0.1        0.0010525  4.        
-1.04      -0.1        0.001071   4.        
-1.06      -0.1        0.0010886  4.        
-1.08      -0.1        0.0011053  4.        
-1.1       -0.1        0.0011211  4.        
-1.12      -0.1        0.0011361  4.        
-1.14      -0.1        0.0011503  4.        
-1.16      -0.1        0.0011637  4.        
-1.18      -0.1        0.0011764  4.        
-1.2       -0.1        0.0011883  4.        
 0.6       -0.4        0.         4.        
 0.58      -0.4        0.         2.        
 0.56      -0.4        0.         4.        
 0.54      -0.4        0.         4.        
 0.52      -0.4        0.         4.        
 0.5       -0.4        0.         4.        
 0.48      -0.4        0.         4.        
 0.46      -0.4        0.         4.        
 0.44      -0.4        0.         4.        
 0.42      -0.4        0.         4.        
 0.4       -0.4        0.         4.        
 0.38      -0.4        0.         4.        
 0.36      -0.4        0.         4.        
 0.34      -0.4        0.         4.        
 0.32      -0.4        0.         4.        
 0.3       -0.4        0.         4.        
 0.28      -0.4        0.         4.        
 0.26      -0.4        0.         4.        
 0.24      -0.4        0.         4.        
 0.22      -0.4        0.         4.        
 0.2       -0.4        0.         4.        
 0.18      -0.4        0.         4.        
 0.16      -0.4        0.         4.        
 0.14      -0.4        0.         4.        
 0.12      -0.4        0.         4.        
 0.1       -0.4        0.         4.        
 0.08      -0.4        0.         4.        
 0.06      -0.4        0.         4.        
 0.04      -0.4        0.         4.        
 0.02      -0.4        0.         4.        
 0.        -0.4        5.5661E-9  4.        
-0.02      -0.4        9.8516E-9  4.        
-0.04      -0.4        17.404E-9  4.        
-0.06      -0.4        30.603E-9  4.        
-0.08      -0.4        53.471E-9  4.        
-0.1       -0.4        92.79E-9   4.        
-0.12      -0.4        159.53E-9  4.        
-0.14      -0.4        271.26E-9  4.        
-0.16      -0.4        455.31E-9  4.        
-0.18      -0.4        753.06E-9  4.        
-0.2       -0.4        1.2257E-6  4.        
-0.22      -0.4        1.9619E-6  4.        
-0.24      -0.4        3.0876E-6  4.        
-0.26      -0.4        4.7806E-6  4.        
-0.28      -0.4        7.2896E-6  4.        
-0.3       -0.4        10.958E-6  4.        
-0.32      -0.4        16.251E-6  4.        
-0.34      -0.4        23.776E-6  4.        
-0.36      -0.4        34.289E-6  4.        
-0.38      -0.4        48.667E-6  4.        
-0.4       -0.4        67.848E-6  4.        
-0.42      -0.4        92.735E-6  4.        
-0.44      -0.4        124.1E-6   4.        
-0.46      -0.4        162.48E-6  4.        
-0.48      -0.4        208.18E-6  4.        
-0.5       -0.4        261.21E-6  4.        
-0.52      -0.4        321.38E-6  4.        
-0.54      -0.4        388.32E-6  4.        
-0.56      -0.4        461.55E-6  4.        
-0.58      -0.4        540.54E-6  4.        
-0.6       -0.4        624.75E-6  4.        
-0.62      -0.4        713.61E-6  4.        
-0.64      -0.4        806.6E-6   4.        
-0.66      -0.4        903.21E-6  4.        
-0.68      -0.4        0.001003   4.        
-0.7       -0.4        0.0011054  4.        
-0.72      -0.4        0.0012101  4.        
-0.74      -0.4        0.0013167  4.        
-0.76      -0.4        0.0014247  4.        
-0.78      -0.4        0.0015338  4.        
-0.8       -0.4        0.0016435  4.        
-0.82      -0.4        0.0017535  4.        
-0.84      -0.4        0.0018634  4.        
-0.86      -0.4        0.0019727  4.        
-0.88      -0.4        0.0020811  4.        
-0.9       -0.4        0.0021881  4.        
-0.92      -0.4        0.0022934  4.        
-0.94      -0.4        0.0023967  4.        
-0.96      -0.4        0.0024976  4.        
-0.98      -0.4        0.002596   4.        
-1.        -0.4        0.0026917  4.        
-1.02      -0.4        0.0027845  4.        
-1.04      -0.4        0.0028744  4.        
-1.06      -0.4        0.0029614  4.        
-1.08      -0.4        0.0030454  4.        
-1.1       -0.4        0.0031264  4.        
-1.12      -0.4        0.0032046  4.        
-1.14      -0.4        0.0032798  4.        
-1.16      -0.4        0.0033522  4.        
-1.18      -0.4        0.0034219  4.        
-1.2       -0.4        0.0034889  4.        
 0.6       -0.7        0.         4.        
 0.58      -0.7        0.         4.        
 0.56      -0.7        0.         4.        
 0.54      -0.7        0.         4.        
 0.52      -0.7        0.         4.        
 0.5       -0.7        0.         4.        
 0.48      -0.7        0.         4.        
 0.46      -0.7        0.         4.        
 0.44      -0.7        0.         2.        
 0.42      -0.7        0.         4.        
 0.4       -0.7        0.         4.        
 0.38      -0.7        0.         4.        
 0.36      -0.7        0.         4.        
 0.34      -0.7        0.         4.        
 0.32      -0.7        0.         4.        
 0.3       -0.7        0.         4.        
 0.28      -0.7        0.         4.        
 0.26      -0.7        0.         4.        
 0.24      -0.7        0.         4.        
 0.22      -0.7        0.         4.        
 0.2       -0.7        0.         4.        
 0.18      -0.7        0.         4.        
 0.16      -0.7        0.         4.        
 0.14      -0.7        0.         4.        
 0.12      -0.7        0.         4.        
 0.1       -0.7        0.         4.        
 0.08      -0.7        0.         4.        
 0.06      -0.7        0.         4.        
 0.04      -0.7        0.         4.        
 0.02      -0.7        0.         4.        
 0.        -0.7        0.         4.        
-0.02      -0.7        12.267E-9  4.        
-0.04      -0.7        21.624E-9  4.        
-0.06      -0.7        37.966E-9  4.        
-0.08      -0.7        66.313E-9  4.        
-0.1       -0.7        114.97E-9  4.        
-0.12      -0.7        197.59E-9  4.        
-0.14      -0.7        335.8E-9   4.        
-0.16      -0.7        563.2E-9   4.        
-0.18      -0.7        930.52E-9  4.        
-0.2       -0.7        1.5122E-6  4.        
-0.22      -0.7        2.4149E-6  4.        
-0.24      -0.7        3.7885E-6  4.        
-0.26      -0.7        5.8409E-6  4.        
-0.28      -0.7        8.8571E-6  4.        
-0.3       -0.7        13.223E-6  4.        
-0.32      -0.7        19.451E-6  4.        
-0.34      -0.7        28.197E-6  4.        
-0.36      -0.7        40.264E-6  4.        
-0.38      -0.7        56.571E-6  4.        
-0.4       -0.7        78.084E-6  4.        
-0.42      -0.7        105.72E-6  4.        
-0.44      -0.7        140.26E-6  4.        
-0.46      -0.7        182.22E-6  4.        
-0.48      -0.7        231.89E-6  4.        
-0.5       -0.7        289.25E-6  4.        
-0.52      -0.7        354.1E-6   4.        
-0.54      -0.7        426.04E-6  4.        
-0.56      -0.7        504.6E-6   4.        
-0.58      -0.7        589.23E-6  4.        
-0.6       -0.7        679.37E-6  4.        
-0.62      -0.7        774.5E-6   4.        
-0.64      -0.7        874.09E-6  4.        
-0.66      -0.7        977.66E-6  4.        
-0.68      -0.7        0.0010848  4.        
-0.7       -0.7        0.001195   4.        
-0.72      -0.7        0.001308   4.        
-0.74      -0.7        0.0014234  4.        
-0.76      -0.7        0.0015408  4.        
-0.78      -0.7        0.0016601  4.        
-0.8       -0.7        0.0017808  4.        
-0.82      -0.7        0.0019029  4.        
-0.84      -0.7        0.0020259  4.        
-0.86      -0.7        0.0021497  4.        
-0.88      -0.7        0.0022742  4.        
-0.9       -0.7        0.002399   4.        
-0.92      -0.7        0.0025241  4.        
-0.94      -0.7        0.0026492  4.        
-0.96      -0.7        0.0027741  4.        
-0.98      -0.7        0.0028989  4.        
-1.        -0.7        0.0030232  4.        
-1.02      -0.7        0.0031469  4.        
-1.04      -0.7        0.00327    4.        
-1.06      -0.7        0.0033923  4.        
-1.08      -0.7        0.0035137  4.        
-1.1       -0.7        0.0036341  4.        
-1.12      -0.7        0.0037534  4.        
-1.14      -0.7        0.0038714  4.        
-1.16      -0.7        0.0039881  4.        
-1.18      -0.7        0.0041033  4.        
-1.2       -0.7        0.0042171  4.        
 0.6       -1.         0.         4.        
 0.58      -1.         0.         4.        
 0.56      -1.         0.         4.        
 0.54      -1.         0.         4.        
 0.52      -1.         0.         4.        
 0.5       -1.         0.         4.        
 0.48      -1.         0.         4.        
 0.46      -1.         0.         4.        
 0.44      -1.         0.         4.        
 0.42      -1.         0.         4.        
 0.4       -1.         0.         4.        
 0.38      -1.         0.         4.        
 0.36      -1.         0.         4.        
 0.34      -1.         0.         4.        
 0.32      -1.         0.         4.        
 0.3       -1.         0.         4.        
 0.28      -1.         0.         4.        
 0.26      -1.         0.         4.        
 0.24      -1.         0.         4.        
 0.22      -1.         0.         4.        
 0.2       -1.         0.         4.        
 0.18      -1.         0.         4.        
 0.16      -1.         0.         4.        
 0.14      -1.         0.         4.        
 0.12      -1.         0.         4.        
 0.1       -1.         0.         4.        
 0.08      -1.         0.         4.        
 0.06      -1.         0.         4.        
 0.04      -1.         0.         4.        
 0.02      -1.         0.         4.        
 0.        -1.         0.         4.        
-0.02      -1.         14.741E-9  4.        
-0.04      -1.         25.946E-9  4.        
-0.06      -1.         45.562E-9  4.        
-0.08      -1.         79.541E-9  4.        
-0.1       -1.         137.94E-9  4.        
-0.12      -1.         236.98E-9  4.        
-0.14      -1.         402.58E-9  4.        
-0.16      -1.         674.83E-9  4.        
-0.18      -1.         1.1141E-6  4.        
-0.2       -1.         1.8083E-6  4.        
-0.22      -1.         2.8829E-6  4.        
-0.24      -1.         4.5121E-6  4.        
-0.26      -1.         6.9342E-6  4.        
-0.28      -1.         10.471E-6  4.        
-0.3       -1.         15.552E-6  4.        
-0.32      -1.         22.734E-6  4.        
-0.34      -1.         32.722E-6  4.        
-0.36      -1.         46.363E-6  4.        
-0.38      -1.         64.609E-6  4.        
-0.4       -1.         88.45E-6   4.        
-0.42      -1.         118.81E-6  4.        
-0.44      -1.         156.45E-6  4.        
-0.46      -1.         201.88E-6  4.        
-0.48      -1.         255.33E-6  4.        
-0.5       -1.         316.77E-6  4.        
-0.52      -1.         385.93E-6  4.        
-0.54      -1.         462.41E-6  4.        
-0.56      -1.         545.69E-6  4.        
-0.58      -1.         635.19E-6  4.        
-0.6       -1.         730.36E-6  4.        
-0.62      -1.         830.64E-6  4.        
-0.64      -1.         935.49E-6  4.        
-0.66      -1.         0.0010444  4.        
-0.68      -1.         0.001157   4.        
-0.7       -1.         0.0012729  4.        
-0.72      -1.         0.0013916  4.        
-0.74      -1.         0.0015127  4.        
-0.76      -1.         0.0016361  4.        
-0.78      -1.         0.0017614  4.        
-0.8       -1.         0.0018883  4.        
-0.82      -1.         0.0020167  4.        
-0.84      -1.         0.0021461  4.        
-0.86      -1.         0.0022765  4.        
-0.88      -1.         0.0024076  4.        
-0.9       -1.         0.0025393  4.        
-0.92      -1.         0.0026714  4.        
-0.94      -1.         0.0028037  4.        
-0.96      -1.         0.0029361  4.        
-0.98      -1.         0.0030684  4.        
-1.        -1.         0.0032005  4.        
-1.02      -1.         0.0033323  4.        
-1.04      -1.         0.0034636  4.        
-1.06      -1.         0.0035944  4.        
-1.08      -1.         0.0037246  4.        
-1.1       -1.         0.0038541  4.        
-1.12      -1.         0.0039828  4.        
-1.14      -1.         0.0041106  4.        
-1.16      -1.         0.0042374  4.        
-1.18      -1.         0.0043632  4.        
-1.2       -1.         0.0044879  4.        
Gnucap   System status
iterations: op=0, dc=1452, tran=0, fourier=0, total=1452
transient timesteps: accepted=0, rejected=0, total=0
nodes: user=2, subckt=0, model=18, total=20
dctran density=34.2%, ac density=34.2%
