 frequency       frequency       onoise_spectrum inoise_spectrum
 1.00000000e+00  1.00000000e+00  5.30455612e-07  2.20075583e-05 
 1.04712855e+00  1.04712855e+00  5.18381034e-07  2.15066079e-05 
 1.09647820e+00  1.09647820e+00  5.06581308e-07  2.10170605e-05 
 1.14815362e+00  1.14815362e+00  4.95050178e-07  2.05386566e-05 
 1.20226443e+00  1.20226443e+00  4.83781530e-07  2.00711426e-05 
 1.25892541e+00  1.25892541e+00  4.72769390e-07  1.96142706e-05 
 1.31825674e+00  1.31825674e+00  4.62007919e-07  1.91677984e-05 
 1.38038426e+00  1.38038426e+00  4.51491410e-07  1.87314891e-05 
 1.44543977e+00  1.44543977e+00  4.41214287e-07  1.83051116e-05 
 1.51356125e+00  1.51356125e+00  4.31171103e-07  1.78884396e-05 
 1.58489319e+00  1.58489319e+00  4.21356531e-07  1.74812524e-05 
 1.65958691e+00  1.65958691e+00  4.11765368e-07  1.70833339e-05 
 1.73780083e+00  1.73780083e+00  4.02392528e-07  1.66944733e-05 
 1.81970086e+00  1.81970086e+00  3.93233042e-07  1.63144643e-05 
 1.90546072e+00  1.90546072e+00  3.84282054e-07  1.59431054e-05 
 1.99526231e+00  1.99526231e+00  3.75534817e-07  1.55801997e-05 
 2.08929613e+00  2.08929613e+00  3.66986693e-07  1.52255549e-05 
 2.18776162e+00  2.18776162e+00  3.58633151e-07  1.48789829e-05 
 2.29086765e+00  2.29086765e+00  3.50469761e-07  1.45402999e-05 
 2.39883292e+00  2.39883292e+00  3.42492194e-07  1.42093264e-05 
 2.51188643e+00  2.51188643e+00  3.34696222e-07  1.38858869e-05 
 2.63026799e+00  2.63026799e+00  3.27077710e-07  1.35698098e-05 
 2.75422870e+00  2.75422870e+00  3.19632618e-07  1.32609276e-05 
 2.88403150e+00  2.88403150e+00  3.12357000e-07  1.29590766e-05 
 3.01995172e+00  3.01995172e+00  3.05246998e-07  1.26640966e-05 
 3.16227766e+00  3.16227766e+00  2.98298842e-07  1.23758313e-05 
 3.31131121e+00  3.31131121e+00  2.91508848e-07  1.20941278e-05 
 3.46736850e+00  3.46736850e+00  2.84873416e-07  1.18188368e-05 
 3.63078055e+00  3.63078055e+00  2.78389027e-07  1.15498123e-05 
 3.80189396e+00  3.80189396e+00  2.72052244e-07  1.12869117e-05 
 3.98107171e+00  3.98107171e+00  2.65859707e-07  1.10299955e-05 
 4.16869383e+00  4.16869383e+00  2.59808132e-07  1.07789276e-05 
 4.36515832e+00  4.36515832e+00  2.53894311e-07  1.05335748e-05 
 4.57088190e+00  4.57088190e+00  2.48115107e-07  1.02938070e-05 
 4.78630092e+00  4.78630092e+00  2.42467458e-07  1.00594972e-05 
 5.01187234e+00  5.01187234e+00  2.36948368e-07  9.83052101e-06 
 5.24807460e+00  5.24807460e+00  2.31554912e-07  9.60675712e-06 
 5.49540874e+00  5.49540874e+00  2.26284229e-07  9.38808686e-06 
 5.75439937e+00  5.75439937e+00  2.21133524e-07  9.17439428e-06 
 6.02559586e+00  6.02559586e+00  2.16100068e-07  8.96556610e-06 
 6.30957344e+00  6.30957344e+00  2.11181191e-07  8.76149157e-06 
 6.60693448e+00  6.60693448e+00  2.06374285e-07  8.56206250e-06 
 6.91830971e+00  6.91830971e+00  2.01676801e-07  8.36717316e-06 
 7.24435960e+00  7.24435960e+00  1.97086249e-07  8.17672019e-06 
 7.58577575e+00  7.58577575e+00  1.92600194e-07  7.99060264e-06 
 7.94328235e+00  7.94328235e+00  1.88216259e-07  7.80872180e-06 
 8.31763771e+00  8.31763771e+00  1.83932119e-07  7.63098126e-06 
 8.70963590e+00  8.70963590e+00  1.79745502e-07  7.45728676e-06 
 9.12010839e+00  9.12010839e+00  1.75654188e-07  7.28754621e-06 
 9.54992586e+00  9.54992586e+00  1.71656008e-07  7.12166962e-06 
 1.00000000e+01  1.00000000e+01  1.67748843e-07  6.95956903e-06 
 1.04712855e+01  1.04712855e+01  1.63930620e-07  6.80115850e-06 
 1.09647820e+01  1.09647820e+01  1.60199316e-07  6.64635403e-06 
 1.14815362e+01  1.14815362e+01  1.56552951e-07  6.49507354e-06 
 1.20226443e+01  1.20226443e+01  1.52989593e-07  6.34723683e-06 
 1.25892541e+01  1.25892541e+01  1.49507352e-07  6.20276551e-06 
 1.31825674e+01  1.31825674e+01  1.46104382e-07  6.06158298e-06 
 1.38038426e+01  1.38038426e+01  1.42778878e-07  5.92361437e-06 
 1.44543977e+01  1.44543977e+01  1.39529078e-07  5.78878655e-06 
 1.51356125e+01  1.51356125e+01  1.36353257e-07  5.65702802e-06 
 1.58489319e+01  1.58489319e+01  1.33249733e-07  5.52826892e-06 
 1.65958691e+01  1.65958691e+01  1.30216860e-07  5.40244098e-06 
 1.73780083e+01  1.73780083e+01  1.27253029e-07  5.27947748e-06 
 1.81970086e+01  1.81970086e+01  1.24356670e-07  5.15931324e-06 
 1.90546072e+01  1.90546072e+01  1.21526246e-07  5.04188453e-06 
 1.99526231e+01  1.99526231e+01  1.18760257e-07  4.92712910e-06 
 2.08929613e+01  2.08929613e+01  1.16057236e-07  4.81498609e-06 
 2.18776162e+01  2.18776162e+01  1.13415750e-07  4.70539605e-06 
 2.29086765e+01  2.29086765e+01  1.10834399e-07  4.59830088e-06 
 2.39883292e+01  2.39883292e+01  1.08311814e-07  4.49364379e-06 
 2.51188643e+01  2.51188643e+01  1.05846657e-07  4.39136928e-06 
 2.63026799e+01  2.63026799e+01  1.03437621e-07  4.29142314e-06 
 2.75422870e+01  2.75422870e+01  1.01083430e-07  4.19375237e-06 
 2.88403150e+01  2.88403150e+01  9.87828340e-08  4.09830518e-06 
 3.01995172e+01  3.01995172e+01  9.65346141e-08  4.00503096e-06 
 3.16227766e+01  3.16227766e+01  9.43375782e-08  3.91388027e-06 
 3.31131121e+01  3.31131121e+01  9.21905612e-08  3.82480477e-06 
 3.46736850e+01  3.46736850e+01  9.00924249e-08  3.73775723e-06 
 3.63078055e+01  3.63078055e+01  8.80420569e-08  3.65269149e-06 
 3.80189396e+01  3.80189396e+01  8.60383699e-08  3.56956247e-06 
 3.98107171e+01  3.98107171e+01  8.40803015e-08  3.48832607e-06 
 4.16869383e+01  4.16869383e+01  8.21668137e-08  3.40893923e-06 
 4.36515832e+01  4.36515832e+01  8.02968917e-08  3.33135985e-06 
 4.57088190e+01  4.57088190e+01  7.84695443e-08  3.25554681e-06 
 4.78630092e+01  4.78630092e+01  7.66838024e-08  3.18145989e-06 
 5.01187234e+01  5.01187234e+01  7.49387193e-08  3.10905983e-06 
 5.24807460e+01  5.24807460e+01  7.32333697e-08  3.03830824e-06 
 5.49540874e+01  5.49540874e+01  7.15668494e-08  2.96916760e-06 
 5.75439937e+01  5.75439937e+01  6.99382748e-08  2.90160124e-06 
 6.02559586e+01  6.02559586e+01  6.83467824e-08  2.83557336e-06 
 6.30957344e+01  6.30957344e+01  6.67915284e-08  2.77104893e-06 
 6.60693448e+01  6.60693448e+01  6.52716881e-08  2.70799375e-06 
 6.91830971e+01  6.91830971e+01  6.37864557e-08  2.64637439e-06 
 7.24435960e+01  7.24435960e+01  6.23350437e-08  2.58615816e-06 
 7.58577575e+01  7.58577575e+01  6.09166826e-08  2.52731315e-06 
 7.94328235e+01  7.94328235e+01  5.95306203e-08  2.46980816e-06 
 8.31763771e+01  8.31763771e+01  5.81761219e-08  2.41361269e-06 
 8.70963590e+01  8.70963590e+01  5.68524693e-08  2.35869695e-06 
 9.12010839e+01  9.12010839e+01  5.55589606e-08  2.30503182e-06 
 9.54992586e+01  9.54992586e+01  5.42949100e-08  2.25258885e-06 
 1.00000000e+02  1.00000000e+02  5.30596473e-08  2.20134024e-06 
 1.04712855e+02  1.04712855e+02  5.18525174e-08  2.15125880e-06 
 1.09647820e+02  1.09647820e+02  5.06728805e-08  2.10231798e-06 
 1.14815362e+02  1.14815362e+02  4.95201110e-08  2.05449185e-06 
 1.20226443e+02  1.20226443e+02  4.83935977e-08  2.00775503e-06 
 1.25892541e+02  1.25892541e+02  4.72927433e-08  1.96208275e-06 
 1.31825674e+02  1.31825674e+02  4.62169641e-08  1.91745079e-06 
 1.38038426e+02  1.38038426e+02  4.51656898e-08  1.87383549e-06 
 1.44543977e+02  1.44543977e+02  4.41383629e-08  1.83121372e-06 
 1.51356125e+02  1.51356125e+02  4.31344387e-08  1.78956289e-06 
 1.58489319e+02  1.58489319e+02  4.21533850e-08  1.74886090e-06 
 1.65958691e+02  1.65958691e+02  4.11946815e-08  1.70908618e-06 
 1.73780083e+02  1.73780083e+02  4.02578200e-08  1.67021764e-06 
 1.81970086e+02  1.81970086e+02  3.93423037e-08  1.63223468e-06 
 1.90546072e+02  1.90546072e+02  3.84476472e-08  1.59511714e-06 
 1.99526231e+02  1.99526231e+02  3.75733761e-08  1.55884535e-06 
 2.08929613e+02  2.08929613e+02  3.67190269e-08  1.52340009e-06 
 2.18776162e+02  2.18776162e+02  3.58841466e-08  1.48876255e-06 
 2.29086765e+02  2.29086765e+02  3.50682925e-08  1.45491437e-06 
 2.39883292e+02  2.39883292e+02  3.42710320e-08  1.42183760e-06 
 2.51188643e+02  2.51188643e+02  3.34919425e-08  1.38951471e-06 
 2.63026799e+02  2.63026799e+02  3.27306108e-08  1.35792856e-06 
 2.75422870e+02  2.75422870e+02  3.19866333e-08  1.32706240e-06 
 2.88403150e+02  2.88403150e+02  3.12596155e-08  1.29689986e-06 
 3.01995172e+02  3.01995172e+02  3.05491719e-08  1.26742496e-06 
 3.16227766e+02  3.16227766e+02  2.98549258e-08  1.23862206e-06 
 3.31131121e+02  3.31131121e+02  2.91765092e-08  1.21047589e-06 
 3.46736850e+02  3.46736850e+02  2.85135623e-08  1.18297153e-06 
 3.63078055e+02  3.63078055e+02  2.78657336e-08  1.15609439e-06 
 3.80189396e+02  3.80189396e+02  2.72326796e-08  1.12983023e-06 
 3.98107171e+02  3.98107171e+02  2.66140647e-08  1.10416512e-06 
 4.16869383e+02  4.16869383e+02  2.60095609e-08  1.07908544e-06 
 4.36515832e+02  4.36515832e+02  2.54188476e-08  1.05457791e-06 
 4.57088190e+02  4.57088190e+02  2.48416116e-08  1.03062953e-06 
 4.78630092e+02  4.78630092e+02  2.42775470e-08  1.00722760e-06 
 5.01187234e+02  5.01187234e+02  2.37263545e-08  9.84359706e-07 
 5.24807460e+02  5.24807460e+02  2.31877419e-08  9.62013732e-07 
 5.49540874e+02  5.49540874e+02  2.26614237e-08  9.40177826e-07 
 5.75439937e+02  5.75439937e+02  2.21471208e-08  9.18840412e-07 
 6.02559586e+02  6.02559586e+02  2.16445605e-08  8.97990173e-07 
 6.30957344e+02  6.30957344e+02  2.11534762e-08  8.77616056e-07 
 6.60693448e+02  6.60693448e+02  2.06736077e-08  8.57707258e-07 
 6.91830971e+02  6.91830971e+02  2.02047005e-08  8.38253221e-07 
 7.24435960e+02  7.24435960e+02  1.97465060e-08  8.19243632e-07 
 7.58577575e+02  7.58577575e+02  1.92987811e-08  8.00668410e-07 
 7.94328235e+02  7.94328235e+02  1.88612886e-08  7.82517705e-07 
 8.31763771e+02  8.31763771e+02  1.84337963e-08  7.64781895e-07 
 8.70963590e+02  8.70963590e+02  1.80160778e-08  7.47451574e-07 
 9.12010839e+02  9.12010839e+02  1.76079113e-08  7.30517553e-07 
 9.54992586e+02  9.54992586e+02  1.72090806e-08  7.13970853e-07 
 1.00000000e+03  1.00000000e+03  1.68193742e-08  6.97802700e-07 
 1.04712855e+03  1.04712855e+03  1.64385853e-08  6.82004520e-07 
 1.09647820e+03  1.09647820e+03  1.60665122e-08  6.66567938e-07 
 1.14815362e+03  1.14815362e+03  1.57029574e-08  6.51484766e-07 
 1.20226443e+03  1.20226443e+03  1.53477282e-08  6.36747007e-07 
 1.25892541e+03  1.25892541e+03  1.50006362e-08  6.22346846e-07 
 1.31825674e+03  1.31825674e+03  1.46614975e-08  6.08276647e-07 
 1.38038426e+03  1.38038426e+03  1.43301320e-08  5.94528948e-07 
 1.44543977e+03  1.44543977e+03  1.40063642e-08  5.81096459e-07 
 1.51356125e+03  1.51356125e+03  1.36900223e-08  5.67972057e-07 
 1.58489319e+03  1.58489319e+03  1.33809386e-08  5.55148781e-07 
 1.65958691e+03  1.65958691e+03  1.30789491e-08  5.42619832e-07 
 1.73780083e+03  1.73780083e+03  1.27838937e-08  5.30378565e-07 
 1.81970086e+03  1.81970086e+03  1.24956159e-08  5.18418487e-07 
 1.90546072e+03  1.90546072e+03  1.22139628e-08  5.06733256e-07 
 1.99526231e+03  1.99526231e+03  1.19387851e-08  4.95316675e-07 
 2.08929613e+03  2.08929613e+03  1.16699368e-08  4.84162687e-07 
 2.18776162e+03  2.18776162e+03  1.14072752e-08  4.73265377e-07 
 2.29086765e+03  2.29086765e+03  1.11506612e-08  4.62618965e-07 
 2.39883292e+03  2.39883292e+03  1.08999585e-08  4.52217803e-07 
 2.51188643e+03  2.51188643e+03  1.06550341e-08  4.42056375e-07 
 2.63026799e+03  2.63026799e+03  1.04157582e-08  4.32129289e-07 
 2.75422870e+03  2.75422870e+03  1.01820038e-08  4.22431280e-07 
 2.88403150e+03  2.88403150e+03  9.95364691e-09  4.12957202e-07 
 3.01995172e+03  3.01995172e+03  9.73056633e-09  4.03702028e-07 
 3.16227766e+03  3.16227766e+03  9.51264372e-09  3.94660848e-07 
 3.31131121e+03  3.31131121e+03  9.29976342e-09  3.85828864e-07 
 3.46736850e+03  3.46736850e+03  9.09181249e-09  3.77201389e-07 
 3.63078055e+03  3.63078055e+03  8.88868054e-09  3.68773845e-07 
 3.80189396e+03  3.80189396e+03  8.69025977e-09  3.60541758e-07 
 3.98107171e+03  3.98107171e+03  8.49644484e-09  3.52500758e-07 
 4.16869383e+03  4.16869383e+03  8.30713288e-09  3.44646578e-07 
 4.36515832e+03  4.36515832e+03  8.12222335e-09  3.36975046e-07 
 4.57088190e+03  4.57088190e+03  7.94161808e-09  3.29482089e-07 
 4.78630092e+03  4.78630092e+03  7.76522115e-09  3.22163728e-07 
 5.01187234e+03  5.01187234e+03  7.59293886e-09  3.15016075e-07 
 5.24807460e+03  5.24807460e+03  7.42467968e-09  3.08035333e-07 
 5.49540874e+03  5.49540874e+03  7.26035422e-09  3.01217793e-07 
 5.75439937e+03  5.75439937e+03  7.09987513e-09  2.94559832e-07 
 6.02559586e+03  6.02559586e+03  6.94315711e-09  2.88057910e-07 
 6.30957344e+03  6.30957344e+03  6.79011683e-09  2.81708571e-07 
 6.60693448e+03  6.60693448e+03  6.64067290e-09  2.75508436e-07 
 6.91830971e+03  6.91830971e+03  6.49474582e-09  2.69454209e-07 
 7.24435960e+03  7.24435960e+03  6.35225792e-09  2.63542667e-07 
 7.58577575e+03  7.58577575e+03  6.21313336e-09  2.57770663e-07 
 7.94328235e+03  7.94328235e+03  6.07729804e-09  2.52135123e-07 
 8.31763771e+03  8.31763771e+03  5.94467960e-09  2.46633046e-07 
 8.70963590e+03  8.70963590e+03  5.81520736e-09  2.41261497e-07 
 9.12010839e+03  9.12010839e+03  5.68881227e-09  2.36017614e-07 
 9.54992586e+03  9.54992586e+03  5.56542689e-09  2.30898598e-07 
 1.00000000e+04  1.00000000e+04  5.44498537e-09  2.25901716e-07 
 1.04712855e+04  1.04712855e+04  5.32742336e-09  2.21024300e-07 
 1.09647820e+04  1.09647820e+04  5.21267802e-09  2.16263742e-07 
 1.14815362e+04  1.14815362e+04  5.10068798e-09  2.11617496e-07 
 1.20226443e+04  1.20226443e+04  4.99139328e-09  2.07083074e-07 
 1.25892541e+04  1.25892541e+04  4.88473537e-09  2.02658047e-07 
 1.31825674e+04  1.31825674e+04  4.78065704e-09  1.98340042e-07 
 1.38038426e+04  1.38038426e+04  4.67910240e-09  1.94126741e-07 
 1.44543977e+04  1.44543977e+04  4.58001689e-09  1.90015878e-07 
 1.51356125e+04  1.51356125e+04  4.48334719e-09  1.86005242e-07 
 1.58489319e+04  1.58489319e+04  4.38904120e-09  1.82092673e-07 
 1.65958691e+04  1.65958691e+04  4.29704804e-09  1.78276058e-07 
 1.73780083e+04  1.73780083e+04  4.20731799e-09  1.74553335e-07 
 1.81970086e+04  1.81970086e+04  4.11980249e-09  1.70922489e-07 
 1.90546072e+04  1.90546072e+04  4.03445408e-09  1.67381552e-07 
 1.99526231e+04  1.99526231e+04  3.95122638e-09  1.63928598e-07 
 2.08929613e+04  2.08929613e+04  3.87007407e-09  1.60561749e-07 
 2.18776162e+04  2.18776162e+04  3.79095288e-09  1.57279167e-07 
 2.29086765e+04  2.29086765e+04  3.71381951e-09  1.54079055e-07 
 2.39883292e+04  2.39883292e+04  3.63863166e-09  1.50959659e-07 
 2.51188643e+04  2.51188643e+04  3.56534796e-09  1.47919263e-07 
 2.63026799e+04  2.63026799e+04  3.49392799e-09  1.44956189e-07 
 2.75422870e+04  2.75422870e+04  3.42433221e-09  1.42068797e-07 
 2.88403150e+04  2.88403150e+04  3.35652194e-09  1.39255483e-07 
 3.01995172e+04  3.01995172e+04  3.29045939e-09  1.36514678e-07 
 3.16227766e+04  3.16227766e+04  3.22610755e-09  1.33844847e-07 
 3.31131121e+04  3.31131121e+04  3.16343023e-09  1.31244488e-07 
 3.46736850e+04  3.46736850e+04  3.10239203e-09  1.28712133e-07 
 3.63078055e+04  3.63078055e+04  3.04295827e-09  1.26246344e-07 
 3.80189396e+04  3.80189396e+04  2.98509503e-09  1.23845712e-07 
 3.98107171e+04  3.98107171e+04  2.92876909e-09  1.21508860e-07 
 4.16869383e+04  4.16869383e+04  2.87394790e-09  1.19234437e-07 
 4.36515832e+04  4.36515832e+04  2.82059960e-09  1.17021121e-07 
 4.57088190e+04  4.57088190e+04  2.76869295e-09  1.14867616e-07 
 4.78630092e+04  4.78630092e+04  2.71819735e-09  1.12772653e-07 
 5.01187234e+04  5.01187234e+04  2.66908279e-09  1.10734987e-07 
 5.24807460e+04  5.24807460e+04  2.62131984e-09  1.08753396e-07 
 5.49540874e+04  5.49540874e+04  2.57487965e-09  1.06826684e-07 
 5.75439937e+04  5.75439937e+04  2.52973389e-09  1.04953675e-07 
 6.02559586e+04  6.02559586e+04  2.48585477e-09  1.03133217e-07 
 6.30957344e+04  6.30957344e+04  2.44321500e-09  1.01364177e-07 
 6.60693448e+04  6.60693448e+04  2.40178778e-09  9.96454433e-08 
 6.91830971e+04  6.91830971e+04  2.36154678e-09  9.79759236e-08 
 7.24435960e+04  7.24435960e+04  2.32246613e-09  9.63545446e-08 
 7.58577575e+04  7.58577575e+04  2.28452041e-09  9.47802511e-08 
 7.94328235e+04  7.94328235e+04  2.24768459e-09  9.32520057e-08 
 8.31763771e+04  8.31763771e+04  2.21193409e-09  9.17687879e-08 
 8.70963590e+04  8.70963590e+04  2.17724471e-09  9.03295938e-08 
 9.12010839e+04  9.12010839e+04  2.14359263e-09  8.89334353e-08 
 9.54992586e+04  9.54992586e+04  2.11095441e-09  8.75793398e-08 
 1.00000000e+05  1.00000000e+05  2.07930696e-09  8.62663495e-08 
 1.04712855e+05  1.04712855e+05  2.04862755e-09  8.49935211e-08 
 1.09647820e+05  1.09647820e+05  2.01889378e-09  8.37599255e-08 
 1.14815362e+05  1.14815362e+05  1.99008358e-09  8.25646472e-08 
 1.20226443e+05  1.20226443e+05  1.96217521e-09  8.14067840e-08 
 1.25892541e+05  1.25892541e+05  1.93514724e-09  8.02854466e-08 
 1.31825674e+05  1.31825674e+05  1.90897853e-09  7.91997585e-08 
 1.38038426e+05  1.38038426e+05  1.88364827e-09  7.81488558e-08 
 1.44543977e+05  1.44543977e+05  1.85913591e-09  7.71318864e-08 
 1.51356125e+05  1.51356125e+05  1.83542123e-09  7.61480107e-08 
 1.58489319e+05  1.58489319e+05  1.81248424e-09  7.51964005e-08 
 1.65958691e+05  1.65958691e+05  1.79030530e-09  7.42762397e-08 
 1.73780083e+05  1.73780083e+05  1.76886499e-09  7.33867234e-08 
 1.81970086e+05  1.81970086e+05  1.74814420e-09  7.25270586e-08 
 1.90546072e+05  1.90546072e+05  1.72812408e-09  7.16964635e-08 
 1.99526231e+05  1.99526231e+05  1.70878608e-09  7.08941678e-08 
 2.08929613e+05  2.08929613e+05  1.69011189e-09  7.01194126e-08 
 2.18776162e+05  2.18776162e+05  1.67208350e-09  6.93714503e-08 
 2.29086765e+05  2.29086765e+05  1.65468317e-09  6.86495449e-08 
 2.39883292e+05  2.39883292e+05  1.63789344e-09  6.79529717e-08 
 2.51188643e+05  2.51188643e+05  1.62169710e-09  6.72810176e-08 
 2.63026799e+05  2.63026799e+05  1.60607726e-09  6.66329810e-08 
 2.75422870e+05  2.75422870e+05  1.59101728e-09  6.60081721e-08 
 2.88403150e+05  2.88403150e+05  1.57650082e-09  6.54059128e-08 
 3.01995172e+05  3.01995172e+05  1.56251182e-09  6.48255366e-08 
 3.16227766e+05  3.16227766e+05  1.54903450e-09  6.42663890e-08 
 3.31131121e+05  3.31131121e+05  1.53605337e-09  6.37278278e-08 
 3.46736850e+05  3.46736850e+05  1.52355325e-09  6.32092223e-08 
 3.63078055e+05  3.63078055e+05  1.51151923e-09  6.27099544e-08 
 3.80189396e+05  3.80189396e+05  1.49993670e-09  6.22294181e-08 
 3.98107171e+05  3.98107171e+05  1.48879136e-09  6.17670198e-08 
 4.16869383e+05  4.16869383e+05  1.47806919e-09  6.13221780e-08 
 4.36515832e+05  4.36515832e+05  1.46775648e-09  6.08943239e-08 
 4.57088190e+05  4.57088190e+05  1.45783982e-09  6.04829011e-08 
 4.78630092e+05  4.78630092e+05  1.44830610e-09  6.00873657e-08 
 5.01187234e+05  5.01187234e+05  1.43914251e-09  5.97071864e-08 
 5.24807460e+05  5.24807460e+05  1.43033655e-09  5.93418443e-08 
 5.49540874e+05  5.49540874e+05  1.42187601e-09  5.89908332e-08 
 5.75439937e+05  5.75439937e+05  1.41374900e-09  5.86536592e-08 
 6.02559586e+05  6.02559586e+05  1.40594391e-09  5.83298412e-08 
 6.30957344e+05  6.30957344e+05  1.39844944e-09  5.80189103e-08 
 6.60693448e+05  6.60693448e+05  1.39125459e-09  5.77204100e-08 
 6.91830971e+05  6.91830971e+05  1.38434865e-09  5.74338962e-08 
 7.24435960e+05  7.24435960e+05  1.37772122e-09  5.71589370e-08 
 7.58577575e+05  7.58577575e+05  1.37136218e-09  5.68951125e-08 
 7.94328235e+05  7.94328235e+05  1.36526169e-09  5.66420149e-08 
 8.31763771e+05  8.31763771e+05  1.35941021e-09  5.63992483e-08 
 8.70963590e+05  8.70963590e+05  1.35379848e-09  5.61664285e-08 
 9.12010839e+05  9.12010839e+05  1.34841752e-09  5.59431827e-08 
 9.54992586e+05  9.54992586e+05  1.34325862e-09  5.57291498e-08 
 1.00000000e+06  1.00000000e+06  1.33831335e-09  5.55239798e-08 
