Gnucap : The Gnu Circuit Analysis Package.
Copyright 1982-2025, Albert Davis
          2020-2025, Felix Salfelder
The development of Gnucap is funded by NLnet with support from the EC.
Gnucap comes with ABSOLUTELY NO WARRANTY. This is free software,
and you are welcome to redistribute it under the terms of the GNU
General Public License version 3 or later. See "COPYING" for details.
main version: modelgen 2025.12.18
core-lib version: modelgen 2025.12.18
default plugins: modelgen 2025.12.18
param: already installed, replacing
stashing as param:0
parameters: already installed, replacing
stashing as parameters:0
parameter: already installed, replacing
stashing as parameter:0
logic: already installed, replacing
stashing as logic:0
spice: already installed, replacing
stashing as spice:0
acs: already installed, replacing
stashing as acs:0
;: already installed, replacing
stashing as ;:0
#: already installed, replacing
stashing as #:0
*: already installed, replacing
stashing as *:0
': already installed, replacing
stashing as ':0
": already installed, replacing
stashing as ":0
dev_comment: already installed, replacing
stashing as dev_comment:0
.model: already installed, replacing
stashing as .model:0
.subckt: already installed, replacing
stashing as .subckt:0
.macro: already installed, replacing
stashing as .macro:0
.lib: already installed, replacing
stashing as .lib:0
lib: already installed, replacing
stashing as lib:0
.include: already installed, replacing
stashing as .include:0
.merge: already installed, replacing
stashing as .merge:0
merge: already installed, replacing
stashing as merge:0
<: already installed, replacing
stashing as <:0
.get: already installed, replacing
stashing as .get:0
get: already installed, replacing
stashing as get:0
.build: already installed, replacing
stashing as .build:0
build: already installed, replacing
stashing as build:0
spice: already installed, replacing
stashing as spice:0
`spice: already installed, replacing
stashing as `spice:0
acs: already installed, replacing
stashing as acs:0
.endc: already installed, replacing
stashing as .endc:0
.control: already installed, replacing
stashing as .control:0
verilog: already installed, replacing
stashing as verilog:0
paramset: already installed, replacing
stashing as paramset:0
module: already installed, replacing
stashing as module:0
macromodule: already installed, replacing
stashing as macromodule:0
verilog: already installed, replacing
stashing as verilog:0
quit: already installed, replacing
stashing as quit:0
exit: already installed, replacing
stashing as exit:0
detach_all: already installed, replacing
stashing as detach_all:0
resistor: already installed, replacing
stashing as resistor:0
resistor: already installed, replacing
stashing as resistor:1
paramset NMOS bsim4va;
  parameter real l=0.09u;
  parameter real w=10.0u;
 .l=l; .w=w; .type=1; .level=14; .version=4.80; .binunit=1; .paramchk=1; .mobmod=0; .capmod=1; .igcmod=1; .igbmod=1; .geomod=1; .diomod=1; .rdsmod=0; .rbodymod=0; .rgatemod=1; .permod=1; .acnqsmod=0; .trnqsmod=0; .tempmod=0; .mtrlmod=1; .cvchargemod=0; .mtrlcompatmod=1; .gidlmod=0; .wpemod=0; .eot=1.8e-009; .vddeot=1.5; .ados=1.1; .bdos=1.0; .tnom=25; .toxe=1.8e-009; .toxp=10e-010; .toxm=1.8e-009; .dtox=8e-10; .epsrox=3.9; .wint=5e-009; .lint=1e-009; .ll=0; .wl=0; .lln=1; .wln=1; .lw=0; .ww=0; .lwn=1; .wwn=1; .lwl=0; .wwl=0; .xpart=1; .toxref=1.4e-009; .phig=4.05; .epsrgate=11.7; .saref=5e-6; .sbref=5e-6; .wlod=2e-6; .ku0=(- 4e-6); .kvsat=0.2; .kvth0=(- 2e-8); .tku0=0.0; .llodku0=1.1; .wlodku0=1.1; .llodvth=1.0; .wlodvth=1.0; .lku0=1e-6; .wku0=1e-6; .pku0=0.0; .lkvth0=1.1e-6; .wkvth0=1.1e-6; .pkvth0=0.0; .stk2=0.0; .lodk2=1.0; .steta0=0.0; .lodeta0=1.0; .lambda=4e-10; .vsat=1.1e+005; .vtl=2.0e5; .xn=6.0; .lc=5e-9; .rnoia=0.577; .rnoib=0.37; .tvoff=0.0; .tvfbsdoff=0.0; .vth0=0.25; .k1=0.35; .k2=0.05; .k3=0; .k3b=0; .w0=2.5e-006; .dvt0=1.8; .dvt1=0.52; .dvt2=(- 0.032); .dvt0w=0; .dvt1w=0; .dvt2w=0; .dsub=2; .minv=0.05; .voffl=0; .dvtp0=1e-007; .minvcv=2; .voffcvl=0; .dvtp1=0.05; .lpe0=5.75e-008; .lpeb=2.3e-010; .xj=2e-008; .ngate=5e+020; .ndep=2.8e+018; .nsd=1e+020; .phin=0; .cdsc=0.0002; .cdscb=0; .cdscd=0; .cit=0; .voff=(- 0.15); .nfactor=1.2; .eta0=0.05; .etab=0; .vfb=(- 0.55); .u0=0.032; .ua=5.0e-011; .ub=3.5e-018; .uc=(- 3e-011); .a0=2; .ags=1e-020; .a1=0; .a2=1; .b0=(- 1e-020); .b1=0; .keta=0.04; .dwg=0; .dwb=0; .pclm=0.08; .pdiblc1=0.028; .pdiblc2=0.022; .pdiblcb=(- 0.005); .drout=0.45; .pvag=1e-020; .delta=0.01; .pscbe1=8.14e+008; .pscbe2=5e-008; .fprout=0.2; .pdits=0.2; .pditsd=0.23; .pditsl=2.3e+006; .rsh=0; .rdsw=50; .rsw=50; .rdw=50; .rdswmin=0; .rdwmin=0; .rswmin=0; .prwg=0; .prwb=6.8e-011; .wr=1; .alpha0=0.074; .alpha1=0.005; .beta0=30; .agidl=0.0001; .bgidl=2.1e+009; .cgidl=0.0001; .egidl=0.8; .agisl=0.0002; .bgisl=2.1e+009; .cgisl=0.0002; .egisl=(- 0.28); .aigbacc=0.012; .bigbacc=0.0028; .cigbacc=0.002; .nigbacc=1; .aigbinv=0.014; .bigbinv=0.004; .cigbinv=0.004; .eigbinv=1.1; .nigbinv=3; .aigc=0.012; .bigc=0.0028; .cigc=0.002; .aigs=0.012; .bigs=0.0028; .cigs=0.002; .nigc=1; .poxedge=1; .pigcd=1; .ntox=1; .aigd=0.01; .bigd=0.003; .cigd=0.0015; .xrcrg1=12; .xrcrg2=5; .cgso=6.238e-010; .cgdo=6.238e-010; .cgbo=2.56e-011; .cgdl=2.495e-10; .cgsl=2.495e-10; .ckappas=0.03; .ckappad=0.03; .acde=1; .moin=15; .noff=0.9; .voffcv=(- 0.02); .kt1=(- 0.37); .kt1l=0.0; .kt2=(- 0.042); .ute=(- 1.5); .ua1=1e-009; .ub1=(- 3.5e-019); .uc1=0; .prt=0; .at=53000; .fnoimod=1; .tnoimod=0; .jss=0.0001; .jsws=1e-011; .jswgs=1e-010; .njs=1; .ijthsfwd=0.01; .ijthsrev=0.001; .bvs=10; .xjbvs=1; .jsd=0.0001; .jswd=1e-011; .jswgd=1e-010; .njd=1; .ijthdfwd=0.01; .ijthdrev=0.001; .bvd=10; .xjbvd=1; .pbs=1; .cjs=0.0005; .mjs=0.5; .pbsws=1; .cjsws=5e-010; .mjsws=0.33; .pbswgs=1; .cjswgs=3e-010; .mjswgs=0.33; .pbd=1; .cjd=0.0005; .mjd=0.5; .pbswd=1; .cjswd=5e-010; .mjswd=0.33; .pbswgd=1; .cjswgd=5e-010; .mjswgd=0.33; .tpb=0.005; .tcj=0.001; .tpbsw=0.005; .tcjsw=0.001; .tpbswg=0.005; .tcjswg=0.001; .xtis=3; .xtid=3; .dmcg=8e-006; .dmci=3e-006; .dmdg=2e-006; .dmcgt=1e-007; .dwj=0.0e-008; .xgw=0e-007; .xgl=0e-008; .rshg=0.4; .gbmin=1e-010; .rbpb=5; .rbpd=15; .rbps=15; .rbdb=15; .rbsb=15; .ngcon=1; .jtss=1e-4; .jtsd=1e-4; .jtssws=1e-10; .jtsswd=1e-10; .jtsswgs=1e-7; .jtsswgd=1e-7; .njts=20.0; .njtssw=15; .njtsswg=6; .vtss=10; .vtsd=10; .vtssws=10; .vtsswd=10; .njtsd=15.0; .njtsswd=20; .njtsswgd=6; .tnjts=0.1; .tnjtsd=0.05; .vtsswgs=2; .vtsswgd=2; .xtss=0.02; .xtsd=0.02; .xtssws=0.02; .xtsswd=0.02; .xtsswgs=0.02; .xtsswgd=0.02;
endparamset

paramset PMOS bsim4va;
  parameter real l=0.09u;
  parameter real w=10.0u;
 .l=l; .w=w; .type=(- 1); .level=14; .version=4.80; .binunit=1; .paramchk=1; .mobmod=0; .capmod=1; .igcmod=1; .igbmod=1; .geomod=1; .diomod=1; .rdsmod=0; .rbodymod=0; .rgatemod=1; .permod=1; .acnqsmod=0; .trnqsmod=0; .tempmod=0; .mtrlmod=1; .cvchargemod=0; .mtrlcompatmod=1; .gidlmod=0; .wpemod=0; .eot=1.8e-009; .vddeot=(- 1.5); .ados=1.1; .bdos=1.0; .tnom=27; .toxe=1.8e-009; .toxp=10e-010; .toxm=1.8e-009; .dtox=8e-10; .epsrox=3.9; .wint=5e-009; .lint=1e-009; .ll=0; .wl=0; .lln=1; .wln=1; .lw=0; .ww=0; .lwn=1; .wwn=1; .lwl=0; .wwl=0; .xpart=0; .toxref=1.8e-9; .phig=4.05; .epsrgate=11.7; .saref=5e-6; .sbref=5e-6; .wlod=2e-6; .ku0=4e-6; .kvsat=0.2; .kvth0=(- 2e-8); .tku0=0.0; .llodku0=1.1; .wlodku0=1.1; .llodvth=1.0; .wlodvth=1.0; .lku0=1e-6; .wku0=1e-6; .pku0=0.0; .lkvth0=1.1e-6; .wkvth0=1.1e-6; .pkvth0=0.0; .stk2=0.0; .lodk2=1.0; .steta0=0.0; .lodeta0=1.0; .lambda=4e-10; .vsat=1.1e+005; .vtl=2.0e5; .xn=6.0; .lc=5e-9; .rnoia=0.577; .rnoib=0.37; .tvoff=0.0; .tvfbsdoff=0.0; .vth0=(- 0.25); .k1=0.35; .k2=0.05; .k3=0; .k3b=0; .w0=2.5e-006; .dvt0=1.8; .dvt1=0.52; .dvt2=(- 0.032); .dvt0w=0; .dvt1w=0; .dvt2w=0; .dsub=2; .minv=0.05; .voffl=0; .dvtp0=1e-007; .minvcv=2; .voffcvl=0; .dvtp1=0.05; .lpe0=5.75e-008; .lpeb=2.3e-010; .xj=2e-008; .ngate=5e+020; .ndep=2.8e+018; .nsd=1e+020; .phin=0; .cdsc=0.0002; .cdscb=0; .cdscd=0; .cit=0; .voff=(- 0.15); .nfactor=1.2; .eta0=0.05; .etab=0; .vfb=0.55; .u0=0.0095; .ua=5.0e-011; .ub=3.5e-018; .uc=(- 3e-011); .a0=2; .ags=1e-020; .a1=0; .a2=1; .b0=(- 1e-020); .b1=0; .keta=0.04; .dwg=0; .dwb=0; .pclm=0.08; .pdiblc1=0.028; .pdiblc2=0.022; .pdiblcb=(- 0.005); .drout=0.45; .pvag=1e-020; .delta=0.01; .pscbe1=8.14e+008; .pscbe2=5e-008; .fprout=0.2; .pdits=0.2; .pditsd=0.23; .pditsl=2.3e+006; .rsh=0; .rdsw=50; .rsw=50; .rdw=50; .rdswmin=0; .rdwmin=0; .rswmin=0; .prwg=0; .prwb=6.8e-011; .wr=1; .alpha0=0.074; .alpha1=0.005; .beta0=30; .agidl=0.0002; .bgidl=2.1e+009; .cgidl=0.0002; .egidl=0.8; .agisl=0.0003; .bgisl=2.5e+009; .cgisl=0.0003; .egisl=(- 0.28); .aigbacc=0.012; .bigbacc=0.0028; .cigbacc=0.002; .nigbacc=1; .aigbinv=0.014; .bigbinv=0.004; .cigbinv=0.004; .eigbinv=1.1; .nigbinv=3; .aigc=0.012; .bigc=0.0028; .cigc=0.002; .aigs=0.012; .bigs=0.0028; .cigs=0.002; .nigc=1; .poxedge=1; .pigcd=1; .ntox=1; .aigd=0.01; .bigd=0.003; .cigd=0.0015; .xrcrg1=12; .xrcrg2=5; .cgso=6.238e-010; .cgdo=6.238e-010; .cgbo=2.56e-011; .cgdl=2.495e-10; .cgsl=2.495e-10; .ckappas=0.03; .ckappad=0.03; .acde=1; .moin=15; .noff=0.9; .voffcv=0.02; .kt1=(- 0.37); .kt1l=0.0; .kt2=(- 0.042); .ute=(- 1.5); .ua1=1e-009; .ub1=(- 3.5e-019); .uc1=0; .prt=0; .at=53000; .fnoimod=1; .tnoimod=0; .jss=0.0001; .jsws=1e-011; .jswgs=1e-010; .njs=1; .ijthsfwd=0.01; .ijthsrev=0.001; .bvs=10; .xjbvs=1; .jsd=0.0001; .jswd=1e-011; .jswgd=1e-010; .njd=1; .ijthdfwd=0.01; .ijthdrev=0.001; .bvd=10; .xjbvd=1; .pbs=1; .cjs=0.0005; .mjs=0.5; .pbsws=1; .cjsws=5e-010; .mjsws=0.33; .pbswgs=1; .cjswgs=3e-010; .mjswgs=0.33; .pbd=1; .cjd=0.0005; .mjd=0.5; .pbswd=1; .cjswd=5e-010; .mjswd=0.33; .pbswgd=1; .cjswgd=5e-010; .mjswgd=0.33; .tpb=0.005; .tcj=0.001; .tpbsw=0.005; .tcjsw=0.001; .tpbswg=0.005; .tcjswg=0.001; .xtis=3; .xtid=3; .dmcg=8e-006; .dmci=3e-006; .dmdg=2e-006; .dmcgt=1e-007; .dwj=0.0e-008; .xgw=0e-007; .xgl=0e-008; .rshg=0.4; .gbmin=1e-010; .rbpb=5; .rbpd=15; .rbps=15; .rbdb=15; .rbsb=15; .ngcon=1; .jtss=1e-4; .jtsd=1e-4; .jtssws=1e-10; .jtsswd=1e-10; .jtsswgs=1e-7; .jtsswgd=1e-7; .njts=20.0; .njtssw=15; .njtsswg=4; .vtss=10; .vtsd=10; .vtssws=10; .vtsswd=10; .njtsd=15.0; .njtsswd=20; .njtsswgd=6; .tnjts=0.1; .tnjtsd=0.05; .vtsswgs=2; .vtsswgd=2; .xtss=0.02; .xtsd=0.02; .xtssws=0.02; .xtsswd=0.02; .xtsswgs=0.02; .xtsswgd=0.02;
endparamset

parameter real L=0.09u; // MOSFET length 
parameter real WN=10.0u; // NMOS width 
parameter real WP=20.0u; // PMOS width 
parameter real VNOM=1.2; // Nominal supply (V) 
ground gnd;
NMOS #(.l(L),.w(WN)) M1 (.d(out),.g(g),.s(gnd),.b(gnd));
resistor #(.r(10k),.noisy(1.0)) RD (.p(vdd),.n(out));
vsource #(.dc(VNOM)) Vdd (.p(vdd),.n(gnd));
vsource #(.dc(0.5*VNOM)) Vg (.p(g),.n(gnd));
// Total noise power at the drain node
meas_noise #() n_out (.p(out));
#              
 0.            
#Freq           npwr(n_out)   
 1.             25.E-21       
 1.04712855     25.E-21       
 1.0964782      25.E-21       
 1.14815362     25.E-21       
 1.20226443     25.E-21       
 1.25892541     25.E-21       
 1.31825674     25.E-21       
 1.38038426     25.E-21       
 1.44543977     25.E-21       
 1.51356125     25.E-21       
 1.58489319     25.E-21       
 1.65958691     25.E-21       
 1.73780083     25.E-21       
 1.81970086     25.E-21       
 1.90546072     25.E-21       
 1.99526231     25.E-21       
 2.08929613     25.E-21       
 2.18776162     25.E-21       
 2.29086765     25.E-21       
 2.39883292     25.E-21       
 2.51188643     25.E-21       
 2.63026799     25.E-21       
 2.7542287      25.E-21       
 2.8840315      25.E-21       
 3.01995172     25.E-21       
 3.16227766     25.E-21       
 3.31131121     25.E-21       
 3.4673685      25.E-21       
 3.63078055     25.E-21       
 3.80189396     25.E-21       
 3.98107171     25.E-21       
 4.16869383     25.E-21       
 4.36515832     25.E-21       
 4.5708819      25.E-21       
 4.78630092     25.E-21       
 5.01187234     25.E-21       
 5.2480746      25.E-21       
 5.49540874     25.E-21       
 5.75439937     25.E-21       
 6.02559586     25.E-21       
 6.30957344     25.E-21       
 6.60693448     25.E-21       
 6.91830971     25.E-21       
 7.2443596      25.E-21       
 7.58577575     25.E-21       
 7.94328235     25.E-21       
 8.31763771     25.E-21       
 8.7096359      25.E-21       
 9.12010839     25.E-21       
 9.54992586     25.E-21       
 10.            25.E-21       
 10.4712855     25.E-21       
 10.964782      25.E-21       
 11.4815362     25.E-21       
 12.0226443     25.E-21       
 12.5892541     25.E-21       
 13.1825674     25.E-21       
 13.8038426     25.E-21       
 14.4543977     25.E-21       
 15.1356125     25.E-21       
 15.8489319     25.E-21       
 16.5958691     25.E-21       
 17.3780083     25.E-21       
 18.1970086     25.E-21       
 19.0546072     25.E-21       
 19.9526231     25.E-21       
 20.8929613     25.E-21       
 21.8776162     25.E-21       
 22.9086765     25.E-21       
 23.9883292     25.E-21       
 25.1188643     25.E-21       
 26.3026799     25.E-21       
 27.542287      25.E-21       
 28.840315      25.E-21       
 30.1995172     25.E-21       
 31.6227766     25.E-21       
 33.1131121     25.E-21       
 34.673685      25.E-21       
 36.3078055     25.E-21       
 38.0189396     25.E-21       
 39.8107171     25.E-21       
 41.6869383     25.E-21       
 43.6515832     25.E-21       
 45.708819      25.E-21       
 47.8630092     25.E-21       
 50.1187234     25.E-21       
 52.480746      25.E-21       
 54.9540874     25.E-21       
 57.5439937     25.E-21       
 60.2559586     25.E-21       
 63.0957344     25.E-21       
 66.0693448     25.E-21       
 69.1830971     25.E-21       
 72.443596      25.E-21       
 75.8577575     25.E-21       
 79.4328235     25.E-21       
 83.1763771     25.E-21       
 87.096359      25.E-21       
 91.2010839     25.E-21       
 95.4992586     25.E-21       
 100.           25.E-21       
 104.712855     25.E-21       
 109.64782      25.E-21       
 114.815362     25.E-21       
 120.226443     25.E-21       
 125.892541     25.E-21       
 131.825674     25.E-21       
 138.038426     25.E-21       
 144.543977     25.E-21       
 151.356125     25.E-21       
 158.489319     25.E-21       
 165.958691     25.E-21       
 173.780083     25.E-21       
 181.970086     25.E-21       
 190.546072     25.E-21       
 199.526231     25.E-21       
 208.929613     25.E-21       
 218.776162     25.E-21       
 229.086765     25.E-21       
 239.883292     25.E-21       
 251.188643     25.E-21       
 263.026799     25.E-21       
 275.42287      25.E-21       
 288.40315      25.E-21       
 301.995172     25.E-21       
 316.227766     25.E-21       
 331.131121     25.E-21       
 346.73685      25.E-21       
 363.078055     25.E-21       
 380.189396     25.E-21       
 398.107171     25.E-21       
 416.869383     25.E-21       
 436.515832     25.E-21       
 457.08819      25.E-21       
 478.630092     25.E-21       
 501.187234     25.E-21       
 524.80746      25.E-21       
 549.540874     25.E-21       
 575.439937     25.E-21       
 602.559586     25.E-21       
 630.957344     25.E-21       
 660.693448     25.E-21       
 691.830971     25.E-21       
 724.43596      25.E-21       
 758.577575     25.E-21       
 794.328235     25.E-21       
 831.763771     25.E-21       
 870.96359      25.E-21       
 912.010839     25.E-21       
 954.992586     25.E-21       
 1.E+3          25.E-21       
 1.04712855E+3  25.E-21       
 1.0964782E+3   25.E-21       
 1.14815362E+3  25.E-21       
 1.20226443E+3  25.E-21       
 1.25892541E+3  25.E-21       
 1.31825674E+3  25.E-21       
 1.38038426E+3  25.E-21       
 1.44543977E+3  25.E-21       
 1.51356125E+3  25.E-21       
 1.58489319E+3  25.E-21       
 1.65958691E+3  25.E-21       
 1.73780083E+3  25.E-21       
 1.81970086E+3  25.E-21       
 1.90546072E+3  25.E-21       
 1.99526231E+3  25.E-21       
 2.08929613E+3  25.E-21       
 2.18776162E+3  25.E-21       
 2.29086765E+3  25.E-21       
 2.39883292E+3  25.E-21       
 2.51188643E+3  25.E-21       
 2.63026799E+3  25.E-21       
 2.7542287E+3   25.E-21       
 2.8840315E+3   25.E-21       
 3.01995172E+3  25.E-21       
 3.16227766E+3  25.E-21       
 3.31131121E+3  25.E-21       
 3.4673685E+3   25.E-21       
 3.63078055E+3  25.E-21       
 3.80189396E+3  25.E-21       
 3.98107171E+3  25.E-21       
 4.16869383E+3  25.E-21       
 4.36515832E+3  25.E-21       
 4.5708819E+3   25.E-21       
 4.78630092E+3  25.E-21       
 5.01187234E+3  25.E-21       
 5.2480746E+3   25.E-21       
 5.49540874E+3  25.E-21       
 5.75439937E+3  25.E-21       
 6.02559586E+3  25.E-21       
 6.30957344E+3  25.E-21       
 6.60693448E+3  25.E-21       
 6.91830971E+3  25.E-21       
 7.2443596E+3   25.E-21       
 7.58577575E+3  25.E-21       
 7.94328235E+3  25.E-21       
 8.31763771E+3  25.E-21       
 8.7096359E+3   25.E-21       
 9.12010839E+3  25.E-21       
 9.54992586E+3  25.E-21       
 10.E+3         25.E-21       
 10.4712855E+3  25.E-21       
 10.964782E+3   25.E-21       
 11.4815362E+3  25.E-21       
 12.0226443E+3  25.E-21       
 12.5892541E+3  25.E-21       
 13.1825674E+3  25.E-21       
 13.8038426E+3  25.E-21       
 14.4543977E+3  25.E-21       
 15.1356125E+3  25.E-21       
 15.8489319E+3  25.E-21       
 16.5958691E+3  25.E-21       
 17.3780083E+3  25.E-21       
 18.1970086E+3  25.E-21       
 19.0546072E+3  25.E-21       
 19.9526231E+3  25.E-21       
 20.8929613E+3  25.E-21       
 21.8776162E+3  25.E-21       
 22.9086765E+3  25.E-21       
 23.9883292E+3  25.E-21       
 25.1188643E+3  25.E-21       
 26.3026799E+3  25.E-21       
 27.542287E+3   25.E-21       
 28.840315E+3   25.E-21       
 30.1995172E+3  25.E-21       
 31.6227766E+3  25.E-21       
 33.1131121E+3  25.E-21       
 34.673685E+3   25.E-21       
 36.3078055E+3  25.E-21       
 38.0189396E+3  25.E-21       
 39.8107171E+3  25.E-21       
 41.6869383E+3  25.E-21       
 43.6515832E+3  25.E-21       
 45.708819E+3   25.E-21       
 47.8630092E+3  25.E-21       
 50.1187234E+3  25.E-21       
 52.480746E+3   25.E-21       
 54.9540874E+3  25.E-21       
 57.5439937E+3  25.E-21       
 60.2559586E+3  25.E-21       
 63.0957344E+3  25.E-21       
 66.0693448E+3  25.E-21       
 69.1830971E+3  25.E-21       
 72.443596E+3   25.E-21       
 75.8577575E+3  25.E-21       
 79.4328235E+3  25.E-21       
 83.1763771E+3  25.E-21       
 87.096359E+3   25.E-21       
 91.2010839E+3  25.E-21       
 95.4992586E+3  25.E-21       
 100.E+3        25.E-21       
 104.712855E+3  25.E-21       
 109.64782E+3   25.E-21       
 114.815362E+3  25.E-21       
 120.226443E+3  25.E-21       
 125.892541E+3  25.E-21       
 131.825674E+3  25.E-21       
 138.038426E+3  25.E-21       
 144.543977E+3  25.E-21       
 151.356125E+3  25.E-21       
 158.489319E+3  25.E-21       
 165.958691E+3  25.E-21       
 173.780083E+3  25.E-21       
 181.970086E+3  25.E-21       
 190.546072E+3  25.E-21       
 199.526231E+3  25.E-21       
 208.929613E+3  25.E-21       
 218.776162E+3  25.E-21       
 229.086765E+3  25.E-21       
 239.883292E+3  25.E-21       
 251.188643E+3  25.E-21       
 263.026799E+3  25.E-21       
 275.42287E+3   25.E-21       
 288.40315E+3   25.E-21       
 301.995172E+3  25.E-21       
 316.227766E+3  25.E-21       
 331.131121E+3  25.E-21       
 346.73685E+3   25.E-21       
 363.078055E+3  25.E-21       
 380.189396E+3  25.E-21       
 398.107171E+3  25.E-21       
 416.869383E+3  25.E-21       
 436.515832E+3  25.E-21       
 457.08819E+3   25.E-21       
 478.630092E+3  25.E-21       
 501.187234E+3  25.E-21       
 524.80746E+3   25.E-21       
 549.540874E+3  25.E-21       
 575.439937E+3  25.E-21       
 602.559586E+3  25.E-21       
 630.957344E+3  25.E-21       
 660.693448E+3  25.E-21       
 691.830971E+3  25.E-21       
 724.43596E+3   25.E-21       
 758.577575E+3  25.E-21       
 794.328235E+3  25.E-21       
 831.763771E+3  25.E-21       
 870.96359E+3   25.E-21       
 912.010839E+3  25.E-21       
 954.992586E+3  25.E-21       
 1.E+6          25.E-21       
