 frequency       frequency       onoise_spectrum inoise_spectrum
 1.00000000e+00  1.00000000e+00  5.41262906e-07  1.62227289e-05 
 1.04712855e+00  1.04712855e+00  5.28942307e-07  1.58534560e-05 
 1.09647820e+00  1.09647820e+00  5.16902161e-07  1.54925888e-05 
 1.14815362e+00  1.14815362e+00  5.05136082e-07  1.51399359e-05 
 1.20226443e+00  1.20226443e+00  4.93637834e-07  1.47953105e-05 
 1.25892541e+00  1.25892541e+00  4.82401319e-07  1.44585297e-05 
 1.31825674e+00  1.31825674e+00  4.71420579e-07  1.41294151e-05 
 1.38038426e+00  1.38038426e+00  4.60689793e-07  1.38077920e-05 
 1.44543977e+00  1.44543977e+00  4.50203271e-07  1.34934900e-05 
 1.51356125e+00  1.51356125e+00  4.39955452e-07  1.31863425e-05 
 1.58489319e+00  1.58489319e+00  4.29940904e-07  1.28861865e-05 
 1.65958691e+00  1.65958691e+00  4.20154316e-07  1.25928629e-05 
 1.73780083e+00  1.73780083e+00  4.10590500e-07  1.23062162e-05 
 1.81970086e+00  1.81970086e+00  4.01244384e-07  1.20260945e-05 
 1.90546072e+00  1.90546072e+00  3.92111013e-07  1.17523492e-05 
 1.99526231e+00  1.99526231e+00  3.83185544e-07  1.14848351e-05 
 2.08929613e+00  2.08929613e+00  3.74463246e-07  1.12234104e-05 
 2.18776162e+00  2.18776162e+00  3.65939492e-07  1.09679365e-05 
 2.29086765e+00  2.29086765e+00  3.57609765e-07  1.07182780e-05 
 2.39883292e+00  2.39883292e+00  3.49469648e-07  1.04743024e-05 
 2.51188643e+00  2.51188643e+00  3.41514823e-07  1.02358804e-05 
 2.63026799e+00  2.63026799e+00  3.33741075e-07  1.00028857e-05 
 2.75422870e+00  2.75422870e+00  3.26144280e-07  9.77519461e-06 
 2.88403150e+00  2.88403150e+00  3.18720411e-07  9.55268646e-06 
 3.01995172e+00  3.01995172e+00  3.11465533e-07  9.33524327e-06 
 3.16227766e+00  3.16227766e+00  3.04375797e-07  9.12274975e-06 
 3.31131121e+00  3.31131121e+00  2.97447445e-07  8.91509323e-06 
 3.46736850e+00  3.46736850e+00  2.90676804e-07  8.71216361e-06 
 3.63078055e+00  3.63078055e+00  2.84060284e-07  8.51385330e-06 
 3.80189396e+00  3.80189396e+00  2.77594376e-07  8.32005714e-06 
 3.98107171e+00  3.98107171e+00  2.71275652e-07  8.13067239e-06 
 4.16869383e+00  4.16869383e+00  2.65100762e-07  7.94559863e-06 
 4.36515832e+00  4.36515832e+00  2.59066433e-07  7.76473773e-06 
 4.57088190e+00  4.57088190e+00  2.53169463e-07  7.58799379e-06 
 4.78630092e+00  4.78630092e+00  2.47406728e-07  7.41527312e-06 
 5.01187234e+00  5.01187234e+00  2.41775171e-07  7.24648411e-06 
 5.24807460e+00  5.24807460e+00  2.36271806e-07  7.08153729e-06 
 5.49540874e+00  5.49540874e+00  2.30893715e-07  6.92034520e-06 
 5.75439937e+00  5.75439937e+00  2.25638048e-07  6.76282236e-06 
 6.02559586e+00  6.02559586e+00  2.20502017e-07  6.60888526e-06 
 6.30957344e+00  6.30957344e+00  2.15482899e-07  6.45845228e-06 
 6.60693448e+00  6.60693448e+00  2.10578032e-07  6.31144366e-06 
 6.91830971e+00  6.91830971e+00  2.05784818e-07  6.16778145e-06 
 7.24435960e+00  7.24435960e+00  2.01100712e-07  6.02738947e-06 
 7.58577575e+00  7.58577575e+00  1.96523234e-07  5.89019330e-06 
 7.94328235e+00  7.94328235e+00  1.92049954e-07  5.75612019e-06 
 8.31763771e+00  8.31763771e+00  1.87678502e-07  5.62509904e-06 
 8.70963590e+00  8.70963590e+00  1.83406559e-07  5.49706040e-06 
 9.12010839e+00  9.12010839e+00  1.79231861e-07  5.37193638e-06 
 9.54992586e+00  9.54992586e+00  1.75152194e-07  5.24966062e-06 
 1.00000000e+01  1.00000000e+01  1.71165395e-07  5.13016831e-06 
 1.04712855e+01  1.04712855e+01  1.67269351e-07  5.01339608e-06 
 1.09647820e+01  1.09647820e+01  1.63461994e-07  4.89928201e-06 
 1.14815362e+01  1.14815362e+01  1.59741308e-07  4.78776562e-06 
 1.20226443e+01  1.20226443e+01  1.56105318e-07  4.67878775e-06 
 1.25892541e+01  1.25892541e+01  1.52552098e-07  4.57229065e-06 
 1.31825674e+01  1.31825674e+01  1.49079762e-07  4.46821783e-06 
 1.38038426e+01  1.38038426e+01  1.45686471e-07  4.36651412e-06 
 1.44543977e+01  1.44543977e+01  1.42370424e-07  4.26712560e-06 
 1.51356125e+01  1.51356125e+01  1.39129865e-07  4.16999956e-06 
 1.58489319e+01  1.58489319e+01  1.35963073e-07  4.07508451e-06 
 1.65958691e+01  1.65958691e+01  1.32868372e-07  3.98233012e-06 
 1.73780083e+01  1.73780083e+01  1.29844118e-07  3.89168722e-06 
 1.81970086e+01  1.81970086e+01  1.26888710e-07  3.80310774e-06 
 1.90546072e+01  1.90546072e+01  1.24000580e-07  3.71654472e-06 
 1.99526231e+01  1.99526231e+01  1.21178197e-07  3.63195226e-06 
 2.08929613e+01  2.08929613e+01  1.18420064e-07  3.54928551e-06 
 2.18776162e+01  2.18776162e+01  1.15724718e-07  3.46850064e-06 
 2.29086765e+01  2.29086765e+01  1.13090732e-07  3.38955481e-06 
 2.39883292e+01  2.39883292e+01  1.10516708e-07  3.31240617e-06 
 2.51188643e+01  2.51188643e+01  1.08001281e-07  3.23701381e-06 
 2.63026799e+01  2.63026799e+01  1.05543118e-07  3.16333776e-06 
 2.75422870e+01  2.75422870e+01  1.03140915e-07  3.09133895e-06 
 2.88403150e+01  2.88403150e+01  1.00793399e-07  3.02097921e-06 
 3.01995172e+01  3.01995172e+01  9.84993250e-08  2.95222124e-06 
 3.16227766e+01  3.16227766e+01  9.62574766e-08  2.88502857e-06 
 3.31131121e+01  3.31131121e+01  9.40666651e-08  2.81936558e-06 
 3.46736850e+01  3.46736850e+01  9.19257291e-08  2.75519746e-06 
 3.63078055e+01  3.63078055e+01  8.98335333e-08  2.69249018e-06 
 3.80189396e+01  3.80189396e+01  8.77889684e-08  2.63121049e-06 
 3.98107171e+01  3.98107171e+01  8.57909504e-08  2.57132590e-06 
 4.16869383e+01  4.16869383e+01  8.38384199e-08  2.51280467e-06 
 4.36515832e+01  4.36515832e+01  8.19303416e-08  2.45561576e-06 
 4.57088190e+01  4.57088190e+01  8.00657039e-08  2.39972885e-06 
 4.78630092e+01  4.78630092e+01  7.82435181e-08  2.34511430e-06 
 5.01187234e+01  5.01187234e+01  7.64628180e-08  2.29174317e-06 
 5.24807460e+01  5.24807460e+01  7.47226595e-08  2.23958715e-06 
 5.49540874e+01  5.49540874e+01  7.30221200e-08  2.18861859e-06 
 5.75439937e+01  5.75439937e+01  7.13602978e-08  2.13881046e-06 
 6.02559586e+01  6.02559586e+01  6.97363117e-08  2.09013636e-06 
 6.30957344e+01  6.30957344e+01  6.81493007e-08  2.04257048e-06 
 6.60693448e+01  6.60693448e+01  6.65984234e-08  1.99608759e-06 
 6.91830971e+01  6.91830971e+01  6.50828575e-08  1.95066306e-06 
 7.24435960e+01  7.24435960e+01  6.36017994e-08  1.90627279e-06 
 7.58577575e+01  7.58577575e+01  6.21544637e-08  1.86289325e-06 
 7.94328235e+01  7.94328235e+01  6.07400832e-08  1.82050145e-06 
 8.31763771e+01  8.31763771e+01  5.93579079e-08  1.77907490e-06 
 8.70963590e+01  8.70963590e+01  5.80072049e-08  1.73859163e-06 
 9.12010839e+01  9.12010839e+01  5.66872581e-08  1.69903020e-06 
 9.54992586e+01  9.54992586e+01  5.53973676e-08  1.66036961e-06 
 1.00000000e+02  1.00000000e+02  5.41368496e-08  1.62258937e-06 
 1.04712855e+02  1.04712855e+02  5.29050356e-08  1.58566944e-06 
 1.09647820e+02  1.09647820e+02  5.17012726e-08  1.54959026e-06 
 1.14815362e+02  1.14815362e+02  5.05249222e-08  1.51433270e-06 
 1.20226443e+02  1.20226443e+02  4.93753609e-08  1.47987805e-06 
 1.25892541e+02  1.25892541e+02  4.82519790e-08  1.44620805e-06 
 1.31825674e+02  1.31825674e+02  4.71541809e-08  1.41330486e-06 
 1.38038426e+02  1.38038426e+02  4.60813846e-08  1.38115101e-06 
 1.44543977e+02  1.44543977e+02  4.50330212e-08  1.34972947e-06 
 1.51356125e+02  1.51356125e+02  4.40085350e-08  1.31902357e-06 
 1.58489319e+02  1.58489319e+02  4.30073826e-08  1.28901704e-06 
 1.65958691e+02  1.65958691e+02  4.20290334e-08  1.25969396e-06 
 1.73780083e+02  1.73780083e+02  4.10729684e-08  1.23103879e-06 
 1.81970086e+02  1.81970086e+02  4.01386809e-08  1.20303633e-06 
 1.90546072e+02  1.90546072e+02  3.92256754e-08  1.17567173e-06 
 1.99526231e+02  1.99526231e+02  3.83334679e-08  1.14893049e-06 
 2.08929613e+02  2.08929613e+02  3.74615853e-08  1.12279843e-06 
 2.18776162e+02  2.18776162e+02  3.66095653e-08  1.09726169e-06 
 2.29086765e+02  2.29086765e+02  3.57769562e-08  1.07230674e-06 
 2.39883292e+02  2.39883292e+02  3.49633164e-08  1.04792033e-06 
 2.51188643e+02  2.51188643e+02  3.41682147e-08  1.02408955e-06 
 2.63026799e+02  2.63026799e+02  3.33912294e-08  1.00080175e-06 
 2.75422870e+02  2.75422870e+02  3.26319485e-08  9.78044586e-07 
 2.88403150e+02  2.88403150e+02  3.18899695e-08  9.55805995e-07 
 3.01995172e+02  3.01995172e+02  3.11648990e-08  9.34074185e-07 
 3.16227766e+02  3.16227766e+02  3.04563525e-08  9.12837633e-07 
 3.31131121e+02  3.31131121e+02  2.97639543e-08  8.92085079e-07 
 3.46736850e+02  3.46736850e+02  2.90873374e-08  8.71805519e-07 
 3.63078055e+02  3.63078055e+02  2.84261429e-08  8.51988201e-07 
 3.80189396e+02  3.80189396e+02  2.77800203e-08  8.32622618e-07 
 3.98107171e+02  3.98107171e+02  2.71486269e-08  8.13698501e-07 
 4.16869383e+02  4.16869383e+02  2.65316282e-08  7.95205817e-07 
 4.36515832e+02  4.36515832e+02  2.59286968e-08  7.77134760e-07 
 4.57088190e+02  4.57088190e+02  2.53395131e-08  7.59475749e-07 
 4.78630092e+02  4.78630092e+02  2.47637647e-08  7.42219421e-07 
 5.01187234e+02  5.01187234e+02  2.42011463e-08  7.25356626e-07 
 5.24807460e+02  5.24807460e+02  2.36513596e-08  7.08878424e-07 
 5.49540874e+02  5.49540874e+02  2.31141132e-08  6.92776076e-07 
 5.75439937e+02  5.75439937e+02  2.25891221e-08  6.77041046e-07 
 6.02559586e+02  6.02559586e+02  2.20761080e-08  6.61664990e-07 
 6.30957344e+02  6.30957344e+02  2.15747989e-08  6.46639756e-07 
 6.60693448e+02  6.60693448e+02  2.10849289e-08  6.31957377e-07 
 6.91830971e+02  6.91830971e+02  2.06062384e-08  6.17610067e-07 
 7.24435960e+02  7.24435960e+02  2.01384735e-08  6.03590220e-07 
 7.58577575e+02  7.58577575e+02  1.96813862e-08  5.89890402e-07 
 7.94328235e+02  7.94328235e+02  1.92347342e-08  5.76503349e-07 
 8.31763771e+02  8.31763771e+02  1.87982805e-08  5.63421963e-07 
 8.70963590e+02  8.70963590e+02  1.83717939e-08  5.50639307e-07 
 9.12010839e+02  9.12010839e+02  1.79550481e-08  5.38148604e-07 
 9.54992586e+02  9.54992586e+02  1.75478221e-08  5.25943231e-07 
 1.00000000e+03  1.00000000e+03  1.71499002e-08  5.14016716e-07 
 1.04712855e+03  1.04712855e+03  1.67610712e-08  5.02362735e-07 
 1.09647820e+03  1.09647820e+03  1.63811290e-08  4.90975109e-07 
 1.14815362e+03  1.14815362e+03  1.60098721e-08  4.79847800e-07 
 1.20226443e+03  1.20226443e+03  1.56471037e-08  4.68974908e-07 
 1.25892541e+03  1.25892541e+03  1.52926314e-08  4.58350666e-07 
 1.31825674e+03  1.31825674e+03  1.49462673e-08  4.47969442e-07 
 1.38038426e+03  1.38038426e+03  1.46078276e-08  4.37825731e-07 
 1.44543977e+03  1.44543977e+03  1.42771330e-08  4.27914155e-07 
 1.51356125e+03  1.51356125e+03  1.39540081e-08  4.18229457e-07 
 1.58489319e+03  1.58489319e+03  1.36382816e-08  4.08766501e-07 
 1.65958691e+03  1.65958691e+03  1.33297859e-08  3.99520271e-07 
 1.73780083e+03  1.73780083e+03  1.30283576e-08  3.90485863e-07 
 1.81970086e+03  1.81970086e+03  1.27338367e-08  3.81658486e-07 
 1.90546072e+03  1.90546072e+03  1.24460672e-08  3.73033459e-07 
 1.99526231e+03  1.99526231e+03  1.21648964e-08  3.64606209e-07 
 2.08929613e+03  2.08929613e+03  1.18901751e-08  3.56372266e-07 
 2.18776162e+03  2.18776162e+03  1.16217578e-08  3.48327263e-07 
 2.29086765e+03  2.29086765e+03  1.13595021e-08  3.40466935e-07 
 2.39883292e+03  2.39883292e+03  1.11032688e-08  3.32787112e-07 
 2.51188643e+03  2.51188643e+03  1.08529221e-08  3.25283722e-07 
 2.63026799e+03  2.63026799e+03  1.06083292e-08  3.17952785e-07 
 2.75422870e+03  2.75422870e+03  1.03693603e-08  3.10790413e-07 
 2.88403150e+03  2.88403150e+03  1.01358889e-08  3.03792807e-07 
 3.01995172e+03  3.01995172e+03  9.90779090e-09  2.96956256e-07 
 3.16227766e+03  3.16227766e+03  9.68494545e-09  2.90277133e-07 
 3.31131121e+03  3.31131121e+03  9.46723430e-09  2.83751896e-07 
 3.46736850e+03  3.46736850e+03  9.25454197e-09  2.77377082e-07 
 3.63078055e+03  3.63078055e+03  9.04675563e-09  2.71149311e-07 
 3.80189396e+03  3.80189396e+03  8.84376504e-09  2.65065278e-07 
 3.98107171e+03  3.98107171e+03  8.64546252e-09  2.59121756e-07 
 4.16869383e+03  4.16869383e+03  8.45174283e-09  2.53315591e-07 
 4.36515832e+03  4.36515832e+03  8.26250320e-09  2.47643702e-07 
 4.57088190e+03  4.57088190e+03  8.07764321e-09  2.42103079e-07 
 4.78630092e+03  4.78630092e+03  7.89706475e-09  2.36690782e-07 
 5.01187234e+03  5.01187234e+03  7.72067198e-09  2.31403939e-07 
 5.24807460e+03  5.24807460e+03  7.54837127e-09  2.26239743e-07 
 5.49540874e+03  5.49540874e+03  7.38007117e-09  2.21195453e-07 
 5.75439937e+03  5.75439937e+03  7.21568232e-09  2.16268392e-07 
 6.02559586e+03  6.02559586e+03  7.05511744e-09  2.11455942e-07 
 6.30957344e+03  6.30957344e+03  6.89829126e-09  2.06755549e-07 
 6.60693448e+03  6.60693448e+03  6.74512049e-09  2.02164715e-07 
 6.91830971e+03  6.91830971e+03  6.59552377e-09  1.97681003e-07 
 7.24435960e+03  7.24435960e+03  6.44942162e-09  1.93302030e-07 
 7.58577575e+03  7.58577575e+03  6.30673640e-09  1.89025469e-07 
 7.94328235e+03  7.94328235e+03  6.16739227e-09  1.84849048e-07 
 8.31763771e+03  8.31763771e+03  6.03131517e-09  1.80770546e-07 
 8.70963590e+03  8.70963590e+03  5.89843272e-09  1.76787794e-07 
 9.12010839e+03  9.12010839e+03  5.76867426e-09  1.72898674e-07 
 9.54992586e+03  9.54992586e+03  5.64197074e-09  1.69101117e-07 
 1.00000000e+04  1.00000000e+04  5.51825473e-09  1.65393101e-07 
 1.04712855e+04  1.04712855e+04  5.39746036e-09  1.61772653e-07 
 1.09647820e+04  1.09647820e+04  5.27952330e-09  1.58237844e-07 
 1.14815362e+04  1.14815362e+04  5.16438070e-09  1.54786791e-07 
 1.20226443e+04  1.20226443e+04  5.05197120e-09  1.51417654e-07 
 1.25892541e+04  1.25892541e+04  4.94223483e-09  1.48128636e-07 
 1.31825674e+04  1.31825674e+04  4.83511304e-09  1.44917982e-07 
 1.38038426e+04  1.38038426e+04  4.73054864e-09  1.41783978e-07 
 1.44543977e+04  1.44543977e+04  4.62848576e-09  1.38724950e-07 
 1.51356125e+04  1.51356125e+04  4.52886983e-09  1.35739262e-07 
 1.58489319e+04  1.58489319e+04  4.43164755e-09  1.32825316e-07 
 1.65958691e+04  1.65958691e+04  4.33676686e-09  1.29981553e-07 
 1.73780083e+04  1.73780083e+04  4.24417692e-09  1.27206448e-07 
 1.81970086e+04  1.81970086e+04  4.15382804e-09  1.24498512e-07 
 1.90546072e+04  1.90546072e+04  4.06567172e-09  1.21856291e-07 
 1.99526231e+04  1.99526231e+04  3.97966054e-09  1.19278364e-07 
 2.08929613e+04  2.08929613e+04  3.89574821e-09  1.16763344e-07 
 2.18776162e+04  2.18776162e+04  3.81388950e-09  1.14309876e-07 
 2.29086765e+04  2.29086765e+04  3.73404021e-09  1.11916633e-07 
 2.39883292e+04  2.39883292e+04  3.65615718e-09  1.09582323e-07 
 2.51188643e+04  2.51188643e+04  3.58019823e-09  1.07305682e-07 
 2.63026799e+04  2.63026799e+04  3.50612213e-09  1.05085474e-07 
 2.75422870e+04  2.75422870e+04  3.43388862e-09  1.02920491e-07 
 2.88403150e+04  2.88403150e+04  3.36345833e-09  1.00809555e-07 
 3.01995172e+04  3.01995172e+04  3.29479281e-09  9.87515125e-08 
 3.16227766e+04  3.16227766e+04  3.22785447e-09  9.67452367e-08 
 3.31131121e+04  3.31131121e+04  3.16260654e-09  9.47896263e-08 
 3.46736850e+04  3.46736850e+04  3.09901312e-09  9.28836046e-08 
 3.63078055e+04  3.63078055e+04  3.03703908e-09  9.10261189e-08 
 3.80189396e+04  3.80189396e+04  2.97665007e-09  8.92161399e-08 
 3.98107171e+04  3.98107171e+04  2.91781251e-09  8.74526608e-08 
 4.16869383e+04  4.16869383e+04  2.86049354e-09  8.57346971e-08 
 4.36515832e+04  4.36515832e+04  2.80466104e-09  8.40612855e-08 
 4.57088190e+04  4.57088190e+04  2.75028355e-09  8.24314837e-08 
 4.78630092e+04  4.78630092e+04  2.69733031e-09  8.08443694e-08 
 5.01187234e+04  5.01187234e+04  2.64577119e-09  7.92990399e-08 
 5.24807460e+04  5.24807460e+04  2.59557672e-09  7.77946115e-08 
 5.49540874e+04  5.49540874e+04  2.54671802e-09  7.63302188e-08 
 5.75439937e+04  5.75439937e+04  2.49916681e-09  7.49050142e-08 
 6.02559586e+04  6.02559586e+04  2.45289540e-09  7.35181676e-08 
 6.30957344e+04  6.30957344e+04  2.40787663e-09  7.21688653e-08 
 6.60693448e+04  6.60693448e+04  2.36408389e-09  7.08563098e-08 
 6.91830971e+04  6.91830971e+04  2.32149111e-09  6.95797192e-08 
 7.24435960e+04  7.24435960e+04  2.28007270e-09  6.83383268e-08 
 7.58577575e+04  7.58577575e+04  2.23980357e-09  6.71313804e-08 
 7.94328235e+04  7.94328235e+04  2.20065907e-09  6.59581419e-08 
 8.31763771e+04  8.31763771e+04  2.16261506e-09  6.48178868e-08 
 8.70963590e+04  8.70963590e+04  2.12564778e-09  6.37099038e-08 
 9.12010839e+04  9.12010839e+04  2.08973393e-09  6.26334940e-08 
 9.54992586e+04  9.54992586e+04  2.05485060e-09  6.15879712e-08 
 1.00000000e+05  1.00000000e+05  2.02097529e-09  6.05726606e-08 
 1.04712855e+05  1.04712855e+05  1.98808588e-09  5.95868991e-08 
 1.09647820e+05  1.09647820e+05  1.95616059e-09  5.86300346e-08 
 1.14815362e+05  1.14815362e+05  1.92517802e-09  5.77014253e-08 
 1.20226443e+05  1.20226443e+05  1.89511712e-09  5.68004402e-08 
 1.25892541e+05  1.25892541e+05  1.86595716e-09  5.59264580e-08 
 1.31825674e+05  1.31825674e+05  1.83767773e-09  5.50788669e-08 
 1.38038426e+05  1.38038426e+05  1.81025873e-09  5.42570648e-08 
 1.44543977e+05  1.44543977e+05  1.78368037e-09  5.34604584e-08 
 1.51356125e+05  1.51356125e+05  1.75792315e-09  5.26884632e-08 
 1.58489319e+05  1.58489319e+05  1.73296786e-09  5.19405034e-08 
 1.65958691e+05  1.65958691e+05  1.70879557e-09  5.12160116e-08 
 1.73780083e+05  1.73780083e+05  1.68538761e-09  5.05144283e-08 
 1.81970086e+05  1.81970086e+05  1.66272558e-09  4.98352021e-08 
 1.90546072e+05  1.90546072e+05  1.64079135e-09  4.91777896e-08 
 1.99526231e+05  1.99526231e+05  1.61956705e-09  4.85416547e-08 
 2.08929613e+05  2.08929613e+05  1.59903503e-09  4.79262693e-08 
 2.18776162e+05  2.18776162e+05  1.57917793e-09  4.73311123e-08 
 2.29086765e+05  2.29086765e+05  1.55997860e-09  4.67556703e-08 
 2.39883292e+05  2.39883292e+05  1.54142017e-09  4.61994371e-08 
 2.51188643e+05  2.51188643e+05  1.52348599e-09  4.56619137e-08 
 2.63026799e+05  2.63026799e+05  1.50615964e-09  4.51426084e-08 
 2.75422870e+05  2.75422870e+05  1.48942496e-09  4.46410368e-08 
 2.88403150e+05  2.88403150e+05  1.47326604e-09  4.41567216e-08 
 3.01995172e+05  3.01995172e+05  1.45766717e-09  4.36891925e-08 
 3.16227766e+05  3.16227766e+05  1.44261293e-09  4.32379868e-08 
 3.31131121e+05  3.31131121e+05  1.42808810e-09  4.28026488e-08 
 3.46736850e+05  3.46736850e+05  1.41407774e-09  4.23827302e-08 
 3.63078055e+05  3.63078055e+05  1.40056712e-09  4.19777899e-08 
 3.80189396e+05  3.80189396e+05  1.38754178e-09  4.15873944e-08 
 3.98107171e+05  3.98107171e+05  1.37498749e-09  4.12111174e-08 
 4.16869383e+05  4.16869383e+05  1.36289029e-09  4.08485402e-08 
 4.36515832e+05  4.36515832e+05  1.35123646e-09  4.04992516e-08 
 4.57088190e+05  4.57088190e+05  1.34001253e-09  4.01628480e-08 
 4.78630092e+05  4.78630092e+05  1.32920529e-09  3.98389334e-08 
 5.01187234e+05  5.01187234e+05  1.31880178e-09  3.95271195e-08 
 5.24807460e+05  5.24807460e+05  1.30878931e-09  3.92270258e-08 
 5.49540874e+05  5.49540874e+05  1.29915545e-09  3.89382797e-08 
 5.75439937e+05  5.75439937e+05  1.28988801e-09  3.86605162e-08 
 6.02559586e+05  6.02559586e+05  1.28097510e-09  3.83933782e-08 
 6.30957344e+05  6.30957344e+05  1.27240505e-09  3.81365166e-08 
 6.60693448e+05  6.60693448e+05  1.26416648e-09  3.78895902e-08 
 6.91830971e+05  6.91830971e+05  1.25624827e-09  3.76522657e-08 
 7.24435960e+05  7.24435960e+05  1.24863957e-09  3.74242176e-08 
 7.58577575e+05  7.58577575e+05  1.24132978e-09  3.72051286e-08 
 7.94328235e+05  7.94328235e+05  1.23430857e-09  3.69946890e-08 
 8.31763771e+05  8.31763771e+05  1.22756589e-09  3.67925971e-08 
 8.70963590e+05  8.70963590e+05  1.22109191e-09  3.65985592e-08 
 9.12010839e+05  9.12010839e+05  1.21487711e-09  3.64122892e-08 
 9.54992586e+05  9.54992586e+05  1.20891220e-09  3.62335088e-08 
 1.00000000e+06  1.00000000e+06  1.20318815e-09  3.60619474e-08 
