Gnucap : The Gnu Circuit Analysis Package
Never trust any version less than 1.0
Copyright 1982-2013, Albert Davis
Gnucap comes with ABSOLUTELY NO WARRANTY
This is free software, and you are welcome
to redistribute it under the terms of 
the GNU General Public License, version 3 or later.
See the file "COPYING" for details.
main version: noinsensitive 2025.10.15
core-lib version: noinsensitive 2025.10.15
default plugins: noinsensitive 2025.10.15
param: already installed, replacing
stashing as param:0
parameters: already installed, replacing
stashing as parameters:0
parameter: already installed, replacing
stashing as parameter:0
logic: already installed, replacing
stashing as logic:0
spice: already installed, replacing
stashing as spice:0
acs: already installed, replacing
stashing as acs:0
;: already installed, replacing
stashing as ;:0
#: already installed, replacing
stashing as #:0
*: already installed, replacing
stashing as *:0
': already installed, replacing
stashing as ':0
": already installed, replacing
stashing as ":0
dev_comment: already installed, replacing
stashing as dev_comment:0
.model: already installed, replacing
stashing as .model:0
.subckt: already installed, replacing
stashing as .subckt:0
.macro: already installed, replacing
stashing as .macro:0
.lib: already installed, replacing
stashing as .lib:0
lib: already installed, replacing
stashing as lib:0
.include: already installed, replacing
stashing as .include:0
.merge: already installed, replacing
stashing as .merge:0
merge: already installed, replacing
stashing as merge:0
<: already installed, replacing
stashing as <:0
.get: already installed, replacing
stashing as .get:0
get: already installed, replacing
stashing as get:0
.build: already installed, replacing
stashing as .build:0
build: already installed, replacing
stashing as build:0
spice: already installed, replacing
stashing as spice:0
`spice: already installed, replacing
stashing as `spice:0
acs: already installed, replacing
stashing as acs:0
.endc: already installed, replacing
stashing as .endc:0
.control: already installed, replacing
stashing as .control:0
verilog: already installed, replacing
stashing as verilog:0
paramset: already installed, replacing
stashing as paramset:0
module: already installed, replacing
stashing as module:0
macromodule: already installed, replacing
stashing as macromodule:0
verilog: already installed, replacing
stashing as verilog:0
quit: already installed, replacing
stashing as quit:0
exit: already installed, replacing
stashing as exit:0
detach_all: already installed, replacing
stashing as detach_all:0
paramset NMOS bsim4va;
  parameter real l=0.09u;
   parameter real w=10.0u;
 .l=l; .w=w; .type=1; .level=14; .version=4.80; .binunit=1; .paramchk=1; .mobmod=0; .capmod=1; .igcmod=1; .igbmod=1; .geomod=1; .diomod=1; .rdsmod=0; .rbodymod=0; .rgatemod=1; .permod=1; .acnqsmod=0; .trnqsmod=0; .tempmod=0; .mtrlmod=1; .cvchargemod=0; .mtrlcompatmod=1; .gidlmod=0; .wpemod=0; .eot=1.8e-009; .vddeot=1.5; .ados=1.1; .bdos=1.0; .tnom=25; .toxe=1.8e-009; .toxp=10e-010; .toxm=1.8e-009; .dtox=8e-10; .epsrox=3.9; .wint=5e-009; .lint=1e-009; .ll=0; .wl=0; .lln=1; .wln=1; .lw=0; .ww=0; .lwn=1; .wwn=1; .lwl=0; .wwl=0; .xpart=1; .toxref=1.4e-009; .phig=4.05; .epsrgate=11.7; .saref=5e-6; .sbref=5e-6; .wlod=2e-6; .ku0=(- 4e-6); .kvsat=0.2; .kvth0=(- 2e-8); .tku0=0.0; .llodku0=1.1; .wlodku0=1.1; .llodvth=1.0; .wlodvth=1.0; .lku0=1e-6; .wku0=1e-6; .pku0=0.0; .lkvth0=1.1e-6; .wkvth0=1.1e-6; .pkvth0=0.0; .stk2=0.0; .lodk2=1.0; .steta0=0.0; .lodeta0=1.0; .lambda=4e-10; .vsat=1.1e+005; .vtl=2.0e5; .xn=6.0; .lc=5e-9; .rnoia=0.577; .rnoib=0.37; .tvoff=0.0; .tvfbsdoff=0.0; .vth0=0.25; .k1=0.35; .k2=0.05; .k3=0; .k3b=0; .w0=2.5e-006; .dvt0=1.8; .dvt1=0.52; .dvt2=(- 0.032); .dvt0w=0; .dvt1w=0; .dvt2w=0; .dsub=2; .minv=0.05; .voffl=0; .dvtp0=1e-007; .minvcv=2; .voffcvl=0; .dvtp1=0.05; .lpe0=5.75e-008; .lpeb=2.3e-010; .xj=2e-008; .ngate=5e+020; .ndep=2.8e+018; .nsd=1e+020; .phin=0; .cdsc=0.0002; .cdscb=0; .cdscd=0; .cit=0; .voff=(- 0.15); .nfactor=1.2; .eta0=0.05; .etab=0; .vfb=(- 0.55); .u0=0.032; .ua=5.0e-011; .ub=3.5e-018; .uc=(- 3e-011); .a0=2; .ags=1e-020; .a1=0; .a2=1; .b0=(- 1e-020); .b1=0; .keta=0.04; .dwg=0; .dwb=0; .pclm=0.08; .pdiblc1=0.028; .pdiblc2=0.022; .pdiblcb=(- 0.005); .drout=0.45; .pvag=1e-020; .delta=0.01; .pscbe1=8.14e+008; .pscbe2=5e-008; .fprout=0.2; .pdits=0.2; .pditsd=0.23; .pditsl=2.3e+006; .rsh=0; .rdsw=50; .rsw=50; .rdw=50; .rdswmin=0; .rdwmin=0; .rswmin=0; .prwg=0; .prwb=6.8e-011; .wr=1; .alpha0=0.074; .alpha1=0.005; .beta0=30; .agidl=0.0001; .bgidl=2.1e+009; .cgidl=0.0001; .egidl=0.8; .agisl=0.0002; .bgisl=2.1e+009; .cgisl=0.0002; .egisl=(- 0.28); .aigbacc=0.012; .bigbacc=0.0028; .cigbacc=0.002; .nigbacc=1; .aigbinv=0.014; .bigbinv=0.004; .cigbinv=0.004; .eigbinv=1.1; .nigbinv=3; .aigc=0.012; .bigc=0.0028; .cigc=0.002; .aigs=0.012; .bigs=0.0028; .cigs=0.002; .nigc=1; .poxedge=1; .pigcd=1; .ntox=1; .aigd=0.01; .bigd=0.003; .cigd=0.0015; .xrcrg1=12; .xrcrg2=5; .cgso=6.238e-010; .cgdo=6.238e-010; .cgbo=2.56e-011; .cgdl=2.495e-10; .cgsl=2.495e-10; .ckappas=0.03; .ckappad=0.03; .acde=1; .moin=15; .noff=0.9; .voffcv=(- 0.02); .kt1=(- 0.37); .kt1l=0.0; .kt2=(- 0.042); .ute=(- 1.5); .ua1=1e-009; .ub1=(- 3.5e-019); .uc1=0; .prt=0; .at=53000; .fnoimod=1; .tnoimod=0; .jss=0.0001; .jsws=1e-011; .jswgs=1e-010; .njs=1; .ijthsfwd=0.01; .ijthsrev=0.001; .bvs=10; .xjbvs=1; .jsd=0.0001; .jswd=1e-011; .jswgd=1e-010; .njd=1; .ijthdfwd=0.01; .ijthdrev=0.001; .bvd=10; .xjbvd=1; .pbs=1; .cjs=0.0005; .mjs=0.5; .pbsws=1; .cjsws=5e-010; .mjsws=0.33; .pbswgs=1; .cjswgs=3e-010; .mjswgs=0.33; .pbd=1; .cjd=0.0005; .mjd=0.5; .pbswd=1; .cjswd=5e-010; .mjswd=0.33; .pbswgd=1; .cjswgd=5e-010; .mjswgd=0.33; .tpb=0.005; .tcj=0.001; .tpbsw=0.005; .tcjsw=0.001; .tpbswg=0.005; .tcjswg=0.001; .xtis=3; .xtid=3; .dmcg=8e-006; .dmci=3e-006; .dmdg=2e-006; .dmcgt=1e-007; .dwj=0.0e-008; .xgw=0e-007; .xgl=0e-008; .rshg=0.4; .gbmin=1e-010; .rbpb=5; .rbpd=15; .rbps=15; .rbdb=15; .rbsb=15; .ngcon=1; .jtss=1e-4; .jtsd=1e-4; .jtssws=1e-10; .jtsswd=1e-10; .jtsswgs=1e-7; .jtsswgd=1e-7; .njts=20.0; .njtssw=15; .njtsswg=6; .vtss=10; .vtsd=10; .vtssws=10; .vtsswd=10; .njtsd=15.0; .njtsswd=20; .njtsswgd=6; .tnjts=0.1; .tnjtsd=0.05; .vtsswgs=2; .vtsswgd=2; .xtss=0.02; .xtsd=0.02; .xtssws=0.02; .xtsswd=0.02; .xtsswgs=0.02; .xtsswgd=0.02;
endparamset

paramset PMOS bsim4va;
  parameter real l=0.09u;
   parameter real w=10.0u;
 .l=l; .w=w; .type=(- 1); .level=14; .version=4.80; .binunit=1; .paramchk=1; .mobmod=0; .capmod=1; .igcmod=1; .igbmod=1; .geomod=1; .diomod=1; .rdsmod=0; .rbodymod=0; .rgatemod=1; .permod=1; .acnqsmod=0; .trnqsmod=0; .tempmod=0; .mtrlmod=1; .cvchargemod=0; .mtrlcompatmod=1; .gidlmod=0; .wpemod=0; .eot=1.8e-009; .vddeot=(- 1.5); .ados=1.1; .bdos=1.0; .tnom=27; .toxe=1.8e-009; .toxp=10e-010; .toxm=1.8e-009; .dtox=8e-10; .epsrox=3.9; .wint=5e-009; .lint=1e-009; .ll=0; .wl=0; .lln=1; .wln=1; .lw=0; .ww=0; .lwn=1; .wwn=1; .lwl=0; .wwl=0; .xpart=0; .toxref=1.8e-9; .phig=4.05; .epsrgate=11.7; .saref=5e-6; .sbref=5e-6; .wlod=2e-6; .ku0=4e-6; .kvsat=0.2; .kvth0=(- 2e-8); .tku0=0.0; .llodku0=1.1; .wlodku0=1.1; .llodvth=1.0; .wlodvth=1.0; .lku0=1e-6; .wku0=1e-6; .pku0=0.0; .lkvth0=1.1e-6; .wkvth0=1.1e-6; .pkvth0=0.0; .stk2=0.0; .lodk2=1.0; .steta0=0.0; .lodeta0=1.0; .lambda=4e-10; .vsat=1.1e+005; .vtl=2.0e5; .xn=6.0; .lc=5e-9; .rnoia=0.577; .rnoib=0.37; .tvoff=0.0; .tvfbsdoff=0.0; .vth0=(- 0.25); .k1=0.35; .k2=0.05; .k3=0; .k3b=0; .w0=2.5e-006; .dvt0=1.8; .dvt1=0.52; .dvt2=(- 0.032); .dvt0w=0; .dvt1w=0; .dvt2w=0; .dsub=2; .minv=0.05; .voffl=0; .dvtp0=1e-007; .minvcv=2; .voffcvl=0; .dvtp1=0.05; .lpe0=5.75e-008; .lpeb=2.3e-010; .xj=2e-008; .ngate=5e+020; .ndep=2.8e+018; .nsd=1e+020; .phin=0; .cdsc=0.0002; .cdscb=0; .cdscd=0; .cit=0; .voff=(- 0.15); .nfactor=1.2; .eta0=0.05; .etab=0; .vfb=0.55; .u0=0.0095; .ua=5.0e-011; .ub=3.5e-018; .uc=(- 3e-011); .a0=2; .ags=1e-020; .a1=0; .a2=1; .b0=(- 1e-020); .b1=0; .keta=0.04; .dwg=0; .dwb=0; .pclm=0.08; .pdiblc1=0.028; .pdiblc2=0.022; .pdiblcb=(- 0.005); .drout=0.45; .pvag=1e-020; .delta=0.01; .pscbe1=8.14e+008; .pscbe2=5e-008; .fprout=0.2; .pdits=0.2; .pditsd=0.23; .pditsl=2.3e+006; .rsh=0; .rdsw=50; .rsw=50; .rdw=50; .rdswmin=0; .rdwmin=0; .rswmin=0; .prwg=0; .prwb=6.8e-011; .wr=1; .alpha0=0.074; .alpha1=0.005; .beta0=30; .agidl=0.0002; .bgidl=2.1e+009; .cgidl=0.0002; .egidl=0.8; .agisl=0.0003; .bgisl=2.5e+009; .cgisl=0.0003; .egisl=(- 0.28); .aigbacc=0.012; .bigbacc=0.0028; .cigbacc=0.002; .nigbacc=1; .aigbinv=0.014; .bigbinv=0.004; .cigbinv=0.004; .eigbinv=1.1; .nigbinv=3; .aigc=0.012; .bigc=0.0028; .cigc=0.002; .aigs=0.012; .bigs=0.0028; .cigs=0.002; .nigc=1; .poxedge=1; .pigcd=1; .ntox=1; .aigd=0.01; .bigd=0.003; .cigd=0.0015; .xrcrg1=12; .xrcrg2=5; .cgso=6.238e-010; .cgdo=6.238e-010; .cgbo=2.56e-011; .cgdl=2.495e-10; .cgsl=2.495e-10; .ckappas=0.03; .ckappad=0.03; .acde=1; .moin=15; .noff=0.9; .voffcv=0.02; .kt1=(- 0.37); .kt1l=0.0; .kt2=(- 0.042); .ute=(- 1.5); .ua1=1e-009; .ub1=(- 3.5e-019); .uc1=0; .prt=0; .at=53000; .fnoimod=1; .tnoimod=0; .jss=0.0001; .jsws=1e-011; .jswgs=1e-010; .njs=1; .ijthsfwd=0.01; .ijthsrev=0.001; .bvs=10; .xjbvs=1; .jsd=0.0001; .jswd=1e-011; .jswgd=1e-010; .njd=1; .ijthdfwd=0.01; .ijthdrev=0.001; .bvd=10; .xjbvd=1; .pbs=1; .cjs=0.0005; .mjs=0.5; .pbsws=1; .cjsws=5e-010; .mjsws=0.33; .pbswgs=1; .cjswgs=3e-010; .mjswgs=0.33; .pbd=1; .cjd=0.0005; .mjd=0.5; .pbswd=1; .cjswd=5e-010; .mjswd=0.33; .pbswgd=1; .cjswgd=5e-010; .mjswgd=0.33; .tpb=0.005; .tcj=0.001; .tpbsw=0.005; .tcjsw=0.001; .tpbswg=0.005; .tcjswg=0.001; .xtis=3; .xtid=3; .dmcg=8e-006; .dmci=3e-006; .dmdg=2e-006; .dmcgt=1e-007; .dwj=0.0e-008; .xgw=0e-007; .xgl=0e-008; .rshg=0.4; .gbmin=1e-010; .rbpb=5; .rbpd=15; .rbps=15; .rbdb=15; .rbsb=15; .ngcon=1; .jtss=1e-4; .jtsd=1e-4; .jtssws=1e-10; .jtsswd=1e-10; .jtsswgs=1e-7; .jtsswgd=1e-7; .njts=20.0; .njtssw=15; .njtsswg=4; .vtss=10; .vtsd=10; .vtssws=10; .vtsswd=10; .njtsd=15.0; .njtsswd=20; .njtsswgd=6; .tnjts=0.1; .tnjtsd=0.05; .vtsswgs=2; .vtsswgd=2; .xtss=0.02; .xtsd=0.02; .xtssws=0.02; .xtsswd=0.02; .xtsswgs=0.02; .xtsswgd=0.02;
endparamset

parameter real L=0.09u; // MOSFET length 
parameter real WN=10.0u; // NMOS width 
parameter real WP=20.0u; // PMOS width 
parameter real VNOM=1.2; // Nominal supply (V) 
ground gnd;
vsource #(.dc(vd)) sd (.p(d),.n(gnd));
vsource #(.dc(vg)) sg (.p(g),.n(gnd));
vsource #(.dc(vb)) sb (.p(b),.n(gnd));
parameter vd = 0.1;
parameter vg = 0.0;
parameter vb = 0.0;
NMOS #(.l(L),.w(WN)) M1 (.d(d),.g(g),.s(gnd),.b(b));
#           v(b)       i(sd)      iter(0)   
 0.6        0.        -441.58E-6  4.        
 0.62       0.        -530.06E-6  4.        
 0.64       0.        -620.48E-6  4.        
 0.66       0.        -711.25E-6  4.        
 0.68       0.        -801.23E-6  4.        
 0.7        0.        -889.62E-6  4.        
 0.72       0.        -975.92E-6  4.        
 0.74       0.        -0.0010598  4.        
 0.76       0.        -0.0011411  4.        
 0.78       0.        -0.0012196  4.        
 0.8        0.        -0.0012953  4.        
 0.82       0.        -0.0013683  4.        
 0.84       0.        -0.0014384  4.        
 0.86       0.        -0.0015059  4.        
 0.88       0.        -0.0015707  4.        
 0.9        0.        -0.0016328  4.        
 0.92       0.        -0.0016925  4.        
 0.94       0.        -0.0017497  4.        
 0.96       0.        -0.0018045  4.        
 0.98       0.        -0.001857   4.        
 1.         0.        -0.0019074  4.        
 1.02       0.        -0.0019555  4.        
 1.04       0.        -0.0020016  4.        
 1.06       0.        -0.0020458  4.        
 1.08       0.        -0.002088   4.        
 1.1        0.        -0.0021284  4.        
 1.12       0.        -0.002167   4.        
 1.14       0.        -0.0022039  4.        
 1.16       0.        -0.0022392  4.        
 1.18       0.        -0.0022729  4.        
 1.2        1.E-15    -0.0023051  4.        
 0.6       -0.3       -184.41E-6  4.        
 0.62      -0.3       -246.45E-6  4.        
 0.64      -0.3       -316.66E-6  4.        
 0.66      -0.3       -392.75E-6  4.        
 0.68      -0.3       -472.47E-6  4.        
 0.7       -0.3       -553.93E-6  4.        
 0.72      -0.3       -635.72E-6  4.        
 0.74      -0.3       -716.84E-6  4.        
 0.76      -0.3       -796.59E-6  4.        
 0.78      -0.3       -874.55E-6  4.        
 0.8       -0.3       -950.41E-6  4.        
 0.82      -0.3       -0.001024   4.        
 0.84      -0.3       -0.0010952  4.        
 0.86      -0.3       -0.0011641  4.        
 0.88      -0.3       -0.0012305  4.        
 0.9       -0.3       -0.0012945  4.        
 0.92      -0.3       -0.0013562  4.        
 0.94      -0.3       -0.0014155  4.        
 0.96      -0.3       -0.0014725  4.        
 0.98      -0.3       -0.0015274  4.        
 1.        -0.3       -0.0015801  4.        
 1.02      -0.3       -0.0016307  4.        
 1.04      -0.3       -0.0016794  4.        
 1.06      -0.3       -0.001726   4.        
 1.08      -0.3       -0.0017708  4.        
 1.1       -0.3       -0.0018138  4.        
 1.12      -0.3       -0.001855   4.        
 1.14      -0.3       -0.0018946  4.        
 1.16      -0.3       -0.0019325  4.        
 1.18      -0.3       -0.0019688  4.        
 1.2       -0.3       -0.0020037  4.        
 0.6       -0.6       -59.221E-6  4.        
 0.62      -0.6       -89.105E-6  4.        
 0.64      -0.6       -128.81E-6  4.        
 0.66      -0.6       -178.39E-6  4.        
 0.68      -0.6       -236.79E-6  4.        
 0.7       -0.6       -302.16E-6  4.        
 0.72      -0.6       -372.35E-6  4.        
 0.74      -0.6       -445.37E-6  4.        
 0.76      -0.6       -519.63E-6  4.        
 0.78      -0.6       -593.96E-6  4.        
 0.8       -0.6       -667.56E-6  4.        
 0.82      -0.6       -739.88E-6  4.        
 0.84      -0.6       -810.57E-6  4.        
 0.86      -0.6       -879.4E-6   4.        
 0.88      -0.6       -946.23E-6  4.        
 0.9       -0.6       -0.001011   4.        
 0.92      -0.6       -0.0010736  4.        
 0.94      -0.6       -0.0011342  4.        
 0.96      -0.6       -0.0011926  4.        
 0.98      -0.6       -0.001249   4.        
 1.        -0.6       -0.0013033  4.        
 1.02      -0.6       -0.0013557  4.        
 1.04      -0.6       -0.0014061  4.        
 1.06      -0.6       -0.0014547  4.        
 1.08      -0.6       -0.0015014  4.        
 1.1       -0.6       -0.0015463  4.        
 1.12      -0.6       -0.0015895  4.        
 1.14      -0.6       -0.0016311  4.        
 1.16      -0.6       -0.001671   4.        
 1.18      -0.6       -0.0017094  4.        
 1.2       -0.6       -0.0017463  4.        
 0.6       -0.9       -16.145E-6  4.        
 0.62      -0.9       -26.131E-6  4.        
 0.64      -0.9       -41.496E-6  4.        
 0.66      -0.9       -64.01E-6   4.        
 0.68      -0.9       -95.104E-6  4.        
 0.7       -0.9       -135.4E-6   4.        
 0.72      -0.9       -184.49E-6  4.        
 0.74      -0.9       -241.E-6    4.        
 0.76      -0.9       -303.04E-6  4.        
 0.78      -0.9       -368.66E-6  4.        
 0.8       -0.9       -436.2E-6   4.        
 0.82      -0.9       -504.4E-6   4.        
 0.84      -0.9       -572.36E-6  4.        
 0.86      -0.9       -639.47E-6  4.        
 0.88      -0.9       -705.32E-6  4.        
 0.9       -0.9       -769.65E-6  4.        
 0.92      -0.9       -832.3E-6   4.        
 0.94      -0.9       -893.16E-6  4.        
 0.96      -0.9       -952.17E-6  4.        
 0.98      -0.9       -0.0010093  4.        
 1.        -0.9       -0.0010646  4.        
 1.02      -0.9       -0.0011181  4.        
 1.04      -0.9       -0.0011697  4.        
 1.06      -0.9       -0.0012195  4.        
 1.08      -0.9       -0.0012676  4.        
 1.1       -0.9       -0.001314   4.        
 1.12      -0.9       -0.0013587  4.        
 1.14      -0.9       -0.0014018  4.        
 1.16      -0.9       -0.0014433  4.        
 1.18      -0.9       -0.0014833  4.        
 1.2       -0.9       -0.0015218  4.        
 0.6       -1.2       -4.349E-6   4.        
 0.62      -1.2       -7.1926E-6  4.        
 0.64      -1.2       -11.842E-6  4.        
 0.66      -1.2       -19.349E-6  4.        
 0.68      -1.2       -31.136E-6  4.        
 0.7       -1.2       -48.856E-6  4.        
 0.72      -1.2       -74.029E-6  4.        
 0.74      -1.2       -107.59E-6  4.        
 0.76      -1.2       -149.55E-6  4.        
 0.78      -1.2       -198.97E-6  4.        
 0.8       -1.2       -254.25E-6  4.        
 0.82      -1.2       -313.55E-6  4.        
 0.84      -1.2       -375.23E-6  4.        
 0.86      -1.2       -437.98E-6  4.        
 0.88      -1.2       -500.86E-6  4.        
 0.9       -1.2       -563.22E-6  4.        
 0.92      -1.2       -624.62E-6  4.        
 0.94      -1.2       -684.78E-6  4.        
 0.96      -1.2       -743.51E-6  4.        
 0.98      -1.2       -800.7E-6   4.        
 1.        -1.2       -856.27E-6  4.        
 1.02      -1.2       -910.19E-6  4.        
 1.04      -1.2       -962.45E-6  4.        
 1.06      -1.2       -0.0010131  4.        
 1.08      -1.2       -0.001062   4.        
 1.1       -1.2       -0.0011094  4.        
 1.12      -1.2       -0.0011551  4.        
 1.14      -1.2       -0.0011993  4.        
 1.16      -1.2       -0.001242   4.        
 1.18      -1.2       -0.0012833  4.        
 1.2       -1.2       -0.0013231  4.        
Gnucap   System status
iterations: op=0, dc=620, tran=0, fourier=0, total=620
transient timesteps: accepted=0, rejected=0, total=0
nodes: user=3, subckt=0, model=18, total=21
dctran density=37.0%, ac density=37.0%
