Gnucap : The Gnu Circuit Analysis Package
Never trust any version less than 1.0
Copyright 1982-2013, Albert Davis
Gnucap comes with ABSOLUTELY NO WARRANTY
This is free software, and you are welcome
to redistribute it under the terms of 
the GNU General Public License, version 3 or later.
See the file "COPYING" for details.
main version: noinsensitive 2025.10.15
core-lib version: noinsensitive 2025.10.15
default plugins: noinsensitive 2025.10.15
param: already installed, replacing
stashing as param:0
parameters: already installed, replacing
stashing as parameters:0
parameter: already installed, replacing
stashing as parameter:0
logic: already installed, replacing
stashing as logic:0
spice: already installed, replacing
stashing as spice:0
acs: already installed, replacing
stashing as acs:0
;: already installed, replacing
stashing as ;:0
#: already installed, replacing
stashing as #:0
*: already installed, replacing
stashing as *:0
': already installed, replacing
stashing as ':0
": already installed, replacing
stashing as ":0
dev_comment: already installed, replacing
stashing as dev_comment:0
.model: already installed, replacing
stashing as .model:0
.subckt: already installed, replacing
stashing as .subckt:0
.macro: already installed, replacing
stashing as .macro:0
.lib: already installed, replacing
stashing as .lib:0
lib: already installed, replacing
stashing as lib:0
.include: already installed, replacing
stashing as .include:0
.merge: already installed, replacing
stashing as .merge:0
merge: already installed, replacing
stashing as merge:0
<: already installed, replacing
stashing as <:0
.get: already installed, replacing
stashing as .get:0
get: already installed, replacing
stashing as get:0
.build: already installed, replacing
stashing as .build:0
build: already installed, replacing
stashing as build:0
spice: already installed, replacing
stashing as spice:0
`spice: already installed, replacing
stashing as `spice:0
acs: already installed, replacing
stashing as acs:0
.endc: already installed, replacing
stashing as .endc:0
.control: already installed, replacing
stashing as .control:0
verilog: already installed, replacing
stashing as verilog:0
paramset: already installed, replacing
stashing as paramset:0
module: already installed, replacing
stashing as module:0
macromodule: already installed, replacing
stashing as macromodule:0
verilog: already installed, replacing
stashing as verilog:0
quit: already installed, replacing
stashing as quit:0
exit: already installed, replacing
stashing as exit:0
detach_all: already installed, replacing
stashing as detach_all:0
paramset NMOS bsim4va;
  parameter real l=0.09u;
   parameter real w=10.0u;
 .l=l; .w=w; .type=1; .level=14; .version=4.80; .binunit=1; .paramchk=1; .mobmod=0; .capmod=1; .igcmod=1; .igbmod=1; .geomod=1; .diomod=1; .rdsmod=0; .rbodymod=0; .rgatemod=1; .permod=1; .acnqsmod=0; .trnqsmod=0; .tempmod=0; .mtrlmod=1; .cvchargemod=0; .mtrlcompatmod=1; .gidlmod=0; .wpemod=0; .eot=1.8e-009; .vddeot=1.5; .ados=1.1; .bdos=1.0; .tnom=25; .toxe=1.8e-009; .toxp=10e-010; .toxm=1.8e-009; .dtox=8e-10; .epsrox=3.9; .wint=5e-009; .lint=1e-009; .ll=0; .wl=0; .lln=1; .wln=1; .lw=0; .ww=0; .lwn=1; .wwn=1; .lwl=0; .wwl=0; .xpart=1; .toxref=1.4e-009; .phig=4.05; .epsrgate=11.7; .saref=5e-6; .sbref=5e-6; .wlod=2e-6; .ku0=(- 4e-6); .kvsat=0.2; .kvth0=(- 2e-8); .tku0=0.0; .llodku0=1.1; .wlodku0=1.1; .llodvth=1.0; .wlodvth=1.0; .lku0=1e-6; .wku0=1e-6; .pku0=0.0; .lkvth0=1.1e-6; .wkvth0=1.1e-6; .pkvth0=0.0; .stk2=0.0; .lodk2=1.0; .steta0=0.0; .lodeta0=1.0; .lambda=4e-10; .vsat=1.1e+005; .vtl=2.0e5; .xn=6.0; .lc=5e-9; .rnoia=0.577; .rnoib=0.37; .tvoff=0.0; .tvfbsdoff=0.0; .vth0=0.25; .k1=0.35; .k2=0.05; .k3=0; .k3b=0; .w0=2.5e-006; .dvt0=1.8; .dvt1=0.52; .dvt2=(- 0.032); .dvt0w=0; .dvt1w=0; .dvt2w=0; .dsub=2; .minv=0.05; .voffl=0; .dvtp0=1e-007; .minvcv=2; .voffcvl=0; .dvtp1=0.05; .lpe0=5.75e-008; .lpeb=2.3e-010; .xj=2e-008; .ngate=5e+020; .ndep=2.8e+018; .nsd=1e+020; .phin=0; .cdsc=0.0002; .cdscb=0; .cdscd=0; .cit=0; .voff=(- 0.15); .nfactor=1.2; .eta0=0.05; .etab=0; .vfb=(- 0.55); .u0=0.032; .ua=5.0e-011; .ub=3.5e-018; .uc=(- 3e-011); .a0=2; .ags=1e-020; .a1=0; .a2=1; .b0=(- 1e-020); .b1=0; .keta=0.04; .dwg=0; .dwb=0; .pclm=0.08; .pdiblc1=0.028; .pdiblc2=0.022; .pdiblcb=(- 0.005); .drout=0.45; .pvag=1e-020; .delta=0.01; .pscbe1=8.14e+008; .pscbe2=5e-008; .fprout=0.2; .pdits=0.2; .pditsd=0.23; .pditsl=2.3e+006; .rsh=0; .rdsw=50; .rsw=50; .rdw=50; .rdswmin=0; .rdwmin=0; .rswmin=0; .prwg=0; .prwb=6.8e-011; .wr=1; .alpha0=0.074; .alpha1=0.005; .beta0=30; .agidl=0.0001; .bgidl=2.1e+009; .cgidl=0.0001; .egidl=0.8; .agisl=0.0002; .bgisl=2.1e+009; .cgisl=0.0002; .egisl=(- 0.28); .aigbacc=0.012; .bigbacc=0.0028; .cigbacc=0.002; .nigbacc=1; .aigbinv=0.014; .bigbinv=0.004; .cigbinv=0.004; .eigbinv=1.1; .nigbinv=3; .aigc=0.012; .bigc=0.0028; .cigc=0.002; .aigs=0.012; .bigs=0.0028; .cigs=0.002; .nigc=1; .poxedge=1; .pigcd=1; .ntox=1; .aigd=0.01; .bigd=0.003; .cigd=0.0015; .xrcrg1=12; .xrcrg2=5; .cgso=6.238e-010; .cgdo=6.238e-010; .cgbo=2.56e-011; .cgdl=2.495e-10; .cgsl=2.495e-10; .ckappas=0.03; .ckappad=0.03; .acde=1; .moin=15; .noff=0.9; .voffcv=(- 0.02); .kt1=(- 0.37); .kt1l=0.0; .kt2=(- 0.042); .ute=(- 1.5); .ua1=1e-009; .ub1=(- 3.5e-019); .uc1=0; .prt=0; .at=53000; .fnoimod=1; .tnoimod=0; .jss=0.0001; .jsws=1e-011; .jswgs=1e-010; .njs=1; .ijthsfwd=0.01; .ijthsrev=0.001; .bvs=10; .xjbvs=1; .jsd=0.0001; .jswd=1e-011; .jswgd=1e-010; .njd=1; .ijthdfwd=0.01; .ijthdrev=0.001; .bvd=10; .xjbvd=1; .pbs=1; .cjs=0.0005; .mjs=0.5; .pbsws=1; .cjsws=5e-010; .mjsws=0.33; .pbswgs=1; .cjswgs=3e-010; .mjswgs=0.33; .pbd=1; .cjd=0.0005; .mjd=0.5; .pbswd=1; .cjswd=5e-010; .mjswd=0.33; .pbswgd=1; .cjswgd=5e-010; .mjswgd=0.33; .tpb=0.005; .tcj=0.001; .tpbsw=0.005; .tcjsw=0.001; .tpbswg=0.005; .tcjswg=0.001; .xtis=3; .xtid=3; .dmcg=8e-006; .dmci=3e-006; .dmdg=2e-006; .dmcgt=1e-007; .dwj=0.0e-008; .xgw=0e-007; .xgl=0e-008; .rshg=0.4; .gbmin=1e-010; .rbpb=5; .rbpd=15; .rbps=15; .rbdb=15; .rbsb=15; .ngcon=1; .jtss=1e-4; .jtsd=1e-4; .jtssws=1e-10; .jtsswd=1e-10; .jtsswgs=1e-7; .jtsswgd=1e-7; .njts=20.0; .njtssw=15; .njtsswg=6; .vtss=10; .vtsd=10; .vtssws=10; .vtsswd=10; .njtsd=15.0; .njtsswd=20; .njtsswgd=6; .tnjts=0.1; .tnjtsd=0.05; .vtsswgs=2; .vtsswgd=2; .xtss=0.02; .xtsd=0.02; .xtssws=0.02; .xtsswd=0.02; .xtsswgs=0.02; .xtsswgd=0.02;
endparamset

paramset PMOS bsim4va;
  parameter real l=0.09u;
   parameter real w=10.0u;
 .l=l; .w=w; .type=(- 1); .level=14; .version=4.80; .binunit=1; .paramchk=1; .mobmod=0; .capmod=1; .igcmod=1; .igbmod=1; .geomod=1; .diomod=1; .rdsmod=0; .rbodymod=0; .rgatemod=1; .permod=1; .acnqsmod=0; .trnqsmod=0; .tempmod=0; .mtrlmod=1; .cvchargemod=0; .mtrlcompatmod=1; .gidlmod=0; .wpemod=0; .eot=1.8e-009; .vddeot=(- 1.5); .ados=1.1; .bdos=1.0; .tnom=27; .toxe=1.8e-009; .toxp=10e-010; .toxm=1.8e-009; .dtox=8e-10; .epsrox=3.9; .wint=5e-009; .lint=1e-009; .ll=0; .wl=0; .lln=1; .wln=1; .lw=0; .ww=0; .lwn=1; .wwn=1; .lwl=0; .wwl=0; .xpart=0; .toxref=1.8e-9; .phig=4.05; .epsrgate=11.7; .saref=5e-6; .sbref=5e-6; .wlod=2e-6; .ku0=4e-6; .kvsat=0.2; .kvth0=(- 2e-8); .tku0=0.0; .llodku0=1.1; .wlodku0=1.1; .llodvth=1.0; .wlodvth=1.0; .lku0=1e-6; .wku0=1e-6; .pku0=0.0; .lkvth0=1.1e-6; .wkvth0=1.1e-6; .pkvth0=0.0; .stk2=0.0; .lodk2=1.0; .steta0=0.0; .lodeta0=1.0; .lambda=4e-10; .vsat=1.1e+005; .vtl=2.0e5; .xn=6.0; .lc=5e-9; .rnoia=0.577; .rnoib=0.37; .tvoff=0.0; .tvfbsdoff=0.0; .vth0=(- 0.25); .k1=0.35; .k2=0.05; .k3=0; .k3b=0; .w0=2.5e-006; .dvt0=1.8; .dvt1=0.52; .dvt2=(- 0.032); .dvt0w=0; .dvt1w=0; .dvt2w=0; .dsub=2; .minv=0.05; .voffl=0; .dvtp0=1e-007; .minvcv=2; .voffcvl=0; .dvtp1=0.05; .lpe0=5.75e-008; .lpeb=2.3e-010; .xj=2e-008; .ngate=5e+020; .ndep=2.8e+018; .nsd=1e+020; .phin=0; .cdsc=0.0002; .cdscb=0; .cdscd=0; .cit=0; .voff=(- 0.15); .nfactor=1.2; .eta0=0.05; .etab=0; .vfb=0.55; .u0=0.0095; .ua=5.0e-011; .ub=3.5e-018; .uc=(- 3e-011); .a0=2; .ags=1e-020; .a1=0; .a2=1; .b0=(- 1e-020); .b1=0; .keta=0.04; .dwg=0; .dwb=0; .pclm=0.08; .pdiblc1=0.028; .pdiblc2=0.022; .pdiblcb=(- 0.005); .drout=0.45; .pvag=1e-020; .delta=0.01; .pscbe1=8.14e+008; .pscbe2=5e-008; .fprout=0.2; .pdits=0.2; .pditsd=0.23; .pditsl=2.3e+006; .rsh=0; .rdsw=50; .rsw=50; .rdw=50; .rdswmin=0; .rdwmin=0; .rswmin=0; .prwg=0; .prwb=6.8e-011; .wr=1; .alpha0=0.074; .alpha1=0.005; .beta0=30; .agidl=0.0002; .bgidl=2.1e+009; .cgidl=0.0002; .egidl=0.8; .agisl=0.0003; .bgisl=2.5e+009; .cgisl=0.0003; .egisl=(- 0.28); .aigbacc=0.012; .bigbacc=0.0028; .cigbacc=0.002; .nigbacc=1; .aigbinv=0.014; .bigbinv=0.004; .cigbinv=0.004; .eigbinv=1.1; .nigbinv=3; .aigc=0.012; .bigc=0.0028; .cigc=0.002; .aigs=0.012; .bigs=0.0028; .cigs=0.002; .nigc=1; .poxedge=1; .pigcd=1; .ntox=1; .aigd=0.01; .bigd=0.003; .cigd=0.0015; .xrcrg1=12; .xrcrg2=5; .cgso=6.238e-010; .cgdo=6.238e-010; .cgbo=2.56e-011; .cgdl=2.495e-10; .cgsl=2.495e-10; .ckappas=0.03; .ckappad=0.03; .acde=1; .moin=15; .noff=0.9; .voffcv=0.02; .kt1=(- 0.37); .kt1l=0.0; .kt2=(- 0.042); .ute=(- 1.5); .ua1=1e-009; .ub1=(- 3.5e-019); .uc1=0; .prt=0; .at=53000; .fnoimod=1; .tnoimod=0; .jss=0.0001; .jsws=1e-011; .jswgs=1e-010; .njs=1; .ijthsfwd=0.01; .ijthsrev=0.001; .bvs=10; .xjbvs=1; .jsd=0.0001; .jswd=1e-011; .jswgd=1e-010; .njd=1; .ijthdfwd=0.01; .ijthdrev=0.001; .bvd=10; .xjbvd=1; .pbs=1; .cjs=0.0005; .mjs=0.5; .pbsws=1; .cjsws=5e-010; .mjsws=0.33; .pbswgs=1; .cjswgs=3e-010; .mjswgs=0.33; .pbd=1; .cjd=0.0005; .mjd=0.5; .pbswd=1; .cjswd=5e-010; .mjswd=0.33; .pbswgd=1; .cjswgd=5e-010; .mjswgd=0.33; .tpb=0.005; .tcj=0.001; .tpbsw=0.005; .tcjsw=0.001; .tpbswg=0.005; .tcjswg=0.001; .xtis=3; .xtid=3; .dmcg=8e-006; .dmci=3e-006; .dmdg=2e-006; .dmcgt=1e-007; .dwj=0.0e-008; .xgw=0e-007; .xgl=0e-008; .rshg=0.4; .gbmin=1e-010; .rbpb=5; .rbpd=15; .rbps=15; .rbdb=15; .rbsb=15; .ngcon=1; .jtss=1e-4; .jtsd=1e-4; .jtssws=1e-10; .jtsswd=1e-10; .jtsswgs=1e-7; .jtsswgd=1e-7; .njts=20.0; .njtssw=15; .njtsswg=4; .vtss=10; .vtsd=10; .vtssws=10; .vtsswd=10; .njtsd=15.0; .njtsswd=20; .njtsswgd=6; .tnjts=0.1; .tnjtsd=0.05; .vtsswgs=2; .vtsswgd=2; .xtss=0.02; .xtsd=0.02; .xtssws=0.02; .xtsswd=0.02; .xtsswgs=0.02; .xtsswgd=0.02;
endparamset

parameter real L=0.09u; // MOSFET length 
parameter real WN=10.0u; // NMOS width 
parameter real WP=20.0u; // PMOS width 
parameter real VNOM=1.2; // Nominal supply (V) 
ground gnd;
parameter real vd = 0.0;
parameter real vg = 0.0;
vsource #(.dc(vd)) sd (.p(d),.n(gnd));
vsource #(.dc(vg)) sg (.p(g),.n(gnd));
NMOS #(.l(L),.w(WN)) M1 (.d(d),.g(g),.s(gnd),.b(gnd));
#           v(g)       i(sd)      iter(0)   
 0.         0.2        169.8E-12  4.        
 0.02       0.2       -919.86E-9  4.        
 0.04       0.2       -1.3298E-6  4.        
 0.06       0.2       -1.4939E-6  4.        
 0.08       0.2       -1.5744E-6  4.        
 0.1        0.2       -1.6279E-6  4.        
 0.12       0.2       -1.671E-6   4.        
 0.14       0.2       -1.7096E-6  4.        
 0.16       0.2       -1.7458E-6  4.        
 0.18       0.2       -1.7806E-6  4.        
 0.2        0.2       -1.8147E-6  4.        
 0.22       0.2       -1.8483E-6  4.        
 0.24       0.2       -1.8815E-6  4.        
 0.26       0.2       -1.9145E-6  4.        
 0.28       0.2       -1.9474E-6  4.        
 0.3        0.2       -1.9802E-6  4.        
 0.32       0.2       -2.013E-6   4.        
 0.34       0.2       -2.0457E-6  4.        
 0.36       0.2       -2.0785E-6  4.        
 0.38       0.2       -2.1112E-6  4.        
 0.4        0.2       -2.144E-6   4.        
 0.42       0.2       -2.1769E-6  4.        
 0.44       0.2       -2.2097E-6  4.        
 0.46       0.2       -2.2427E-6  4.        
 0.48       0.2       -2.2757E-6  4.        
 0.5        0.2       -2.3088E-6  4.        
 0.52       0.2       -2.3419E-6  4.        
 0.54       0.2       -2.3752E-6  4.        
 0.56       0.2       -2.4085E-6  4.        
 0.58       0.2       -2.442E-6   4.        
 0.6        0.2       -2.4755E-6  4.        
 0.62       0.2       -2.5091E-6  4.        
 0.64       0.2       -2.5429E-6  4.        
 0.66       0.2       -2.5767E-6  4.        
 0.68       0.2       -2.6107E-6  4.        
 0.7        0.2       -2.6449E-6  4.        
 0.72       0.2       -2.6791E-6  4.        
 0.74       0.2       -2.7135E-6  4.        
 0.76       0.2       -2.7481E-6  4.        
 0.78       0.2       -2.7829E-6  4.        
 0.8        0.2       -2.8179E-6  4.        
 0.82       0.2       -2.853E-6   4.        
 0.84       0.2       -2.8885E-6  4.        
 0.86       0.2       -2.9241E-6  4.        
 0.88       0.2       -2.96E-6    4.        
 0.9        0.2       -2.9963E-6  4.        
 0.92       0.2       -3.0328E-6  4.        
 0.94       0.2       -3.0698E-6  4.        
 0.96       0.2       -3.107E-6   4.        
 0.98       0.2       -3.1448E-6  4.        
 1.         0.2       -3.1829E-6  4.        
 1.02       0.2       -3.2216E-6  4.        
 1.04       0.2       -3.261E-6   4.        
 1.06       0.2       -3.3009E-6  4.        
 1.08       0.2       -3.3415E-6  4.        
 1.1        0.2       -3.3829E-6  4.        
 1.12       0.2       -3.4251E-6  4.        
 1.14       0.2       -3.4683E-6  4.        
 1.16       0.2       -3.5126E-6  4.        
 1.18       0.2       -3.558E-6   4.        
 1.2        0.2       -3.6048E-6  4.        
 0.         0.4        2.7542E-9  5.        
 0.02       0.4       -37.595E-6  4.        
 0.04       0.4       -63.153E-6  4.        
 0.06       0.4       -78.678E-6  4.        
 0.08       0.4       -87.19E-6   4.        
 0.1        0.4       -91.846E-6  4.        
 0.12       0.4       -94.722E-6  4.        
 0.14       0.4       -96.802E-6  4.        
 0.16       0.4       -98.497E-6  4.        
 0.18       0.4       -99.988E-6  4.        
 0.2        0.4       -101.36E-6  4.        
 0.22       0.4       -102.66E-6  4.        
 0.24       0.4       -103.91E-6  4.        
 0.26       0.4       -105.12E-6  4.        
 0.28       0.4       -106.31E-6  4.        
 0.3        0.4       -107.48E-6  4.        
 0.32       0.4       -108.64E-6  4.        
 0.34       0.4       -109.79E-6  4.        
 0.36       0.4       -110.92E-6  4.        
 0.38       0.4       -112.06E-6  4.        
 0.4        0.4       -113.18E-6  4.        
 0.42       0.4       -114.31E-6  4.        
 0.44       0.4       -115.43E-6  4.        
 0.46       0.4       -116.54E-6  4.        
 0.48       0.4       -117.66E-6  4.        
 0.5        0.4       -118.77E-6  4.        
 0.52       0.4       -119.89E-6  4.        
 0.54       0.4       -121.E-6    4.        
 0.56       0.4       -122.11E-6  4.        
 0.58       0.4       -123.23E-6  4.        
 0.6        0.4       -124.34E-6  4.        
 0.62       0.4       -125.45E-6  4.        
 0.64       0.4       -126.56E-6  4.        
 0.66       0.4       -127.68E-6  4.        
 0.68       0.4       -128.79E-6  4.        
 0.7        0.4       -129.91E-6  4.        
 0.72       0.4       -131.02E-6  4.        
 0.74       0.4       -132.14E-6  4.        
 0.76       0.4       -133.26E-6  4.        
 0.78       0.4       -134.38E-6  4.        
 0.8        0.4       -135.49E-6  4.        
 0.82       0.4       -136.61E-6  4.        
 0.84       0.4       -137.74E-6  4.        
 0.86       0.4       -138.86E-6  4.        
 0.88       0.4       -139.98E-6  4.        
 0.9        0.4       -141.11E-6  4.        
 0.92       0.4       -142.23E-6  4.        
 0.94       0.4       -143.36E-6  4.        
 0.96       0.4       -144.49E-6  4.        
 0.98       0.4       -145.62E-6  4.        
 1.         0.4       -146.76E-6  4.        
 1.02       0.4       -147.89E-6  4.        
 1.04       0.4       -149.02E-6  4.        
 1.06       0.4       -150.16E-6  4.        
 1.08       0.4       -151.3E-6   4.        
 1.1        0.4       -152.44E-6  4.        
 1.12       0.4       -153.59E-6  4.        
 1.14       0.4       -154.73E-6  4.        
 1.16       0.4       -155.88E-6  4.        
 1.18       0.4       -157.03E-6  4.        
 1.2        0.4       -158.18E-6  4.        
 0.         0.6        15.998E-9  5.        
 0.02       0.6       -168.96E-6  4.        
 0.04       0.6       -316.33E-6  4.        
 0.06       0.6       -443.E-6    4.        
 0.08       0.6       -549.89E-6  4.        
 0.1        0.6       -638.04E-6  4.        
 0.12       0.6       -708.65E-6  4.        
 0.14       0.6       -763.33E-6  4.        
 0.16       0.6       -804.27E-6  4.        
 0.18       0.6       -834.24E-6  4.        
 0.2        0.6       -856.24E-6  4.        
 0.22       0.6       -872.89E-6  4.        
 0.24       0.6       -886.1E-6   4.        
 0.26       0.6       -897.09E-6  4.        
 0.28       0.6       -906.63E-6  4.        
 0.3        0.6       -915.15E-6  4.        
 0.32       0.6       -922.96E-6  4.        
 0.34       0.6       -930.23E-6  4.        
 0.36       0.6       -937.1E-6   4.        
 0.38       0.6       -943.66E-6  4.        
 0.4        0.6       -949.97E-6  4.        
 0.42       0.6       -956.08E-6  4.        
 0.44       0.6       -962.03E-6  4.        
 0.46       0.6       -967.84E-6  4.        
 0.48       0.6       -973.53E-6  4.        
 0.5        0.6       -979.13E-6  4.        
 0.52       0.6       -984.64E-6  4.        
 0.54       0.6       -990.08E-6  4.        
 0.56       0.6       -995.46E-6  4.        
 0.58       0.6       -0.0010008  4.        
 0.6        0.6       -0.0010061  4.        
 0.62       0.6       -0.0010113  4.        
 0.64       0.6       -0.0010165  4.        
 0.66       0.6       -0.0010217  4.        
 0.68       0.6       -0.0010268  4.        
 0.7        0.6       -0.0010319  4.        
 0.72       0.6       -0.001037   4.        
 0.74       0.6       -0.0010421  4.        
 0.76       0.6       -0.0010471  4.        
 0.78       0.6       -0.0010521  4.        
 0.8        0.6       -0.0010572  4.        
 0.82       0.6       -0.0010621  4.        
 0.84       0.6       -0.0010671  4.        
 0.86       0.6       -0.0010721  4.        
 0.88       0.6       -0.0010771  4.        
 0.9        0.6       -0.001082   4.        
 0.92       0.6       -0.0010869  4.        
 0.94       0.6       -0.0010919  4.        
 0.96       0.6       -0.0010968  4.        
 0.98       0.6       -0.0011017  4.        
 1.         0.6       -0.0011066  4.        
 1.02       0.6       -0.0011115  4.        
 1.04       0.6       -0.0011164  4.        
 1.06       0.6       -0.0011213  4.        
 1.08       0.6       -0.0011261  4.        
 1.1        0.6       -0.001131   4.        
 1.12       0.6       -0.0011359  4.        
 1.14       0.6       -0.0011408  4.        
 1.16       0.6       -0.0011456  4.        
 1.18       0.6       -0.0011505  4.        
 1.2        0.6       -0.0011554  4.        
 0.         0.8        66.658E-9  5.        
 0.02       0.8       -280.06E-6  4.        
 0.04       0.8       -538.44E-6  4.        
 0.06       0.8       -775.74E-6  4.        
 0.08       0.8       -992.59E-6  4.        
 0.1        0.8       -0.0011896  4.        
 0.12       0.8       -0.0013674  4.        
 0.14       0.8       -0.0015267  4.        
 0.16       0.8       -0.001668   4.        
 0.18       0.8       -0.001792   4.        
 0.2        0.8       -0.0018995  4.        
 0.22       0.8       -0.0019914  4.        
 0.24       0.8       -0.0020688  4.        
 0.26       0.8       -0.0021331  4.        
 0.28       0.8       -0.002186   4.        
 0.3        0.8       -0.0022295  4.        
 0.32       0.8       -0.0022656  4.        
 0.34       0.8       -0.002296   4.        
 0.36       0.8       -0.0023221  4.        
 0.38       0.8       -0.0023451  4.        
 0.4        0.8       -0.0023656  4.        
 0.42       0.8       -0.0023843  4.        
 0.44       0.8       -0.0024015  4.        
 0.46       0.8       -0.0024176  4.        
 0.48       0.8       -0.0024327  4.        
 0.5        0.8       -0.002447   4.        
 0.52       0.8       -0.0024606  4.        
 0.54       0.8       -0.0024738  4.        
 0.56       0.8       -0.0024864  4.        
 0.58       0.8       -0.0024987  4.        
 0.6        0.8       -0.0025106  4.        
 0.62       0.8       -0.0025222  4.        
 0.64       0.8       -0.0025336  4.        
 0.66       0.8       -0.0025447  4.        
 0.68       0.8       -0.0025556  4.        
 0.7        0.8       -0.0025664  4.        
 0.72       0.8       -0.002577   4.        
 0.74       0.8       -0.0025874  4.        
 0.76       0.8       -0.0025978  4.        
 0.78       0.8       -0.002608   4.        
 0.8        0.8       -0.0026181  4.        
 0.82       0.8       -0.0026281  4.        
 0.84       0.8       -0.002638   4.        
 0.86       0.8       -0.0026478  4.        
 0.88       0.8       -0.0026575  4.        
 0.9        0.8       -0.0026672  4.        
 0.92       0.8       -0.0026768  4.        
 0.94       0.8       -0.0026864  4.        
 0.96       0.8       -0.0026959  4.        
 0.98       0.8       -0.0027053  4.        
 1.         0.8       -0.0027147  4.        
 1.02       0.8       -0.0027241  4.        
 1.04       0.8       -0.0027334  4.        
 1.06       0.8       -0.0027426  4.        
 1.08       0.8       -0.0027519  4.        
 1.1        0.8       -0.0027611  4.        
 1.12       0.8       -0.0027702  4.        
 1.14       0.8       -0.0027793  4.        
 1.16       0.8       -0.0027884  4.        
 1.18       0.8       -0.0027975  4.        
 1.2        0.8       -0.0028066  4.        
 0.         1.         233.41E-9  5.        
 0.02       1.        -350.4E-6   4.        
 0.04       1.        -681.35E-6  4.        
 0.06       1.        -993.1E-6   4.        
 0.08       1.        -0.0012861  4.        
 0.1        1.        -0.0015608  4.        
 0.12       1.        -0.0018177  4.        
 0.14       1.        -0.0020571  4.        
 0.16       1.        -0.0022796  4.        
 0.18       1.        -0.0024854  4.        
 0.2        1.        -0.0026752  4.        
 0.22       1.        -0.0028492  4.        
 0.24       1.        -0.0030079  4.        
 0.26       1.        -0.0031518  4.        
 0.28       1.        -0.0032815  4.        
 0.3        1.        -0.0033974  4.        
 0.32       1.        -0.0035003  4.        
 0.34       1.        -0.0035909  4.        
 0.36       1.        -0.0036702  4.        
 0.38       1.        -0.0037393  4.        
 0.4        1.        -0.0037995  4.        
 0.42       1.        -0.0038521  4.        
 0.44       1.        -0.0038985  4.        
 0.46       1.        -0.0039396  4.        
 0.48       1.        -0.0039766  4.        
 0.5        1.        -0.0040102  4.        
 0.52       1.        -0.004041   4.        
 0.54       1.        -0.0040694  4.        
 0.56       1.        -0.004096   4.        
 0.58       1.        -0.0041209  4.        
 0.6        1.        -0.0041444  4.        
 0.62       1.        -0.0041667  4.        
 0.64       1.        -0.0041881  4.        
 0.66       1.        -0.0042086  4.        
 0.68       1.        -0.0042283  4.        
 0.7        1.        -0.0042473  4.        
 0.72       1.        -0.0042657  4.        
 0.74       1.        -0.0042837  4.        
 0.76       1.        -0.0043011  4.        
 0.78       1.        -0.0043182  4.        
 0.8        1.        -0.0043349  4.        
 0.82       1.        -0.0043512  4.        
 0.84       1.        -0.0043672  4.        
 0.86       1.        -0.004383   4.        
 0.88       1.        -0.0043985  4.        
 0.9        1.        -0.0044138  4.        
 0.92       1.        -0.0044289  4.        
 0.94       1.        -0.0044438  4.        
 0.96       1.        -0.0044585  4.        
 0.98       1.        -0.0044731  4.        
 1.         1.        -0.0044874  4.        
 1.02       1.        -0.0045017  4.        
 1.04       1.        -0.0045158  4.        
 1.06       1.        -0.0045298  4.        
 1.08       1.        -0.0045437  4.        
 1.1        1.        -0.0045575  4.        
 1.12       1.        -0.0045711  4.        
 1.14       1.        -0.0045847  4.        
 1.16       1.        -0.0045982  4.        
 1.18       1.        -0.0046116  4.        
 1.2        1.        -0.0046249  4.        
 0.         1.2        736.94E-9  5.        
 0.02       1.2       -392.29E-6  4.        
 0.04       1.2       -768.06E-6  4.        
 0.06       1.2       -0.0011269  4.        
 0.08       1.2       -0.0014692  4.        
 0.1        1.2       -0.0017951  4.        
 0.12       1.2       -0.0021052  4.        
 0.14       1.2       -0.0023996  4.        
 0.16       1.2       -0.0026786  4.        
 0.18       1.2       -0.0029427  4.        
 0.2        1.2       -0.003192   4.        
 0.22       1.2       -0.003427   4.        
 0.24       1.2       -0.0036478  4.        
 0.26       1.2       -0.0038548  4.        
 0.28       1.2       -0.0040482  4.        
 0.3        1.2       -0.0042285  4.        
 0.32       1.2       -0.0043959  4.        
 0.34       1.2       -0.0045508  4.        
 0.36       1.2       -0.0046935  4.        
 0.38       1.2       -0.0048245  4.        
 0.4        1.2       -0.0049441  4.        
 0.42       1.2       -0.005053   4.        
 0.44       1.2       -0.0051517  4.        
 0.46       1.2       -0.0052409  4.        
 0.48       1.2       -0.0053214  4.        
 0.5        1.2       -0.005394   4.        
 0.52       1.2       -0.0054597  4.        
 0.54       1.2       -0.0055193  4.        
 0.56       1.2       -0.0055736  4.        
 0.58       1.2       -0.0056234  4.        
 0.6        1.2       -0.0056693  4.        
 0.62       1.2       -0.0057119  4.        
 0.64       1.2       -0.0057516  4.        
 0.66       1.2       -0.0057887  4.        
 0.68       1.2       -0.0058237  4.        
 0.7        1.2       -0.0058568  4.        
 0.72       1.2       -0.0058883  4.        
 0.74       1.2       -0.0059183  4.        
 0.76       1.2       -0.005947   4.        
 0.78       1.2       -0.0059745  4.        
 0.8        1.2       -0.0060011  4.        
 0.82       1.2       -0.0060268  4.        
 0.84       1.2       -0.0060516  4.        
 0.86       1.2       -0.0060757  4.        
 0.88       1.2       -0.0060992  4.        
 0.9        1.2       -0.006122   4.        
 0.92       1.2       -0.0061444  4.        
 0.94       1.2       -0.0061662  4.        
 0.96       1.2       -0.0061876  4.        
 0.98       1.2       -0.0062086  4.        
 1.         1.2       -0.0062292  4.        
 1.02       1.2       -0.0062495  4.        
 1.04       1.2       -0.0062694  4.        
 1.06       1.2       -0.0062891  4.        
 1.08       1.2       -0.0063084  4.        
 1.1        1.2       -0.0063276  4.        
 1.12       1.2       -0.0063464  4.        
 1.14       1.2       -0.0063651  4.        
 1.16       1.2       -0.0063835  4.        
 1.18       1.2       -0.0064018  4.        
 1.2        1.2       -0.0064199  4.        
Gnucap   System status
iterations: op=0, dc=1469, tran=0, fourier=0, total=1469
transient timesteps: accepted=0, rejected=0, total=0
nodes: user=2, subckt=0, model=18, total=20
dctran density=34.2%, ac density=34.2%
