 time            v(in1)          v(in2)          v(out)         
 0.00000000e+00  0.00000000e+00  0.00000000e+00  3.55443906e-05 
 1.00000000e-13  0.00000000e+00  0.00000000e+00  3.55443906e-05 
 2.00000000e-13  0.00000000e+00  0.00000000e+00  3.55443906e-05 
 4.00000000e-13  0.00000000e+00  0.00000000e+00  3.55443906e-05 
 8.00000000e-13  0.00000000e+00  0.00000000e+00  3.55443906e-05 
 1.60000000e-12  0.00000000e+00  0.00000000e+00  3.55443906e-05 
 3.20000000e-12  0.00000000e+00  0.00000000e+00  3.55443906e-05 
 6.40000000e-12  0.00000000e+00  0.00000000e+00  3.55443906e-05 
 1.28000000e-11  0.00000000e+00  0.00000000e+00  3.55443906e-05 
 2.28000000e-11  0.00000000e+00  0.00000000e+00  3.55443906e-05 
 3.28000000e-11  0.00000000e+00  0.00000000e+00  3.55443906e-05 
 4.28000000e-11  0.00000000e+00  0.00000000e+00  3.55443906e-05 
 5.28000000e-11  0.00000000e+00  0.00000000e+00  3.55443906e-05 
 6.28000000e-11  0.00000000e+00  0.00000000e+00  3.55443906e-05 
 7.28000000e-11  0.00000000e+00  0.00000000e+00  3.55443906e-05 
 8.28000000e-11  0.00000000e+00  0.00000000e+00  3.55443906e-05 
 9.28000000e-11  0.00000000e+00  0.00000000e+00  3.55443906e-05 
 1.00000000e-10  0.00000000e+00  0.00000000e+00  3.55443906e-05 
 1.00009236e-10  1.10836011e-04  0.00000000e+00  3.55446656e-05 
 1.00027709e-10  3.32508032e-04  0.00000000e+00  3.55462939e-05 
 1.00064654e-10  7.75852076e-04  0.00000000e+00  3.55618684e-05 
 1.00138545e-10  1.66254016e-03  0.00000000e+00  3.56921884e-05 
 1.00286326e-10  3.43591633e-03  0.00000000e+00  3.66286872e-05 
 1.00449276e-10  5.39130812e-03  0.00000000e+00  3.90504913e-05 
 1.00645421e-10  7.74504887e-03  0.00000000e+00  4.42158918e-05 
 1.00857275e-10  1.02873030e-02  0.00000000e+00  5.25854348e-05 
 1.01140068e-10  1.36808121e-02  0.00000000e+00  6.79144930e-05 
 1.01485757e-10  1.78290783e-02  0.00000000e+00  9.21911685e-05 
 1.01987676e-10  2.38521083e-02  0.00000000e+00  1.35817075e-04 
 1.02702319e-10  3.24278318e-02  0.00000000e+00  2.09469788e-04 
 1.03573264e-10  4.28791722e-02  0.00000000e+00  3.08958273e-04 
 1.04528353e-10  5.43402404e-02  0.00000000e+00  4.21155009e-04 
 1.05628926e-10  6.75471146e-02  0.00000000e+00  5.45766714e-04 
 1.06905985e-10  8.28718217e-02  0.00000000e+00  6.77130361e-04 
 1.08442133e-10  1.01305601e-01  0.00000000e+00  8.11663374e-04 
 1.10285794e-10  1.23429525e-01  0.00000000e+00  9.38360091e-04 
 1.11087998e-10  1.33055974e-01  0.00000000e+00  9.82139946e-04 
 1.11599398e-10  1.39192780e-01  0.00000000e+00  1.00764220e-03 
 1.12206988e-10  1.46483852e-01  0.00000000e+00  1.03836726e-03 
 1.12605406e-10  1.51264874e-01  0.00000000e+00  1.05849111e-03 
 1.13051321e-10  1.56615846e-01  0.00000000e+00  1.07947109e-03 
 1.13943149e-10  1.67317791e-01  0.00000000e+00  1.11587682e-03 
 1.15726807e-10  1.88721680e-01  0.00000000e+00  1.16776920e-03 
 1.18613341e-10  2.23360090e-01  0.00000000e+00  1.20344727e-03 
 1.22298452e-10  2.67581422e-01  0.00000000e+00  1.18746287e-03 
 1.26135721e-10  3.13628650e-01  0.00000000e+00  1.12478669e-03 
 1.28452666e-10  3.41431990e-01  0.00000000e+00  1.07209745e-03 
 1.30249540e-10  3.62994479e-01  0.00000000e+00  1.02562351e-03 
 1.31936590e-10  3.83239081e-01  0.00000000e+00  9.78030844e-04 
 1.33619129e-10  4.03429550e-01  0.00000000e+00  9.26785515e-04 
 1.35381867e-10  4.24582409e-01  0.00000000e+00  8.68903554e-04 
 1.37264163e-10  4.47169961e-01  0.00000000e+00  8.01992776e-04 
 1.39211534e-10  4.70538413e-01  0.00000000e+00  7.26713956e-04 
 1.40890294e-10  4.90683534e-01  0.00000000e+00  6.56508789e-04 
 1.42454508e-10  5.09454101e-01  0.00000000e+00  5.86339289e-04 
 1.44272280e-10  5.31267361e-01  0.00000000e+00  4.98697318e-04 
 1.45947928e-10  5.51375131e-01  0.00000000e+00  4.12194481e-04 
 1.48037860e-10  5.76454321e-01  0.00000000e+00  2.97405552e-04 
 1.50103527e-10  6.01242324e-01  0.00000000e+00  1.77754090e-04 
 1.52649972e-10  6.31799665e-01  0.00000000e+00  2.48676341e-05 
 1.55651265e-10  6.67815180e-01  0.00000000e+00 -1.66750354e-04 
 1.58605472e-10  7.03265661e-01  0.00000000e+00 -3.49223271e-04 
 1.61299282e-10  7.35591385e-01  0.00000000e+00 -5.05284603e-04 
 1.63511658e-10  7.62139897e-01  0.00000000e+00 -6.25296337e-04 
 1.65032724e-10  7.80392687e-01  0.00000000e+00 -7.04579994e-04 
 1.66227756e-10  7.94733074e-01  0.00000000e+00 -7.66161188e-04 
 1.67399450e-10  8.08793399e-01  0.00000000e+00 -8.27238807e-04 
 1.68596868e-10  8.23162416e-01  0.00000000e+00 -8.91845327e-04 
 1.69948827e-10  8.39385923e-01  0.00000000e+00 -9.69148241e-04 
 1.71250402e-10  8.55004823e-01  0.00000000e+00 -1.04855934e-03 
 1.71909004e-10  8.62908052e-01  0.00000000e+00 -1.09037417e-03 
 1.72318490e-10  8.67821884e-01  0.00000000e+00 -1.11639185e-03 
 1.72719775e-10  8.72637300e-01  0.00000000e+00 -1.14068051e-03 
 1.73024857e-10  8.76298281e-01  0.00000000e+00 -1.15817714e-03 
 1.73353759e-10  8.80245107e-01  0.00000000e+00 -1.17665912e-03 
 1.74011563e-10  8.88138761e-01  0.00000000e+00 -1.21300028e-03 
 1.75163358e-10  9.01960296e-01  0.00000000e+00 -1.27458117e-03 
 1.76403612e-10  9.16843347e-01  0.00000000e+00 -1.33657267e-03 
 1.77758464e-10  9.33101566e-01  0.00000000e+00 -1.39703089e-03 
 1.79233951e-10  9.50807410e-01  0.00000000e+00 -1.45277352e-03 
 1.81036904e-10  9.72442847e-01  0.00000000e+00 -1.50609064e-03 
 1.83159344e-10  9.97912124e-01  0.00000000e+00 -1.54906713e-03 
 1.85937315e-10  1.03124778e+00  0.00000000e+00 -1.57700224e-03 
 1.89110341e-10  1.06932409e+00  0.00000000e+00 -1.57667986e-03 
 1.92338594e-10  1.10806312e+00  0.00000000e+00 -1.54915527e-03 
 1.95777710e-10  1.14933252e+00  0.00000000e+00 -1.49798883e-03 
 1.99554579e-10  1.19465494e+00  0.00000000e+00 -1.42415786e-03 
 2.00000000e-10  1.20000000e+00  0.00000000e+00 -1.41451099e-03 
 2.00003200e-10  1.20000000e+00  0.00000000e+00 -1.41444114e-03 
 2.00009601e-10  1.20000000e+00  0.00000000e+00 -1.41430148e-03 
 2.00022402e-10  1.20000000e+00  0.00000000e+00 -1.41402256e-03 
 2.00048003e-10  1.20000000e+00  0.00000000e+00 -1.41346874e-03 
 2.00099207e-10  1.20000000e+00  0.00000000e+00 -1.41239368e-03 
 2.00201614e-10  1.20000000e+00  0.00000000e+00 -1.41047763e-03 
 2.00406429e-10  1.20000000e+00  0.00000000e+00 -1.40807071e-03 
 2.00635676e-10  1.20000000e+00  0.00000000e+00 -1.40805437e-03 
 2.00905196e-10  1.20000000e+00  0.00000000e+00 -1.41158519e-03 
 2.01194482e-10  1.20000000e+00  0.00000000e+00 -1.41880754e-03 
 2.01566060e-10  1.20000000e+00  0.00000000e+00 -1.43140189e-03 
 2.01937307e-10  1.20000000e+00  0.00000000e+00 -1.44577602e-03 
 2.02376458e-10  1.20000000e+00  0.00000000e+00 -1.46279614e-03 
 2.02827320e-10  1.20000000e+00  0.00000000e+00 -1.47856053e-03 
 2.03362731e-10  1.20000000e+00  0.00000000e+00 -1.49344492e-03 
 2.03935098e-10  1.20000000e+00  0.00000000e+00 -1.50375014e-03 
 2.04625685e-10  1.20000000e+00  0.00000000e+00 -1.50790097e-03 
 2.05393642e-10  1.20000000e+00  0.00000000e+00 -1.50203304e-03 
 2.06345487e-10  1.20000000e+00  0.00000000e+00 -1.48063197e-03 
 2.07464496e-10  1.20000000e+00  0.00000000e+00 -1.43816040e-03 
 2.08920786e-10  1.20000000e+00  0.00000000e+00 -1.36073991e-03 
 2.10615711e-10  1.20000000e+00  0.00000000e+00 -1.24794477e-03 
 2.12462239e-10  1.20000000e+00  0.00000000e+00 -1.10778167e-03 
 2.14439278e-10  1.20000000e+00  0.00000000e+00 -9.48035148e-04 
 2.16539885e-10  1.20000000e+00  0.00000000e+00 -7.76331323e-04 
 2.18768712e-10  1.20000000e+00  0.00000000e+00 -5.99246073e-04 
 2.21132119e-10  1.20000000e+00  0.00000000e+00 -4.22736532e-04 
 2.23644915e-10  1.20000000e+00  0.00000000e+00 -2.51551347e-04 
 2.26320919e-10  1.20000000e+00  0.00000000e+00 -8.99563467e-05 
 2.29180417e-10  1.20000000e+00  0.00000000e+00  5.54118321e-05 
 2.32233111e-10  1.20000000e+00  0.00000000e+00  1.81640810e-04 
 2.35530651e-10  1.20000000e+00  0.00000000e+00  2.93879816e-04 
 2.39118295e-10  1.20000000e+00  0.00000000e+00  3.89834254e-04 
 2.42975015e-10  1.20000000e+00  0.00000000e+00  4.66660033e-04 
 2.47194138e-10  1.20000000e+00  0.00000000e+00  5.24576954e-04 
 2.51848086e-10  1.20000000e+00  0.00000000e+00  5.63216074e-04 
 2.57035341e-10  1.20000000e+00  0.00000000e+00  5.82522693e-04 
 2.62925373e-10  1.20000000e+00  0.00000000e+00  5.82751219e-04 
 2.69765868e-10  1.20000000e+00  0.00000000e+00  5.63980240e-04 
 2.77495273e-10  1.20000000e+00  0.00000000e+00  5.28447769e-04 
 2.85936159e-10  1.20000000e+00  0.00000000e+00  4.81506795e-04 
 2.95324930e-10  1.20000000e+00  0.00000000e+00  4.26954702e-04 
 3.05324930e-10  1.20000000e+00  0.00000000e+00  3.71316209e-04 
 3.15324930e-10  1.20000000e+00  0.00000000e+00  3.20924771e-04 
 3.25324930e-10  1.20000000e+00  0.00000000e+00  2.76760743e-04 
 3.35324930e-10  1.20000000e+00  0.00000000e+00  2.38834136e-04 
 3.45324930e-10  1.20000000e+00  0.00000000e+00  2.06686300e-04 
 3.55324930e-10  1.20000000e+00  0.00000000e+00  1.79673538e-04 
 3.65324930e-10  1.20000000e+00  0.00000000e+00  1.57103179e-04 
 3.75324930e-10  1.20000000e+00  0.00000000e+00  1.38313653e-04 
 3.85324930e-10  1.20000000e+00  0.00000000e+00  1.22702672e-04 
 3.95324930e-10  1.20000000e+00  0.00000000e+00  1.09744325e-04 
 4.05324930e-10  1.20000000e+00  0.00000000e+00  9.89859510e-05 
 4.15324930e-10  1.20000000e+00  0.00000000e+00  9.00464734e-05 
 4.25324930e-10  1.20000000e+00  0.00000000e+00  8.26061504e-05 
 4.35324930e-10  1.20000000e+00  0.00000000e+00  7.64005874e-05 
 4.45324930e-10  1.20000000e+00  0.00000000e+00  7.12107807e-05 
 4.55324930e-10  1.20000000e+00  0.00000000e+00  6.68573057e-05 
 4.65324930e-10  1.20000000e+00  0.00000000e+00  6.31924866e-05 
 4.75324930e-10  1.20000000e+00  0.00000000e+00  6.00958714e-05 
 4.85324930e-10  1.20000000e+00  0.00000000e+00  5.74685696e-05 
 4.95324930e-10  1.20000000e+00  0.00000000e+00  5.52300291e-05 
 5.05324930e-10  1.20000000e+00  0.00000000e+00  5.33141110e-05 
 5.15324930e-10  1.20000000e+00  0.00000000e+00  5.16668946e-05 
 5.25324930e-10  1.20000000e+00  0.00000000e+00  5.02440183e-05 
 5.35324930e-10  1.20000000e+00  0.00000000e+00  4.90092227e-05 
 5.45324930e-10  1.20000000e+00  0.00000000e+00  4.79325714e-05 
 5.55324930e-10  1.20000000e+00  0.00000000e+00  4.69894986e-05 
 5.65324930e-10  1.20000000e+00  0.00000000e+00  4.61596259e-05 
 5.75324930e-10  1.20000000e+00  0.00000000e+00  4.54261449e-05 
 5.85324930e-10  1.20000000e+00  0.00000000e+00  4.47750322e-05 
 5.95324930e-10  1.20000000e+00  0.00000000e+00  4.41946501e-05 
 6.05324930e-10  1.20000000e+00  0.00000000e+00  4.36752260e-05 
 6.15324930e-10  1.20000000e+00  0.00000000e+00  4.32085934e-05 
 6.25324930e-10  1.20000000e+00  0.00000000e+00  4.27878460e-05 
 6.35324930e-10  1.20000000e+00  0.00000000e+00  4.24071691e-05 
 6.45324930e-10  1.20000000e+00  0.00000000e+00  4.20616086e-05 
 6.55324930e-10  1.20000000e+00  0.00000000e+00  4.17469606e-05 
 6.65324930e-10  1.20000000e+00  0.00000000e+00  4.14596158e-05 
 6.75324930e-10  1.20000000e+00  0.00000000e+00  4.11964869e-05 
 6.85324930e-10  1.20000000e+00  0.00000000e+00  4.09549032e-05 
 6.95324930e-10  1.20000000e+00  0.00000000e+00  4.07325619e-05 
 7.05324930e-10  1.20000000e+00  0.00000000e+00  4.05274562e-05 
 7.15324930e-10  1.20000000e+00  0.00000000e+00  4.03378421e-05 
 7.25324930e-10  1.20000000e+00  0.00000000e+00  4.01621891e-05 
 7.35324930e-10  1.20000000e+00  0.00000000e+00  3.99991572e-05 
 7.45324930e-10  1.20000000e+00  0.00000000e+00  3.98475628e-05 
 7.55324930e-10  1.20000000e+00  0.00000000e+00  3.97063621e-05 
 7.65324930e-10  1.20000000e+00  0.00000000e+00  3.95746273e-05 
 7.75324930e-10  1.20000000e+00  0.00000000e+00  3.94515352e-05 
 7.85324930e-10  1.20000000e+00  0.00000000e+00  3.93363499e-05 
 7.95324930e-10  1.20000000e+00  0.00000000e+00  3.92284143e-05 
 8.05324930e-10  1.20000000e+00  0.00000000e+00  3.91271380e-05 
 8.15324930e-10  1.20000000e+00  0.00000000e+00  3.90319911e-05 
 8.25324930e-10  1.20000000e+00  0.00000000e+00  3.89424950e-05 
 8.35324930e-10  1.20000000e+00  0.00000000e+00  3.88582182e-05 
 8.45324930e-10  1.20000000e+00  0.00000000e+00  3.87787691e-05 
 8.55324930e-10  1.20000000e+00  0.00000000e+00  3.87037931e-05 
 8.65324930e-10  1.20000000e+00  0.00000000e+00  3.86329674e-05 
 8.75324930e-10  1.20000000e+00  0.00000000e+00  3.85659980e-05 
 8.85324930e-10  1.20000000e+00  0.00000000e+00  3.85026165e-05 
 8.95324930e-10  1.20000000e+00  0.00000000e+00  3.84425778e-05 
 9.05324930e-10  1.20000000e+00  0.00000000e+00  3.83856571e-05 
 9.15324930e-10  1.20000000e+00  0.00000000e+00  3.83316484e-05 
 9.25324930e-10  1.20000000e+00  0.00000000e+00  3.82803624e-05 
 9.35324930e-10  1.20000000e+00  0.00000000e+00  3.82319015e-05 
 9.45324930e-10  1.20000000e+00  0.00000000e+00  3.81858465e-05 
 9.55324930e-10  1.20000000e+00  0.00000000e+00  3.81416376e-05 
 9.65324930e-10  1.20000000e+00  0.00000000e+00  3.80994544e-05 
 9.75324930e-10  1.20000000e+00  0.00000000e+00  3.80592767e-05 
 9.85324930e-10  1.20000000e+00  0.00000000e+00  3.80209866e-05 
 9.95324930e-10  1.20000000e+00  0.00000000e+00  3.79844859e-05 
 1.00532493e-09  1.20000000e+00  0.00000000e+00  3.79496563e-05 
 1.01532493e-09  1.20000000e+00  0.00000000e+00  3.79164065e-05 
 1.02532493e-09  1.20000000e+00  0.00000000e+00  3.78846369e-05 
 1.03532493e-09  1.20000000e+00  0.00000000e+00  3.78542685e-05 
 1.04532493e-09  1.20000000e+00  0.00000000e+00  3.78252173e-05 
 1.05532493e-09  1.20000000e+00  0.00000000e+00  3.77974148e-05 
 1.06532493e-09  1.20000000e+00  0.00000000e+00  3.77707895e-05 
 1.07532493e-09  1.20000000e+00  0.00000000e+00  3.77452817e-05 
 1.08532493e-09  1.20000000e+00  0.00000000e+00  3.77208299e-05 
 1.09532493e-09  1.20000000e+00  0.00000000e+00  3.76973819e-05 
 1.10000000e-09  1.20000000e+00  0.00000000e+00  3.76867068e-05 
 1.10000623e-09  1.20000000e+00  7.47846592e-05  3.76867300e-05 
 1.10001870e-09  1.20000000e+00  2.24353978e-04  3.76869244e-05 
 1.10004362e-09  1.20000000e+00  5.23492615e-04  3.76890479e-05 
 1.10009348e-09  1.20000000e+00  1.12176989e-03  3.77081040e-05 
 1.10019319e-09  1.20000000e+00  2.31832444e-03  3.78589098e-05 
 1.10035398e-09  1.20000000e+00  4.24780941e-03  3.86123509e-05 
 1.10052645e-09  1.20000000e+00  6.31740420e-03  4.03645145e-05 
 1.10073272e-09  1.20000000e+00  8.79266656e-03  4.40057468e-05 
 1.10096474e-09  1.20000000e+00  1.15768553e-02  5.02623101e-05 
 1.10127326e-09  1.20000000e+00  1.52791207e-02  6.21054016e-05 
 1.10166067e-09  1.20000000e+00  1.99280818e-02  8.22253050e-05 
 1.10222547e-09  1.20000000e+00  2.67056864e-02  1.20200026e-04 
 1.10257097e-09  1.20000000e+00  3.08516813e-02  1.48041340e-04 
 1.10294876e-09  1.20000000e+00  3.53851718e-02  1.81870144e-04 
 1.10332684e-09  1.20000000e+00  3.99220837e-02  2.18064572e-04 
 1.10408299e-09  1.20000000e+00  4.89959075e-02  2.93899680e-04 
 1.10521806e-09  1.20000000e+00  6.26166669e-02  4.08970699e-04 
 1.10636404e-09  1.20000000e+00  7.63685121e-02  5.19389455e-04 
 1.10776175e-09  1.20000000e+00  9.31410171e-02  6.39556640e-04 
 1.10932595e-09  1.20000000e+00  1.11911442e-01  7.52211593e-04 
 1.11147779e-09  1.20000000e+00  1.37733508e-01  8.70706019e-04 
 1.11406419e-09  1.20000000e+00  1.68770264e-01  9.65383072e-04 
 1.11777102e-09  1.20000000e+00  2.13252222e-01  1.03444842e-03 
 1.12130219e-09  1.20000000e+00  2.55626244e-01  1.05084309e-03 
 1.12324107e-09  1.20000000e+00  2.78892821e-01  1.04664720e-03 
 1.12473144e-09  1.20000000e+00  2.96777311e-01  1.03938380e-03 
 1.12615401e-09  1.20000000e+00  3.13848069e-01  1.03010761e-03 
 1.12754259e-09  1.20000000e+00  3.30511092e-01  1.01946134e-03 
 1.12898574e-09  1.20000000e+00  3.47828860e-01  1.00726999e-03 
 1.13053521e-09  1.20000000e+00  3.66422571e-01  9.93427641e-04 
 1.13222742e-09  1.20000000e+00  3.86729093e-01  9.77972351e-04 
 1.13414243e-09  1.20000000e+00  4.09709147e-01  9.60681059e-04 
 1.13555369e-09  1.20000000e+00  4.26644318e-01  9.48386475e-04 
 1.13705850e-09  1.20000000e+00  4.44701957e-01  9.35957409e-04 
 1.13869365e-09  1.20000000e+00  4.64323748e-01  9.23459452e-04 
 1.14052265e-09  1.20000000e+00  4.86271806e-01  9.10938936e-04 
 1.14256972e-09  1.20000000e+00  5.10836668e-01  8.98947694e-04 
 1.14511294e-09  1.20000000e+00  5.41355232e-01  8.87129450e-04 
 1.14747508e-09  1.20000000e+00  5.69700999e-01  8.78974573e-04 
 1.14949020e-09  1.20000000e+00  5.93882439e-01  8.73597430e-04 
 1.15116226e-09  1.20000000e+00  6.13947171e-01  8.69522600e-04 
 1.15266153e-09  1.20000000e+00  6.31938313e-01  8.65365508e-04 
 1.15415791e-09  1.20000000e+00  6.49894907e-01  8.59737800e-04 
 1.15579177e-09  1.20000000e+00  6.69501297e-01  8.50327631e-04 
 1.15748027e-09  1.20000000e+00  6.89763222e-01  8.34601529e-04 
 1.15905880e-09  1.20000000e+00  7.08705583e-01  8.11305081e-04 
 1.16052680e-09  1.20000000e+00  7.26321619e-01  7.78657231e-04 
 1.16194263e-09  1.20000000e+00  7.43311505e-01  7.33418216e-04 
 1.16330920e-09  1.20000000e+00  7.59710377e-01  6.73184348e-04 
 1.16466342e-09  1.20000000e+00  7.75961044e-01  5.93510791e-04 
 1.16613885e-09  1.20000000e+00  7.93666166e-01  4.79671923e-04 
 1.16753181e-09  1.20000000e+00  8.10381779e-01  3.42614471e-04 
 1.16896910e-09  1.20000000e+00  8.27629248e-01  1.67311412e-04 
 1.17033148e-09  1.20000000e+00  8.43977807e-01 -3.61105672e-05 
 1.17171269e-09  1.20000000e+00  8.60552314e-01 -2.93561561e-04 
 1.17304919e-09  1.20000000e+00  8.76590280e-01 -5.80841781e-04 
 1.17451675e-09  1.20000000e+00  8.94201034e-01 -9.40848463e-04 
 1.17617032e-09  1.20000000e+00  9.14043849e-01 -1.39780891e-03 
 1.17755857e-09  1.20000000e+00  9.30702855e-01 -1.81709238e-03 
 1.17887053e-09  1.20000000e+00  9.46446385e-01 -2.23663920e-03 
 1.18026979e-09  1.20000000e+00  9.63237529e-01 -2.70307426e-03 
 1.18178928e-09  1.20000000e+00  9.81471301e-01 -3.22583559e-03 
 1.18341486e-09  1.20000000e+00  1.00097838e+00 -3.79751087e-03 
 1.18506640e-09  1.20000000e+00  1.02079679e+00 -4.38527445e-03 
 1.18686910e-09  1.20000000e+00  1.04242926e+00 -5.02777670e-03 
 1.18855527e-09  1.20000000e+00  1.06266320e+00 -5.62358114e-03 
 1.19026217e-09  1.20000000e+00  1.08314607e+00 -6.21610324e-03 
 1.19185641e-09  1.20000000e+00  1.10227696e+00 -6.75586894e-03 
 1.19351009e-09  1.20000000e+00  1.12212112e+00 -7.29851137e-03 
 1.19513023e-09  1.20000000e+00  1.14156274e+00 -7.81082051e-03 
 1.19683799e-09  1.20000000e+00  1.16205588e+00 -8.32847284e-03 
 1.19848451e-09  1.20000000e+00  1.18181417e+00 -8.80502229e-03 
 1.20000000e-09  1.20000000e+00  1.20000000e+00 -9.22391959e-03 
 1.20003212e-09  1.20000000e+00  1.20000000e+00 -9.23259423e-03 
 1.20009636e-09  1.20000000e+00  1.20000000e+00 -9.24994184e-03 
 1.20022485e-09  1.20000000e+00  1.20000000e+00 -9.28471932e-03 
 1.20041744e-09  1.20000000e+00  1.20000000e+00 -9.33736573e-03 
 1.20070149e-09  1.20000000e+00  1.20000000e+00 -9.41671695e-03 
 1.20101726e-09  1.20000000e+00  1.20000000e+00 -9.50762835e-03 
 1.20136118e-09  1.20000000e+00  1.20000000e+00 -9.60962948e-03 
 1.20172003e-09  1.20000000e+00  1.20000000e+00 -9.71872099e-03 
 1.20211547e-09  1.20000000e+00  1.20000000e+00 -9.84117148e-03 
 1.20255087e-09  1.20000000e+00  1.20000000e+00 -9.97758456e-03 
 1.20303822e-09  1.20000000e+00  1.20000000e+00 -1.01309399e-02 
 1.20358266e-09  1.20000000e+00  1.20000000e+00 -1.03016926e-02 
 1.20420516e-09  1.20000000e+00  1.20000000e+00 -1.04947055e-02 
 1.20492265e-09  1.20000000e+00  1.20000000e+00 -1.07127489e-02 
 1.20577345e-09  1.20000000e+00  1.20000000e+00 -1.09637357e-02 
 1.20680252e-09  1.20000000e+00  1.20000000e+00 -1.12551050e-02 
 1.20810211e-09  1.20000000e+00  1.20000000e+00 -1.16045923e-02 
 1.20952345e-09  1.20000000e+00  1.20000000e+00 -1.19647507e-02 
 1.21097740e-09  1.20000000e+00  1.20000000e+00 -1.23091117e-02 
 1.21250697e-09  1.20000000e+00  1.20000000e+00 -1.26458303e-02 
 1.21416722e-09  1.20000000e+00  1.20000000e+00 -1.29842120e-02 
 1.21594035e-09  1.20000000e+00  1.20000000e+00 -1.33170717e-02 
 1.21786096e-09  1.20000000e+00  1.20000000e+00 -1.36472072e-02 
 1.21993204e-09  1.20000000e+00  1.20000000e+00 -1.39702684e-02 
 1.22220088e-09  1.20000000e+00  1.20000000e+00 -1.42865300e-02 
 1.22468441e-09  1.20000000e+00  1.20000000e+00 -1.45870628e-02 
 1.22744378e-09  1.20000000e+00  1.20000000e+00 -1.48603991e-02 
 1.23016970e-09  1.20000000e+00  1.20000000e+00 -1.50589738e-02 
 1.23229319e-09  1.20000000e+00  1.20000000e+00 -1.51560356e-02 
 1.23466682e-09  1.20000000e+00  1.20000000e+00 -1.51937375e-02 
 1.23658306e-09  1.20000000e+00  1.20000000e+00 -1.51640199e-02 
 1.23836965e-09  1.20000000e+00  1.20000000e+00 -1.50774447e-02 
 1.24023443e-09  1.20000000e+00  1.20000000e+00 -1.49083853e-02 
 1.24311311e-09  1.20000000e+00  1.20000000e+00 -1.44331562e-02 
 1.24511167e-09  1.20000000e+00  1.20000000e+00 -1.39068354e-02 
 1.24646022e-09  1.20000000e+00  1.20000000e+00 -1.34321648e-02 
 1.24840362e-09  1.20000000e+00  1.20000000e+00 -1.25527461e-02 
 1.25047402e-09  1.20000000e+00  1.20000000e+00 -1.13365222e-02 
 1.25230458e-09  1.20000000e+00  1.20000000e+00 -9.98864796e-03 
 1.25476499e-09  1.20000000e+00  1.20000000e+00 -7.73033868e-03 
 1.25749785e-09  1.20000000e+00  1.20000000e+00 -4.56878324e-03 
 1.26032378e-09  1.20000000e+00  1.20000000e+00 -5.11962096e-04 
 1.26110224e-09  1.20000000e+00  1.20000000e+00  7.12235182e-04 
 1.26243694e-09  1.20000000e+00  1.20000000e+00  2.93278463e-03 
 1.26310161e-09  1.20000000e+00  1.20000000e+00  4.12172668e-03 
 1.26398436e-09  1.20000000e+00  1.20000000e+00  5.78174349e-03 
 1.26574987e-09  1.20000000e+00  1.20000000e+00  9.41397206e-03 
 1.26815589e-09  1.20000000e+00  1.20000000e+00  1.51037787e-02 
 1.27085840e-09  1.20000000e+00  1.20000000e+00  2.26312432e-02 
 1.27301661e-09  1.20000000e+00  1.20000000e+00  2.96394726e-02 
 1.27490338e-09  1.20000000e+00  1.20000000e+00  3.66085004e-02 
 1.27661713e-09  1.20000000e+00  1.20000000e+00  4.37230987e-02 
 1.27835337e-09  1.20000000e+00  1.20000000e+00  5.18037027e-02 
 1.28039080e-09  1.20000000e+00  1.20000000e+00  6.25244869e-02 
 1.28253478e-09  1.20000000e+00  1.20000000e+00  7.53087478e-02 
 1.28426245e-09  1.20000000e+00  1.20000000e+00  8.67417568e-02 
 1.28600832e-09  1.20000000e+00  1.20000000e+00  9.93354575e-02 
 1.28789306e-09  1.20000000e+00  1.20000000e+00  1.14101657e-01 
 1.29022964e-09  1.20000000e+00  1.20000000e+00  1.34035489e-01 
 1.29248922e-09  1.20000000e+00  1.20000000e+00  1.54940563e-01 
 1.29493656e-09  1.20000000e+00  1.20000000e+00  1.79269552e-01 
 1.29718702e-09  1.20000000e+00  1.20000000e+00  2.03084618e-01 
 1.29956982e-09  1.20000000e+00  1.20000000e+00  2.29695576e-01 
 1.30177919e-09  1.20000000e+00  1.20000000e+00  2.55561250e-01 
 1.30429416e-09  1.20000000e+00  1.20000000e+00  2.86291816e-01 
 1.30681694e-09  1.20000000e+00  1.20000000e+00  3.18389966e-01 
 1.30964615e-09  1.20000000e+00  1.20000000e+00  3.55773608e-01 
 1.31261622e-09  1.20000000e+00  1.20000000e+00  3.96456844e-01 
 1.31599975e-09  1.20000000e+00  1.20000000e+00  4.44415140e-01 
 1.31972029e-09  1.20000000e+00  1.20000000e+00  4.98892931e-01 
 1.32363703e-09  1.20000000e+00  1.20000000e+00  5.57911847e-01 
 1.32781143e-09  1.20000000e+00  1.20000000e+00  6.22294162e-01 
 1.33133867e-09  1.20000000e+00  1.20000000e+00  6.77532500e-01 
 1.33402597e-09  1.20000000e+00  1.20000000e+00  7.19869073e-01 
 1.33609121e-09  1.20000000e+00  1.20000000e+00  7.52371579e-01 
 1.33781229e-09  1.20000000e+00  1.20000000e+00  7.79298432e-01 
 1.33934995e-09  1.20000000e+00  1.20000000e+00  8.03116902e-01 
 1.34081146e-09  1.20000000e+00  1.20000000e+00  8.25450651e-01 
 1.34211385e-09  1.20000000e+00  1.20000000e+00  8.45019220e-01 
 1.34328865e-09  1.20000000e+00  1.20000000e+00  8.62328013e-01 
 1.34448250e-09  1.20000000e+00  1.20000000e+00  8.79516268e-01 
 1.34588578e-09  1.20000000e+00  1.20000000e+00  8.99123342e-01 
 1.34716607e-09  1.20000000e+00  1.20000000e+00  9.16394097e-01 
 1.34862562e-09  1.20000000e+00  1.20000000e+00  9.35298200e-01 
 1.35023504e-09  1.20000000e+00  1.20000000e+00  9.55095725e-01 
 1.35180404e-09  1.20000000e+00  1.20000000e+00  9.73279446e-01 
 1.35361076e-09  1.20000000e+00  1.20000000e+00  9.92817760e-01 
 1.35563195e-09  1.20000000e+00  1.20000000e+00  1.01290830e+00 
 1.35784863e-09  1.20000000e+00  1.20000000e+00  1.03287712e+00 
 1.35984505e-09  1.20000000e+00  1.20000000e+00  1.04913088e+00 
 1.36203343e-09  1.20000000e+00  1.20000000e+00  1.06520779e+00 
 1.36411925e-09  1.20000000e+00  1.20000000e+00  1.07897416e+00 
 1.36615844e-09  1.20000000e+00  1.20000000e+00  1.09109814e+00 
 1.36802688e-09  1.20000000e+00  1.20000000e+00  1.10114796e+00 
 1.36996482e-09  1.20000000e+00  1.20000000e+00  1.11059498e+00 
 1.37186257e-09  1.20000000e+00  1.20000000e+00  1.11896374e+00 
 1.37385833e-09  1.20000000e+00  1.20000000e+00  1.12690694e+00 
 1.37583910e-09  1.20000000e+00  1.20000000e+00  1.13399914e+00 
 1.37790764e-09  1.20000000e+00  1.20000000e+00  1.14064438e+00 
 1.37997881e-09  1.20000000e+00  1.20000000e+00  1.14659443e+00 
 1.38213737e-09  1.20000000e+00  1.20000000e+00  1.15212304e+00 
 1.38431740e-09  1.20000000e+00  1.20000000e+00  1.15708294e+00 
 1.38658977e-09  1.20000000e+00  1.20000000e+00  1.16165949e+00 
 1.38890312e-09  1.20000000e+00  1.20000000e+00  1.16576698e+00 
 1.39131839e-09  1.20000000e+00  1.20000000e+00  1.16953263e+00 
 1.39379599e-09  1.20000000e+00  1.20000000e+00  1.17290900e+00 
 1.39638997e-09  1.20000000e+00  1.20000000e+00  1.17598464e+00 
 1.39907079e-09  1.20000000e+00  1.20000000e+00  1.17873873e+00 
 1.40182996e-09  1.20000000e+00  1.20000000e+00  1.18118520e+00 
 1.40482636e-09  1.20000000e+00  1.20000000e+00  1.18345887e+00 
 1.40797145e-09  1.20000000e+00  1.20000000e+00  1.18548302e+00 
 1.41119792e-09  1.20000000e+00  1.20000000e+00  1.18723689e+00 
 1.41466285e-09  1.20000000e+00  1.20000000e+00  1.18881954e+00 
 1.41829363e-09  1.20000000e+00  1.20000000e+00  1.19020335e+00 
 1.42222439e-09  1.20000000e+00  1.20000000e+00  1.19144493e+00 
 1.42639421e-09  1.20000000e+00  1.20000000e+00  1.19252818e+00 
 1.43093635e-09  1.20000000e+00  1.20000000e+00  1.19349198e+00 
 1.43582091e-09  1.20000000e+00  1.20000000e+00  1.19433231e+00 
 1.44119600e-09  1.20000000e+00  1.20000000e+00  1.19507705e+00 
 1.44706930e-09  1.20000000e+00  1.20000000e+00  1.19572759e+00 
 1.45363972e-09  1.20000000e+00  1.20000000e+00  1.19630562e+00 
 1.46090610e-09  1.20000000e+00  1.20000000e+00  1.19681031e+00 
 1.46905597e-09  1.20000000e+00  1.20000000e+00  1.19725474e+00 
 1.47721323e-09  1.20000000e+00  1.20000000e+00  1.19760580e+00 
 1.48589397e-09  1.20000000e+00  1.20000000e+00  1.19790405e+00 
 1.49481547e-09  1.20000000e+00  1.20000000e+00  1.19814966e+00 
 1.50441651e-09  1.20000000e+00  1.20000000e+00  1.19836167e+00 
 1.51431452e-09  1.20000000e+00  1.20000000e+00  1.19853638e+00 
 1.52431452e-09  1.20000000e+00  1.20000000e+00  1.19867767e+00 
 1.53431452e-09  1.20000000e+00  1.20000000e+00  1.19879107e+00 
 1.54431452e-09  1.20000000e+00  1.20000000e+00  1.19888233e+00 
 1.55431452e-09  1.20000000e+00  1.20000000e+00  1.19895587e+00 
 1.56431452e-09  1.20000000e+00  1.20000000e+00  1.19901519e+00 
 1.57431452e-09  1.20000000e+00  1.20000000e+00  1.19906307e+00 
 1.58431452e-09  1.20000000e+00  1.20000000e+00  1.19910172e+00 
 1.59431452e-09  1.20000000e+00  1.20000000e+00  1.19913292e+00 
 1.60431452e-09  1.20000000e+00  1.20000000e+00  1.19915812e+00 
 1.61431452e-09  1.20000000e+00  1.20000000e+00  1.19917847e+00 
 1.62431452e-09  1.20000000e+00  1.20000000e+00  1.19919490e+00 
 1.63431452e-09  1.20000000e+00  1.20000000e+00  1.19920816e+00 
 1.64431452e-09  1.20000000e+00  1.20000000e+00  1.19921888e+00 
 1.65431452e-09  1.20000000e+00  1.20000000e+00  1.19922753e+00 
 1.66431452e-09  1.20000000e+00  1.20000000e+00  1.19923451e+00 
 1.67431452e-09  1.20000000e+00  1.20000000e+00  1.19924015e+00 
 1.68431452e-09  1.20000000e+00  1.20000000e+00  1.19924471e+00 
 1.69431452e-09  1.20000000e+00  1.20000000e+00  1.19924838e+00 
 1.70431452e-09  1.20000000e+00  1.20000000e+00  1.19925135e+00 
 1.71431452e-09  1.20000000e+00  1.20000000e+00  1.19925375e+00 
 1.72431452e-09  1.20000000e+00  1.20000000e+00  1.19925569e+00 
 1.73431452e-09  1.20000000e+00  1.20000000e+00  1.19925725e+00 
 1.74431452e-09  1.20000000e+00  1.20000000e+00  1.19925851e+00 
 1.75431452e-09  1.20000000e+00  1.20000000e+00  1.19925953e+00 
 1.76431452e-09  1.20000000e+00  1.20000000e+00  1.19926035e+00 
 1.77431452e-09  1.20000000e+00  1.20000000e+00  1.19926102e+00 
 1.78431452e-09  1.20000000e+00  1.20000000e+00  1.19926155e+00 
 1.79431452e-09  1.20000000e+00  1.20000000e+00  1.19926198e+00 
 1.80431452e-09  1.20000000e+00  1.20000000e+00  1.19926233e+00 
 1.81431452e-09  1.20000000e+00  1.20000000e+00  1.19926262e+00 
 1.82431452e-09  1.20000000e+00  1.20000000e+00  1.19926284e+00 
 1.83431452e-09  1.20000000e+00  1.20000000e+00  1.19926303e+00 
 1.84431452e-09  1.20000000e+00  1.20000000e+00  1.19926318e+00 
 1.85431452e-09  1.20000000e+00  1.20000000e+00  1.19926330e+00 
 1.86431452e-09  1.20000000e+00  1.20000000e+00  1.19926339e+00 
 1.87431452e-09  1.20000000e+00  1.20000000e+00  1.19926347e+00 
 1.88431452e-09  1.20000000e+00  1.20000000e+00  1.19926353e+00 
 1.89431452e-09  1.20000000e+00  1.20000000e+00  1.19926359e+00 
 1.90431452e-09  1.20000000e+00  1.20000000e+00  1.19926363e+00 
 1.91431452e-09  1.20000000e+00  1.20000000e+00  1.19926366e+00 
 1.92431452e-09  1.20000000e+00  1.20000000e+00  1.19926369e+00 
 1.93431452e-09  1.20000000e+00  1.20000000e+00  1.19926371e+00 
 1.94431452e-09  1.20000000e+00  1.20000000e+00  1.19926373e+00 
 1.95431452e-09  1.20000000e+00  1.20000000e+00  1.19926374e+00 
 1.96431452e-09  1.20000000e+00  1.20000000e+00  1.19926375e+00 
 1.97431452e-09  1.20000000e+00  1.20000000e+00  1.19926376e+00 
 1.98431452e-09  1.20000000e+00  1.20000000e+00  1.19926377e+00 
 1.99431452e-09  1.20000000e+00  1.20000000e+00  1.19926377e+00 
 2.00431452e-09  1.20000000e+00  1.20000000e+00  1.19926378e+00 
 2.01431452e-09  1.20000000e+00  1.20000000e+00  1.19926378e+00 
 2.02431452e-09  1.20000000e+00  1.20000000e+00  1.19926379e+00 
 2.03431452e-09  1.20000000e+00  1.20000000e+00  1.19926379e+00 
 2.04431452e-09  1.20000000e+00  1.20000000e+00  1.19926379e+00 
 2.05431452e-09  1.20000000e+00  1.20000000e+00  1.19926379e+00 
 2.06431452e-09  1.20000000e+00  1.20000000e+00  1.19926379e+00 
 2.07431452e-09  1.20000000e+00  1.20000000e+00  1.19926379e+00 
 2.08431452e-09  1.20000000e+00  1.20000000e+00  1.19926380e+00 
 2.09431452e-09  1.20000000e+00  1.20000000e+00  1.19926380e+00 
 2.10431452e-09  1.20000000e+00  1.20000000e+00  1.19926380e+00 
 2.11431452e-09  1.20000000e+00  1.20000000e+00  1.19926380e+00 
 2.12431452e-09  1.20000000e+00  1.20000000e+00  1.19926380e+00 
 2.13431452e-09  1.20000000e+00  1.20000000e+00  1.19926380e+00 
 2.14431452e-09  1.20000000e+00  1.20000000e+00  1.19926380e+00 
 2.15431452e-09  1.20000000e+00  1.20000000e+00  1.19926380e+00 
 2.16431452e-09  1.20000000e+00  1.20000000e+00  1.19926380e+00 
 2.17431452e-09  1.20000000e+00  1.20000000e+00  1.19926380e+00 
 2.18431452e-09  1.20000000e+00  1.20000000e+00  1.19926380e+00 
 2.19431452e-09  1.20000000e+00  1.20000000e+00  1.19926380e+00 
 2.20000000e-09  1.20000000e+00  1.20000000e+00  1.19926380e+00 
 2.20000622e-09  1.19992539e+00  1.20000000e+00  1.19926380e+00 
 2.20001865e-09  1.19977617e+00  1.20000000e+00  1.19926380e+00 
 2.20004352e-09  1.19947774e+00  1.20000000e+00  1.19926379e+00 
 2.20009326e-09  1.19888087e+00  1.20000000e+00  1.19926374e+00 
 2.20019274e-09  1.19768713e+00  1.20000000e+00  1.19926331e+00 
 2.20039170e-09  1.19529966e+00  1.20000000e+00  1.19926054e+00 
 2.20067897e-09  1.19185234e+00  1.20000000e+00  1.19925093e+00 
 2.20099251e-09  1.18808988e+00  1.20000000e+00  1.19923262e+00 
 2.20132638e-09  1.18408344e+00  1.20000000e+00  1.19920506e+00 
 2.20168432e-09  1.17978821e+00  1.20000000e+00  1.19916789e+00 
 2.20203837e-09  1.17553955e+00  1.20000000e+00  1.19912497e+00 
 2.20250455e-09  1.16994539e+00  1.20000000e+00  1.19906149e+00 
 2.20297280e-09  1.16432635e+00  1.20000000e+00  1.19899192e+00 
 2.20355566e-09  1.15733208e+00  1.20000000e+00  1.19890021e+00 
 2.20416523e-09  1.15001718e+00  1.20000000e+00  1.19880102e+00 
 2.20493705e-09  1.14075539e+00  1.20000000e+00  1.19867433e+00 
 2.20579435e-09  1.13046786e+00  1.20000000e+00  1.19853571e+00 
 2.20691655e-09  1.11700145e+00  1.20000000e+00  1.19836144e+00 
 2.20802225e-09  1.10373296e+00  1.20000000e+00  1.19820029e+00 
 2.20962341e-09  1.08451903e+00  1.20000000e+00  1.19798889e+00 
 2.21157164e-09  1.06114030e+00  1.20000000e+00  1.19776742e+00 
 2.21496757e-09  1.02038913e+00  1.20000000e+00  1.19746732e+00 
 2.21806535e-09  9.83215810e-01  1.20000000e+00  1.19727626e+00 
 2.22242284e-09  9.30925953e-01  1.20000000e+00  1.19711193e+00 
 2.22563909e-09  8.92330931e-01  1.20000000e+00  1.19705473e+00 
 2.22723753e-09  8.73149663e-01  1.20000000e+00  1.19704320e+00 
 2.22854179e-09  8.57498555e-01  1.20000000e+00  1.19704120e+00 
 2.22981670e-09  8.42199544e-01  1.20000000e+00  1.19704529e+00 
 2.23106313e-09  8.27242453e-01  1.20000000e+00  1.19705476e+00 
 2.23229222e-09  8.12493418e-01  1.20000000e+00  1.19706910e+00 
 2.23354536e-09  7.97455674e-01  1.20000000e+00  1.19708856e+00 
 2.23486217e-09  7.81654009e-01  1.20000000e+00  1.19711419e+00 
 2.23627789e-09  7.64665369e-01  1.20000000e+00  1.19714798e+00 
 2.23790723e-09  7.45113276e-01  1.20000000e+00  1.19719633e+00 
 2.23934374e-09  7.27875108e-01  1.20000000e+00  1.19724960e+00 
 2.24057242e-09  7.13130907e-01  1.20000000e+00  1.19730534e+00 
 2.24190387e-09  6.97153587e-01  1.20000000e+00  1.19737901e+00 
 2.24344577e-09  6.78650808e-01  1.20000000e+00  1.19748506e+00 
 2.24490067e-09  6.61191934e-01  1.20000000e+00  1.19760865e+00 
 2.24665060e-09  6.40192777e-01  1.20000000e+00  1.19779129e+00 
 2.24862690e-09  6.16477228e-01  1.20000000e+00  1.19804570e+00 
 2.25095152e-09  5.88581723e-01  1.20000000e+00  1.19841351e+00 
 2.25369744e-09  5.55630775e-01  1.20000000e+00  1.19894504e+00 
 2.25640455e-09  5.23145389e-01  1.20000000e+00  1.19957137e+00 
 2.25824743e-09  5.01030871e-01  1.20000000e+00  1.20006278e+00 
 2.25915409e-09  4.90150915e-01  1.20000000e+00  1.20035426e+00 
 2.25983303e-09  4.82003609e-01  1.20000000e+00  1.20057750e+00 
 2.26043168e-09  4.74819783e-01  1.20000000e+00  1.20077743e+00 
 2.26090809e-09  4.69102969e-01  1.20000000e+00  1.20093881e+00 
 2.26141763e-09  4.62988432e-01  1.20000000e+00  1.20111454e+00 
 2.26243672e-09  4.50759359e-01  1.20000000e+00  1.20147651e+00 
 2.26412943e-09  4.30446873e-01  1.20000000e+00  1.20211230e+00 
 2.26560574e-09  4.12731164e-01  1.20000000e+00  1.20270709e+00 
 2.26691620e-09  3.97005541e-01  1.20000000e+00  1.20327180e+00 
 2.26834528e-09  3.79856612e-01  1.20000000e+00  1.20393214e+00 
 2.26985545e-09  3.61734545e-01  1.20000000e+00  1.20468365e+00 
 2.27126521e-09  3.44817521e-01  1.20000000e+00  1.20543296e+00 
 2.27255742e-09  3.29310969e-01  1.20000000e+00  1.20615510e+00 
 2.27395920e-09  3.12489562e-01  1.20000000e+00  1.20697032e+00 
 2.27544655e-09  2.94641453e-01  1.20000000e+00  1.20786497e+00 
 2.27676231e-09  2.78852332e-01  1.20000000e+00  1.20867728e+00 
 2.27808514e-09  2.62978281e-01  1.20000000e+00  1.20951002e+00 
 2.27954513e-09  2.45458412e-01  1.20000000e+00  1.21044454e+00 
 2.28127385e-09  2.24713749e-01  1.20000000e+00  1.21156849e+00 
 2.28337581e-09  1.99490233e-01  1.20000000e+00  1.21295611e+00 
 2.28558959e-09  1.72924905e-01  1.20000000e+00  1.21443818e+00 
 2.28851370e-09  1.37835596e-01  1.20000000e+00  1.21642235e+00 
 2.29123124e-09  1.05225136e-01  1.20000000e+00  1.21828908e+00 
 2.29420454e-09  6.95455517e-02  1.20000000e+00  1.22035168e+00 
 2.29747132e-09  3.03441166e-02  1.20000000e+00  1.22263437e+00 
 2.30000000e-09  0.00000000e+00  1.20000000e+00  1.22440384e+00 
 2.30001126e-09  0.00000000e+00  1.20000000e+00  1.22441171e+00 
 2.30003377e-09  0.00000000e+00  1.20000000e+00  1.22442744e+00 
 2.30007880e-09  0.00000000e+00  1.20000000e+00  1.22445894e+00 
 2.30016886e-09  0.00000000e+00  1.20000000e+00  1.22452213e+00 
 2.30032543e-09  0.00000000e+00  1.20000000e+00  1.22463297e+00 
 2.30049332e-09  0.00000000e+00  1.20000000e+00  1.22475356e+00 
 2.30069546e-09  0.00000000e+00  1.20000000e+00  1.22490132e+00 
 2.30091732e-09  0.00000000e+00  1.20000000e+00  1.22506654e+00 
 2.30121208e-09  0.00000000e+00  1.20000000e+00  1.22529041e+00 
 2.30157538e-09  0.00000000e+00  1.20000000e+00  1.22557198e+00 
 2.30210173e-09  0.00000000e+00  1.20000000e+00  1.22598756e+00 
 2.30285795e-09  0.00000000e+00  1.20000000e+00  1.22659292e+00 
 2.30375371e-09  0.00000000e+00  1.20000000e+00  1.22730990e+00 
 2.30473173e-09  0.00000000e+00  1.20000000e+00  1.22807605e+00 
 2.30585557e-09  0.00000000e+00  1.20000000e+00  1.22891593e+00 
 2.30716567e-09  0.00000000e+00  1.20000000e+00  1.22981927e+00 
 2.30876483e-09  0.00000000e+00  1.20000000e+00  1.23078538e+00 
 2.31051404e-09  0.00000000e+00  1.20000000e+00  1.23164231e+00 
 2.31236368e-09  0.00000000e+00  1.20000000e+00  1.23228920e+00 
 2.31430624e-09  0.00000000e+00  1.20000000e+00  1.23264447e+00 
 2.31639863e-09  0.00000000e+00  1.20000000e+00  1.23260849e+00 
 2.31797877e-09  0.00000000e+00  1.20000000e+00  1.23226256e+00 
 2.31951933e-09  0.00000000e+00  1.20000000e+00  1.23162161e+00 
 2.32129656e-09  0.00000000e+00  1.20000000e+00  1.23046416e+00 
 2.32339185e-09  0.00000000e+00  1.20000000e+00  1.22847259e+00 
 2.32563772e-09  0.00000000e+00  1.20000000e+00  1.22551241e+00 
 2.32779198e-09  0.00000000e+00  1.20000000e+00  1.22179995e+00 
 2.33007444e-09  0.00000000e+00  1.20000000e+00  1.21686157e+00 
 2.33240000e-09  0.00000000e+00  1.20000000e+00  1.21069665e+00 
 2.33487913e-09  0.00000000e+00  1.20000000e+00  1.20278264e+00 
 2.33532389e-09  0.00000000e+00  1.20000000e+00  1.20121055e+00 
 2.33561591e-09  0.00000000e+00  1.20000000e+00  1.20015215e+00 
 2.33575683e-09  0.00000000e+00  1.20000000e+00  1.19967611e+00 
 2.33594643e-09  0.00000000e+00  1.20000000e+00  1.19905064e+00 
 2.33611219e-09  0.00000000e+00  1.20000000e+00  1.19849503e+00 
 2.33629056e-09  0.00000000e+00  1.20000000e+00  1.19788820e+00 
 2.33664730e-09  0.00000000e+00  1.20000000e+00  1.19664830e+00 
 2.33736078e-09  0.00000000e+00  1.20000000e+00  1.19405886e+00 
 2.33878774e-09  0.00000000e+00  1.20000000e+00  1.18843758e+00 
 2.34034764e-09  0.00000000e+00  1.20000000e+00  1.18160675e+00 
 2.34188906e-09  0.00000000e+00  1.20000000e+00  1.17409092e+00 
 2.34327676e-09  0.00000000e+00  1.20000000e+00  1.16659962e+00 
 2.34465579e-09  0.00000000e+00  1.20000000e+00  1.15840096e+00 
 2.34611138e-09  0.00000000e+00  1.20000000e+00  1.14884514e+00 
 2.34750975e-09  0.00000000e+00  1.20000000e+00  1.13873093e+00 
 2.34924515e-09  0.00000000e+00  1.20000000e+00  1.12485358e+00 
 2.35066784e-09  0.00000000e+00  1.20000000e+00  1.11236876e+00 
 2.35218989e-09  0.00000000e+00  1.20000000e+00  1.09788958e+00 
 2.35360114e-09  0.00000000e+00  1.20000000e+00  1.08341444e+00 
 2.35531575e-09  0.00000000e+00  1.20000000e+00  1.06446252e+00 
 2.35736419e-09  0.00000000e+00  1.20000000e+00  1.03987926e+00 
 2.35911201e-09  0.00000000e+00  1.20000000e+00  1.01727815e+00 
 2.36098291e-09  0.00000000e+00  1.20000000e+00  9.91474548e-01 
 2.36302199e-09  0.00000000e+00  1.20000000e+00  9.61505669e-01 
 2.36504894e-09  0.00000000e+00  1.20000000e+00  9.29882113e-01 
 2.36699212e-09  0.00000000e+00  1.20000000e+00  8.97920360e-01 
 2.36930950e-09  0.00000000e+00  1.20000000e+00  8.57801287e-01 
 2.37162279e-09  0.00000000e+00  1.20000000e+00  8.15693214e-01 
 2.37420370e-09  0.00000000e+00  1.20000000e+00  7.66450013e-01 
 2.37665695e-09  0.00000000e+00  1.20000000e+00  7.17603565e-01 
 2.37956492e-09  0.00000000e+00  1.20000000e+00  6.57422118e-01 
 2.38242752e-09  0.00000000e+00  1.20000000e+00  5.96112109e-01 
 2.38544873e-09  0.00000000e+00  1.20000000e+00  5.29679363e-01 
 2.38785449e-09  0.00000000e+00  1.20000000e+00  4.75927576e-01 
 2.38966647e-09  0.00000000e+00  1.20000000e+00  4.35246091e-01 
 2.39113102e-09  0.00000000e+00  1.20000000e+00  4.02459176e-01 
 2.39240889e-09  0.00000000e+00  1.20000000e+00  3.74097146e-01 
 2.39357856e-09  0.00000000e+00  1.20000000e+00  3.48499218e-01 
 2.39470267e-09  0.00000000e+00  1.20000000e+00  3.24376123e-01 
 2.39578756e-09  0.00000000e+00  1.20000000e+00  3.01694367e-01 
 2.39690280e-09  0.00000000e+00  1.20000000e+00  2.79167095e-01 
 2.39812934e-09  0.00000000e+00  1.20000000e+00  2.55503538e-01 
 2.39930060e-09  0.00000000e+00  1.20000000e+00  2.34142982e-01 
 2.40055685e-09  0.00000000e+00  1.20000000e+00  2.12698344e-01 
 2.40186773e-09  0.00000000e+00  1.20000000e+00  1.92004410e-01 
 2.40317477e-09  0.00000000e+00  1.20000000e+00  1.73077825e-01 
 2.40437737e-09  0.00000000e+00  1.20000000e+00  1.57118544e-01 
 2.40561906e-09  0.00000000e+00  1.20000000e+00  1.42027657e-01 
 2.40693926e-09  0.00000000e+00  1.20000000e+00  1.27431863e-01 
 2.40844900e-09  0.00000000e+00  1.20000000e+00  1.12434772e-01 
 2.41006856e-09  0.00000000e+00  1.20000000e+00  9.81850678e-02 
 2.41162514e-09  0.00000000e+00  1.20000000e+00  8.61157707e-02 
 2.41322553e-09  0.00000000e+00  1.20000000e+00  7.52007147e-02 
 2.41480310e-09  0.00000000e+00  1.20000000e+00  6.57708124e-02 
 2.41643302e-09  0.00000000e+00  1.20000000e+00  5.72617665e-02 
 2.41801698e-09  0.00000000e+00  1.20000000e+00  5.00592611e-02 
 2.41964170e-09  0.00000000e+00  1.20000000e+00  4.36336615e-02 
 2.42126198e-09  0.00000000e+00  1.20000000e+00  3.80788959e-02 
 2.42295627e-09  0.00000000e+00  1.20000000e+00  3.30650092e-02 
 2.42467935e-09  0.00000000e+00  1.20000000e+00  2.86891149e-02 
 2.42649515e-09  0.00000000e+00  1.20000000e+00  2.47557970e-02 
 2.42836537e-09  0.00000000e+00  1.20000000e+00  2.13253810e-02 
 2.43034797e-09  0.00000000e+00  1.20000000e+00  1.82689878e-02 
 2.43241341e-09  0.00000000e+00  1.20000000e+00  1.56158249e-02 
 2.43461691e-09  0.00000000e+00  1.20000000e+00  1.32759596e-02 
 2.43690789e-09  0.00000000e+00  1.20000000e+00  1.12830167e-02 
 2.43943794e-09  0.00000000e+00  1.20000000e+00  9.50234048e-03 
 2.44212178e-09  0.00000000e+00  1.20000000e+00  7.99434268e-03 
 2.44498821e-09  0.00000000e+00  1.20000000e+00  6.71963788e-03 
 2.44810741e-09  0.00000000e+00  1.20000000e+00  5.63247257e-03 
 2.45150983e-09  0.00000000e+00  1.20000000e+00  4.71282934e-03 
 2.45526392e-09  0.00000000e+00  1.20000000e+00  3.93324726e-03 
 2.45940655e-09  0.00000000e+00  1.20000000e+00  3.27706810e-03 
 2.46337015e-09  0.00000000e+00  1.20000000e+00  2.79196808e-03 
 2.46757240e-09  0.00000000e+00  1.20000000e+00  2.38474975e-03 
 2.47162496e-09  0.00000000e+00  1.20000000e+00  2.06801172e-03 
 2.47593364e-09  0.00000000e+00  1.20000000e+00  1.79108755e-03 
 2.48022030e-09  0.00000000e+00  1.20000000e+00  1.56185051e-03 
 2.48475918e-09  0.00000000e+00  1.20000000e+00  1.35760666e-03 
 2.48935212e-09  0.00000000e+00  1.20000000e+00  1.18259294e-03 
 2.49419641e-09  0.00000000e+00  1.20000000e+00  1.02550629e-03 
 2.49915598e-09  0.00000000e+00  1.20000000e+00  8.88456214e-04 
 2.50438529e-09  0.00000000e+00  1.20000000e+00  7.65340079e-04 
 2.50979008e-09  0.00000000e+00  1.20000000e+00  6.57233772e-04 
 2.51549932e-09  0.00000000e+00  1.20000000e+00  5.60624489e-04 
 2.52144959e-09  0.00000000e+00  1.20000000e+00  4.75973929e-04 
 2.52775684e-09  0.00000000e+00  1.20000000e+00  4.01099631e-04 
 2.53438410e-09  0.00000000e+00  1.20000000e+00  3.36057537e-04 
 2.54144449e-09  0.00000000e+00  1.20000000e+00  2.79373671e-04 
 2.54892753e-09  0.00000000e+00  1.20000000e+00  2.30837700e-04 
 2.55695410e-09  0.00000000e+00  1.20000000e+00  1.89360946e-04 
 2.56555625e-09  0.00000000e+00  1.20000000e+00  1.54536303e-04 
 2.57483125e-09  0.00000000e+00  1.20000000e+00  1.25670294e-04 
 2.58483125e-09  0.00000000e+00  1.20000000e+00  1.02223207e-04 
 2.59483125e-09  0.00000000e+00  1.20000000e+00  8.47786746e-05 
 2.60483125e-09  0.00000000e+00  1.20000000e+00  7.18049279e-05 
 2.61483125e-09  0.00000000e+00  1.20000000e+00  6.21562652e-05 
 2.62483125e-09  0.00000000e+00  1.20000000e+00  5.49822171e-05 
 2.63483125e-09  0.00000000e+00  1.20000000e+00  4.96475773e-05 
 2.64483125e-09  0.00000000e+00  1.20000000e+00  4.56814611e-05 
 2.65483125e-09  0.00000000e+00  1.20000000e+00  4.27323936e-05 
 2.66483125e-09  0.00000000e+00  1.20000000e+00  4.05399608e-05 
 2.67483125e-09  0.00000000e+00  1.20000000e+00  3.89097710e-05 
 2.68483125e-09  0.00000000e+00  1.20000000e+00  3.76978712e-05 
 2.69483125e-09  0.00000000e+00  1.20000000e+00  3.67967595e-05 
 2.70483125e-09  0.00000000e+00  1.20000000e+00  3.61268816e-05 
 2.71483125e-09  0.00000000e+00  1.20000000e+00  3.56287861e-05 
 2.72483125e-09  0.00000000e+00  1.20000000e+00  3.52585169e-05 
 2.73483125e-09  0.00000000e+00  1.20000000e+00  3.49831930e-05 
 2.74483125e-09  0.00000000e+00  1.20000000e+00  3.47785322e-05 
 2.75483125e-09  0.00000000e+00  1.20000000e+00  3.46263462e-05 
 2.76483125e-09  0.00000000e+00  1.20000000e+00  3.45132239e-05 
 2.77483125e-09  0.00000000e+00  1.20000000e+00  3.44291026e-05 
 2.78483125e-09  0.00000000e+00  1.20000000e+00  3.43665768e-05 
 2.79483125e-09  0.00000000e+00  1.20000000e+00  3.43200783e-05 
 2.80483125e-09  0.00000000e+00  1.20000000e+00  3.42855189e-05 
 2.81483125e-09  0.00000000e+00  1.20000000e+00  3.42598164e-05 
 2.82483125e-09  0.00000000e+00  1.20000000e+00  3.42407149e-05 
 2.83483125e-09  0.00000000e+00  1.20000000e+00  3.42265075e-05 
 2.84483125e-09  0.00000000e+00  1.20000000e+00  3.42159498e-05 
 2.85483125e-09  0.00000000e+00  1.20000000e+00  3.42080964e-05 
 2.86483125e-09  0.00000000e+00  1.20000000e+00  3.42022611e-05 
 2.87483125e-09  0.00000000e+00  1.20000000e+00  3.41979199e-05 
 2.88483125e-09  0.00000000e+00  1.20000000e+00  3.41946948e-05 
 2.89483125e-09  0.00000000e+00  1.20000000e+00  3.41922950e-05 
 2.90483125e-09  0.00000000e+00  1.20000000e+00  3.41905125e-05 
 2.91483125e-09  0.00000000e+00  1.20000000e+00  3.41891859e-05 
 2.92483125e-09  0.00000000e+00  1.20000000e+00  3.41882008e-05 
 2.93483125e-09  0.00000000e+00  1.20000000e+00  3.41874675e-05 
 2.94483125e-09  0.00000000e+00  1.20000000e+00  3.41869230e-05 
 2.95483125e-09  0.00000000e+00  1.20000000e+00  3.41865176e-05 
 2.96483125e-09  0.00000000e+00  1.20000000e+00  3.41862167e-05 
 2.97483125e-09  0.00000000e+00  1.20000000e+00  3.41859926e-05 
 2.98483125e-09  0.00000000e+00  1.20000000e+00  3.41858263e-05 
 2.99483125e-09  0.00000000e+00  1.20000000e+00  3.41857024e-05 
 3.00483125e-09  0.00000000e+00  1.20000000e+00  3.41856105e-05 
 3.01483125e-09  0.00000000e+00  1.20000000e+00  3.41855420e-05 
 3.02483125e-09  0.00000000e+00  1.20000000e+00  3.41854912e-05 
 3.03483125e-09  0.00000000e+00  1.20000000e+00  3.41854533e-05 
 3.04483125e-09  0.00000000e+00  1.20000000e+00  3.41854253e-05 
 3.05483125e-09  0.00000000e+00  1.20000000e+00  3.41854043e-05 
 3.06483125e-09  0.00000000e+00  1.20000000e+00  3.41853888e-05 
 3.07483125e-09  0.00000000e+00  1.20000000e+00  3.41853773e-05 
 3.08483125e-09  0.00000000e+00  1.20000000e+00  3.41853687e-05 
 3.09483125e-09  0.00000000e+00  1.20000000e+00  3.41853623e-05 
 3.10483125e-09  0.00000000e+00  1.20000000e+00  3.41853576e-05 
 3.11483125e-09  0.00000000e+00  1.20000000e+00  3.41853540e-05 
 3.12483125e-09  0.00000000e+00  1.20000000e+00  3.41853514e-05 
 3.13483125e-09  0.00000000e+00  1.20000000e+00  3.41853494e-05 
 3.14483125e-09  0.00000000e+00  1.20000000e+00  3.41853480e-05 
 3.15483125e-09  0.00000000e+00  1.20000000e+00  3.41853469e-05 
 3.16483125e-09  0.00000000e+00  1.20000000e+00  3.41853461e-05 
 3.17483125e-09  0.00000000e+00  1.20000000e+00  3.41853455e-05 
 3.18483125e-09  0.00000000e+00  1.20000000e+00  3.41853451e-05 
 3.19483125e-09  0.00000000e+00  1.20000000e+00  3.41853448e-05 
 3.20000000e-09  0.00000000e+00  1.20000000e+00  3.41853446e-05 
 3.20000550e-09  0.00000000e+00  1.19993402e+00  3.41853231e-05 
 3.20001650e-09  0.00000000e+00  1.19980206e+00  3.41851951e-05 
 3.20003849e-09  0.00000000e+00  1.19953814e+00  3.41839393e-05 
 3.20008248e-09  0.00000000e+00  1.19901030e+00  3.41728705e-05 
 3.20017045e-09  0.00000000e+00  1.19795461e+00  3.40852818e-05 
 3.20034640e-09  0.00000000e+00  1.19584324e+00  3.34659659e-05 
 3.20060529e-09  0.00000000e+00  1.19273647e+00  3.10676964e-05 
 3.20089493e-09  0.00000000e+00  1.18926079e+00  2.59612618e-05 
 3.20124165e-09  0.00000000e+00  1.18510020e+00  1.65519036e-05 
 3.20158388e-09  0.00000000e+00  1.18099345e+00  4.21530480e-06 
 3.20198094e-09  0.00000000e+00  1.17622872e+00 -1.30132840e-05 
 3.20239179e-09  0.00000000e+00  1.17129849e+00 -3.36489991e-05 
 3.20287280e-09  0.00000000e+00  1.16552639e+00 -6.07919083e-05 
 3.20338806e-09  0.00000000e+00  1.15934333e+00 -9.07089654e-05 
 3.20400256e-09  0.00000000e+00  1.15196930e+00 -1.26195429e-04 
 3.20468941e-09  0.00000000e+00  1.14372714e+00 -1.64393325e-04 
 3.20553076e-09  0.00000000e+00  1.13363085e+00 -2.07932956e-04 
 3.20648624e-09  0.00000000e+00  1.12216518e+00 -2.52348024e-04 
 3.20783057e-09  0.00000000e+00  1.10603320e+00 -3.05570235e-04 
 3.20958920e-09  0.00000000e+00  1.08492958e+00 -3.60092347e-04 
 3.21179927e-09  0.00000000e+00  1.05840873e+00 -4.08232242e-04 
 3.21434957e-09  0.00000000e+00  1.02780519e+00 -4.41825401e-04 
 3.21703664e-09  0.00000000e+00  9.95560266e-01 -4.58406266e-04 
 3.22003643e-09  0.00000000e+00  9.59562806e-01 -4.60811404e-04 
 3.22330599e-09  0.00000000e+00  9.20328082e-01 -4.50132418e-04 
 3.22702271e-09  0.00000000e+00  8.75727498e-01 -4.27273463e-04 
 3.22894261e-09  0.00000000e+00  8.52688641e-01 -4.12861676e-04 
 3.23037099e-09  0.00000000e+00  8.35548163e-01 -4.02071872e-04 
 3.23176740e-09  0.00000000e+00  8.18791157e-01 -3.92275991e-04 
 3.23321313e-09  0.00000000e+00  8.01442406e-01 -3.83783467e-04 
 3.23488580e-09  0.00000000e+00  7.81370362e-01 -3.77251337e-04 
 3.23643862e-09  0.00000000e+00  7.62736508e-01 -3.75132122e-04 
 3.23837164e-09  0.00000000e+00  7.39540317e-01 -3.77663183e-04 
 3.24060791e-09  0.00000000e+00  7.12705079e-01 -3.84922509e-04 
 3.24230307e-09  0.00000000e+00  6.92363184e-01 -3.90513495e-04 
 3.24397690e-09  0.00000000e+00  6.72277223e-01 -3.93071300e-04 
 3.24577757e-09  0.00000000e+00  6.50669202e-01 -3.90329842e-04 
 3.24776383e-09  0.00000000e+00  6.26834024e-01 -3.79332583e-04 
 3.25002379e-09  0.00000000e+00  5.99714543e-01 -3.56436332e-04 
 3.25251302e-09  0.00000000e+00  5.69843792e-01 -3.19919069e-04 
 3.25519519e-09  0.00000000e+00  5.37657677e-01 -2.70509681e-04 
 3.25822344e-09  0.00000000e+00  5.01318774e-01 -2.07085732e-04 
 3.26095849e-09  0.00000000e+00  4.68498080e-01 -1.46843871e-04 
 3.26320948e-09  0.00000000e+00  4.41486241e-01 -9.74817909e-05 
 3.26527205e-09  0.00000000e+00  4.16735406e-01 -5.37205412e-05 
 3.26738577e-09  0.00000000e+00  3.91370786e-01 -1.11777150e-05 
 3.26961340e-09  0.00000000e+00  3.64639221e-01  2.87045009e-05 
 3.27157596e-09  0.00000000e+00  3.41088540e-01  6.07896779e-05 
 3.27348939e-09  0.00000000e+00  3.18127273e-01  8.95877376e-05 
 3.27553902e-09  0.00000000e+00  2.93531718e-01  1.17530790e-04 
 3.27764098e-09  0.00000000e+00  2.68308184e-01  1.42958677e-04 
 3.27933221e-09  0.00000000e+00  2.48013536e-01  1.61027333e-04 
 3.28086379e-09  0.00000000e+00  2.29634484e-01  1.75574545e-04 
 3.28260912e-09  0.00000000e+00  2.08690586e-01  1.90108644e-04 
 3.28440585e-09  0.00000000e+00  1.87129827e-01  2.02884737e-04 
 3.28649003e-09  0.00000000e+00  1.62119645e-01  2.15080375e-04 
 3.28895531e-09  0.00000000e+00  1.32536316e-01  2.26133194e-04 
 3.29218141e-09  0.00000000e+00  9.38231068e-02  2.35655773e-04 
 3.29653008e-09  0.00000000e+00  4.16390243e-02  2.40988398e-04 
 3.30000000e-09  0.00000000e+00  3.99680289e-15  2.40153306e-04 
 3.30000763e-09  0.00000000e+00  0.00000000e+00  2.40147252e-04 
 3.30002288e-09  0.00000000e+00  0.00000000e+00  2.40135468e-04 
 3.30005339e-09  0.00000000e+00  0.00000000e+00  2.40114853e-04 
 3.30011440e-09  0.00000000e+00  0.00000000e+00  2.40097747e-04 
 3.30023642e-09  0.00000000e+00  0.00000000e+00  2.40246860e-04 
 3.30041338e-09  0.00000000e+00  0.00000000e+00  2.41135231e-04 
 3.30059091e-09  0.00000000e+00  0.00000000e+00  2.43069883e-04 
 3.30080790e-09  0.00000000e+00  0.00000000e+00  2.47083832e-04 
 3.30105070e-09  0.00000000e+00  0.00000000e+00  2.53813872e-04 
 3.30137771e-09  0.00000000e+00  0.00000000e+00  2.66475056e-04 
 3.30177953e-09  0.00000000e+00  0.00000000e+00  2.87057603e-04 
 3.30236733e-09  0.00000000e+00  0.00000000e+00  3.24945821e-04 
 3.30321424e-09  0.00000000e+00  0.00000000e+00  3.89811643e-04 
 3.30410520e-09  0.00000000e+00  0.00000000e+00  4.63784589e-04 
 3.30517532e-09  0.00000000e+00  0.00000000e+00  5.51417131e-04 
 3.30635363e-09  0.00000000e+00  0.00000000e+00  6.39377725e-04 
 3.30782283e-09  0.00000000e+00  0.00000000e+00  7.30878865e-04 
 3.30951529e-09  0.00000000e+00  0.00000000e+00  8.09458002e-04 
 3.31171174e-09  0.00000000e+00  0.00000000e+00  8.72373148e-04 
 3.31445937e-09  0.00000000e+00  0.00000000e+00  9.01487429e-04 
 3.31791983e-09  0.00000000e+00  0.00000000e+00  8.84069196e-04 
 3.32154514e-09  0.00000000e+00  0.00000000e+00  8.26837566e-04 
 3.32509010e-09  0.00000000e+00  0.00000000e+00  7.51812898e-04 
 3.32885463e-09  0.00000000e+00  0.00000000e+00  6.65355569e-04 
 3.33279600e-09  0.00000000e+00  0.00000000e+00  5.76265578e-04 
 3.33709213e-09  0.00000000e+00  0.00000000e+00  4.86695170e-04 
 3.34164218e-09  0.00000000e+00  0.00000000e+00  4.03417085e-04 
 3.34660712e-09  0.00000000e+00  0.00000000e+00  3.26932874e-04 
 3.35192650e-09  0.00000000e+00  0.00000000e+00  2.60573174e-04 
 3.35778037e-09  0.00000000e+00  0.00000000e+00  2.03601282e-04 
 3.36414980e-09  0.00000000e+00  0.00000000e+00  1.57087660e-04 
 3.37125018e-09  0.00000000e+00  0.00000000e+00  1.19754744e-04 
 3.37912739e-09  0.00000000e+00  0.00000000e+00  9.13078152e-05 
 3.38808039e-09  0.00000000e+00  0.00000000e+00  7.02684286e-05 
 3.39808039e-09  0.00000000e+00  0.00000000e+00  5.59012811e-05 
 3.40808039e-09  0.00000000e+00  0.00000000e+00  4.74613522e-05 
 3.41808039e-09  0.00000000e+00  0.00000000e+00  4.25154936e-05 
 3.42808039e-09  0.00000000e+00  0.00000000e+00  3.96208074e-05 
 3.43808039e-09  0.00000000e+00  0.00000000e+00  3.79276116e-05 
 3.44808039e-09  0.00000000e+00  0.00000000e+00  3.69375362e-05 
 3.45808039e-09  0.00000000e+00  0.00000000e+00  3.63586601e-05 
 3.46808039e-09  0.00000000e+00  0.00000000e+00  3.60202500e-05 
 3.47808039e-09  0.00000000e+00  0.00000000e+00  3.58224046e-05 
 3.48808039e-09  0.00000000e+00  0.00000000e+00  3.57067549e-05 
 3.49808039e-09  0.00000000e+00  0.00000000e+00  3.56391404e-05 
 3.50808039e-09  0.00000000e+00  0.00000000e+00  3.55996201e-05 
 3.51808039e-09  0.00000000e+00  0.00000000e+00  3.55765122e-05 
 3.52808039e-09  0.00000000e+00  0.00000000e+00  3.55630080e-05 
 3.53808039e-09  0.00000000e+00  0.00000000e+00  3.55551102e-05 
 3.54808039e-09  0.00000000e+00  0.00000000e+00  3.55504962e-05 
 3.55808039e-09  0.00000000e+00  0.00000000e+00  3.55477965e-05 
 3.56808039e-09  0.00000000e+00  0.00000000e+00  3.55462204e-05 
 3.57808039e-09  0.00000000e+00  0.00000000e+00  3.55452974e-05 
 3.58808039e-09  0.00000000e+00  0.00000000e+00  3.55447592e-05 
 3.59808039e-09  0.00000000e+00  0.00000000e+00  3.55444434e-05 
 3.60808039e-09  0.00000000e+00  0.00000000e+00  3.55442598e-05 
 3.61808039e-09  0.00000000e+00  0.00000000e+00  3.55441517e-05 
 3.62808039e-09  0.00000000e+00  0.00000000e+00  3.55440892e-05 
 3.63808039e-09  0.00000000e+00  0.00000000e+00  3.55440522e-05 
 3.64808039e-09  0.00000000e+00  0.00000000e+00  3.55440310e-05 
 3.65808039e-09  0.00000000e+00  0.00000000e+00  3.55440182e-05 
 3.66808039e-09  0.00000000e+00  0.00000000e+00  3.55440111e-05 
 3.67808039e-09  0.00000000e+00  0.00000000e+00  3.55440067e-05 
 3.68808039e-09  0.00000000e+00  0.00000000e+00  3.55440044e-05 
 3.69808039e-09  0.00000000e+00  0.00000000e+00  3.55440028e-05 
 3.70808039e-09  0.00000000e+00  0.00000000e+00  3.55440021e-05 
 3.71808039e-09  0.00000000e+00  0.00000000e+00  3.55440016e-05 
 3.72808039e-09  0.00000000e+00  0.00000000e+00  3.55440014e-05 
 3.73808039e-09  0.00000000e+00  0.00000000e+00  3.55440012e-05 
 3.74808039e-09  0.00000000e+00  0.00000000e+00  3.55440012e-05 
 3.75808039e-09  0.00000000e+00  0.00000000e+00  3.55440012e-05 
 3.76808039e-09  0.00000000e+00  0.00000000e+00  3.55440012e-05 
 3.77808039e-09  0.00000000e+00  0.00000000e+00  3.55440013e-05 
 3.78808039e-09  0.00000000e+00  0.00000000e+00  3.55440013e-05 
 3.79808039e-09  0.00000000e+00  0.00000000e+00  3.55440013e-05 
 3.80808039e-09  0.00000000e+00  0.00000000e+00  3.55440014e-05 
 3.81808039e-09  0.00000000e+00  0.00000000e+00  3.55440014e-05 
 3.82808039e-09  0.00000000e+00  0.00000000e+00  3.55440015e-05 
 3.83808039e-09  0.00000000e+00  0.00000000e+00  3.55440016e-05 
 3.84808039e-09  0.00000000e+00  0.00000000e+00  3.55440016e-05 
 3.85808039e-09  0.00000000e+00  0.00000000e+00  3.55440017e-05 
 3.86808039e-09  0.00000000e+00  0.00000000e+00  3.55440017e-05 
 3.87808039e-09  0.00000000e+00  0.00000000e+00  3.55440018e-05 
 3.88808039e-09  0.00000000e+00  0.00000000e+00  3.55440018e-05 
 3.89808039e-09  0.00000000e+00  0.00000000e+00  3.55440019e-05 
 3.90808039e-09  0.00000000e+00  0.00000000e+00  3.55440019e-05 
 3.91808039e-09  0.00000000e+00  0.00000000e+00  3.55440020e-05 
 3.92808039e-09  0.00000000e+00  0.00000000e+00  3.55440020e-05 
 3.93808039e-09  0.00000000e+00  0.00000000e+00  3.55440021e-05 
 3.94808039e-09  0.00000000e+00  0.00000000e+00  3.55440021e-05 
 3.95808039e-09  0.00000000e+00  0.00000000e+00  3.55440022e-05 
 3.96808039e-09  0.00000000e+00  0.00000000e+00  3.55440022e-05 
 3.97808039e-09  0.00000000e+00  0.00000000e+00  3.55440023e-05 
 3.98808039e-09  0.00000000e+00  0.00000000e+00  3.55440023e-05 
 3.99808039e-09  0.00000000e+00  0.00000000e+00  3.55440024e-05 
 4.00000000e-09  0.00000000e+00  0.00000000e+00  3.55440024e-05 
