 time            v(A)            v(B)            v(A_GT_B)       v(A_LT_B)       v(A_EQ_B)      
 0.00000000e+00  0.00000000e+00  0.00000000e+00  3.41853444e-05  3.70290211e-05  1.19926091e+00 
 1.00000000e-13  0.00000000e+00  0.00000000e+00  3.41853444e-05  3.70290211e-05  1.19926091e+00 
 2.00000000e-13  0.00000000e+00  0.00000000e+00  3.41853444e-05  3.70290211e-05  1.19926091e+00 
 4.00000000e-13  0.00000000e+00  0.00000000e+00  3.41853444e-05  3.70290211e-05  1.19926091e+00 
 8.00000000e-13  0.00000000e+00  0.00000000e+00  3.41853444e-05  3.70290211e-05  1.19926091e+00 
 1.60000000e-12  0.00000000e+00  0.00000000e+00  3.41853444e-05  3.70290211e-05  1.19926091e+00 
 3.20000000e-12  0.00000000e+00  0.00000000e+00  3.41853444e-05  3.70290211e-05  1.19926091e+00 
 6.40000000e-12  0.00000000e+00  0.00000000e+00  3.41853444e-05  3.70290211e-05  1.19926091e+00 
 1.28000000e-11  0.00000000e+00  0.00000000e+00  3.41853444e-05  3.70290211e-05  1.19926091e+00 
 2.28000000e-11  0.00000000e+00  0.00000000e+00  3.41853444e-05  3.70290211e-05  1.19926091e+00 
 3.28000000e-11  0.00000000e+00  0.00000000e+00  3.41853444e-05  3.70290211e-05  1.19926091e+00 
 4.28000000e-11  0.00000000e+00  0.00000000e+00  3.41853444e-05  3.70290211e-05  1.19926091e+00 
 5.28000000e-11  0.00000000e+00  0.00000000e+00  3.41853444e-05  3.70290211e-05  1.19926091e+00 
 6.28000000e-11  0.00000000e+00  0.00000000e+00  3.41853444e-05  3.70290211e-05  1.19926091e+00 
 7.28000000e-11  0.00000000e+00  0.00000000e+00  3.41853444e-05  3.70290211e-05  1.19926091e+00 
 8.28000000e-11  0.00000000e+00  0.00000000e+00  3.41853444e-05  3.70290211e-05  1.19926091e+00 
 9.28000000e-11  0.00000000e+00  0.00000000e+00  3.41853444e-05  3.70290211e-05  1.19926091e+00 
 1.00000000e-10  0.00000000e+00  0.00000000e+00  3.41853444e-05  3.70290211e-05  1.19926091e+00 
 1.01000000e-10  1.20000000e-02  0.00000000e+00  8.46477754e-05  3.96698819e-05  1.19926107e+00 
 1.03000000e-10  3.60000000e-02  0.00000000e+00  2.63805114e-04  5.07453201e-05  1.19926188e+00 
 1.07000000e-10  8.40000000e-02  0.00000000e+00  7.83929702e-04  8.42805675e-05  1.19926528e+00 
 1.15000000e-10  1.80000000e-01  0.00000000e+00  1.44987496e-03  1.09490669e-04  1.19926850e+00 
 1.25000000e-10  3.00000000e-01  0.00000000e+00  1.60773413e-03  8.12120680e-05  1.19926322e+00 
 1.35000000e-10  4.20000000e-01  0.00000000e+00  1.33539478e-03  3.76509860e-05  1.19925734e+00 
 1.45000000e-10  5.40000000e-01  0.00000000e+00  5.75771668e-04 -2.59276067e-05  1.19925443e+00 
 1.55000000e-10  6.60000000e-01  0.00000000e+00 -7.67315622e-04 -1.25602308e-04  1.19925280e+00 
 1.65000000e-10  7.80000000e-01  0.00000000e+00 -2.56626154e-03 -2.62710047e-04  1.19925235e+00 
 1.75000000e-10  9.00000000e-01  0.00000000e+00 -5.03932249e-03 -4.66486942e-04  1.19925283e+00 
 1.85000000e-10  1.02000000e+00  0.00000000e+00 -7.83693057e-03 -6.69577301e-04  1.19925497e+00 
 1.95000000e-10  1.14000000e+00  0.00000000e+00 -1.05157047e-02 -8.14857958e-04  1.19926026e+00 
 2.00000000e-10  1.20000000e+00  0.00000000e+00 -1.18968909e-02 -9.18804905e-04  1.19926367e+00 
 2.01000000e-10  1.20000000e+00  0.00000000e+00 -1.22068405e-02 -9.44876786e-04  1.19926425e+00 
 2.03000000e-10  1.20000000e+00  0.00000000e+00 -1.28539437e-02 -9.90833064e-04  1.19926524e+00 
 2.07000000e-10  1.20000000e+00  0.00000000e+00 -1.39805230e-02 -1.00991813e-03  1.19926788e+00 
 2.15000000e-10  1.20000000e+00  0.00000000e+00 -1.51472424e-02 -7.58861860e-04  1.19928032e+00 
 2.23056474e-10  1.20000000e+00  0.00000000e+00 -1.51852273e-02 -3.25680083e-04  1.19929668e+00 
 2.33056474e-10  1.20000000e+00  0.00000000e+00 -1.28109535e-02  1.50855335e-04  1.19930857e+00 
 2.43056474e-10  1.20000000e+00  0.00000000e+00 -4.26818700e-03  4.70186864e-04  1.19930557e+00 
 2.53056474e-10  1.20000000e+00  0.00000000e+00  1.42205213e-02  6.05305653e-04  1.19929117e+00 
 2.63056474e-10  1.20000000e+00  0.00000000e+00  4.98116276e-02  5.80288516e-04  1.19927258e+00 
 2.73056474e-10  1.20000000e+00  0.00000000e+00  1.16241012e-01  4.86926108e-04  1.19924516e+00 
 2.83056474e-10  1.20000000e+00  0.00000000e+00  2.15891677e-01  3.75793251e-04  1.19919435e+00 
 2.93056474e-10  1.20000000e+00  0.00000000e+00  3.42455059e-01  2.78096770e-04  1.19911058e+00 
 3.03056474e-10  1.20000000e+00  0.00000000e+00  4.88142614e-01  2.01264579e-04  1.19900293e+00 
 3.13056474e-10  1.20000000e+00  0.00000000e+00  6.46411910e-01  1.44623048e-04  1.19884003e+00 
 3.23056474e-10  1.20000000e+00  0.00000000e+00  8.08144775e-01  1.04686606e-04  1.19864017e+00 
 3.33056474e-10  1.20000000e+00  0.00000000e+00  9.51996047e-01  7.70728592e-05  1.19846006e+00 
 3.43056474e-10  1.20000000e+00  0.00000000e+00  1.05388456e+00  5.92789063e-05  1.19831565e+00 
 3.53056474e-10  1.20000000e+00  0.00000000e+00  1.11537081e+00  4.74822807e-05  1.19817343e+00 
 3.63056474e-10  1.20000000e+00  0.00000000e+00  1.15079637e+00  4.00619044e-05  1.19790344e+00 
 3.73056474e-10  1.20000000e+00  0.00000000e+00  1.17068143e+00  3.51313784e-05  1.19779021e+00 
 3.83056474e-10  1.20000000e+00  0.00000000e+00  1.18174425e+00  3.30564785e-05  1.19810411e+00 
 3.93056474e-10  1.20000000e+00  0.00000000e+00  1.18796876e+00  3.24748103e-05  1.19857346e+00 
 4.03056474e-10  1.20000000e+00  0.00000000e+00  1.19157826e+00  3.24701139e-05  1.19959917e+00 
 4.13056474e-10  1.20000000e+00  0.00000000e+00  1.19376759e+00  3.20172846e-05  1.20238240e+00 
 4.23056474e-10  1.20000000e+00  0.00000000e+00  1.19517371e+00  3.17712146e-05  1.20662478e+00 
 4.33056474e-10  1.20000000e+00  0.00000000e+00  1.19612819e+00  3.16710288e-05  1.21103714e+00 
 4.43056474e-10  1.20000000e+00  0.00000000e+00  1.19681251e+00  3.20277145e-05  1.21487632e+00 
 4.53056474e-10  1.20000000e+00  0.00000000e+00  1.19732156e+00  3.24810085e-05  1.21792612e+00 
 4.63056474e-10  1.20000000e+00  0.00000000e+00  1.19771348e+00  3.31008845e-05  1.22015308e+00 
 4.73056474e-10  1.20000000e+00  0.00000000e+00  1.19801945e+00  3.36125066e-05  1.22132289e+00 
 4.83056474e-10  1.20000000e+00  0.00000000e+00  1.19826298e+00  3.41174591e-05  1.22044304e+00 
 4.93056474e-10  1.20000000e+00  0.00000000e+00  1.19845681e+00  3.44736455e-05  1.21557692e+00 
 5.03056474e-10  1.20000000e+00  0.00000000e+00  1.19861315e+00  3.47921030e-05  1.20405182e+00 
 5.13056474e-10  1.20000000e+00  0.00000000e+00  1.19873836e+00  3.49987725e-05  1.18442984e+00 
 5.23056474e-10  1.20000000e+00  0.00000000e+00  1.19883988e+00  3.51767005e-05  1.15196014e+00 
 5.33056474e-10  1.20000000e+00  0.00000000e+00  1.19892127e+00  3.52845684e-05  1.09886066e+00 
 5.43056474e-10  1.20000000e+00  0.00000000e+00  1.19898744e+00  3.53755549e-05  1.01760556e+00 
 5.53056474e-10  1.20000000e+00  0.00000000e+00  1.19904044e+00  3.54272644e-05  9.05888419e-01 
 5.63056474e-10  1.20000000e+00  0.00000000e+00  1.19908361e+00  3.54684469e-05  7.66550112e-01 
 5.73056474e-10  1.20000000e+00  0.00000000e+00  1.19911813e+00  3.54933501e-05  6.04274827e-01 
 5.83056474e-10  1.20000000e+00  0.00000000e+00  1.19914631e+00  3.55117418e-05  4.25899006e-01 
 5.93056474e-10  1.20000000e+00  0.00000000e+00  1.19916879e+00  3.55260024e-05  2.50148410e-01 
 6.03056474e-10  1.20000000e+00  0.00000000e+00  1.19918719e+00  3.55343142e-05  1.20549430e-01 
 6.13056474e-10  1.20000000e+00  0.00000000e+00  1.19920183e+00  3.55463183e-05  5.29958176e-02 
 6.23056474e-10  1.20000000e+00  0.00000000e+00  1.19921385e+00  3.55468646e-05  2.32918267e-02 
 6.33056474e-10  1.20000000e+00  0.00000000e+00  1.19922337e+00  3.55499374e-05  1.13950992e-02 
 6.43056474e-10  1.20000000e+00  0.00000000e+00  1.19923122e+00  3.55428199e-05  6.66104006e-03 
 6.53056474e-10  1.20000000e+00  0.00000000e+00  1.19923742e+00  3.55471139e-05  4.61851349e-03 
 6.63056474e-10  1.20000000e+00  0.00000000e+00  1.19924255e+00  3.55435909e-05  3.57071403e-03 
 6.73056474e-10  1.20000000e+00  0.00000000e+00  1.19924658e+00  3.55517400e-05  2.91710710e-03 
 6.83056474e-10  1.20000000e+00  0.00000000e+00  1.19924994e+00  3.55493825e-05  2.43957151e-03 
 6.93056474e-10  1.20000000e+00  0.00000000e+00  1.19925256e+00  3.55569294e-05  2.06031901e-03 
 7.03056474e-10  1.20000000e+00  0.00000000e+00  1.19925476e+00  3.55529551e-05  1.74603278e-03 
 7.13056474e-10  1.20000000e+00  0.00000000e+00  1.19925646e+00  3.55586014e-05  1.48162205e-03 
 7.23056474e-10  1.20000000e+00  0.00000000e+00  1.19925790e+00  3.55533828e-05  1.25758430e-03 
 7.33056474e-10  1.20000000e+00  0.00000000e+00  1.19925901e+00  3.55578714e-05  1.06747599e-03 
 7.43056474e-10  1.20000000e+00  0.00000000e+00  1.19925995e+00  3.55524559e-05  9.06439692e-04 
 7.53056474e-10  1.20000000e+00  0.00000000e+00  1.19926067e+00  3.55564887e-05  7.69918713e-04 
 7.63056474e-10  1.20000000e+00  0.00000000e+00  1.19926129e+00  3.55514677e-05  6.53868417e-04 
 7.73056474e-10  1.20000000e+00  0.00000000e+00  1.19926175e+00  3.55553208e-05  5.55534684e-04 
 7.83056474e-10  1.20000000e+00  0.00000000e+00  1.19926216e+00  3.55508656e-05  4.72498475e-04 
 7.93056474e-10  1.20000000e+00  0.00000000e+00  1.19926246e+00  3.55545381e-05  4.02360977e-04 
 8.03056474e-10  1.20000000e+00  0.00000000e+00  1.19926273e+00  3.55506276e-05  3.43248850e-04 
 8.13056474e-10  1.20000000e+00  0.00000000e+00  1.19926292e+00  3.55540722e-05  2.93395539e-04 
 8.23056474e-10  1.20000000e+00  0.00000000e+00  1.19926310e+00  3.55506419e-05  2.51429003e-04 
 8.33056474e-10  1.20000000e+00  0.00000000e+00  1.19926323e+00  3.55538094e-05  2.16075350e-04 
 8.43056474e-10  1.20000000e+00  0.00000000e+00  1.19926335e+00  3.55507935e-05  1.86339809e-04 
 8.53056474e-10  1.20000000e+00  0.00000000e+00  1.19926342e+00  3.55536589e-05  1.61311231e-04 
 8.63056474e-10  1.20000000e+00  0.00000000e+00  1.19926350e+00  3.55510030e-05  1.40272379e-04 
 8.73056474e-10  1.20000000e+00  0.00000000e+00  1.19926355e+00  3.55535633e-05  1.22575428e-04 
 8.83056474e-10  1.20000000e+00  0.00000000e+00  1.19926361e+00  3.55512239e-05  1.07705295e-04 
 8.93056474e-10  1.20000000e+00  0.00000000e+00  1.19926364e+00  3.55534907e-05  9.52035503e-05 
 9.03056474e-10  1.20000000e+00  0.00000000e+00  1.19926367e+00  3.55514325e-05  8.47012759e-05 
 9.13056474e-10  1.20000000e+00  0.00000000e+00  1.19926369e+00  3.55534262e-05  7.58753038e-05 
 9.23056474e-10  1.20000000e+00  0.00000000e+00  1.19926372e+00  3.55516191e-05  6.84618274e-05 
 9.33056474e-10  1.20000000e+00  0.00000000e+00  1.19926373e+00  3.55533636e-05  6.22337576e-05 
 9.43056474e-10  1.20000000e+00  0.00000000e+00  1.19926375e+00  3.55517810e-05  5.70025894e-05 
 9.53056474e-10  1.20000000e+00  0.00000000e+00  1.19926375e+00  3.55533015e-05  5.26091972e-05 
 9.63056474e-10  1.20000000e+00  0.00000000e+00  1.19926377e+00  3.55519192e-05  4.89188889e-05 
 9.73056474e-10  1.20000000e+00  0.00000000e+00  1.19926377e+00  3.55532405e-05  4.58204560e-05 
 9.83056474e-10  1.20000000e+00  0.00000000e+00  1.19926378e+00  3.55520364e-05  4.32176072e-05 
 9.93056474e-10  1.20000000e+00  0.00000000e+00  1.19926378e+00  3.55531815e-05  4.10328261e-05 
 1.00305647e-09  1.20000000e+00  0.00000000e+00  1.19926379e+00  3.55521354e-05  3.91972061e-05 
 1.01305647e-09  1.20000000e+00  0.00000000e+00  1.19926379e+00  3.55531256e-05  3.76568651e-05 
 1.02305647e-09  1.20000000e+00  0.00000000e+00  1.19926379e+00  3.55522189e-05  3.63624236e-05 
 1.03305647e-09  1.20000000e+00  0.00000000e+00  1.19926379e+00  3.55530736e-05  3.52765426e-05 
 1.04305647e-09  1.20000000e+00  0.00000000e+00  1.19926379e+00  3.55522893e-05  3.43637731e-05 
 1.05305647e-09  1.20000000e+00  0.00000000e+00  1.19926379e+00  3.55530258e-05  3.35983304e-05 
 1.06305647e-09  1.20000000e+00  0.00000000e+00  1.19926380e+00  3.55523489e-05  3.29547116e-05 
 1.07305647e-09  1.20000000e+00  0.00000000e+00  1.19926380e+00  3.55529824e-05  3.24151839e-05 
 1.08305647e-09  1.20000000e+00  0.00000000e+00  1.19926380e+00  3.55523992e-05  3.19613544e-05 
 1.09305647e-09  1.20000000e+00  0.00000000e+00  1.19926380e+00  3.55529434e-05  3.15810875e-05 
 1.10000000e-09  1.20000000e+00  0.00000000e+00  1.19926380e+00  3.55524496e-05  3.13532013e-05 
 1.10100000e-09  1.20000000e+00  1.20000000e-02  1.19926555e+00  6.47271249e-05  3.14752890e-05 
 1.10300000e-09  1.20000000e+00  3.60000000e-02  1.19927373e+00  1.73773534e-04  3.22254099e-05 
 1.10700000e-09  1.20000000e+00  8.40000000e-02  1.19930776e+00  4.93959697e-04  3.60390630e-05 
 1.11500000e-09  1.20000000e+00  1.80000000e-01  1.19936478e+00  7.97615062e-04  4.11535326e-05 
 1.12500000e-09  1.20000000e+00  3.00000000e-01  1.19937004e+00  6.88995952e-04  3.74066086e-05 
 1.13500000e-09  1.20000000e+00  4.20000000e-01  1.19932943e+00  4.85737876e-04  3.22329686e-05 
 1.14500000e-09  1.20000000e+00  5.40000000e-01  1.19924522e+00  3.24763964e-04  2.98941243e-05 
 1.15500000e-09  1.20000000e+00  6.60000000e-01  1.19909204e+00  2.34108455e-04  2.87867521e-05 
 1.16500000e-09  1.20000000e+00  7.80000000e-01  1.19886032e+00  1.71406200e-04  2.55301814e-05 
 1.17500000e-09  1.20000000e+00  9.00000000e-01  1.19852494e+00 -3.08465368e-05  1.16271267e-05 
 1.18500000e-09  1.20000000e+00  1.02000000e+00  1.19813890e+00 -2.77522691e-04 -1.53641989e-05 
 1.19500000e-09  1.20000000e+00  1.14000000e+00  1.19786215e+00 -2.74403171e-04 -3.63992645e-05 
 1.20000000e-09  1.20000000e+00  1.20000000e+00  1.19782609e+00 -2.33763255e-04 -3.88908047e-05 
 1.20100000e-09  1.20000000e+00  1.20000000e+00  1.19783962e+00 -2.53132430e-04 -3.89505343e-05 
 1.20300000e-09  1.20000000e+00  1.20000000e+00  1.19789426e+00 -3.29185957e-04 -3.92325654e-05 
 1.20700000e-09  1.20000000e+00  1.20000000e+00  1.19822672e+00 -5.16323432e-04 -3.99667019e-05 
 1.21500000e-09  1.20000000e+00  1.20000000e+00  1.19992138e+00 -6.39913433e-04 -3.49051595e-05 
 1.22302938e-09  1.20000000e+00  1.20000000e+00  1.20308021e+00 -5.68199349e-04 -2.15032902e-05 
 1.23302938e-09  1.20000000e+00  1.20000000e+00  1.20788800e+00 -4.40083384e-04 -1.37522037e-06 
 1.24302938e-09  1.20000000e+00  1.20000000e+00  1.21301769e+00 -3.20803406e-04  2.46788010e-05 
 1.25302938e-09  1.20000000e+00  1.20000000e+00  1.21769662e+00 -2.30584199e-04  7.94800267e-05 
 1.26302938e-09  1.20000000e+00  1.20000000e+00  1.22150056e+00 -1.62974256e-04  1.91719289e-04 
 1.27302938e-09  1.20000000e+00  1.20000000e+00  1.22405565e+00 -1.13655238e-04  3.67841281e-04 
 1.28302938e-09  1.20000000e+00  1.20000000e+00  1.22399703e+00 -7.68410500e-05  6.37454440e-04 
 1.29302938e-09  1.20000000e+00  1.20000000e+00  1.21822144e+00 -4.94300834e-05  1.01217041e-03 
 1.30302938e-09  1.20000000e+00  1.20000000e+00  1.20219946e+00 -2.86864785e-05  1.37585893e-03 
 1.31302938e-09  1.20000000e+00  1.20000000e+00  1.17299910e+00 -1.30561064e-05  1.59396446e-03 
 1.32302938e-09  1.20000000e+00  1.20000000e+00  1.11840633e+00 -1.20850560e-06  1.51536647e-03 
 1.33302938e-09  1.20000000e+00  1.20000000e+00  1.02392739e+00  7.37813265e-06  8.18226536e-04 
 1.34302938e-09  1.20000000e+00  1.20000000e+00  8.85315120e-01  1.40591148e-05 -9.22577400e-04 
 1.35302938e-09  1.20000000e+00  1.20000000e+00  7.06203383e-01  1.91478764e-05 -4.01687804e-03 
 1.36302938e-09  1.20000000e+00  1.20000000e+00  4.96012556e-01  2.30127737e-05 -8.47616857e-03 
 1.37302938e-09  1.20000000e+00  1.20000000e+00  2.82037305e-01  2.59041722e-05 -1.37527436e-02 
 1.38302938e-09  1.20000000e+00  1.20000000e+00  1.27306257e-01  2.80699117e-05 -1.89891703e-02 
 1.39302938e-09  1.20000000e+00  1.20000000e+00  5.18379340e-02  2.96766104e-05 -2.26604785e-02 
 1.40302938e-09  1.20000000e+00  1.20000000e+00  2.13160001e-02  3.08773832e-05 -1.87492826e-02 
 1.41302938e-09  1.20000000e+00  1.20000000e+00  1.00544566e-02  3.17361809e-05  6.13866303e-03 
 1.42302938e-09  1.20000000e+00  1.20000000e+00  5.74888826e-03  3.23645499e-05  7.68751503e-02 
 1.43302938e-09  1.20000000e+00  1.20000000e+00  3.85488322e-03  3.28312430e-05  2.05768235e-01 
 1.44302938e-09  1.20000000e+00  1.20000000e+00  2.81419468e-03  3.31925599e-05  3.78449899e-01 
 1.45302938e-09  1.20000000e+00  1.20000000e+00  2.14153082e-03  3.34487240e-05  5.77345462e-01 
 1.46302938e-09  1.20000000e+00  1.20000000e+00  1.65197749e-03  3.36332296e-05  7.80831016e-01 
 1.47302938e-09  1.20000000e+00  1.20000000e+00  1.28662620e-03  3.37623889e-05  9.51841793e-01 
 1.48302938e-09  1.20000000e+00  1.20000000e+00  1.00377360e-03  3.38684787e-05  1.06230246e+00 
 1.49302938e-09  1.20000000e+00  1.20000000e+00  7.88011288e-04  3.39491560e-05  1.12487077e+00 
 1.50302938e-09  1.20000000e+00  1.20000000e+00  6.19605640e-04  3.40182260e-05  1.15916782e+00 
 1.51302938e-09  1.20000000e+00  1.20000000e+00  4.90975143e-04  3.40672261e-05  1.17751384e+00 
 1.52302938e-09  1.20000000e+00  1.20000000e+00  3.90395530e-04  3.41066829e-05  1.18732849e+00 
 1.53302938e-09  1.20000000e+00  1.20000000e+00  3.13629643e-04  3.41305238e-05  1.19258242e+00 
 1.54302938e-09  1.20000000e+00  1.20000000e+00  2.53460318e-04  3.41504346e-05  1.19546573e+00 
 1.55302938e-09  1.20000000e+00  1.20000000e+00  2.07556115e-04  3.41617202e-05  1.19705321e+00 
 1.56302938e-09  1.20000000e+00  1.20000000e+00  1.71437493e-04  3.41724409e-05  1.19796545e+00 
 1.57302938e-09  1.20000000e+00  1.20000000e+00  1.43874228e-04  3.41779840e-05  1.19848076e+00 
 1.58302938e-09  1.20000000e+00  1.20000000e+00  1.22067971e-04  3.41844130e-05  1.19879345e+00 
 1.59302938e-09  1.20000000e+00  1.20000000e+00  1.05408174e-04  3.41871484e-05  1.19897075e+00 
 1.60302938e-09  1.20000000e+00  1.20000000e+00  9.21323630e-05  3.41911144e-05  1.19908587e+00 
 1.61302938e-09  1.20000000e+00  1.20000000e+00  8.19676074e-05  3.41922732e-05  1.19914876e+00 
 1.62302938e-09  1.20000000e+00  1.20000000e+00  7.37927423e-05  3.41947497e-05  1.19919400e+00 
 1.63302938e-09  1.20000000e+00  1.20000000e+00  6.75113620e-05  3.41950672e-05  1.19921612e+00 
 1.64302938e-09  1.20000000e+00  1.20000000e+00  6.24019901e-05  3.41966719e-05  1.19923520e+00 
 1.65302938e-09  1.20000000e+00  1.20000000e+00  5.84552820e-05  3.41965886e-05  1.19924238e+00 
 1.66302938e-09  1.20000000e+00  1.20000000e+00  5.52009602e-05  3.41976869e-05  1.19925118e+00 
 1.67302938e-09  1.20000000e+00  1.20000000e+00  5.26685302e-05  3.41974380e-05  1.19925288e+00 
 1.68302938e-09  1.20000000e+00  1.20000000e+00  5.05471317e-05  3.41982306e-05  1.19925741e+00 
 1.69302938e-09  1.20000000e+00  1.20000000e+00  4.88801138e-05  3.41979307e-05  1.19925719e+00 
 1.70302938e-09  1.20000000e+00  1.20000000e+00  4.74588897e-05  3.41985261e-05  1.19925983e+00 
 1.71302938e-09  1.20000000e+00  1.20000000e+00  4.63283978e-05  3.41982257e-05  1.19925902e+00 
 1.72302938e-09  1.20000000e+00  1.20000000e+00  4.53464503e-05  3.41986857e-05  1.19926075e+00 
 1.73302938e-09  1.20000000e+00  1.20000000e+00  4.45541389e-05  3.41984097e-05  1.19925984e+00 
 1.74302938e-09  1.20000000e+00  1.20000000e+00  4.38529387e-05  3.41987718e-05  1.19926107e+00 
 1.75302938e-09  1.20000000e+00  1.20000000e+00  4.32781698e-05  3.41985265e-05  1.19926023e+00 
 1.76302938e-09  1.20000000e+00  1.20000000e+00  4.27604190e-05  3.41988147e-05  1.19926116e+00 
 1.77302938e-09  1.20000000e+00  1.20000000e+00  4.23290179e-05  3.41986021e-05  1.19926044e+00 
 1.78302938e-09  1.20000000e+00  1.20000000e+00  4.19342439e-05  3.41988335e-05  1.19926116e+00 
 1.79302938e-09  1.20000000e+00  1.20000000e+00  4.15999737e-05  3.41986524e-05  1.19926057e+00 
 1.80302938e-09  1.20000000e+00  1.20000000e+00  4.12900050e-05  3.41988393e-05  1.19926114e+00 
 1.81302938e-09  1.20000000e+00  1.20000000e+00  4.10235523e-05  3.41986867e-05  1.19926065e+00 
 1.82302938e-09  1.20000000e+00  1.20000000e+00  4.07738416e-05  3.41988382e-05  1.19926110e+00 
 1.83302938e-09  1.20000000e+00  1.20000000e+00  4.05562422e-05  3.41987108e-05  1.19926071e+00 
 1.84302938e-09  1.20000000e+00  1.20000000e+00  4.03506575e-05  3.41988339e-05  1.19926107e+00 
 1.85302938e-09  1.20000000e+00  1.20000000e+00  4.01693505e-05  3.41987282e-05  1.19926075e+00 
 1.86302938e-09  1.20000000e+00  1.20000000e+00  3.99982313e-05  3.41988282e-05  1.19926104e+00 
 1.87302938e-09  1.20000000e+00  1.20000000e+00  3.98458852e-05  3.41987410e-05  1.19926078e+00 
 1.88302938e-09  1.20000000e+00  1.20000000e+00  3.96987797e-05  3.41988225e-05  1.19926102e+00 
 1.89302938e-09  1.20000000e+00  1.20000000e+00  3.95662019e-05  3.41987510e-05  1.19926081e+00 
 1.90302938e-09  1.20000000e+00  1.20000000e+00  3.94393957e-05  3.41988171e-05  1.19926100e+00 
 1.91302938e-09  1.20000000e+00  1.20000000e+00  3.93246041e-05  3.41987586e-05  1.19926083e+00 
 1.92302938e-09  1.20000000e+00  1.20000000e+00  3.92146241e-05  3.41988122e-05  1.19926098e+00 
 1.93302938e-09  1.20000000e+00  1.20000000e+00  3.91144040e-05  3.41987644e-05  1.19926084e+00 
 1.94302938e-09  1.20000000e+00  1.20000000e+00  3.90182052e-05  3.41988079e-05  1.19926097e+00 
 1.95302938e-09  1.20000000e+00  1.20000000e+00  3.89300225e-05  3.41987691e-05  1.19926086e+00 
 1.96302938e-09  1.20000000e+00  1.20000000e+00  3.88452644e-05  3.41988042e-05  1.19926096e+00 
 1.97302938e-09  1.20000000e+00  1.20000000e+00  3.87671673e-05  3.41987729e-05  1.19926087e+00 
 1.98302938e-09  1.20000000e+00  1.20000000e+00  3.86920332e-05  3.41988012e-05  1.19926095e+00 
 1.99302938e-09  1.20000000e+00  1.20000000e+00  3.86224904e-05  3.41987760e-05  1.19926088e+00 
 2.00302938e-09  1.20000000e+00  1.20000000e+00  3.85555421e-05  3.41987987e-05  1.19926094e+00 
 2.01302938e-09  1.20000000e+00  1.20000000e+00  3.84933275e-05  3.41987784e-05  1.19926088e+00 
 2.02302938e-09  1.20000000e+00  1.20000000e+00  3.84334058e-05  3.41987966e-05  1.19926093e+00 
 2.03302938e-09  1.20000000e+00  1.20000000e+00  3.83775216e-05  3.41987804e-05  1.19926089e+00 
 2.04302938e-09  1.20000000e+00  1.20000000e+00  3.83236778e-05  3.41987949e-05  1.19926093e+00 
 2.05302938e-09  1.20000000e+00  1.20000000e+00  3.82733000e-05  3.41987820e-05  1.19926089e+00 
 2.06302938e-09  1.20000000e+00  1.20000000e+00  3.82247476e-05  3.41987935e-05  1.19926093e+00 
 2.07302938e-09  1.20000000e+00  1.20000000e+00  3.81791876e-05  3.41987833e-05  1.19926090e+00 
 2.08302938e-09  1.20000000e+00  1.20000000e+00  3.81352681e-05  3.41987923e-05  1.19926092e+00 
 2.09302938e-09  1.20000000e+00  1.20000000e+00  3.80939451e-05  3.41987843e-05  1.19926090e+00 
 2.10302938e-09  1.20000000e+00  1.20000000e+00  3.80541015e-05  3.41987914e-05  1.19926092e+00 
 2.11302938e-09  1.20000000e+00  1.20000000e+00  3.80165216e-05  3.41987851e-05  1.19926090e+00 
 2.12302938e-09  1.20000000e+00  1.20000000e+00  3.79802797e-05  3.41987907e-05  1.19926092e+00 
 2.13302938e-09  1.20000000e+00  1.20000000e+00  3.79460199e-05  3.41987858e-05  1.19926090e+00 
 2.14302938e-09  1.20000000e+00  1.20000000e+00  3.79129734e-05  3.41987901e-05  1.19926092e+00 
 2.15302938e-09  1.20000000e+00  1.20000000e+00  3.78816691e-05  3.41987863e-05  1.19926090e+00 
 2.16302938e-09  1.20000000e+00  1.20000000e+00  3.78514675e-05  3.41987896e-05  1.19926092e+00 
 2.17302938e-09  1.20000000e+00  1.20000000e+00  3.78228031e-05  3.41987867e-05  1.19926090e+00 
 2.18302938e-09  1.20000000e+00  1.20000000e+00  3.77951430e-05  3.41987892e-05  1.19926091e+00 
 2.19302938e-09  1.20000000e+00  1.20000000e+00  3.77688439e-05  3.41987871e-05  1.19926091e+00 
 2.20000000e-09  1.20000000e+00  1.20000000e+00  3.77509667e-05  3.41987889e-05  1.19926091e+00 
 2.20100000e-09  1.18800000e+00  1.20000000e+00 -2.41603268e-06  3.06476881e-05  1.19926066e+00 
 2.20300000e-09  1.16400000e+00  1.20000000e+00 -1.40798980e-04  1.62520587e-05  1.19925942e+00 
 2.20700000e-09  1.11600000e+00  1.20000000e+00 -4.56333069e-04 -2.81566401e-05  1.19925413e+00 
 2.21500000e-09  1.02000000e+00  1.20000000e+00 -7.06127651e-04 -6.49910522e-05  1.19924802e+00 
 2.22348894e-09  9.18132709e-01  1.20000000e+00 -6.70366305e-04 -4.94281539e-05  1.19925272e+00 
 2.23348894e-09  7.98132709e-01  1.20000000e+00 -5.62919896e-04 -2.49920116e-05  1.19926114e+00 
 2.24348894e-09  6.78132709e-01  1.20000000e+00 -5.59542348e-04  9.74128932e-06  1.19926784e+00 
 2.25348894e-09  5.58132709e-01  1.20000000e+00 -5.30956107e-04  9.38588787e-05  1.19927639e+00 
 2.26348894e-09  4.38132709e-01  1.20000000e+00 -3.09839662e-04  2.71471609e-04  1.19928984e+00 
 2.27348894e-09  3.18132709e-01  1.20000000e+00 -1.07626987e-04  5.64422441e-04  1.19930750e+00 
 2.28348894e-09  1.98132709e-01  1.20000000e+00 -1.06505197e-05  9.04409261e-04  1.19932158e+00 
 2.29348894e-09  7.81327091e-02  1.20000000e+00 -3.28966688e-05  1.17363929e-03  1.19932365e+00 
 2.30000000e-09  0.00000000e+00  1.20000000e+00 -1.20169328e-04  1.30876383e-03  1.19931892e+00 
 2.30100000e-09  0.00000000e+00  1.20000000e+00 -8.86192056e-05  1.32458406e-03  1.19931808e+00 
 2.30300000e-09  0.00000000e+00  1.20000000e+00  4.36206910e-05  1.35210611e-03  1.19931682e+00 
 2.30700000e-09  0.00000000e+00  1.20000000e+00  4.15755661e-04  1.35597805e-03  1.19931415e+00 
 2.31500000e-09  0.00000000e+00  1.20000000e+00  7.73619901e-04  1.00924622e-03  1.19928516e+00 
 2.32500000e-09  0.00000000e+00  1.20000000e+00  6.67814852e-04 -7.78053675e-05  1.19918523e+00 
 2.33500000e-09  0.00000000e+00  1.20000000e+00  4.58218125e-04 -1.70670584e-03  1.19901779e+00 
 2.34500000e-09  0.00000000e+00  1.20000000e+00  2.96690856e-04 -3.66714216e-03  1.19880932e+00 
 2.35500000e-09  0.00000000e+00  1.20000000e+00  1.92263656e-04 -6.06151737e-03  1.19851653e+00 
 2.36500000e-09  0.00000000e+00  1.20000000e+00  1.27250756e-04 -8.38926316e-03  1.19814599e+00 
 2.37500000e-09  0.00000000e+00  1.20000000e+00  8.99756946e-05 -1.03549612e-02  1.19781751e+00 
 2.38500000e-09  0.00000000e+00  1.20000000e+00  6.74272064e-05 -1.20208043e-02  1.19766877e+00 
 2.39500000e-09  0.00000000e+00  1.20000000e+00  5.46552403e-05 -1.32109483e-02  1.19815408e+00 
 2.40500000e-09  0.00000000e+00  1.20000000e+00  4.63414002e-05 -1.34088271e-02  1.20006414e+00 
 2.41500000e-09  0.00000000e+00  1.20000000e+00  4.20212592e-05 -1.11016901e-02  1.20457084e+00 
 2.42500000e-09  0.00000000e+00  1.20000000e+00  3.88860158e-05 -2.75881828e-03  1.21038166e+00 
 2.43500000e-09  0.00000000e+00  1.20000000e+00  3.76510161e-05  1.51446445e-02  1.21567706e+00 
 2.44500000e-09  0.00000000e+00  1.20000000e+00  3.64204092e-05  4.96370744e-02  1.21957994e+00 
 2.45500000e-09  0.00000000e+00  1.20000000e+00  3.62388412e-05  1.14130588e-01  1.22204748e+00 
 2.46500000e-09  0.00000000e+00  1.20000000e+00  3.57157720e-05  2.11684668e-01  1.22292772e+00 
 2.47500000e-09  0.00000000e+00  1.20000000e+00  3.58856445e-05  3.36430715e-01  1.22115165e+00 
 2.48500000e-09  0.00000000e+00  1.20000000e+00  3.56309695e-05  4.80612580e-01  1.21462136e+00 
 2.49500000e-09  0.00000000e+00  1.20000000e+00  3.58595246e-05  6.37741980e-01  1.20057458e+00 
 2.50500000e-09  0.00000000e+00  1.20000000e+00  3.56736300e-05  7.99182407e-01  1.17810214e+00 
 2.51500000e-09  0.00000000e+00  1.20000000e+00  3.58576280e-05  9.44499634e-01  1.14065552e+00 
 2.52500000e-09  0.00000000e+00  1.20000000e+00  3.56866306e-05  1.04904252e+00  1.08014714e+00 
 2.53500000e-09  0.00000000e+00  1.20000000e+00  3.58257810e-05  1.11252012e+00  9.90291681e-01 
 2.54500000e-09  0.00000000e+00  1.20000000e+00  3.56778211e-05  1.14913814e+00  8.70256946e-01 
 2.55500000e-09  0.00000000e+00  1.20000000e+00  3.57883768e-05  1.16973331e+00  7.23842583e-01 
 2.56500000e-09  0.00000000e+00  1.20000000e+00  3.56630892e-05  1.18119468e+00  5.56024685e-01 
 2.57500000e-09  0.00000000e+00  1.20000000e+00  3.57484624e-05  1.18764052e+00  3.75220367e-01 
 2.58500000e-09  0.00000000e+00  1.20000000e+00  3.56383208e-05  1.19137078e+00  2.07470058e-01 
 2.59500000e-09  0.00000000e+00  1.20000000e+00  3.57036011e-05  1.19362868e+00  9.62702848e-02 
 2.60500000e-09  0.00000000e+00  1.20000000e+00  3.56119559e-05  1.19507414e+00  4.19191248e-02 
 2.61500000e-09  0.00000000e+00  1.20000000e+00  3.56635520e-05  1.19605323e+00  1.87774445e-02 
 2.62500000e-09  0.00000000e+00  1.20000000e+00  3.55865408e-05  1.19675310e+00  9.61974351e-03 
 2.63500000e-09  0.00000000e+00  1.20000000e+00  3.56295361e-05  1.19727326e+00  5.91643932e-03 
 2.64500000e-09  0.00000000e+00  1.20000000e+00  3.55708782e-05  1.19767299e+00  4.26313239e-03 
 2.65500000e-09  0.00000000e+00  1.20000000e+00  3.56100492e-05  1.19798539e+00  3.35666074e-03 
 2.66500000e-09  0.00000000e+00  1.20000000e+00  3.55647313e-05  1.19823382e+00  2.77244005e-03 
 2.67500000e-09  0.00000000e+00  1.20000000e+00  3.55977043e-05  1.19843194e+00  2.32295850e-03 
 2.68500000e-09  0.00000000e+00  1.20000000e+00  3.55607730e-05  1.19859167e+00  1.96685985e-03 
 2.69500000e-09  0.00000000e+00  1.20000000e+00  3.55866322e-05  1.19871998e+00  1.66356516e-03 
 2.70500000e-09  0.00000000e+00  1.20000000e+00  3.55557386e-05  1.19882399e+00  1.41328730e-03 
 2.71500000e-09  0.00000000e+00  1.20000000e+00  3.55763374e-05  1.19890771e+00  1.19666121e-03 
 2.72500000e-09  0.00000000e+00  1.20000000e+00  3.55512120e-05  1.19897574e+00  1.01691231e-03 
 2.73500000e-09  0.00000000e+00  1.20000000e+00  3.55681282e-05  1.19903050e+00  8.61288144e-04 
 2.74500000e-09  0.00000000e+00  1.20000000e+00  3.55480798e-05  1.19907507e+00  7.32225801e-04 
 2.75500000e-09  0.00000000e+00  1.20000000e+00  3.55621778e-05  1.19911092e+00  6.20744346e-04 
 2.76500000e-09  0.00000000e+00  1.20000000e+00  3.55462897e-05  1.19914014e+00  5.28413266e-04 
 2.77500000e-09  0.00000000e+00  1.20000000e+00  3.55580374e-05  1.19916361e+00  4.48855977e-04 
 2.78500000e-09  0.00000000e+00  1.20000000e+00  3.55454267e-05  1.19918278e+00  3.83039089e-04 
 2.79500000e-09  0.00000000e+00  1.20000000e+00  3.55551492e-05  1.19919814e+00  3.26449767e-04 
 2.80500000e-09  0.00000000e+00  1.20000000e+00  3.55450885e-05  1.19921072e+00  2.79669033e-04 
 2.81500000e-09  0.00000000e+00  1.20000000e+00  3.55530715e-05  1.19922077e+00  2.39519660e-04 
 2.82500000e-09  0.00000000e+00  1.20000000e+00  3.55450012e-05  1.19922902e+00  2.06342150e-04 
 2.83500000e-09  0.00000000e+00  1.20000000e+00  3.55515125e-05  1.19923560e+00  1.77911293e-04 
 2.84500000e-09  0.00000000e+00  1.20000000e+00  3.55450099e-05  1.19924102e+00  1.54419132e-04 
 2.85500000e-09  0.00000000e+00  1.20000000e+00  3.55502952e-05  1.19924533e+00  1.34314933e-04 
 2.86500000e-09  0.00000000e+00  1.20000000e+00  3.55450393e-05  1.19924888e+00  1.17699862e-04 
 2.87500000e-09  0.00000000e+00  1.20000000e+00  3.55493155e-05  1.19925170e+00  1.03498392e-04 
 2.88500000e-09  0.00000000e+00  1.20000000e+00  3.55450589e-05  1.19925403e+00  9.17567302e-05 
 2.89500000e-09  0.00000000e+00  1.20000000e+00  3.55485116e-05  1.19925587e+00  8.17325464e-05 
 2.90500000e-09  0.00000000e+00  1.20000000e+00  3.55450604e-05  1.19925741e+00  7.34394959e-05 
 2.91500000e-09  0.00000000e+00  1.20000000e+00  3.55478447e-05  1.19925861e+00  6.63678716e-05 
 2.92500000e-09  0.00000000e+00  1.20000000e+00  3.55450450e-05  1.19925962e+00  6.05127419e-05 
 2.93500000e-09  0.00000000e+00  1.20000000e+00  3.55472887e-05  1.19926040e+00  5.55261555e-05 
 2.94500000e-09  0.00000000e+00  1.20000000e+00  3.55450168e-05  1.19926106e+00  5.13932536e-05 
 2.95500000e-09  0.00000000e+00  1.20000000e+00  3.55468241e-05  1.19926158e+00  4.78781176e-05 
 2.96500000e-09  0.00000000e+00  1.20000000e+00  3.55449802e-05  1.19926201e+00  4.49612697e-05 
 2.97500000e-09  0.00000000e+00  1.20000000e+00  3.55464355e-05  1.19926234e+00  4.24840633e-05 
 2.98500000e-09  0.00000000e+00  1.20000000e+00  3.55449388e-05  1.19926263e+00  4.04255881e-05 
 2.99500000e-09  0.00000000e+00  1.20000000e+00  3.55461104e-05  1.19926285e+00  3.86802491e-05 
 3.00500000e-09  0.00000000e+00  1.20000000e+00  3.55448954e-05  1.19926304e+00  3.72275470e-05 
 3.01500000e-09  0.00000000e+00  1.20000000e+00  3.55458381e-05  1.19926318e+00  3.59981182e-05 
 3.02500000e-09  0.00000000e+00  1.20000000e+00  3.55448515e-05  1.19926330e+00  3.49728736e-05 
 3.03500000e-09  0.00000000e+00  1.20000000e+00  3.55456098e-05  1.19926339e+00  3.41070383e-05 
 3.04500000e-09  0.00000000e+00  1.20000000e+00  3.55448084e-05  1.19926348e+00  3.33834086e-05 
 3.05500000e-09  0.00000000e+00  1.20000000e+00  3.55454181e-05  1.19926354e+00  3.27737693e-05 
 3.06500000e-09  0.00000000e+00  1.20000000e+00  3.55447668e-05  1.19926359e+00  3.22629591e-05 
 3.07500000e-09  0.00000000e+00  1.20000000e+00  3.55452566e-05  1.19926363e+00  3.18338086e-05 
 3.08500000e-09  0.00000000e+00  1.20000000e+00  3.55447270e-05  1.19926366e+00  3.14731699e-05 
 3.09500000e-09  0.00000000e+00  1.20000000e+00  3.55451202e-05  1.19926369e+00  3.11711507e-05 
 3.10500000e-09  0.00000000e+00  1.20000000e+00  3.55446893e-05  1.19926371e+00  3.09164849e-05 
 3.11500000e-09  0.00000000e+00  1.20000000e+00  3.55450046e-05  1.19926373e+00  3.07039974e-05 
 3.12500000e-09  0.00000000e+00  1.20000000e+00  3.55446536e-05  1.19926374e+00  3.05241227e-05 
 3.13500000e-09  0.00000000e+00  1.20000000e+00  3.55449062e-05  1.19926375e+00  3.03746754e-05 
 3.14500000e-09  0.00000000e+00  1.20000000e+00  3.55446201e-05  1.19926376e+00  3.02475920e-05 
 3.15500000e-09  0.00000000e+00  1.20000000e+00  3.55448221e-05  1.19926377e+00  3.01425229e-05 
 3.16500000e-09  0.00000000e+00  1.20000000e+00  3.55445886e-05  1.19926378e+00  3.00527086e-05 
 3.17500000e-09  0.00000000e+00  1.20000000e+00  3.55447499e-05  1.19926378e+00  2.99788727e-05 
 3.18500000e-09  0.00000000e+00  1.20000000e+00  3.55445592e-05  1.19926379e+00  2.99153747e-05 
 3.19500000e-09  0.00000000e+00  1.20000000e+00  3.55446877e-05  1.19926379e+00  2.98635147e-05 
 3.20000000e-09  0.00000000e+00  1.20000000e+00  3.55445488e-05  1.19926379e+00  2.98397913e-05 
 3.20100000e-09  0.00000000e+00  1.18800000e+00  3.35069080e-05  1.19923615e+00  2.97277685e-05 
 3.20300000e-09  0.00000000e+00  1.16400000e+00  2.49037436e-05  1.19913098e+00  2.91802305e-05 
 3.20700000e-09  0.00000000e+00  1.11600000e+00 -7.73514398e-07  1.19878233e+00  2.69048829e-05 
 3.21500000e-09  0.00000000e+00  1.02000000e+00 -1.20691053e-05  1.19821971e+00  2.45585827e-05 
 3.22339979e-09  0.00000000e+00  9.19202523e-01  1.42738638e-05  1.19798412e+00  2.64451904e-05 
 3.23339979e-09  0.00000000e+00  7.99202523e-01  3.67598351e-05  1.19800806e+00  2.90348098e-05 
 3.24339979e-09  0.00000000e+00  6.79202523e-01  5.60457161e-05  1.19839493e+00  2.99974582e-05 
 3.25339979e-09  0.00000000e+00  5.59202523e-01  9.46635496e-05  1.19960932e+00  3.05293214e-05 
 3.26339979e-09  0.00000000e+00  4.39202523e-01  1.69780181e-04  1.20222571e+00  3.27750269e-05 
 3.27339979e-09  0.00000000e+00  3.19202523e-01  2.83864831e-04  1.20584950e+00  3.49076265e-05 
 3.28339979e-09  0.00000000e+00  1.99202523e-01  3.97663352e-04  1.21029313e+00  3.51790217e-05 
 3.29339979e-09  0.00000000e+00  7.92025226e-02  4.59632697e-04  1.21529922e+00  3.44918392e-05 
 3.30000000e-09  0.00000000e+00  3.99680289e-15  4.83100386e-04  1.21873637e+00  3.36896218e-05 
 3.30100000e-09  0.00000000e+00  0.00000000e+00  4.89324767e-04  1.21929377e+00  3.37102327e-05 
 3.30300000e-09  0.00000000e+00  0.00000000e+00  5.04338927e-04  1.22045339e+00  3.42074467e-05 
 3.30700000e-09  0.00000000e+00  0.00000000e+00  5.23242057e-04  1.22275778e+00  3.70428687e-05 
 3.31500000e-09  0.00000000e+00  0.00000000e+00  4.51295349e-04  1.22593205e+00  3.94394733e-05 
 3.32500000e-09  0.00000000e+00  0.00000000e+00  2.82107299e-04  1.22590498e+00  3.34819185e-05 
 3.33500000e-09  0.00000000e+00  0.00000000e+00  1.47932505e-04  1.21907458e+00  2.73231350e-05 
 3.34500000e-09  0.00000000e+00  0.00000000e+00  1.75739569e-05  1.20109015e+00  2.24714878e-05 
 3.35500000e-09  0.00000000e+00  0.00000000e+00 -1.97440707e-04  1.16919826e+00  1.46121784e-05 
 3.36500000e-09  0.00000000e+00  0.00000000e+00 -3.77015529e-04  1.10936695e+00  3.78938583e-06 
 3.37500000e-09  0.00000000e+00  0.00000000e+00 -3.97322063e-04  1.00802147e+00 -6.02387096e-06 
 3.38500000e-09  0.00000000e+00  0.00000000e+00 -3.74463411e-04  8.62134965e-01 -1.07524610e-05 
 3.39500000e-09  0.00000000e+00  0.00000000e+00 -3.46510000e-04  6.76426265e-01 -1.07072685e-05 
 3.40500000e-09  0.00000000e+00  0.00000000e+00 -3.08138600e-04  4.61883242e-01 -7.49249293e-06 
 3.41500000e-09  0.00000000e+00  0.00000000e+00 -2.69773510e-04  2.51937606e-01 -1.28251258e-06 
 3.42500000e-09  0.00000000e+00  0.00000000e+00 -2.26787394e-04  1.10594065e-01  1.07166158e-05 
 3.43500000e-09  0.00000000e+00  0.00000000e+00 -1.87074575e-04  4.46737317e-02  3.92645502e-05 
 3.44500000e-09  0.00000000e+00  0.00000000e+00 -1.48782597e-04  1.85977692e-02  9.77957481e-05 
 3.45500000e-09  0.00000000e+00  0.00000000e+00 -1.16106916e-04  9.03015737e-03  1.93480035e-04 
 3.46500000e-09  0.00000000e+00  0.00000000e+00 -8.68901020e-05  5.30517329e-03  3.39626901e-04 
 3.47500000e-09  0.00000000e+00  0.00000000e+00 -6.27334164e-05  3.62517263e-03  5.34666345e-04 
 3.48500000e-09  0.00000000e+00  0.00000000e+00 -4.20150816e-05  2.66241340e-03  7.27549931e-04 
 3.49500000e-09  0.00000000e+00  0.00000000e+00 -2.53380814e-05  2.03681908e-03  8.43392955e-04 
 3.50500000e-09  0.00000000e+00  0.00000000e+00 -1.16024174e-05  1.56915569e-03  7.49779770e-04 
 3.51500000e-09  0.00000000e+00  0.00000000e+00 -9.53103463e-07  1.22584707e-03  1.50385295e-04 
 3.52500000e-09  0.00000000e+00  0.00000000e+00  7.09452974e-06  9.52923967e-04 -1.33840979e-03 
 3.53500000e-09  0.00000000e+00  0.00000000e+00  1.33296802e-05  7.49421785e-04 -3.64052530e-03 
 3.54500000e-09  0.00000000e+00  0.00000000e+00  1.81522934e-05  5.85639920e-04 -6.44524442e-03 
 3.55500000e-09  0.00000000e+00  0.00000000e+00  2.17208435e-05  4.64074559e-04 -9.54016540e-03 
 3.56500000e-09  0.00000000e+00  0.00000000e+00  2.43840691e-05  3.65732650e-04 -1.26326717e-02 
 3.57500000e-09  0.00000000e+00  0.00000000e+00  2.63012712e-05  2.93307823e-04 -1.51640489e-02 
 3.58500000e-09  0.00000000e+00  0.00000000e+00  2.77777050e-05  2.34636021e-04 -1.61673853e-02 
 3.59500000e-09  0.00000000e+00  0.00000000e+00  2.89741999e-05  1.92173776e-04 -1.23685562e-02 
 3.60500000e-09  0.00000000e+00  0.00000000e+00  2.99818954e-05  1.57643222e-04  3.06908229e-03 
 3.61500000e-09  0.00000000e+00  0.00000000e+00  3.08391013e-05  1.32929687e-04  4.03097630e-02 
 3.62500000e-09  0.00000000e+00  0.00000000e+00  3.15325149e-05  1.12467356e-04  1.22237122e-01 
 3.63500000e-09  0.00000000e+00  0.00000000e+00  3.20835101e-05  9.78312543e-05  2.49368001e-01 
 3.64500000e-09  0.00000000e+00  0.00000000e+00  3.24916746e-05  8.54315981e-05  4.11150950e-01 
 3.65500000e-09  0.00000000e+00  0.00000000e+00  3.28012832e-05  7.65852850e-05  5.95479901e-01 
 3.66500000e-09  0.00000000e+00  0.00000000e+00  3.30220432e-05  6.89617719e-05  7.85684262e-01 
 3.67500000e-09  0.00000000e+00  0.00000000e+00  3.31931488e-05  6.35633122e-05  9.49519539e-01 
 3.68500000e-09  0.00000000e+00  0.00000000e+00  3.33140674e-05  5.88342915e-05  1.05856250e+00 
 3.69500000e-09  0.00000000e+00  0.00000000e+00  3.34189175e-05  5.55258246e-05  1.12149070e+00 
 3.70500000e-09  0.00000000e+00  0.00000000e+00  3.35002770e-05  5.25858007e-05  1.15650065e+00 
 3.71500000e-09  0.00000000e+00  0.00000000e+00  3.35808212e-05  5.05520774e-05  1.17554196e+00 
 3.72500000e-09  0.00000000e+00  0.00000000e+00  3.36463981e-05  4.87020806e-05  1.18586853e+00 
 3.73500000e-09  0.00000000e+00  0.00000000e+00  3.37128048e-05  4.74219640e-05  1.19150780e+00 
 3.74500000e-09  0.00000000e+00  0.00000000e+00  3.37662653e-05  4.62213742e-05  1.19465228e+00 
 3.75500000e-09  0.00000000e+00  0.00000000e+00  3.38208971e-05  4.53833572e-05  1.19643944e+00 
 3.76500000e-09  0.00000000e+00  0.00000000e+00  3.38648115e-05  4.45741340e-05  1.19748683e+00 
 3.77500000e-09  0.00000000e+00  0.00000000e+00  3.39096824e-05  4.39980276e-05  1.19811126e+00 
 3.78500000e-09  0.00000000e+00  0.00000000e+00  3.39452562e-05  4.34262897e-05  1.19849714e+00 
 3.79500000e-09  0.00000000e+00  0.00000000e+00  3.39811855e-05  4.30059492e-05  1.19873709e+00 
 3.80500000e-09  0.00000000e+00  0.00000000e+00  3.40090111e-05  4.25800401e-05  1.19889318e+00 
 3.81500000e-09  0.00000000e+00  0.00000000e+00  3.40368365e-05  4.22543846e-05  1.19899358e+00 
 3.82500000e-09  0.00000000e+00  0.00000000e+00  3.40578426e-05  4.19209679e-05  1.19906249e+00 
 3.83500000e-09  0.00000000e+00  0.00000000e+00  3.40788005e-05  4.16557900e-05  1.19910807e+00 
 3.84500000e-09  0.00000000e+00  0.00000000e+00  3.40942279e-05  4.13841094e-05  1.19914135e+00 
 3.85500000e-09  0.00000000e+00  0.00000000e+00  3.41097070e-05  4.11603246e-05  1.19916391e+00 
 3.86500000e-09  0.00000000e+00  0.00000000e+00  3.41208156e-05  4.09323662e-05  1.19918161e+00 
 3.87500000e-09  0.00000000e+00  0.00000000e+00  3.41320992e-05  4.07390579e-05  1.19919387e+00 
 3.88500000e-09  0.00000000e+00  0.00000000e+00  3.41399820e-05  4.05438721e-05  1.19920426e+00 
 3.89500000e-09  0.00000000e+00  0.00000000e+00  3.41481327e-05  4.03744674e-05  1.19921159e+00 
 3.90500000e-09  0.00000000e+00  0.00000000e+00  3.41536605e-05  4.02050450e-05  1.19921826e+00 
 3.91500000e-09  0.00000000e+00  0.00000000e+00  3.41595083e-05  4.00552958e-05  1.19922303e+00 
 3.92500000e-09  0.00000000e+00  0.00000000e+00  3.41633430e-05  3.99068767e-05  1.19922764e+00 
 3.93500000e-09  0.00000000e+00  0.00000000e+00  3.41675159e-05  3.97738087e-05  1.19923097e+00 
 3.94500000e-09  0.00000000e+00  0.00000000e+00  3.41701478e-05  3.96429619e-05  1.19923433e+00 
 3.95500000e-09  0.00000000e+00  0.00000000e+00  3.41731122e-05  3.95243285e-05  1.19923677e+00 
 3.96500000e-09  0.00000000e+00  0.00000000e+00  3.41748988e-05  3.94084445e-05  1.19923932e+00 
 3.97500000e-09  0.00000000e+00  0.00000000e+00  3.41769970e-05  3.93024407e-05  1.19924118e+00 
 3.98500000e-09  0.00000000e+00  0.00000000e+00  3.41781957e-05  3.91994459e-05  1.19924317e+00 
 3.99500000e-09  0.00000000e+00  0.00000000e+00  3.41796767e-05  3.91045575e-05  1.19924462e+00 
 4.00000000e-09  0.00000000e+00  0.00000000e+00  3.41799959e-05  3.90577325e-05  1.19924549e+00 
