 time            v(in1)          v(in2)          v(out)         
 0.00000000e+00  0.00000000e+00  0.00000000e+00  1.19057252e+00 
 1.00000000e-13  0.00000000e+00  0.00000000e+00  1.19057252e+00 
 2.00000000e-13  0.00000000e+00  0.00000000e+00  1.19057252e+00 
 4.00000000e-13  0.00000000e+00  0.00000000e+00  1.19057252e+00 
 8.00000000e-13  0.00000000e+00  0.00000000e+00  1.19057252e+00 
 1.60000000e-12  0.00000000e+00  0.00000000e+00  1.19057252e+00 
 3.20000000e-12  0.00000000e+00  0.00000000e+00  1.19057252e+00 
 6.40000000e-12  0.00000000e+00  0.00000000e+00  1.19057252e+00 
 1.28000000e-11  0.00000000e+00  0.00000000e+00  1.19057252e+00 
 2.28000000e-11  0.00000000e+00  0.00000000e+00  1.19057252e+00 
 3.28000000e-11  0.00000000e+00  0.00000000e+00  1.19057252e+00 
 4.28000000e-11  0.00000000e+00  0.00000000e+00  1.19057252e+00 
 5.28000000e-11  0.00000000e+00  0.00000000e+00  1.19057252e+00 
 6.28000000e-11  0.00000000e+00  0.00000000e+00  1.19057252e+00 
 7.28000000e-11  0.00000000e+00  0.00000000e+00  1.19057252e+00 
 8.28000000e-11  0.00000000e+00  0.00000000e+00  1.19057252e+00 
 9.28000000e-11  0.00000000e+00  0.00000000e+00  1.19057252e+00 
 1.00000000e-10  0.00000000e+00  0.00000000e+00  1.19057252e+00 
 1.00009246e-10  1.10957291e-04  0.00000000e+00  1.19057263e+00 
 1.00027739e-10  3.32871873e-04  0.00000000e+00  1.19057307e+00 
 1.00064725e-10  7.76701038e-04  0.00000000e+00  1.19057517e+00 
 1.00138697e-10  1.66435937e-03  0.00000000e+00  1.19058389e+00 
 1.00286640e-10  3.43967602e-03  0.00000000e+00  1.19061635e+00 
 1.00449526e-10  5.39431538e-03  0.00000000e+00  1.19067091e+00 
 1.00645751e-10  7.74900833e-03  0.00000000e+00  1.19075664e+00 
 1.00857570e-10  1.02908398e-02  0.00000000e+00  1.19086859e+00 
 1.01140255e-10  1.36830649e-02  0.00000000e+00  1.19104279e+00 
 1.01485824e-10  1.78298865e-02  0.00000000e+00  1.19128671e+00 
 1.01988662e-10  2.38639448e-02  0.00000000e+00  1.19168848e+00 
 1.02704093e-10  3.24491176e-02  0.00000000e+00  1.19232897e+00 
 1.03498454e-10  4.19814502e-02  0.00000000e+00  1.19310203e+00 
 1.04404750e-10  5.28569956e-02  0.00000000e+00  1.19402680e+00 
 1.05400400e-10  6.48048032e-02  0.00000000e+00  1.19506313e+00 
 1.06589593e-10  7.90751104e-02  0.00000000e+00  1.19629786e+00 
 1.07978097e-10  9.57371621e-02  0.00000000e+00  1.19770866e+00 
 1.09725101e-10  1.16701208e-01  0.00000000e+00  1.19941066e+00 
 1.10349308e-10  1.24191691e-01  0.00000000e+00  1.19999702e+00 
 1.10744609e-10  1.28935314e-01  0.00000000e+00  1.20041103e+00 
 1.11050438e-10  1.32605250e-01  0.00000000e+00  1.20072548e+00 
 1.11403025e-10  1.36836305e-01  0.00000000e+00  1.20108191e+00 
 1.12108201e-10  1.45298413e-01  0.00000000e+00  1.20177704e+00 
 1.13518553e-10  1.62222631e-01  0.00000000e+00  1.20310193e+00 
 1.16339256e-10  1.96071067e-01  0.00000000e+00  1.20551624e+00 
 1.19024014e-10  2.28288171e-01  0.00000000e+00  1.20755363e+00 
 1.22350856e-10  2.68210269e-01  0.00000000e+00  1.20977357e+00 
 1.25510172e-10  3.06122060e-01  0.00000000e+00  1.21159788e+00 
 1.27788283e-10  3.33459396e-01  0.00000000e+00  1.21275164e+00 
 1.29658338e-10  3.55900062e-01  0.00000000e+00  1.21359867e+00 
 1.31389836e-10  3.76678035e-01  0.00000000e+00  1.21430029e+00 
 1.33084338e-10  3.97012057e-01  0.00000000e+00  1.21490611e+00 
 1.34814854e-10  4.17778242e-01  0.00000000e+00  1.21543713e+00 
 1.36727712e-10  4.40732542e-01  0.00000000e+00  1.21591258e+00 
 1.38569224e-10  4.62830693e-01  0.00000000e+00  1.21625077e+00 
 1.40285933e-10  4.83431199e-01  0.00000000e+00  1.21645256e+00 
 1.41807095e-10  5.01685143e-01  0.00000000e+00  1.21653278e+00 
 1.43366392e-10  5.20396708e-01  0.00000000e+00  1.21651180e+00 
 1.45093802e-10  5.41125628e-01  0.00000000e+00  1.21636141e+00 
 1.46987093e-10  5.63845120e-01  0.00000000e+00  1.21603997e+00 
 1.49109832e-10  5.89317983e-01  0.00000000e+00  1.21548465e+00 
 1.51357518e-10  6.16290220e-01  0.00000000e+00  1.21467858e+00 
 1.54115921e-10  6.49391051e-01  0.00000000e+00  1.21340465e+00 
 1.56941967e-10  6.83303599e-01  0.00000000e+00  1.21181047e+00 
 1.60166480e-10  7.21997764e-01  0.00000000e+00  1.20968797e+00 
 1.62686090e-10  7.52233077e-01  0.00000000e+00  1.20783200e+00 
 1.64563704e-10  7.74764449e-01  0.00000000e+00  1.20633937e+00 
 1.65872484e-10  7.90469814e-01  0.00000000e+00  1.20523525e+00 
 1.67004013e-10  8.04048156e-01  0.00000000e+00  1.20422894e+00 
 1.68167207e-10  8.18006490e-01  0.00000000e+00  1.20313359e+00 
 1.69537451e-10  8.34449415e-01  0.00000000e+00  1.20174982e+00 
 1.70777133e-10  8.49325592e-01  0.00000000e+00  1.20040414e+00 
 1.71262709e-10  8.55152513e-01  0.00000000e+00  1.19986339e+00 
 1.71696138e-10  8.60353653e-01  0.00000000e+00  1.19939506e+00 
 1.72010814e-10  8.64129771e-01  0.00000000e+00  1.19904817e+00 
 1.72363680e-10  8.68364157e-01  0.00000000e+00  1.19865320e+00 
 1.73069411e-10  8.76832929e-01  0.00000000e+00  1.19784748e+00 
 1.74127708e-10  8.89532502e-01  0.00000000e+00  1.19661012e+00 
 1.75355803e-10  9.04269642e-01  0.00000000e+00  1.19514854e+00 
 1.76585140e-10  9.19021677e-01  0.00000000e+00  1.19367572e+00 
 1.77958471e-10  9.35501654e-01  0.00000000e+00  1.19203536e+00 
 1.79492500e-10  9.53910004e-01  0.00000000e+00  1.19022345e+00 
 1.81352469e-10  9.76229634e-01  0.00000000e+00  1.18807001e+00 
 1.83585136e-10  1.00302163e+00  0.00000000e+00  1.18556286e+00 
 1.86497093e-10  1.03796512e+00  0.00000000e+00  1.18243822e+00 
 1.89636575e-10  1.07563890e+00  0.00000000e+00  1.17926750e+00 
 1.92940358e-10  1.11528430e+00  0.00000000e+00  1.17616054e+00 
 1.96375588e-10  1.15650706e+00  0.00000000e+00  1.17318006e+00 
 2.00000000e-10  1.20000000e+00  0.00000000e+00  1.17030533e+00 
 2.00016556e-10  1.20000000e+00  0.00000000e+00  1.17029253e+00 
 2.00049669e-10  1.20000000e+00  0.00000000e+00  1.17026637e+00 
 2.00115893e-10  1.20000000e+00  0.00000000e+00  1.17021092e+00 
 2.00248343e-10  1.20000000e+00  0.00000000e+00  1.17008939e+00 
 2.00463379e-10  1.20000000e+00  0.00000000e+00  1.16986931e+00 
 2.00699811e-10  1.20000000e+00  0.00000000e+00  1.16960534e+00 
 2.00973577e-10  1.20000000e+00  0.00000000e+00  1.16928358e+00 
 2.01279311e-10  1.20000000e+00  0.00000000e+00  1.16891494e+00 
 2.01657728e-10  1.20000000e+00  0.00000000e+00  1.16845670e+00 
 2.02039355e-10  1.20000000e+00  0.00000000e+00  1.16800062e+00 
 2.02485629e-10  1.20000000e+00  0.00000000e+00  1.16748247e+00 
 2.02951741e-10  1.20000000e+00  0.00000000e+00  1.16696347e+00 
 2.03501072e-10  1.20000000e+00  0.00000000e+00  1.16638460e+00 
 2.04096543e-10  1.20000000e+00  0.00000000e+00  1.16579928e+00 
 2.04811860e-10  1.20000000e+00  0.00000000e+00  1.16515446e+00 
 2.05618343e-10  1.20000000e+00  0.00000000e+00  1.16450216e+00 
 2.06617664e-10  1.20000000e+00  0.00000000e+00  1.16379866e+00 
 2.07809749e-10  1.20000000e+00  0.00000000e+00  1.16310003e+00 
 2.09365320e-10  1.20000000e+00  0.00000000e+00  1.16239481e+00 
 2.10981828e-10  1.20000000e+00  0.00000000e+00  1.16188062e+00 
 2.12808822e-10  1.20000000e+00  0.00000000e+00  1.16152964e+00 
 2.14654520e-10  1.20000000e+00  0.00000000e+00  1.16138678e+00 
 2.16695051e-10  1.20000000e+00  0.00000000e+00  1.16143600e+00 
 2.18770250e-10  1.20000000e+00  0.00000000e+00  1.16167171e+00 
 2.21042410e-10  1.20000000e+00  0.00000000e+00  1.16210436e+00 
 2.23379027e-10  1.20000000e+00  0.00000000e+00  1.16270213e+00 
 2.25929656e-10  1.20000000e+00  0.00000000e+00  1.16349233e+00 
 2.28584335e-10  1.20000000e+00  0.00000000e+00  1.16443044e+00 
 2.31483904e-10  1.20000000e+00  0.00000000e+00  1.16555177e+00 
 2.34540333e-10  1.20000000e+00  0.00000000e+00  1.16680701e+00 
 2.37893958e-10  1.20000000e+00  0.00000000e+00  1.16823420e+00 
 2.41482794e-10  1.20000000e+00  0.00000000e+00  1.16978475e+00 
 2.45461767e-10  1.20000000e+00  0.00000000e+00  1.17149761e+00 
 2.49811043e-10  1.20000000e+00  0.00000000e+00  1.17333034e+00 
 2.54739636e-10  1.20000000e+00  0.00000000e+00  1.17532663e+00 
 2.60336480e-10  1.20000000e+00  0.00000000e+00  1.17746288e+00 
 2.67041250e-10  1.20000000e+00  0.00000000e+00  1.17981687e+00 
 2.74396333e-10  1.20000000e+00  0.00000000e+00  1.18213345e+00 
 2.82591030e-10  1.20000000e+00  0.00000000e+00  1.18439627e+00 
 2.91522950e-10  1.20000000e+00  0.00000000e+00  1.18650985e+00 
 3.00502488e-10  1.20000000e+00  0.00000000e+00  1.18830483e+00 
 3.10074266e-10  1.20000000e+00  0.00000000e+00  1.18990501e+00 
 3.19001694e-10  1.20000000e+00  0.00000000e+00  1.19114994e+00 
 3.28604244e-10  1.20000000e+00  0.00000000e+00  1.19226763e+00 
 3.38130321e-10  1.20000000e+00  0.00000000e+00  1.19318819e+00 
 3.48130321e-10  1.20000000e+00  0.00000000e+00  1.19398982e+00 
 3.58130321e-10  1.20000000e+00  0.00000000e+00  1.19465396e+00 
 3.68130321e-10  1.20000000e+00  0.00000000e+00  1.19520678e+00 
 3.78130321e-10  1.20000000e+00  0.00000000e+00  1.19566943e+00 
 3.88130321e-10  1.20000000e+00  0.00000000e+00  1.19605895e+00 
 3.98130321e-10  1.20000000e+00  0.00000000e+00  1.19638897e+00 
 4.08130321e-10  1.20000000e+00  0.00000000e+00  1.19667044e+00 
 4.18130321e-10  1.20000000e+00  0.00000000e+00  1.19691212e+00 
 4.28130321e-10  1.20000000e+00  0.00000000e+00  1.19712104e+00 
 4.38130321e-10  1.20000000e+00  0.00000000e+00  1.19730284e+00 
 4.48130321e-10  1.20000000e+00  0.00000000e+00  1.19746208e+00 
 4.58130321e-10  1.20000000e+00  0.00000000e+00  1.19760243e+00 
 4.68130321e-10  1.20000000e+00  0.00000000e+00  1.19772688e+00 
 4.78130321e-10  1.20000000e+00  0.00000000e+00  1.19783784e+00 
 4.88130321e-10  1.20000000e+00  0.00000000e+00  1.19793731e+00 
 4.98130321e-10  1.20000000e+00  0.00000000e+00  1.19802692e+00 
 5.08130321e-10  1.20000000e+00  0.00000000e+00  1.19810803e+00 
 5.18130321e-10  1.20000000e+00  0.00000000e+00  1.19818176e+00 
 5.28130321e-10  1.20000000e+00  0.00000000e+00  1.19824904e+00 
 5.38130321e-10  1.20000000e+00  0.00000000e+00  1.19831067e+00 
 5.48130321e-10  1.20000000e+00  0.00000000e+00  1.19836730e+00 
 5.58130321e-10  1.20000000e+00  0.00000000e+00  1.19841952e+00 
 5.68130321e-10  1.20000000e+00  0.00000000e+00  1.19846779e+00 
 5.78130321e-10  1.20000000e+00  0.00000000e+00  1.19851255e+00 
 5.88130321e-10  1.20000000e+00  0.00000000e+00  1.19855414e+00 
 5.98130321e-10  1.20000000e+00  0.00000000e+00  1.19859288e+00 
 6.08130321e-10  1.20000000e+00  0.00000000e+00  1.19862904e+00 
 6.18130321e-10  1.20000000e+00  0.00000000e+00  1.19866286e+00 
 6.28130321e-10  1.20000000e+00  0.00000000e+00  1.19869455e+00 
 6.38130321e-10  1.20000000e+00  0.00000000e+00  1.19872429e+00 
 6.48130321e-10  1.20000000e+00  0.00000000e+00  1.19875225e+00 
 6.58130321e-10  1.20000000e+00  0.00000000e+00  1.19877857e+00 
 6.68130321e-10  1.20000000e+00  0.00000000e+00  1.19880339e+00 
 6.78130321e-10  1.20000000e+00  0.00000000e+00  1.19882682e+00 
 6.88130321e-10  1.20000000e+00  0.00000000e+00  1.19884896e+00 
 6.98130321e-10  1.20000000e+00  0.00000000e+00  1.19886992e+00 
 7.08130321e-10  1.20000000e+00  0.00000000e+00  1.19888978e+00 
 7.18130321e-10  1.20000000e+00  0.00000000e+00  1.19890861e+00 
 7.28130321e-10  1.20000000e+00  0.00000000e+00  1.19892648e+00 
 7.38130321e-10  1.20000000e+00  0.00000000e+00  1.19894347e+00 
 7.48130321e-10  1.20000000e+00  0.00000000e+00  1.19895963e+00 
 7.58130321e-10  1.20000000e+00  0.00000000e+00  1.19897501e+00 
 7.68130321e-10  1.20000000e+00  0.00000000e+00  1.19898966e+00 
 7.78130321e-10  1.20000000e+00  0.00000000e+00  1.19900363e+00 
 7.88130321e-10  1.20000000e+00  0.00000000e+00  1.19901697e+00 
 7.98130321e-10  1.20000000e+00  0.00000000e+00  1.19902970e+00 
 8.08130321e-10  1.20000000e+00  0.00000000e+00  1.19904186e+00 
 8.18130321e-10  1.20000000e+00  0.00000000e+00  1.19905349e+00 
 8.28130321e-10  1.20000000e+00  0.00000000e+00  1.19906461e+00 
 8.38130321e-10  1.20000000e+00  0.00000000e+00  1.19907527e+00 
 8.48130321e-10  1.20000000e+00  0.00000000e+00  1.19908547e+00 
 8.58130321e-10  1.20000000e+00  0.00000000e+00  1.19909525e+00 
 8.68130321e-10  1.20000000e+00  0.00000000e+00  1.19910462e+00 
 8.78130321e-10  1.20000000e+00  0.00000000e+00  1.19911362e+00 
 8.88130321e-10  1.20000000e+00  0.00000000e+00  1.19912225e+00 
 8.98130321e-10  1.20000000e+00  0.00000000e+00  1.19913054e+00 
 9.08130321e-10  1.20000000e+00  0.00000000e+00  1.19913851e+00 
 9.18130321e-10  1.20000000e+00  0.00000000e+00  1.19914616e+00 
 9.28130321e-10  1.20000000e+00  0.00000000e+00  1.19915352e+00 
 9.38130321e-10  1.20000000e+00  0.00000000e+00  1.19916061e+00 
 9.48130321e-10  1.20000000e+00  0.00000000e+00  1.19916743e+00 
 9.58130321e-10  1.20000000e+00  0.00000000e+00  1.19917399e+00 
 9.68130321e-10  1.20000000e+00  0.00000000e+00  1.19918031e+00 
 9.78130321e-10  1.20000000e+00  0.00000000e+00  1.19918640e+00 
 9.88130321e-10  1.20000000e+00  0.00000000e+00  1.19919226e+00 
 9.98130321e-10  1.20000000e+00  0.00000000e+00  1.19919792e+00 
 1.00813032e-09  1.20000000e+00  0.00000000e+00  1.19920337e+00 
 1.01813032e-09  1.20000000e+00  0.00000000e+00  1.19920863e+00 
 1.02813032e-09  1.20000000e+00  0.00000000e+00  1.19921370e+00 
 1.03813032e-09  1.20000000e+00  0.00000000e+00  1.19921860e+00 
 1.04813032e-09  1.20000000e+00  0.00000000e+00  1.19922333e+00 
 1.05813032e-09  1.20000000e+00  0.00000000e+00  1.19922789e+00 
 1.06813032e-09  1.20000000e+00  0.00000000e+00  1.19923230e+00 
 1.07813032e-09  1.20000000e+00  0.00000000e+00  1.19923657e+00 
 1.08813032e-09  1.20000000e+00  0.00000000e+00  1.19924068e+00 
 1.09813032e-09  1.20000000e+00  0.00000000e+00  1.19924466e+00 
 1.10000000e-09  1.20000000e+00  0.00000000e+00  1.19924539e+00 
 1.10000315e-09  1.20000000e+00  3.78163173e-05  1.19924540e+00 
 1.10000945e-09  1.20000000e+00  1.13448952e-04  1.19924543e+00 
 1.10002206e-09  1.20000000e+00  2.64714221e-04  1.19924554e+00 
 1.10004727e-09  1.20000000e+00  5.67244760e-04  1.19924604e+00 
 1.10009769e-09  1.20000000e+00  1.17230584e-03  1.19924806e+00 
 1.10019854e-09  1.20000000e+00  2.38242799e-03  1.19925600e+00 
 1.10036064e-09  1.20000000e+00  4.32762046e-03  1.19927887e+00 
 1.10053394e-09  1.20000000e+00  6.40733370e-03  1.19931596e+00 
 1.10074174e-09  1.20000000e+00  8.90090679e-03  1.19937586e+00 
 1.10097554e-09  1.20000000e+00  1.17064795e-02  1.19946125e+00 
 1.10128739e-09  1.20000000e+00  1.54487353e-02  1.19960099e+00 
 1.10167937e-09  1.20000000e+00  2.01524303e-02  1.19981214e+00 
 1.10210086e-09  1.20000000e+00  2.52103262e-02  1.20008034e+00 
 1.10254759e-09  1.20000000e+00  3.05710569e-02  1.20041202e+00 
 1.10293798e-09  1.20000000e+00  3.52557779e-02  1.20072380e+00 
 1.10334488e-09  1.20000000e+00  4.01385039e-02  1.20106538e+00 
 1.10415866e-09  1.20000000e+00  4.99039560e-02  1.20178285e+00 
 1.10511629e-09  1.20000000e+00  6.13954426e-02  1.20266246e+00 
 1.10624067e-09  1.20000000e+00  7.48880007e-02  1.20371239e+00 
 1.10744006e-09  1.20000000e+00  8.92806834e-02  1.20482774e+00 
 1.10894384e-09  1.20000000e+00  1.07326085e-01  1.20619609e+00 
 1.11074325e-09  1.20000000e+00  1.28918951e-01  1.20777266e+00 
 1.11325229e-09  1.20000000e+00  1.59027443e-01  1.20985008e+00 
 1.11658373e-09  1.20000000e+00  1.99004751e-01  1.21240047e+00 
 1.12011431e-09  1.20000000e+00  2.41371682e-01  1.21487472e+00 
 1.12264172e-09  1.20000000e+00  2.71700674e-01  1.21652300e+00 
 1.12427931e-09  1.20000000e+00  2.91351738e-01  1.21754452e+00 
 1.12571379e-09  1.20000000e+00  3.08565491e-01  1.21841303e+00 
 1.12712932e-09  1.20000000e+00  3.25551839e-01  1.21924857e+00 
 1.12853966e-09  1.20000000e+00  3.42475875e-01  1.22006210e+00 
 1.13009362e-09  1.20000000e+00  3.61123439e-01  1.22093927e+00 
 1.13175822e-09  1.20000000e+00  3.81098649e-01  1.22185967e+00 
 1.13369406e-09  1.20000000e+00  4.04328715e-01  1.22290946e+00 
 1.13493224e-09  1.20000000e+00  4.19186916e-01  1.22357132e+00 
 1.13633283e-09  1.20000000e+00  4.35993916e-01  1.22431309e+00 
 1.13799761e-09  1.20000000e+00  4.55971308e-01  1.22518766e+00 
 1.13971522e-09  1.20000000e+00  4.76582668e-01  1.22608470e+00 
 1.14164930e-09  1.20000000e+00  4.99791588e-01  1.22709199e+00 
 1.14393751e-09  1.20000000e+00  5.27250178e-01  1.22828460e+00 
 1.14640071e-09  1.20000000e+00  5.56808461e-01  1.22957363e+00 
 1.14889667e-09  1.20000000e+00  5.86760029e-01  1.23088559e+00 
 1.15077342e-09  1.20000000e+00  6.09281044e-01  1.23187140e+00 
 1.15230969e-09  1.20000000e+00  6.27716226e-01  1.23267170e+00 
 1.15379272e-09  1.20000000e+00  6.45512646e-01  1.23343035e+00 
 1.15545393e-09  1.20000000e+00  6.65447187e-01  1.23424981e+00 
 1.15706309e-09  1.20000000e+00  6.84757065e-01  1.23499300e+00 
 1.15867069e-09  1.20000000e+00  7.04048242e-01  1.23565611e+00 
 1.16014255e-09  1.20000000e+00  7.21710598e-01  1.23615955e+00 
 1.16152415e-09  1.20000000e+00  7.38289770e-01  1.23650620e+00 
 1.16284352e-09  1.20000000e+00  7.54122237e-01  1.23668610e+00 
 1.16414411e-09  1.20000000e+00  7.69729300e-01  1.23667958e+00 
 1.16557686e-09  1.20000000e+00  7.86922317e-01  1.23641334e+00 
 1.16691229e-09  1.20000000e+00  8.02947523e-01  1.23587596e+00 
 1.16830528e-09  1.20000000e+00  8.19663381e-01  1.23496708e+00 
 1.16961581e-09  1.20000000e+00  8.35389700e-01  1.23374006e+00 
 1.17095512e-09  1.20000000e+00  8.51461479e-01  1.23206185e+00 
 1.17222637e-09  1.20000000e+00  8.66716380e-01  1.23002565e+00 
 1.17353898e-09  1.20000000e+00  8.82467736e-01  1.22742718e+00 
 1.17490391e-09  1.20000000e+00  8.98846921e-01  1.22416196e+00 
 1.17636201e-09  1.20000000e+00  9.16344160e-01  1.22003288e+00 
 1.17763238e-09  1.20000000e+00  9.31588568e-01  1.21590587e+00 
 1.17887232e-09  1.20000000e+00  9.46467796e-01  1.21141512e+00 
 1.18024266e-09  1.20000000e+00  9.62911883e-01  1.20593489e+00 
 1.18174099e-09  1.20000000e+00  9.80891920e-01  1.19934128e+00 
 1.18343152e-09  1.20000000e+00  1.00117822e+00  1.19117676e+00 
 1.18507154e-09  1.20000000e+00  1.02085848e+00  1.18255308e+00 
 1.18665000e-09  1.20000000e+00  1.03979997e+00  1.17363538e+00 
 1.18834577e-09  1.20000000e+00  1.06014922e+00  1.16342301e+00 
 1.18990782e-09  1.20000000e+00  1.07889379e+00  1.15347606e+00 
 1.19149665e-09  1.20000000e+00  1.09795981e+00  1.14286941e+00 
 1.19300831e-09  1.20000000e+00  1.11609970e+00  1.13235580e+00 
 1.19459547e-09  1.20000000e+00  1.13514566e+00  1.12091118e+00 
 1.19616556e-09  1.20000000e+00  1.15398670e+00  1.10921468e+00 
 1.19791144e-09  1.20000000e+00  1.17493733e+00  1.09581045e+00 
 1.19953167e-09  1.20000000e+00  1.19438004e+00  1.08302890e+00 
 1.20000000e-09  1.20000000e+00  1.20000000e+00  1.07927933e+00 
 1.20001192e-09  1.20000000e+00  1.20000000e+00  1.07918346e+00 
 1.20003575e-09  1.20000000e+00  1.20000000e+00  1.07899153e+00 
 1.20008342e-09  1.20000000e+00  1.20000000e+00  1.07860668e+00 
 1.20017876e-09  1.20000000e+00  1.20000000e+00  1.07783310e+00 
 1.20036944e-09  1.20000000e+00  1.20000000e+00  1.07627189e+00 
 1.20065906e-09  1.20000000e+00  1.20000000e+00  1.07386846e+00 
 1.20096952e-09  1.20000000e+00  1.20000000e+00  1.07125600e+00 
 1.20131095e-09  1.20000000e+00  1.20000000e+00  1.06834798e+00 
 1.20166247e-09  1.20000000e+00  1.20000000e+00  1.06532078e+00 
 1.20205387e-09  1.20000000e+00  1.20000000e+00  1.06191668e+00 
 1.20248102e-09  1.20000000e+00  1.20000000e+00  1.05816760e+00 
 1.20296241e-09  1.20000000e+00  1.20000000e+00  1.05390660e+00 
 1.20349579e-09  1.20000000e+00  1.20000000e+00  1.04914758e+00 
 1.20410876e-09  1.20000000e+00  1.20000000e+00  1.04363665e+00 
 1.20481039e-09  1.20000000e+00  1.20000000e+00  1.03728181e+00 
 1.20564537e-09  1.20000000e+00  1.20000000e+00  1.02965519e+00 
 1.20662770e-09  1.20000000e+00  1.20000000e+00  1.02060461e+00 
 1.20791577e-09  1.20000000e+00  1.20000000e+00  1.00863750e+00 
 1.20925421e-09  1.20000000e+00  1.20000000e+00  9.96098700e-01 
 1.21075341e-09  1.20000000e+00  1.20000000e+00  9.81946636e-01 
 1.21225509e-09  1.20000000e+00  1.20000000e+00  9.67673711e-01 
 1.21392879e-09  1.20000000e+00  1.20000000e+00  9.51668055e-01 
 1.21565094e-09  1.20000000e+00  1.20000000e+00  9.35107415e-01 
 1.21757402e-09  1.20000000e+00  1.20000000e+00  9.16522187e-01 
 1.21958901e-09  1.20000000e+00  1.20000000e+00  8.96960886e-01 
 1.22184536e-09  1.20000000e+00  1.20000000e+00  8.74968717e-01 
 1.22425260e-09  1.20000000e+00  1.20000000e+00  8.51422825e-01 
 1.22696309e-09  1.20000000e+00  1.20000000e+00  8.24830649e-01 
 1.22989906e-09  1.20000000e+00  1.20000000e+00  7.95955887e-01 
 1.23320524e-09  1.20000000e+00  1.20000000e+00  7.63385615e-01 
 1.23677263e-09  1.20000000e+00  1.20000000e+00  7.28220146e-01 
 1.24063676e-09  1.20000000e+00  1.20000000e+00  6.90165214e-01 
 1.24450513e-09  1.20000000e+00  1.20000000e+00  6.52187289e-01 
 1.24782930e-09  1.20000000e+00  1.20000000e+00  6.19729927e-01 
 1.25066664e-09  1.20000000e+00  1.20000000e+00  5.92231407e-01 
 1.25319540e-09  1.20000000e+00  1.20000000e+00  5.67948025e-01 
 1.25562260e-09  1.20000000e+00  1.20000000e+00  5.44900434e-01 
 1.25843080e-09  1.20000000e+00  1.20000000e+00  5.18640703e-01 
 1.26103889e-09  1.20000000e+00  1.20000000e+00  4.94725699e-01 
 1.26422402e-09  1.20000000e+00  1.20000000e+00  4.66261154e-01 
 1.26766628e-09  1.20000000e+00  1.20000000e+00  4.36554220e-01 
 1.27078451e-09  1.20000000e+00  1.20000000e+00  4.10696115e-01 
 1.27353456e-09  1.20000000e+00  1.20000000e+00  3.88778624e-01 
 1.27604006e-09  1.20000000e+00  1.20000000e+00  3.69558179e-01 
 1.27857756e-09  1.20000000e+00  1.20000000e+00  3.50825226e-01 
 1.28139064e-09  1.20000000e+00  1.20000000e+00  3.30920607e-01 
 1.28411186e-09  1.20000000e+00  1.20000000e+00  3.12521142e-01 
 1.28690890e-09  1.20000000e+00  1.20000000e+00  2.94466572e-01 
 1.28963893e-09  1.20000000e+00  1.20000000e+00  2.77664388e-01 
 1.29264449e-09  1.20000000e+00  1.20000000e+00  2.60078850e-01 
 1.29565774e-09  1.20000000e+00  1.20000000e+00  2.43381187e-01 
 1.29894800e-09  1.20000000e+00  1.20000000e+00  2.26180534e-01 
 1.30233007e-09  1.20000000e+00  1.20000000e+00  2.09582700e-01 
 1.30604198e-09  1.20000000e+00  1.20000000e+00  1.92577162e-01 
 1.30997778e-09  1.20000000e+00  1.20000000e+00  1.75865817e-01 
 1.31439029e-09  1.20000000e+00  1.20000000e+00  1.58656800e-01 
 1.31932427e-09  1.20000000e+00  1.20000000e+00  1.41202543e-01 
 1.32406578e-09  1.20000000e+00  1.20000000e+00  1.26082716e-01 
 1.32860108e-09  1.20000000e+00  1.20000000e+00  1.13019617e-01 
 1.33292752e-09  1.20000000e+00  1.20000000e+00  1.01733578e-01 
 1.33725856e-09  1.20000000e+00  1.20000000e+00  9.14934785e-02 
 1.34153861e-09  1.20000000e+00  1.20000000e+00  8.23303281e-02 
 1.34599486e-09  1.20000000e+00  1.20000000e+00  7.37147327e-02 
 1.35056312e-09  1.20000000e+00  1.20000000e+00  6.57760728e-02 
 1.35534838e-09  1.20000000e+00  1.20000000e+00  5.83395161e-02 
 1.36026519e-09  1.20000000e+00  1.20000000e+00  5.15434619e-02 
 1.36541202e-09  1.20000000e+00  1.20000000e+00  4.52506549e-02 
 1.37072190e-09  1.20000000e+00  1.20000000e+00  3.95420862e-02 
 1.37617915e-09  1.20000000e+00  1.20000000e+00  3.44083972e-02 
 1.38180177e-09  1.20000000e+00  1.20000000e+00  2.98026428e-02 
 1.38761844e-09  1.20000000e+00  1.20000000e+00  2.56759346e-02 
 1.39365354e-09  1.20000000e+00  1.20000000e+00  2.19898644e-02 
 1.39993538e-09  1.20000000e+00  1.20000000e+00  1.87087288e-02 
 1.40649237e-09  1.20000000e+00  1.20000000e+00  1.58013253e-02 
 1.41335970e-09  1.20000000e+00  1.20000000e+00  1.32373429e-02 
 1.42057487e-09  1.20000000e+00  1.20000000e+00  1.09890388e-02 
 1.42816226e-09  1.20000000e+00  1.20000000e+00  9.03519482e-03 
 1.43624002e-09  1.20000000e+00  1.20000000e+00  7.33650762e-03 
 1.44481657e-09  1.20000000e+00  1.20000000e+00  5.88318328e-03 
 1.45394222e-09  1.20000000e+00  1.20000000e+00  4.65452445e-03 
 1.46374652e-09  1.20000000e+00  1.20000000e+00  3.62265103e-03 
 1.47374652e-09  1.20000000e+00  1.20000000e+00  2.81028725e-03 
 1.48374652e-09  1.20000000e+00  1.20000000e+00  2.18526389e-03 
 1.49374652e-09  1.20000000e+00  1.20000000e+00  1.70447723e-03 
 1.50374652e-09  1.20000000e+00  1.20000000e+00  1.33469752e-03 
 1.51374652e-09  1.20000000e+00  1.20000000e+00  1.05032859e-03 
 1.52374652e-09  1.20000000e+00  1.20000000e+00  8.31661895e-04 
 1.53374652e-09  1.20000000e+00  1.20000000e+00  6.63529117e-04 
 1.54374652e-09  1.20000000e+00  1.20000000e+00  5.34258568e-04 
 1.55374652e-09  1.20000000e+00  1.20000000e+00  4.34871848e-04 
 1.56374652e-09  1.20000000e+00  1.20000000e+00  3.58462924e-04 
 1.57374652e-09  1.20000000e+00  1.20000000e+00  2.99720939e-04 
 1.58374652e-09  1.20000000e+00  1.20000000e+00  2.54561790e-04 
 1.59374652e-09  1.20000000e+00  1.20000000e+00  2.19845290e-04 
 1.60374652e-09  1.20000000e+00  1.20000000e+00  1.93156916e-04 
 1.61374652e-09  1.20000000e+00  1.20000000e+00  1.72640391e-04 
 1.62374652e-09  1.20000000e+00  1.20000000e+00  1.56868509e-04 
 1.63374652e-09  1.20000000e+00  1.20000000e+00  1.44744111e-04 
 1.64374652e-09  1.20000000e+00  1.20000000e+00  1.35423678e-04 
 1.65374652e-09  1.20000000e+00  1.20000000e+00  1.28258785e-04 
 1.66374652e-09  1.20000000e+00  1.20000000e+00  1.22750918e-04 
 1.67374652e-09  1.20000000e+00  1.20000000e+00  1.18516875e-04 
 1.68374652e-09  1.20000000e+00  1.20000000e+00  1.15262049e-04 
 1.69374652e-09  1.20000000e+00  1.20000000e+00  1.12759985e-04 
 1.70374652e-09  1.20000000e+00  1.20000000e+00  1.10836583e-04 
 1.71374652e-09  1.20000000e+00  1.20000000e+00  1.09358019e-04 
 1.72374652e-09  1.20000000e+00  1.20000000e+00  1.08221408e-04 
 1.73374652e-09  1.20000000e+00  1.20000000e+00  1.07347671e-04 
 1.74374652e-09  1.20000000e+00  1.20000000e+00  1.06676006e-04 
 1.75374652e-09  1.20000000e+00  1.20000000e+00  1.06159683e-04 
 1.76374652e-09  1.20000000e+00  1.20000000e+00  1.05762773e-04 
 1.77374652e-09  1.20000000e+00  1.20000000e+00  1.05457659e-04 
 1.78374652e-09  1.20000000e+00  1.20000000e+00  1.05223110e-04 
 1.79374652e-09  1.20000000e+00  1.20000000e+00  1.05042808e-04 
 1.80374652e-09  1.20000000e+00  1.20000000e+00  1.04904205e-04 
 1.81374652e-09  1.20000000e+00  1.20000000e+00  1.04797658e-04 
 1.82374652e-09  1.20000000e+00  1.20000000e+00  1.04715752e-04 
 1.83374652e-09  1.20000000e+00  1.20000000e+00  1.04652790e-04 
 1.84374652e-09  1.20000000e+00  1.20000000e+00  1.04604389e-04 
 1.85374652e-09  1.20000000e+00  1.20000000e+00  1.04567182e-04 
 1.86374652e-09  1.20000000e+00  1.20000000e+00  1.04538581e-04 
 1.87374652e-09  1.20000000e+00  1.20000000e+00  1.04516594e-04 
 1.88374652e-09  1.20000000e+00  1.20000000e+00  1.04499692e-04 
 1.89374652e-09  1.20000000e+00  1.20000000e+00  1.04486699e-04 
 1.90374652e-09  1.20000000e+00  1.20000000e+00  1.04476712e-04 
 1.91374652e-09  1.20000000e+00  1.20000000e+00  1.04469034e-04 
 1.92374652e-09  1.20000000e+00  1.20000000e+00  1.04463132e-04 
 1.93374652e-09  1.20000000e+00  1.20000000e+00  1.04458594e-04 
 1.94374652e-09  1.20000000e+00  1.20000000e+00  1.04455107e-04 
 1.95374652e-09  1.20000000e+00  1.20000000e+00  1.04452426e-04 
 1.96374652e-09  1.20000000e+00  1.20000000e+00  1.04450364e-04 
 1.97374652e-09  1.20000000e+00  1.20000000e+00  1.04448780e-04 
 1.98374652e-09  1.20000000e+00  1.20000000e+00  1.04447562e-04 
 1.99374652e-09  1.20000000e+00  1.20000000e+00  1.04446626e-04 
 2.00374652e-09  1.20000000e+00  1.20000000e+00  1.04445906e-04 
 2.01374652e-09  1.20000000e+00  1.20000000e+00  1.04445353e-04 
 2.02374652e-09  1.20000000e+00  1.20000000e+00  1.04444928e-04 
 2.03374652e-09  1.20000000e+00  1.20000000e+00  1.04444601e-04 
 2.04374652e-09  1.20000000e+00  1.20000000e+00  1.04444349e-04 
 2.05374652e-09  1.20000000e+00  1.20000000e+00  1.04444156e-04 
 2.06374652e-09  1.20000000e+00  1.20000000e+00  1.04444008e-04 
 2.07374652e-09  1.20000000e+00  1.20000000e+00  1.04443893e-04 
 2.08374652e-09  1.20000000e+00  1.20000000e+00  1.04443806e-04 
 2.09374652e-09  1.20000000e+00  1.20000000e+00  1.04443738e-04 
 2.10374652e-09  1.20000000e+00  1.20000000e+00  1.04443686e-04 
 2.11374652e-09  1.20000000e+00  1.20000000e+00  1.04443646e-04 
 2.12374652e-09  1.20000000e+00  1.20000000e+00  1.04443616e-04 
 2.13374652e-09  1.20000000e+00  1.20000000e+00  1.04443592e-04 
 2.14374652e-09  1.20000000e+00  1.20000000e+00  1.04443574e-04 
 2.15374652e-09  1.20000000e+00  1.20000000e+00  1.04443560e-04 
 2.16374652e-09  1.20000000e+00  1.20000000e+00  1.04443549e-04 
 2.17374652e-09  1.20000000e+00  1.20000000e+00  1.04443541e-04 
 2.18374652e-09  1.20000000e+00  1.20000000e+00  1.04443535e-04 
 2.19374652e-09  1.20000000e+00  1.20000000e+00  1.04443530e-04 
 2.20000000e-09  1.20000000e+00  1.20000000e+00  1.04443528e-04 
 2.20000676e-09  1.19991891e+00  1.20000000e+00  1.04354891e-04 
 2.20002027e-09  1.19975672e+00  1.20000000e+00  1.04002478e-04 
 2.20004731e-09  1.19943234e+00  1.20000000e+00  1.02271697e-04 
 2.20010137e-09  1.19878358e+00  1.20000000e+00  9.49428908e-05 
 2.20020949e-09  1.19748607e+00  1.20000000e+00  6.65097955e-05 
 2.20042575e-09  1.19489104e+00  1.20000000e+00 -3.50582332e-05 
 2.20068061e-09  1.19183268e+00  1.20000000e+00 -2.11635817e-04 
 2.20102284e-09  1.18772592e+00  1.20000000e+00 -5.10071979e-04 
 2.20133431e-09  1.18398827e+00  1.20000000e+00 -8.20611577e-04 
 2.20171982e-09  1.17936211e+00  1.20000000e+00 -1.23430702e-03 
 2.20209613e-09  1.17484639e+00  1.20000000e+00 -1.65713015e-03 
 2.20256296e-09  1.16924453e+00  1.20000000e+00 -2.19629061e-03 
 2.20303728e-09  1.16355267e+00  1.20000000e+00 -2.75620667e-03 
 2.20362900e-09  1.15645202e+00  1.20000000e+00 -3.45972535e-03 
 2.20425537e-09  1.14893556e+00  1.20000000e+00 -4.20478982e-03 
 2.20503769e-09  1.13954769e+00  1.20000000e+00 -5.12997957e-03 
 2.20592942e-09  1.12884699e+00  1.20000000e+00 -6.17246035e-03 
 2.20709021e-09  1.11491751e+00  1.20000000e+00 -7.50512901e-03 
 2.20851804e-09  1.09778358e+00  1.20000000e+00 -9.10233235e-03 
 2.21054243e-09  1.07349089e+00  1.20000000e+00 -1.12834741e-02 
 2.21339671e-09  1.03923951e+00  1.20000000e+00 -1.41937628e-02 
 2.21700663e-09  9.95920478e-01  1.20000000e+00 -1.76083036e-02 
 2.22092044e-09  9.48954771e-01  1.20000000e+00 -2.09884263e-02 
 2.22524330e-09  8.97080385e-01  1.20000000e+00 -2.43412137e-02 
 2.22695906e-09  8.76491280e-01  1.20000000e+00 -2.55603818e-02 
 2.22830177e-09  8.60378754e-01  1.20000000e+00 -2.64688187e-02 
 2.22957588e-09  8.45089433e-01  1.20000000e+00 -2.72928970e-02 
 2.23083241e-09  8.30011123e-01  1.20000000e+00 -2.80688863e-02 
 2.23206393e-09  8.15232801e-01  1.20000000e+00 -2.87938008e-02 
 2.23330736e-09  8.00311672e-01  1.20000000e+00 -2.94892207e-02 
 2.23462206e-09  7.84535333e-01  1.20000000e+00 -3.01821983e-02 
 2.23603575e-09  7.67571013e-01  1.20000000e+00 -3.08727121e-02 
 2.23759657e-09  7.48841113e-01  1.20000000e+00 -3.15540119e-02 
 2.23942213e-09  7.26934444e-01  1.20000000e+00 -3.22074217e-02 
 2.24069970e-09  7.11603589e-01  1.20000000e+00 -3.25477246e-02 
 2.24199801e-09  6.96023909e-01  1.20000000e+00 -3.27700135e-02 
 2.24351569e-09  6.77811712e-01  1.20000000e+00 -3.28439501e-02 
 2.24503215e-09  6.59614205e-01  1.20000000e+00 -3.26896056e-02 
 2.24675260e-09  6.38968858e-01  1.20000000e+00 -3.22048697e-02 
 2.24882377e-09  6.14114758e-01  1.20000000e+00 -3.11395441e-02 
 2.25112456e-09  5.86505281e-01  1.20000000e+00 -2.92852096e-02 
 2.25374081e-09  5.55110271e-01  1.20000000e+00 -2.62505213e-02 
 2.25632905e-09  5.24051384e-01  1.20000000e+00 -2.22102632e-02 
 2.25904629e-09  4.91444518e-01  1.20000000e+00 -1.67747704e-02 
 2.26001604e-09  4.79807560e-01  1.20000000e+00 -1.45233009e-02 
 2.26057235e-09  4.73131809e-01  1.20000000e+00 -1.31761637e-02 
 2.26119372e-09  4.65675302e-01  1.20000000e+00 -1.16048134e-02 
 2.26187726e-09  4.57472922e-01  1.20000000e+00 -9.78323187e-03 
 2.26252519e-09  4.49697714e-01  1.20000000e+00 -7.96539662e-03 
 2.26382106e-09  4.34147298e-01  1.20000000e+00 -4.04864921e-03 
 2.26503923e-09  4.19529199e-01  1.20000000e+00  1.68399667e-06 
 2.26629086e-09  4.04509659e-01  1.20000000e+00  4.57485740e-03 
 2.26774938e-09  3.87007460e-01  1.20000000e+00  1.04820546e-02 
 2.26910784e-09  3.70705948e-01  1.20000000e+00  1.65733199e-02 
 2.27046909e-09  3.54370878e-01  1.20000000e+00  2.32420048e-02 
 2.27166266e-09  3.40048039e-01  1.20000000e+00  2.95365332e-02 
 2.27301534e-09  3.23815867e-01  1.20000000e+00  3.71576992e-02 
 2.27434334e-09  3.07879943e-01  1.20000000e+00  4.51249758e-02 
 2.27576575e-09  2.90811044e-01  1.20000000e+00  5.41745272e-02 
 2.27704388e-09  2.75473464e-01  1.20000000e+00  6.27493477e-02 
 2.27854637e-09  2.57443610e-01  1.20000000e+00  7.33521876e-02 
 2.28001574e-09  2.39811175e-01  1.20000000e+00  8.42577795e-02 
 2.28198393e-09  2.16192877e-01  1.20000000e+00  9.96789559e-02 
 2.28389845e-09  1.93218634e-01  1.20000000e+00  1.15555848e-01 
 2.28652450e-09  1.61705951e-01  1.20000000e+00  1.38704159e-01 
 2.28894575e-09  1.32650968e-01  1.20000000e+00  1.61418828e-01 
 2.29167025e-09  9.99570491e-02  1.20000000e+00  1.88506863e-01 
 2.29456025e-09  6.52770351e-02  1.20000000e+00  2.18957327e-01 
 2.29795902e-09  2.44917567e-02  1.20000000e+00  2.56944547e-01 
 2.30000000e-09  0.00000000e+00  1.20000000e+00  2.80844799e-01 
 2.30001069e-09  0.00000000e+00  1.20000000e+00  2.80972228e-01 
 2.30003206e-09  0.00000000e+00  1.20000000e+00  2.81227485e-01 
 2.30007481e-09  0.00000000e+00  1.20000000e+00  2.81740295e-01 
 2.30016030e-09  0.00000000e+00  1.20000000e+00  2.82774122e-01 
 2.30033130e-09  0.00000000e+00  1.20000000e+00  2.84868713e-01 
 2.30048952e-09  0.00000000e+00  1.20000000e+00  2.86832769e-01 
 2.30070176e-09  0.00000000e+00  1.20000000e+00  2.89496353e-01 
 2.30091296e-09  0.00000000e+00  1.20000000e+00  2.92173264e-01 
 2.30122338e-09  0.00000000e+00  1.20000000e+00  2.96145405e-01 
 2.30157419e-09  0.00000000e+00  1.20000000e+00  3.00677538e-01 
 2.30212712e-09  0.00000000e+00  1.20000000e+00  3.07888975e-01 
 2.30287001e-09  0.00000000e+00  1.20000000e+00  3.17670387e-01 
 2.30379426e-09  0.00000000e+00  1.20000000e+00  3.29931974e-01 
 2.30476057e-09  0.00000000e+00  1.20000000e+00  3.42805176e-01 
 2.30591947e-09  0.00000000e+00  1.20000000e+00  3.58259484e-01 
 2.30722688e-09  0.00000000e+00  1.20000000e+00  3.75667379e-01 
 2.30888227e-09  0.00000000e+00  1.20000000e+00  3.97619631e-01 
 2.31087956e-09  0.00000000e+00  1.20000000e+00  4.23931850e-01 
 2.31358701e-09  0.00000000e+00  1.20000000e+00  4.59251013e-01 
 2.31700133e-09  0.00000000e+00  1.20000000e+00  5.03169423e-01 
 2.32057304e-09  0.00000000e+00  1.20000000e+00  5.48312414e-01 
 2.32473736e-09  0.00000000e+00  1.20000000e+00  5.99798467e-01 
 2.32934063e-09  0.00000000e+00  1.20000000e+00  6.55037238e-01 
 2.33298332e-09  0.00000000e+00  1.20000000e+00  6.97271504e-01 
 2.33614514e-09  0.00000000e+00  1.20000000e+00  7.32673565e-01 
 2.33927702e-09  0.00000000e+00  1.20000000e+00  7.66430924e-01 
 2.34239308e-09  0.00000000e+00  1.20000000e+00  7.98579704e-01 
 2.34577000e-09  0.00000000e+00  1.20000000e+00  8.31648024e-01 
 2.34895541e-09  0.00000000e+00  1.20000000e+00  8.61051335e-01 
 2.35266632e-09  0.00000000e+00  1.20000000e+00  8.93019120e-01 
 2.35633857e-09  0.00000000e+00  1.20000000e+00  9.22186720e-01 
 2.36042637e-09  0.00000000e+00  1.20000000e+00  9.51788907e-01 
 2.36436263e-09  0.00000000e+00  1.20000000e+00  9.77538035e-01 
 2.36769532e-09  0.00000000e+00  1.20000000e+00  9.97335924e-01 
 2.37117180e-09  0.00000000e+00  1.20000000e+00  1.01615826e+00 
 2.37488314e-09  0.00000000e+00  1.20000000e+00  1.03433222e+00 
 2.37863988e-09  0.00000000e+00  1.20000000e+00  1.05086343e+00 
 2.38227258e-09  0.00000000e+00  1.20000000e+00  1.06521397e+00 
 2.38565983e-09  0.00000000e+00  1.20000000e+00  1.07726854e+00 
 2.38917611e-09  0.00000000e+00  1.20000000e+00  1.08854585e+00 
 2.39248449e-09  0.00000000e+00  1.20000000e+00  1.09810355e+00 
 2.39584199e-09  0.00000000e+00  1.20000000e+00  1.10685221e+00 
 2.39904408e-09  0.00000000e+00  1.20000000e+00  1.11438073e+00 
 2.40228889e-09  0.00000000e+00  1.20000000e+00  1.12127051e+00 
 2.40542681e-09  0.00000000e+00  1.20000000e+00  1.12729684e+00 
 2.40837558e-09  0.00000000e+00  1.20000000e+00  1.13243787e+00 
 2.41169001e-09  0.00000000e+00  1.20000000e+00  1.13765796e+00 
 2.41507437e-09  0.00000000e+00  1.20000000e+00  1.14243532e+00 
 2.41819502e-09  0.00000000e+00  1.20000000e+00  1.14639121e+00 
 2.42164243e-09  0.00000000e+00  1.20000000e+00  1.15031179e+00 
 2.42490894e-09  0.00000000e+00  1.20000000e+00  1.15363360e+00 
 2.42851904e-09  0.00000000e+00  1.20000000e+00  1.15690736e+00 
 2.43204277e-09  0.00000000e+00  1.20000000e+00  1.15974236e+00 
 2.43585998e-09  0.00000000e+00  1.20000000e+00  1.16245726e+00 
 2.43966150e-09  0.00000000e+00  1.20000000e+00  1.16483459e+00 
 2.44373412e-09  0.00000000e+00  1.20000000e+00  1.16706407e+00 
 2.44785332e-09  0.00000000e+00  1.20000000e+00  1.16902626e+00 
 2.45224499e-09  0.00000000e+00  1.20000000e+00  1.17083658e+00 
 2.45674035e-09  0.00000000e+00  1.20000000e+00  1.17242905e+00 
 2.46152642e-09  0.00000000e+00  1.20000000e+00  1.17387617e+00 
 2.46647530e-09  0.00000000e+00  1.20000000e+00  1.17514288e+00 
 2.47175019e-09  0.00000000e+00  1.20000000e+00  1.17627623e+00 
 2.47725618e-09  0.00000000e+00  1.20000000e+00  1.17725941e+00 
 2.48314406e-09  0.00000000e+00  1.20000000e+00  1.17812400e+00 
 2.48934874e-09  0.00000000e+00  1.20000000e+00  1.17886402e+00 
 2.49601931e-09  0.00000000e+00  1.20000000e+00  1.17950156e+00 
 2.50312199e-09  0.00000000e+00  1.20000000e+00  1.18003691e+00 
 2.51082584e-09  0.00000000e+00  1.20000000e+00  1.18048684e+00 
 2.51910023e-09  0.00000000e+00  1.20000000e+00  1.18085374e+00 
 2.52818264e-09  0.00000000e+00  1.20000000e+00  1.18115229e+00 
 2.53813057e-09  0.00000000e+00  1.20000000e+00  1.18138769e+00 
 2.54813057e-09  0.00000000e+00  1.20000000e+00  1.18155488e+00 
 2.55813057e-09  0.00000000e+00  1.20000000e+00  1.18167287e+00 
 2.56813057e-09  0.00000000e+00  1.20000000e+00  1.18175614e+00 
 2.57813057e-09  0.00000000e+00  1.20000000e+00  1.18181490e+00 
 2.58813057e-09  0.00000000e+00  1.20000000e+00  1.18185637e+00 
 2.59813057e-09  0.00000000e+00  1.20000000e+00  1.18188563e+00 
 2.60813057e-09  0.00000000e+00  1.20000000e+00  1.18190628e+00 
 2.61813057e-09  0.00000000e+00  1.20000000e+00  1.18192086e+00 
 2.62813057e-09  0.00000000e+00  1.20000000e+00  1.18193114e+00 
 2.63813057e-09  0.00000000e+00  1.20000000e+00  1.18193840e+00 
 2.64813057e-09  0.00000000e+00  1.20000000e+00  1.18194352e+00 
 2.65813057e-09  0.00000000e+00  1.20000000e+00  1.18194713e+00 
 2.66813057e-09  0.00000000e+00  1.20000000e+00  1.18194968e+00 
 2.67813057e-09  0.00000000e+00  1.20000000e+00  1.18195148e+00 
 2.68813057e-09  0.00000000e+00  1.20000000e+00  1.18195275e+00 
 2.69813057e-09  0.00000000e+00  1.20000000e+00  1.18195365e+00 
 2.70813057e-09  0.00000000e+00  1.20000000e+00  1.18195428e+00 
 2.71813057e-09  0.00000000e+00  1.20000000e+00  1.18195473e+00 
 2.72813057e-09  0.00000000e+00  1.20000000e+00  1.18195504e+00 
 2.73813057e-09  0.00000000e+00  1.20000000e+00  1.18195526e+00 
 2.74813057e-09  0.00000000e+00  1.20000000e+00  1.18195542e+00 
 2.75813057e-09  0.00000000e+00  1.20000000e+00  1.18195553e+00 
 2.76813057e-09  0.00000000e+00  1.20000000e+00  1.18195561e+00 
 2.77813057e-09  0.00000000e+00  1.20000000e+00  1.18195566e+00 
 2.78813057e-09  0.00000000e+00  1.20000000e+00  1.18195570e+00 
 2.79813057e-09  0.00000000e+00  1.20000000e+00  1.18195573e+00 
 2.80813057e-09  0.00000000e+00  1.20000000e+00  1.18195575e+00 
 2.81813057e-09  0.00000000e+00  1.20000000e+00  1.18195576e+00 
 2.82813057e-09  0.00000000e+00  1.20000000e+00  1.18195577e+00 
 2.83813057e-09  0.00000000e+00  1.20000000e+00  1.18195578e+00 
 2.84813057e-09  0.00000000e+00  1.20000000e+00  1.18195578e+00 
 2.85813057e-09  0.00000000e+00  1.20000000e+00  1.18195579e+00 
 2.86813057e-09  0.00000000e+00  1.20000000e+00  1.18195579e+00 
 2.87813057e-09  0.00000000e+00  1.20000000e+00  1.18195579e+00 
 2.88813057e-09  0.00000000e+00  1.20000000e+00  1.18195579e+00 
 2.89813057e-09  0.00000000e+00  1.20000000e+00  1.18195579e+00 
 2.90813057e-09  0.00000000e+00  1.20000000e+00  1.18195579e+00 
 2.91813057e-09  0.00000000e+00  1.20000000e+00  1.18195579e+00 
 2.92813057e-09  0.00000000e+00  1.20000000e+00  1.18195579e+00 
 2.93813057e-09  0.00000000e+00  1.20000000e+00  1.18195580e+00 
 2.94813057e-09  0.00000000e+00  1.20000000e+00  1.18195580e+00 
 2.95813057e-09  0.00000000e+00  1.20000000e+00  1.18195580e+00 
 2.96813057e-09  0.00000000e+00  1.20000000e+00  1.18195580e+00 
 2.97813057e-09  0.00000000e+00  1.20000000e+00  1.18195580e+00 
 2.98813057e-09  0.00000000e+00  1.20000000e+00  1.18195580e+00 
 2.99813057e-09  0.00000000e+00  1.20000000e+00  1.18195580e+00 
 3.00813057e-09  0.00000000e+00  1.20000000e+00  1.18195580e+00 
 3.01813057e-09  0.00000000e+00  1.20000000e+00  1.18195580e+00 
 3.02813057e-09  0.00000000e+00  1.20000000e+00  1.18195580e+00 
 3.03813057e-09  0.00000000e+00  1.20000000e+00  1.18195580e+00 
 3.04813057e-09  0.00000000e+00  1.20000000e+00  1.18195580e+00 
 3.05813057e-09  0.00000000e+00  1.20000000e+00  1.18195580e+00 
 3.06813057e-09  0.00000000e+00  1.20000000e+00  1.18195580e+00 
 3.07813057e-09  0.00000000e+00  1.20000000e+00  1.18195580e+00 
 3.08813057e-09  0.00000000e+00  1.20000000e+00  1.18195580e+00 
 3.09813057e-09  0.00000000e+00  1.20000000e+00  1.18195580e+00 
 3.10813057e-09  0.00000000e+00  1.20000000e+00  1.18195580e+00 
 3.11813057e-09  0.00000000e+00  1.20000000e+00  1.18195580e+00 
 3.12813057e-09  0.00000000e+00  1.20000000e+00  1.18195580e+00 
 3.13813057e-09  0.00000000e+00  1.20000000e+00  1.18195580e+00 
 3.14813057e-09  0.00000000e+00  1.20000000e+00  1.18195580e+00 
 3.15813057e-09  0.00000000e+00  1.20000000e+00  1.18195580e+00 
 3.16813057e-09  0.00000000e+00  1.20000000e+00  1.18195580e+00 
 3.17813057e-09  0.00000000e+00  1.20000000e+00  1.18195580e+00 
 3.18813057e-09  0.00000000e+00  1.20000000e+00  1.18195580e+00 
 3.19813057e-09  0.00000000e+00  1.20000000e+00  1.18195580e+00 
 3.20000000e-09  0.00000000e+00  1.20000000e+00  1.18195580e+00 
 3.20000256e-09  0.00000000e+00  1.19996929e+00  1.18195579e+00 
 3.20000768e-09  0.00000000e+00  1.19990787e+00  1.18195578e+00 
 3.20001791e-09  0.00000000e+00  1.19978504e+00  1.18195572e+00 
 3.20003839e-09  0.00000000e+00  1.19953937e+00  1.18195545e+00 
 3.20007933e-09  0.00000000e+00  1.19904802e+00  1.18195435e+00 
 3.20016122e-09  0.00000000e+00  1.19806534e+00  1.18194999e+00 
 3.20032500e-09  0.00000000e+00  1.19609996e+00  1.18193350e+00 
 3.20059994e-09  0.00000000e+00  1.19280076e+00  1.18188615e+00 
 3.20087151e-09  0.00000000e+00  1.18954183e+00  1.18181962e+00 
 3.20119727e-09  0.00000000e+00  1.18563278e+00  1.18172014e+00 
 3.20154162e-09  0.00000000e+00  1.18150054e+00  1.18159736e+00 
 3.20193278e-09  0.00000000e+00  1.17680662e+00  1.18144220e+00 
 3.20234444e-09  0.00000000e+00  1.17186668e+00  1.18126645e+00 
 3.20281261e-09  0.00000000e+00  1.16624866e+00  1.18105672e+00 
 3.20332573e-09  0.00000000e+00  1.16009121e+00  1.18081994e+00 
 3.20392535e-09  0.00000000e+00  1.15289582e+00  1.18053925e+00 
 3.20460636e-09  0.00000000e+00  1.14472370e+00  1.18021990e+00 
 3.20542601e-09  0.00000000e+00  1.13488790e+00  1.17983914e+00 
 3.20640429e-09  0.00000000e+00  1.12314853e+00  1.17939282e+00 
 3.20758342e-09  0.00000000e+00  1.10899891e+00  1.17886893e+00 
 3.20931148e-09  0.00000000e+00  1.08826228e+00  1.17813164e+00 
 3.21187271e-09  0.00000000e+00  1.05752751e+00  1.17710464e+00 
 3.21421358e-09  0.00000000e+00  1.02943701e+00  1.17623150e+00 
 3.21708900e-09  0.00000000e+00  9.94931973e-01  1.17523884e+00 
 3.21987805e-09  0.00000000e+00  9.61463404e-01  1.17435557e+00 
 3.22335122e-09  0.00000000e+00  9.19785322e-01  1.17335900e+00 
 3.22686760e-09  0.00000000e+00  8.77588763e-01  1.17245907e+00 
 3.22874211e-09  0.00000000e+00  8.55094663e-01  1.17201825e+00 
 3.23017037e-09  0.00000000e+00  8.37955572e-01  1.17169476e+00 
 3.23157207e-09  0.00000000e+00  8.21135126e-01  1.17138213e+00 
 3.23301484e-09  0.00000000e+00  8.03821863e-01  1.17105830e+00 
 3.23470421e-09  0.00000000e+00  7.83549500e-01  1.17066596e+00 
 3.23623777e-09  0.00000000e+00  7.65146788e-01  1.17028985e+00 
 3.23812707e-09  0.00000000e+00  7.42475131e-01  1.16979764e+00 
 3.24033052e-09  0.00000000e+00  7.16033799e-01  1.16919719e+00 
 3.24197476e-09  0.00000000e+00  6.96302920e-01  1.16874784e+00 
 3.24360721e-09  0.00000000e+00  6.76713523e-01  1.16832001e+00 
 3.24541472e-09  0.00000000e+00  6.55023347e-01  1.16788467e+00 
 3.24735097e-09  0.00000000e+00  6.31788369e-01  1.16747814e+00 
 3.24957056e-09  0.00000000e+00  6.05153251e-01  1.16710079e+00 
 3.25210181e-09  0.00000000e+00  5.74778243e-01  1.16679222e+00 
 3.25472470e-09  0.00000000e+00  5.43303613e-01  1.16660637e+00 
 3.25764071e-09  0.00000000e+00  5.08311428e-01  1.16654623e+00 
 3.26076441e-09  0.00000000e+00  4.70827118e-01  1.16663034e+00 
 3.26312006e-09  0.00000000e+00  4.42559252e-01  1.16678010e+00 
 3.26519860e-09  0.00000000e+00  4.17616834e-01  1.16696298e+00 
 3.26730597e-09  0.00000000e+00  3.92328380e-01  1.16718853e+00 
 3.26953750e-09  0.00000000e+00  3.65549964e-01  1.16746313e+00 
 3.27150225e-09  0.00000000e+00  3.41972991e-01  1.16772923e+00 
 3.27340892e-09  0.00000000e+00  3.19092907e-01  1.16800421e+00 
 3.27545971e-09  0.00000000e+00  2.94483523e-01  1.16831352e+00 
 3.27754732e-09  0.00000000e+00  2.69432109e-01  1.16863819e+00 
 3.27926224e-09  0.00000000e+00  2.48853151e-01  1.16890934e+00 
 3.28079237e-09  0.00000000e+00  2.30491510e-01  1.16915277e+00 
 3.28254446e-09  0.00000000e+00  2.09466509e-01  1.16943146e+00 
 3.28432157e-09  0.00000000e+00  1.88141193e-01  1.16971246e+00 
 3.28640409e-09  0.00000000e+00  1.63150927e-01  1.17003753e+00 
 3.28883489e-09  0.00000000e+00  1.33981311e-01  1.17040866e+00 
 3.29204406e-09  0.00000000e+00  9.54712598e-02  1.17088082e+00 
 3.29629518e-09  0.00000000e+00  4.44578102e-02  1.17146871e+00 
 3.30000000e-09  0.00000000e+00  3.99680289e-15  1.17194235e+00 
 3.30000814e-09  0.00000000e+00  0.00000000e+00  1.17194341e+00 
 3.30002442e-09  0.00000000e+00  0.00000000e+00  1.17194558e+00 
 3.30005699e-09  0.00000000e+00  0.00000000e+00  1.17195027e+00 
 3.30012212e-09  0.00000000e+00  0.00000000e+00  1.17196123e+00 
 3.30025238e-09  0.00000000e+00  0.00000000e+00  1.17198915e+00 
 3.30042582e-09  0.00000000e+00  0.00000000e+00  1.17203776e+00 
 3.30060930e-09  0.00000000e+00  0.00000000e+00  1.17210203e+00 
 3.30082433e-09  0.00000000e+00  0.00000000e+00  1.17219224e+00 
 3.30107667e-09  0.00000000e+00  0.00000000e+00  1.17231608e+00 
 3.30140407e-09  0.00000000e+00  0.00000000e+00  1.17250129e+00 
 3.30182269e-09  0.00000000e+00  0.00000000e+00  1.17277085e+00 
 3.30241867e-09  0.00000000e+00  0.00000000e+00  1.17320151e+00 
 3.30327770e-09  0.00000000e+00  0.00000000e+00  1.17388374e+00 
 3.30410771e-09  0.00000000e+00  0.00000000e+00  1.17457946e+00 
 3.30513948e-09  0.00000000e+00  0.00000000e+00  1.17545563e+00 
 3.30622146e-09  0.00000000e+00  0.00000000e+00  1.17636071e+00 
 3.30764935e-09  0.00000000e+00  0.00000000e+00  1.17750447e+00 
 3.30929832e-09  0.00000000e+00  0.00000000e+00  1.17873423e+00 
 3.31149018e-09  0.00000000e+00  0.00000000e+00  1.18020794e+00 
 3.31414662e-09  0.00000000e+00  0.00000000e+00  1.18175997e+00 
 3.31747856e-09  0.00000000e+00  0.00000000e+00  1.18338814e+00 
 3.32065324e-09  0.00000000e+00  0.00000000e+00  1.18465959e+00 
 3.32393535e-09  0.00000000e+00  0.00000000e+00  1.18573851e+00 
 3.32725239e-09  0.00000000e+00  0.00000000e+00  1.18662926e+00 
 3.33089025e-09  0.00000000e+00  0.00000000e+00  1.18741920e+00 
 3.33470274e-09  0.00000000e+00  0.00000000e+00  1.18807805e+00 
 3.33888738e-09  0.00000000e+00  0.00000000e+00  1.18864426e+00 
 3.34332324e-09  0.00000000e+00  0.00000000e+00  1.18910493e+00 
 3.34821907e-09  0.00000000e+00  0.00000000e+00  1.18948695e+00 
 3.35349770e-09  0.00000000e+00  0.00000000e+00  1.18978826e+00 
 3.35939057e-09  0.00000000e+00  0.00000000e+00  1.19002706e+00 
 3.36587369e-09  0.00000000e+00  0.00000000e+00  1.19020660e+00 
 3.37323873e-09  0.00000000e+00  0.00000000e+00  1.19033990e+00 
 3.38155864e-09  0.00000000e+00  0.00000000e+00  1.19043277e+00 
 3.39127217e-09  0.00000000e+00  0.00000000e+00  1.19049498e+00 
 3.40127217e-09  0.00000000e+00  0.00000000e+00  1.19052939e+00 
 3.41127217e-09  0.00000000e+00  0.00000000e+00  1.19054765e+00 
 3.42127217e-09  0.00000000e+00  0.00000000e+00  1.19055734e+00 
 3.43127217e-09  0.00000000e+00  0.00000000e+00  1.19056248e+00 
 3.44127217e-09  0.00000000e+00  0.00000000e+00  1.19056520e+00 
 3.45127217e-09  0.00000000e+00  0.00000000e+00  1.19056665e+00 
 3.46127217e-09  0.00000000e+00  0.00000000e+00  1.19056742e+00 
 3.47127217e-09  0.00000000e+00  0.00000000e+00  1.19056783e+00 
 3.48127217e-09  0.00000000e+00  0.00000000e+00  1.19056805e+00 
 3.49127217e-09  0.00000000e+00  0.00000000e+00  1.19056816e+00 
 3.50127217e-09  0.00000000e+00  0.00000000e+00  1.19056823e+00 
 3.51127217e-09  0.00000000e+00  0.00000000e+00  1.19056826e+00 
 3.52127217e-09  0.00000000e+00  0.00000000e+00  1.19056828e+00 
 3.53127217e-09  0.00000000e+00  0.00000000e+00  1.19056829e+00 
 3.54127217e-09  0.00000000e+00  0.00000000e+00  1.19056830e+00 
 3.55127217e-09  0.00000000e+00  0.00000000e+00  1.19056830e+00 
 3.56127217e-09  0.00000000e+00  0.00000000e+00  1.19056830e+00 
 3.57127217e-09  0.00000000e+00  0.00000000e+00  1.19056831e+00 
 3.58127217e-09  0.00000000e+00  0.00000000e+00  1.19056831e+00 
 3.59127217e-09  0.00000000e+00  0.00000000e+00  1.19056831e+00 
 3.60127217e-09  0.00000000e+00  0.00000000e+00  1.19056831e+00 
 3.61127217e-09  0.00000000e+00  0.00000000e+00  1.19056831e+00 
 3.62127217e-09  0.00000000e+00  0.00000000e+00  1.19056832e+00 
 3.63127217e-09  0.00000000e+00  0.00000000e+00  1.19056832e+00 
 3.64127217e-09  0.00000000e+00  0.00000000e+00  1.19056832e+00 
 3.65127217e-09  0.00000000e+00  0.00000000e+00  1.19056832e+00 
 3.66127217e-09  0.00000000e+00  0.00000000e+00  1.19056832e+00 
 3.67127217e-09  0.00000000e+00  0.00000000e+00  1.19056832e+00 
 3.68127217e-09  0.00000000e+00  0.00000000e+00  1.19056833e+00 
 3.69127217e-09  0.00000000e+00  0.00000000e+00  1.19056833e+00 
 3.70127217e-09  0.00000000e+00  0.00000000e+00  1.19056833e+00 
 3.71127217e-09  0.00000000e+00  0.00000000e+00  1.19056833e+00 
 3.72127217e-09  0.00000000e+00  0.00000000e+00  1.19056833e+00 
 3.73127217e-09  0.00000000e+00  0.00000000e+00  1.19056833e+00 
 3.74127217e-09  0.00000000e+00  0.00000000e+00  1.19056834e+00 
 3.75127217e-09  0.00000000e+00  0.00000000e+00  1.19056834e+00 
 3.76127217e-09  0.00000000e+00  0.00000000e+00  1.19056834e+00 
 3.77127217e-09  0.00000000e+00  0.00000000e+00  1.19056834e+00 
 3.78127217e-09  0.00000000e+00  0.00000000e+00  1.19056834e+00 
 3.79127217e-09  0.00000000e+00  0.00000000e+00  1.19056835e+00 
 3.80127217e-09  0.00000000e+00  0.00000000e+00  1.19056835e+00 
 3.81127217e-09  0.00000000e+00  0.00000000e+00  1.19056835e+00 
 3.82127217e-09  0.00000000e+00  0.00000000e+00  1.19056835e+00 
 3.83127217e-09  0.00000000e+00  0.00000000e+00  1.19056835e+00 
 3.84127217e-09  0.00000000e+00  0.00000000e+00  1.19056835e+00 
 3.85127217e-09  0.00000000e+00  0.00000000e+00  1.19056836e+00 
 3.86127217e-09  0.00000000e+00  0.00000000e+00  1.19056836e+00 
 3.87127217e-09  0.00000000e+00  0.00000000e+00  1.19056836e+00 
 3.88127217e-09  0.00000000e+00  0.00000000e+00  1.19056836e+00 
 3.89127217e-09  0.00000000e+00  0.00000000e+00  1.19056836e+00 
 3.90127217e-09  0.00000000e+00  0.00000000e+00  1.19056836e+00 
 3.91127217e-09  0.00000000e+00  0.00000000e+00  1.19056837e+00 
 3.92127217e-09  0.00000000e+00  0.00000000e+00  1.19056837e+00 
 3.93127217e-09  0.00000000e+00  0.00000000e+00  1.19056837e+00 
 3.94127217e-09  0.00000000e+00  0.00000000e+00  1.19056837e+00 
 3.95127217e-09  0.00000000e+00  0.00000000e+00  1.19056837e+00 
 3.96127217e-09  0.00000000e+00  0.00000000e+00  1.19056838e+00 
 3.97127217e-09  0.00000000e+00  0.00000000e+00  1.19056838e+00 
 3.98127217e-09  0.00000000e+00  0.00000000e+00  1.19056838e+00 
 3.99127217e-09  0.00000000e+00  0.00000000e+00  1.19056838e+00 
 4.00000000e-09  0.00000000e+00  0.00000000e+00  1.19056838e+00 
