 time            v(in1)          v(in2)          v(out)         
 0.00000000e+00  0.00000000e+00  0.00000000e+00  1.14169899e+00 
 1.00000000e-13  0.00000000e+00  0.00000000e+00  1.14169899e+00 
 2.00000000e-13  0.00000000e+00  0.00000000e+00  1.14169899e+00 
 4.00000000e-13  0.00000000e+00  0.00000000e+00  1.14169899e+00 
 8.00000000e-13  0.00000000e+00  0.00000000e+00  1.14169899e+00 
 1.60000000e-12  0.00000000e+00  0.00000000e+00  1.14169899e+00 
 3.20000000e-12  0.00000000e+00  0.00000000e+00  1.14169899e+00 
 6.40000000e-12  0.00000000e+00  0.00000000e+00  1.14169899e+00 
 1.28000000e-11  0.00000000e+00  0.00000000e+00  1.14169899e+00 
 2.28000000e-11  0.00000000e+00  0.00000000e+00  1.14169899e+00 
 3.28000000e-11  0.00000000e+00  0.00000000e+00  1.14169899e+00 
 4.28000000e-11  0.00000000e+00  0.00000000e+00  1.14169899e+00 
 5.28000000e-11  0.00000000e+00  0.00000000e+00  1.14169899e+00 
 6.28000000e-11  0.00000000e+00  0.00000000e+00  1.14169899e+00 
 7.28000000e-11  0.00000000e+00  0.00000000e+00  1.14169899e+00 
 8.28000000e-11  0.00000000e+00  0.00000000e+00  1.14169899e+00 
 9.28000000e-11  0.00000000e+00  0.00000000e+00  1.14169899e+00 
 1.00000000e-10  0.00000000e+00  0.00000000e+00  1.14169899e+00 
 1.00009068e-10  1.08811940e-04  0.00000000e+00  1.14169914e+00 
 1.00027203e-10  3.26435821e-04  0.00000000e+00  1.14169974e+00 
 1.00063474e-10  7.61683583e-04  0.00000000e+00  1.14170263e+00 
 1.00136015e-10  1.63217911e-03  0.00000000e+00  1.14171464e+00 
 1.00281098e-10  3.37317015e-03  0.00000000e+00  1.14175971e+00 
 1.00446056e-10  5.35266682e-03  0.00000000e+00  1.14183897e+00 
 1.00640017e-10  7.68020404e-03  0.00000000e+00  1.14196188e+00 
 1.00851840e-10  1.02220814e-02  0.00000000e+00  1.14212545e+00 
 1.01127261e-10  1.35271316e-02  0.00000000e+00  1.14237506e+00 
 1.01466120e-10  1.75934434e-02  0.00000000e+00  1.14272910e+00 
 1.01945639e-10  2.33476705e-02  0.00000000e+00  1.14330056e+00 
 1.02617645e-10  3.14117427e-02  0.00000000e+00  1.14420738e+00 
 1.03305187e-10  3.96622398e-02  0.00000000e+00  1.14522907e+00 
 1.04121754e-10  4.94610509e-02  0.00000000e+00  1.14652521e+00 
 1.04976837e-10  5.97220401e-02  0.00000000e+00  1.14794549e+00 
 1.06014787e-10  7.21774412e-02  0.00000000e+00  1.14972012e+00 
 1.07152072e-10  8.58248585e-02  0.00000000e+00  1.15169789e+00 
 1.08554417e-10  1.02653010e-01  0.00000000e+00  1.15415256e+00 
 1.10157767e-10  1.21893204e-01  0.00000000e+00  1.15695314e+00 
 1.12180144e-10  1.46161728e-01  0.00000000e+00  1.16044804e+00 
 1.14573783e-10  1.74885395e-01  0.00000000e+00  1.16449758e+00 
 1.17264176e-10  2.07170113e-01  0.00000000e+00  1.16890896e+00 
 1.20648724e-10  2.47784689e-01  0.00000000e+00  1.17421224e+00 
 1.23196453e-10  2.78357441e-01  0.00000000e+00  1.17798899e+00 
 1.24876383e-10  2.98516598e-01  0.00000000e+00  1.18035804e+00 
 1.26311565e-10  3.15738785e-01  0.00000000e+00  1.18229200e+00 
 1.27719284e-10  3.32631406e-01  0.00000000e+00  1.18409617e+00 
 1.28393613e-10  3.40723354e-01  0.00000000e+00  1.18492439e+00 
 1.28803716e-10  3.45644593e-01  0.00000000e+00  1.18541832e+00 
 1.29203690e-10  3.50444279e-01  0.00000000e+00  1.18589084e+00 
 1.29640237e-10  3.55682847e-01  0.00000000e+00  1.18639518e+00 
 1.30314393e-10  3.63772711e-01  0.00000000e+00  1.18714964e+00 
 1.31662703e-10  3.79952440e-01  0.00000000e+00  1.18856232e+00 
 1.33286473e-10  3.99437671e-01  0.00000000e+00  1.19007227e+00 
 1.34807211e-10  4.17686530e-01  0.00000000e+00  1.19126701e+00 
 1.36258364e-10  4.35100369e-01  0.00000000e+00  1.19217689e+00 
 1.37913299e-10  4.54959590e-01  0.00000000e+00  1.19289474e+00 
 1.39499427e-10  4.73993124e-01  0.00000000e+00  1.19321897e+00 
 1.41244340e-10  4.94932078e-01  0.00000000e+00  1.19311150e+00 
 1.42909440e-10  5.14913284e-01  0.00000000e+00  1.19250677e+00 
 1.44670783e-10  5.36049395e-01  0.00000000e+00  1.19128060e+00 
 1.46404240e-10  5.56850884e-01  0.00000000e+00  1.18943618e+00 
 1.48230856e-10  5.78770274e-01  0.00000000e+00  1.18675415e+00 
 1.50026379e-10  6.00316548e-01  0.00000000e+00  1.18332473e+00 
 1.51851789e-10  6.22221468e-01  0.00000000e+00  1.17897029e+00 
 1.53591185e-10  6.43094221e-01  0.00000000e+00  1.17394187e+00 
 1.55275152e-10  6.63301819e-01  0.00000000e+00  1.16818638e+00 
 1.56856575e-10  6.82278901e-01  0.00000000e+00  1.16191926e+00 
 1.58405412e-10  7.00864950e-01  0.00000000e+00  1.15490979e+00 
 1.59972661e-10  7.19671937e-01  0.00000000e+00  1.14688674e+00 
 1.61702990e-10  7.40435884e-01  0.00000000e+00  1.13689626e+00 
 1.63268408e-10  7.59220896e-01  0.00000000e+00  1.12680826e+00 
 1.64970790e-10  7.79649484e-01  0.00000000e+00  1.11467999e+00 
 1.66598619e-10  7.99183425e-01  0.00000000e+00  1.10193796e+00 
 1.68533426e-10  8.22401115e-01  0.00000000e+00  1.08532765e+00 
 1.70109610e-10  8.41315324e-01  0.00000000e+00  1.07062018e+00 
 1.71664314e-10  8.59971773e-01  0.00000000e+00  1.05508342e+00 
 1.73383617e-10  8.80603405e-01  0.00000000e+00  1.03672463e+00 
 1.75215090e-10  9.02581074e-01  0.00000000e+00  1.01583917e+00 
 1.76833934e-10  9.22007208e-01  0.00000000e+00  9.96275621e-01 
 1.78256229e-10  9.39074744e-01  0.00000000e+00  9.78263851e-01 
 1.79911588e-10  9.58939052e-01  0.00000000e+00  9.56354094e-01 
 1.81572550e-10  9.78870595e-01  0.00000000e+00  9.33362957e-01 
 1.83926901e-10  1.00712281e+00  0.00000000e+00  8.99076562e-01 
 1.86634581e-10  1.03961498e+00  0.00000000e+00  8.57228040e-01 
 1.89924138e-10  1.07908966e+00  0.00000000e+00  8.03026609e-01 
 1.93199666e-10  1.11839599e+00  0.00000000e+00  7.45602888e-01 
 1.96321614e-10  1.15585937e+00  0.00000000e+00  6.87965571e-01 
 1.99459047e-10  1.19350856e+00  0.00000000e+00  6.27626415e-01 
 2.00000000e-10  1.20000000e+00  0.00000000e+00  6.17011845e-01 
 2.00006226e-10  1.20000000e+00  0.00000000e+00  6.16889317e-01 
 2.00018678e-10  1.20000000e+00  0.00000000e+00  6.16644131e-01 
 2.00043582e-10  1.20000000e+00  0.00000000e+00  6.16153001e-01 
 2.00093390e-10  1.20000000e+00  0.00000000e+00  6.15167875e-01 
 2.00193006e-10  1.20000000e+00  0.00000000e+00  6.13187376e-01 
 2.00392237e-10  1.20000000e+00  0.00000000e+00  6.09193529e-01 
 2.00683635e-10  1.20000000e+00  0.00000000e+00  6.03296187e-01 
 2.00994318e-10  1.20000000e+00  0.00000000e+00  5.96963419e-01 
 2.01331658e-10  1.20000000e+00  0.00000000e+00  5.90060956e-01 
 2.01686824e-10  1.20000000e+00  0.00000000e+00  5.82782954e-01 
 2.02089355e-10  1.20000000e+00  0.00000000e+00  5.74536659e-01 
 2.02528730e-10  1.20000000e+00  0.00000000e+00  5.65550924e-01 
 2.03032593e-10  1.20000000e+00  0.00000000e+00  5.55277653e-01 
 2.03596024e-10  1.20000000e+00  0.00000000e+00  5.43840240e-01 
 2.04257548e-10  1.20000000e+00  0.00000000e+00  5.30491117e-01 
 2.05027043e-10  1.20000000e+00  0.00000000e+00  5.15084983e-01 
 2.05970998e-10  1.20000000e+00  0.00000000e+00  4.96384877e-01 
 2.07145468e-10  1.20000000e+00  0.00000000e+00  4.73458145e-01 
 2.08735367e-10  1.20000000e+00  0.00000000e+00  4.43099754e-01 
 2.10793520e-10  1.20000000e+00  0.00000000e+00  4.05125244e-01 
 2.12809382e-10  1.20000000e+00  0.00000000e+00  3.69596134e-01 
 2.14768829e-10  1.20000000e+00  0.00000000e+00  3.36859004e-01 
 2.16859209e-10  1.20000000e+00  0.00000000e+00  3.04084633e-01 
 2.18913996e-10  1.20000000e+00  0.00000000e+00  2.74160040e-01 
 2.20690052e-10  1.20000000e+00  0.00000000e+00  2.50163793e-01 
 2.22289207e-10  1.20000000e+00  0.00000000e+00  2.30030072e-01 
 2.24104214e-10  1.20000000e+00  0.00000000e+00  2.08823481e-01 
 2.25746738e-10  1.20000000e+00  0.00000000e+00  1.91082107e-01 
 2.27550523e-10  1.20000000e+00  0.00000000e+00  1.73107641e-01 
 2.29527259e-10  1.20000000e+00  0.00000000e+00  1.55120588e-01 
 2.31556773e-10  1.20000000e+00  0.00000000e+00  1.38390742e-01 
 2.33539923e-10  1.20000000e+00  0.00000000e+00  1.23622735e-01 
 2.35647770e-10  1.20000000e+00  0.00000000e+00  1.09505687e-01 
 2.37572559e-10  1.20000000e+00  0.00000000e+00  9.79223037e-02 
 2.39571597e-10  1.20000000e+00  0.00000000e+00  8.70989811e-02 
 2.41504037e-10  1.20000000e+00  0.00000000e+00  7.77061069e-02 
 2.43531560e-10  1.20000000e+00  0.00000000e+00  6.88786653e-02 
 2.45516537e-10  1.20000000e+00  0.00000000e+00  6.11622472e-02 
 2.47591984e-10  1.20000000e+00  0.00000000e+00  5.39772406e-02 
 2.49651396e-10  1.20000000e+00  0.00000000e+00  4.76511229e-02 
 2.51805098e-10  1.20000000e+00  0.00000000e+00  4.18004882e-02 
 2.53967380e-10  1.20000000e+00  0.00000000e+00  3.66282833e-02 
 2.56230784e-10  1.20000000e+00  0.00000000e+00  3.18808563e-02 
 2.58526402e-10  1.20000000e+00  0.00000000e+00  2.76803297e-02 
 2.60933747e-10  1.20000000e+00  0.00000000e+00  2.38571458e-02 
 2.63397913e-10  1.20000000e+00  0.00000000e+00  2.04812512e-02 
 2.65989085e-10  1.20000000e+00  0.00000000e+00  1.74381114e-02 
 2.68664510e-10  1.20000000e+00  0.00000000e+00  1.47642667e-02 
 2.71488319e-10  1.20000000e+00  0.00000000e+00  1.23811672e-02 
 2.74428983e-10  1.20000000e+00  0.00000000e+00  1.03042147e-02 
 2.77547833e-10  1.20000000e+00  0.00000000e+00  8.47832427e-03 
 2.80824654e-10  1.20000000e+00  0.00000000e+00  6.90577244e-03 
 2.84321695e-10  1.20000000e+00  0.00000000e+00  5.54624091e-03 
 2.88019478e-10  1.20000000e+00  0.00000000e+00  4.39765358e-03 
 2.92025656e-10  1.20000000e+00  0.00000000e+00  3.41985193e-03 
 2.96317242e-10  1.20000000e+00  0.00000000e+00  2.61246216e-03 
 3.00961001e-10  1.20000000e+00  0.00000000e+00  1.95258269e-03 
 3.06020105e-10  1.20000000e+00  0.00000000e+00  1.42269508e-03 
 3.11587529e-10  1.20000000e+00  0.00000000e+00  1.00529874e-03 
 3.17758086e-10  1.20000000e+00  0.00000000e+00  6.85679030e-04 
 3.24678786e-10  1.20000000e+00  0.00000000e+00  4.48431264e-04 
 3.32529039e-10  1.20000000e+00  0.00000000e+00  2.79617844e-04 
 3.41582430e-10  1.20000000e+00  0.00000000e+00  1.65534604e-04 
 3.51582430e-10  1.20000000e+00  0.00000000e+00  9.70008016e-05 
 3.61582430e-10  1.20000000e+00  0.00000000e+00  6.12817608e-05 
 3.71582430e-10  1.20000000e+00  0.00000000e+00  4.26651171e-05 
 3.81582430e-10  1.20000000e+00  0.00000000e+00  3.29617591e-05 
 3.91582430e-10  1.20000000e+00  0.00000000e+00  2.79042866e-05 
 4.01582430e-10  1.20000000e+00  0.00000000e+00  2.52672235e-05 
 4.11582430e-10  1.20000000e+00  0.00000000e+00  2.38931838e-05 
 4.21582430e-10  1.20000000e+00  0.00000000e+00  2.31765102e-05 
 4.31582430e-10  1.20000000e+00  0.00000000e+00  2.28031370e-05 
 4.41582430e-10  1.20000000e+00  0.00000000e+00  2.26082977e-05 
 4.51582430e-10  1.20000000e+00  0.00000000e+00  2.25068098e-05 
 4.61582430e-10  1.20000000e+00  0.00000000e+00  2.24538104e-05 
 4.71582430e-10  1.20000000e+00  0.00000000e+00  2.24262128e-05 
 4.81582430e-10  1.20000000e+00  0.00000000e+00  2.24117837e-05 
 4.91582430e-10  1.20000000e+00  0.00000000e+00  2.24042744e-05 
 5.01582430e-10  1.20000000e+00  0.00000000e+00  2.24003407e-05 
 5.11582430e-10  1.20000000e+00  0.00000000e+00  2.23982957e-05 
 5.21582430e-10  1.20000000e+00  0.00000000e+00  2.23972209e-05 
 5.31582430e-10  1.20000000e+00  0.00000000e+00  2.23966633e-05 
 5.41582430e-10  1.20000000e+00  0.00000000e+00  2.23963686e-05 
 5.51582430e-10  1.20000000e+00  0.00000000e+00  2.23962164e-05 
 5.61582430e-10  1.20000000e+00  0.00000000e+00  2.23961351e-05 
 5.71582430e-10  1.20000000e+00  0.00000000e+00  2.23960935e-05 
 5.81582430e-10  1.20000000e+00  0.00000000e+00  2.23960708e-05 
 5.91582430e-10  1.20000000e+00  0.00000000e+00  2.23960595e-05 
 6.01582430e-10  1.20000000e+00  0.00000000e+00  2.23960530e-05 
 6.11582430e-10  1.20000000e+00  0.00000000e+00  2.23960500e-05 
 6.21582430e-10  1.20000000e+00  0.00000000e+00  2.23960481e-05 
 6.31582430e-10  1.20000000e+00  0.00000000e+00  2.23960473e-05 
 6.41582430e-10  1.20000000e+00  0.00000000e+00  2.23960467e-05 
 6.51582430e-10  1.20000000e+00  0.00000000e+00  2.23960465e-05 
 6.61582430e-10  1.20000000e+00  0.00000000e+00  2.23960463e-05 
 6.71582430e-10  1.20000000e+00  0.00000000e+00  2.23960462e-05 
 6.81582430e-10  1.20000000e+00  0.00000000e+00  2.23960462e-05 
 6.91582430e-10  1.20000000e+00  0.00000000e+00  2.23960462e-05 
 7.01582430e-10  1.20000000e+00  0.00000000e+00  2.23960461e-05 
 7.11582430e-10  1.20000000e+00  0.00000000e+00  2.23960461e-05 
 7.21582430e-10  1.20000000e+00  0.00000000e+00  2.23960461e-05 
 7.31582430e-10  1.20000000e+00  0.00000000e+00  2.23960461e-05 
 7.41582430e-10  1.20000000e+00  0.00000000e+00  2.23960461e-05 
 7.51582430e-10  1.20000000e+00  0.00000000e+00  2.23960461e-05 
 7.61582430e-10  1.20000000e+00  0.00000000e+00  2.23960461e-05 
 7.71582430e-10  1.20000000e+00  0.00000000e+00  2.23960461e-05 
 7.81582430e-10  1.20000000e+00  0.00000000e+00  2.23960461e-05 
 7.91582430e-10  1.20000000e+00  0.00000000e+00  2.23960461e-05 
 8.01582430e-10  1.20000000e+00  0.00000000e+00  2.23960461e-05 
 8.11582430e-10  1.20000000e+00  0.00000000e+00  2.23960461e-05 
 8.21582430e-10  1.20000000e+00  0.00000000e+00  2.23960461e-05 
 8.31582430e-10  1.20000000e+00  0.00000000e+00  2.23960461e-05 
 8.41582430e-10  1.20000000e+00  0.00000000e+00  2.23960461e-05 
 8.51582430e-10  1.20000000e+00  0.00000000e+00  2.23960461e-05 
 8.61582430e-10  1.20000000e+00  0.00000000e+00  2.23960461e-05 
 8.71582430e-10  1.20000000e+00  0.00000000e+00  2.23960461e-05 
 8.81582430e-10  1.20000000e+00  0.00000000e+00  2.23960461e-05 
 8.91582430e-10  1.20000000e+00  0.00000000e+00  2.23960461e-05 
 9.01582430e-10  1.20000000e+00  0.00000000e+00  2.23960461e-05 
 9.11582430e-10  1.20000000e+00  0.00000000e+00  2.23960461e-05 
 9.21582430e-10  1.20000000e+00  0.00000000e+00  2.23960461e-05 
 9.31582430e-10  1.20000000e+00  0.00000000e+00  2.23960461e-05 
 9.41582430e-10  1.20000000e+00  0.00000000e+00  2.23960461e-05 
 9.51582430e-10  1.20000000e+00  0.00000000e+00  2.23960461e-05 
 9.61582430e-10  1.20000000e+00  0.00000000e+00  2.23960461e-05 
 9.71582430e-10  1.20000000e+00  0.00000000e+00  2.23960461e-05 
 9.81582430e-10  1.20000000e+00  0.00000000e+00  2.23960461e-05 
 9.91582430e-10  1.20000000e+00  0.00000000e+00  2.23960461e-05 
 1.00158243e-09  1.20000000e+00  0.00000000e+00  2.23960461e-05 
 1.01158243e-09  1.20000000e+00  0.00000000e+00  2.23960461e-05 
 1.02158243e-09  1.20000000e+00  0.00000000e+00  2.23960461e-05 
 1.03158243e-09  1.20000000e+00  0.00000000e+00  2.23960461e-05 
 1.04158243e-09  1.20000000e+00  0.00000000e+00  2.23960461e-05 
 1.05158243e-09  1.20000000e+00  0.00000000e+00  2.23960461e-05 
 1.06158243e-09  1.20000000e+00  0.00000000e+00  2.23960461e-05 
 1.07158243e-09  1.20000000e+00  0.00000000e+00  2.23960461e-05 
 1.08158243e-09  1.20000000e+00  0.00000000e+00  2.23960461e-05 
 1.09158243e-09  1.20000000e+00  0.00000000e+00  2.23960461e-05 
 1.10000000e-09  1.20000000e+00  0.00000000e+00  2.23960461e-05 
 1.10000974e-09  1.20000000e+00  1.16934196e-04  2.25025941e-05 
 1.10002923e-09  1.20000000e+00  3.50802587e-04  2.29221157e-05 
 1.10006821e-09  1.20000000e+00  8.18539370e-04  2.49243956e-05 
 1.10014617e-09  1.20000000e+00  1.75401294e-03  3.29201130e-05 
 1.10030208e-09  1.20000000e+00  3.62496007e-03  6.07444075e-05 
 1.10046727e-09  1.20000000e+00  5.60725824e-03  1.01858495e-04 
 1.10066902e-09  1.20000000e+00  8.02824260e-03  1.60793642e-04 
 1.10088082e-09  1.20000000e+00  1.05698105e-02  2.27778283e-04 
 1.10116374e-09  1.20000000e+00  1.39649277e-02  3.20080154e-04 
 1.10149671e-09  1.20000000e+00  1.79605544e-02  4.29033198e-04 
 1.10197140e-09  1.20000000e+00  2.36568378e-02  5.81406655e-04 
 1.10260263e-09  1.20000000e+00  3.12315328e-02  7.76734719e-04 
 1.10330324e-09  1.20000000e+00  3.96388622e-02  9.83670446e-04 
 1.10407384e-09  1.20000000e+00  4.88860737e-02  1.20013479e-03 
 1.10492645e-09  1.20000000e+00  5.91174077e-02  1.42715878e-03 
 1.10591050e-09  1.20000000e+00  7.09260222e-02  1.67429721e-03 
 1.10705181e-09  1.20000000e+00  8.46216853e-02  1.94276155e-03 
 1.10842796e-09  1.20000000e+00  1.01135504e-01  2.24300443e-03 
 1.11013928e-09  1.20000000e+00  1.21671394e-01  2.58570373e-03 
 1.11248124e-09  1.20000000e+00  1.49774916e-01  3.00628235e-03 
 1.11560294e-09  1.20000000e+00  1.87235311e-01  3.48814655e-03 
 1.11841278e-09  1.20000000e+00  2.20953363e-01  3.85537373e-03 
 1.12121990e-09  1.20000000e+00  2.54638760e-01  4.17222918e-03 
 1.12379836e-09  1.20000000e+00  2.85580366e-01  4.43325928e-03 
 1.12555537e-09  1.20000000e+00  3.06664391e-01  4.60622724e-03 
 1.12703259e-09  1.20000000e+00  3.24391049e-01  4.75864699e-03 
 1.12852258e-09  1.20000000e+00  3.42270934e-01  4.92760096e-03 
 1.13021245e-09  1.20000000e+00  3.62549414e-01  5.14811233e-03 
 1.13187294e-09  1.20000000e+00  3.82475247e-01  5.40025586e-03 
 1.13411242e-09  1.20000000e+00  4.09349002e-01  5.78402994e-03 
 1.13561885e-09  1.20000000e+00  4.27426219e-01  6.05385008e-03 
 1.13718186e-09  1.20000000e+00  4.46182346e-01  6.32403696e-03 
 1.13896867e-09  1.20000000e+00  4.67624083e-01  6.60679947e-03 
 1.14093180e-09  1.20000000e+00  4.91181652e-01  6.87388821e-03 
 1.14322833e-09  1.20000000e+00  5.18739939e-01  7.11980274e-03 
 1.14614580e-09  1.20000000e+00  5.53749655e-01  7.32952365e-03 
 1.14943809e-09  1.20000000e+00  5.93257033e-01  7.44403512e-03 
 1.15324004e-09  1.20000000e+00  6.38880507e-01  7.44898234e-03 
 1.15682188e-09  1.20000000e+00  6.81862560e-01  7.36355989e-03 
 1.15983469e-09  1.20000000e+00  7.18016266e-01  7.24706945e-03 
 1.16259032e-09  1.20000000e+00  7.51083883e-01  7.11890802e-03 
 1.16557733e-09  1.20000000e+00  7.86928004e-01  6.96772879e-03 
 1.16848180e-09  1.20000000e+00  8.21781605e-01  6.81610943e-03 
 1.17079850e-09  1.20000000e+00  8.49582019e-01  6.69554646e-03 
 1.17262196e-09  1.20000000e+00  8.71463498e-01  6.60231063e-03 
 1.17433327e-09  1.20000000e+00  8.91999272e-01  6.51684057e-03 
 1.17639181e-09  1.20000000e+00  9.16701719e-01  6.41741843e-03 
 1.17832506e-09  1.20000000e+00  9.39900762e-01  6.32817041e-03 
 1.17989344e-09  1.20000000e+00  9.58721283e-01  6.25918169e-03 
 1.18127062e-09  1.20000000e+00  9.75247443e-01  6.20129746e-03 
 1.18286805e-09  1.20000000e+00  9.94416604e-01  6.13730888e-03 
 1.18461637e-09  1.20000000e+00  1.01539646e+00  6.07105812e-03 
 1.18651570e-09  1.20000000e+00  1.03818843e+00  6.00338126e-03 
 1.18869209e-09  1.20000000e+00  1.06430509e+00  5.93107225e-03 
 1.19137015e-09  1.20000000e+00  1.09644177e+00  5.84936973e-03 
 1.19466347e-09  1.20000000e+00  1.13596170e+00  5.75918214e-03 
 1.19944495e-09  1.20000000e+00  1.19333939e+00  5.64655842e-03 
 1.20000000e-09  1.20000000e+00  1.20000000e+00  5.63481429e-03 
 1.20000192e-09  1.20000000e+00  1.20000000e+00  5.63476949e-03 
 1.20000577e-09  1.20000000e+00  1.20000000e+00  5.63467074e-03 
 1.20001346e-09  1.20000000e+00  1.20000000e+00  5.63441874e-03 
 1.20002884e-09  1.20000000e+00  1.20000000e+00  5.63370111e-03 
 1.20005961e-09  1.20000000e+00  1.20000000e+00  5.63144502e-03 
 1.20012114e-09  1.20000000e+00  1.20000000e+00  5.62390141e-03 
 1.20024420e-09  1.20000000e+00  1.20000000e+00  5.59845677e-03 
 1.20049032e-09  1.20000000e+00  1.20000000e+00  5.51715295e-03 
 1.20081035e-09  1.20000000e+00  1.20000000e+00  5.37328930e-03 
 1.20115281e-09  1.20000000e+00  1.20000000e+00  5.19603294e-03 
 1.20151225e-09  1.20000000e+00  1.20000000e+00  5.00136836e-03 
 1.20190149e-09  1.20000000e+00  1.20000000e+00  4.79095577e-03 
 1.20232923e-09  1.20000000e+00  1.20000000e+00  4.56604589e-03 
 1.20280381e-09  1.20000000e+00  1.20000000e+00  4.32723980e-03 
 1.20333378e-09  1.20000000e+00  1.20000000e+00  4.07490818e-03 
 1.20393398e-09  1.20000000e+00  1.20000000e+00  3.80706733e-03 
 1.20462227e-09  1.20000000e+00  1.20000000e+00  3.52197942e-03 
 1.20542718e-09  1.20000000e+00  1.20000000e+00  3.21608158e-03 
 1.20639003e-09  1.20000000e+00  1.20000000e+00  2.88535617e-03 
 1.20757680e-09  1.20000000e+00  1.20000000e+00  2.52456618e-03 
 1.20909856e-09  1.20000000e+00  1.20000000e+00  2.12749390e-03 
 1.21116283e-09  1.20000000e+00  1.20000000e+00  1.68694218e-03 
 1.21420379e-09  1.20000000e+00  1.20000000e+00  1.19813270e-03 
 1.21769288e-09  1.20000000e+00  1.20000000e+00  8.10656472e-04 
 1.22154972e-09  1.20000000e+00  1.20000000e+00  5.28826590e-04 
 1.22579842e-09  1.20000000e+00  1.20000000e+00  3.33454811e-04 
 1.23073650e-09  1.20000000e+00  1.20000000e+00  1.98886180e-04 
 1.23649004e-09  1.20000000e+00  1.20000000e+00  1.13840933e-04 
 1.24345912e-09  1.20000000e+00  1.20000000e+00  6.41487341e-05 
 1.25201525e-09  1.20000000e+00  1.20000000e+00  3.93379096e-05 
 1.26201525e-09  1.20000000e+00  1.20000000e+00  2.98281211e-05 
 1.27201525e-09  1.20000000e+00  1.20000000e+00  2.72059556e-05 
 1.28201525e-09  1.20000000e+00  1.20000000e+00  2.64822037e-05 
 1.29201525e-09  1.20000000e+00  1.20000000e+00  2.62817202e-05 
 1.30201525e-09  1.20000000e+00  1.20000000e+00  2.62254854e-05 
 1.31201525e-09  1.20000000e+00  1.20000000e+00  2.62090089e-05 
 1.32201525e-09  1.20000000e+00  1.20000000e+00  2.62034972e-05 
 1.33201525e-09  1.20000000e+00  1.20000000e+00  2.62010051e-05 
 1.34201525e-09  1.20000000e+00  1.20000000e+00  2.61993489e-05 
 1.35201525e-09  1.20000000e+00  1.20000000e+00  2.61979213e-05 
 1.36201525e-09  1.20000000e+00  1.20000000e+00  2.61965593e-05 
 1.37201525e-09  1.20000000e+00  1.20000000e+00  2.61952144e-05 
 1.38201525e-09  1.20000000e+00  1.20000000e+00  2.61938760e-05 
 1.39201525e-09  1.20000000e+00  1.20000000e+00  2.61925390e-05 
 1.40201525e-09  1.20000000e+00  1.20000000e+00  2.61912038e-05 
 1.41201525e-09  1.20000000e+00  1.20000000e+00  2.61898690e-05 
 1.42201525e-09  1.20000000e+00  1.20000000e+00  2.61885354e-05 
 1.43201525e-09  1.20000000e+00  1.20000000e+00  2.61872024e-05 
 1.44201525e-09  1.20000000e+00  1.20000000e+00  2.61858704e-05 
 1.45201525e-09  1.20000000e+00  1.20000000e+00  2.61845390e-05 
 1.46201525e-09  1.20000000e+00  1.20000000e+00  2.61832086e-05 
 1.47201525e-09  1.20000000e+00  1.20000000e+00  2.61818788e-05 
 1.48201525e-09  1.20000000e+00  1.20000000e+00  2.61805500e-05 
 1.49201525e-09  1.20000000e+00  1.20000000e+00  2.61792219e-05 
 1.50201525e-09  1.20000000e+00  1.20000000e+00  2.61778946e-05 
 1.51201525e-09  1.20000000e+00  1.20000000e+00  2.61765681e-05 
 1.52201525e-09  1.20000000e+00  1.20000000e+00  2.61752425e-05 
 1.53201525e-09  1.20000000e+00  1.20000000e+00  2.61739176e-05 
 1.54201525e-09  1.20000000e+00  1.20000000e+00  2.61725935e-05 
 1.55201525e-09  1.20000000e+00  1.20000000e+00  2.61712703e-05 
 1.56201525e-09  1.20000000e+00  1.20000000e+00  2.61699478e-05 
 1.57201525e-09  1.20000000e+00  1.20000000e+00  2.61686261e-05 
 1.58201525e-09  1.20000000e+00  1.20000000e+00  2.61673053e-05 
 1.59201525e-09  1.20000000e+00  1.20000000e+00  2.61659852e-05 
 1.60201525e-09  1.20000000e+00  1.20000000e+00  2.61646659e-05 
 1.61201525e-09  1.20000000e+00  1.20000000e+00  2.61633475e-05 
 1.62201525e-09  1.20000000e+00  1.20000000e+00  2.61620298e-05 
 1.63201525e-09  1.20000000e+00  1.20000000e+00  2.61607129e-05 
 1.64201525e-09  1.20000000e+00  1.20000000e+00  2.61593968e-05 
 1.65201525e-09  1.20000000e+00  1.20000000e+00  2.61580815e-05 
 1.66201525e-09  1.20000000e+00  1.20000000e+00  2.61567670e-05 
 1.67201525e-09  1.20000000e+00  1.20000000e+00  2.61554533e-05 
 1.68201525e-09  1.20000000e+00  1.20000000e+00  2.61541403e-05 
 1.69201525e-09  1.20000000e+00  1.20000000e+00  2.61528282e-05 
 1.70201525e-09  1.20000000e+00  1.20000000e+00  2.61515169e-05 
 1.71201525e-09  1.20000000e+00  1.20000000e+00  2.61502063e-05 
 1.72201525e-09  1.20000000e+00  1.20000000e+00  2.61488965e-05 
 1.73201525e-09  1.20000000e+00  1.20000000e+00  2.61475876e-05 
 1.74201525e-09  1.20000000e+00  1.20000000e+00  2.61462794e-05 
 1.75201525e-09  1.20000000e+00  1.20000000e+00  2.61449720e-05 
 1.76201525e-09  1.20000000e+00  1.20000000e+00  2.61436653e-05 
 1.77201525e-09  1.20000000e+00  1.20000000e+00  2.61423595e-05 
 1.78201525e-09  1.20000000e+00  1.20000000e+00  2.61410544e-05 
 1.79201525e-09  1.20000000e+00  1.20000000e+00  2.61397502e-05 
 1.80201525e-09  1.20000000e+00  1.20000000e+00  2.61384467e-05 
 1.81201525e-09  1.20000000e+00  1.20000000e+00  2.61371440e-05 
 1.82201525e-09  1.20000000e+00  1.20000000e+00  2.61358421e-05 
 1.83201525e-09  1.20000000e+00  1.20000000e+00  2.61345409e-05 
 1.84201525e-09  1.20000000e+00  1.20000000e+00  2.61332405e-05 
 1.85201525e-09  1.20000000e+00  1.20000000e+00  2.61319410e-05 
 1.86201525e-09  1.20000000e+00  1.20000000e+00  2.61306422e-05 
 1.87201525e-09  1.20000000e+00  1.20000000e+00  2.61293441e-05 
 1.88201525e-09  1.20000000e+00  1.20000000e+00  2.61280469e-05 
 1.89201525e-09  1.20000000e+00  1.20000000e+00  2.61267504e-05 
 1.90201525e-09  1.20000000e+00  1.20000000e+00  2.61254547e-05 
 1.91201525e-09  1.20000000e+00  1.20000000e+00  2.61241598e-05 
 1.92201525e-09  1.20000000e+00  1.20000000e+00  2.61228656e-05 
 1.93201525e-09  1.20000000e+00  1.20000000e+00  2.61215722e-05 
 1.94201525e-09  1.20000000e+00  1.20000000e+00  2.61202796e-05 
 1.95201525e-09  1.20000000e+00  1.20000000e+00  2.61189878e-05 
 1.96201525e-09  1.20000000e+00  1.20000000e+00  2.61176967e-05 
 1.97201525e-09  1.20000000e+00  1.20000000e+00  2.61164065e-05 
 1.98201525e-09  1.20000000e+00  1.20000000e+00  2.61151169e-05 
 1.99201525e-09  1.20000000e+00  1.20000000e+00  2.61138282e-05 
 2.00201525e-09  1.20000000e+00  1.20000000e+00  2.61125402e-05 
 2.01201525e-09  1.20000000e+00  1.20000000e+00  2.61112530e-05 
 2.02201525e-09  1.20000000e+00  1.20000000e+00  2.61099665e-05 
 2.03201525e-09  1.20000000e+00  1.20000000e+00  2.61086809e-05 
 2.04201525e-09  1.20000000e+00  1.20000000e+00  2.61073960e-05 
 2.05201525e-09  1.20000000e+00  1.20000000e+00  2.61061118e-05 
 2.06201525e-09  1.20000000e+00  1.20000000e+00  2.61048284e-05 
 2.07201525e-09  1.20000000e+00  1.20000000e+00  2.61035458e-05 
 2.08201525e-09  1.20000000e+00  1.20000000e+00  2.61022640e-05 
 2.09201525e-09  1.20000000e+00  1.20000000e+00  2.61009829e-05 
 2.10201525e-09  1.20000000e+00  1.20000000e+00  2.60997025e-05 
 2.11201525e-09  1.20000000e+00  1.20000000e+00  2.60984230e-05 
 2.12201525e-09  1.20000000e+00  1.20000000e+00  2.60971442e-05 
 2.13201525e-09  1.20000000e+00  1.20000000e+00  2.60958661e-05 
 2.14201525e-09  1.20000000e+00  1.20000000e+00  2.60945888e-05 
 2.15201525e-09  1.20000000e+00  1.20000000e+00  2.60933123e-05 
 2.16201525e-09  1.20000000e+00  1.20000000e+00  2.60920365e-05 
 2.17201525e-09  1.20000000e+00  1.20000000e+00  2.60907615e-05 
 2.18201525e-09  1.20000000e+00  1.20000000e+00  2.60894872e-05 
 2.19201525e-09  1.20000000e+00  1.20000000e+00  2.60882137e-05 
 2.20000000e-09  1.20000000e+00  1.20000000e+00  2.60871974e-05 
 2.20000842e-09  1.19989902e+00  1.20000000e+00  2.59676721e-05 
 2.20002525e-09  1.19969705e+00  1.20000000e+00  2.54931892e-05 
 2.20005891e-09  1.19929311e+00  1.20000000e+00  2.31736903e-05 
 2.20012623e-09  1.19848524e+00  1.20000000e+00  1.34487690e-05 
 2.20026088e-09  1.19686949e+00  1.20000000e+00 -2.54272861e-05 
 2.20053017e-09  1.19363799e+00  1.20000000e+00 -1.62070016e-04 
 2.20082688e-09  1.19007745e+00  1.20000000e+00 -3.72399890e-04 
 2.20115751e-09  1.18610988e+00  1.20000000e+00 -6.48215096e-04 
 2.20149108e-09  1.18210710e+00  1.20000000e+00 -9.49174981e-04 
 2.20187600e-09  1.17748797e+00  1.20000000e+00 -1.30745260e-03 
 2.20228541e-09  1.17257507e+00  1.20000000e+00 -1.68971764e-03 
 2.20276152e-09  1.16686182e+00  1.20000000e+00 -2.12624801e-03 
 2.20328044e-09  1.16063468e+00  1.20000000e+00 -2.58577147e-03 
 2.20389247e-09  1.15329042e+00  1.20000000e+00 -3.10120286e-03 
 2.20458421e-09  1.14498945e+00  1.20000000e+00 -3.64686396e-03 
 2.20542505e-09  1.13489945e+00  1.20000000e+00 -4.25755102e-03 
 2.20642459e-09  1.12290492e+00  1.20000000e+00 -4.91235884e-03 
 2.20770437e-09  1.10754755e+00  1.20000000e+00 -5.64861983e-03 
 2.20934318e-09  1.08788182e+00  1.20000000e+00 -6.44695861e-03 
 2.21156813e-09  1.06118245e+00  1.20000000e+00 -7.31839798e-03 
 2.21419195e-09  1.02969666e+00  1.20000000e+00 -8.09832187e-03 
 2.21696939e-09  9.96367286e-01  1.20000000e+00 -8.70077617e-03 
 2.22009111e-09  9.58906706e-01  1.20000000e+00 -9.16833464e-03 
 2.22224166e-09  9.33100085e-01  1.20000000e+00 -9.38427321e-03 
 2.22377524e-09  9.14697150e-01  1.20000000e+00 -9.49310119e-03 
 2.22518940e-09  8.97727213e-01  1.20000000e+00 -9.56316479e-03 
 2.22664591e-09  8.80249066e-01  1.20000000e+00 -9.60633511e-03 
 2.22819093e-09  8.61708860e-01  1.20000000e+00 -9.61985659e-03 
 2.22998537e-09  8.40175515e-01  1.20000000e+00 -9.59055581e-03 
 2.23176679e-09  8.18798547e-01  1.20000000e+00 -9.50297475e-03 
 2.23361580e-09  7.96610388e-01  1.20000000e+00 -9.33030480e-03 
 2.23496984e-09  7.80361958e-01  1.20000000e+00 -9.13780366e-03 
 2.23631252e-09  7.64249812e-01  1.20000000e+00 -8.88123392e-03 
 2.23791499e-09  7.45020135e-01  1.20000000e+00 -8.47906330e-03 
 2.23943710e-09  7.26754791e-01  1.20000000e+00 -7.99317498e-03 
 2.24119137e-09  7.05703505e-01  1.20000000e+00 -7.30256091e-03 
 2.24319829e-09  6.81620564e-01  1.20000000e+00 -6.33933758e-03 
 2.24535990e-09  6.55681183e-01  1.20000000e+00 -5.10005118e-03 
 2.24798827e-09  6.24140805e-01  1.20000000e+00 -3.32792699e-03 
 2.25110077e-09  5.86790746e-01  1.20000000e+00 -8.87249608e-04 
 2.25224700e-09  5.73036035e-01  1.20000000e+00  9.21521703e-05 
 2.25305346e-09  5.63358444e-01  1.20000000e+00  7.67662371e-04 
 2.25369205e-09  5.55695454e-01  1.20000000e+00  1.32160214e-03 
 2.25441523e-09  5.47017200e-01  1.20000000e+00  1.96548721e-03 
 2.25586161e-09  5.29660693e-01  1.20000000e+00  3.30658715e-03 
 2.25845838e-09  4.98499466e-01  1.20000000e+00  5.88871077e-03 
 2.26070617e-09  4.71526016e-01  1.20000000e+00  8.30026761e-03 
 2.26274392e-09  4.47072908e-01  1.20000000e+00  1.06345240e-02 
 2.26451227e-09  4.25852802e-01  1.20000000e+00  1.27851569e-02 
 2.26619432e-09  4.05668209e-01  1.20000000e+00  1.49516123e-02 
 2.26800852e-09  3.83897728e-01  1.20000000e+00  1.74290750e-02 
 2.26949695e-09  3.66036561e-01  1.20000000e+00  1.95598173e-02 
 2.27109806e-09  3.46823332e-01  1.20000000e+00  2.19227877e-02 
 2.27255670e-09  3.29319570e-01  1.20000000e+00  2.41106274e-02 
 2.27457855e-09  3.05057429e-01  1.20000000e+00  2.71470253e-02 
 2.27595839e-09  2.88499332e-01  1.20000000e+00  2.91984944e-02 
 2.27730560e-09  2.72332778e-01  1.20000000e+00  3.11696871e-02 
 2.27878524e-09  2.54577091e-01  1.20000000e+00  3.32901898e-02 
 2.28064188e-09  2.32297429e-01  1.20000000e+00  3.58744741e-02 
 2.28261456e-09  2.08625301e-01  1.20000000e+00  3.85171410e-02 
 2.28496004e-09  1.80479512e-01  1.20000000e+00  4.15120064e-02 
 2.28782396e-09  1.46112462e-01  1.20000000e+00  4.49448180e-02 
 2.29084010e-09  1.09918760e-01  1.20000000e+00  4.82909775e-02 
 2.29398945e-09  7.21266462e-02  1.20000000e+00  5.14934099e-02 
 2.29712459e-09  3.45049049e-02  1.20000000e+00  5.43941423e-02 
 2.30000000e-09  0.00000000e+00  1.20000000e+00  5.68128524e-02 
 2.30001542e-09  0.00000000e+00  1.20000000e+00  5.68256109e-02 
 2.30004627e-09  0.00000000e+00  1.20000000e+00  5.68518750e-02 
 2.30010797e-09  0.00000000e+00  1.20000000e+00  5.69085655e-02 
 2.30023137e-09  0.00000000e+00  1.20000000e+00  5.70358642e-02 
 2.30040466e-09  0.00000000e+00  1.20000000e+00  5.72387886e-02 
 2.30058193e-09  0.00000000e+00  1.20000000e+00  5.74673809e-02 
 2.30079503e-09  0.00000000e+00  1.20000000e+00  5.77610997e-02 
 2.30103757e-09  0.00000000e+00  1.20000000e+00  5.81123303e-02 
 2.30135950e-09  0.00000000e+00  1.20000000e+00  5.85957040e-02 
 2.30176148e-09  0.00000000e+00  1.20000000e+00  5.92136472e-02 
 2.30234706e-09  0.00000000e+00  1.20000000e+00  6.01186074e-02 
 2.30294365e-09  0.00000000e+00  1.20000000e+00  6.10245258e-02 
 2.30366025e-09  0.00000000e+00  1.20000000e+00  6.20654299e-02 
 2.30442761e-09  0.00000000e+00  1.20000000e+00  6.31026998e-02 
 2.30531826e-09  0.00000000e+00  1.20000000e+00  6.41889710e-02 
 2.30633093e-09  0.00000000e+00  1.20000000e+00  6.52598845e-02 
 2.30757330e-09  0.00000000e+00  1.20000000e+00  6.63334264e-02 
 2.30917281e-09  0.00000000e+00  1.20000000e+00  6.73433058e-02 
 2.31119221e-09  0.00000000e+00  1.20000000e+00  6.80779778e-02 
 2.31310292e-09  0.00000000e+00  1.20000000e+00  6.82854005e-02 
 2.31507011e-09  0.00000000e+00  1.20000000e+00  6.80790367e-02 
 2.31698514e-09  0.00000000e+00  1.20000000e+00  6.75361628e-02 
 2.31900942e-09  0.00000000e+00  1.20000000e+00  6.66601321e-02 
 2.32112084e-09  0.00000000e+00  1.20000000e+00  6.54769824e-02 
 2.32338265e-09  0.00000000e+00  1.20000000e+00  6.39683661e-02 
 2.32574607e-09  0.00000000e+00  1.20000000e+00  6.21882896e-02 
 2.32828270e-09  0.00000000e+00  1.20000000e+00  6.01105063e-02 
 2.33096752e-09  0.00000000e+00  1.20000000e+00  5.77856847e-02 
 2.33387641e-09  0.00000000e+00  1.20000000e+00  5.51848553e-02 
 2.33700145e-09  0.00000000e+00  1.20000000e+00  5.23580211e-02 
 2.34043590e-09  0.00000000e+00  1.20000000e+00  4.92741755e-02 
 2.34420961e-09  0.00000000e+00  1.20000000e+00  4.59795591e-02 
 2.34824386e-09  0.00000000e+00  1.20000000e+00  4.26151578e-02 
 2.35335119e-09  0.00000000e+00  1.20000000e+00  3.86300682e-02 
 2.35908080e-09  0.00000000e+00  1.20000000e+00  3.45618078e-02 
 2.36455927e-09  0.00000000e+00  1.20000000e+00  3.10798778e-02 
 2.37075241e-09  0.00000000e+00  1.20000000e+00  2.76064575e-02 
 2.37708293e-09  0.00000000e+00  1.20000000e+00  2.45246703e-02 
 2.38424237e-09  0.00000000e+00  1.20000000e+00  2.15449931e-02 
 2.39165271e-09  0.00000000e+00  1.20000000e+00  1.89483573e-02 
 2.39933639e-09  0.00000000e+00  1.20000000e+00  1.66945862e-02 
 2.40702604e-09  0.00000000e+00  1.20000000e+00  1.48082458e-02 
 2.41520491e-09  0.00000000e+00  1.20000000e+00  1.31313280e-02 
 2.42374836e-09  0.00000000e+00  1.20000000e+00  1.16724403e-02 
 2.43304151e-09  0.00000000e+00  1.20000000e+00  1.03556905e-02 
 2.44295894e-09  0.00000000e+00  1.20000000e+00  9.19533083e-03 
 2.45295894e-09  0.00000000e+00  1.20000000e+00  8.22606879e-03 
 2.46295894e-09  0.00000000e+00  1.20000000e+00  7.41493636e-03 
 2.47295894e-09  0.00000000e+00  1.20000000e+00  6.72904433e-03 
 2.48295894e-09  0.00000000e+00  1.20000000e+00  6.14345926e-03 
 2.49295894e-09  0.00000000e+00  1.20000000e+00  5.63910428e-03 
 2.50295894e-09  0.00000000e+00  1.20000000e+00  5.20123123e-03 
 2.51295894e-09  0.00000000e+00  1.20000000e+00  4.81831718e-03 
 2.52295894e-09  0.00000000e+00  1.20000000e+00  4.48126043e-03 
 2.53295894e-09  0.00000000e+00  1.20000000e+00  4.18279707e-03 
 2.54295894e-09  0.00000000e+00  1.20000000e+00  3.91707014e-03 
 2.55295894e-09  0.00000000e+00  1.20000000e+00  3.67931290e-03 
 2.56295894e-09  0.00000000e+00  1.20000000e+00  3.46561036e-03 
 2.57295894e-09  0.00000000e+00  1.20000000e+00  3.27272115e-03 
 2.58295894e-09  0.00000000e+00  1.20000000e+00  3.09794035e-03 
 2.59295894e-09  0.00000000e+00  1.20000000e+00  2.93899540e-03 
 2.60295894e-09  0.00000000e+00  1.20000000e+00  2.79396402e-03 
 2.61295894e-09  0.00000000e+00  1.20000000e+00  2.66121101e-03 
 2.62295894e-09  0.00000000e+00  1.20000000e+00  2.53933725e-03 
 2.63295894e-09  0.00000000e+00  1.20000000e+00  2.42713989e-03 
 2.64295894e-09  0.00000000e+00  1.20000000e+00  2.32357964e-03 
 2.65295894e-09  0.00000000e+00  1.20000000e+00  2.22775482e-03 
 2.66295894e-09  0.00000000e+00  1.20000000e+00  2.13887972e-03 
 2.67295894e-09  0.00000000e+00  1.20000000e+00  2.05626726e-03 
 2.68295894e-09  0.00000000e+00  1.20000000e+00  1.97931420e-03 
 2.69295894e-09  0.00000000e+00  1.20000000e+00  1.90748934e-03 
 2.70295894e-09  0.00000000e+00  1.20000000e+00  1.84032319e-03 
 2.71295894e-09  0.00000000e+00  1.20000000e+00  1.77739971e-03 
 2.72295894e-09  0.00000000e+00  1.20000000e+00  1.71834898e-03 
 2.73295894e-09  0.00000000e+00  1.20000000e+00  1.66284131e-03 
 2.74295894e-09  0.00000000e+00  1.20000000e+00  1.61058199e-03 
 2.75295894e-09  0.00000000e+00  1.20000000e+00  1.56130697e-03 
 2.76295894e-09  0.00000000e+00  1.20000000e+00  1.51477900e-03 
 2.77295894e-09  0.00000000e+00  1.20000000e+00  1.47078454e-03 
 2.78295894e-09  0.00000000e+00  1.20000000e+00  1.42913083e-03 
 2.79295894e-09  0.00000000e+00  1.20000000e+00  1.38964357e-03 
 2.80295894e-09  0.00000000e+00  1.20000000e+00  1.35216480e-03 
 2.81295894e-09  0.00000000e+00  1.20000000e+00  1.31655106e-03 
 2.82295894e-09  0.00000000e+00  1.20000000e+00  1.28267183e-03 
 2.83295894e-09  0.00000000e+00  1.20000000e+00  1.25040815e-03 
 2.84295894e-09  0.00000000e+00  1.20000000e+00  1.21965134e-03 
 2.85295894e-09  0.00000000e+00  1.20000000e+00  1.19030204e-03 
 2.86295894e-09  0.00000000e+00  1.20000000e+00  1.16226915e-03 
 2.87295894e-09  0.00000000e+00  1.20000000e+00  1.13546908e-03 
 2.88295894e-09  0.00000000e+00  1.20000000e+00  1.10982497e-03 
 2.89295894e-09  0.00000000e+00  1.20000000e+00  1.08526608e-03 
 2.90295894e-09  0.00000000e+00  1.20000000e+00  1.06172717e-03 
 2.91295894e-09  0.00000000e+00  1.20000000e+00  1.03914799e-03 
 2.92295894e-09  0.00000000e+00  1.20000000e+00  1.01747284e-03 
 2.93295894e-09  0.00000000e+00  1.20000000e+00  9.96650143e-04 
 2.94295894e-09  0.00000000e+00  1.20000000e+00  9.76632094e-04 
 2.95295894e-09  0.00000000e+00  1.20000000e+00  9.57374308e-04 
 2.96295894e-09  0.00000000e+00  1.20000000e+00  9.38835531e-04 
 2.97295894e-09  0.00000000e+00  1.20000000e+00  9.20977384e-04 
 2.98295894e-09  0.00000000e+00  1.20000000e+00  9.03764109e-04 
 2.99295894e-09  0.00000000e+00  1.20000000e+00  8.87162358e-04 
 3.00295894e-09  0.00000000e+00  1.20000000e+00  8.71141000e-04 
 3.01295894e-09  0.00000000e+00  1.20000000e+00  8.55670936e-04 
 3.02295894e-09  0.00000000e+00  1.20000000e+00  8.40724943e-04 
 3.03295894e-09  0.00000000e+00  1.20000000e+00  8.26277529e-04 
 3.04295894e-09  0.00000000e+00  1.20000000e+00  8.12304794e-04 
 3.05295894e-09  0.00000000e+00  1.20000000e+00  7.98784316e-04 
 3.06295894e-09  0.00000000e+00  1.20000000e+00  7.85695036e-04 
 3.07295894e-09  0.00000000e+00  1.20000000e+00  7.73017158e-04 
 3.08295894e-09  0.00000000e+00  1.20000000e+00  7.60732061e-04 
 3.09295894e-09  0.00000000e+00  1.20000000e+00  7.48822209e-04 
 3.10295894e-09  0.00000000e+00  1.20000000e+00  7.37271076e-04 
 3.11295894e-09  0.00000000e+00  1.20000000e+00  7.26063078e-04 
 3.12295894e-09  0.00000000e+00  1.20000000e+00  7.15183504e-04 
 3.13295894e-09  0.00000000e+00  1.20000000e+00  7.04618460e-04 
 3.14295894e-09  0.00000000e+00  1.20000000e+00  6.94354809e-04 
 3.15295894e-09  0.00000000e+00  1.20000000e+00  6.84380128e-04 
 3.16295894e-09  0.00000000e+00  1.20000000e+00  6.74682653e-04 
 3.17295894e-09  0.00000000e+00  1.20000000e+00  6.65251242e-04 
 3.18295894e-09  0.00000000e+00  1.20000000e+00  6.56075333e-04 
 3.19295894e-09  0.00000000e+00  1.20000000e+00  6.47144905e-04 
 3.20000000e-09  0.00000000e+00  1.20000000e+00  6.40998314e-04 
 3.20000740e-09  0.00000000e+00  1.19991121e+00  6.40918063e-04 
 3.20002220e-09  0.00000000e+00  1.19973362e+00  6.40612039e-04 
 3.20005180e-09  0.00000000e+00  1.19937846e+00  6.39152615e-04 
 3.20011099e-09  0.00000000e+00  1.19866812e+00  6.33087458e-04 
 3.20022938e-09  0.00000000e+00  1.19724745e+00  6.10086712e-04 
 3.20046616e-09  0.00000000e+00  1.19440610e+00  5.31383923e-04 
 3.20078360e-09  0.00000000e+00  1.19059676e+00  3.81236536e-04 
 3.20109470e-09  0.00000000e+00  1.18686356e+00  2.06910773e-04 
 3.20144243e-09  0.00000000e+00  1.18269089e+00 -1.61746246e-06 
 3.20180148e-09  0.00000000e+00  1.17838224e+00 -2.30812821e-04 
 3.20219576e-09  0.00000000e+00  1.17365083e+00 -4.81181341e-04 
 3.20259308e-09  0.00000000e+00  1.16888302e+00 -7.28993300e-04 
 3.20313365e-09  0.00000000e+00  1.16239615e+00 -1.05679482e-03 
 3.20367619e-09  0.00000000e+00  1.15588568e+00 -1.37441306e-03 
 3.20436928e-09  0.00000000e+00  1.14756860e+00 -1.76404654e-03 
 3.20510342e-09  0.00000000e+00  1.13875893e+00 -2.15821370e-03 
 3.20607029e-09  0.00000000e+00  1.12715656e+00 -2.65059203e-03 
 3.20717702e-09  0.00000000e+00  1.11387581e+00 -3.18002428e-03 
 3.20871377e-09  0.00000000e+00  1.09543478e+00 -3.86085902e-03 
 3.21067578e-09  0.00000000e+00  1.07189060e+00 -4.64891944e-03 
 3.21373258e-09  0.00000000e+00  1.03520901e+00 -5.72720754e-03 
 3.21759051e-09  0.00000000e+00  9.88913894e-01 -6.88218613e-03 
 3.22165635e-09  0.00000000e+00  9.40123745e-01 -7.91394183e-03 
 3.22537341e-09  0.00000000e+00  8.95519022e-01 -8.74169284e-03 
 3.22724736e-09  0.00000000e+00  8.73031687e-01 -9.12977180e-03 
 3.22862596e-09  0.00000000e+00  8.56488442e-01 -9.40684903e-03 
 3.22994449e-09  0.00000000e+00  8.40666139e-01 -9.66688814e-03 
 3.23132755e-09  0.00000000e+00  8.24069410e-01 -9.93596946e-03 
 3.23270228e-09  0.00000000e+00  8.07572629e-01 -1.02011406e-02 
 3.23416271e-09  0.00000000e+00  7.90047443e-01 -1.04819661e-02 
 3.23568699e-09  0.00000000e+00  7.71756101e-01 -1.07758257e-02 
 3.23733634e-09  0.00000000e+00  7.51963863e-01 -1.10965721e-02 
 3.23939468e-09  0.00000000e+00  7.27263873e-01 -1.15039893e-02 
 3.24091849e-09  0.00000000e+00  7.08978170e-01 -1.18127374e-02 
 3.24244708e-09  0.00000000e+00  6.90635067e-01 -1.21305277e-02 
 3.24426820e-09  0.00000000e+00  6.68781547e-01 -1.25226860e-02 
 3.24598189e-09  0.00000000e+00  6.48217285e-01 -1.29082479e-02 
 3.24812349e-09  0.00000000e+00  6.22518111e-01 -1.34175542e-02 
 3.25062278e-09  0.00000000e+00  5.92526667e-01 -1.40585119e-02 
 3.25359151e-09  0.00000000e+00  5.56901907e-01 -1.48993803e-02 
 3.25745922e-09  0.00000000e+00  5.10489341e-01 -1.61541765e-02 
 3.26064414e-09  0.00000000e+00  4.72270373e-01 -1.73459242e-02 
 3.26307094e-09  0.00000000e+00  4.43148682e-01 -1.83614439e-02 
 3.26512477e-09  0.00000000e+00  4.18502750e-01 -1.92937965e-02 
 3.26708584e-09  0.00000000e+00  3.94969969e-01 -2.02369513e-02 
 3.26934260e-09  0.00000000e+00  3.67888842e-01 -2.13565540e-02 
 3.27112065e-09  0.00000000e+00  3.46552170e-01 -2.22274780e-02 
 3.27302239e-09  0.00000000e+00  3.23731346e-01 -2.30963610e-02 
 3.27474422e-09  0.00000000e+00  3.03069318e-01 -2.37916096e-02 
 3.27662987e-09  0.00000000e+00  2.80441516e-01 -2.44334684e-02 
 3.27805733e-09  0.00000000e+00  2.63312069e-01 -2.48332985e-02 
 3.27949450e-09  0.00000000e+00  2.46065951e-01 -2.51547139e-02 
 3.28110123e-09  0.00000000e+00  2.26785277e-01 -2.53992007e-02 
 3.28273926e-09  0.00000000e+00  2.07128890e-01 -2.54947872e-02 
 3.28448132e-09  0.00000000e+00  1.86224155e-01 -2.53844546e-02 
 3.28630652e-09  0.00000000e+00  1.64321724e-01 -2.49797737e-02 
 3.28818570e-09  0.00000000e+00  1.41771616e-01 -2.41912694e-02 
 3.29016852e-09  0.00000000e+00  1.17977733e-01 -2.28800321e-02 
 3.29221527e-09  0.00000000e+00  9.34168058e-02 -2.09381251e-02 
 3.29430524e-09  0.00000000e+00  6.83370828e-02 -1.82686667e-02 
 3.29620785e-09  0.00000000e+00  4.55058183e-02 -1.51848250e-02 
 3.29808385e-09  0.00000000e+00  2.29937675e-02 -1.14965540e-02 
 3.29987110e-09  0.00000000e+00  1.54681652e-03 -7.36153586e-03 
 3.30000000e-09  0.00000000e+00  3.99680289e-15 -7.03949971e-03 
 3.30000365e-09  0.00000000e+00  0.00000000e+00 -7.03031174e-03 
 3.30001095e-09  0.00000000e+00  0.00000000e+00 -7.01189720e-03 
 3.30002556e-09  0.00000000e+00  0.00000000e+00 -6.97484113e-03 
 3.30005477e-09  0.00000000e+00  0.00000000e+00 -6.89986507e-03 
 3.30011319e-09  0.00000000e+00  0.00000000e+00 -6.74677632e-03 
 3.30023004e-09  0.00000000e+00  0.00000000e+00 -6.43015019e-03 
 3.30041080e-09  0.00000000e+00  0.00000000e+00 -5.91952592e-03 
 3.30058503e-09  0.00000000e+00  0.00000000e+00 -5.41005318e-03 
 3.30080495e-09  0.00000000e+00  0.00000000e+00 -4.75036543e-03 
 3.30104241e-09  0.00000000e+00  0.00000000e+00 -4.02226180e-03 
 3.30137153e-09  0.00000000e+00  0.00000000e+00 -2.99148097e-03 
 3.30176422e-09  0.00000000e+00  0.00000000e+00 -1.73248049e-03 
 3.30235125e-09  0.00000000e+00  0.00000000e+00  2.05506002e-04 
 3.30317324e-09  0.00000000e+00  0.00000000e+00  3.03105709e-03 
 3.30409708e-09  0.00000000e+00  0.00000000e+00  6.36496818e-03 
 3.30506760e-09  0.00000000e+00  0.00000000e+00  1.00511890e-02 
 3.30615467e-09  0.00000000e+00  0.00000000e+00  1.44057106e-02 
 3.30745618e-09  0.00000000e+00  0.00000000e+00  1.99308624e-02 
 3.30912799e-09  0.00000000e+00  0.00000000e+00  2.75206609e-02 
 3.31073886e-09  0.00000000e+00  0.00000000e+00  3.53394655e-02 
 3.31217209e-09  0.00000000e+00  0.00000000e+00  4.26874336e-02 
 3.31384438e-09  0.00000000e+00  0.00000000e+00  5.16981122e-02 
 3.31568165e-09  0.00000000e+00  0.00000000e+00  6.21040915e-02 
 3.31738954e-09  0.00000000e+00  0.00000000e+00  7.22160733e-02 
 3.31906051e-09  0.00000000e+00  0.00000000e+00  8.24851109e-02 
 3.32077908e-09  0.00000000e+00  0.00000000e+00  9.34021863e-02 
 3.32251082e-09  0.00000000e+00  0.00000000e+00  1.04736846e-01 
 3.32429376e-09  0.00000000e+00  0.00000000e+00  1.16725874e-01 
 3.32606485e-09  0.00000000e+00  0.00000000e+00  1.28926805e-01 
 3.32787876e-09  0.00000000e+00  0.00000000e+00  1.41695447e-01 
 3.32972583e-09  0.00000000e+00  0.00000000e+00  1.54953649e-01 
 3.33163452e-09  0.00000000e+00  0.00000000e+00  1.68898262e-01 
 3.33358773e-09  0.00000000e+00  0.00000000e+00  1.83398015e-01 
 3.33560946e-09  0.00000000e+00  0.00000000e+00  1.98624235e-01 
 3.33768779e-09  0.00000000e+00  0.00000000e+00  2.14481034e-01 
 3.33984496e-09  0.00000000e+00  0.00000000e+00  2.31131542e-01 
 3.34207278e-09  0.00000000e+00  0.00000000e+00  2.48506467e-01 
 3.34439205e-09  0.00000000e+00  0.00000000e+00  2.66761041e-01 
 3.34679806e-09  0.00000000e+00  0.00000000e+00  2.85851005e-01 
 3.34931091e-09  0.00000000e+00  0.00000000e+00  3.05927534e-01 
 3.35192908e-09  0.00000000e+00  0.00000000e+00  3.26969183e-01 
 3.35467226e-09  0.00000000e+00  0.00000000e+00  3.49122891e-01 
 3.35754119e-09  0.00000000e+00  0.00000000e+00  3.72380987e-01 
 3.36055374e-09  0.00000000e+00  0.00000000e+00  3.96871082e-01 
 3.36370856e-09  0.00000000e+00  0.00000000e+00  4.22560398e-01 
 3.36701289e-09  0.00000000e+00  0.00000000e+00  4.49478993e-01 
 3.37044429e-09  0.00000000e+00  0.00000000e+00  4.77406183e-01 
 3.37396421e-09  0.00000000e+00  0.00000000e+00  5.05978747e-01 
 3.37748023e-09  0.00000000e+00  0.00000000e+00  5.34386887e-01 
 3.38088680e-09  0.00000000e+00  0.00000000e+00  5.61716299e-01 
 3.38410737e-09  0.00000000e+00  0.00000000e+00  5.87302696e-01 
 3.38715440e-09  0.00000000e+00  0.00000000e+00  6.11209077e-01 
 3.39009506e-09  0.00000000e+00  0.00000000e+00  6.33927387e-01 
 3.39302781e-09  0.00000000e+00  0.00000000e+00  6.56164183e-01 
 3.39605240e-09  0.00000000e+00  0.00000000e+00  6.78581840e-01 
 3.39929134e-09  0.00000000e+00  0.00000000e+00  7.01926309e-01 
 3.40293732e-09  0.00000000e+00  0.00000000e+00  7.27291428e-01 
 3.40750533e-09  0.00000000e+00  0.00000000e+00  7.57576862e-01 
 3.41184399e-09  0.00000000e+00  0.00000000e+00  7.84717042e-01 
 3.41513402e-09  0.00000000e+00  0.00000000e+00  8.04204060e-01 
 3.41816431e-09  0.00000000e+00  0.00000000e+00  8.21309694e-01 
 3.42128066e-09  0.00000000e+00  0.00000000e+00  8.38080140e-01 
 3.42478366e-09  0.00000000e+00  0.00000000e+00  8.55963268e-01 
 3.42808642e-09  0.00000000e+00  0.00000000e+00  8.71918600e-01 
 3.43154373e-09  0.00000000e+00  0.00000000e+00  8.87725890e-01 
 3.43490710e-09  0.00000000e+00  0.00000000e+00  9.02269037e-01 
 3.43845604e-09  0.00000000e+00  0.00000000e+00  9.16769755e-01 
 3.44201954e-09  0.00000000e+00  0.00000000e+00  9.30504070e-01 
 3.44594081e-09  0.00000000e+00  0.00000000e+00  9.44715874e-01 
 3.45001018e-09  0.00000000e+00  0.00000000e+00  9.58524152e-01 
 3.45451688e-09  0.00000000e+00  0.00000000e+00  9.72769640e-01 
 3.45914748e-09  0.00000000e+00  0.00000000e+00  9.86335198e-01 
 3.46366540e-09  0.00000000e+00  0.00000000e+00  9.98593772e-01 
 3.46816004e-09  0.00000000e+00  0.00000000e+00  1.00989588e+00 
 3.47261595e-09  0.00000000e+00  0.00000000e+00  1.02027899e+00 
 3.47712036e-09  0.00000000e+00  0.00000000e+00  1.02999856e+00 
 3.48162764e-09  0.00000000e+00  0.00000000e+00  1.03899450e+00 
 3.48619769e-09  0.00000000e+00  0.00000000e+00  1.04742066e+00 
 3.49091763e-09  0.00000000e+00  0.00000000e+00  1.05543935e+00 
 3.49593081e-09  0.00000000e+00  0.00000000e+00  1.06325992e+00 
 3.50071834e-09  0.00000000e+00  0.00000000e+00  1.07010560e+00 
 3.50664749e-09  0.00000000e+00  0.00000000e+00  1.07780098e+00 
 3.51253425e-09  0.00000000e+00  0.00000000e+00  1.08465733e+00 
 3.51849335e-09  0.00000000e+00  0.00000000e+00  1.09087531e+00 
 3.52477546e-09  0.00000000e+00  0.00000000e+00  1.09672225e+00 
 3.53109494e-09  0.00000000e+00  0.00000000e+00  1.10194517e+00 
 3.53762977e-09  0.00000000e+00  0.00000000e+00  1.10672563e+00 
 3.54412734e-09  0.00000000e+00  0.00000000e+00  1.11092154e+00 
 3.55080695e-09  0.00000000e+00  0.00000000e+00  1.11472146e+00 
 3.55752482e-09  0.00000000e+00  0.00000000e+00  1.11807841e+00 
 3.56444986e-09  0.00000000e+00  0.00000000e+00  1.12110916e+00 
 3.57148496e-09  0.00000000e+00  0.00000000e+00  1.12379563e+00 
 3.57875565e-09  0.00000000e+00  0.00000000e+00  1.12620881e+00 
 3.58619875e-09  0.00000000e+00  0.00000000e+00  1.12834621e+00 
 3.59397357e-09  0.00000000e+00  0.00000000e+00  1.13026761e+00 
 3.60207543e-09  0.00000000e+00  0.00000000e+00  1.13197873e+00 
 3.61059526e-09  0.00000000e+00  0.00000000e+00  1.13350460e+00 
 3.61952531e-09  0.00000000e+00  0.00000000e+00  1.13484915e+00 
 3.62895882e-09  0.00000000e+00  0.00000000e+00  1.13603200e+00 
 3.63891405e-09  0.00000000e+00  0.00000000e+00  1.13706059e+00 
 3.64891405e-09  0.00000000e+00  0.00000000e+00  1.13790645e+00 
 3.65891405e-09  0.00000000e+00  0.00000000e+00  1.13859839e+00 
 3.66891405e-09  0.00000000e+00  0.00000000e+00  1.13916432e+00 
 3.67891405e-09  0.00000000e+00  0.00000000e+00  1.13962710e+00 
 3.68891405e-09  0.00000000e+00  0.00000000e+00  1.14000550e+00 
 3.69891405e-09  0.00000000e+00  0.00000000e+00  1.14031485e+00 
 3.70891405e-09  0.00000000e+00  0.00000000e+00  1.14056774e+00 
 3.71891405e-09  0.00000000e+00  0.00000000e+00  1.14077445e+00 
 3.72891405e-09  0.00000000e+00  0.00000000e+00  1.14094342e+00 
 3.73891405e-09  0.00000000e+00  0.00000000e+00  1.14108151e+00 
 3.74891405e-09  0.00000000e+00  0.00000000e+00  1.14119438e+00 
 3.75891405e-09  0.00000000e+00  0.00000000e+00  1.14128662e+00 
 3.76891405e-09  0.00000000e+00  0.00000000e+00  1.14136201e+00 
 3.77891405e-09  0.00000000e+00  0.00000000e+00  1.14142361e+00 
 3.78891405e-09  0.00000000e+00  0.00000000e+00  1.14147396e+00 
 3.79891405e-09  0.00000000e+00  0.00000000e+00  1.14151510e+00 
 3.80891405e-09  0.00000000e+00  0.00000000e+00  1.14154872e+00 
 3.81891405e-09  0.00000000e+00  0.00000000e+00  1.14157620e+00 
 3.82891405e-09  0.00000000e+00  0.00000000e+00  1.14159865e+00 
 3.83891405e-09  0.00000000e+00  0.00000000e+00  1.14161700e+00 
 3.84891405e-09  0.00000000e+00  0.00000000e+00  1.14163199e+00 
 3.85891405e-09  0.00000000e+00  0.00000000e+00  1.14164424e+00 
 3.86891405e-09  0.00000000e+00  0.00000000e+00  1.14165425e+00 
 3.87891405e-09  0.00000000e+00  0.00000000e+00  1.14166243e+00 
 3.88891405e-09  0.00000000e+00  0.00000000e+00  1.14166912e+00 
 3.89891405e-09  0.00000000e+00  0.00000000e+00  1.14167458e+00 
 3.90891405e-09  0.00000000e+00  0.00000000e+00  1.14167905e+00 
 3.91891405e-09  0.00000000e+00  0.00000000e+00  1.14168269e+00 
 3.92891405e-09  0.00000000e+00  0.00000000e+00  1.14168567e+00 
 3.93891405e-09  0.00000000e+00  0.00000000e+00  1.14168811e+00 
 3.94891405e-09  0.00000000e+00  0.00000000e+00  1.14169010e+00 
 3.95891405e-09  0.00000000e+00  0.00000000e+00  1.14169173e+00 
 3.96891405e-09  0.00000000e+00  0.00000000e+00  1.14169306e+00 
 3.97891405e-09  0.00000000e+00  0.00000000e+00  1.14169414e+00 
 3.98891405e-09  0.00000000e+00  0.00000000e+00  1.14169503e+00 
 3.99891405e-09  0.00000000e+00  0.00000000e+00  1.14169575e+00 
 4.00000000e-09  0.00000000e+00  0.00000000e+00  1.14169582e+00 
