 time            v(in)           v(out)         
 0.00000000e+00  0.00000000e+00  1.19925830e+00 
 1.00000000e-13  0.00000000e+00  1.19925830e+00 
 2.00000000e-13  0.00000000e+00  1.19925830e+00 
 4.00000000e-13  0.00000000e+00  1.19925830e+00 
 8.00000000e-13  0.00000000e+00  1.19925830e+00 
 1.60000000e-12  0.00000000e+00  1.19925830e+00 
 3.20000000e-12  0.00000000e+00  1.19925830e+00 
 6.40000000e-12  0.00000000e+00  1.19925830e+00 
 1.28000000e-11  0.00000000e+00  1.19925830e+00 
 2.28000000e-11  0.00000000e+00  1.19925830e+00 
 3.28000000e-11  0.00000000e+00  1.19925830e+00 
 4.28000000e-11  0.00000000e+00  1.19925830e+00 
 5.28000000e-11  0.00000000e+00  1.19925830e+00 
 6.28000000e-11  0.00000000e+00  1.19925830e+00 
 7.28000000e-11  0.00000000e+00  1.19925830e+00 
 8.28000000e-11  0.00000000e+00  1.19925830e+00 
 9.28000000e-11  0.00000000e+00  1.19925830e+00 
 1.02800000e-10  0.00000000e+00  1.19925830e+00 
 1.12800000e-10  0.00000000e+00  1.19925830e+00 
 1.22800000e-10  0.00000000e+00  1.19925830e+00 
 1.32800000e-10  0.00000000e+00  1.19925830e+00 
 1.42800000e-10  0.00000000e+00  1.19925830e+00 
 1.52800000e-10  0.00000000e+00  1.19925830e+00 
 1.62800000e-10  0.00000000e+00  1.19925830e+00 
 1.72800000e-10  0.00000000e+00  1.19925830e+00 
 1.82800000e-10  0.00000000e+00  1.19925830e+00 
 1.92800000e-10  0.00000000e+00  1.19925830e+00 
 2.02800000e-10  0.00000000e+00  1.19925830e+00 
 2.12800000e-10  0.00000000e+00  1.19925830e+00 
 2.22800000e-10  0.00000000e+00  1.19925830e+00 
 2.32800000e-10  0.00000000e+00  1.19925830e+00 
 2.42800000e-10  0.00000000e+00  1.19925830e+00 
 2.52800000e-10  0.00000000e+00  1.19925830e+00 
 2.62800000e-10  0.00000000e+00  1.19925830e+00 
 2.72800000e-10  0.00000000e+00  1.19925830e+00 
 2.82800000e-10  0.00000000e+00  1.19925830e+00 
 2.92800000e-10  0.00000000e+00  1.19925830e+00 
 3.02800000e-10  0.00000000e+00  1.19925830e+00 
 3.12800000e-10  0.00000000e+00  1.19925830e+00 
 3.22800000e-10  0.00000000e+00  1.19925830e+00 
 3.32800000e-10  0.00000000e+00  1.19925830e+00 
 3.42800000e-10  0.00000000e+00  1.19925830e+00 
 3.52800000e-10  0.00000000e+00  1.19925830e+00 
 3.62800000e-10  0.00000000e+00  1.19925830e+00 
 3.72800000e-10  0.00000000e+00  1.19925830e+00 
 3.82800000e-10  0.00000000e+00  1.19925830e+00 
 3.92800000e-10  0.00000000e+00  1.19925830e+00 
 4.02800000e-10  0.00000000e+00  1.19925830e+00 
 4.12800000e-10  0.00000000e+00  1.19925830e+00 
 4.22800000e-10  0.00000000e+00  1.19925830e+00 
 4.32800000e-10  0.00000000e+00  1.19925830e+00 
 4.42800000e-10  0.00000000e+00  1.19925830e+00 
 4.52800000e-10  0.00000000e+00  1.19925830e+00 
 4.62800000e-10  0.00000000e+00  1.19925830e+00 
 4.72800000e-10  0.00000000e+00  1.19925830e+00 
 4.82800000e-10  0.00000000e+00  1.19925830e+00 
 4.92800000e-10  0.00000000e+00  1.19925830e+00 
 5.02800000e-10  0.00000000e+00  1.19925830e+00 
 5.12800000e-10  0.00000000e+00  1.19925830e+00 
 5.22800000e-10  0.00000000e+00  1.19925830e+00 
 5.32800000e-10  0.00000000e+00  1.19925830e+00 
 5.42800000e-10  0.00000000e+00  1.19925830e+00 
 5.52800000e-10  0.00000000e+00  1.19925830e+00 
 5.62800000e-10  0.00000000e+00  1.19925830e+00 
 5.72800000e-10  0.00000000e+00  1.19925830e+00 
 5.82800000e-10  0.00000000e+00  1.19925830e+00 
 5.92800000e-10  0.00000000e+00  1.19925830e+00 
 6.02800000e-10  0.00000000e+00  1.19925830e+00 
 6.12800000e-10  0.00000000e+00  1.19925830e+00 
 6.22800000e-10  0.00000000e+00  1.19925830e+00 
 6.32800000e-10  0.00000000e+00  1.19925830e+00 
 6.42800000e-10  0.00000000e+00  1.19925830e+00 
 6.52800000e-10  0.00000000e+00  1.19925830e+00 
 6.62800000e-10  0.00000000e+00  1.19925830e+00 
 6.72800000e-10  0.00000000e+00  1.19925830e+00 
 6.82800000e-10  0.00000000e+00  1.19925830e+00 
 6.92800000e-10  0.00000000e+00  1.19925830e+00 
 7.02800000e-10  0.00000000e+00  1.19925830e+00 
 7.12800000e-10  0.00000000e+00  1.19925830e+00 
 7.22800000e-10  0.00000000e+00  1.19925830e+00 
 7.32800000e-10  0.00000000e+00  1.19925830e+00 
 7.42800000e-10  0.00000000e+00  1.19925830e+00 
 7.52800000e-10  0.00000000e+00  1.19925830e+00 
 7.62800000e-10  0.00000000e+00  1.19925830e+00 
 7.72800000e-10  0.00000000e+00  1.19925830e+00 
 7.82800000e-10  0.00000000e+00  1.19925830e+00 
 7.92800000e-10  0.00000000e+00  1.19925830e+00 
 8.02800000e-10  0.00000000e+00  1.19925830e+00 
 8.12800000e-10  0.00000000e+00  1.19925830e+00 
 8.22800000e-10  0.00000000e+00  1.19925830e+00 
 8.32800000e-10  0.00000000e+00  1.19925830e+00 
 8.42800000e-10  0.00000000e+00  1.19925830e+00 
 8.52800000e-10  0.00000000e+00  1.19925830e+00 
 8.62800000e-10  0.00000000e+00  1.19925830e+00 
 8.72800000e-10  0.00000000e+00  1.19925830e+00 
 8.82800000e-10  0.00000000e+00  1.19925830e+00 
 8.92800000e-10  0.00000000e+00  1.19925830e+00 
 9.02800000e-10  0.00000000e+00  1.19925830e+00 
 9.12800000e-10  0.00000000e+00  1.19925830e+00 
 9.22800000e-10  0.00000000e+00  1.19925830e+00 
 9.32800000e-10  0.00000000e+00  1.19925830e+00 
 9.42800000e-10  0.00000000e+00  1.19925830e+00 
 9.52800000e-10  0.00000000e+00  1.19925830e+00 
 9.62800000e-10  0.00000000e+00  1.19925830e+00 
 9.72800000e-10  0.00000000e+00  1.19925830e+00 
 9.82800000e-10  0.00000000e+00  1.19925830e+00 
 9.92800000e-10  0.00000000e+00  1.19925830e+00 
 1.00000000e-09  0.00000000e+00  1.19925830e+00 
 1.00000092e-09  1.10042958e-05  1.19925830e+00 
 1.00000275e-09  3.30128874e-05  1.19925831e+00 
 1.00000642e-09  7.70300706e-05  1.19925836e+00 
 1.00001376e-09  1.65064437e-04  1.19925857e+00 
 1.00002843e-09  3.41133170e-04  1.19925942e+00 
 1.00005777e-09  6.93270636e-04  1.19926284e+00 
 1.00011646e-09  1.39754557e-03  1.19927593e+00 
 1.00018768e-09  2.25214703e-03  1.19930188e+00 
 1.00026146e-09  3.13756831e-03  1.19933888e+00 
 1.00033928e-09  4.07133414e-03  1.19938756e+00 
 1.00042319e-09  5.07829169e-03  1.19944967e+00 
 1.00051543e-09  6.18518526e-03  1.19952795e+00 
 1.00061682e-09  7.40178726e-03  1.19962451e+00 
 1.00072964e-09  8.75571935e-03  1.19974325e+00 
 1.00085596e-09  1.02714634e-02  1.19988848e+00 
 1.00091826e-09  1.10191709e-02  1.19996445e+00 
 1.00095309e-09  1.14371140e-02  1.20000934e+00 
 1.00098139e-09  1.17766503e-02  1.20005103e+00 
 1.00100403e-09  1.20483478e-02  1.20008477e+00 
 1.00102859e-09  1.23430867e-02  1.20012177e+00 
 1.00107771e-09  1.29325644e-02  1.20019694e+00 
 1.00117596e-09  1.41115199e-02  1.20035171e+00 
 1.00137245e-09  1.64694308e-02  1.20067727e+00 
 1.00164230e-09  1.97075777e-02  1.20115437e+00 
 1.00190273e-09  2.28327348e-02  1.20164212e+00 
 1.00219451e-09  2.63340954e-02  1.20221378e+00 
 1.00248543e-09  2.98251753e-02  1.20280457e+00 
 1.00281299e-09  3.37558811e-02  1.20348827e+00 
 1.00314375e-09  3.77249958e-02  1.20419278e+00 
 1.00351117e-09  4.21340907e-02  1.20498580e+00 
 1.00388796e-09  4.66554952e-02  1.20580474e+00 
 1.00430622e-09  5.16746819e-02  1.20671466e+00 
 1.00474350e-09  5.69219929e-02  1.20766138e+00 
 1.00523191e-09  6.27828717e-02  1.20870770e+00 
 1.00575458e-09  6.90549529e-02  1.20980935e+00 
 1.00634820e-09  7.61783500e-02  1.21103280e+00 
 1.00700674e-09  8.40808679e-02  1.21235114e+00 
 1.00778761e-09  9.34512936e-02  1.21385737e+00 
 1.00873310e-09  1.04797188e-01  1.21559588e+00 
 1.00979724e-09  1.17566861e-01  1.21744144e+00 
 1.01105840e-09  1.32700770e-01  1.21948217e+00 
 1.01215913e-09  1.45909561e-01  1.22114045e+00 
 1.01315284e-09  1.57834118e-01  1.22254606e+00 
 1.01415830e-09  1.69899563e-01  1.22388643e+00 
 1.01525733e-09  1.83087913e-01  1.22526450e+00 
 1.01632828e-09  1.95939310e-01  1.22652624e+00 
 1.01749634e-09  2.09956046e-01  1.22781780e+00 
 1.01868038e-09  2.24164592e-01  1.22904333e+00 
 1.01993567e-09  2.39228038e-01  1.23025668e+00 
 1.02127943e-09  2.55353198e-01  1.23146082e+00 
 1.02214836e-09  2.65780353e-01  1.23218892e+00 
 1.02297173e-09  2.75660734e-01  1.23284420e+00 
 1.02387469e-09  2.86496244e-01  1.23352240e+00 
 1.02449429e-09  2.93931498e-01  1.23396290e+00 
 1.02508003e-09  3.00960407e-01  1.23436186e+00 
 1.02566760e-09  3.08011258e-01  1.23474252e+00 
 1.02641862e-09  3.17023410e-01  1.23519961e+00 
 1.02692175e-09  3.23061031e-01  1.23548825e+00 
 1.02745790e-09  3.29494801e-01  1.23577859e+00 
 1.02799809e-09  3.35977081e-01  1.23605235e+00 
 1.02853388e-09  3.42406561e-01  1.23630570e+00 
 1.02903341e-09  3.48400906e-01  1.23652338e+00 
 1.02974594e-09  3.56951229e-01  1.23680114e+00 
 1.03024809e-09  3.62977106e-01  1.23697391e+00 
 1.03083292e-09  3.69995055e-01  1.23714901e+00 
 1.03167182e-09  3.80061890e-01  1.23734787e+00 
 1.03246011e-09  3.89521343e-01  1.23747404e+00 
 1.03311655e-09  3.97398615e-01  1.23753058e+00 
 1.03366086e-09  4.03930306e-01  1.23754194e+00 
 1.03404878e-09  4.08585384e-01  1.23752786e+00 
 1.03454595e-09  4.14551349e-01  1.23748149e+00 
 1.03497020e-09  4.19642455e-01  1.23741727e+00 
 1.03550268e-09  4.26032184e-01  1.23730192e+00 
 1.03602798e-09  4.32335779e-01  1.23714967e+00 
 1.03639179e-09  4.36701519e-01  1.23701951e+00 
 1.03689688e-09  4.42762563e-01  1.23680379e+00 
 1.03765846e-09  4.51901569e-01  1.23639892e+00 
 1.03823831e-09  4.58859695e-01  1.23602236e+00 
 1.03893214e-09  4.67185708e-01  1.23549046e+00 
 1.03962854e-09  4.75542516e-01  1.23486259e+00 
 1.04045725e-09  4.85486991e-01  1.23398689e+00 
 1.04130650e-09  4.95678034e-01  1.23293669e+00 
 1.04210129e-09  5.05215510e-01  1.23180723e+00 
 1.04298910e-09  5.15869221e-01  1.23036996e+00 
 1.04380780e-09  5.25693584e-01  1.22887364e+00 
 1.04471376e-09  5.36565099e-01  1.22701870e+00 
 1.04556766e-09  5.46811914e-01  1.22507189e+00 
 1.04649421e-09  5.57930538e-01  1.22273340e+00 
 1.04737522e-09  5.68502694e-01  1.22028888e+00 
 1.04789008e-09  5.74680956e-01  1.21876136e+00 
 1.04838111e-09  5.80573310e-01  1.21722883e+00 
 1.04893893e-09  5.87267139e-01  1.21539348e+00 
 1.04960742e-09  5.95289072e-01  1.21306726e+00 
 1.05027220e-09  6.03266392e-01  1.21061348e+00 
 1.05086734e-09  6.10408052e-01  1.20829281e+00 
 1.05166830e-09  6.20019545e-01  1.20497786e+00 
 1.05242518e-09  6.29102135e-01  1.20163927e+00 
 1.05249513e-09  6.29941577e-01  1.20132047e+00 
 1.05263504e-09  6.31620460e-01  1.20067754e+00 
 1.05266928e-09  6.32031393e-01  1.20051909e+00 
 1.05273777e-09  6.32853259e-01  1.20020091e+00 
 1.05275781e-09  6.33093721e-01  1.20010749e+00 
 1.05277646e-09  6.33317473e-01  1.20002044e+00 
 1.05278641e-09  6.33436879e-01  1.19997686e+00 
 1.05280024e-09  6.33602877e-01  1.19991942e+00 
 1.05280903e-09  6.33708371e-01  1.19988287e+00 
 1.05282144e-09  6.33857270e-01  1.19983122e+00 
 1.05284626e-09  6.34155070e-01  1.19972771e+00 
 1.05289589e-09  6.34750670e-01  1.19951987e+00 
 1.05299516e-09  6.35941869e-01  1.19910086e+00 
 1.05319369e-09  6.38324267e-01  1.19824970e+00 
 1.05359076e-09  6.43089063e-01  1.19649525e+00 
 1.05408392e-09  6.49007085e-01  1.19421957e+00 
 1.05469948e-09  6.56393732e-01  1.19122755e+00 
 1.05532017e-09  6.63842061e-01  1.18803573e+00 
 1.05590770e-09  6.70892436e-01  1.18484644e+00 
 1.05647119e-09  6.77654306e-01  1.18162685e+00 
 1.05700672e-09  6.84080665e-01  1.17841344e+00 
 1.05752281e-09  6.90273736e-01  1.17516730e+00 
 1.05802544e-09  6.96305232e-01  1.17185714e+00 
 1.05852404e-09  7.02288452e-01  1.16842072e+00 
 1.05903028e-09  7.08363418e-01  1.16476805e+00 
 1.05954606e-09  7.14552730e-01  1.16086946e+00 
 1.06007947e-09  7.20953637e-01  1.15664228e+00 
 1.06065395e-09  7.27847373e-01  1.15186092e+00 
 1.06130588e-09  7.35670549e-01  1.14614177e+00 
 1.06183265e-09  7.41991805e-01  1.14129137e+00 
 1.06232341e-09  7.47880978e-01  1.13658733e+00 
 1.06285106e-09  7.54212662e-01  1.13132932e+00 
 1.06334332e-09  7.60119807e-01  1.12623641e+00 
 1.06387304e-09  7.66476468e-01  1.12055366e+00 
 1.06441230e-09  7.72947554e-01  1.11455254e+00 
 1.06499332e-09  7.79919851e-01  1.10784150e+00 
 1.06561030e-09  7.87323574e-01  1.10043562e+00 
 1.06628014e-09  7.95361722e-01  1.09206784e+00 
 1.06700642e-09  8.04077011e-01  1.08260931e+00 
 1.06779971e-09  8.13596518e-01  1.07181905e+00 
 1.06853166e-09  8.22379903e-01  1.06143868e+00 
 1.06928330e-09  8.31399614e-01  1.05035564e+00 
 1.06998115e-09  8.39773759e-01  1.03968270e+00 
 1.07067600e-09  8.48111974e-01  1.02869071e+00 
 1.07134988e-09  8.56198517e-01  1.01768502e+00 
 1.07210958e-09  8.65314972e-01  1.00487365e+00 
 1.07287836e-09  8.74540283e-01  9.91478615e-01 
 1.07361629e-09  8.83395506e-01  9.78219196e-01 
 1.07428289e-09  8.91394682e-01  9.65908177e-01 
 1.07495031e-09  8.99403685e-01  9.53269454e-01 
 1.07561192e-09  9.07343093e-01  9.40435629e-01 
 1.07630479e-09  9.15657493e-01  9.26673856e-01 
 1.07702020e-09  9.24242398e-01  9.12122269e-01 
 1.07778597e-09  9.33431683e-01  8.96164556e-01 
 1.07860381e-09  9.43245700e-01  8.78689693e-01 
 1.07950597e-09  9.54071592e-01  8.58899636e-01 
 1.08051469e-09  9.66176279e-01  8.36140645e-01 
 1.08169063e-09  9.80287577e-01  8.08779711e-01 
 1.08281664e-09  9.93799703e-01  7.81759936e-01 
 1.08396286e-09  1.00755433e+00  7.53452963e-01 
 1.08505916e-09  1.02070991e+00  7.25646284e-01 
 1.08616240e-09  1.03394883e+00  6.96970140e-01 
 1.08723333e-09  1.04679991e+00  6.68501734e-01 
 1.08829936e-09  1.05959235e+00  6.39583228e-01 
 1.08933109e-09  1.07197314e+00  6.11087545e-01 
 1.09033946e-09  1.08407347e+00  5.82804853e-01 
 1.09130283e-09  1.09563395e+00  5.55440258e-01 
 1.09209185e-09  1.10510221e+00  5.32823428e-01 
 1.09276364e-09  1.11316364e+00  5.13457678e-01 
 1.09337139e-09  1.12045671e+00  4.95880668e-01 
 1.09393532e-09  1.12722381e+00  4.79549529e-01 
 1.09446952e-09  1.13363419e+00  4.64085497e-01 
 1.09498307e-09  1.13979679e+00  4.49250101e-01 
 1.09548292e-09  1.14579500e+00  4.34864766e-01 
 1.09597478e-09  1.15169735e+00  4.20787401e-01 
 1.09650962e-09  1.15811539e+00  4.05600063e-01 
 1.09699919e-09  1.16399028e+00  3.91836810e-01 
 1.09752092e-09  1.17025102e+00  3.77349417e-01 
 1.09799641e-09  1.17595691e+00  3.64336402e-01 
 1.09848419e-09  1.18181024e+00  3.51205332e-01 
 1.09894651e-09  1.18735812e+00  3.38988803e-01 
 1.09941927e-09  1.19303128e+00  3.26751780e-01 
 1.09988212e-09  1.19858545e+00  3.15043076e-01 
 1.10000000e-09  1.20000000e+00  3.12106130e-01 
 1.10000339e-09  1.20000000e+00  3.12021864e-01 
 1.10001018e-09  1.20000000e+00  3.11853292e-01 
 1.10002375e-09  1.20000000e+00  3.11515912e-01 
 1.10005088e-09  1.20000000e+00  3.10840286e-01 
 1.10010516e-09  1.20000000e+00  3.09486460e-01 
 1.10021371e-09  1.20000000e+00  3.06771196e-01 
 1.10034088e-09  1.20000000e+00  3.03581915e-01 
 1.10047531e-09  1.20000000e+00  3.00207622e-01 
 1.10061437e-09  1.20000000e+00  2.96720796e-01 
 1.10075873e-09  1.20000000e+00  2.93111382e-01 
 1.10090973e-09  1.20000000e+00  2.89352832e-01 
 1.10106772e-09  1.20000000e+00  2.85443171e-01 
 1.10123346e-09  1.20000000e+00  2.81371340e-01 
 1.10140738e-09  1.20000000e+00  2.77135611e-01 
 1.10159039e-09  1.20000000e+00  2.72722106e-01 
 1.10178319e-09  1.20000000e+00  2.68124698e-01 
 1.10198692e-09  1.20000000e+00  2.63327073e-01 
 1.10220257e-09  1.20000000e+00  2.58319097e-01 
 1.10243159e-09  1.20000000e+00  2.53081269e-01 
 1.10267537e-09  1.20000000e+00  2.47598649e-01 
 1.10293586e-09  1.20000000e+00  2.41847540e-01 
 1.10321502e-09  1.20000000e+00  2.35807496e-01 
 1.10351543e-09  1.20000000e+00  2.29449990e-01 
 1.10383985e-09  1.20000000e+00  2.22749181e-01 
 1.10419173e-09  1.20000000e+00  2.15672840e-01 
 1.10457479e-09  1.20000000e+00  2.08193227e-01 
 1.10499335e-09  1.20000000e+00  2.00281690e-01 
 1.10545181e-09  1.20000000e+00  1.91922387e-01 
 1.10595457e-09  1.20000000e+00  1.83113513e-01 
 1.10649262e-09  1.20000000e+00  1.74088328e-01 
 1.10707392e-09  1.20000000e+00  1.64788666e-01 
 1.10768488e-09  1.20000000e+00  1.55499609e-01 
 1.10827529e-09  1.20000000e+00  1.46976185e-01 
 1.10887594e-09  1.20000000e+00  1.38742799e-01 
 1.10946691e-09  1.20000000e+00  1.31055002e-01 
 1.11006836e-09  1.20000000e+00  1.23633083e-01 
 1.11066507e-09  1.20000000e+00  1.16653234e-01 
 1.11127078e-09  1.20000000e+00  1.09941316e-01 
 1.11187440e-09  1.20000000e+00  1.03609813e-01 
 1.11248609e-09  1.20000000e+00  9.75405698e-02 
 1.11309764e-09  1.20000000e+00  9.18054014e-02 
 1.11371625e-09  1.20000000e+00  8.63261451e-02 
 1.11432437e-09  1.20000000e+00  8.12403331e-02 
 1.11493936e-09  1.20000000e+00  7.63850349e-02 
 1.11554920e-09  1.20000000e+00  7.18421319e-02 
 1.11616934e-09  1.20000000e+00  6.74858982e-02 
 1.11678820e-09  1.20000000e+00  6.33898143e-02 
 1.11741890e-09  1.20000000e+00  5.94599276e-02 
 1.11805118e-09  1.20000000e+00  5.57546541e-02 
 1.11869635e-09  1.20000000e+00  5.22025669e-02 
 1.11934562e-09  1.20000000e+00  4.88480069e-02 
 1.12000870e-09  1.20000000e+00  4.56369721e-02 
 1.12067822e-09  1.20000000e+00  4.26021010e-02 
 1.12136246e-09  1.20000000e+00  3.97027088e-02 
 1.12205536e-09  1.20000000e+00  3.69621203e-02 
 1.12276403e-09  1.20000000e+00  3.43497170e-02 
 1.12348357e-09  1.20000000e+00  3.18816425e-02 
 1.12422009e-09  1.20000000e+00  2.95348099e-02 
 1.12496973e-09  1.20000000e+00  2.73199503e-02 
 1.12573781e-09  1.20000000e+00  2.52195579e-02 
 1.12652136e-09  1.20000000e+00  2.32403567e-02 
 1.12732510e-09  1.20000000e+00  2.13689416e-02 
 1.12814685e-09  1.20000000e+00  1.96091147e-02 
 1.12899086e-09  1.20000000e+00  1.79504614e-02 
 1.12985570e-09  1.20000000e+00  1.63946825e-02 
 1.13074530e-09  1.20000000e+00  1.49335298e-02 
 1.13165889e-09  1.20000000e+00  1.35668314e-02 
 1.13258532e-09  1.20000000e+00  1.23073004e-02 
 1.13356801e-09  1.20000000e+00  1.10979927e-02 
 1.13457828e-09  1.20000000e+00  9.97788892e-03 
 1.13560625e-09  1.20000000e+00  8.95371696e-03 
 1.13667385e-09  1.20000000e+00  8.00086730e-03 
 1.13777148e-09  1.20000000e+00  7.12665028e-03 
 1.13891476e-09  1.20000000e+00  6.31739011e-03 
 1.14009512e-09  1.20000000e+00  5.57822656e-03 
 1.14132630e-09  1.20000000e+00  4.89935873e-03 
 1.14260277e-09  1.20000000e+00  4.28285921e-03 
 1.14393752e-09  1.20000000e+00  3.72134190e-03 
 1.14532766e-09  1.20000000e+00  3.21507128e-03 
 1.14678599e-09  1.20000000e+00  2.75833561e-03 
 1.14831228e-09  1.20000000e+00  2.35026241e-03 
 1.14991997e-09  1.20000000e+00  1.98624498e-03 
 1.15161184e-09  1.20000000e+00  1.66470092e-03 
 1.15340299e-09  1.20000000e+00  1.38176074e-03 
 1.15529998e-09  1.20000000e+00  1.13541585e-03 
 1.15732099e-09  1.20000000e+00  9.22294563e-04 
 1.15947782e-09  1.20000000e+00  7.40149946e-04 
 1.16179401e-09  1.20000000e+00  5.85955288e-04 
 1.16428929e-09  1.20000000e+00  4.57352840e-04 
 1.16699648e-09  1.20000000e+00  3.51568902e-04 
 1.16994841e-09  1.20000000e+00  2.66226541e-04 
 1.17319471e-09  1.20000000e+00  1.98758473e-04 
 1.17679178e-09  1.20000000e+00  1.46843021e-04 
 1.18082193e-09  1.20000000e+00  1.08111052e-04 
 1.18538889e-09  1.20000000e+00  8.03701962e-05 
 1.19064551e-09  1.20000000e+00  6.14807951e-05 
 1.19680464e-09  1.20000000e+00  4.94727350e-05 
 1.20419700e-09  1.20000000e+00  4.25182223e-05 
 1.21334105e-09  1.20000000e+00  3.90071995e-05 
 1.22334105e-09  1.20000000e+00  3.77202187e-05 
 1.23334105e-09  1.20000000e+00  3.73271045e-05 
 1.24334105e-09  1.20000000e+00  3.72070253e-05 
 1.25334105e-09  1.20000000e+00  3.71703461e-05 
 1.26334105e-09  1.20000000e+00  3.71591421e-05 
 1.27334105e-09  1.20000000e+00  3.71557198e-05 
 1.28334105e-09  1.20000000e+00  3.71546744e-05 
 1.29334105e-09  1.20000000e+00  3.71543551e-05 
 1.30334105e-09  1.20000000e+00  3.71542576e-05 
 1.31334105e-09  1.20000000e+00  3.71542278e-05 
 1.32334105e-09  1.20000000e+00  3.71542187e-05 
 1.33334105e-09  1.20000000e+00  3.71542159e-05 
 1.34334105e-09  1.20000000e+00  3.71542150e-05 
 1.35334105e-09  1.20000000e+00  3.71542148e-05 
 1.36334105e-09  1.20000000e+00  3.71542147e-05 
 1.37334105e-09  1.20000000e+00  3.71542147e-05 
 1.38334105e-09  1.20000000e+00  3.71542147e-05 
 1.39334105e-09  1.20000000e+00  3.71542147e-05 
 1.40334105e-09  1.20000000e+00  3.71542147e-05 
 1.41334105e-09  1.20000000e+00  3.71542147e-05 
 1.42334105e-09  1.20000000e+00  3.71542147e-05 
 1.43334105e-09  1.20000000e+00  3.71542147e-05 
 1.44334105e-09  1.20000000e+00  3.71542147e-05 
 1.45334105e-09  1.20000000e+00  3.71542147e-05 
 1.46334105e-09  1.20000000e+00  3.71542147e-05 
 1.47334105e-09  1.20000000e+00  3.71542147e-05 
 1.48334105e-09  1.20000000e+00  3.71542147e-05 
 1.49334105e-09  1.20000000e+00  3.71542147e-05 
 1.50334105e-09  1.20000000e+00  3.71542147e-05 
 1.51334105e-09  1.20000000e+00  3.71542147e-05 
 1.52334105e-09  1.20000000e+00  3.71542147e-05 
 1.53334105e-09  1.20000000e+00  3.71542147e-05 
 1.54334105e-09  1.20000000e+00  3.71542147e-05 
 1.55334105e-09  1.20000000e+00  3.71542147e-05 
 1.56334105e-09  1.20000000e+00  3.71542147e-05 
 1.57334105e-09  1.20000000e+00  3.71542147e-05 
 1.58334105e-09  1.20000000e+00  3.71542147e-05 
 1.59334105e-09  1.20000000e+00  3.71542147e-05 
 1.60000000e-09  1.20000000e+00  3.71542147e-05 
 1.60000072e-09  1.19999131e+00  3.71525165e-05 
 1.60000217e-09  1.19997392e+00  3.71457315e-05 
 1.60000507e-09  1.19993915e+00  3.71118791e-05 
 1.60001087e-09  1.19986961e+00  3.69635691e-05 
 1.60002246e-09  1.19973053e+00  3.63487462e-05 
 1.60004564e-09  1.19945237e+00  3.38792338e-05 
 1.60009200e-09  1.19889604e+00  2.42321966e-05 
 1.60018472e-09  1.19778339e+00 -1.29665259e-05 
 1.60027511e-09  1.19669869e+00 -7.17399630e-05 
 1.60035820e-09  1.19570159e+00 -1.41051573e-04 
 1.60045866e-09  1.19449613e+00 -2.41229628e-04 
 1.60059306e-09  1.19288326e+00 -3.98255935e-04 
 1.60073787e-09  1.19114550e+00 -5.90907187e-04 
 1.60088985e-09  1.18932182e+00 -8.13001717e-04 
 1.60104530e-09  1.18745642e+00 -1.05588631e-03 
 1.60120991e-09  1.18548108e+00 -1.32560040e-03 
 1.60138131e-09  1.18342425e+00 -1.61599593e-03 
 1.60156326e-09  1.18124083e+00 -1.93123537e-03 
 1.60175361e-09  1.17895670e+00 -2.26551250e-03 
 1.60195602e-09  1.17652780e+00 -2.62319734e-03 
 1.60216908e-09  1.17397099e+00 -2.99976091e-03 
 1.60239651e-09  1.17124192e+00 -3.39960736e-03 
 1.60263760e-09  1.16834885e+00 -3.81930311e-03 
 1.60289630e-09  1.16524444e+00 -4.26329741e-03 
 1.60317281e-09  1.16192630e+00 -4.72926299e-03 
 1.60347169e-09  1.15833976e+00 -5.22184124e-03 
 1.60379435e-09  1.15446784e+00 -5.73986119e-03 
 1.60414652e-09  1.15024175e+00 -6.28838892e-03 
 1.60453147e-09  1.14562239e+00 -6.86754850e-03 
 1.60495707e-09  1.14051515e+00 -7.48315852e-03 
 1.60542962e-09  1.13484460e+00 -8.13684078e-03 
 1.60596085e-09  1.12846981e+00 -8.83545427e-03 
 1.60656214e-09  1.12125427e+00 -9.58203109e-03 
 1.60725168e-09  1.11297987e+00 -1.03838396e-02 
 1.60804808e-09  1.10342305e+00 -1.12429706e-02 
 1.60897600e-09  1.09228802e+00 -1.21614661e-02 
 1.61005434e-09  1.07934787e+00 -1.31290090e-02 
 1.61110490e-09  1.06674124e+00 -1.39802122e-02 
 1.61222911e-09  1.05325072e+00 -1.48039635e-02 
 1.61335522e-09  1.03973742e+00 -1.55502019e-02 
 1.61457613e-09  1.02508640e+00 -1.62821394e-02 
 1.61581705e-09  1.01019540e+00 -1.69550699e-02 
 1.61715739e-09  9.94111345e-01 -1.76132619e-02 
 1.61853795e-09  9.77544617e-01 -1.82275812e-02 
 1.62003860e-09  9.59536772e-01 -1.88341452e-02 
 1.62155551e-09  9.41333866e-01 -1.93920786e-02 
 1.62333156e-09  9.20021329e-01 -1.99835333e-02 
 1.62480386e-09  9.02353740e-01 -2.04282549e-02 
 1.62580595e-09  8.90328650e-01 -2.07090398e-02 
 1.62662744e-09  8.80470748e-01 -2.09265581e-02 
 1.62738461e-09  8.71384621e-01 -2.11170366e-02 
 1.62813477e-09  8.62382749e-01 -2.12962191e-02 
 1.62866312e-09  8.56042516e-01 -2.14169890e-02 
 1.62909474e-09  8.50863125e-01 -2.15125311e-02 
 1.62974366e-09  8.43076113e-01 -2.16508982e-02 
 1.63045158e-09  8.34581061e-01 -2.17946890e-02 
 1.63111746e-09  8.26590478e-01 -2.19232675e-02 
 1.63175374e-09  8.18955117e-01 -2.20402219e-02 
 1.63236399e-09  8.11632177e-01 -2.21470212e-02 
 1.63297120e-09  8.04345611e-01 -2.22480042e-02 
 1.63357589e-09  7.97089368e-01 -2.23430832e-02 
 1.63419591e-09  7.89649117e-01 -2.24343803e-02 
 1.63483676e-09  7.81958923e-01 -2.25212483e-02 
 1.63552473e-09  7.73703248e-01 -2.26044369e-02 
 1.63629054e-09  7.64513545e-01 -2.26819227e-02 
 1.63724337e-09  7.53079585e-01 -2.27496887e-02 
 1.63813616e-09  7.42366102e-01 -2.27763044e-02 
 1.63868840e-09  7.35739198e-01 -2.27707179e-02 
 1.63924015e-09  7.29118246e-01 -2.27451052e-02 
 1.63975311e-09  7.22962624e-01 -2.27010962e-02 
 1.64006724e-09  7.19193138e-01 -2.26633726e-02 
 1.64048397e-09  7.14192381e-01 -2.25998287e-02 
 1.64094395e-09  7.08672566e-01 -2.25105441e-02 
 1.64146102e-09  7.02467772e-01 -2.23846685e-02 
 1.64215574e-09  6.94131115e-01 -2.21692612e-02 
 1.64260590e-09  6.88729233e-01 -2.19995406e-02 
 1.64305406e-09  6.83351225e-01 -2.18059747e-02 
 1.64372170e-09  6.75339587e-01 -2.14698626e-02 
 1.64415520e-09  6.70137644e-01 -2.12195368e-02 
 1.64450096e-09  6.65988489e-01 -2.10000224e-02 
 1.64500835e-09  6.59899762e-01 -2.06451759e-02 
 1.64568704e-09  6.51755471e-01 -2.01084218e-02 
 1.64656767e-09  6.41187911e-01 -1.93028184e-02 
 1.64745395e-09  6.30552631e-01 -1.83619714e-02 
 1.64858177e-09  6.17018772e-01 -1.69695964e-02 
 1.64943775e-09  6.06746972e-01 -1.57554413e-02 
 1.65034249e-09  5.95890088e-01 -1.43171200e-02 
 1.65135200e-09  5.83776005e-01 -1.25239165e-02 
 1.65191159e-09  5.77060902e-01 -1.14431511e-02 
 1.65258917e-09  5.68930008e-01 -1.00408659e-02 
 1.65326933e-09  5.60768083e-01 -8.52500643e-03 
 1.65414339e-09  5.50279353e-01 -6.42590521e-03 
 1.65487685e-09  5.41477784e-01 -4.52304259e-03 
 1.65570894e-09  5.31492745e-01 -2.19958464e-03 
 1.65598179e-09  5.28218493e-01 -1.39950051e-03 
 1.65616553e-09  5.26013601e-01 -8.49799926e-04 
 1.65626867e-09  5.24776004e-01 -5.37362421e-04 
 1.65637008e-09  5.23559045e-01 -2.27382827e-04 
 1.65641485e-09  5.23021819e-01 -8.96703676e-05 
 1.65644794e-09  5.22624771e-01  1.17055879e-05 
 1.65647292e-09  5.22324941e-01  8.45894054e-05 
 1.65649434e-09  5.22067958e-01  1.47271693e-04 
 1.65651704e-09  5.21795544e-01  2.13917657e-04 
 1.65656244e-09  5.21250717e-01  3.47751416e-04 
 1.65665324e-09  5.20161062e-01  6.17566456e-04 
 1.65683485e-09  5.17981752e-01  1.16549293e-03 
 1.65719807e-09  5.13623132e-01  2.29295152e-03 
 1.65754889e-09  5.09413273e-01  3.42198982e-03 
 1.65795593e-09  5.04528811e-01  4.78548402e-03 
 1.65837800e-09  4.99464052e-01  6.26134064e-03 
 1.65891031e-09  4.93076299e-01  8.20997022e-03 
 1.65940652e-09  4.87121769e-01  1.01202228e-02 
 1.65999132e-09  4.80104115e-01  1.24957260e-02 
 1.66071276e-09  4.71446919e-01  1.56245343e-02 
 1.66136929e-09  4.63568509e-01  1.86801967e-02 
 1.66197125e-09  4.56345056e-01  2.16699677e-02 
 1.66259767e-09  4.48827931e-01  2.49875472e-02 
 1.66320810e-09  4.41502841e-01  2.84364140e-02 
 1.66384964e-09  4.33804305e-01  3.23036179e-02 
 1.66453515e-09  4.25578179e-01  3.67207004e-02 
 1.66521572e-09  4.17411352e-01  4.14001823e-02 
 1.66571492e-09  4.11420912e-01  4.50149920e-02 
 1.66610294e-09  4.06764702e-01  4.79337790e-02 
 1.66658975e-09  4.00923036e-01  5.17329008e-02 
 1.66705047e-09  3.95394354e-01  5.54627565e-02 
 1.66755766e-09  3.89308083e-01  5.97172247e-02 
 1.66814648e-09  3.82242225e-01  6.48482721e-02 
 1.66874752e-09  3.75029713e-01  7.02945621e-02 
 1.66935675e-09  3.67718990e-01  7.60263220e-02 
 1.66999185e-09  3.60097789e-01  8.22238401e-02 
 1.67066976e-09  3.51962909e-01  8.90848088e-02 
 1.67142612e-09  3.42886526e-01  9.70334815e-02 
 1.67234928e-09  3.31808696e-01  1.07145692e-01 
 1.67320590e-09  3.21529157e-01  1.16924894e-01 
 1.67393156e-09  3.12821256e-01  1.25501498e-01 
 1.67452776e-09  3.05666862e-01  1.32745676e-01 
 1.67505012e-09  2.99398572e-01  1.39236959e-01 
 1.67562663e-09  2.92480382e-01  1.46555201e-01 
 1.67625858e-09  2.84897002e-01  1.54760943e-01 
 1.67704247e-09  2.75490309e-01  1.65204289e-01 
 1.67772118e-09  2.67345787e-01  1.74479713e-01 
 1.67849438e-09  2.58067445e-01  1.85305944e-01 
 1.67930808e-09  2.48303078e-01  1.96994037e-01 
 1.68021491e-09  2.37421037e-01  2.10371146e-01 
 1.68109528e-09  2.26856684e-01  2.23706744e-01 
 1.68205867e-09  2.15295985e-01  2.38688252e-01 
 1.68302305e-09  2.03723401e-01  2.54085801e-01 
 1.68407240e-09  1.91131161e-01  2.71288724e-01 
 1.68517238e-09  1.77931414e-01  2.89816240e-01 
 1.68637931e-09  1.63448281e-01  3.10718251e-01 
 1.68767490e-09  1.47901219e-01  3.33811021e-01 
 1.68897294e-09  1.32324673e-01  3.57613870e-01 
 1.69030173e-09  1.16379248e-01  3.82654013e-01 
 1.69162484e-09  1.00501883e-01  4.08244602e-01 
 1.69295535e-09  8.45358098e-02  4.34616168e-01 
 1.69427173e-09  6.87392097e-02  4.61310593e-01 
 1.69557968e-09  5.30438217e-02  4.88396707e-01 
 1.69686436e-09  3.76276326e-02  5.15511600e-01 
 1.69812361e-09  2.25167166e-02  5.42539757e-01 
 1.69934022e-09  7.91736045e-03  5.69029218e-01 
 1.70000000e-09  1.77635684e-15  5.83530902e-01 
 1.70000205e-09  0.00000000e+00  5.83576179e-01 
 1.70000616e-09  0.00000000e+00  5.83666762e-01 
 1.70001437e-09  0.00000000e+00  5.83848101e-01 
 1.70003080e-09  0.00000000e+00  5.84211456e-01 
 1.70006365e-09  0.00000000e+00  5.84940753e-01 
 1.70012935e-09  0.00000000e+00  5.86408791e-01 
 1.70019745e-09  0.00000000e+00  5.87942361e-01 
 1.70027526e-09  0.00000000e+00  5.89707108e-01 
 1.70035069e-09  0.00000000e+00  5.91429209e-01 
 1.70043913e-09  0.00000000e+00  5.93460194e-01 
 1.70052969e-09  0.00000000e+00  5.95551708e-01 
 1.70063582e-09  0.00000000e+00  5.98015560e-01 
 1.70074756e-09  0.00000000e+00  6.00622669e-01 
 1.70087935e-09  0.00000000e+00  6.03712205e-01 
 1.70102316e-09  0.00000000e+00  6.07099146e-01 
 1.70119638e-09  0.00000000e+00  6.11196595e-01 
 1.70139462e-09  0.00000000e+00  6.15906492e-01 
 1.70164441e-09  0.00000000e+00  6.21863774e-01 
 1.70195393e-09  0.00000000e+00  6.29271413e-01 
 1.70236186e-09  0.00000000e+00  6.39064052e-01 
 1.70274450e-09  0.00000000e+00  6.48263555e-01 
 1.70319065e-09  0.00000000e+00  6.58987517e-01 
 1.70362589e-09  0.00000000e+00  6.69429714e-01 
 1.70413432e-09  0.00000000e+00  6.81582349e-01 
 1.70464657e-09  0.00000000e+00  6.93757791e-01 
 1.70523996e-09  0.00000000e+00  7.07752604e-01 
 1.70585365e-09  0.00000000e+00  7.22080135e-01 
 1.70656409e-09  0.00000000e+00  7.38451623e-01 
 1.70726889e-09  0.00000000e+00  7.54438888e-01 
 1.70795051e-09  0.00000000e+00  7.69636073e-01 
 1.70860621e-09  0.00000000e+00  7.83991511e-01 
 1.70925136e-09  0.00000000e+00  7.97847625e-01 
 1.70988493e-09  0.00000000e+00  8.11182969e-01 
 1.71051432e-09  0.00000000e+00  8.24151138e-01 
 1.71113706e-09  0.00000000e+00  8.36698751e-01 
 1.71175761e-09  0.00000000e+00  8.48912337e-01 
 1.71240859e-09  0.00000000e+00  8.61405539e-01 
 1.71308803e-09  0.00000000e+00  8.74087564e-01 
 1.71381120e-09  0.00000000e+00  8.87177630e-01 
 1.71457578e-09  0.00000000e+00  9.00553118e-01 
 1.71539738e-09  0.00000000e+00  9.14390529e-01 
 1.71627701e-09  0.00000000e+00  9.28590639e-01 
 1.71722910e-09  0.00000000e+00  9.43251291e-01 
 1.71826576e-09  0.00000000e+00  9.58393345e-01 
 1.71909468e-09  0.00000000e+00  9.69903987e-01 
 1.71988119e-09  0.00000000e+00  9.80350979e-01 
 1.72073328e-09  0.00000000e+00  9.91162972e-01 
 1.72151109e-09  0.00000000e+00  1.00059023e+00 
 1.72232676e-09  0.00000000e+00  1.01004181e+00 
 1.72314101e-09  0.00000000e+00  1.01905098e+00 
 1.72397657e-09  0.00000000e+00  1.02787204e+00 
 1.72477760e-09  0.00000000e+00  1.03594251e+00 
 1.72558528e-09  0.00000000e+00  1.04371360e+00 
 1.72637261e-09  0.00000000e+00  1.05094969e+00 
 1.72716548e-09  0.00000000e+00  1.05791247e+00 
 1.72794464e-09  0.00000000e+00  1.06445106e+00 
 1.72872690e-09  0.00000000e+00  1.07072519e+00 
 1.72949876e-09  0.00000000e+00  1.07664253e+00 
 1.73027176e-09  0.00000000e+00  1.08230760e+00 
 1.73103629e-09  0.00000000e+00  1.08766422e+00 
 1.73180051e-09  0.00000000e+00  1.09278378e+00 
 1.73255749e-09  0.00000000e+00  1.09763276e+00 
 1.73331314e-09  0.00000000e+00  1.10226179e+00 
 1.73407422e-09  0.00000000e+00  1.10671923e+00 
 1.73484374e-09  0.00000000e+00  1.11102578e+00 
 1.73562075e-09  0.00000000e+00  1.11517828e+00 
 1.73640599e-09  0.00000000e+00  1.11918328e+00 
 1.73719894e-09  0.00000000e+00  1.12304063e+00 
 1.73800052e-09  0.00000000e+00  1.12675728e+00 
 1.73881046e-09  0.00000000e+00  1.13033444e+00 
 1.73962958e-09  0.00000000e+00  1.13377811e+00 
 1.74045779e-09  0.00000000e+00  1.13709013e+00 
 1.74119911e-09  0.00000000e+00  1.13991623e+00 
 1.74201021e-09  0.00000000e+00  1.14286540e+00 
 1.74277796e-09  0.00000000e+00  1.14552516e+00 
 1.74351833e-09  0.00000000e+00  1.14797414e+00 
 1.74427125e-09  0.00000000e+00  1.15035297e+00 
 1.74504233e-09  0.00000000e+00  1.15267740e+00 
 1.74582270e-09  0.00000000e+00  1.15491981e+00 
 1.74662142e-09  0.00000000e+00  1.15710549e+00 
 1.74744010e-09  0.00000000e+00  1.15923620e+00 
 1.74827717e-09  0.00000000e+00  1.16130554e+00 
 1.74913466e-09  0.00000000e+00  1.16331644e+00 
 1.75001330e-09  0.00000000e+00  1.16526832e+00 
 1.75091323e-09  0.00000000e+00  1.16715943e+00 
 1.75183516e-09  0.00000000e+00  1.16898937e+00 
 1.75287399e-09  0.00000000e+00  1.17092933e+00 
 1.75381858e-09  0.00000000e+00  1.17258712e+00 
 1.75493584e-09  0.00000000e+00  1.17442491e+00 
 1.75599228e-09  0.00000000e+00  1.17604732e+00 
 1.75708834e-09  0.00000000e+00  1.17761983e+00 
 1.75817676e-09  0.00000000e+00  1.17907695e+00 
 1.75930308e-09  0.00000000e+00  1.18048256e+00 
 1.76044111e-09  0.00000000e+00  1.18180422e+00 
 1.76161486e-09  0.00000000e+00  1.18307078e+00 
 1.76280587e-09  0.00000000e+00  1.18426274e+00 
 1.76403191e-09  0.00000000e+00  1.18539880e+00 
 1.76528011e-09  0.00000000e+00  1.18646759e+00 
 1.76656459e-09  0.00000000e+00  1.18748198e+00 
 1.76787611e-09  0.00000000e+00  1.18843522e+00 
 1.76922618e-09  0.00000000e+00  1.18933637e+00 
 1.77060822e-09  0.00000000e+00  1.19018156e+00 
 1.77203199e-09  0.00000000e+00  1.19097737e+00 
 1.77349303e-09  0.00000000e+00  1.19172184e+00 
 1.77499993e-09  0.00000000e+00  1.19241988e+00 
 1.77655002e-09  0.00000000e+00  1.19307077e+00 
 1.77815117e-09  0.00000000e+00  1.19367832e+00 
 1.77980231e-09  0.00000000e+00  1.19424261e+00 
 1.78151098e-09  0.00000000e+00  1.19476672e+00 
 1.78327761e-09  0.00000000e+00  1.19525123e+00 
 1.78510984e-09  0.00000000e+00  1.19569873e+00 
 1.78700961e-09  0.00000000e+00  1.19611014e+00 
 1.78898503e-09  0.00000000e+00  1.19648768e+00 
 1.79103974e-09  0.00000000e+00  1.19683251e+00 
 1.79318276e-09  0.00000000e+00  1.19714661e+00 
 1.79541975e-09  0.00000000e+00  1.19743125e+00 
 1.79776126e-09  0.00000000e+00  1.19768825e+00 
 1.80021546e-09  0.00000000e+00  1.19791898e+00 
 1.80279527e-09  0.00000000e+00  1.19812511e+00 
 1.80551224e-09  0.00000000e+00  1.19830806e+00 
 1.80838287e-09  0.00000000e+00  1.19846943e+00 
 1.81142351e-09  0.00000000e+00  1.19861062e+00 
 1.81465610e-09  0.00000000e+00  1.19873318e+00 
 1.81810416e-09  0.00000000e+00  1.19883850e+00 
 1.82179825e-09  0.00000000e+00  1.19892808e+00 
 1.82577310e-09  0.00000000e+00  1.19900328e+00 
 1.83007348e-09  0.00000000e+00  1.19906554e+00 
 1.83475287e-09  0.00000000e+00  1.19911620e+00 
 1.83988080e-09  0.00000000e+00  1.19915662e+00 
 1.84554449e-09  0.00000000e+00  1.19918810e+00 
 1.85186016e-09  0.00000000e+00  1.19921190e+00 
 1.85898162e-09  0.00000000e+00  1.19922927e+00 
 1.86712293e-09  0.00000000e+00  1.19924137e+00 
 1.87658694e-09  0.00000000e+00  1.19924930e+00 
 1.88658694e-09  0.00000000e+00  1.19925370e+00 
 1.89658694e-09  0.00000000e+00  1.19925594e+00 
 1.90658694e-09  0.00000000e+00  1.19925709e+00 
 1.91658694e-09  0.00000000e+00  1.19925768e+00 
 1.92658694e-09  0.00000000e+00  1.19925798e+00 
 1.93658694e-09  0.00000000e+00  1.19925814e+00 
 1.94658694e-09  0.00000000e+00  1.19925821e+00 
 1.95658694e-09  0.00000000e+00  1.19925825e+00 
 1.96658694e-09  0.00000000e+00  1.19925828e+00 
 1.97658694e-09  0.00000000e+00  1.19925829e+00 
 1.98658694e-09  0.00000000e+00  1.19925829e+00 
 1.99658694e-09  0.00000000e+00  1.19925829e+00 
 2.00658694e-09  0.00000000e+00  1.19925830e+00 
 2.01658694e-09  0.00000000e+00  1.19925830e+00 
 2.02658694e-09  0.00000000e+00  1.19925830e+00 
 2.03658694e-09  0.00000000e+00  1.19925830e+00 
 2.04658694e-09  0.00000000e+00  1.19925830e+00 
 2.05658694e-09  0.00000000e+00  1.19925830e+00 
 2.06658694e-09  0.00000000e+00  1.19925830e+00 
 2.07658694e-09  0.00000000e+00  1.19925830e+00 
 2.08658694e-09  0.00000000e+00  1.19925830e+00 
 2.09658694e-09  0.00000000e+00  1.19925830e+00 
 2.10658694e-09  0.00000000e+00  1.19925830e+00 
 2.11658694e-09  0.00000000e+00  1.19925830e+00 
 2.12658694e-09  0.00000000e+00  1.19925830e+00 
 2.13658694e-09  0.00000000e+00  1.19925830e+00 
 2.14658694e-09  0.00000000e+00  1.19925830e+00 
 2.15658694e-09  0.00000000e+00  1.19925830e+00 
 2.16658694e-09  0.00000000e+00  1.19925830e+00 
 2.17658694e-09  0.00000000e+00  1.19925830e+00 
 2.18658694e-09  0.00000000e+00  1.19925830e+00 
 2.19658694e-09  0.00000000e+00  1.19925830e+00 
 2.20658694e-09  0.00000000e+00  1.19925830e+00 
 2.21658694e-09  0.00000000e+00  1.19925830e+00 
 2.22658694e-09  0.00000000e+00  1.19925830e+00 
 2.23658694e-09  0.00000000e+00  1.19925830e+00 
 2.24658694e-09  0.00000000e+00  1.19925830e+00 
 2.25658694e-09  0.00000000e+00  1.19925830e+00 
 2.26658694e-09  0.00000000e+00  1.19925830e+00 
 2.27658694e-09  0.00000000e+00  1.19925830e+00 
 2.28658694e-09  0.00000000e+00  1.19925830e+00 
 2.29658694e-09  0.00000000e+00  1.19925830e+00 
 2.30658694e-09  0.00000000e+00  1.19925830e+00 
 2.31658694e-09  0.00000000e+00  1.19925830e+00 
 2.32658694e-09  0.00000000e+00  1.19925830e+00 
 2.33658694e-09  0.00000000e+00  1.19925830e+00 
 2.34658694e-09  0.00000000e+00  1.19925830e+00 
 2.35658694e-09  0.00000000e+00  1.19925830e+00 
 2.36658694e-09  0.00000000e+00  1.19925830e+00 
 2.37658694e-09  0.00000000e+00  1.19925830e+00 
 2.38658694e-09  0.00000000e+00  1.19925830e+00 
 2.39658694e-09  0.00000000e+00  1.19925830e+00 
 2.40000000e-09  0.00000000e+00  1.19925830e+00 
 2.40000049e-09  5.92227137e-06  1.19925830e+00 
 2.40000148e-09  1.77668141e-05  1.19925830e+00 
 2.40000345e-09  4.14558996e-05  1.19925831e+00 
 2.40000740e-09  8.88340707e-05  1.19925837e+00 
 2.40001530e-09  1.83590413e-04  1.19925863e+00 
 2.40003109e-09  3.73103097e-04  1.19925964e+00 
 2.40006268e-09  7.52128465e-04  1.19926362e+00 
 2.40012585e-09  1.51017920e-03  1.19927875e+00 
 2.40019511e-09  2.34128666e-03  1.19930516e+00 
 2.40027157e-09  3.25886116e-03  1.19934467e+00 
 2.40034792e-09  4.17499639e-03  1.19939352e+00 
 2.40043483e-09  5.21798035e-03  1.19945900e+00 
 2.40052612e-09  6.31345698e-03  1.19953764e+00 
 2.40063075e-09  7.56896582e-03  1.19963856e+00 
 2.40074313e-09  8.91760385e-03  1.19975818e+00 
 2.40087330e-09  1.04796193e-02  1.19990934e+00 
 2.40092792e-09  1.11350787e-02  1.19997645e+00 
 2.40096053e-09  1.15264156e-02  1.20002023e+00 
 2.40101336e-09  1.21602709e-02  1.20009876e+00 
 2.40104191e-09  1.25029152e-02  1.20014198e+00 
 2.40107678e-09  1.29214007e-02  1.20019548e+00 
 2.40114653e-09  1.37583716e-02  1.20030474e+00 
 2.40128603e-09  1.54323135e-02  1.20053162e+00 
 2.40152664e-09  1.83196691e-02  1.20094601e+00 
 2.40178644e-09  2.14373332e-02  1.20142139e+00 
 2.40207299e-09  2.48759105e-02  1.20197281e+00 
 2.40235896e-09  2.83075329e-02  1.20254552e+00 
 2.40267443e-09  3.20931263e-02  1.20319700e+00 
 2.40299962e-09  3.59954443e-02  1.20388437e+00 
 2.40335505e-09  4.02605501e-02  1.20464781e+00 
 2.40372397e-09  4.46875861e-02  1.20544790e+00 
 2.40412745e-09  4.95294413e-02  1.20632595e+00 
 2.40455286e-09  5.46343247e-02  1.20724949e+00 
 2.40502175e-09  6.02609956e-02  1.20825918e+00 
 2.40552581e-09  6.63097231e-02  1.20932972e+00 
 2.40609041e-09  7.30849503e-02  1.21050535e+00 
 2.40671582e-09  8.05898422e-02  1.21177399e+00 
 2.40744226e-09  8.93071128e-02  1.21319897e+00 
 2.40830234e-09  9.96280458e-02  1.21481541e+00 
 2.40932603e-09  1.11912314e-01  1.21663849e+00 
 2.41048367e-09  1.25804030e-01  1.21857128e+00 
 2.41175425e-09  1.41051044e-01  1.22054347e+00 
 2.41289853e-09  1.54782333e-01  1.22219508e+00 
 2.41399835e-09  1.67980247e-01  1.22368005e+00 
 2.41506737e-09  1.80808497e-01  1.22503448e+00 
 2.41617662e-09  1.94119425e-01  1.22635428e+00 
 2.41730009e-09  2.07601060e-01  1.22760874e+00 
 2.41848518e-09  2.21822161e-01  1.22884882e+00 
 2.41971426e-09  2.36571081e-01  1.23005070e+00 
 2.42104780e-09  2.52573639e-01  1.23126353e+00 
 2.42232240e-09  2.67868742e-01  1.23233462e+00 
 2.42309942e-09  2.77193062e-01  1.23294703e+00 
 2.42401284e-09  2.88154116e-01  1.23362691e+00 
 2.42475703e-09  2.97084326e-01  1.23414835e+00 
 2.42544552e-09  3.05346273e-01  1.23460468e+00 
 2.42618905e-09  3.14268574e-01  1.23506695e+00 
 2.42666659e-09  3.19999121e-01  1.23534733e+00 
 2.42733208e-09  3.27984997e-01  1.23571529e+00 
 2.42804251e-09  3.36510091e-01  1.23607732e+00 
 2.42878816e-09  3.45457978e-01  1.23642096e+00 
 2.42952605e-09  3.54312616e-01  1.23672197e+00 
 2.43029363e-09  3.63523573e-01  1.23699102e+00 
 2.43112807e-09  3.73536857e-01  1.23722829e+00 
 2.43199629e-09  3.83955450e-01  1.23740894e+00 
 2.43279819e-09  3.93578332e-01  1.23751018e+00 
 2.43345808e-09  4.01496977e-01  1.23754224e+00 
 2.43402284e-09  4.08274041e-01  1.23753019e+00 
 2.43450158e-09  4.14018904e-01  1.23748963e+00 
 2.43493651e-09  4.19238090e-01  1.23742731e+00 
 2.43533928e-09  4.24071404e-01  1.23734659e+00 
 2.43582062e-09  4.29847487e-01  1.23721859e+00 
 2.43632726e-09  4.35927140e-01  1.23704718e+00 
 2.43684775e-09  4.42172977e-01  1.23683078e+00 
 2.43720675e-09  4.46481038e-01  1.23665465e+00 
 2.43764211e-09  4.51705294e-01  1.23641178e+00 
 2.43817437e-09  4.58092441e-01  1.23607128e+00 
 2.43858471e-09  4.63016474e-01  1.23577333e+00 
 2.43910952e-09  4.69314217e-01  1.23534572e+00 
 2.43975387e-09  4.77046453e-01  1.23474659e+00 
 2.44044005e-09  4.85280650e-01  1.23401399e+00 
 2.44124312e-09  4.94917493e-01  1.23302783e+00 
 2.44214654e-09  5.05758465e-01  1.23174523e+00 
 2.44298962e-09  5.15875499e-01  1.23037553e+00 
 2.44386938e-09  5.26432575e-01  1.22876039e+00 
 2.44471642e-09  5.36597034e-01  1.22701891e+00 
 2.44562016e-09  5.47441948e-01  1.22495141e+00 
 2.44650029e-09  5.58003494e-01  1.22272278e+00 
 2.44742305e-09  5.69076615e-01  1.22015007e+00 
 2.44832029e-09  5.79843451e-01  1.21741398e+00 
 2.44881591e-09  5.85790939e-01  1.21579830e+00 
 2.44972276e-09  5.96673141e-01  1.21264411e+00 
 2.45060342e-09  6.07241043e-01  1.20933435e+00 
 2.45102250e-09  6.12270058e-01  1.20766665e+00 
 2.45173506e-09  6.20820725e-01  1.20468931e+00 
 2.45256021e-09  6.30722533e-01  1.20101996e+00 
 2.45262540e-09  6.31504814e-01  1.20071973e+00 
 2.45275578e-09  6.33069376e-01  1.20011463e+00 
 2.45277980e-09  6.33357620e-01  1.20000248e+00 
 2.45279515e-09  6.33541742e-01  1.19993852e+00 
 2.45280524e-09  6.33662843e-01  1.19989659e+00 
 2.45281799e-09  6.33815826e-01  1.19984355e+00 
 2.45284348e-09  6.34121791e-01  1.19973724e+00 
 2.45289448e-09  6.34733721e-01  1.19952374e+00 
 2.45299647e-09  6.35957582e-01  1.19909325e+00 
 2.45320044e-09  6.38405304e-01  1.19821838e+00 
 2.45360840e-09  6.43300747e-01  1.19641364e+00 
 2.45409836e-09  6.49180367e-01  1.19414927e+00 
 2.45472319e-09  6.56678255e-01  1.19110684e+00 
 2.45533838e-09  6.64060542e-01  1.18793735e+00 
 2.45592733e-09  6.71127981e-01  1.18473495e+00 
 2.45648886e-09  6.77866318e-01  1.18152124e+00 
 2.45702407e-09  6.84288785e-01  1.17830475e+00 
 2.45753942e-09  6.90473068e-01  1.17505827e+00 
 2.45804184e-09  6.96502052e-01  1.17174454e+00 
 2.45854046e-09  7.02485467e-01  1.16830286e+00 
 2.45904724e-09  7.08566932e-01  1.16464072e+00 
 2.45956313e-09  7.14757554e-01  1.16073527e+00 
 2.46009768e-09  7.21172191e-01  1.15649233e+00 
 2.46067383e-09  7.28085950e-01  1.15168910e+00 
 2.46132961e-09  7.35955347e-01  1.14592559e+00 
 2.46185564e-09  7.42267625e-01  1.14107290e+00 
 2.46234665e-09  7.48159807e-01  1.13635793e+00 
 2.46287303e-09  7.54476330e-01  1.13110360e+00 
 2.46337035e-09  7.60444235e-01  1.12594920e+00 
 2.46389849e-09  7.66781910e-01  1.12027305e+00 
 2.46444051e-09  7.73286080e-01  1.11423031e+00 
 2.46502261e-09  7.80271323e-01  1.10749418e+00 
 2.46564231e-09  7.87707747e-01  1.10004118e+00 
 2.46631459e-09  7.95775074e-01  1.09162603e+00 
 2.46704414e-09  8.04529676e-01  1.08210479e+00 
 2.46784076e-09  8.14089065e-01  1.07124545e+00 
 2.46856970e-09  8.22836401e-01  1.06088574e+00 
 2.46931900e-09  8.31828032e-01  1.04981625e+00 
 2.47001281e-09  8.40153771e-01  1.03918732e+00 
 2.47070956e-09  8.48514754e-01  1.02814824e+00 
 2.47138522e-09  8.56622656e-01  1.01709611e+00 
 2.47214701e-09  8.65764176e-01  1.00422907e+00 
 2.47291786e-09  8.75014266e-01  9.90776485e-01 
 2.47364879e-09  8.83785470e-01  9.77623994e-01 
 2.47431641e-09  8.91796966e-01  9.65278446e-01 
 2.47498179e-09  8.99781428e-01  9.52663364e-01 
 2.47564574e-09  9.07748868e-01  9.39769287e-01 
 2.47633857e-09  9.16062849e-01  9.25992234e-01 
 2.47705687e-09  9.24682477e-01  9.11364694e-01 
 2.47782420e-09  9.33890383e-01  8.95355387e-01 
 2.47864611e-09  9.43753331e-01  8.77771406e-01 
 2.47955219e-09  9.54626317e-01  8.57868846e-01 
 2.48056803e-09  9.66816360e-01  8.34916464e-01 
 2.48175331e-09  9.81039706e-01  8.07294327e-01 
 2.48287445e-09  9.94493432e-01  7.80349118e-01 
 2.48402280e-09  1.00827354e+00  7.51948740e-01 
 2.48511583e-09  1.02138995e+00  7.24187648e-01 
 2.48622013e-09  1.03464162e+00  6.95448721e-01 
 2.48728885e-09  1.04746614e+00  6.67007309e-01 
 2.48835487e-09  1.06025846e+00  6.38060141e-01 
 2.48938431e-09  1.07261174e+00  6.09602866e-01 
 2.49039148e-09  1.08469775e+00  5.81332940e-01 
 2.49135212e-09  1.09622546e+00  5.54030054e-01 
 2.49213740e-09  1.10564884e+00  5.31510943e-01 
 2.49280573e-09  1.11366881e+00  5.12239516e-01 
 2.49341050e-09  1.12092606e+00  4.94746324e-01 
 2.49397196e-09  1.12766357e+00  4.78486179e-01 
 2.49450437e-09  1.13405240e+00  4.63075491e-01 
 2.49501674e-09  1.14020085e+00  4.48277114e-01 
 2.49551593e-09  1.14619119e+00  4.33915168e-01 
 2.49600754e-09  1.15209052e+00  4.19851158e-01 
 2.49654113e-09  1.15849359e+00  4.04707793e-01 
 2.49703081e-09  1.16436974e+00  3.90951207e-01 
 2.49755077e-09  1.17060927e+00  3.76524867e-01 
 2.49802605e-09  1.17631256e+00  3.63530137e-01 
 2.49851284e-09  1.18215404e+00  3.50439753e-01 
 2.49897518e-09  1.18770214e+00  3.38237412e-01 
 2.49944759e-09  1.19337110e+00  3.26025785e-01 
 2.49991083e-09  1.19892996e+00  3.14324475e-01 
 2.50000000e-09  1.20000000e+00  3.12104542e-01 
 2.50000284e-09  1.20000000e+00  3.12034086e-01 
 2.50000851e-09  1.20000000e+00  3.11893147e-01 
 2.50001985e-09  1.20000000e+00  3.11611103e-01 
 2.50004255e-09  1.20000000e+00  3.11046398e-01 
 2.50008793e-09  1.20000000e+00  3.09915110e-01 
 2.50017869e-09  1.20000000e+00  3.07646642e-01 
 2.50031519e-09  1.20000000e+00  3.04225189e-01 
 2.50043882e-09  1.20000000e+00  3.01121834e-01 
 2.50058718e-09  1.20000000e+00  2.97400628e-01 
 2.50072154e-09  1.20000000e+00  2.94038784e-01 
 2.50087960e-09  1.20000000e+00  2.90099979e-01 
 2.50102853e-09  1.20000000e+00  2.86409241e-01 
 2.50119988e-09  1.20000000e+00  2.82192509e-01 
 2.50136547e-09  1.20000000e+00  2.78151347e-01 
 2.50155275e-09  1.20000000e+00  2.73624766e-01 
 2.50173770e-09  1.20000000e+00  2.69203348e-01 
 2.50194445e-09  1.20000000e+00  2.64320850e-01 
 2.50215244e-09  1.20000000e+00  2.59475425e-01 
 2.50238326e-09  1.20000000e+00  2.54178371e-01 
 2.50261930e-09  1.20000000e+00  2.48849951e-01 
 2.50288030e-09  1.20000000e+00  2.43063782e-01 
 2.50315126e-09  1.20000000e+00  2.37174558e-01 
 2.50345074e-09  1.20000000e+00  2.30805515e-01 
 2.50376609e-09  1.20000000e+00  2.24256668e-01 
 2.50411532e-09  1.20000000e+00  2.17191738e-01 
 2.50448793e-09  1.20000000e+00  2.09867882e-01 
 2.50490182e-09  1.20000000e+00  2.01987695e-01 
 2.50534813e-09  1.20000000e+00  1.93784340e-01 
 2.50584420e-09  1.20000000e+00  1.85014890e-01 
 2.50637499e-09  1.20000000e+00  1.76025881e-01 
 2.50694482e-09  1.20000000e+00  1.66813703e-01 
 2.50756447e-09  1.20000000e+00  1.57291166e-01 
 2.50815025e-09  1.20000000e+00  1.48744290e-01 
 2.50875556e-09  1.20000000e+00  1.40357758e-01 
 2.50934260e-09  1.20000000e+00  1.32638364e-01 
 2.50994672e-09  1.20000000e+00  1.25101650e-01 
 2.51054032e-09  1.20000000e+00  1.18081164e-01 
 2.51114765e-09  1.20000000e+00  1.11275575e-01 
 2.51174870e-09  1.20000000e+00  1.04899218e-01 
 2.51236129e-09  1.20000000e+00  9.87507053e-02 
 2.51297060e-09  1.20000000e+00  9.29696482e-02 
 2.51359018e-09  1.20000000e+00  8.74167960e-02 
 2.51419776e-09  1.20000000e+00  8.22749359e-02 
 2.51481351e-09  1.20000000e+00  7.73553315e-02 
 2.51542202e-09  1.20000000e+00  7.27675181e-02 
 2.51604206e-09  1.20000000e+00  6.83586499e-02 
 2.51665910e-09  1.20000000e+00  6.42239260e-02 
 2.51728914e-09  1.20000000e+00  6.02486052e-02 
 2.51791929e-09  1.20000000e+00  5.65085121e-02 
 2.51856334e-09  1.20000000e+00  5.29163095e-02 
 2.51921022e-09  1.20000000e+00  4.95297265e-02 
 2.51987176e-09  1.20000000e+00  4.62827349e-02 
 2.52053862e-09  1.20000000e+00  4.32180734e-02 
 2.52122092e-09  1.20000000e+00  4.02860972e-02 
 2.52191091e-09  1.20000000e+00  3.75176341e-02 
 2.52261723e-09  1.20000000e+00  3.48754698e-02 
 2.52333357e-09  1.20000000e+00  3.23812498e-02 
 2.52406733e-09  1.20000000e+00  3.00070831e-02 
 2.52481345e-09  1.20000000e+00  2.77676899e-02 
 2.52557832e-09  1.20000000e+00  2.56420993e-02 
 2.52635798e-09  1.20000000e+00  2.36398977e-02 
 2.52715802e-09  1.20000000e+00  2.17452030e-02 
 2.52797545e-09  1.20000000e+00  1.99638520e-02 
 2.52881524e-09  1.20000000e+00  1.82836741e-02 
 2.52967525e-09  1.20000000e+00  1.67078029e-02 
 2.53056000e-09  1.20000000e+00  1.52267557e-02 
 2.53146816e-09  1.20000000e+00  1.38413497e-02 
 2.53238873e-09  1.20000000e+00  1.25642612e-02 
 2.53336555e-09  1.20000000e+00  1.13368715e-02 
 2.53436965e-09  1.20000000e+00  1.01993946e-02 
 2.53539063e-09  1.20000000e+00  9.15930926e-03 
 2.53645129e-09  1.20000000e+00  8.19062765e-03 
 2.53754098e-09  1.20000000e+00  7.30181646e-03 
 2.53867612e-09  1.20000000e+00  6.47823566e-03 
 2.53984729e-09  1.20000000e+00  5.72577923e-03 
 2.54106885e-09  1.20000000e+00  5.03401551e-03 
 2.54233457e-09  1.20000000e+00  4.40549936e-03 
 2.54365789e-09  1.20000000e+00  3.83243400e-03 
 2.54503528e-09  1.20000000e+00  3.31539089e-03 
 2.54647986e-09  1.20000000e+00  2.84839195e-03 
 2.54799082e-09  1.20000000e+00  2.43075798e-03 
 2.54958176e-09  1.20000000e+00  2.05771008e-03 
 2.55125488e-09  1.20000000e+00  1.72778512e-03 
 2.55302527e-09  1.20000000e+00  1.43700256e-03 
 2.55489885e-09  1.20000000e+00  1.18342500e-03 
 2.55689357e-09  1.20000000e+00  9.63608948e-04 
 2.55902044e-09  1.20000000e+00  7.75347401e-04 
 2.56130244e-09  1.20000000e+00  6.15566458e-04 
 2.56375817e-09  1.20000000e+00  4.81927712e-04 
 2.56641937e-09  1.20000000e+00  3.71624841e-04 
 2.56931701e-09  1.20000000e+00  2.82286177e-04 
 2.57249862e-09  1.20000000e+00  2.11319186e-04 
 2.57601724e-09  1.20000000e+00  1.56396739e-04 
 2.57995079e-09  1.20000000e+00  1.15126090e-04 
 2.58439611e-09  1.20000000e+00  8.52994050e-05 
 2.58949585e-09  1.20000000e+00  6.47494811e-05 
 2.59544623e-09  1.20000000e+00  5.14786083e-05 
 2.60255013e-09  1.20000000e+00  4.36206861e-05 
 2.61127537e-09  1.20000000e+00  3.95204407e-05 
 2.62127537e-09  1.20000000e+00  3.78769904e-05 
 2.63127537e-09  1.20000000e+00  3.73749913e-05 
 2.64127537e-09  1.20000000e+00  3.72216526e-05 
 2.65127537e-09  1.20000000e+00  3.71748141e-05 
 2.66127537e-09  1.20000000e+00  3.71605069e-05 
 2.67127537e-09  1.20000000e+00  3.71561367e-05 
 2.68127537e-09  1.20000000e+00  3.71548018e-05 
 2.69127537e-09  1.20000000e+00  3.71543940e-05 
 2.70127537e-09  1.20000000e+00  3.71542694e-05 
 2.71127537e-09  1.20000000e+00  3.71542314e-05 
 2.72127537e-09  1.20000000e+00  3.71542198e-05 
 2.73127537e-09  1.20000000e+00  3.71542162e-05 
 2.74127537e-09  1.20000000e+00  3.71542151e-05 
 2.75127537e-09  1.20000000e+00  3.71542148e-05 
 2.76127537e-09  1.20000000e+00  3.71542147e-05 
 2.77127537e-09  1.20000000e+00  3.71542147e-05 
 2.78127537e-09  1.20000000e+00  3.71542147e-05 
 2.79127537e-09  1.20000000e+00  3.71542147e-05 
 2.80127537e-09  1.20000000e+00  3.71542147e-05 
 2.81127537e-09  1.20000000e+00  3.71542147e-05 
 2.82127537e-09  1.20000000e+00  3.71542147e-05 
 2.83127537e-09  1.20000000e+00  3.71542147e-05 
 2.84127537e-09  1.20000000e+00  3.71542147e-05 
 2.85127537e-09  1.20000000e+00  3.71542147e-05 
 2.86127537e-09  1.20000000e+00  3.71542147e-05 
 2.87127537e-09  1.20000000e+00  3.71542147e-05 
 2.88127537e-09  1.20000000e+00  3.71542147e-05 
 2.89127537e-09  1.20000000e+00  3.71542147e-05 
 2.90127537e-09  1.20000000e+00  3.71542147e-05 
 2.91127537e-09  1.20000000e+00  3.71542147e-05 
 2.92127537e-09  1.20000000e+00  3.71542147e-05 
 2.93127537e-09  1.20000000e+00  3.71542147e-05 
 2.94127537e-09  1.20000000e+00  3.71542147e-05 
 2.95127537e-09  1.20000000e+00  3.71542147e-05 
 2.96127537e-09  1.20000000e+00  3.71542147e-05 
 2.97127537e-09  1.20000000e+00  3.71542147e-05 
 2.98127537e-09  1.20000000e+00  3.71542147e-05 
 2.99127537e-09  1.20000000e+00  3.71542147e-05 
 3.00000000e-09  1.20000000e+00  3.71542147e-05 
 3.00000092e-09  1.19998896e+00  3.71514786e-05 
 3.00000276e-09  1.19996689e+00  3.71405466e-05 
 3.00000644e-09  1.19992274e+00  3.70860293e-05 
 3.00001380e-09  1.19983444e+00  3.68474613e-05 
 3.00002851e-09  1.19965785e+00  3.58607725e-05 
 3.00005794e-09  1.19930467e+00  3.19157912e-05 
 3.00011681e-09  1.19859829e+00  1.66415555e-05 
 3.00018099e-09  1.19782816e+00 -1.11064563e-05 
 3.00027158e-09  1.19674104e+00 -6.92309360e-05 
 3.00035514e-09  1.19573831e+00 -1.38375099e-04 
 3.00044331e-09  1.19468034e+00 -2.25010509e-04 
 3.00056983e-09  1.19316201e+00 -3.69591623e-04 
 3.00071599e-09  1.19140814e+00 -5.60552657e-04 
 3.00086598e-09  1.18960823e+00 -7.77066224e-04 
 3.00102214e-09  1.18773433e+00 -1.01892455e-03 
 3.00118403e-09  1.18579159e+00 -1.28255856e-03 
 3.00135548e-09  1.18373421e+00 -1.57177771e-03 
 3.00153474e-09  1.18158308e+00 -1.88149830e-03 
 3.00172475e-09  1.17930302e+00 -2.21465653e-03 
 3.00192435e-09  1.17690780e+00 -2.56719672e-03 
 3.00213659e-09  1.17436092e+00 -2.94241894e-03 
 3.00236094e-09  1.17166867e+00 -3.33730354e-03 
 3.00260062e-09  1.16879251e+00 -3.75528582e-03 
 3.00285581e-09  1.16573023e+00 -4.19430925e-03 
 3.00313017e-09  1.16243797e+00 -4.65803225e-03 
 3.00342482e-09  1.15890212e+00 -5.14540248e-03 
 3.00374429e-09  1.15506846e+00 -5.66046385e-03 
 3.00409111e-09  1.15090665e+00 -6.20326886e-03 
 3.00447135e-09  1.14634380e+00 -6.77850515e-03 
 3.00488977e-09  1.14132275e+00 -7.38752515e-03 
 3.00535523e-09  1.13573721e+00 -8.03598828e-03 
 3.00587627e-09  1.12948475e+00 -8.72672952e-03 
 3.00646663e-09  1.12240047e+00 -9.46646466e-03 
 3.00714103e-09  1.11430770e+00 -1.02589165e-02 
 3.00792051e-09  1.10495391e+00 -1.11099330e-02 
 3.00882645e-09  1.09408256e+00 -1.20190770e-02 
 3.00988180e-09  1.08141836e+00 -1.29808911e-02 
 3.01093688e-09  1.06875745e+00 -1.38496490e-02 
 3.01204886e-09  1.05541373e+00 -1.46774689e-02 
 3.01317397e-09  1.04191236e+00 -1.54349785e-02 
 3.01437919e-09  1.02744968e+00 -1.61690362e-02 
 3.01561654e-09  1.01260149e+00 -1.68507423e-02 
 3.01694041e-09  9.96715085e-01 -1.75111009e-02 
 3.01831389e-09  9.80233348e-01 -1.81318469e-02 
 3.01979405e-09  9.62471445e-01 -1.87394339e-02 
 3.02129816e-09  9.44422045e-01 -1.93013633e-02 
 3.02304298e-09  9.23484276e-01 -1.98919666e-02 
 3.02453908e-09  9.05531059e-01 -2.03513824e-02 
 3.02559685e-09  8.92837788e-01 -2.06520255e-02 
 3.02643425e-09  8.82788958e-01 -2.08765245e-02 
 3.02717837e-09  8.73859558e-01 -2.10662796e-02 
 3.02793753e-09  8.64749599e-01 -2.12505126e-02 
 3.02872754e-09  8.55269480e-01 -2.14322684e-02 
 3.02939056e-09  8.47313278e-01 -2.15771128e-02 
 3.03005976e-09  8.39282831e-01 -2.17162987e-02 
 3.03072160e-09  8.31340836e-01 -2.18473540e-02 
 3.03125251e-09  8.24969852e-01 -2.19479012e-02 
 3.03179201e-09  8.18495831e-01 -2.20458936e-02 
 3.03220247e-09  8.13570363e-01 -2.21177660e-02 
 3.03261404e-09  8.08631493e-01 -2.21875648e-02 
 3.03316374e-09  8.02035164e-01 -2.22770683e-02 
 3.03381379e-09  7.94234470e-01 -2.23770053e-02 
 3.03444250e-09  7.86690047e-01 -2.24668805e-02 
 3.03511950e-09  7.78566059e-01 -2.25549476e-02 
 3.03582027e-09  7.70156792e-01 -2.26346268e-02 
 3.03665849e-09  7.60098073e-01 -2.27105842e-02 
 3.03762882e-09  7.48454191e-01 -2.27644613e-02 
 3.03832645e-09  7.40082609e-01 -2.27748720e-02 
 3.03870209e-09  7.35574863e-01 -2.27684709e-02 
 3.03914570e-09  7.30251553e-01 -2.27486942e-02 
 3.03966545e-09  7.24014625e-01 -2.27074227e-02 
 3.04021778e-09  7.17386660e-01 -2.26398276e-02 
 3.04081061e-09  7.10272656e-01 -2.25371882e-02 
 3.04134017e-09  7.03918010e-01 -2.24168031e-02 
 3.04169455e-09  6.99665455e-01 -2.23197049e-02 
 3.04194241e-09  6.96691078e-01 -2.22430859e-02 
 3.04220953e-09  6.93485605e-01 -2.21520602e-02 
 3.04247026e-09  6.90356860e-01 -2.20549371e-02 
 3.04272416e-09  6.87310076e-01 -2.19525189e-02 
 3.04304832e-09  6.83420184e-01 -2.18100617e-02 
 3.04360611e-09  6.76726706e-01 -2.15331926e-02 
 3.04399738e-09  6.72031381e-01 -2.13141353e-02 
 3.04445722e-09  6.66513344e-01 -2.10282529e-02 
 3.04489293e-09  6.61284846e-01 -2.07283434e-02 
 3.04538209e-09  6.55414949e-01 -2.03577408e-02 
 3.04602882e-09  6.47654129e-01 -1.98109596e-02 
 3.04680420e-09  6.38349579e-01 -1.90655111e-02 
 3.04771881e-09  6.27374332e-01 -1.80565490e-02 
 3.04855645e-09  6.17322657e-01 -1.70021107e-02 
 3.04955695e-09  6.05316624e-01 -1.55730829e-02 
 3.05066440e-09  5.92027168e-01 -1.37711081e-02 
 3.05130726e-09  5.84312932e-01 -1.26108011e-02 
 3.05230898e-09  5.72292183e-01 -1.06290571e-02 
 3.05333009e-09  5.60038869e-01 -8.38643472e-03 
 3.05397000e-09  5.52360009e-01 -6.85980004e-03 
 3.05466896e-09  5.43972480e-01 -5.07831316e-03 
 3.05551272e-09  5.33847301e-01 -2.76526252e-03 
 3.05574303e-09  5.31083607e-01 -2.10279768e-03 
 3.05620365e-09  5.25556219e-01 -7.37563565e-04 
 3.05628573e-09  5.24571180e-01 -4.88432978e-04 
 3.05644991e-09  5.22601101e-01  1.54826984e-05 
 3.05649330e-09  5.22080401e-01  1.42531863e-04 
 3.05653951e-09  5.21525913e-01  2.78364023e-04 
 3.05658923e-09  5.20929247e-01  4.25371691e-04 
 3.05668867e-09  5.19735914e-01  7.21914082e-04 
 3.05688756e-09  5.17349250e-01  1.32486603e-03 
 3.05723674e-09  5.13159173e-01  2.41616576e-03 
 3.05759121e-09  5.08905431e-01  3.56392284e-03 
 3.05807835e-09  5.03059741e-01  5.20921427e-03 
 3.05857099e-09  4.97148172e-01  6.95878306e-03 
 3.05921848e-09  4.89378270e-01  9.39048868e-03 
 3.05981303e-09  4.82243585e-01  1.17638036e-02 
 3.06042595e-09  4.74888599e-01  1.43599430e-02 
 3.06098859e-09  4.68136959e-01  1.68867361e-02 
 3.06150054e-09  4.61993574e-01  1.93146674e-02 
 3.06200825e-09  4.55900942e-01  2.18525984e-02 
 3.06250825e-09  4.49900996e-01  2.44877801e-02 
 3.06306656e-09  4.43201299e-01  2.76007831e-02 
 3.06366845e-09  4.35978572e-01  3.11685955e-02 
 3.06435529e-09  4.27736552e-01  3.55158995e-02 
 3.06509887e-09  4.18813577e-01  4.05582234e-02 
 3.06560045e-09  4.12794659e-01  4.41580041e-02 
 3.06608767e-09  4.06947913e-01  4.78066353e-02 
 3.06658196e-09  4.01016507e-01  5.16582875e-02 
 3.06703052e-09  3.95633721e-01  5.52839717e-02 
 3.06757792e-09  3.89064945e-01  5.98742804e-02 
 3.06813887e-09  3.82333540e-01  6.47643201e-02 
 3.06872911e-09  3.75250659e-01  7.01082750e-02 
 3.06929357e-09  3.68477179e-01  7.54057916e-02 
 3.06997943e-09  3.60246868e-01  8.20841857e-02 
 3.07063333e-09  3.52400000e-01  8.86935652e-02 
 3.07140421e-09  3.43149529e-01  9.67826567e-02 
 3.07230404e-09  3.32351476e-01  1.06623722e-01 
 3.07317308e-09  3.21923094e-01  1.16527115e-01 
 3.07391113e-09  3.13066400e-01  1.25240304e-01 
 3.07452662e-09  3.05680577e-01  1.32715388e-01 
 3.07507886e-09  2.99053705e-01  1.39581553e-01 
 3.07570859e-09  2.91496888e-01  1.47592134e-01 
 3.07636983e-09  2.83562003e-01  1.56208914e-01 
 3.07712270e-09  2.74527549e-01  1.66273097e-01 
 3.07781625e-09  2.66205033e-01  1.75779423e-01 
 3.07859091e-09  2.56909102e-01  1.86660239e-01 
 3.07945304e-09  2.46563573e-01  1.99091094e-01 
 3.08033670e-09  2.35959592e-01  2.12179051e-01 
 3.08124053e-09  2.25113592e-01  2.25923270e-01 
 3.08219378e-09  2.13674650e-01  2.40805007e-01 
 3.08317526e-09  2.01896825e-01  2.56535938e-01 
 3.08422663e-09  1.89280422e-01  2.73839799e-01 
 3.08534404e-09  1.75871468e-01  2.92736534e-01 
 3.08656118e-09  1.61265836e-01  3.13903128e-01 
 3.08785967e-09  1.45683936e-01  3.37142875e-01 
 3.08916124e-09  1.30065158e-01  3.61105144e-01 
 3.09049079e-09  1.14110474e-01  3.86255211e-01 
 3.09181461e-09  9.82246855e-02  4.11951620e-01 
 3.09314402e-09  8.22717043e-02  4.38390475e-01 
 3.09445911e-09  6.64906962e-02  4.65141782e-01 
 3.09576449e-09  5.08260998e-02  4.92251725e-01 
 3.09704589e-09  3.54493331e-02  5.19366134e-01 
 3.09830010e-09  2.03987709e-02  5.46345825e-01 
 3.09950980e-09  5.88241973e-03  5.72732738e-01 
 3.10000000e-09  3.99680289e-15  5.83515865e-01 
 3.10000166e-09  0.00000000e+00  5.83552469e-01 
 3.10000498e-09  0.00000000e+00  5.83625696e-01 
 3.10001162e-09  0.00000000e+00  5.83772263e-01 
 3.10002490e-09  0.00000000e+00  5.84065845e-01 
 3.10005146e-09  0.00000000e+00  5.84654727e-01 
 3.10010458e-09  0.00000000e+00  5.85838873e-01 
 3.10017865e-09  0.00000000e+00  5.87502893e-01 
 3.10024899e-09  0.00000000e+00  5.89094990e-01 
 3.10032902e-09  0.00000000e+00  5.90918407e-01 
 3.10040915e-09  0.00000000e+00  5.92755311e-01 
 3.10050292e-09  0.00000000e+00  5.94917308e-01 
 3.10060018e-09  0.00000000e+00  5.97171764e-01 
 3.10071383e-09  0.00000000e+00  5.99819410e-01 
 3.10083522e-09  0.00000000e+00  6.02661233e-01 
 3.10097882e-09  0.00000000e+00  6.06038356e-01 
 3.10113819e-09  0.00000000e+00  6.09803314e-01 
 3.10133201e-09  0.00000000e+00  6.14402112e-01 
 3.10155929e-09  0.00000000e+00  6.19815960e-01 
 3.10185207e-09  0.00000000e+00  6.26815480e-01 
 3.10224585e-09  0.00000000e+00  6.36261174e-01 
 3.10262628e-09  0.00000000e+00  6.45405566e-01 
 3.10306131e-09  0.00000000e+00  6.55864735e-01 
 3.10349061e-09  0.00000000e+00  6.66172029e-01 
 3.10398475e-09  0.00000000e+00  6.77998338e-01 
 3.10448774e-09  0.00000000e+00  6.89976333e-01 
 3.10506355e-09  0.00000000e+00  7.03590951e-01 
 3.10566337e-09  0.00000000e+00  7.17640557e-01 
 3.10635073e-09  0.00000000e+00  7.33546276e-01 
 3.10707595e-09  0.00000000e+00  7.50074943e-01 
 3.10775448e-09  0.00000000e+00  7.65279495e-01 
 3.10842433e-09  0.00000000e+00  7.80022919e-01 
 3.10906534e-09  0.00000000e+00  7.93867272e-01 
 3.10970740e-09  0.00000000e+00  8.07461170e-01 
 3.11033322e-09  0.00000000e+00  8.20436034e-01 
 3.11096162e-09  0.00000000e+00  8.33180449e-01 
 3.11157946e-09  0.00000000e+00  8.45424080e-01 
 3.11222158e-09  0.00000000e+00  8.57838646e-01 
 3.11289122e-09  0.00000000e+00  8.70440525e-01 
 3.11360226e-09  0.00000000e+00  8.83428142e-01 
 3.11435347e-09  0.00000000e+00  8.96702714e-01 
 3.11515884e-09  0.00000000e+00  9.10419845e-01 
 3.11602046e-09  0.00000000e+00  9.24504458e-01 
 3.11695140e-09  0.00000000e+00  9.39041160e-01 
 3.11796101e-09  0.00000000e+00  9.54020446e-01 
 3.11878207e-09  0.00000000e+00  9.65619540e-01 
 3.11955659e-09  0.00000000e+00  9.76095210e-01 
 3.12021095e-09  0.00000000e+00  9.84600479e-01 
 3.12097001e-09  0.00000000e+00  9.94083674e-01 
 3.12179411e-09  0.00000000e+00  1.00392785e+00 
 3.12257964e-09  0.00000000e+00  1.01289301e+00 
 3.12337529e-09  0.00000000e+00  1.02157514e+00 
 3.12417994e-09  0.00000000e+00  1.02996415e+00 
 3.12499177e-09  0.00000000e+00  1.03804610e+00 
 3.12578701e-09  0.00000000e+00  1.04560643e+00 
 3.12658155e-09  0.00000000e+00  1.05282274e+00 
 3.12736560e-09  0.00000000e+00  1.05962697e+00 
 3.12814942e-09  0.00000000e+00  1.06612770e+00 
 3.12892546e-09  0.00000000e+00  1.07227926e+00 
 3.12970037e-09  0.00000000e+00  1.07815090e+00 
 3.13046873e-09  0.00000000e+00  1.08371653e+00 
 3.13123517e-09  0.00000000e+00  1.08902430e+00 
 3.13199577e-09  0.00000000e+00  1.09406065e+00 
 3.13275385e-09  0.00000000e+00  1.09886070e+00 
 3.13350658e-09  0.00000000e+00  1.10341875e+00 
 3.13427272e-09  0.00000000e+00  1.10785373e+00 
 3.13504166e-09  0.00000000e+00  1.11210627e+00 
 3.13582309e-09  0.00000000e+00  1.11623260e+00 
 3.13660827e-09  0.00000000e+00  1.12018885e+00 
 3.13740522e-09  0.00000000e+00  1.12401814e+00 
 3.13820733e-09  0.00000000e+00  1.12769107e+00 
 3.13902103e-09  0.00000000e+00  1.13123959e+00 
 3.13984121e-09  0.00000000e+00  1.13464365e+00 
 3.14067305e-09  0.00000000e+00  1.13792713e+00 
 3.14141941e-09  0.00000000e+00  1.14073476e+00 
 3.14223401e-09  0.00000000e+00  1.14365655e+00 
 3.14300626e-09  0.00000000e+00  1.14629498e+00 
 3.14375214e-09  0.00000000e+00  1.14872729e+00 
 3.14451038e-09  0.00000000e+00  1.15108815e+00 
 3.14528681e-09  0.00000000e+00  1.15339395e+00 
 3.14607325e-09  0.00000000e+00  1.15561935e+00 
 3.14687800e-09  0.00000000e+00  1.15778710e+00 
 3.14770281e-09  0.00000000e+00  1.15989932e+00 
 3.14854635e-09  0.00000000e+00  1.16195032e+00 
 3.14941042e-09  0.00000000e+00  1.16394242e+00 
 3.15029577e-09  0.00000000e+00  1.16587513e+00 
 3.15120263e-09  0.00000000e+00  1.16774692e+00 
 3.15223351e-09  0.00000000e+00  1.16975040e+00 
 3.15316256e-09  0.00000000e+00  1.17144866e+00 
 3.15427354e-09  0.00000000e+00  1.17335352e+00 
 3.15531565e-09  0.00000000e+00  1.17502292e+00 
 3.15640110e-09  0.00000000e+00  1.17664871e+00 
 3.15747453e-09  0.00000000e+00  1.17815030e+00 
 3.15858740e-09  0.00000000e+00  1.17960287e+00 
 3.15970956e-09  0.00000000e+00  1.18096729e+00 
 3.16086802e-09  0.00000000e+00  1.18227741e+00 
 3.16204187e-09  0.00000000e+00  1.18350999e+00 
 3.16325074e-09  0.00000000e+00  1.18468660e+00 
 3.16448008e-09  0.00000000e+00  1.18579361e+00 
 3.16574530e-09  0.00000000e+00  1.18684575e+00 
 3.16703592e-09  0.00000000e+00  1.18783484e+00 
 3.16836437e-09  0.00000000e+00  1.18877111e+00 
 3.16972312e-09  0.00000000e+00  1.18964981e+00 
 3.17112255e-09  0.00000000e+00  1.19047827e+00 
 3.17255747e-09  0.00000000e+00  1.19125393e+00 
 3.17403686e-09  0.00000000e+00  1.19198225e+00 
 3.17555744e-09  0.00000000e+00  1.19266209e+00 
 3.17712735e-09  0.00000000e+00  1.19329762e+00 
 3.17874492e-09  0.00000000e+00  1.19388867e+00 
 3.18041786e-09  0.00000000e+00  1.19443854e+00 
 3.18214605e-09  0.00000000e+00  1.19494767e+00 
 3.18393710e-09  0.00000000e+00  1.19541877e+00 
 3.18579242e-09  0.00000000e+00  1.19585269e+00 
 3.18771997e-09  0.00000000e+00  1.19625175e+00 
 3.18972278e-09  0.00000000e+00  1.19661703e+00 
 3.19180957e-09  0.00000000e+00  1.19695059e+00 
 3.19398526e-09  0.00000000e+00  1.19725366e+00 
 3.19625989e-09  0.00000000e+00  1.19752812e+00 
 3.19864072e-09  0.00000000e+00  1.19777531e+00 
 3.20113984e-09  0.00000000e+00  1.19799694e+00 
 3.20376758e-09  0.00000000e+00  1.19819440e+00 
 3.20653915e-09  0.00000000e+00  1.19836934e+00 
 3.20946916e-09  0.00000000e+00  1.19852315e+00 
 3.21257759e-09  0.00000000e+00  1.19865740e+00 
 3.21588530e-09  0.00000000e+00  1.19877349e+00 
 3.21941969e-09  0.00000000e+00  1.19887292e+00 
 3.22321131e-09  0.00000000e+00  1.19895708e+00 
 3.22729960e-09  0.00000000e+00  1.19902742e+00 
 3.23173091e-09  0.00000000e+00  1.19908528e+00 
 3.23656530e-09  0.00000000e+00  1.19913206e+00 
 3.24187687e-09  0.00000000e+00  1.19916906e+00 
 3.24776344e-09  0.00000000e+00  1.19919760e+00 
 3.25435216e-09  0.00000000e+00  1.19921892e+00 
 3.26181716e-09  0.00000000e+00  1.19923423e+00 
 3.27039912e-09  0.00000000e+00  1.19924469e+00 
 3.28039912e-09  0.00000000e+00  1.19925134e+00 
 3.29039912e-09  0.00000000e+00  1.19925474e+00 
 3.30039912e-09  0.00000000e+00  1.19925648e+00 
 3.31039912e-09  0.00000000e+00  1.19925737e+00 
 3.32039912e-09  0.00000000e+00  1.19925782e+00 
 3.33039912e-09  0.00000000e+00  1.19925805e+00 
 3.34039912e-09  0.00000000e+00  1.19925817e+00 
 3.35039912e-09  0.00000000e+00  1.19925823e+00 
 3.36039912e-09  0.00000000e+00  1.19925826e+00 
 3.37039912e-09  0.00000000e+00  1.19925828e+00 
 3.38039912e-09  0.00000000e+00  1.19925829e+00 
 3.39039912e-09  0.00000000e+00  1.19925829e+00 
 3.40039912e-09  0.00000000e+00  1.19925829e+00 
 3.41039912e-09  0.00000000e+00  1.19925830e+00 
 3.42039912e-09  0.00000000e+00  1.19925830e+00 
 3.43039912e-09  0.00000000e+00  1.19925830e+00 
 3.44039912e-09  0.00000000e+00  1.19925830e+00 
 3.45039912e-09  0.00000000e+00  1.19925830e+00 
 3.46039912e-09  0.00000000e+00  1.19925830e+00 
 3.47039912e-09  0.00000000e+00  1.19925830e+00 
 3.48039912e-09  0.00000000e+00  1.19925830e+00 
 3.49039912e-09  0.00000000e+00  1.19925830e+00 
 3.50039912e-09  0.00000000e+00  1.19925830e+00 
 3.51039912e-09  0.00000000e+00  1.19925830e+00 
 3.52039912e-09  0.00000000e+00  1.19925830e+00 
 3.53039912e-09  0.00000000e+00  1.19925830e+00 
 3.54039912e-09  0.00000000e+00  1.19925830e+00 
 3.55039912e-09  0.00000000e+00  1.19925830e+00 
 3.56039912e-09  0.00000000e+00  1.19925830e+00 
 3.57039912e-09  0.00000000e+00  1.19925830e+00 
 3.58039912e-09  0.00000000e+00  1.19925830e+00 
 3.59039912e-09  0.00000000e+00  1.19925830e+00 
 3.60039912e-09  0.00000000e+00  1.19925830e+00 
 3.61039912e-09  0.00000000e+00  1.19925830e+00 
 3.62039912e-09  0.00000000e+00  1.19925830e+00 
 3.63039912e-09  0.00000000e+00  1.19925830e+00 
 3.64039912e-09  0.00000000e+00  1.19925830e+00 
 3.65039912e-09  0.00000000e+00  1.19925830e+00 
 3.66039912e-09  0.00000000e+00  1.19925830e+00 
 3.67039912e-09  0.00000000e+00  1.19925830e+00 
 3.68039912e-09  0.00000000e+00  1.19925830e+00 
 3.69039912e-09  0.00000000e+00  1.19925830e+00 
 3.70039912e-09  0.00000000e+00  1.19925830e+00 
 3.71039912e-09  0.00000000e+00  1.19925830e+00 
 3.72039912e-09  0.00000000e+00  1.19925830e+00 
 3.73039912e-09  0.00000000e+00  1.19925830e+00 
 3.74039912e-09  0.00000000e+00  1.19925830e+00 
 3.75039912e-09  0.00000000e+00  1.19925830e+00 
 3.76039912e-09  0.00000000e+00  1.19925830e+00 
 3.77039912e-09  0.00000000e+00  1.19925830e+00 
 3.78039912e-09  0.00000000e+00  1.19925830e+00 
 3.79039912e-09  0.00000000e+00  1.19925830e+00 
 3.80000000e-09  9.92616735e-15  1.19925830e+00 
 3.80000119e-09  1.42262498e-05  1.19925830e+00 
 3.80000356e-09  4.26787494e-05  1.19925832e+00 
 3.80000830e-09  9.95837486e-05  1.19925840e+00 
 3.80001778e-09  2.13393747e-04  1.19925874e+00 
 3.80003675e-09  4.41013744e-04  1.19926017e+00 
 3.80007469e-09  8.96253737e-04  1.19926579e+00 
 3.80013928e-09  1.67134437e-03  1.19928311e+00 
 3.80021000e-09  2.52001506e-03  1.19931206e+00 
 3.80028622e-09  3.43465650e-03  1.19935337e+00 
 3.80036461e-09  4.37536042e-03  1.19940533e+00 
 3.80045221e-09  5.42649600e-03  1.19947323e+00 
 3.80054605e-09  6.55260914e-03  1.19955602e+00 
 3.80065197e-09  7.82364003e-03  1.19966031e+00 
 3.80076767e-09  9.21202722e-03  1.19978569e+00 
 3.80090024e-09  1.08029083e-02  1.19994217e+00 
 3.80094674e-09  1.13609068e-02  1.20000003e+00 
 3.80097530e-09  1.17035961e-02  1.20004198e+00 
 3.80099779e-09  1.19734665e-02  1.20007541e+00 
 3.80102375e-09  1.22850027e-02  1.20011443e+00 
 3.80107567e-09  1.29080752e-02  1.20019376e+00 
 3.80117952e-09  1.41542202e-02  1.20035740e+00 
 3.80138721e-09  1.66465102e-02  1.20070248e+00 
 3.80165028e-09  1.98033948e-02  1.20116896e+00 
 3.80191711e-09  2.30053262e-02  1.20166971e+00 
 3.80220319e-09  2.64383224e-02  1.20223115e+00 
 3.80250058e-09  3.00069701e-02  1.20283580e+00 
 3.80282334e-09  3.38801034e-02  1.20351014e+00 
 3.80315993e-09  3.79191491e-02  1.20422751e+00 
 3.80352330e-09  4.22796228e-02  1.20501211e+00 
 3.80390560e-09  4.68671796e-02  1.20584314e+00 
 3.80432060e-09  5.18471545e-02  1.20674589e+00 
 3.80476336e-09  5.71603692e-02  1.20770420e+00 
 3.80524930e-09  6.29916350e-02  1.20874470e+00 
 3.80577791e-09  6.93348807e-02  1.20985802e+00 
 3.80637011e-09  7.64413741e-02  1.21107737e+00 
 3.80703611e-09  8.44332677e-02  1.21240893e+00 
 3.80781792e-09  9.38150570e-02  1.21391457e+00 
 3.80877749e-09  1.05329915e-01  1.21567522e+00 
 3.80984036e-09  1.18084292e-01  1.21751380e+00 
 3.81111760e-09  1.33411249e-01  1.21957423e+00 
 3.81221938e-09  1.46632599e-01  1.22122814e+00 
 3.81321346e-09  1.58561540e-01  1.22262921e+00 
 3.81422102e-09  1.70652190e-01  1.22396751e+00 
 3.81531975e-09  1.83836972e-01  1.22534022e+00 
 3.81639291e-09  1.96714902e-01  1.22659999e+00 
 3.81756243e-09  2.10749209e-01  1.22788840e+00 
 3.81875073e-09  2.25008751e-01  1.22911363e+00 
 3.82000928e-09  2.40111364e-01  1.23032522e+00 
 3.82136101e-09  2.56332154e-01  1.23153103e+00 
 3.82222783e-09  2.66733928e-01  1.23225506e+00 
 3.82323580e-09  2.78829637e-01  1.23304818e+00 
 3.82395225e-09  2.87426993e-01  1.23357914e+00 
 3.82447876e-09  2.93745164e-01  1.23395291e+00 
 3.82518819e-09  3.02258320e-01  1.23443317e+00 
 3.82578190e-09  3.09382780e-01  1.23481393e+00 
 3.82643196e-09  3.17183572e-01  1.23520829e+00 
 3.82711810e-09  3.25417249e-01  1.23559718e+00 
 3.82772204e-09  3.32664465e-01  1.23591583e+00 
 3.82834094e-09  3.40091274e-01  1.23621742e+00 
 3.82895884e-09  3.47506028e-01  1.23649162e+00 
 3.82942148e-09  3.53057734e-01  1.23667943e+00 
 3.83001319e-09  3.60158312e-01  1.23689599e+00 
 3.83088504e-09  3.70620466e-01  1.23716368e+00 
 3.83183378e-09  3.82005413e-01  1.23737872e+00 
 3.83272607e-09  3.92712893e-01  1.23750130e+00 
 3.83355367e-09  4.02644069e-01  1.23753960e+00 
 3.83418327e-09  4.10199257e-01  1.23751608e+00 
 3.83473649e-09  4.16837923e-01  1.23745479e+00 
 3.83527403e-09  4.23288352e-01  1.23735592e+00 
 3.83592744e-09  4.31129337e-01  1.23718011e+00 
 3.83676102e-09  4.41132227e-01  1.23686206e+00 
 3.83760286e-09  4.51234307e-01  1.23642684e+00 
 3.83841165e-09  4.60939809e-01  1.23589251e+00 
 3.83919093e-09  4.70291207e-01  1.23526273e+00 
 3.84000221e-09  4.80026505e-01  1.23447991e+00 
 3.84080469e-09  4.89656248e-01  1.23357100e+00 
 3.84163550e-09  4.99626038e-01  1.23248165e+00 
 3.84246199e-09  5.09543822e-01  1.23124122e+00 
 3.84331693e-09  5.19803156e-01  1.22978621e+00 
 3.84417266e-09  5.30071950e-01  1.22814769e+00 
 3.84505527e-09  5.40663274e-01  1.22625930e+00 
 3.84594002e-09  5.51280205e-01  1.22415669e+00 
 3.84684631e-09  5.62155749e-01  1.22177742e+00 
 3.84775097e-09  5.73011629e-01  1.21917212e+00 
 3.84825655e-09  5.79078642e-01  1.21761063e+00 
 3.84915951e-09  5.89914091e-01  1.21462792e+00 
 3.85003783e-09  6.00454018e-01  1.21148653e+00 
 3.85046785e-09  6.05614186e-01  1.20985507e+00 
 3.85118921e-09  6.14270460e-01  1.20697584e+00 
 3.85204464e-09  6.24535662e-01  1.20333148e+00 
 3.85213496e-09  6.25619527e-01  1.20293186e+00 
 3.85231560e-09  6.27787258e-01  1.20212393e+00 
 3.85267689e-09  6.32122720e-01  1.20047273e+00 
 3.85271780e-09  6.32613600e-01  1.20028280e+00 
 3.85276422e-09  6.33170667e-01  1.20006651e+00 
 3.85277986e-09  6.33358350e-01  1.19999420e+00 
 3.85279115e-09  6.33493786e-01  1.19994738e+00 
 3.85279963e-09  6.33595607e-01  1.19991213e+00 
 3.85280937e-09  6.33712444e-01  1.19987166e+00 
 3.85282884e-09  6.33946118e-01  1.19979058e+00 
 3.85286779e-09  6.34413466e-01  1.19962790e+00 
 3.85294568e-09  6.35348161e-01  1.19930048e+00 
 3.85310146e-09  6.37217553e-01  1.19863751e+00 
 3.85341303e-09  6.40956335e-01  1.19727939e+00 
 3.85392058e-09  6.47047001e-01  1.19497551e+00 
 3.85445195e-09  6.53423417e-01  1.19244155e+00 
 3.85502576e-09  6.60309114e-01  1.18956283e+00 
 3.85564713e-09  6.67765606e-01  1.18627285e+00 
 3.85621472e-09  6.74576604e-01  1.18310371e+00 
 3.85676697e-09  6.81203625e-01  1.17986255e+00 
 3.85728762e-09  6.87451456e-01  1.17665682e+00 
 3.85779702e-09  6.93564290e-01  1.17337163e+00 
 3.85829550e-09  6.99546035e-01  1.17000674e+00 
 3.85879685e-09  7.05562224e-01  1.16646483e+00 
 3.85931173e-09  7.11740733e-01  1.16265489e+00 
 3.85983243e-09  7.17989109e-01  1.15861670e+00 
 3.86038701e-09  7.24644156e-01  1.15410398e+00 
 3.86099519e-09  7.31942264e-01  1.14889801e+00 
 3.86154105e-09  7.38492593e-01  1.14399468e+00 
 3.86200251e-09  7.44030168e-01  1.13967876e+00 
 3.86239110e-09  7.48693251e-01  1.13592262e+00 
 3.86275474e-09  7.53056923e-01  1.13230466e+00 
 3.86318224e-09  7.58186926e-01  1.12792319e+00 
 3.86372225e-09  7.64667034e-01  1.12219336e+00 
 3.86423907e-09  7.70868823e-01  1.11650511e+00 
 3.86481865e-09  7.77823768e-01  1.10988701e+00 
 3.86541754e-09  7.85010432e-01  1.10278177e+00 
 3.86607452e-09  7.92894215e-01  1.09467429e+00 
 3.86678076e-09  8.01369177e-01  1.08559262e+00 
 3.86755495e-09  8.10659406e-01  1.07520094e+00 
 3.86839634e-09  8.20756074e-01  1.06338998e+00 
 3.86915392e-09  8.29847083e-01  1.05229519e+00 
 3.86985170e-09  8.38220391e-01  1.04169148e+00 
 3.87051901e-09  8.46228104e-01  1.03120696e+00 
 3.87122336e-09  8.54680317e-01  1.01977813e+00 
 3.87195184e-09  8.63422041e-01  1.00756977e+00 
 3.87272978e-09  8.72757414e-01  9.94101782e-01 
 3.87340012e-09  8.80801497e-01  9.82144798e-01 
 3.87401851e-09  8.88222166e-01  9.70829915e-01 
 3.87462833e-09  8.95539929e-01  9.59407722e-01 
 3.87529024e-09  9.03482871e-01  9.46715942e-01 
 3.87595373e-09  9.11444808e-01  9.33690370e-01 
 3.87669592e-09  9.20350994e-01  9.18764184e-01 
 3.87743073e-09  9.29168743e-01  9.03619368e-01 
 3.87822537e-09  9.38704464e-01  8.86834247e-01 
 3.87907513e-09  9.48901573e-01  8.68420625e-01 
 3.88003464e-09  9.60415698e-01  8.47057359e-01 
 3.88111847e-09  9.73421658e-01  8.22205971e-01 
 3.88229645e-09  9.87557449e-01  7.94344039e-01 
 3.88341763e-09  1.00101158e+00  7.67020389e-01 
 3.88454900e-09  1.01458798e+00  7.38676545e-01 
 3.88563952e-09  1.02767427e+00  7.10648876e-01 
 3.88673280e-09  1.04079356e+00  6.81885652e-01 
 3.88779635e-09  1.05355617e+00  6.53301045e-01 
 3.88884933e-09  1.06619197e+00  6.24455656e-01 
 3.88986638e-09  1.07839652e+00  5.96126590e-01 
 3.89085444e-09  1.09025322e+00  5.68217718e-01 
 3.89169299e-09  1.10031584e+00  5.44279251e-01 
 3.89240400e-09  1.10884801e+00  5.23837776e-01 
 3.89304077e-09  1.11648930e+00  5.05449797e-01 
 3.89362720e-09  1.12352644e+00  4.88475732e-01 
 3.89417721e-09  1.13012656e+00  4.72547092e-01 
 3.89470146e-09  1.13641754e+00  4.57382079e-01 
 3.89520787e-09  1.14249450e+00  4.42774368e-01 
 3.89570309e-09  1.14843713e+00  4.28554275e-01 
 3.89619301e-09  1.15431615e+00  4.14575458e-01 
 3.89672000e-09  1.16064005e+00  3.99669395e-01 
 3.89721054e-09  1.16652642e+00  3.85945753e-01 
 3.89772088e-09  1.17265050e+00  3.71855101e-01 
 3.89819510e-09  1.17834116e+00  3.58961183e-01 
 3.89867657e-09  1.18411881e+00  3.46095029e-01 
 3.89913921e-09  1.18967054e+00  3.33970104e-01 
 3.89960998e-09  1.19531976e+00  3.21895372e-01 
 3.90000000e-09  1.20000000e+00  3.12107715e-01 
 3.90000835e-09  1.20000000e+00  3.11900227e-01 
 3.90002505e-09  1.20000000e+00  3.11485022e-01 
 3.90005845e-09  1.20000000e+00  3.10653262e-01 
 3.90011465e-09  1.20000000e+00  3.09250827e-01 
 3.90022705e-09  1.20000000e+00  3.06438319e-01 
 3.90035229e-09  1.20000000e+00  3.03296803e-01 
 3.90048972e-09  1.20000000e+00  2.99847186e-01 
 3.90062706e-09  1.20000000e+00  2.96404470e-01 
 3.90077415e-09  1.20000000e+00  2.92728196e-01 
 3.90092388e-09  1.20000000e+00  2.89002963e-01 
 3.90108439e-09  1.20000000e+00  2.85033347e-01 
 3.90124926e-09  1.20000000e+00  2.80986381e-01 
 3.90142557e-09  1.20000000e+00  2.76696063e-01 
 3.90160807e-09  1.20000000e+00  2.72299526e-01 
 3.90180324e-09  1.20000000e+00  2.67651154e-01 
 3.90200683e-09  1.20000000e+00  2.62863008e-01 
 3.90222489e-09  1.20000000e+00  2.57806036e-01 
 3.90245418e-09  1.20000000e+00  2.52570331e-01 
 3.90270056e-09  1.20000000e+00  2.47039007e-01 
 3.90296178e-09  1.20000000e+00  2.41282496e-01 
 3.90324384e-09  1.20000000e+00  2.35192349e-01 
 3.90354556e-09  1.20000000e+00  2.28821530e-01 
 3.90387337e-09  1.20000000e+00  2.22067672e-01 
 3.90422729e-09  1.20000000e+00  2.14969872e-01 
 3.90461442e-09  1.20000000e+00  2.07433571e-01 
 3.90503590e-09  1.20000000e+00  1.99493577e-01 
 3.90549925e-09  1.20000000e+00  1.91076224e-01 
 3.90600579e-09  1.20000000e+00  1.82237558e-01 
 3.90654705e-09  1.20000000e+00  1.73198848e-01 
 3.90713393e-09  1.20000000e+00  1.63855369e-01 
 3.90774085e-09  1.20000000e+00  1.54673542e-01 
 3.90833357e-09  1.20000000e+00  1.46159070e-01 
 3.90893201e-09  1.20000000e+00  1.37996880e-01 
 3.90952491e-09  1.20000000e+00  1.30322599e-01 
 3.91012506e-09  1.20000000e+00  1.22954359e-01 
 3.91072329e-09  1.20000000e+00  1.15992618e-01 
 3.91132820e-09  1.20000000e+00  1.09324529e-01 
 3.91193307e-09  1.20000000e+00  1.03013308e-01 
 3.91254430e-09  1.20000000e+00  9.69811130e-02 
 3.91315694e-09  1.20000000e+00  9.12668473e-02 
 3.91377387e-09  1.20000000e+00  8.58321251e-02 
 3.91438304e-09  1.20000000e+00  8.07652702e-02 
 3.91499696e-09  1.20000000e+00  7.59450267e-02 
 3.91560818e-09  1.20000000e+00  7.14169903e-02 
 3.91622770e-09  1.20000000e+00  6.70895302e-02 
 3.91684805e-09  1.20000000e+00  6.30068499e-02 
 3.91747846e-09  1.20000000e+00  5.91014098e-02 
 3.91811229e-09  1.20000000e+00  5.54088190e-02 
 3.91875746e-09  1.20000000e+00  5.18778624e-02 
 3.91940833e-09  1.20000000e+00  4.85355256e-02 
 3.92007169e-09  1.20000000e+00  4.53430175e-02 
 3.92074283e-09  1.20000000e+00  4.23199849e-02 
 3.92142762e-09  1.20000000e+00  3.94370316e-02 
 3.92212220e-09  1.20000000e+00  3.67078898e-02 
 3.92283166e-09  1.20000000e+00  3.41102193e-02 
 3.92355296e-09  1.20000000e+00  3.16531638e-02 
 3.92429051e-09  1.20000000e+00  2.93196431e-02 
 3.92504201e-09  1.20000000e+00  2.71153338e-02 
 3.92581137e-09  1.20000000e+00  2.50270462e-02 
 3.92659692e-09  1.20000000e+00  2.30578901e-02 
 3.92740220e-09  1.20000000e+00  2.11975336e-02 
 3.92822612e-09  1.20000000e+00  1.94472181e-02 
 3.92907195e-09  1.20000000e+00  1.77986981e-02 
 3.92993917e-09  1.20000000e+00  1.62518766e-02 
 3.93083089e-09  1.20000000e+00  1.48000232e-02 
 3.93174711e-09  1.20000000e+00  1.34417196e-02 
 3.93267616e-09  1.20000000e+00  1.21903616e-02 
 3.93366169e-09  1.20000000e+00  1.09891973e-02 
 3.93467474e-09  1.20000000e+00  9.87713481e-03 
 3.93570589e-09  1.20000000e+00  8.86029393e-03 
 3.93677673e-09  1.20000000e+00  7.91465578e-03 
 3.93787804e-09  1.20000000e+00  7.04711345e-03 
 3.93902514e-09  1.20000000e+00  6.24437445e-03 
 3.94020976e-09  1.20000000e+00  5.51128727e-03 
 3.94144543e-09  1.20000000e+00  4.83829451e-03 
 3.94272689e-09  1.20000000e+00  4.22728267e-03 
 3.94406698e-09  1.20000000e+00  3.67102549e-03 
 3.94546305e-09  1.20000000e+00  3.16966945e-03 
 3.94692780e-09  1.20000000e+00  2.71760675e-03 
 3.94846123e-09  1.20000000e+00  2.31389074e-03 
 3.95007675e-09  1.20000000e+00  1.95398214e-03 
 3.95177738e-09  1.20000000e+00  1.63625296e-03 
 3.95357824e-09  1.20000000e+00  1.35687745e-03 
 3.95548619e-09  1.20000000e+00  1.11382001e-03 
 3.95751951e-09  1.20000000e+00  9.03737496e-04 
 3.95969040e-09  1.20000000e+00  7.24368089e-04 
 3.96202263e-09  1.20000000e+00  5.72704145e-04 
 3.96453651e-09  1.20000000e+00  4.46381090e-04 
 3.96726536e-09  1.20000000e+00  3.42638746e-04 
 3.97024290e-09  1.20000000e+00  2.59098995e-04 
 3.97351979e-09  1.20000000e+00  1.93205418e-04 
 3.97715403e-09  1.20000000e+00  1.42639617e-04 
 3.98123010e-09  1.20000000e+00  1.05043059e-04 
 3.98585508e-09  1.20000000e+00  7.82310571e-05 
 3.99118683e-09  1.20000000e+00  6.00767347e-05 
 3.99744644e-09  1.20000000e+00  4.86232539e-05 
 4.00000000e-09  1.20000000e+00  4.58796893e-05 
