Gnucap : The Gnu Circuit Analysis Package.
Copyright 1982-2025, Albert Davis
          2020-2025, Felix Salfelder
The development of Gnucap is funded by NLnet with support from the EC.
Gnucap comes with ABSOLUTELY NO WARRANTY. This is free software,
and you are welcome to redistribute it under the terms of the GNU
General Public License version 3 or later. See "COPYING" for details.
main version: modelgen 2025.12.18
core-lib version: modelgen 2025.12.18
default plugins: modelgen 2025.12.18
param: already installed, replacing
stashing as param:0
parameters: already installed, replacing
stashing as parameters:0
parameter: already installed, replacing
stashing as parameter:0
logic: already installed, replacing
stashing as logic:0
spice: already installed, replacing
stashing as spice:0
acs: already installed, replacing
stashing as acs:0
;: already installed, replacing
stashing as ;:0
#: already installed, replacing
stashing as #:0
*: already installed, replacing
stashing as *:0
': already installed, replacing
stashing as ':0
": already installed, replacing
stashing as ":0
dev_comment: already installed, replacing
stashing as dev_comment:0
.model: already installed, replacing
stashing as .model:0
.subckt: already installed, replacing
stashing as .subckt:0
.macro: already installed, replacing
stashing as .macro:0
.lib: already installed, replacing
stashing as .lib:0
lib: already installed, replacing
stashing as lib:0
.include: already installed, replacing
stashing as .include:0
.merge: already installed, replacing
stashing as .merge:0
merge: already installed, replacing
stashing as merge:0
<: already installed, replacing
stashing as <:0
.get: already installed, replacing
stashing as .get:0
get: already installed, replacing
stashing as get:0
.build: already installed, replacing
stashing as .build:0
build: already installed, replacing
stashing as build:0
spice: already installed, replacing
stashing as spice:0
`spice: already installed, replacing
stashing as `spice:0
acs: already installed, replacing
stashing as acs:0
.endc: already installed, replacing
stashing as .endc:0
.control: already installed, replacing
stashing as .control:0
verilog: already installed, replacing
stashing as verilog:0
paramset: already installed, replacing
stashing as paramset:0
module: already installed, replacing
stashing as module:0
macromodule: already installed, replacing
stashing as macromodule:0
verilog: already installed, replacing
stashing as verilog:0
quit: already installed, replacing
stashing as quit:0
exit: already installed, replacing
stashing as exit:0
detach_all: already installed, replacing
stashing as detach_all:0
resistor: already installed, replacing
stashing as resistor:0
resistor: already installed, replacing
stashing as resistor:1
#            
 0.          
#Freq         npwr(n_probe)
 1.           12.876E-18  
 1.122018     12.876E-18  
 1.258925     12.876E-18  
 1.412538     12.876E-18  
 1.584893     12.876E-18  
 1.778279     12.876E-18  
 1.995262     12.876E-18  
 2.238721     12.876E-18  
 2.511886     12.876E-18  
 2.818383     12.876E-18  
 3.162278     12.876E-18  
 3.548134     12.876E-18  
 3.981072     12.876E-18  
 4.466836     12.876E-18  
 5.011872     12.876E-18  
 5.623413     12.876E-18  
 6.309573     12.876E-18  
 7.079458     12.876E-18  
 7.943282     12.876E-18  
 8.912509     12.876E-18  
 10.          12.876E-18  
 11.22018     12.876E-18  
 12.58925     12.876E-18  
 14.12538     12.876E-18  
 15.84893     12.876E-18  
 17.78279     12.876E-18  
 19.95262     12.876E-18  
 22.38721     12.876E-18  
 25.11886     12.876E-18  
 28.18383     12.876E-18  
 31.62278     12.876E-18  
 35.48134     12.876E-18  
 39.81072     12.876E-18  
 44.66836     12.876E-18  
 50.11872     12.876E-18  
 56.23413     12.876E-18  
 63.09573     12.876E-18  
 70.79458     12.876E-18  
 79.43282     12.876E-18  
 89.12509     12.876E-18  
 100.         12.876E-18  
 112.2018     12.876E-18  
 125.8925     12.876E-18  
 141.2538     12.876E-18  
 158.4893     12.876E-18  
 177.8279     12.876E-18  
 199.5262     12.876E-18  
 223.8721     12.876E-18  
 251.1886     12.876E-18  
 281.8383     12.876E-18  
 316.2278     12.876E-18  
 354.8134     12.876E-18  
 398.1072     12.876E-18  
 446.6836     12.876E-18  
 501.1872     12.876E-18  
 562.3413     12.876E-18  
 630.9573     12.876E-18  
 707.9458     12.876E-18  
 794.3282     12.876E-18  
 891.2509     12.876E-18  
 1.E+3        12.876E-18  
 1.122018E+3  12.876E-18  
 1.258925E+3  12.876E-18  
 1.412538E+3  12.876E-18  
 1.584893E+3  12.876E-18  
 1.778279E+3  12.876E-18  
 1.995262E+3  12.876E-18  
 2.238721E+3  12.876E-18  
 2.511886E+3  12.876E-18  
 2.818383E+3  12.876E-18  
 3.162278E+3  12.876E-18  
 3.548134E+3  12.876E-18  
 3.981072E+3  12.876E-18  
 4.466836E+3  12.876E-18  
 5.011872E+3  12.876E-18  
 5.623413E+3  12.876E-18  
 6.309573E+3  12.876E-18  
 7.079458E+3  12.876E-18  
 7.943282E+3  12.876E-18  
 8.912509E+3  12.876E-18  
 10.E+3       12.876E-18  
 11.22018E+3  12.876E-18  
 12.58925E+3  12.876E-18  
 14.12538E+3  12.876E-18  
 15.84893E+3  12.876E-18  
 17.78279E+3  12.876E-18  
 19.95262E+3  12.876E-18  
 22.38721E+3  12.876E-18  
 25.11886E+3  12.876E-18  
 28.18383E+3  12.876E-18  
 31.62278E+3  12.876E-18  
 35.48134E+3  12.876E-18  
 39.81072E+3  12.876E-18  
 44.66836E+3  12.876E-18  
 50.11872E+3  12.876E-18  
 56.23413E+3  12.876E-18  
 63.09573E+3  12.876E-18  
 70.79458E+3  12.876E-18  
 79.43282E+3  12.876E-18  
 89.12509E+3  12.876E-18  
 100.E+3      12.876E-18  
 112.2018E+3  12.876E-18  
 125.8925E+3  12.876E-18  
 141.2538E+3  12.876E-18  
 158.4893E+3  12.876E-18  
 177.8279E+3  12.876E-18  
 199.5262E+3  12.876E-18  
 223.8721E+3  12.876E-18  
 251.1886E+3  12.876E-18  
 281.8383E+3  12.876E-18  
 316.2278E+3  12.876E-18  
 354.8134E+3  12.876E-18  
 398.1072E+3  12.876E-18  
 446.6836E+3  12.876E-18  
 501.1872E+3  12.876E-18  
 562.3413E+3  12.876E-18  
 630.9573E+3  12.876E-18  
 707.9458E+3  12.876E-18  
 794.3282E+3  12.876E-18  
 891.2509E+3  12.876E-18  
 1.E+6        12.876E-18  
