Gnucap : The Gnu Circuit Analysis Package.
Copyright 1982-2025, Albert Davis
          2020-2025, Felix Salfelder
The development of Gnucap is funded by NLnet with support from the EC.
Gnucap comes with ABSOLUTELY NO WARRANTY. This is free software,
and you are welcome to redistribute it under the terms of the GNU
General Public License version 3 or later. See "COPYING" for details.
main version: modelgen 2025.12.18
core-lib version: modelgen 2025.12.18
default plugins: modelgen 2025.12.18
param: already installed, replacing
stashing as param:0
parameters: already installed, replacing
stashing as parameters:0
parameter: already installed, replacing
stashing as parameter:0
logic: already installed, replacing
stashing as logic:0
spice: already installed, replacing
stashing as spice:0
acs: already installed, replacing
stashing as acs:0
;: already installed, replacing
stashing as ;:0
#: already installed, replacing
stashing as #:0
*: already installed, replacing
stashing as *:0
': already installed, replacing
stashing as ':0
": already installed, replacing
stashing as ":0
dev_comment: already installed, replacing
stashing as dev_comment:0
.model: already installed, replacing
stashing as .model:0
.subckt: already installed, replacing
stashing as .subckt:0
.macro: already installed, replacing
stashing as .macro:0
.lib: already installed, replacing
stashing as .lib:0
lib: already installed, replacing
stashing as lib:0
.include: already installed, replacing
stashing as .include:0
.merge: already installed, replacing
stashing as .merge:0
merge: already installed, replacing
stashing as merge:0
<: already installed, replacing
stashing as <:0
.get: already installed, replacing
stashing as .get:0
get: already installed, replacing
stashing as get:0
.build: already installed, replacing
stashing as .build:0
build: already installed, replacing
stashing as build:0
spice: already installed, replacing
stashing as spice:0
`spice: already installed, replacing
stashing as `spice:0
acs: already installed, replacing
stashing as acs:0
.endc: already installed, replacing
stashing as .endc:0
.control: already installed, replacing
stashing as .control:0
verilog: already installed, replacing
stashing as verilog:0
paramset: already installed, replacing
stashing as paramset:0
module: already installed, replacing
stashing as module:0
macromodule: already installed, replacing
stashing as macromodule:0
verilog: already installed, replacing
stashing as verilog:0
quit: already installed, replacing
stashing as quit:0
exit: already installed, replacing
stashing as exit:0
detach_all: already installed, replacing
stashing as detach_all:0
paramset NMOS PSP104VA;
  parameter real l=1.0u;
  parameter real w=1.0u;
  parameter integer nf=1;
  parameter real ad=1.0e-12;
  parameter real pd=1.0e-6;
  parameter real as=1.0e-12;
  parameter real ps=1.0e-6;
  parameter real sa=0.0;
  parameter real sb=0.0;
  parameter real sd=0.0;
 .TYPE=1; .L=l; .W=w; .NF=nf; .AD=ad; .PD=pd; .AS=as; .PS=ps; .SA=sa; .SB=sb; .SD=sd;
endparamset

paramset PMOS PSP104VA;
  parameter real l=1.0u;
  parameter real w=1.0u;
  parameter integer nf=1;
  parameter real ad=1.0e-12;
  parameter real pd=1.0e-6;
  parameter real as=1.0e-12;
  parameter real ps=1.0e-6;
  parameter real sa=0.0;
  parameter real sb=0.0;
  parameter real sd=0.0;
 .TYPE=(- 1); .L=l; .W=w; .NF=nf; .AD=ad; .PD=pd; .AS=as; .PS=ps; .SA=sa; .SB=sb; .SD=sd;
endparamset

parameter real L=0.09u; // MOSFET length 
parameter real WN=10.0u; // NMOS width 
parameter real WP=20.0u; // PMOS width 
parameter real VNOM=1.2; // Nominal supply (V) 
module NAND2 (.in1(in1),.in2(in2),.out(out),.vdd(vdd),.gnd(gnd));
  parameter real WN=10u;
  parameter real WP=20u;
  parameter real L=0.09u;
      input in1, in2;
      output out;
      electrical in1, in2, out, vdd, gnd;
      electrical t1;
  PMOS #(.w(WP),.l(L)) MP1 (.d(vdd),.g(in1),.s(out),.b(vdd));
  PMOS #(.w(WP),.l(L)) MP2 (.d(vdd),.g(in2),.s(out),.b(vdd));
  NMOS #(.w(WN),.l(L)) MN1 (.d(t1),.g(in1),.s(out),.b(gnd));
  NMOS #(.w(WN),.l(L)) MN2 (.d(gnd),.g(in2),.s(t1),.b(gnd));
endmodule // NAND2

module NOT (.in(in),.out(out),.vdd(vdd),.gnd(gnd));
  parameter real WN=10u;
  parameter real WP=20u;
  parameter real L=0.09u;
      input in;
      output out;
      electrical in,out,vdd,gnd;
  PMOS #(.w(WP),.l(L)) M1 (.d(out),.g(in),.s(vdd),.b(vdd));
  NMOS #(.w(WN),.l(L)) M2 (.d(out),.g(in),.s(gnd),.b(gnd));
endmodule // NOT

module AND2 (.in1(in1),.in2(in2),.out(out),.vdd(vdd),.gnd(gnd));
  parameter real WN=10u;
  parameter real WP=20u;
  parameter real L=0.09u;
      input in1, in2;
      output out;
      electrical in1, in2, out, vdd, gnd;
  NAND2 #(.WN(WN),.WP(WP),.L(L)) XNAND2 (in1, in2, out1, vdd, gnd);
  NOT #(.WN(WN),.WP(WP),.L(L)) XNOT (out1, out, vdd, gnd);
endmodule // AND2

//TODO: workaround for op convergencen issues
//vmin/vmax are clamped to stabilize initial DC solution
ground gnd;
vsource #(.dc(VNOM)) Vdd (.p(vdd),.n(gnd));
vpulse #(.val0(0.0),.val1(VNOM),.td(0.1n),.rise(0.1n),.fall(0.1n),.width(2.0n),.period(4.0n)) Vin1 (.p(in1),.n(gnd));
vpulse #(.val0(0.0),.val1(VNOM),.td(1.1n),.rise(0.1n),.fall(0.1n),.width(2.0n),.period(4.0n)) Vin2 (.p(in2),.n(gnd));
AND2 #(.WN(WN),.WP(WP),.L(L)) XAND2 (in1, in2, out, vdd, gnd);
capacitor #(.c(10f)) Cload (.p(out),.n(gnd));
#Time       v(in1)     v(in2)     v(out)     iter(0)   
open circuit: internal node 91
 0.         0.         0.         5.1237E-9  318.      
 10.E-12    0.         0.         5.3737E-9  62.       
 20.E-12    0.         0.         5.1231E-9  53.       
 30.E-12    0.         0.         5.1527E-9  74.       
 40.E-12    0.         0.         4.7739E-9  59.       
 50.E-12    0.         0.         5.0636E-9  63.       
 60.E-12    0.         1.E-15     5.3214E-9  61.       
 70.E-12    0.         0.         5.3968E-9  4.        
 80.E-12    0.         0.         5.0072E-9  100.      
 90.E-12    0.         0.         5.223E-9   82.       
 100.E-12   0.         1.E-15     5.3484E-9  56.       
 110.E-12   0.12       3.5815E-9  621.41E-6  26.       
 120.E-12   0.24      -1.5871E-9  89.418E-6  5.        
 130.E-12   0.36       3.5827E-9  214.26E-6  4.        
 140.E-12   0.48      -1.5688E-9  252.06E-6  4.        
 150.E-12   0.6        3.6072E-9  339.9E-6   4.        
 160.E-12   0.72      -1.5463E-9  396.68E-6  4.        
 170.E-12   0.84       3.5965E-9  258.39E-6  4.        
 180.E-12   0.96      -1.5389E-9  22.393E-6  5.        
 190.E-12   1.08       3.7388E-9 -141.36E-6  5.        
 200.E-12   1.2       -1.2449E-9 -232.35E-6  5.        
 210.E-12   1.2        57.79E-12 -0.0015783  18.       
 220.E-12   1.2        75.63E-12 -159.67E-6  9.        
 230.E-12   1.2        235.E-12   48.979E-6  5.        
 240.E-12   1.2        16.79E-12  40.967E-6  5.        
 250.E-12   1.2        186.7E-12  28.422E-6  5.        
 260.E-12   1.2       -17.34E-12  20.102E-6  4.        
 270.E-12   1.2        161.9E-12  14.959E-6  4.        
 280.E-12   1.2       -36.1E-12   11.452E-6  4.        
 290.E-12   1.2        147.3E-12  9.0526E-6  4.        
 300.E-12   1.2       -47.81E-12  7.3068E-6  4.        
 310.E-12   1.2        137.7E-12  6.017E-6   4.        
 320.E-12   1.2       -55.76E-12  5.0313E-6  4.        
 330.E-12   1.2        131.E-12   4.2651E-6  4.        
 340.E-12   1.2       -61.48E-12  3.6578E-6  4.        
 350.E-12   1.2        126.1E-12  3.1695E-6  4.        
 360.E-12   1.2       -65.79E-12  2.7717E-6  4.        
 370.E-12   1.2        122.3E-12  2.4429E-6  4.        
 380.E-12   1.2       -69.14E-12  2.1688E-6  4.        
 390.E-12   1.2        119.3E-12  1.9369E-6  4.        
 400.E-12   1.2       -71.82E-12  1.7405E-6  4.        
 410.E-12   1.2        116.9E-12  1.5714E-6  4.        
 420.E-12   1.2       -74.E-12    1.4265E-6  4.        
 430.E-12   1.2        114.9E-12  1.2998E-6  4.        
 440.E-12   1.2       -75.82E-12  1.189E-6   4.        
 450.E-12   1.2        113.2E-12  1.0914E-6  4.        
 460.E-12   1.2       -77.35E-12  1.006E-6   4.        
 470.E-12   1.2        111.8E-12  929.02E-9  4.        
 480.E-12   1.2       -78.66E-12  861.82E-9  4.        
 490.E-12   1.2        110.6E-12  801.13E-9  4.        
 500.E-12   1.2       -79.79E-12  747.56E-9  4.        
 510.E-12   1.2        109.6E-12  697.73E-9  4.        
 520.E-12   1.2       -80.77E-12  653.48E-9  4.        
 530.E-12   1.2        108.6E-12  612.79E-9  4.        
 540.E-12   1.2       -81.64E-12  575.83E-9  4.        
 550.E-12   1.2        107.8E-12  541.8E-9   4.        
 560.E-12   1.2       -82.41E-12  511.47E-9  4.        
 570.E-12   1.2        107.1E-12  483.16E-9  4.        
 580.E-12   1.2       -83.1E-12   457.2E-9   4.        
 590.E-12   1.2        106.4E-12  433.01E-9  4.        
 600.E-12   1.2       -83.71E-12  411.27E-9  4.        
 610.E-12   1.2        105.9E-12  390.55E-9  4.        
 620.E-12   1.2       -84.27E-12  372.21E-9  4.        
 630.E-12   1.2        105.3E-12  354.25E-9  4.        
 640.E-12   1.2       -84.77E-12  338.71E-9  4.        
 650.E-12   1.2        104.9E-12  322.55E-9  4.        
 660.E-12   1.2       -85.23E-12  308.92E-9  4.        
 670.E-12   1.2        104.4E-12  294.88E-9  4.        
 680.E-12   1.2       -85.65E-12  282.95E-9  4.        
 690.E-12   1.2        104.E-12   270.91E-9  4.        
 700.E-12   1.2       -86.03E-12  260.67E-9  4.        
 710.E-12   1.2        103.6E-12  249.62E-9  5.        
 720.E-12   1.2       -86.39E-12  240.31E-9  4.        
 730.E-12   1.2        103.3E-12  231.09E-9  3.        
 740.E-12   1.2       -86.72E-12  222.79E-9  4.        
 750.E-12   1.2        103.E-12   214.01E-9  4.        
 760.E-12   1.2       -87.02E-12  206.57E-9  4.        
 770.E-12   1.2        102.7E-12  199.05E-9  3.        
 780.E-12   1.2       -87.3E-12   192.64E-9  4.        
 790.E-12   1.2        102.4E-12  186.E-9    4.        
 800.E-12   1.2       -87.57E-12  179.7E-9   4.        
 810.E-12   1.2        102.2E-12  173.4E-9   3.        
 820.E-12   1.2       -87.81E-12  168.57E-9  4.        
 830.E-12   1.2        101.9E-12  162.45E-9  4.        
 840.E-12   1.2       -88.04E-12  157.89E-9  4.        
 850.E-12   1.2        101.7E-12  152.87E-9  4.        
 860.E-12   1.2       -88.26E-12  148.45E-9  4.        
 870.E-12   1.2        101.5E-12  143.63E-9  4.        
 880.E-12   1.2       -88.46E-12  139.68E-9  4.        
 890.E-12   1.2        101.3E-12  135.23E-9  4.        
 900.E-12   1.2       -88.65E-12  131.7E-9   4.        
 910.E-12   1.2        101.1E-12  127.89E-9  4.        
 920.E-12   1.2       -88.83E-12  125.E-9    4.        
 930.E-12   1.2        100.9E-12  121.52E-9  4.        
 940.E-12   1.2       -89.E-12    118.32E-9  4.        
 950.E-12   1.2        100.8E-12  114.76E-9  5.        
 960.E-12   1.2       -89.16E-12  112.62E-9  4.        
 970.E-12   1.2        100.6E-12  109.23E-9  4.        
 980.E-12   1.2       -89.32E-12  107.11E-9  4.        
 990.E-12   1.2        100.5E-12  104.3E-9   5.        
 1.E-9      1.2       -89.46E-12  101.94E-9  4.        
 1.01E-9    1.2        100.3E-12  98.86E-9   4.        
 1.02E-9    1.2       -89.6E-12   97.119E-9  4.        
 1.03E-9    1.2        100.2E-12  94.531E-9  4.        
 1.04E-9    1.2       -89.73E-12  92.678E-9  5.        
 1.05E-9    1.2        100.1E-12  90.296E-9  5.        
 1.06E-9    1.2       -89.85E-12  88.479E-9  4.        
 1.07E-9    1.2        99.94E-12  86.172E-9  4.        
 1.08E-9    1.2       -89.97E-12  84.467E-9  5.        
 1.09E-9    1.2        99.83E-12  82.904E-9  5.        
 1.1E-9     1.2       -90.08E-12  81.673E-9  5.        
 1.11E-9    1.2        0.12       0.0014593  26.       
 1.12E-9    1.2        0.24       523.49E-6  5.        
 1.13E-9    1.2        0.36       691.43E-6  4.        
 1.14E-9    1.2        0.48       0.0010257  4.        
 1.15E-9    1.2        0.6        0.0017253  5.        
 1.16E-9    1.2        0.72       0.0029279  5.        
 1.17E-9    1.2        0.84      -0.0047797  5.        
 1.18E-9    1.2        0.96      -0.023626   5.        
 1.19E-9    1.2        1.08      -0.036074   5.        
 1.2E-9     1.2        1.2       -0.047243   4.        
 1.21E-9    1.2        1.2       -0.06935    16.       
 1.22E-9    1.2        1.2       -0.016912   9.        
 1.23E-9    1.2        1.2        0.20998    9.        
 1.24E-9    1.2        1.2        0.62395    9.        
 1.25E-9    1.2        1.2        1.0497     9.        
 1.26E-9    1.2        1.2        1.174      10.       
 1.27E-9    1.2        1.2        1.1841     9.        
 1.28E-9    1.2        1.2        1.1901     8.        
 1.29E-9    1.2        1.2        1.1939     5.        
 1.3E-9     1.2        1.2        1.1963     5.        
 1.31E-9    1.2        1.2        1.1977     5.        
 1.32E-9    1.2        1.2        1.1986     5.        
 1.33E-9    1.2        1.2        1.1992     4.        
 1.34E-9    1.2        1.2        1.1995     4.        
 1.35E-9    1.2        1.2        1.1997     4.        
 1.36E-9    1.2        1.2        1.1998     4.        
 1.37E-9    1.2        1.2        1.1999     4.        
 1.38E-9    1.2        1.2        1.1999     4.        
 1.39E-9    1.2        1.2        1.2        4.        
 1.4E-9     1.2        1.2        1.2        4.        
 1.41E-9    1.2        1.2        1.2        4.        
 1.42E-9    1.2        1.2        1.2        4.        
 1.43E-9    1.2        1.2        1.2        4.        
 1.44E-9    1.2        1.2        1.2        4.        
 1.45E-9    1.2        1.2        1.2        4.        
 1.46E-9    1.2        1.2        1.2        4.        
 1.47E-9    1.2        1.2        1.2        4.        
 1.48E-9    1.2        1.2        1.2        4.        
 1.49E-9    1.2        1.2        1.2        4.        
 1.5E-9     1.2        1.2        1.2        4.        
 1.51E-9    1.2        1.2        1.2        5.        
 1.52E-9    1.2        1.2        1.2        30.       
 1.53E-9    1.2        1.2        1.2        35.       
 1.54E-9    1.2        1.2        1.2        35.       
 1.55E-9    1.2        1.2        1.2        88.       
 1.56E-9    1.2        1.2        1.2        62.       
 1.57E-9    1.2        1.2        1.2        80.       
 1.58E-9    1.2        1.2        1.2        44.       
 1.59E-9    1.2        1.2        1.2        54.       
 1.6E-9     1.2        1.2        1.2        47.       
 1.61E-9    1.2        1.2        1.2        91.       
 1.62E-9    1.2        1.2        1.2        55.       
 1.63E-9    1.2        1.2        1.2        50.       
 1.64E-9    1.2        1.2        1.2        4.        
 1.65E-9    1.2        1.2        1.2        79.       
 1.66E-9    1.2        1.2        1.2        72.       
 1.67E-9    1.2        1.2        1.2        63.       
 1.68E-9    1.2        1.2        1.2        43.       
 1.69E-9    1.2        1.2        1.2        4.        
 1.7E-9     1.2        1.2        1.2        96.       
 1.71E-9    1.2        1.2        1.2        88.       
 1.72E-9    1.2        1.2        1.2        83.       
 1.73E-9    1.2        1.2        1.2        4.        
 1.74E-9    1.2        1.2        1.2        52.       
 1.75E-9    1.2        1.2        1.2        66.       
 1.76E-9    1.2        1.2        1.2        49.       
 1.77E-9    1.2        1.2        1.2        60.       
 1.78E-9    1.2        1.2        1.2        4.        
 1.79E-9    1.2        1.2        1.2        35.       
 1.8E-9     1.2        1.2        1.2        90.       
 1.81E-9    1.2        1.2        1.2        81.       
 1.82E-9    1.2        1.2        1.2        74.       
 1.83E-9    1.2        1.2        1.2        51.       
 1.84E-9    1.2        1.2        1.2        82.       
 1.85E-9    1.2        1.2        1.2        89.       
 1.86E-9    1.2        1.2        1.2        32.       
 1.87E-9    1.2        1.2        1.2        52.       
 1.88E-9    1.2        1.2        1.2        60.       
 1.89E-9    1.2        1.2        1.2        82.       
 1.9E-9     1.2        1.2        1.2        72.       
 1.91E-9    1.2        1.2        1.2        84.       
 1.92E-9    1.2        1.2        1.2        5.        
 1.93E-9    1.2        1.2        1.2        85.       
 1.94E-9    1.2        1.2        1.2        83.       
 1.95E-9    1.2        1.2        1.2        60.       
 1.96E-9    1.2        1.2        1.2        58.       
 1.97E-9    1.2        1.2        1.2        99.       
 1.98E-9    1.2        1.2        1.2        52.       
 1.99E-9    1.2        1.2        1.2        79.       
 2.E-9      1.2        1.2        1.2        59.       
 2.01E-9    1.2        1.2        1.2        48.       
 2.02E-9    1.2        1.2        1.2        74.       
 2.03E-9    1.2        1.2        1.2        80.       
 2.04E-9    1.2        1.2        1.2        71.       
 2.05E-9    1.2        1.2        1.2        62.       
 2.06E-9    1.2        1.2        1.2        10.       
 2.07E-9    1.2        1.2        1.2        88.       
 2.08E-9    1.2        1.2        1.2        62.       
 2.09E-9    1.2        1.2        1.2        4.        
 2.1E-9     1.2        1.2        1.2        76.       
 2.11E-9    1.2        1.2        1.2        86.       
 2.12E-9    1.2        1.2        1.2        99.       
 2.13E-9    1.2        1.2        1.2        67.       
 2.14E-9    1.2        1.2        1.2        82.       
 2.15E-9    1.2        1.2        1.2        5.        
 2.16E-9    1.2        1.2        1.2        4.        
 2.17E-9    1.2        1.2        1.2        94.       
 2.18E-9    1.2        1.2        1.2        59.       
 2.19E-9    1.2        1.2        1.2        61.       
 2.2E-9     1.2        1.2        1.2        54.       
 2.21E-9    1.08       1.2        1.197      23.       
 2.22E-9    0.96       1.2        1.1981     4.        
 2.23E-9    0.84       1.2        1.1986     5.        
 2.24E-9    0.72       1.2        1.1994     5.        
 2.25E-9    0.6        1.2        1.2028     5.        
 2.26E-9    0.48       1.2        1.2112     5.        
 2.27E-9    0.36       1.2        1.2284     5.        
 2.28E-9    0.24       1.2        1.2655     5.        
 2.29E-9    0.12       1.2        1.2779     6.        
 2.3E-9     26.679E-9  1.2        0.96552    6.        
 2.31E-9    20.017E-9  1.2        0.32492    27.       
 2.32E-9   -14.926E-9  1.2        0.037731   15.       
 2.33E-9    18.524E-9  1.2        0.0061398  14.       
 2.34E-9    18.037E-9  1.2        969.63E-6  10.       
 2.35E-9   -17.937E-9  1.2        71.642E-6  5.        
 2.36E-9    17.944E-9  1.2        5.444E-6   5.        
 2.37E-9   -17.944E-9  1.2        308.46E-9  5.        
 2.38E-9    17.944E-9  1.2        71.457E-9  7.        
 2.39E-9   -17.944E-9  1.2       -15.416E-9  14.       
 2.4E-9     17.944E-9  1.2        19.741E-9  6.        
 2.41E-9   -17.944E-9  1.2       -5.7323E-9  16.       
 2.42E-9    17.944E-9  1.2        14.006E-9  5.        
 2.43E-9   -17.944E-9  1.2       -2.885E-9   7.        
 2.44E-9    17.944E-9  1.2        12.714E-9  16.       
 2.45E-9   -17.944E-9  1.2       -2.7466E-9  16.       
 2.46E-9    17.944E-9  1.2        12.609E-9  5.        
 2.47E-9   -17.944E-9  1.2       -2.1031E-9  13.       
 2.48E-9    17.944E-9  1.2        12.776E-9  12.       
 2.49E-9   -17.943E-9  1.2       -2.2906E-9  5.        
 2.5E-9     17.943E-9  1.2        12.362E-9  16.       
 2.51E-9   -17.943E-9  1.2       -2.6343E-9  14.       
 2.52E-9    17.943E-9  1.2        12.589E-9  14.       
 2.53E-9   -17.943E-9  1.2       -2.2148E-9  8.        
 2.54E-9    17.943E-9  1.2        12.576E-9  15.       
 2.55E-9   -17.943E-9  1.2       -2.5239E-9  8.        
 2.56E-9    17.943E-9  1.2        12.74E-9   5.        
 2.57E-9   -17.943E-9  1.2       -2.2756E-9  4.        
 2.58E-9    17.943E-9  1.2        12.849E-9  5.        
 2.59E-9   -17.943E-9  1.2       -2.1643E-9  4.        
 2.6E-9     17.943E-9  1.2        12.532E-9  15.       
 2.61E-9   -17.943E-9  1.2       -2.7225E-9  10.       
 2.62E-9    17.943E-9  1.2        12.365E-9  10.       
 2.63E-9   -17.943E-9  1.2       -2.257E-9   4.        
 2.64E-9    17.943E-9  1.2        12.629E-9  8.        
 2.65E-9   -17.943E-9  1.2       -2.572E-9   9.        
 2.66E-9    17.943E-9  1.2        12.436E-9  15.       
 2.67E-9   -17.943E-9  1.2       -2.498E-9   9.        
 2.68E-9    17.943E-9  1.2        12.718E-9  6.        
 2.69E-9    17.943E-9  1.2        13.117E-9  34.       
 2.7E-9    -17.943E-9  1.2       -1.9076E-9  5.        
 2.71E-9    17.943E-9  1.2        11.981E-9  10.       
 2.72E-9   -17.943E-9  1.2       -2.9685E-9  8.        
 2.73E-9    17.943E-9  1.2        12.508E-9  8.        
 2.74E-9   -17.943E-9  1.2       -2.1406E-9  5.        
 2.75E-9    17.943E-9  1.2        12.505E-9  15.       
 2.76E-9   -17.943E-9  1.2       -2.559E-9   10.       
 2.77E-9    17.943E-9  1.2        12.561E-9  12.       
 2.78E-9   -17.943E-9  1.2       -2.4162E-9  6.        
 2.79E-9    17.943E-9  1.2        12.522E-9  6.        
 2.8E-9    -17.943E-9  1.2       -2.2716E-9  4.        
 2.81E-9    17.943E-9  1.2        12.599E-9  5.        
 2.82E-9   -17.943E-9  1.2       -2.2678E-9  4.        
 2.83E-9    17.943E-9  1.2        12.638E-9  8.        
 2.84E-9   -17.943E-9  1.2       -2.5785E-9  16.       
 2.85E-9    17.943E-9  1.2        12.622E-9  10.       
 2.86E-9    17.943E-9  1.2        12.782E-9  32.       
 2.87E-9   -17.943E-9  1.2       -2.3221E-9  6.        
 2.88E-9    17.943E-9  1.2        12.767E-9  17.       
 2.89E-9   -17.943E-9  1.2       -2.3266E-9  13.       
 2.9E-9     17.943E-9  1.2        12.322E-9  16.       
 2.91E-9   -17.943E-9  1.2       -2.674E-9   14.       
 2.92E-9    17.943E-9  1.2        12.753E-9  5.        
 2.93E-9   -17.943E-9  1.2       -2.3919E-9  6.        
 2.94E-9    17.943E-9  1.2        12.627E-9  10.       
 2.95E-9   -17.943E-9  1.2       -2.2864E-9  4.        
 2.96E-9    17.943E-9  1.2        12.578E-9  6.        
 2.97E-9   -17.943E-9  1.2       -2.3133E-9  4.        
 2.98E-9    17.943E-9  1.2        12.559E-9  7.        
 2.99E-9   -17.943E-9  1.2       -2.4829E-9  10.       
 3.E-9      17.943E-9  1.2        12.416E-9  16.       
 3.01E-9   -17.943E-9  1.2       -2.5149E-9  4.        
 3.02E-9    17.943E-9  1.2        12.519E-9  5.        
 3.03E-9   -17.943E-9  1.2       -2.1221E-9  12.       
 3.04E-9    17.943E-9  1.2        12.831E-9  8.        
 3.05E-9   -17.943E-9  1.2       -2.3811E-9  10.       
 3.06E-9    17.943E-9  1.2        12.563E-9  10.       
 3.07E-9   -17.943E-9  1.2       -2.1842E-9  7.        
 3.08E-9    17.943E-9  1.2        12.558E-9  10.       
 3.09E-9   -17.943E-9  1.2       -2.365E-9   5.        
 3.1E-9     17.943E-9  1.2        12.653E-9  5.        
 3.11E-9   -17.943E-9  1.2       -2.2593E-9  17.       
 3.12E-9    17.943E-9  1.2        12.441E-9  16.       
 3.13E-9   -17.943E-9  1.2       -2.7804E-9  4.        
 3.14E-9    17.942E-9  1.2        12.556E-9  10.       
 3.15E-9   -17.942E-9  1.2       -1.9105E-9  14.       
 3.16E-9    17.942E-9  1.2        12.966E-9  18.       
 3.17E-9   -17.942E-9  1.2       -2.4397E-9  10.       
 3.18E-9    17.942E-9  1.2        12.349E-9  8.        
 3.19E-9   -17.942E-9  1.2       -2.3743E-9  4.        
 3.2E-9     17.942E-9  1.2        12.588E-9  5.        
 3.21E-9   -20.629E-9  1.08      -0.0011048  19.       
 3.22E-9   -20.544E-9  0.96      -156.77E-6  9.        
 3.23E-9    20.443E-9  0.84      -16.047E-6  5.        
 3.24E-9   -20.562E-9  0.72       58.768E-6  4.        
 3.25E-9    20.405E-9  0.6        271.84E-6  4.        
 3.26E-9   -20.79E-9   0.48       304.65E-6  5.        
 3.27E-9    19.888E-9  0.36       205.52E-6  5.        
 3.28E-9   -21.346E-9  0.24       158.21E-6  5.        
 3.29E-9    19.57E-9   0.12       115.15E-6  5.        
 3.3E-9    -21.441E-9  26.867E-9  90.055E-6  4.        
 3.31E-9   -23.06E-9   25.749E-9  379.71E-6  25.       
 3.32E-9    23.092E-9 -25.721E-9 -57.359E-6  5.        
 3.33E-9   -23.073E-9  25.741E-9  14.913E-6  5.        
 3.34E-9    23.09E-9  -25.723E-9 -6.463E-6   4.        
 3.35E-9   -23.071E-9  25.741E-9  3.6447E-6  4.        
 3.36E-9    23.089E-9 -25.724E-9 -1.9923E-6  4.        
 3.37E-9   -23.071E-9  25.741E-9  1.2652E-6  4.        
 3.38E-9    23.088E-9 -25.724E-9 -636.83E-9  4.        
 3.39E-9   -23.071E-9  25.741E-9  468.58E-9  4.        
 3.4E-9     23.088E-9 -25.724E-9 -178.62E-9  4.        
 3.41E-9   -23.071E-9  25.741E-9  194.4E-9   4.        
 3.42E-9    23.087E-9 -25.725E-9 -25.139E-9  4.        
 3.43E-9   -23.072E-9  25.74E-9   98.857E-9  5.        
 3.44E-9    23.087E-9 -25.725E-9  25.635E-9  4.        
 3.45E-9   -23.072E-9  25.74E-9   63.618E-9  4.        
 3.46E-9    23.087E-9 -25.725E-9  40.7E-9    4.        
 3.47E-9   -23.072E-9  25.74E-9   50.213E-9  4.        
 3.48E-9    23.086E-9 -25.725E-9  44.423E-9  4.        
 3.49E-9   -23.072E-9  25.74E-9   43.768E-9  4.        
 3.5E-9     23.086E-9 -25.726E-9  43.952E-9  4.        
 3.51E-9   -23.073E-9  25.739E-9  40.059E-9  4.        
 3.52E-9    23.086E-9 -25.726E-9  42.295E-9  5.        
 3.53E-9   -23.073E-9  25.739E-9  37.547E-9  4.        
 3.54E-9    23.086E-9 -25.726E-9  40.664E-9  4.        
 3.55E-9   -23.073E-9  25.739E-9  35.177E-9  4.        
 3.56E-9    23.086E-9 -25.726E-9  38.504E-9  4.        
 3.57E-9   -23.073E-9  25.739E-9  33.426E-9  5.        
 3.58E-9    23.085E-9 -25.726E-9  36.852E-9  4.        
 3.59E-9   -23.073E-9  25.738E-9  31.519E-9  4.        
 3.6E-9     23.085E-9 -25.726E-9  35.232E-9  4.        
 3.61E-9   -23.073E-9  25.738E-9  30.048E-9  5.        
 3.62E-9    23.085E-9 -25.727E-9  33.532E-9  4.        
 3.63E-9   -23.073E-9  25.738E-9  28.737E-9  5.        
 3.64E-9    23.085E-9 -25.727E-9  32.538E-9  4.        
 3.65E-9   -23.074E-9  25.738E-9  27.432E-9  5.        
 3.66E-9    23.085E-9 -25.727E-9  31.056E-9  4.        
 3.67E-9   -23.074E-9  25.738E-9  25.957E-9  4.        
 3.68E-9    23.084E-9 -25.727E-9  29.88E-9   4.        
 3.69E-9   -23.074E-9  25.737E-9  24.737E-9  4.        
 3.7E-9     23.084E-9 -25.727E-9  28.759E-9  4.        
 3.71E-9   -23.074E-9  25.737E-9  23.743E-9  4.        
 3.72E-9    23.084E-9 -25.727E-9  27.655E-9  5.        
 3.73E-9   -23.074E-9  25.737E-9  22.817E-9  4.        
 3.74E-9    23.084E-9 -25.727E-9  26.741E-9  4.        
 3.75E-9   -23.074E-9  25.737E-9  22.015E-9  4.        
 3.76E-9    23.084E-9 -25.727E-9  25.873E-9  4.        
 3.77E-9   -23.074E-9  25.737E-9  21.009E-9  4.        
 3.78E-9    23.084E-9 -25.727E-9  24.982E-9  5.        
 3.79E-9   -23.074E-9  25.737E-9  20.456E-9  6.        
 3.8E-9     23.083E-9 -25.727E-9  24.411E-9  5.        
 3.81E-9   -23.074E-9  25.736E-9  19.446E-9  4.        
 3.82E-9    23.083E-9 -25.727E-9  23.687E-9  6.        
 3.83E-9   -23.074E-9  25.736E-9  18.834E-9  5.        
 3.84E-9    23.083E-9 -25.727E-9  22.691E-9  4.        
 3.85E-9   -23.074E-9  25.736E-9  18.088E-9  4.        
 3.86E-9    23.083E-9 -25.727E-9  22.237E-9  4.        
 3.87E-9   -23.074E-9  25.736E-9  17.589E-9  4.        
 3.88E-9    23.083E-9 -25.727E-9  21.526E-9  4.        
 3.89E-9   -23.074E-9  25.736E-9  16.982E-9  5.        
 3.9E-9     23.083E-9 -25.728E-9  21.239E-9  4.        
 3.91E-9   -23.074E-9  25.736E-9  16.298E-9  4.        
 3.92E-9    23.083E-9 -25.728E-9  20.366E-9  4.        
 3.93E-9   -23.075E-9  25.736E-9  15.846E-9  5.        
 3.94E-9    23.083E-9 -25.728E-9  20.216E-9  4.        
 3.95E-9   -23.075E-9  25.736E-9  15.414E-9  4.        
 3.96E-9    23.082E-9 -25.728E-9  19.385E-9  4.        
 3.97E-9   -23.075E-9  25.735E-9  14.85E-9   5.        
 3.98E-9    23.082E-9 -25.728E-9  19.14E-9   4.        
 3.99E-9   -23.075E-9  25.735E-9  14.45E-9   6.        
 4.E-9      23.082E-9 -25.728E-9  18.754E-9  4.        
Gnucap   System status
iterations: op=0, dc=0, tran=7069, fourier=0, total=7628
transient timesteps: accepted=555, rejected=146, total=701
nodes: user=4, subckt=2, model=94, total=100
dctran density=13.4%, ac density=13.4%
