Gnucap : The Gnu Circuit Analysis Package.
Copyright 1982-2025, Albert Davis
          2020-2025, Felix Salfelder
The development of Gnucap is funded by NLnet with support from the EC.
Gnucap comes with ABSOLUTELY NO WARRANTY. This is free software,
and you are welcome to redistribute it under the terms of the GNU
General Public License version 3 or later. See "COPYING" for details.
main version: modelgen 2025.12.18
core-lib version: modelgen 2025.12.18
default plugins: modelgen 2025.12.18
param: already installed, replacing
stashing as param:0
parameters: already installed, replacing
stashing as parameters:0
parameter: already installed, replacing
stashing as parameter:0
logic: already installed, replacing
stashing as logic:0
spice: already installed, replacing
stashing as spice:0
acs: already installed, replacing
stashing as acs:0
;: already installed, replacing
stashing as ;:0
#: already installed, replacing
stashing as #:0
*: already installed, replacing
stashing as *:0
': already installed, replacing
stashing as ':0
": already installed, replacing
stashing as ":0
dev_comment: already installed, replacing
stashing as dev_comment:0
.model: already installed, replacing
stashing as .model:0
.subckt: already installed, replacing
stashing as .subckt:0
.macro: already installed, replacing
stashing as .macro:0
.lib: already installed, replacing
stashing as .lib:0
lib: already installed, replacing
stashing as lib:0
.include: already installed, replacing
stashing as .include:0
.merge: already installed, replacing
stashing as .merge:0
merge: already installed, replacing
stashing as merge:0
<: already installed, replacing
stashing as <:0
.get: already installed, replacing
stashing as .get:0
get: already installed, replacing
stashing as get:0
.build: already installed, replacing
stashing as .build:0
build: already installed, replacing
stashing as build:0
spice: already installed, replacing
stashing as spice:0
`spice: already installed, replacing
stashing as `spice:0
acs: already installed, replacing
stashing as acs:0
.endc: already installed, replacing
stashing as .endc:0
.control: already installed, replacing
stashing as .control:0
verilog: already installed, replacing
stashing as verilog:0
paramset: already installed, replacing
stashing as paramset:0
module: already installed, replacing
stashing as module:0
macromodule: already installed, replacing
stashing as macromodule:0
verilog: already installed, replacing
stashing as verilog:0
quit: already installed, replacing
stashing as quit:0
exit: already installed, replacing
stashing as exit:0
detach_all: already installed, replacing
stashing as detach_all:0
paramset NMOS PSP104VA;
  parameter real l=1.0u;
  parameter real w=1.0u;
  parameter integer nf=1;
  parameter real ad=1.0e-12;
  parameter real pd=1.0e-6;
  parameter real as=1.0e-12;
  parameter real ps=1.0e-6;
  parameter real sa=0.0;
  parameter real sb=0.0;
  parameter real sd=0.0;
 .TYPE=1; .L=l; .W=w; .NF=nf; .AD=ad; .PD=pd; .AS=as; .PS=ps; .SA=sa; .SB=sb; .SD=sd;
endparamset

paramset PMOS PSP104VA;
  parameter real l=1.0u;
  parameter real w=1.0u;
  parameter integer nf=1;
  parameter real ad=1.0e-12;
  parameter real pd=1.0e-6;
  parameter real as=1.0e-12;
  parameter real ps=1.0e-6;
  parameter real sa=0.0;
  parameter real sb=0.0;
  parameter real sd=0.0;
 .TYPE=(- 1); .L=l; .W=w; .NF=nf; .AD=ad; .PD=pd; .AS=as; .PS=ps; .SA=sa; .SB=sb; .SD=sd;
endparamset

parameter real L=0.09u; // MOSFET length 
parameter real WN=10.0u; // NMOS width 
parameter real WP=20.0u; // PMOS width 
parameter real VNOM=1.2; // Nominal supply (V) 
// 1-bit Digital Comparator module
// Not-gate
module NOT (.in(in),.out(out),.vdd(vdd),.gnd(gnd));
  parameter real WN=10u;
  parameter real WP=20u;
  parameter real L=0.09u;
      input in;
      output out;
      electrical in,out,vdd,gnd;
  PMOS #(.w(WP),.l(L)) M1 (.d(out),.g(in),.s(vdd),.b(vdd));
  NMOS #(.w(WN),.l(L)) M2 (.d(out),.g(in),.s(gnd),.b(gnd));
endmodule // NOT

// CMOS AND2 Gate
// CMOS NAND2 Gate
module NAND2 (.in1(in1),.in2(in2),.out(out),.vdd(vdd),.gnd(gnd));
  parameter real WN=10u;
  parameter real WP=20u;
  parameter real L=0.09u;
      input in1, in2;
      output out;
      electrical in1, in2, out, vdd, gnd;
      electrical t1;
  PMOS #(.w(WP),.l(L)) MP1 (.d(vdd),.g(in1),.s(out),.b(vdd));
  PMOS #(.w(WP),.l(L)) MP2 (.d(vdd),.g(in2),.s(out),.b(vdd));
  NMOS #(.w(WN),.l(L)) MN1 (.d(t1),.g(in1),.s(out),.b(gnd));
  NMOS #(.w(WN),.l(L)) MN2 (.d(gnd),.g(in2),.s(t1),.b(gnd));
endmodule // NAND2

// Not-gate
module NOT (.in(in),.out(out),.vdd(vdd),.gnd(gnd));
  parameter real WN=10u;
  parameter real WP=20u;
  parameter real L=0.09u;
      input in;
      output out;
      electrical in,out,vdd,gnd;
  PMOS #(.w(WP),.l(L)) M1 (.d(out),.g(in),.s(vdd),.b(vdd));
  NMOS #(.w(WN),.l(L)) M2 (.d(out),.g(in),.s(gnd),.b(gnd));
endmodule // NOT

module AND2 (.in1(in1),.in2(in2),.out(out),.vdd(vdd),.gnd(gnd));
  parameter real WN=10u;
  parameter real WP=20u;
  parameter real L=0.09u;
      input in1, in2;
      output out;
      electrical in1, in2, out, vdd, gnd;
  NAND2 #(.WN(WN),.WP(WP),.L(L)) XNAND2 (in1, in2, out1, vdd, gnd);
  NOT #(.WN(WN),.WP(WP),.L(L)) XNOT (out1, out, vdd, gnd);
endmodule // AND2

// CMOS OR2 Gate
// CMOS NOR2 Gate
module NOR2 (.in1(in1),.in2(in2),.out(out),.vdd(vdd),.gnd(gnd));
  parameter real WN=10u;
  parameter real WP=20u;
  parameter real L=0.09u;
      input in1, in2;
      output out;
      electrical in1, in2, out, vdd, gnd;
  PMOS #(.w(WP),.l(L)) MP1 (.d(t1),.g(in1),.s(out),.b(vdd));
  PMOS #(.w(WP),.l(L)) MP2 (.d(vdd),.g(in2),.s(t1),.b(vdd));
  NMOS #(.w(WN),.l(L)) MN1 (.d(gnd),.g(in1),.s(out),.b(gnd));
  NMOS #(.w(WN),.l(L)) MN2 (.d(gnd),.g(in2),.s(out),.b(gnd));
endmodule // NOR2

// Not-gate
module NOT (.in(in),.out(out),.vdd(vdd),.gnd(gnd));
  parameter real WN=10u;
  parameter real WP=20u;
  parameter real L=0.09u;
      input in;
      output out;
      electrical in,out,vdd,gnd;
  PMOS #(.w(WP),.l(L)) M1 (.d(out),.g(in),.s(vdd),.b(vdd));
  NMOS #(.w(WN),.l(L)) M2 (.d(out),.g(in),.s(gnd),.b(gnd));
endmodule // NOT

module OR2 (.in1(in1),.in2(in2),.out(out),.vdd(vdd),.gnd(gnd));
  parameter real WN=10u;
  parameter real WP=20u;
  parameter real L=0.09u;
      input  in1, in2, vdd, gnd;
      output out;
      electrical in1, in2, out, vdd, gnd;
  NOR2 #(.WN(WN),.WP(WP),.L(L)) U1 (in1, in2, nor_out, vdd, gnd);
  NOT #(.WN(WN),.WP(WP),.L(L)) U2 (nor_out, out, vdd, gnd);
endmodule // OR2

module comparator (.A(A),.B(B),.A_GT_B(A_GT_B),.A_LT_B(A_LT_B),.A_EQ_B(A_EQ_B),.vdd(vdd),.gnd(gnd));
  parameter real WN=10u;
  parameter real WP=20u;
  parameter real L=0.09u;
  parameter real RSH=1G;
      input A, B, vdd, gnd;
      output A_GT_B, A_LT_B, A_EQ_B;
      electrical A, B, A_GT_B, A_LT_B, A_EQ_B, vdd, gnd;
  //    // Inverters
  NOT #(.L(L),.WN(WN),.WP(WP)) NOT1 (A, Anot, vdd, gnd);
  NOT #(.L(L),.WN(WN),.WP(WP)) NOT2 (B, Bnot, vdd, gnd);
  //    // A > B
  AND2 #(.L(L),.WN(WN),.WP(WP)) X1AND2 (A, Bnot, A_GT_B, vdd, gnd);
  //    // A < B
  AND2 #(.L(L),.WN(WN),.WP(WP)) X2AND2 (Anot, B, A_LT_B, vdd, gnd);
  //    // A = B
  AND2 #(.L(L),.WN(WN),.WP(WP)) X3AND2 (A, B, t1, vdd, gnd);
  AND2 #(.L(L),.WN(WN),.WP(WP)) X4AND2 (Anot, Bnot, t2, vdd, gnd);
  OR2 #(.L(L),.WN(WN),.WP(WP)) XOR2 (t1, t2, A_EQ_B, vdd, gnd);
  resistor #(.r(RSH)) Rsh_Anot (Anot, gnd);
  resistor #(.r(RSH)) Rsh_Bnot (Bnot, gnd);
  resistor #(.r(RSH)) Rsh_t1 (t1, gnd);
  resistor #(.r(RSH)) Rsh_t2 (t2, gnd);
  resistor #(.r(RSH)) RshA (A, gnd);
  resistor #(.r(RSH)) RshB (B, gnd);
  resistor #(.r(RSH)) RshGT (A_GT_B, gnd);
  resistor #(.r(RSH)) RshLT (A_LT_B, gnd);
  resistor #(.r(RSH)) RshEQ (A_EQ_B, gnd);
endmodule // comparator

//TODO: workaround for op convergence issues
//vmin/vmax are clamped to stabilize initial DC solution
ground gnd;
comparator #(.WN(WN),.WP(WP),.L(L)) UCOMP (A, B, A_GT_B, A_LT_B, A_EQ_B, vdd, gnd);
vsource #(.dc(VNOM)) Vdd (.p(vdd),.n(gnd));
vpulse #(.val0(0.0),.val1(VNOM),.td(0.1n),.rise(0.1n),.fall(0.1n),.width(2.0n),.period(4.0n)) Vin1 (.p(A),.n(gnd));
vpulse #(.val0(0.0),.val1(VNOM),.td(1.1n),.rise(0.1n),.fall(0.1n),.width(2.0n),.period(4.0n)) Vin2 (.p(B),.n(gnd));
UCOMP.NOT1 ambiguous overload in NOT
UCOMP.NOT1 ambiguous overload in NOT
UCOMP.NOT2 ambiguous overload in NOT
UCOMP.NOT2 ambiguous overload in NOT
UCOMP.X1AND2.XNOT ambiguous overload in NOT
UCOMP.X1AND2.XNOT ambiguous overload in NOT
UCOMP.X2AND2.XNOT ambiguous overload in NOT
UCOMP.X2AND2.XNOT ambiguous overload in NOT
UCOMP.X3AND2.XNOT ambiguous overload in NOT
UCOMP.X3AND2.XNOT ambiguous overload in NOT
UCOMP.X4AND2.XNOT ambiguous overload in NOT
UCOMP.X4AND2.XNOT ambiguous overload in NOT
UCOMP.XOR2.U2 ambiguous overload in NOT
UCOMP.XOR2.U2 ambiguous overload in NOT
#Time       v(A)       v(B)       v(A_GT_B)  v(A_LT_B)  v(A_EQ_B) 
open circuit: internal node 279
open circuit: internal node 95
open circuit: internal node 371
did not converge
 0.         0.         0.         5.1237E-9  5.1237E-9  1.2       
 10.E-12   -8.813E-12  28.64E-12 -123.83E-9 -2.9923E-6  1.2       
 20.E-12    8.932E-12 -28.28E-12  136.61E-9  2.1526E-6  1.2       
 30.E-12    9.259E-12 -27.88E-12  41.648E-9  241.88E-9  1.2       
 40.E-12    9.332E-12 -27.8E-12   12.642E-9  24.556E-9  1.2       
 50.E-12   -9.351E-12  27.79E-12  4.4604E-9  5.4482E-9  1.2       
 60.E-12   -9.351E-12  27.79E-12  5.02E-9    5.1081E-9  1.2       
 70.E-12    9.351E-12 -27.79E-12  5.125E-9   5.0835E-9  1.2       
 80.E-12   -9.351E-12  27.79E-12  5.0937E-9  5.1982E-9  1.2       
 90.E-12    9.351E-12 -27.78E-12  5.0936E-9  5.0249E-9  1.2       
 100.E-12  -9.351E-12  27.78E-12  5.0201E-9  4.9949E-9  1.2       
 110.E-12   0.12       4.8233E-9  0.0018497 -182.81E-6  1.1999    
 120.E-12   0.24       4.8808E-9  901.65E-6 -93.745E-6  1.2       
 130.E-12   0.36      -2.8417E-9  980.61E-6  1.2055E-6  1.2       
 140.E-12   0.48       4.9107E-9  913.03E-6 -36.333E-6  1.2       
 150.E-12   0.6       -3.0112E-9 -749.16E-6 -311.11E-6  1.2       
 160.E-12   0.72       4.4538E-9 -0.0043515 -709.53E-6  1.2       
 170.E-12   0.84      -3.83E-9   -0.011194  -0.0012376  1.2       
 180.E-12   0.96       3.59E-9   -0.020703  -0.0014976  1.2       
 190.E-12   1.08      -4.419E-9  -0.03184   -0.0014768  1.2       
 200.E-12   1.2        3.3741E-9 -0.046668  -0.0010879  1.2       
 210.E-12   1.2        7.0044E-9 -0.069197   0.0017481  1.2002    
 220.E-12   1.2        7.6982E-9  951.23E-6  0.0018549  1.2001    
 230.E-12   1.2        8.101E-9   0.26894    0.0013306  1.2001    
 240.E-12   1.2        7.6133E-9  0.71981    608.47E-6  1.1996    
 250.E-12   1.2        6.3123E-9  1.1155    -64.606E-6  1.1978    
 260.E-12   1.2        6.8121E-9  1.1744     149.89E-6  1.1978    
 270.E-12   1.2        7.8603E-9  1.1852     421.65E-6  1.1991    
 280.E-12   1.2        7.8586E-9  1.1909     230.04E-6  1.2015    
 290.E-12   1.2        7.2331E-9  1.1944     41.645E-6  1.2126    
 300.E-12   1.2       -7.649E-9   1.1966     126.89E-6  1.2442    
 310.E-12   1.2       -7.7659E-9  1.1979     13.217E-6  1.2731    
 320.E-12   1.2       -7.8779E-9  1.1987     6.4019E-6  1.209     
 330.E-12   1.2       -7.8256E-9  1.1992     10.793E-6  0.81887   
 340.E-12   1.2       -7.6999E-9  1.1995     8.3631E-6  0.28007   
 350.E-12   1.2       -7.8463E-9  1.1997    -4.9937E-6  0.04717   
 360.E-12   1.2       -7.8622E-9  1.1998     6.8715E-6  0.015918  
 370.E-12   1.2       -7.8058E-9  1.1999     2.7744E-6  0.0063473 
 380.E-12   1.2        7.9007E-9  1.1999     108.34E-9  0.0026164 
 390.E-12   1.2       -7.8154E-9  1.2       -603.76E-9  0.0011473 
 400.E-12   1.2        7.882E-9   1.2        48.386E-9  518.81E-6 
 410.E-12   1.2       -7.8278E-9  1.2       -47.715E-9  233.01E-6 
 420.E-12   1.2        7.875E-9   1.2        146.97E-9  107.25E-6 
 430.E-12   1.2       -7.832E-9   1.2        9.0614E-9  47.907E-6 
 440.E-12   1.2        7.8722E-9  1.2        78.434E-9  22.387E-6 
 450.E-12   1.2       -7.8342E-9  1.2        142.9E-12  9.8022E-6 
 460.E-12   1.2        7.8704E-9  1.2        37.706E-9  4.7368E-6 
 470.E-12   1.2       -7.8358E-9  1.2       -4.0499E-9  1.9647E-6 
 480.E-12   1.2        7.869E-9   1.2        21.947E-9  1.0423E-6 
 490.E-12   1.2        7.8685E-9  1.2        16.971E-9  491.79E-9 
 500.E-12   1.2        7.8679E-9  1.2        16.454E-9  239.06E-9 
 510.E-12   1.2        7.8674E-9  1.2        15.804E-9  123.57E-9 
 520.E-12   1.2        7.8671E-9  1.2        16.583E-9  67.828E-9 
 530.E-12   1.2        7.8667E-9  1.2        16.847E-9  43.241E-9 
 540.E-12   1.2       -7.8396E-9  1.2       -6.0905E-9 -1.0902E-9 
 550.E-12   1.2        7.8659E-9  1.2        16.139E-9  25.485E-9 
 560.E-12   1.2        7.8656E-9  1.2        16.381E-9  23.935E-9 
 570.E-12   1.2       -7.8408E-9  1.2       -5.8203E-9 -9.5355E-9 
 580.E-12   1.2        7.8649E-9  1.2        16.516E-9  21.645E-9 
 590.E-12   1.2        7.8646E-9  1.2        16.79E-9   22.136E-9 
 600.E-12   1.2       -7.8419E-9  1.2       -6.15E-9   -10.508E-9 
 610.E-12   1.2       -7.8422E-9  1.2       -6.0045E-9 -10.279E-9 
 620.E-12   1.2       -7.8425E-9  1.2       -5.6497E-9 -10.148E-9 
 630.E-12   1.2       -7.8429E-9  1.2       -6.2655E-9 -10.152E-9 
 640.E-12   1.2       -7.8433E-9  1.2       -6.1243E-9 -10.274E-9 
 650.E-12   1.2       -7.8436E-9  1.2       -6.0646E-9 -11.464E-9 
 660.E-12   1.2        7.8632E-9  1.2        16.173E-9  21.525E-9 
 670.E-12   1.2        7.863E-9   1.2        16.073E-9  22.066E-9 
 680.E-12   1.2        7.8628E-9  1.2        16.043E-9  21.272E-9 
 690.E-12   1.2        7.8627E-9  1.2        16.186E-9  21.088E-9 
 700.E-12   1.2        7.8625E-9  1.2        16.268E-9  21.578E-9 
 710.E-12   1.2       -7.8449E-9  1.2       -6.1382E-9 -10.803E-9 
 720.E-12   1.2        7.8622E-9  1.2        16.736E-9  21.01E-9  
 730.E-12   1.2       -7.8454E-9  1.2       -5.9036E-9 -11.04E-9  
 740.E-12   1.2        7.862E-9   1.2        16.399E-9  20.684E-9 
 750.E-12   1.2       -7.8458E-9  1.2       -5.9691E-9 -11.173E-9 
 760.E-12   1.2       -7.846E-9   1.2       -5.9172E-9 -10.505E-9 
 770.E-12   1.2       -7.8462E-9  1.2       -6.1134E-9 -10.929E-9 
 780.E-12   1.2       -7.8465E-9  1.2       -6.344E-9  -10.843E-9 
 790.E-12   1.2        7.8617E-9  1.2        16.404E-9  20.546E-9 
 800.E-12   1.2       -7.8469E-9  1.2       -5.812E-9  -10.72E-9  
 810.E-12   1.2       -7.847E-9   1.2       -5.6984E-9 -10.56E-9  
 820.E-12   1.2        7.8615E-9  1.2        16.61E-9   21.126E-9 
 830.E-12   1.2       -7.8474E-9  1.2       -5.8698E-9 -10.264E-9 
 840.E-12   1.2       -7.8475E-9  1.2       -5.9548E-9 -10.692E-9 
 850.E-12   1.2       -7.8478E-9  1.2       -6.3399E-9 -10.61E-9  
 860.E-12   1.2       -7.8479E-9  1.2       -5.8429E-9 -10.035E-9 
 870.E-12   1.2        7.8612E-9  1.2        16.448E-9  21.06E-9  
 880.E-12   1.2       -7.8482E-9  1.2       -6.0586E-9 -10.928E-9 
 890.E-12   1.2        7.8611E-9  1.2        16.678E-9  20.865E-9 
 900.E-12   1.2        7.861E-9   1.2        16.072E-9  21.582E-9 
 910.E-12   1.2       -7.8486E-9  1.2       -5.922E-9  -10.932E-9 
 920.E-12   1.2       -7.8487E-9  1.2       -5.7433E-9 -10.419E-9 
 930.E-12   1.2        7.8609E-9  1.2        16.574E-9  20.768E-9 
 940.E-12   1.2        7.8608E-9  1.2        16.368E-9  21.464E-9 
 950.E-12   1.2        7.8608E-9  1.2        16.286E-9  22.17E-9  
 960.E-12   1.2       -7.8492E-9  1.2       -6.0044E-9 -11.1E-9   
 970.E-12   1.2        7.8607E-9  1.2        16.322E-9  21.453E-9 
 980.E-12   1.2       -7.8494E-9  1.2       -6.0329E-9 -11.017E-9 
 990.E-12   1.2       -7.8495E-9  1.2       -6.0575E-9 -11.03E-9  
 1.E-9      1.2        7.8606E-9  1.2        16.715E-9  21.503E-9 
 1.01E-9    1.2        7.8605E-9  1.2        15.935E-9  20.848E-9 
 1.02E-9    1.2        7.8605E-9  1.2        16.208E-9  20.584E-9 
 1.03E-9    1.2        7.8604E-9  1.2        16.479E-9  21.009E-9 
 1.04E-9    1.2        7.8604E-9  1.2        16.245E-9  20.746E-9 
 1.05E-9    1.2       -7.85E-9    1.2       -6.0471E-9 -10.889E-9 
 1.06E-9    1.2        7.8603E-9  1.2        16.163E-9  21.055E-9 
 1.07E-9    1.2        7.8602E-9  1.2        16.703E-9  21.523E-9 
 1.08E-9    1.2        7.8602E-9  1.2        16.398E-9  21.254E-9 
 1.09E-9    1.2        7.8602E-9  1.2        16.262E-9  21.687E-9 
 1.1E-9     1.2       -7.8505E-9  1.2       -6.203E-9  -10.544E-9 
 1.11E-9    1.2        0.12       1.2        297.65E-6 -190.92E-6 
 1.12E-9    1.2        0.24       1.2        68.9E-6   -15.181E-6 
 1.13E-9    1.2        0.36       1.2        134.48E-6  32.82E-6  
 1.14E-9    1.2        0.48       1.2        140.04E-6  18.698E-6 
 1.15E-9    1.2        0.6        1.1998     86.395E-6  22.118E-6 
 1.16E-9    1.2        0.72       1.1994     70.628E-6  37.326E-6 
 1.17E-9    1.2        0.84       1.1988     323.73E-6 -502.79E-6 
 1.18E-9    1.2        0.96       1.1983     512.68E-6 -751.86E-6 
 1.19E-9    1.2        1.08       1.1978    -172.48E-6  52.021E-6 
 1.2E-9     1.2        1.2        1.1976    -77.206E-6  3.1612E-6 
 1.21E-9    1.2        1.2        1.2045    -927.2E-6   262.44E-6 
 1.22E-9    1.2        1.2        1.2204    -188.2E-6   0.003576  
 1.23E-9    1.2        1.2        1.2464    -20.097E-6  0.0076129 
 1.24E-9    1.2        1.2        1.285      7.5595E-6  0.0095836 
 1.25E-9    1.2        1.2        1.137     -16.32E-6   0.0056351 
 1.26E-9    1.2        1.2        0.59422    373.75E-9 -0.016438  
 1.27E-9    1.2        1.2        0.078737   25.104E-6 -0.059788  
 1.28E-9    1.2        1.2        0.012689  -11.216E-6 -0.104     
 1.29E-9    1.2        1.2        0.0022613  198.02E-9 -0.062871  
 1.3E-9     1.2        1.2        521.94E-6 -5.4939E-6  0.38281   
 1.31E-9    1.2        1.2        181.27E-6 -6.8398E-6  1.0395    
 1.32E-9    1.2        1.2        97.357E-6  15.041E-6  1.1706    
 1.33E-9    1.2        1.2        46.942E-6 -10.286E-6  1.1894    
 1.34E-9    1.2        1.2        30.158E-6 -5.445E-6   1.1963    
 1.35E-9    1.2        1.2        23.148E-6  3.0507E-6  1.199     
 1.36E-9    1.2        1.2        14.558E-6 -2.1556E-6  1.1995    
 1.37E-9    1.2        1.2        12.425E-6  1.959E-6   1.2       
 1.38E-9    1.2        1.2        8.2827E-6 -1.6168E-6  1.1999    
 1.39E-9    1.2        1.2        7.655E-6   1.1246E-6  1.2       
 1.4E-9     1.2        1.2        5.4602E-6 -1.0116E-6  1.1999    
 1.41E-9    1.2        1.2        5.2063E-6  719.76E-9  1.2       
 1.42E-9    1.2        1.2        3.9196E-6 -606.09E-9  1.2       
 1.43E-9    1.2        1.2        3.7537E-6  460.65E-9  1.2       
 1.44E-9    1.2        1.2        2.9598E-6 -367.3E-9   1.2       
 1.45E-9    1.2        1.2        2.8193E-6  292.86E-9  1.2       
 1.46E-9    1.2        1.2        2.3155E-6 -225.75E-9  1.2       
 1.47E-9    1.2        1.2        2.1082E-6 -85.462E-9  1.2       
 1.48E-9    1.2        1.2        1.915E-6   81.452E-9  1.2       
 1.49E-9    1.2        1.2        1.7054E-6 -56.57E-9   1.2       
 1.5E-9     1.2        1.2        1.5504E-6  56.694E-9  1.2       
 1.51E-9    1.2        1.2        1.4069E-6 -37.733E-9  1.2       
 1.52E-9    1.2        1.2        1.2766E-6  42.004E-9  1.2       
 1.53E-9    1.2        1.2        1.1804E-6 -25.758E-9  1.2       
 1.54E-9    1.2        1.2        1.0702E-6  33.151E-9  1.2       
 1.55E-9    1.2        1.2        1.0052E-6 -18.872E-9  1.2       
 1.56E-9    1.2        1.2        908.84E-9  27.171E-9  1.2       
 1.57E-9    1.2        1.2        864.85E-9 -14.227E-9  1.2       
 1.58E-9    1.2        1.2        781.19E-9  24.073E-9  1.2       
 1.59E-9    1.2        1.2        725.68E-9  20.333E-9  1.2       
 1.6E-9     1.2        1.2        706.03E-9 -7.2779E-9  1.2       
 1.61E-9    1.2        1.2        632.01E-9  18.334E-9  1.2       
 1.62E-9    1.2        1.2        623.33E-9 -6.8826E-9  1.2       
 1.63E-9    1.2        1.2        555.94E-9  18.232E-9  1.2       
 1.64E-9    1.2        1.2        553.49E-9 -6.9255E-9  1.2       
 1.65E-9    1.2        1.2        492.41E-9  18.315E-9  1.2       
 1.66E-9    1.2        1.2        464.63E-9  17.96E-9   1.2       
 1.67E-9    1.2        1.2        439.03E-9  18.119E-9  1.2       
 1.68E-9    1.2        1.2        446.11E-9 -7.2514E-9  1.2       
 1.69E-9    1.2        1.2        393.27E-9  17.935E-9  1.2       
 1.7E-9     1.2        1.2        403.61E-9 -7.4019E-9  1.2       
 1.71E-9    1.2        1.2        354.5E-9   17.993E-9  1.2       
 1.72E-9    1.2        1.2        337.69E-9  18.26E-9   1.2       
 1.73E-9    1.2        1.2        321.57E-9  18.647E-9  1.2       
 1.74E-9    1.2        1.2        306.12E-9  18.622E-9  1.2       
 1.75E-9    1.2        1.2        291.85E-9  18.E-9     1.2       
 1.76E-9    1.2        1.2        277.89E-9  18.566E-9  1.2       
 1.77E-9    1.2        1.2        265.83E-9  18.289E-9  1.2       
 1.78E-9    1.2        1.2        285.43E-9 -7.5291E-9  1.2       
 1.79E-9    1.2        1.2        244.43E-9  18.284E-9  1.2       
 1.8E-9     1.2        1.2        233.56E-9  17.711E-9  1.2       
 1.81E-9    1.2        1.2        254.78E-9 -7.408E-9   1.2       
 1.82E-9    1.2        1.2        215.28E-9  18.292E-9  1.2       
 1.83E-9    1.2        1.2        237.14E-9 -7.4487E-9  1.2       
 1.84E-9    1.2        1.2        198.17E-9  17.601E-9  1.2       
 1.85E-9    1.2        1.2        190.54E-9  18.667E-9  1.2       
 1.86E-9    1.2        1.2        214.01E-9 -7.2467E-9  1.2       
 1.87E-9    1.2        1.2        176.1E-9   17.882E-9  1.2       
 1.88E-9    1.2        1.2        170.05E-9  18.044E-9  1.2       
 1.89E-9    1.2        1.2        163.54E-9  17.988E-9  1.2       
 1.9E-9     1.2        1.2        188.93E-9 -7.5074E-9  1.2       
 1.91E-9    1.2        1.2        182.79E-9 -6.8009E-9  1.2       
 1.92E-9    1.2        1.2        147.21E-9  17.723E-9  1.2       
 1.93E-9    1.2        1.2        142.18E-9  17.998E-9  1.2       
 1.94E-9    1.2        1.2        137.67E-9  18.165E-9  1.2       
 1.95E-9    1.2        1.2        163.09E-9 -7.0582E-9  1.2       
 1.96E-9    1.2        1.2        158.49E-9 -7.4144E-9  1.2       
 1.97E-9    1.2        1.2        124.19E-9  18.213E-9  1.2       
 1.98E-9    1.2        1.2        120.E-9    17.448E-9  1.2       
 1.99E-9    1.2        1.2        116.73E-9  18.319E-9  1.2       
 2.E-9      1.2        1.2        112.79E-9  18.276E-9  1.2       
 2.01E-9    1.2        1.2        139.83E-9 -6.6438E-9  1.2       
 2.02E-9    1.2        1.2        105.88E-9  18.413E-9  1.2       
 2.03E-9    1.2        1.2        133.57E-9 -7.1492E-9  1.2       
 2.04E-9    1.2        1.2        99.056E-9  17.939E-9  1.2       
 2.05E-9    1.2        1.2        127.37E-9 -7.6414E-9  1.2       
 2.06E-9    1.2        1.2        94.17E-9   18.362E-9  1.2       
 2.07E-9    1.2        1.2        121.73E-9 -7.026E-9   1.2       
 2.08E-9    1.2        1.2        88.439E-9  18.225E-9  1.2       
 2.09E-9    1.2        1.2        116.44E-9 -7.2697E-9  1.2       
 2.1E-9     1.2        1.2        83.628E-9  18.302E-9  1.2       
 2.11E-9    1.2        1.2        111.23E-9 -8.0802E-9  1.2       
 2.12E-9    1.2        1.2        78.928E-9  17.717E-9  1.2       
 2.13E-9    1.2        1.2        77.474E-9  18.792E-9  1.2       
 2.14E-9    1.2        1.2        74.612E-9  17.967E-9  1.2       
 2.15E-9    1.2        1.2        103.1E-9  -7.1294E-9  1.2       
 2.16E-9    1.2        1.2        70.405E-9  17.83E-9   1.2       
 2.17E-9    1.2        1.2        68.746E-9  17.887E-9  1.2       
 2.18E-9    1.2        1.2        97.408E-9 -7.809E-9   1.2       
 2.19E-9    1.2        1.2        65.424E-9  17.349E-9  1.2       
 2.2E-9     1.2        1.2        63.672E-9  17.851E-9  1.2       
 2.21E-9    1.08       1.2       -0.001492   25.616E-6  1.2001    
 2.22E-9    0.96       1.2       -211.05E-6  124.71E-6  1.2       
 2.23E-9    0.84       1.2       -4.4883E-6  48.217E-6  1.2       
 2.24E-9    0.72       1.2        133.08E-6  89.85E-6   1.2       
 2.25E-9    0.6        1.2        465.23E-6  622.96E-6  1.2001    
 2.26E-9    0.48       1.2        466.52E-6  0.0015861  1.2001    
 2.27E-9    0.36       1.2        317.03E-6  0.0029753  1.2003    
 2.28E-9    0.24       1.2        241.8E-6   0.0051831  1.2005    
 2.29E-9    0.12       1.2        180.51E-6  0.0079412  1.1992    
 2.3E-9    -26.54E-9   1.2        87.57E-6  -0.0032363  1.1941    
 2.31E-9   -51.064E-9  1.2        386.5E-6  -0.031598   1.1942    
 2.32E-9   -55.388E-9  1.2        29.475E-6 -0.047788   1.2001    
 2.33E-9   -55.512E-9  1.2        18.972E-6 -0.060725   1.2214    
 2.34E-9   -55.698E-9  1.2        7.6257E-6 -0.064376   1.2456    
 2.35E-9   -56.015E-9  1.2        5.783E-6   0.030381   1.2748    
 2.36E-9   -56.177E-9  1.2        2.8597E-6  0.33726    1.1999    
 2.37E-9   -56.423E-9  1.2        948.86E-9  0.79612    0.79673   
 2.38E-9   -56.985E-9  1.2       -3.3106E-6  1.1416     0.26028   
 2.39E-9   -56.598E-9  1.2        6.8096E-6  1.1767     0.04466   
 2.4E-9    -56.405E-9  1.2        1.4831E-6  1.186      0.015207  
 2.41E-9   -56.306E-9  1.2       -97.856E-9  1.1913     0.00609   
 2.42E-9    56.673E-9  1.2       -489.73E-9  1.1947     0.0025183 
 2.43E-9   -56.384E-9  1.2       -497.79E-9  1.1967     0.001107  
 2.44E-9    56.578E-9  1.2        91.875E-9  1.198      500.52E-6 
 2.45E-9   -56.455E-9  1.2        36.402E-9  1.1987     225.36E-6 
 2.46E-9    56.531E-9  1.2        181.91E-9  1.1992     103.34E-6 
 2.47E-9   -56.484E-9  1.2        56.592E-9  1.1995     46.392E-6 
 2.48E-9    56.513E-9  1.2        119.12E-9  1.1997     21.447E-6 
 2.49E-9   -56.495E-9  1.2        25.832E-9  1.1998     9.5245E-6 
 2.5E-9     56.506E-9  1.2        74.157E-9  1.1999     4.4583E-6 
 2.51E-9   -56.5E-9    1.2        7.6086E-9  1.1999     1.9458E-6 
 2.52E-9    56.503E-9  1.2        51.28E-9   1.2        927.02E-9 
 2.53E-9   -56.501E-9  1.2       -560.2E-12  1.2        400.59E-9 
 2.54E-9    56.502E-9  1.2        39.667E-9  1.2        191.31E-9 
 2.55E-9   -56.501E-9  1.2       -4.4522E-9  1.2        91.462E-9 
 2.56E-9    56.501E-9  1.2        33.908E-9  1.2        35.322E-9 
 2.57E-9   -56.501E-9  1.2       -7.7783E-9  1.2        30.204E-9 
 2.58E-9    56.501E-9  1.2        29.739E-9  1.2        399.6E-12 
 2.59E-9   -56.501E-9  1.2       -8.6596E-9  1.2        21.268E-9 
 2.6E-9    -56.501E-9  1.2       -8.4425E-9  1.2        21.214E-9 
 2.61E-9    56.5E-9    1.2        27.858E-9  1.2       -9.482E-9  
 2.62E-9   -56.501E-9  1.2       -10.084E-9  1.2        21.003E-9 
 2.63E-9    56.5E-9    1.2        26.643E-9  1.2       -9.8927E-9 
 2.64E-9   -56.5E-9    1.2       -10.612E-9  1.2        21.96E-9  
 2.65E-9    56.5E-9    1.2        26.174E-9  1.2       -10.611E-9 
 2.66E-9   -56.5E-9    1.2       -11.018E-9  1.2        21.193E-9 
 2.67E-9    56.5E-9    1.2        25.744E-9  1.2       -10.863E-9 
 2.68E-9    56.499E-9  1.2        25.777E-9  1.2       -10.174E-9 
 2.69E-9   -56.499E-9  1.2       -12.084E-9  1.2        22.478E-9 
 2.7E-9     56.499E-9  1.2        25.228E-9  1.2       -12.081E-9 
 2.71E-9   -56.498E-9  1.2       -11.978E-9  1.2        20.938E-9 
 2.72E-9   -56.498E-9  1.2       -12.31E-9   1.2        21.432E-9 
 2.73E-9   -56.498E-9  1.2       -12.251E-9  1.2        22.319E-9 
 2.74E-9   -56.497E-9  1.2       -12.47E-9   1.2        21.045E-9 
 2.75E-9   -56.497E-9  1.2       -12.22E-9   1.2        21.975E-9 
 2.76E-9   -56.496E-9  1.2       -12.33E-9   1.2        22.24E-9  
 2.77E-9    56.495E-9  1.2        24.303E-9  1.2       -11.489E-9 
 2.78E-9   -56.495E-9  1.2       -12.399E-9  1.2        21.417E-9 
 2.79E-9   -56.495E-9  1.2       -12.383E-9  1.2        21.507E-9 
 2.8E-9    -56.494E-9  1.2       -12.855E-9  1.2        21.199E-9 
 2.81E-9   -56.494E-9  1.2       -12.151E-9  1.2        22.474E-9 
 2.82E-9   -56.493E-9  1.2       -12.741E-9  1.2        21.038E-9 
 2.83E-9    56.492E-9  1.2        23.803E-9  1.2       -10.719E-9 
 2.84E-9   -56.492E-9  1.2       -12.993E-9  1.2        21.338E-9 
 2.85E-9    56.491E-9  1.2        24.639E-9  1.2       -11.87E-9  
 2.86E-9   -56.49E-9   1.2       -12.861E-9  1.2        20.527E-9 
 2.87E-9   -56.49E-9   1.2       -12.736E-9  1.2        22.21E-9  
 2.88E-9   -56.489E-9  1.2       -13.141E-9  1.2        22.104E-9 
 2.89E-9   -56.489E-9  1.2       -13.095E-9  1.2        21.558E-9 
 2.9E-9    -56.488E-9  1.2       -12.445E-9  1.2        21.531E-9 
 2.91E-9    56.487E-9  1.2        23.797E-9  1.2       -10.884E-9 
 2.92E-9   -56.487E-9  1.2       -13.166E-9  1.2        21.731E-9 
 2.93E-9    56.487E-9  1.2        23.532E-9  1.2       -10.97E-9  
 2.94E-9   -56.487E-9  1.2       -12.37E-9   1.2        21.021E-9 
 2.95E-9    56.486E-9  1.2        23.803E-9  1.2       -11.568E-9 
 2.96E-9   -56.486E-9  1.2       -13.23E-9   1.2        22.109E-9 
 2.97E-9   -56.485E-9  1.2       -13.011E-9  1.2        22.577E-9 
 2.98E-9    56.484E-9  1.2        23.599E-9  1.2       -11.075E-9 
 2.99E-9   -56.484E-9  1.2       -13.081E-9  1.2        21.511E-9 
 3.E-9     -56.484E-9  1.2       -12.879E-9  1.2        21.928E-9 
 3.01E-9   -56.484E-9  1.2       -13.268E-9  1.2        21.117E-9 
 3.02E-9    56.483E-9  1.2        23.736E-9  1.2       -11.059E-9 
 3.03E-9    56.48E-9   1.2        24.062E-9  1.2       -11.534E-9 
 3.04E-9   -56.48E-9   1.2       -13.444E-9  1.2        21.287E-9 
 3.05E-9   -56.479E-9  1.2       -12.888E-9  1.2        22.425E-9 
 3.06E-9   -56.479E-9  1.2       -13.09E-9   1.2        22.051E-9 
 3.07E-9   -56.479E-9  1.2       -12.947E-9  1.2        21.871E-9 
 3.08E-9   -56.478E-9  1.2       -13.591E-9  1.2        21.65E-9  
 3.09E-9   -56.478E-9  1.2       -12.978E-9  1.2        22.044E-9 
 3.1E-9    -56.477E-9  1.2       -13.37E-9   1.2        21.772E-9 
 3.11E-9    56.476E-9  1.2        23.785E-9  1.2       -11.124E-9 
 3.12E-9   -56.476E-9  1.2       -13.406E-9  1.2        21.821E-9 
 3.13E-9    56.475E-9  1.2        23.735E-9  1.2       -10.831E-9 
 3.14E-9   -56.474E-9  1.2       -13.374E-9  1.2        21.664E-9 
 3.15E-9   -56.474E-9  1.2       -13.067E-9  1.2        21.245E-9 
 3.16E-9   -56.473E-9  1.2       -13.218E-9  1.2        21.8E-9   
 3.17E-9   -56.473E-9  1.2       -13.602E-9  1.2        21.825E-9 
 3.18E-9    56.473E-9  1.2        23.886E-9  1.2       -11.642E-9 
 3.19E-9    56.472E-9  1.2        23.91E-9   1.2       -11.921E-9 
 3.2E-9     56.472E-9  1.2        24.07E-9   1.2       -10.269E-9 
 3.21E-9    60.156E-9  1.08       62.929E-6  1.1979     169.98E-6 
 3.22E-9    60.269E-9  0.96       45.404E-6  1.1986     18.645E-6 
 3.23E-9   -60.434E-9  0.84       10.258E-6  1.1989    -19.664E-6 
 3.24E-9    60.309E-9  0.72       37.141E-6  1.1996    -6.7189E-6 
 3.25E-9   -59.921E-9  0.6        271.41E-6  1.203      15.276E-6 
 3.26E-9    61.355E-9  0.48       637.53E-6  1.2108     1.0186E-6 
 3.27E-9   -58.487E-9  0.36       0.001098   1.2256     3.4095E-6 
 3.28E-9    62.91E-9   0.24       0.0015886  1.2575     19.119E-6 
 3.29E-9   -61.336E-9  0.12       0.0017936  1.2833     36.418E-6 
 3.3E-9     49.455E-9  14.956E-9 -100.44E-6  0.9803    -76.627E-6 
 3.31E-9   -57.883E-9  15.346E-9 -0.0021519  0.29057   -826.19E-6 
 3.32E-9    55.658E-9 -2.2964E-9 -0.002027   0.031415   24.372E-6 
 3.33E-9   -56.855E-9  7.2859E-9 -778.38E-6  0.0052054  135.34E-6 
 3.34E-9   -56.519E-9  6.6746E-9 -219.5E-6   974.42E-6  145.54E-6 
 3.35E-9    56.574E-9 -6.0684E-9 -28.841E-6  200.26E-6  0.0012943 
 3.36E-9   -56.224E-9  6.622E-9   14.129E-6  98.511E-6  0.0032998 
 3.37E-9    56.707E-9 -6.0308E-9  11.513E-6  47.755E-6  0.0050578 
 3.38E-9   -56.277E-9  6.553E-9  -11.611E-6 -16.288E-6  0.0049387 
 3.39E-9    56.342E-9 -6.3327E-9 -39.02E-6  -78.394E-6 -0.0096241 
 3.4E-9    -56.663E-9  6.2209E-9 -46.566E-6 -91.831E-6 -0.040203  
 3.41E-9    56.498E-9 -6.2601E-9 -3.9971E-6  5.7836E-6 -0.070629  
 3.42E-9   -56.188E-9  6.5877E-9  60.931E-6  146.35E-6 -0.086066  
 3.43E-9    56.639E-9 -6.14E-9    13.553E-6  29.226E-6  0.040822  
 3.44E-9   -56.323E-9  6.477E-9  -14.773E-6 -30.996E-6  0.5045    
 3.45E-9   -56.614E-9  6.2692E-9 -14.2E-6   -27.549E-6  1.0896    
 3.46E-9   -56.055E-9  6.654E-9   8.1648E-6  22.369E-6  1.1733    
 3.47E-9   -56.352E-9  6.4347E-9 -11.331E-6 -22.531E-6  1.1904    
 3.48E-9   -56.41E-9   6.3901E-9 -4.5346E-6 -6.9043E-6  1.1965    
 3.49E-9    56.412E-9 -6.3202E-9 -770.21E-9  1.1797E-6  1.1989    
 3.5E-9    -56.406E-9  6.3882E-9 -1.2579E-6 -468.87E-9  1.1994    
 3.51E-9    56.423E-9 -6.3165E-9 -441.08E-9  1.1984E-6  1.1999    
 3.52E-9   -56.408E-9  6.3831E-9 -764.54E-9  206.89E-9  1.1999    
 3.53E-9    56.425E-9 -6.3185E-9 -203.26E-9  1.3072E-6  1.2       
 3.54E-9   -56.41E-9   6.3783E-9 -352.51E-9  791.56E-9  1.1999    
 3.55E-9    56.425E-9 -6.3206E-9 -54.356E-9  1.3017E-6  1.2       
 3.56E-9   -56.412E-9  6.3748E-9 -160.89E-9  959.52E-9  1.2       
 3.57E-9    56.425E-9 -6.3224E-9  1.9704E-9  1.1712E-6  1.2       
 3.58E-9   -56.413E-9  6.3723E-9 -79.314E-9  943.3E-9   1.2       
 3.59E-9    56.425E-9 -6.3239E-9  19.141E-9  1.0137E-6  1.2       
 3.6E-9    -56.413E-9  6.3704E-9 -41.524E-9  867.85E-9  1.2       
 3.61E-9    56.425E-9 -6.3253E-9  24.223E-9  872.67E-9  1.2       
 3.62E-9   -56.414E-9  6.3689E-9 -25.777E-9  779.98E-9  1.2       
 3.63E-9    56.425E-9 -6.3265E-9  24.279E-9  752.37E-9  1.2       
 3.64E-9   -56.414E-9  6.3676E-9 -18.757E-9  693.04E-9  1.2       
 3.65E-9    56.425E-9 -6.3276E-9  23.924E-9  653.69E-9  1.2       
 3.66E-9   -56.414E-9  6.3664E-9 -14.898E-9  617.4E-9   1.2       
 3.67E-9    56.424E-9 -6.3285E-9  23.588E-9  572.56E-9  1.2       
 3.68E-9   -56.414E-9  6.3655E-9 -13.527E-9  550.51E-9  1.2       
 3.69E-9    56.424E-9 -6.3294E-9  22.774E-9  505.3E-9   1.2       
 3.7E-9    -56.414E-9  6.3646E-9 -12.476E-9  494.03E-9  1.2       
 3.71E-9    56.424E-9 -6.3303E-9  22.74E-9   449.83E-9  1.2       
 3.72E-9   -56.414E-9  6.3638E-9 -12.305E-9  444.91E-9  1.2       
 3.73E-9    56.423E-9 -6.331E-9   22.401E-9  403.11E-9  1.2       
 3.74E-9   -56.413E-9  6.3632E-9 -12.511E-9  402.85E-9  1.2       
 3.75E-9    56.423E-9 -6.3317E-9  21.88E-9   362.33E-9  1.2       
 3.76E-9   -56.413E-9  6.3625E-9 -12.241E-9  366.59E-9  1.2       
 3.77E-9    56.423E-9 -6.3323E-9  22.735E-9  328.37E-9  1.2       
 3.78E-9   -56.413E-9  6.362E-9  -11.521E-9  335.06E-9  1.2       
 3.79E-9    56.423E-9 -6.3329E-9  22.612E-9  298.35E-9  1.2       
 3.8E-9    -56.413E-9  6.3614E-9 -11.878E-9  307.45E-9  1.2       
 3.81E-9    56.422E-9 -6.3334E-9  22.423E-9  272.72E-9  1.2       
 3.82E-9   -56.413E-9  6.3609E-9 -12.63E-9   283.35E-9  1.2       
 3.83E-9    56.422E-9 -6.3339E-9  21.519E-9  250.04E-9  1.2       
 3.84E-9   -56.413E-9  6.3605E-9 -12.54E-9   261.68E-9  1.2       
 3.85E-9    56.422E-9 -6.3344E-9  23.017E-9  229.89E-9  1.2       
 3.86E-9   -56.413E-9  6.3601E-9 -11.285E-9  243.09E-9  1.2       
 3.87E-9    56.421E-9 -6.3348E-9  22.352E-9  211.73E-9  1.2       
 3.88E-9   -56.413E-9  6.3597E-9 -12.142E-9  226.13E-9  1.2       
 3.89E-9    56.421E-9 -6.3352E-9  22.277E-9  196.48E-9  1.2       
 3.9E-9    -56.413E-9  6.3593E-9 -11.907E-9  211.7E-9   1.2       
 3.91E-9    56.421E-9 -6.3356E-9  22.235E-9  181.91E-9  1.2       
 3.92E-9   -56.413E-9  6.359E-9  -12.034E-9  197.48E-9  1.2       
 3.93E-9    56.421E-9 -6.336E-9   22.19E-9   168.53E-9  1.2       
 3.94E-9   -56.412E-9  6.3587E-9 -11.988E-9  185.52E-9  1.2       
 3.95E-9    56.42E-9  -6.3363E-9  22.308E-9  157.12E-9  1.2       
 3.96E-9   -56.412E-9  6.3584E-9 -11.838E-9  174.84E-9  1.2       
 3.97E-9    56.42E-9  -6.3366E-9  22.271E-9  146.93E-9  1.2       
 3.98E-9   -56.412E-9  6.3581E-9 -11.934E-9  164.34E-9  1.2       
 3.99E-9    56.42E-9  -6.3369E-9  22.189E-9  137.79E-9  1.2       
 4.E-9     -56.412E-9  6.3578E-9 -12.152E-9  156.35E-9  1.2       
Gnucap   System status
iterations: op=0, dc=0, tran=17553, fourier=0, total=18265
transient timesteps: accepted=708, rejected=308, total=1016
nodes: user=6, subckt=14, model=514, total=534
dctran density=4.3%, ac density=4.3%
