Gnucap : The Gnu Circuit Analysis Package
Never trust any version less than 1.0
Copyright 1982-2013, Albert Davis
Gnucap comes with ABSOLUTELY NO WARRANTY
This is free software, and you are welcome
to redistribute it under the terms of 
the GNU General Public License, version 3 or later.
See the file "COPYING" for details.
main version: noinsensitive 2025.10.15
core-lib version: noinsensitive 2025.10.15
default plugins: noinsensitive 2025.10.15
param: already installed, replacing
stashing as param:0
parameters: already installed, replacing
stashing as parameters:0
parameter: already installed, replacing
stashing as parameter:0
logic: already installed, replacing
stashing as logic:0
spice: already installed, replacing
stashing as spice:0
acs: already installed, replacing
stashing as acs:0
;: already installed, replacing
stashing as ;:0
#: already installed, replacing
stashing as #:0
*: already installed, replacing
stashing as *:0
': already installed, replacing
stashing as ':0
": already installed, replacing
stashing as ":0
dev_comment: already installed, replacing
stashing as dev_comment:0
.model: already installed, replacing
stashing as .model:0
.subckt: already installed, replacing
stashing as .subckt:0
.macro: already installed, replacing
stashing as .macro:0
.lib: already installed, replacing
stashing as .lib:0
lib: already installed, replacing
stashing as lib:0
.include: already installed, replacing
stashing as .include:0
.merge: already installed, replacing
stashing as .merge:0
merge: already installed, replacing
stashing as merge:0
<: already installed, replacing
stashing as <:0
.get: already installed, replacing
stashing as .get:0
get: already installed, replacing
stashing as get:0
.build: already installed, replacing
stashing as .build:0
build: already installed, replacing
stashing as build:0
spice: already installed, replacing
stashing as spice:0
`spice: already installed, replacing
stashing as `spice:0
acs: already installed, replacing
stashing as acs:0
.endc: already installed, replacing
stashing as .endc:0
.control: already installed, replacing
stashing as .control:0
verilog: already installed, replacing
stashing as verilog:0
paramset: already installed, replacing
stashing as paramset:0
module: already installed, replacing
stashing as module:0
macromodule: already installed, replacing
stashing as macromodule:0
verilog: already installed, replacing
stashing as verilog:0
quit: already installed, replacing
stashing as quit:0
exit: already installed, replacing
stashing as exit:0
detach_all: already installed, replacing
stashing as detach_all:0
paramset NMOS PSP104VA;
  parameter real l=1.0u;
   parameter real w=1.0u;
   parameter integer nf=1;
   parameter real ad=1.0e-12;
   parameter real pd=1.0e-6;
   parameter real as=1.0e-12;
   parameter real ps=1.0e-6;
   parameter real sa=0.0;
   parameter real sb=0.0;
   parameter real sd=0.0;
 .TYPE=1; .L=l; .W=w; .NF=nf; .AD=ad; .PD=pd; .AS=as; .PS=ps; .SA=sa; .SB=sb; .SD=sd;
endparamset

paramset PMOS PSP104VA;
  parameter real l=1.0u;
   parameter real w=1.0u;
   parameter integer nf=1;
   parameter real ad=1.0e-12;
   parameter real pd=1.0e-6;
   parameter real as=1.0e-12;
   parameter real ps=1.0e-6;
   parameter real sa=0.0;
   parameter real sb=0.0;
   parameter real sd=0.0;
 .TYPE=(- 1); .L=l; .W=w; .NF=nf; .AD=ad; .PD=pd; .AS=as; .PS=ps; .SA=sa; .SB=sb; .SD=sd;
endparamset

parameter real L=0.09u; // MOSFET length 
parameter real WN=10.0u; // NMOS width 
parameter real WP=20.0u; // PMOS width 
parameter real VNOM=1.2; // Nominal supply (V) 
// Inverter ring
// Not-gate
module NOT (.in(in),.out(out),.vdd(vdd),.gnd(gnd));
      parameter real WN=10u;
      parameter real WP=20u;
      parameter real L=0.09u;
      input in;
      output out;
      electrical in,out,vdd,gnd;
  PMOS #(.w(WP),.l(L)) M1 (.d(out),.g(in),.s(vdd),.b(vdd));
  NMOS #(.w(WN),.l(L)) M2 (.d(out),.g(in),.s(gnd),.b(gnd));
endmodule // NOT

module inv_ring (.n1(n1),.vdd(vdd),.gnd(gnd));
      parameter real WN=10u;
      parameter real WP=20u;
      parameter real L=10u;
      parameter real RSH=1Meg;
      input vdd, gnd;
      output n1;
      electrical n1,vdd,gnd;
  //    // TODO: Generalize to N (odd) inverters
  NOT #(.L(L),.WN(WN),.WP(WP)) NOT1 (n1, n5, vdd, gnd);
  NOT #(.L(L),.WN(WN),.WP(WP)) NOT2 (n2, n1, vdd, gnd);
  NOT #(.L(L),.WN(WN),.WP(WP)) NOT3 (n3, n2, vdd, gnd);
  NOT #(.L(L),.WN(WN),.WP(WP)) NOT4 (n4, n3, vdd, gnd);
  NOT #(.L(L),.WN(WN),.WP(WP)) NOT5 (n5, n4, vdd, gnd);
  resistor #(.r(RSH)) Rsh1 (n1, gnd);
  resistor #(.r(RSH)) Rsh2 (n2, gnd);
  resistor #(.r(RSH)) Rsh3 (n3, gnd);
  resistor #(.r(RSH)) Rsh4 (n4, gnd);
  resistor #(.r(RSH)) Rsh5 (n5, gnd);
endmodule // inv_ring

//TODO: workaround for op convergencen issues
//vmin/vmax are clamped to stabilize initial DC solution
ground gnd;
inv_ring #(.WN(WN),.WP(WP),.L(L)) ring (n1, vdd, gnd);
NMOS #(.w(WN),.l(L)) Mtrig (.d(n1),.g(g_pulse),.s(gnd),.b(gnd));
vsource #(.dc(VNOM)) Vdd (.p(vdd),.n(gnd));
vpulse #(.val0(0.0),.val1(VNOM),.td(0.1n),.rise(0.01n),.fall(0.01n),.width(0.2n)) Vin (.p(g_pulse),.n(gnd));
#Time       v(g_pulse) v(n1)      iter(0)   
 0.         0.         0.62162    8.        
 10.E-12   -31.28E-12  0.6216     6.        
 20.E-12    31.4E-12   0.62161    3.        
 30.E-12   -31.33E-12  0.62161    3.        
 40.E-12    31.37E-12  0.62161    3.        
 50.E-12   -31.13E-12  0.62162    3.        
 60.E-12    31.88E-12  0.62164    3.        
 70.E-12   -30.32E-12  0.62169    3.        
 80.E-12    32.95E-12  0.62177    3.        
 90.E-12   -29.06E-12  0.62189    3.        
 100.E-12   34.18E-12  0.62205    4.        
 110.E-12   1.2        0.64305    40.       
 120.E-12   1.2        0.38108    36.       
 130.E-12   1.2        0.28076    20.       
 140.E-12   1.2        0.20615    20.       
 150.E-12   1.2        0.1172     20.       
 160.E-12   1.2        0.07413    20.       
 170.E-12   1.2        0.14117    21.       
 180.E-12   1.2        0.32784    20.       
 190.E-12   1.2        0.55922    14.       
 200.E-12   1.2        0.76221    12.       
 210.E-12   1.2        0.88738    10.       
 220.E-12   1.2        0.94216    10.       
 230.E-12   1.2        0.96412    9.        
 240.E-12   1.2        0.97779    10.       
 250.E-12   1.2        0.99126    10.       
 260.E-12   1.2        1.0036     10.       
 270.E-12   1.2        1.0087     10.       
 280.E-12   1.2        1.0076     23.       
 290.E-12   1.2        1.0179     20.       
 300.E-12   1.2        1.0396     20.       
 310.E-12   1.2        1.057      20.       
 320.E-12   76.769E-9  1.1193     37.       
 330.E-12  -75.986E-9  1.1285     37.       
 340.E-12   68.965E-9  0.89124    23.       
 350.E-12  -78.107E-9  0.59929    20.       
 360.E-12   70.726E-9  0.36793    21.       
 370.E-12  -74.936E-9  0.24203    14.       
 380.E-12   72.774E-9  0.18139    14.       
 390.E-12  -74.935E-9  0.1136     23.       
 400.E-12   72.905E-9  0.049211   20.       
 410.E-12  -73.851E-9  0.021688   21.       
 420.E-12   73.63E-9   0.016256   21.       
 430.E-12  -73.659E-9  0.016253   20.       
 440.E-12   73.007E-9 -326.43E-6  21.       
 450.E-12  -74.396E-9 -0.048461   23.       
 460.E-12   73.104E-9 -0.090267   20.       
 470.E-12  -71.18E-9  -0.045289   21.       
 480.E-12  -67.531E-9  0.22829    17.       
 490.E-12  -66.69E-9   0.64674    16.       
 500.E-12   77.399E-9  1.0028     20.       
 510.E-12  -72.887E-9  1.1235     22.       
 520.E-12   73.897E-9  1.1489     20.       
 530.E-12  -73.326E-9  1.1666     22.       
 540.E-12   73.855E-9  1.184      14.       
 550.E-12  -73.639E-9  1.1913     13.       
 560.E-12   73.546E-9  1.1848     23.       
 570.E-12  -73.528E-9  1.1874     21.       
 580.E-12   73.964E-9  1.1986     21.       
 590.E-12  -72.975E-9  1.2301     21.       
 600.E-12   74.462E-9  1.2776     20.       
 610.E-12  -75.387E-9  1.271      21.       
 620.E-12   68.971E-9  1.0506     23.       
 630.E-12  -78.484E-9  0.74952    20.       
 640.E-12   69.769E-9  0.47439    21.       
 650.E-12   71.584E-9  0.29355    18.       
 660.E-12  -74.523E-9  0.2089     14.       
 670.E-12   72.492E-9  0.15289    21.       
 680.E-12  -74.68E-9   0.078327   22.       
 690.E-12  -74.053E-9  0.031658   16.       
 700.E-12   73.523E-9  0.017466   14.       
 710.E-12   73.599E-9  0.015863   17.       
 720.E-12   73.39E-9   0.01322    16.       
 730.E-12  -74.437E-9 -0.022713   22.       
 740.E-12   72.912E-9 -0.068899   21.       
 750.E-12  -73.066E-9 -0.092311   20.       
 760.E-12   78.062E-9  0.055583   21.       
 770.E-12  -66.641E-9  0.41897    14.       
 780.E-12   79.615E-9  0.83942    20.       
 790.E-12  -71.735E-9  1.0836     23.       
 800.E-12   73.927E-9  1.139      20.       
 810.E-12  -73.286E-9  1.157      14.       
 820.E-12   73.854E-9  1.1754     20.       
 830.E-12  -73.438E-9  1.1893     20.       
 840.E-12   73.424E-9  1.1887     22.       
 850.E-12  -73.507E-9  1.1848     22.       
 860.E-12   73.713E-9  1.1904     20.       
 870.E-12  -73.059E-9  1.2113     21.       
 880.E-12  -72.824E-9  1.2503     17.       
 890.E-12  -73.367E-9  1.2942     16.       
 900.E-12   69.895E-9  1.1885     22.       
 910.E-12  -78.456E-9  0.90972    21.       
 920.E-12   69.026E-9  0.61066    20.       
 930.E-12  -76.558E-9  0.37452    21.       
 940.E-12   72.227E-9  0.24477    14.       
 950.E-12  -74.406E-9  0.18352    13.       
 960.E-12   72.264E-9  0.11728    23.       
 970.E-12  -74.323E-9  0.051414   21.       
 980.E-12   73.33E-9   0.02228    21.       
 990.E-12  -73.568E-9  0.016291   21.       
 1.E-9      73.552E-9  0.016263   20.       
 1.01E-9   -74.146E-9  0.0016436  21.       
 1.02E-9    72.791E-9 -0.04608    23.       
 1.03E-9   -74.152E-9 -0.088486   20.       
 1.04E-9    75.802E-9 -0.052831   21.       
 1.05E-9   -67.549E-9  0.20932    20.       
 1.06E-9    80.53E-9   0.62499    20.       
 1.07E-9   -69.544E-9  0.99043    21.       
 1.08E-9    74.37E-9   1.1211     22.       
 1.09E-9   -73.291E-9  1.1481     20.       
 1.1E-9     73.862E-9  1.1656     21.       
 1.11E-9   -73.327E-9  1.1833     14.       
 1.12E-9    73.565E-9  1.1913     13.       
 1.13E-9   -73.654E-9  1.1851     23.       
 1.14E-9    73.657E-9  1.1871     21.       
 1.15E-9   -73.235E-9  1.1975     20.       
 1.16E-9    74.197E-9  1.2281     21.       
 1.17E-9   -72.686E-9  1.2748     20.       
 1.18E-9    72.018E-9  1.2764     21.       
 1.19E-9   -78.138E-9  1.0652     23.       
 1.2E-9     68.657E-9  0.76501    20.       
 1.21E-9   -77.471E-9  0.48657    21.       
 1.22E-9    71.45E-9   0.30022    20.       
 1.23E-9   -74.514E-9  0.21219    20.       
 1.24E-9    72.491E-9  0.15632    21.       
 1.25E-9   -74.676E-9  0.0817     22.       
 1.26E-9    73.085E-9  0.033163   20.       
 1.27E-9   -73.652E-9  0.017914   21.       
 1.28E-9   -73.568E-9  0.015916   17.       
 1.29E-9   -73.743E-9  0.013842   16.       
 1.3E-9     72.725E-9 -0.020192   22.       
 1.31E-9   -74.248E-9 -0.066825   21.       
 1.32E-9    73.939E-9 -0.093714   20.       
 1.33E-9   -69.292E-9  0.042333   22.       
 1.34E-9    80.47E-9   0.39795    14.       
 1.35E-9   -67.391E-9  0.82067    20.       
 1.36E-9    75.563E-9  1.0776     23.       
 1.37E-9   -73.187E-9  1.1379     20.       
 1.38E-9    73.847E-9  1.1561     21.       
 1.39E-9   -73.272E-9  1.1745     20.       
 1.4E-9     73.704E-9  1.189      20.       
 1.41E-9   -73.693E-9  1.1891     21.       
 1.42E-9    73.607E-9  1.1847     22.       
 1.43E-9   -73.427E-9  1.1899     20.       
 1.44E-9    74.046E-9  1.2098     21.       
 1.45E-9    74.279E-9  1.248      18.       
 1.46E-9    73.864E-9  1.2936     16.       
 1.47E-9   -77.07E-9   1.1996     22.       
 1.48E-9    68.675E-9  0.92487    21.       
 1.49E-9    68.967E-9  0.62491    16.       
 1.5E-9     70.458E-9  0.38411    19.       
 1.51E-9   -74.947E-9  0.2491     14.       
 1.52E-9    72.714E-9  0.18616    13.       
 1.53E-9   -74.84E-9   0.12121    23.       
 1.54E-9    72.749E-9  0.053826   21.       
 1.55E-9   -73.79E-9   0.022985   20.       
 1.56E-9    73.528E-9  0.016363   21.       
 1.57E-9   -73.535E-9  0.016248   20.       
 1.58E-9    72.992E-9  0.0034     20.       
 1.59E-9   -74.31E-9  -0.043764   24.       
 1.6E-9     72.895E-9 -0.086631   20.       
 1.61E-9   -71.488E-9 -0.059413   21.       
 1.62E-9   -67.664E-9  0.19059    17.       
 1.63E-9    80.565E-9  0.60222    14.       
 1.64E-9   -69.268E-9  0.9771     21.       
 1.65E-9    74.425E-9  1.1183     22.       
 1.66E-9   -73.269E-9  1.1472     20.       
 1.67E-9    73.842E-9  1.1647     21.       
 1.68E-9   -73.304E-9  1.1825     20.       
 1.69E-9    73.558E-9  1.1911     20.       
 1.7E-9    -73.639E-9  1.1853     23.       
 1.71E-9    73.631E-9  1.1868     21.       
 1.72E-9   -73.226E-9  1.1965     20.       
 1.73E-9    74.159E-9  1.2262     21.       
 1.74E-9   -72.641E-9  1.2722     20.       
 1.75E-9    72.206E-9  1.2808     20.       
 1.76E-9   -78.04E-9   1.0791     23.       
 1.77E-9    68.602E-9  0.78001    20.       
 1.78E-9   -77.508E-9  0.49857    21.       
 1.79E-9    71.33E-9   0.30675    20.       
 1.8E-9    -74.507E-9  0.21514    20.       
 1.81E-9    72.495E-9  0.15952    21.       
 1.82E-9   -74.677E-9  0.085104   23.       
 1.83E-9    73.026E-9  0.034655   20.       
 1.84E-9   -73.634E-9  0.018203   22.       
 1.85E-9   -73.542E-9  0.015929   18.       
 1.86E-9   -73.69E-9   0.014369   16.       
 1.87E-9    72.7E-9   -0.017686   22.       
 1.88E-9   -74.22E-9  -0.064749   22.       
 1.89E-9    73.764E-9 -0.094667   20.       
 1.9E-9    -69.461E-9  0.029743   21.       
 1.91E-9    80.353E-9  0.37816    20.       
 1.92E-9   -67.207E-9  0.80215    20.       
 1.93E-9    75.668E-9  1.0714     23.       
 1.94E-9   -73.1E-9    1.1366     20.       
 1.95E-9    73.785E-9  1.1553     21.       
 1.96E-9   -73.205E-9  1.1736     21.       
 1.97E-9    73.654E-9  1.1885     20.       
 1.98E-9   -73.619E-9  1.1895     21.       
 1.99E-9    73.535E-9  1.1845     23.       
 2.E-9     -73.38E-9   1.1896     20.       
 2.01E-9    73.97E-9   1.2083     22.       
 2.02E-9    74.203E-9  1.2458     18.       
 2.03E-9    73.893E-9  1.2926     16.       
 2.04E-9   -76.857E-9  1.2098     22.       
 2.05E-9    68.633E-9  0.93926    22.       
 2.06E-9    68.865E-9  0.63845    16.       
 2.07E-9    70.319E-9  0.39328    19.       
 2.08E-9   -74.965E-9  0.25363    20.       
 2.09E-9    72.656E-9  0.18894    20.       
 2.1E-9    -74.778E-9  0.12489    23.       
 2.11E-9    72.66E-9   0.056144   21.       
 2.12E-9   -73.749E-9  0.023692   20.       
 2.13E-9    73.464E-9  0.016444   21.       
 2.14E-9   -73.467E-9  0.016221   14.       
 2.15E-9    72.97E-9   0.0049254  20.       
 2.16E-9   -74.255E-9 -0.041569   23.       
 2.17E-9    72.804E-9 -0.084794   20.       
 2.18E-9   -71.611E-9 -0.065086   21.       
 2.19E-9   -67.725E-9  0.17385    18.       
 2.2E-9     80.507E-9  0.58182    14.       
 2.21E-9   -68.944E-9  0.96425    21.       
 2.22E-9    74.408E-9  1.1156     22.       
 2.23E-9   -73.174E-9  1.1464     20.       
 2.24E-9    73.749E-9  1.1638     21.       
 2.25E-9    73.704E-9  1.1818     17.       
 2.26E-9    73.477E-9  1.1912     16.       
 2.27E-9   -73.556E-9  1.1856     22.       
 2.28E-9    73.534E-9  1.1866     21.       
 2.29E-9   -73.147E-9  1.1956     20.       
 2.3E-9     74.052E-9  1.2244     21.       
 2.31E-9   -72.529E-9  1.2696     14.       
 2.32E-9    72.314E-9  1.2848     20.       
 2.33E-9   -77.862E-9  1.0931     23.       
 2.34E-9    68.478E-9  0.79526    20.       
 2.35E-9   -77.473E-9  0.51138    14.       
 2.36E-9    71.129E-9  0.31383    20.       
 2.37E-9   -74.43E-9   0.21828    20.       
 2.38E-9    72.417E-9  0.16266    21.       
 2.39E-9   -74.59E-9   0.088632   23.       
 2.4E-9     72.88E-9   0.036256   20.       
 2.41E-9   -73.53E-9   0.01853    21.       
 2.42E-9    73.411E-9  0.015947   20.       
 2.43E-9   -73.555E-9  0.014815   20.       
 2.44E-9    72.591E-9 -0.015244   23.       
 2.45E-9   -74.106E-9 -0.062695   22.       
 2.46E-9    73.513E-9 -0.095196   20.       
 2.47E-9   -69.545E-9  0.017942   21.       
 2.48E-9    80.165E-9  0.3579     20.       
 2.49E-9   -66.958E-9  0.78296    20.       
 2.5E-9     75.724E-9  1.0645     23.       
 2.51E-9   -72.949E-9  1.1353     20.       
 2.52E-9    73.662E-9  1.1545     21.       
 2.53E-9   -73.08E-9   1.1727     21.       
 2.54E-9    73.545E-9  1.1881     20.       
 2.55E-9   -73.487E-9  1.1898     21.       
 2.56E-9    73.406E-9  1.1844     23.       
 2.57E-9   -73.275E-9  1.1892     20.       
 2.58E-9    73.836E-9  1.2069     21.       
 2.59E-9   -72.682E-9  1.2437     20.       
 2.6E-9     73.85E-9   1.2915     20.       
 2.61E-9   -76.577E-9  1.2195     22.       
 2.62E-9    68.538E-9  0.95361    22.       
 2.63E-9    68.711E-9  0.65215    16.       
 2.64E-9    70.124E-9  0.40272    19.       
 2.65E-9   -74.912E-9  0.25786    14.       
 2.66E-9    72.544E-9  0.1914     20.       
 2.67E-9   -74.652E-9  0.12867    22.       
 2.68E-9    72.508E-9  0.058665   21.       
 2.69E-9   -73.649E-9  0.024485   20.       
 2.7E-9     73.339E-9  0.016532   22.       
 2.71E-9   -73.344E-9  0.016167   14.       
 2.72E-9    72.894E-9  0.0064011  20.       
 2.73E-9   -74.149E-9 -0.039228   24.       
 2.74E-9    72.671E-9 -0.082796   20.       
 2.75E-9   -71.685E-9 -0.070401   21.       
 2.76E-9   -67.748E-9  0.15687    17.       
 2.77E-9    80.405E-9  0.56063    14.       
 2.78E-9   -68.579E-9  0.95021    20.       
 2.79E-9    74.366E-9  1.1125     22.       
 2.8E-9    -73.043E-9  1.1455     20.       
 2.81E-9    73.621E-9  1.1629     21.       
 2.82E-9    73.581E-9  1.181      18.       
 2.83E-9    73.361E-9  1.1911     16.       
 2.84E-9   -73.437E-9  1.1859     22.       
 2.85E-9    73.403E-9  1.1863     22.       
 2.86E-9   -73.037E-9  1.1947     20.       
 2.87E-9    73.91E-9   1.2225     22.       
 2.88E-9   -72.412E-9  1.2669     14.       
 2.89E-9    72.398E-9  1.2879     20.       
 2.9E-9    -77.668E-9  1.1065     24.       
 2.91E-9    68.352E-9  0.81022    20.       
 2.92E-9   -77.427E-9  0.52374    14.       
 2.93E-9    70.924E-9  0.32085    21.       
 2.94E-9   -74.346E-9  0.22139    20.       
 2.95E-9    72.327E-9  0.16564    21.       
 2.96E-9   -74.493E-9  0.092177   22.       
 2.97E-9    72.726E-9  0.037921   20.       
 2.98E-9   -73.418E-9  0.018884   21.       
 2.99E-9   -73.305E-9  0.015972   17.       
 3.E-9      73.174E-9  0.015191   14.       
 3.01E-9   -74.101E-9 -0.012694   21.       
 3.02E-9    72.594E-9 -0.060529   22.       
 3.03E-9   -73.32E-9  -0.095348   20.       
 3.04E-9    76.941E-9  0.0062097  21.       
 3.05E-9   -66.609E-9  0.3358     14.       
 3.06E-9    79.894E-9  0.76092    13.       
 3.07E-9   -70.765E-9  1.0563     22.       
 3.08E-9    73.786E-9  1.1338     21.       
 3.09E-9   -73.04E-9   1.1536     13.       
 3.1E-9     73.613E-9  1.1717     14.       
 3.11E-9   -73.128E-9  1.1875     14.       
 3.12E-9    73.21E-9   1.1901     21.       
 3.13E-9   -73.289E-9  1.1844     23.       
 3.14E-9    73.394E-9  1.1889     20.       
 3.15E-9   -72.86E-9   1.2054     21.       
 3.16E-9   -72.616E-9  1.2414     17.       
 3.17E-9    73.837E-9  1.2895     14.       
 3.18E-9   -76.263E-9  1.2304     21.       
 3.19E-9    68.461E-9  0.97062    22.       
 3.2E-9     68.554E-9  0.66877    16.       
 3.21E-9   -76.643E-9  0.41454    14.       
 3.22E-9   -74.885E-9  0.2635     16.       
 3.23E-9   -74.129E-9  0.1943     16.       
 3.24E-9    72.03E-9   0.13303    22.       
 3.25E-9   -74.193E-9  0.061722   22.       
 3.26E-9    72.988E-9  0.025493   20.       
 3.27E-9   -73.33E-9   0.016661   22.       
 3.28E-9    73.314E-9  0.01609    20.       
 3.29E-9   -73.712E-9  0.0079054  20.       
 3.3E-9     72.489E-9 -0.036563   24.       
 3.31E-9   -73.984E-9 -0.080508   20.       
 3.32E-9    74.755E-9 -0.075636   21.       
 3.33E-9   -67.853E-9  0.13916    20.       
 3.34E-9    80.332E-9  0.53833    20.       
 3.35E-9   -68.266E-9  0.9344     21.       
 3.36E-9    74.4E-9    1.1089     22.       
 3.37E-9   -72.972E-9  1.1445     20.       
 3.38E-9    73.554E-9  1.1619     21.       
 3.39E-9    73.522E-9  1.1802     17.       
 3.4E-9     73.309E-9  1.1909     16.       
 3.41E-9   -73.384E-9  1.1863     22.       
 3.42E-9    73.338E-9  1.1861     22.       
 3.43E-9   -72.995E-9  1.1939     20.       
 3.44E-9    73.835E-9  1.2206     21.       
 3.45E-9   -72.38E-9   1.264      20.       
 3.46E-9    72.558E-9  1.2902     20.       
 3.47E-9   -77.547E-9  1.1199     24.       
 3.48E-9    68.313E-9  0.82555    20.       
 3.49E-9   -77.463E-9  0.53661    14.       
 3.5E-9     70.795E-9  0.32832    20.       
 3.51E-9   -74.348E-9  0.22443    14.       
 3.52E-9    72.324E-9  0.16856    20.       
 3.53E-9   -74.482E-9  0.095925   23.       
 3.54E-9    72.659E-9  0.039746   20.       
 3.55E-9   -73.396E-9  0.019283   21.       
 3.56E-9   -73.27E-9   0.015995   17.       
 3.57E-9    73.163E-9  0.015518   14.       
 3.58E-9   -74.05E-9  -0.010169   21.       
 3.59E-9    72.555E-9 -0.058308   22.       
 3.6E-9    -73.408E-9 -0.095101   20.       
 3.61E-9    76.684E-9 -0.0050447  22.       
 3.62E-9   -66.666E-9  0.31462    14.       
 3.63E-9    79.971E-9  0.73969    13.       
 3.64E-9   -70.51E-9   1.0477     22.       
 3.65E-9    73.784E-9  1.1322     21.       
 3.66E-9   -72.994E-9  1.1527     20.       
 3.67E-9    73.57E-9   1.1707     21.       
 3.68E-9   -73.07E-9   1.1869     14.       
 3.69E-9    73.177E-9  1.1904     20.       
 3.7E-9    -73.255E-9  1.1844     23.       
 3.71E-9    73.34E-9   1.1886     20.       
 3.72E-9   -72.83E-9   1.204      21.       
 3.73E-9   -72.578E-9  1.2391     18.       
 3.74E-9    73.871E-9  1.2876     14.       
 3.75E-9   -76.015E-9  1.2398     21.       
 3.76E-9    68.45E-9   0.9863     23.       
 3.77E-9    68.472E-9  0.68417    16.       
 3.78E-9   -76.694E-9  0.42557    14.       
 3.79E-9   -74.92E-9   0.26883    17.       
 3.8E-9    -74.095E-9  0.19707    16.       
 3.81E-9    71.999E-9  0.13704    22.       
 3.82E-9   -74.177E-9  0.064689   22.       
 3.83E-9    72.911E-9  0.026512   20.       
 3.84E-9   -73.285E-9  0.0168     21.       
 3.85E-9    73.258E-9  0.016027   20.       
 3.86E-9   -73.612E-9  0.0092028  20.       
 3.87E-9    72.419E-9 -0.033968   24.       
 3.88E-9   -73.926E-9 -0.078283   20.       
 3.89E-9    74.503E-9 -0.080081   21.       
 3.9E-9    -67.957E-9  0.12192    20.       
 3.91E-9    80.26E-9   0.5155     20.       
 3.92E-9   -67.97E-9   0.91772    21.       
 3.93E-9    74.454E-9  1.105      22.       
 3.94E-9   -72.909E-9  1.1436     20.       
 3.95E-9    73.497E-9  1.161      21.       
 3.96E-9   -72.934E-9  1.1793     20.       
 3.97E-9    73.267E-9  1.1907     20.       
 3.98E-9   -73.34E-9   1.1867     22.       
 3.99E-9    73.284E-9  1.1858     22.       
 4.E-9     -72.964E-9  1.1931     20.       
Gnucap   System status
iterations: op=0, dc=0, tran=7742, fourier=0, total=9572
transient timesteps: accepted=1829, rejected=1, total=1830
nodes: user=3, subckt=4, model=167, total=174
dctran density=9.5%, ac density=9.5%
