Gnucap : The Gnu Circuit Analysis Package.
Copyright 1982-2025, Albert Davis
          2020-2025, Felix Salfelder
The development of Gnucap is funded by NLnet with support from the EC.
Gnucap comes with ABSOLUTELY NO WARRANTY. This is free software,
and you are welcome to redistribute it under the terms of the GNU
General Public License version 3 or later. See "COPYING" for details.
main version: modelgen 2025.12.18
core-lib version: modelgen 2025.12.18
default plugins: modelgen 2025.12.18
param: already installed, replacing
stashing as param:0
parameters: already installed, replacing
stashing as parameters:0
parameter: already installed, replacing
stashing as parameter:0
logic: already installed, replacing
stashing as logic:0
spice: already installed, replacing
stashing as spice:0
acs: already installed, replacing
stashing as acs:0
;: already installed, replacing
stashing as ;:0
#: already installed, replacing
stashing as #:0
*: already installed, replacing
stashing as *:0
': already installed, replacing
stashing as ':0
": already installed, replacing
stashing as ":0
dev_comment: already installed, replacing
stashing as dev_comment:0
.model: already installed, replacing
stashing as .model:0
.subckt: already installed, replacing
stashing as .subckt:0
.macro: already installed, replacing
stashing as .macro:0
.lib: already installed, replacing
stashing as .lib:0
lib: already installed, replacing
stashing as lib:0
.include: already installed, replacing
stashing as .include:0
.merge: already installed, replacing
stashing as .merge:0
merge: already installed, replacing
stashing as merge:0
<: already installed, replacing
stashing as <:0
.get: already installed, replacing
stashing as .get:0
get: already installed, replacing
stashing as get:0
.build: already installed, replacing
stashing as .build:0
build: already installed, replacing
stashing as build:0
spice: already installed, replacing
stashing as spice:0
`spice: already installed, replacing
stashing as `spice:0
acs: already installed, replacing
stashing as acs:0
.endc: already installed, replacing
stashing as .endc:0
.control: already installed, replacing
stashing as .control:0
verilog: already installed, replacing
stashing as verilog:0
paramset: already installed, replacing
stashing as paramset:0
module: already installed, replacing
stashing as module:0
macromodule: already installed, replacing
stashing as macromodule:0
verilog: already installed, replacing
stashing as verilog:0
quit: already installed, replacing
stashing as quit:0
exit: already installed, replacing
stashing as exit:0
detach_all: already installed, replacing
stashing as detach_all:0
paramset NMOS PSP104VA;
  parameter real l=1.0u;
  parameter real w=1.0u;
  parameter integer nf=1;
  parameter real ad=1.0e-12;
  parameter real pd=1.0e-6;
  parameter real as=1.0e-12;
  parameter real ps=1.0e-6;
  parameter real sa=0.0;
  parameter real sb=0.0;
  parameter real sd=0.0;
 .TYPE=1; .L=l; .W=w; .NF=nf; .AD=ad; .PD=pd; .AS=as; .PS=ps; .SA=sa; .SB=sb; .SD=sd;
endparamset

paramset PMOS PSP104VA;
  parameter real l=1.0u;
  parameter real w=1.0u;
  parameter integer nf=1;
  parameter real ad=1.0e-12;
  parameter real pd=1.0e-6;
  parameter real as=1.0e-12;
  parameter real ps=1.0e-6;
  parameter real sa=0.0;
  parameter real sb=0.0;
  parameter real sd=0.0;
 .TYPE=(- 1); .L=l; .W=w; .NF=nf; .AD=ad; .PD=pd; .AS=as; .PS=ps; .SA=sa; .SB=sb; .SD=sd;
endparamset

parameter real L=0.09u; // MOSFET length 
parameter real WN=10.0u; // NMOS width 
parameter real WP=20.0u; // PMOS width 
parameter real VNOM=1.2; // Nominal supply (V) 
// Inverter chain
// Not-gate
module NOT (.in(in),.out(out),.vdd(vdd),.gnd(gnd));
  parameter real WN=10u;
  parameter real WP=20u;
  parameter real L=0.09u;
      input in;
      output out;
      electrical in,out,vdd,gnd;
  PMOS #(.w(WP),.l(L)) M1 (.d(out),.g(in),.s(vdd),.b(vdd));
  NMOS #(.w(WN),.l(L)) M2 (.d(out),.g(in),.s(gnd),.b(gnd));
endmodule // NOT

module inv_chain (.in(in),.out(out),.vdd(vdd),.gnd(gnd));
  parameter real WN=10u;
  parameter real WP=20u;
  parameter real L=0.09u;
  parameter real RSH=1G;
      input in, vdd, gnd;
      output out;
      electrical in, out, vdd, gnd;
  //    // TODO: Generalize to N inverters
  NOT #(.L(L),.WN(WN),.WP(WP)) U1 (in, n1, vdd, gnd);
  NOT #(.L(L),.WN(WN),.WP(WP)) U2 (n1, n2, vdd, gnd);
  NOT #(.L(L),.WN(WN),.WP(WP)) U3 (n2, n3, vdd, gnd);
  NOT #(.L(L),.WN(WN),.WP(WP)) U4 (n3, n4, vdd, gnd);
  NOT #(.L(L),.WN(WN),.WP(WP)) U5 (n4, out, vdd, gnd);
  //    // Weak shunt resistors (numerical stabilization)
  resistor #(.r(RSH)) Rsh1 (n1, gnd);
  resistor #(.r(RSH)) Rsh2 (n2, gnd);
  resistor #(.r(RSH)) Rsh3 (n3, gnd);
  resistor #(.r(RSH)) Rsh4 (n4, gnd);
  resistor #(.r(RSH)) Rsh5 (out, gnd);
endmodule // inv_chain

//TODO: workaround for op convergencen issues
//vmin/vmax are clamped to stabilize initial DC solution
ground gnd;
inv_chain #(.WN(WN),.WP(WP),.L(L)) UCHAIN (in, out, vdd, gnd);
capacitor #(.c(10f)) Cload (.p(out),.n(gnd));
resistor #(.r(100k)) R_load (.p(out),.n(gnd));
vsource #(.dc(VNOM)) Vdd (.p(vdd),.n(gnd));
vpulse #(.val0(0.0),.val1(VNOM),.td(1.0n),.rise(0.1n),.fall(0.1n),.width(0.5n),.period(1.4n)) Vin (.p(in),.n(gnd));
#Time       v(in)      v(out)     iter(0)   
did not converge
 0.         0.         1.1997     5.144E+3  
 10.E-12    3.E-15     1.1997     14.       
 20.E-12   -3.E-15     1.1997     4.        
 30.E-12    3.E-15     1.1997     8.        
 40.E-12   -3.E-15     1.1997     54.       
 50.E-12    3.E-15     1.1997     6.        
 60.E-12   -3.E-15     1.1997     13.       
 70.E-12    3.E-15     1.1997     8.        
 80.E-12   -3.E-15     1.1997     5.        
 90.E-12    3.E-15     1.1997     4.        
 100.E-12  -3.E-15     1.1997     8.        
 110.E-12   3.E-15     1.1997     8.        
 120.E-12  -3.E-15     1.1997     17.       
 130.E-12   3.E-15     1.1997     13.       
 140.E-12   3.E-15     1.1997     32.       
 150.E-12  -3.E-15     1.1997     5.        
 160.E-12   3.E-15     1.1997     17.       
 170.E-12  -3.E-15     1.1997     5.        
 180.E-12   3.E-15     1.1997     11.       
 190.E-12   3.E-15     1.1997     32.       
 200.E-12  -3.E-15     1.1997     8.        
 210.E-12   3.E-15     1.1997     7.        
 220.E-12  -3.E-15     1.1997     7.        
 230.E-12   3.E-15     1.1997     6.        
 240.E-12  -4.E-15     1.1997     17.       
 250.E-12   4.E-15     1.1997     11.       
 260.E-12  -3.E-15     1.1997     6.        
 270.E-12   3.E-15     1.1997     5.        
 280.E-12  -4.E-15     1.1997     18.       
 290.E-12   4.E-15     1.1997     6.        
 300.E-12   4.E-15     1.1997     29.       
 310.E-12  -4.E-15     1.1997     6.        
 320.E-12   4.E-15     1.1997     4.        
 330.E-12  -4.E-15     1.1997     8.        
 340.E-12   4.E-15     1.1997     4.        
 350.E-12  -4.E-15     1.1997     6.        
 360.E-12   4.E-15     1.1997     11.       
 370.E-12  -4.E-15     1.1997     17.       
 380.E-12   3.E-15     1.1997     8.        
 390.E-12  -4.E-15     1.1997     14.       
 400.E-12   3.E-15     1.1997     7.        
 410.E-12  -3.E-15     1.1997     8.        
 420.E-12   4.E-15     1.1997     16.       
 430.E-12  -3.E-15     1.1997     7.        
 440.E-12   3.E-15     1.1997     6.        
 450.E-12  -3.E-15     1.1997     7.        
 460.E-12   3.E-15     1.1997     6.        
 470.E-12  -4.E-15     1.1997     7.        
 480.E-12   4.E-15     1.1997     4.        
 490.E-12  -3.E-15     1.1997     17.       
 500.E-12   3.E-15     1.1997     8.        
 510.E-12  -3.E-15     1.1997     16.       
 520.E-12   3.E-15     1.1997     4.        
 530.E-12  -3.E-15     1.1997     7.        
 540.E-12   3.E-15     1.1997     6.        
 550.E-12  -3.E-15     1.1997     5.        
 560.E-12  -3.E-15     1.1997     38.       
 570.E-12   3.E-15     1.1997     4.        
 580.E-12  -3.E-15     1.1997     16.       
 590.E-12   3.E-15     1.1997     8.        
 600.E-12  -3.E-15     1.1997     5.        
 610.E-12   3.E-15     1.1997     7.        
 620.E-12  -3.E-15     1.1997     8.        
 630.E-12   3.E-15     1.1997     16.       
 640.E-12  -3.E-15     1.1997     14.       
 650.E-12  -3.E-15     1.1997     30.       
 660.E-12  -3.E-15     1.1997     36.       
 670.E-12   3.E-15     1.1997     8.        
 680.E-12  -3.E-15     1.1997     6.        
 690.E-12   3.E-15     1.1997     5.        
 700.E-12  -3.E-15     1.1997     13.       
 710.E-12   3.E-15     1.1997     6.        
 720.E-12  -3.E-15     1.1997     18.       
 730.E-12   3.E-15     1.1997     4.        
 740.E-12   3.E-15     1.1997     32.       
 750.E-12  -3.E-15     1.1997     16.       
 760.E-12   3.E-15     1.1997     10.       
 770.E-12   4.E-15     1.1997     31.       
 780.E-12  -4.E-15     1.1997     6.        
 790.E-12   4.E-15     1.1997     16.       
 800.E-12  -3.E-15     1.1997     10.       
 810.E-12  -3.E-15     1.1997     32.       
 820.E-12  -3.E-15     1.1997     31.       
 830.E-12   3.E-15     1.1997     8.        
 840.E-12  -3.E-15     1.1997     4.        
 850.E-12   3.E-15     1.1997     17.       
 860.E-12  -3.E-15     1.1997     10.       
 870.E-12   3.E-15     1.1997     5.        
 880.E-12  -4.E-15     1.1997     8.        
 890.E-12   4.E-15     1.1997     4.        
 900.E-12  -3.E-15     1.1997     7.        
 910.E-12   3.E-15     1.1997     5.        
 920.E-12  -3.E-15     1.1997     7.        
 930.E-12   3.E-15     1.1997     16.       
 940.E-12  -4.E-15     1.1997     7.        
 950.E-12  -3.E-15     1.1997     31.       
 960.E-12  -4.E-15     1.1997     37.       
 970.E-12   3.E-15     1.1997     5.        
 980.E-12  -4.E-15     1.1997     16.       
 990.E-12   4.E-15     1.1997     9.        
 1.E-9      4.E-15     1.1997     32.       
 1.01E-9    0.12       1.1997     27.       
 1.02E-9    0.24       1.1997     8.        
 1.03E-9    0.36       1.1997     5.        
 1.04E-9    0.48       1.1997     5.        
 1.05E-9    0.6        1.1997     5.        
 1.06E-9    0.72       1.1997     5.        
 1.07E-9    0.84       1.1997     5.        
 1.08E-9    0.96       1.1997     5.        
 1.09E-9    1.08       1.1997     5.        
 1.1E-9     1.2        1.2001     5.        
 1.11E-9    1.2        1.2004     20.       
 1.12E-9    1.2        1.1998     10.       
 1.13E-9    1.2        1.1942     10.       
 1.14E-9    1.2        1.1939     10.       
 1.15E-9    1.2        1.1974     10.       
 1.16E-9    1.2        1.2254     10.       
 1.17E-9    1.2        1.2761     10.       
 1.18E-9    1.2        1.3113     10.       
 1.19E-9    1.2        0.93822    10.       
 1.2E-9     1.2        0.30878    10.       
 1.21E-9    1.2        0.036843   10.       
 1.22E-9    1.2        0.00501    10.       
 1.23E-9    1.2        863.06E-6  10.       
 1.24E-9    1.2        144.9E-6   5.        
 1.25E-9    1.2        39.493E-6  5.        
 1.26E-9    1.2        14.039E-6  5.        
 1.27E-9    1.2        2.6133E-6  4.        
 1.28E-9    1.2        1.707E-6   4.        
 1.29E-9    1.2       -45.021E-9  5.        
 1.3E-9     1.2        326.84E-9  5.        
 1.31E-9    1.2       -98.983E-9  10.       
 1.32E-9    1.2        93.457E-9  6.        
 1.33E-9    1.2       -37.75E-9   5.        
 1.34E-9    1.2        31.365E-9  16.       
 1.35E-9    1.2       -8.1527E-9  6.        
 1.36E-9    1.2        11.121E-9  6.        
 1.37E-9    1.2        3.8388E-9  7.        
 1.38E-9    1.2        4.2567E-9  5.        
 1.39E-9    1.2        8.1228E-9  5.        
 1.4E-9     1.2        991.8E-12  15.       
 1.41E-9    1.2       -328.8E-12  29.       
 1.42E-9    1.2        10.499E-9  7.        
 1.43E-9    1.2       -268.E-12   15.       
 1.44E-9    1.2       -516.6E-12  32.       
 1.45E-9    1.2       -261.E-12   33.       
 1.46E-9    1.2        10.615E-9  5.        
 1.47E-9    1.2       -174.2E-12  7.        
 1.48E-9    1.2        10.532E-9  6.        
 1.49E-9    1.2       -232.3E-12  14.       
 1.5E-9     1.2        10.539E-9  6.        
 1.51E-9    1.2       -279.7E-12  8.        
 1.52E-9    1.2        10.473E-9  7.        
 1.53E-9    1.2       -163.E-12   7.        
 1.54E-9    1.2        10.68E-9   5.        
 1.55E-9    1.2       -380.8E-12  14.       
 1.56E-9    1.2        10.683E-9  11.       
 1.57E-9    1.2       -95.79E-12  10.       
 1.58E-9    1.2        10.599E-9  5.        
 1.59E-9    1.2       -370.7E-12  12.       
 1.6E-9     1.2        10.518E-9  5.        
 1.61E-9    1.08       52.179E-6  19.       
 1.62E-9    0.96      -23.478E-6  9.        
 1.63E-9    0.84      -2.7905E-6  5.        
 1.64E-9    0.72       6.1612E-6  5.        
 1.65E-9    0.6        23.087E-6  5.        
 1.66E-9    0.48       26.637E-6  5.        
 1.67E-9    0.36       42.845E-6  5.        
 1.68E-9    0.24       55.849E-6  5.        
 1.69E-9    0.12      -834.46E-6  5.        
 1.7E-9     45.174E-9 -0.0011272  5.        
 1.71E-9    41.121E-9  323.22E-6  25.       
 1.72E-9    41.498E-9  0.0058611  10.       
 1.73E-9    41.544E-9  0.010485   10.       
 1.74E-9    40.954E-9  0.0098087  10.       
 1.75E-9    40.506E-9 -0.040652   10.       
 1.76E-9    41.011E-9 -0.098649   10.       
 1.77E-9    41.E-9    -0.11392    10.       
 1.78E-9    40.836E-9  0.21382    10.       
 1.79E-9    40.758E-9  0.87563    10.       
 1.8E-9     40.841E-9  1.1684     10.       
 1.81E-9    40.712E-9  1.1889     10.       
 1.82E-9    40.736E-9  1.1962     10.       
 1.83E-9    40.75E-9   1.1986     9.        
 1.84E-9   -40.747E-9  1.1993     5.        
 1.85E-9    40.751E-9  1.1996     5.        
 1.86E-9   -40.749E-9  1.1997     5.        
 1.87E-9    40.75E-9   1.1997     4.        
 1.88E-9   -40.75E-9   1.1997     4.        
 1.89E-9    40.75E-9   1.1997     4.        
 1.9E-9    -40.75E-9   1.1997     4.        
 1.91E-9    40.75E-9   1.1997     4.        
 1.92E-9   -40.75E-9   1.1997     4.        
 1.93E-9    40.75E-9   1.1997     4.        
 1.94E-9   -40.75E-9   1.1997     5.        
 1.95E-9    40.75E-9   1.1997     11.       
 1.96E-9   -40.75E-9   1.1997     5.        
 1.97E-9    40.75E-9   1.1997     10.       
 1.98E-9   -40.75E-9   1.1997     5.        
 1.99E-9    40.75E-9   1.1997     8.        
 2.E-9     -40.75E-9   1.1997     5.        
 2.01E-9    40.75E-9   1.1997     7.        
 2.02E-9    40.75E-9   1.1997     35.       
 2.03E-9   -40.75E-9   1.1997     6.        
 2.04E-9    40.75E-9   1.1997     21.       
 2.05E-9   -40.75E-9   1.1997     7.        
 2.06E-9    40.749E-9  1.1997     21.       
 2.07E-9   -40.749E-9  1.1997     7.        
 2.08E-9    40.749E-9  1.1997     7.        
 2.09E-9   -40.749E-9  1.1997     7.        
 2.1E-9     40.749E-9  1.1997     5.        
 2.11E-9   -40.749E-9  1.1997     13.       
 2.12E-9    40.749E-9  1.1997     20.       
 2.13E-9   -40.749E-9  1.1997     5.        
 2.14E-9    40.749E-9  1.1997     21.       
 2.15E-9    40.749E-9  1.1997     32.       
 2.16E-9   -40.749E-9  1.1997     5.        
 2.17E-9    40.749E-9  1.1997     6.        
 2.18E-9   -40.749E-9  1.1997     8.        
 2.19E-9    40.749E-9  1.1997     5.        
 2.2E-9    -40.749E-9  1.1997     7.        
 2.21E-9    40.749E-9  1.1997     10.       
 2.22E-9   -40.749E-9  1.1997     8.        
 2.23E-9    40.749E-9  1.1997     21.       
 2.24E-9   -40.749E-9  1.1997     8.        
 2.25E-9    40.749E-9  1.1997     6.        
 2.26E-9    40.749E-9  1.1997     32.       
 2.27E-9   -40.748E-9  1.1997     62.       
 2.28E-9    40.748E-9  1.1997     15.       
 2.29E-9   -40.748E-9  1.1997     5.        
 2.3E-9     40.748E-9  1.1997     5.        
 2.31E-9   -40.748E-9  1.1997     5.        
 2.32E-9    40.748E-9  1.1997     17.       
 2.33E-9    40.748E-9  1.1997     33.       
 2.34E-9   -40.748E-9  1.1997     10.       
 2.35E-9    40.748E-9  1.1997     8.        
 2.36E-9    40.748E-9  1.1997     32.       
 2.37E-9    40.748E-9  1.1997     38.       
 2.38E-9   -40.747E-9  1.1997     57.       
 2.39E-9    40.747E-9  1.1997     12.       
 2.4E-9    -40.747E-9  1.1997     6.        
 2.41E-9    0.12       1.1997     27.       
 2.42E-9    0.24       1.1997     8.        
 2.43E-9    0.36       1.1997     5.        
 2.44E-9    0.48       1.1997     5.        
 2.45E-9    0.6        1.1997     5.        
 2.46E-9    0.72       1.1997     5.        
 2.47E-9    0.84       1.1997     5.        
 2.48E-9    0.96       1.1997     5.        
 2.49E-9    1.08       1.1997     5.        
 2.5E-9     1.2        1.2001     5.        
 2.51E-9    1.2        1.2004     20.       
 2.52E-9    1.2        1.1998     10.       
 2.53E-9    1.2        1.1942     10.       
 2.54E-9    1.2        1.1939     10.       
 2.55E-9    1.2        1.1974     10.       
 2.56E-9    1.2        1.2254     10.       
 2.57E-9    1.2        1.2761     10.       
 2.58E-9    1.2        1.3113     10.       
 2.59E-9    1.2        0.93822    10.       
 2.6E-9     1.2        0.30878    10.       
 2.61E-9    1.2        0.036843   10.       
 2.62E-9    1.2        0.00501    10.       
 2.63E-9    1.2        863.05E-6  10.       
 2.64E-9    1.2        144.91E-6  5.        
 2.65E-9    1.2        39.482E-6  5.        
 2.66E-9    1.2        14.05E-6   5.        
 2.67E-9    1.2        2.6022E-6  4.        
 2.68E-9    1.2        1.7183E-6  4.        
 2.69E-9    1.2       -56.425E-9  4.        
 2.7E-9     1.2        337.94E-9  5.        
 2.71E-9    1.2       -110.71E-9  5.        
 2.72E-9    1.2        103.29E-9  8.        
 2.73E-9    1.2       -50.395E-9  11.       
 2.74E-9    1.2        42.317E-9  5.        
 2.75E-9    1.2       -19.215E-9  5.        
 2.76E-9    1.2        22.333E-9  5.        
 2.77E-9    1.2       -7.3564E-9  14.       
 2.78E-9    1.2        15.468E-9  6.        
 2.79E-9    1.2       -3.1512E-9  13.       
 2.8E-9     1.2        12.228E-9  7.        
 2.81E-9    1.2       -1.4471E-9  14.       
 2.82E-9    1.2        11.656E-9  11.       
 2.83E-9    1.2       -957.1E-12  14.       
 2.84E-9    1.2        11.401E-9  5.        
 2.85E-9    1.2       -808.4E-12  7.        
 2.86E-9    1.2        10.982E-9  5.        
 2.87E-9    1.2       -802.2E-12  10.       
 2.88E-9    1.2        10.993E-9  5.        
 2.89E-9    1.2       -720.4E-12  14.       
 2.9E-9     1.2        11.016E-9  6.        
 2.91E-9    1.2       -701.1E-12  5.        
 2.92E-9    1.2        11.053E-9  5.        
 2.93E-9    1.2       -825.9E-12  15.       
 2.94E-9    1.2        10.968E-9  8.        
 2.95E-9    1.2       -561.E-12   13.       
 2.96E-9    1.2        11.106E-9  6.        
 2.97E-9    1.2       -816.3E-12  7.        
 2.98E-9    1.2        10.99E-9   6.        
 2.99E-9    1.2       -684.8E-12  6.        
 3.E-9      1.2        10.978E-9  6.        
 3.01E-9    1.08       52.179E-6  19.       
 3.02E-9    0.96      -23.478E-6  9.        
 3.03E-9    0.84      -2.7901E-6  5.        
 3.04E-9    0.72       6.1606E-6  5.        
 3.05E-9    0.6        23.087E-6  5.        
 3.06E-9    0.48       26.636E-6  5.        
 3.07E-9    0.36       42.846E-6  5.        
 3.08E-9    0.24       55.849E-6  5.        
 3.09E-9    0.12      -834.46E-6  5.        
 3.1E-9     46.28E-9  -0.0011272  5.        
 3.11E-9    42.313E-9  289.37E-6  26.       
 3.12E-9    42.624E-9  0.0058301  10.       
 3.13E-9    42.669E-9  0.010477   10.       
 3.14E-9    42.079E-9  0.0098109  10.       
 3.15E-9    41.632E-9 -0.040643   10.       
 3.16E-9    42.136E-9 -0.098642   10.       
 3.17E-9    42.125E-9 -0.11393    10.       
 3.18E-9    41.961E-9  0.21373    10.       
 3.19E-9    41.884E-9  0.87553    10.       
 3.2E-9     41.966E-9  1.1684     10.       
 3.21E-9    41.838E-9  1.1889     10.       
 3.22E-9    41.861E-9  1.1962     10.       
 3.23E-9    41.875E-9  1.1986     9.        
 3.24E-9   -41.872E-9  1.1993     5.        
 3.25E-9    41.876E-9  1.1996     5.        
 3.26E-9   -41.874E-9  1.1997     5.        
 3.27E-9    41.875E-9  1.1997     4.        
 3.28E-9   -41.875E-9  1.1997     4.        
 3.29E-9    41.875E-9  1.1997     4.        
 3.3E-9    -41.875E-9  1.1997     5.        
 3.31E-9    41.875E-9  1.1997     5.        
 3.32E-9   -41.875E-9  1.1997     5.        
 3.33E-9    41.875E-9  1.1997     5.        
 3.34E-9   -41.875E-9  1.1997     5.        
 3.35E-9    41.875E-9  1.1997     11.       
 3.36E-9   -41.875E-9  1.1997     6.        
 3.37E-9    41.875E-9  1.1997     19.       
 3.38E-9   -41.875E-9  1.1997     4.        
 3.39E-9   -41.875E-9  1.1997     33.       
 3.4E-9     41.875E-9  1.1997     15.       
 3.41E-9   -41.875E-9  1.1997     9.        
 3.42E-9    41.875E-9  1.1997     16.       
 3.43E-9   -41.875E-9  1.1997     10.       
 3.44E-9    41.875E-9  1.1997     19.       
 3.45E-9    41.875E-9  1.1997     33.       
 3.46E-9   -41.875E-9  1.1997     6.        
 3.47E-9    41.875E-9  1.1997     13.       
 3.48E-9   -41.874E-9  1.1997     4.        
 3.49E-9    41.874E-9  1.1997     7.        
 3.5E-9    -41.874E-9  1.1997     4.        
 3.51E-9    41.874E-9  1.1997     20.       
 3.52E-9   -41.874E-9  1.1997     14.       
 3.53E-9    41.874E-9  1.1997     5.        
 3.54E-9   -41.874E-9  1.1997     12.       
 3.55E-9   -41.874E-9  1.1997     33.       
 3.56E-9    41.874E-9  1.1997     14.       
 3.57E-9   -41.874E-9  1.1997     7.        
 3.58E-9   -41.874E-9  1.1997     34.       
 3.59E-9    41.874E-9  1.1997     15.       
 3.6E-9    -41.874E-9  1.1997     7.        
 3.61E-9    41.874E-9  1.1997     13.       
 3.62E-9   -41.874E-9  1.1997     11.       
 3.63E-9   -41.874E-9  1.1997     37.       
 3.64E-9    41.874E-9  1.1997     10.       
 3.65E-9   -41.874E-9  1.1997     8.        
 3.66E-9    41.874E-9  1.1997     18.       
 3.67E-9   -41.874E-9  1.1997     6.        
 3.68E-9    41.873E-9  1.1997     9.        
 3.69E-9    41.873E-9  1.1997     33.       
 3.7E-9    -41.873E-9  1.1997     5.        
 3.71E-9    41.873E-9  1.1997     58.       
 3.72E-9   -41.873E-9  1.1997     5.        
 3.73E-9    41.873E-9  1.1997     21.       
 3.74E-9   -41.873E-9  1.1997     12.       
 3.75E-9    41.873E-9  1.1997     20.       
 3.76E-9   -41.873E-9  1.1997     10.       
 3.77E-9    41.873E-9  1.1997     11.       
 3.78E-9   -41.873E-9  1.1997     12.       
 3.79E-9   -41.873E-9  1.1997     34.       
 3.8E-9     41.873E-9  1.1997     10.       
 3.81E-9    0.12       1.1997     27.       
 3.82E-9    0.24       1.1997     8.        
 3.83E-9    0.36       1.1997     5.        
 3.84E-9    0.48       1.1997     5.        
 3.85E-9    0.6        1.1997     5.        
 3.86E-9    0.72       1.1997     5.        
 3.87E-9    0.84       1.1997     5.        
 3.88E-9    0.96       1.1997     5.        
 3.89E-9    1.08       1.1997     5.        
 3.9E-9     1.2        1.2001     5.        
 3.91E-9    1.2        1.2004     20.       
 3.92E-9    1.2        1.1998     10.       
 3.93E-9    1.2        1.1942     10.       
 3.94E-9    1.2        1.1939     10.       
 3.95E-9    1.2        1.1974     10.       
 3.96E-9    1.2        1.2254     10.       
 3.97E-9    1.2        1.2761     10.       
 3.98E-9    1.2        1.3113     10.       
 3.99E-9    1.2        0.93822    10.       
 4.E-9      1.2        0.30878    10.       
Gnucap   System status
iterations: op=0, dc=0, tran=9554, fourier=0, total=10095
transient timesteps: accepted=536, rejected=42, total=578
nodes: user=3, subckt=4, model=152, total=159
dctran density=9.5%, ac density=9.5%
