Gnucap : The Gnu Circuit Analysis Package
Never trust any version less than 1.0
Copyright 1982-2013, Albert Davis
Gnucap comes with ABSOLUTELY NO WARRANTY
This is free software, and you are welcome
to redistribute it under the terms of 
the GNU General Public License, version 3 or later.
See the file "COPYING" for details.
main version: noinsensitive 2025.10.15
core-lib version: noinsensitive 2025.10.15
default plugins: noinsensitive 2025.10.15
param: already installed, replacing
stashing as param:0
parameters: already installed, replacing
stashing as parameters:0
parameter: already installed, replacing
stashing as parameter:0
logic: already installed, replacing
stashing as logic:0
spice: already installed, replacing
stashing as spice:0
acs: already installed, replacing
stashing as acs:0
;: already installed, replacing
stashing as ;:0
#: already installed, replacing
stashing as #:0
*: already installed, replacing
stashing as *:0
': already installed, replacing
stashing as ':0
": already installed, replacing
stashing as ":0
dev_comment: already installed, replacing
stashing as dev_comment:0
.model: already installed, replacing
stashing as .model:0
.subckt: already installed, replacing
stashing as .subckt:0
.macro: already installed, replacing
stashing as .macro:0
.lib: already installed, replacing
stashing as .lib:0
lib: already installed, replacing
stashing as lib:0
.include: already installed, replacing
stashing as .include:0
.merge: already installed, replacing
stashing as .merge:0
merge: already installed, replacing
stashing as merge:0
<: already installed, replacing
stashing as <:0
.get: already installed, replacing
stashing as .get:0
get: already installed, replacing
stashing as get:0
.build: already installed, replacing
stashing as .build:0
build: already installed, replacing
stashing as build:0
spice: already installed, replacing
stashing as spice:0
`spice: already installed, replacing
stashing as `spice:0
acs: already installed, replacing
stashing as acs:0
.endc: already installed, replacing
stashing as .endc:0
.control: already installed, replacing
stashing as .control:0
verilog: already installed, replacing
stashing as verilog:0
paramset: already installed, replacing
stashing as paramset:0
module: already installed, replacing
stashing as module:0
macromodule: already installed, replacing
stashing as macromodule:0
verilog: already installed, replacing
stashing as verilog:0
quit: already installed, replacing
stashing as quit:0
exit: already installed, replacing
stashing as exit:0
detach_all: already installed, replacing
stashing as detach_all:0
paramset NMOS PSP104VA;
  parameter real l=1.0u;
   parameter real w=1.0u;
   parameter integer nf=1;
   parameter real ad=1.0e-12;
   parameter real pd=1.0e-6;
   parameter real as=1.0e-12;
   parameter real ps=1.0e-6;
   parameter real sa=0.0;
   parameter real sb=0.0;
   parameter real sd=0.0;
 .TYPE=1; .L=l; .W=w; .NF=nf; .AD=ad; .PD=pd; .AS=as; .PS=ps; .SA=sa; .SB=sb; .SD=sd;
endparamset

paramset PMOS PSP104VA;
  parameter real l=1.0u;
   parameter real w=1.0u;
   parameter integer nf=1;
   parameter real ad=1.0e-12;
   parameter real pd=1.0e-6;
   parameter real as=1.0e-12;
   parameter real ps=1.0e-6;
   parameter real sa=0.0;
   parameter real sb=0.0;
   parameter real sd=0.0;
 .TYPE=(- 1); .L=l; .W=w; .NF=nf; .AD=ad; .PD=pd; .AS=as; .PS=ps; .SA=sa; .SB=sb; .SD=sd;
endparamset

parameter real L=0.09u; // MOSFET length 
parameter real WN=10.0u; // NMOS width 
parameter real WP=20.0u; // PMOS width 
parameter real VNOM=1.2; // Nominal supply (V) 
// CMOS NAND2 Gate
module NAND2 (.in1(in1),.in2(in2),.out(out),.vdd(vdd),.gnd(gnd));
      parameter real WN=10u;
      parameter real WP=20u;
      parameter real L=0.09u;
      input in1, in2;
      output out;
      electrical in1, in2, out, vdd, gnd;
      electrical t1;
  PMOS #(.w(WP),.l(L)) MP1 (.d(vdd),.g(in1),.s(out),.b(vdd));
  PMOS #(.w(WP),.l(L)) MP2 (.d(vdd),.g(in2),.s(out),.b(vdd));
  NMOS #(.w(WN),.l(L)) MN1 (.d(t1),.g(in1),.s(out),.b(gnd));
  NMOS #(.w(WN),.l(L)) MN2 (.d(gnd),.g(in2),.s(t1),.b(gnd));
endmodule // NAND2

//TODO: workaround for op convergencen issues
//vmin/vmax are clamped to stabilize initial DC solution
ground gnd;
NAND2 #(.WN(WN),.WP(WP),.L(L)) XNAND2 (in1, in2, out, vdd, gnd);
capacitor #(.c(10f)) Cload (.p(out),.n(gnd));
vsource #(.dc(VNOM)) Vdd (.p(vdd),.n(gnd));
vpulse #(.val0(0.0),.val1(VNOM),.td(0.1n),.rise(0.1n),.fall(0.1n),.width(2.0n),.period(4.0n)) Vin1 (.p(in1),.n(gnd));
vpulse #(.val0(0.0),.val1(VNOM),.td(1.1n),.rise(0.1n),.fall(0.1n),.width(2.0n),.period(4.0n)) Vin2 (.p(in2),.n(gnd));
#Time       v(in1)     v(in2)     v(out)     iter(0)   
open circuit: internal node 65
 0.         0.         0.         1.2        34.       
 10.E-12   -157.E-15  -109.E-15   1.2        8.        
 20.E-12    180.E-15   124.E-15   1.2        4.        
 30.E-12    214.E-15   147.E-15   1.2        35.       
 40.E-12   -219.E-15  -151.E-15   1.2        80.       
 50.E-12    219.E-15   151.E-15   1.2        86.       
 60.E-12    219.E-15   151.E-15   1.2        130.      
 70.E-12   -219.E-15  -151.E-15   1.2        10.       
 80.E-12    219.E-15   151.E-15   1.2        4.        
 90.E-12    219.E-15   151.E-15   1.2        148.      
 100.E-12  -219.E-15  -151.E-15   1.2        11.       
 110.E-12   0.12       4.4459E-9  1.2083     26.       
 120.E-12   0.24      -2.4643E-9  1.2089     4.        
 130.E-12   0.36       4.4632E-9  1.2097     4.        
 140.E-12   0.48      -2.4457E-9  1.2107     4.        
 150.E-12   0.6        4.4892E-9  1.212      4.        
 160.E-12   0.72      -2.4224E-9  1.2136     4.        
 170.E-12   0.84       4.4671E-9  1.2146     4.        
 180.E-12   0.96      -2.4236E-9  1.2147     4.        
 190.E-12   1.08       4.612E-9   1.2141     5.        
 200.E-12   1.2       -2.1245E-9  1.2132     5.        
 210.E-12   1.2        93.95E-12  1.1986     18.       
 220.E-12   1.2        25.54E-12  1.199      8.        
 230.E-12   1.2        301.7E-12  1.1992     4.        
 240.E-12   1.2       -50.31E-12  1.1994     4.        
 250.E-12   1.2        253.E-12   1.1995     4.        
 260.E-12   1.2       -84.16E-12  1.1996     4.        
 270.E-12   1.2        228.4E-12  1.1996     4.        
 280.E-12   1.2       -102.8E-12  1.1997     4.        
 290.E-12   1.2        213.8E-12  1.1997     4.        
 300.E-12   1.2       -114.5E-12  1.1998     4.        
 310.E-12   1.2        204.3E-12  1.1998     4.        
 320.E-12   1.2       -122.4E-12  1.1998     4.        
 330.E-12   1.2        197.6E-12  1.1998     4.        
 340.E-12   1.2       -128.1E-12  1.1998     4.        
 350.E-12   1.2        192.7E-12  1.1998     4.        
 360.E-12   1.2       -132.4E-12  1.1998     4.        
 370.E-12   1.2        188.9E-12  1.1999     4.        
 380.E-12   1.2       -135.8E-12  1.1999     4.        
 390.E-12   1.2        185.9E-12  1.1999     4.        
 400.E-12   1.2       -138.4E-12  1.1999     4.        
 410.E-12   1.2        183.5E-12  1.1999     4.        
 420.E-12   1.2       -140.6E-12  1.1999     4.        
 430.E-12   1.2        181.5E-12  1.1999     4.        
 440.E-12   1.2       -142.4E-12  1.1999     4.        
 450.E-12   1.2        179.8E-12  1.1999     4.        
 460.E-12   1.2       -144.E-12   1.1999     4.        
 470.E-12   1.2        178.4E-12  1.1999     4.        
 480.E-12   1.2       -145.3E-12  1.1999     4.        
 490.E-12   1.2        177.2E-12  1.1999     4.        
 500.E-12   1.2       -146.4E-12  1.1999     4.        
 510.E-12   1.2        176.2E-12  1.1999     4.        
 520.E-12   1.2       -147.4E-12  1.1999     4.        
 530.E-12   1.2        175.2E-12  1.1999     4.        
 540.E-12   1.2       -148.2E-12  1.1999     4.        
 550.E-12   1.2        174.4E-12  1.1999     4.        
 560.E-12   1.2       -149.E-12   1.1999     4.        
 570.E-12   1.2        173.7E-12  1.1999     4.        
 580.E-12   1.2       -149.7E-12  1.1999     4.        
 590.E-12   1.2        173.E-12   1.1999     4.        
 600.E-12   1.2       -150.3E-12  1.1999     4.        
 610.E-12   1.2        172.5E-12  1.1999     4.        
 620.E-12   1.2       -150.9E-12  1.1999     4.        
 630.E-12   1.2        171.9E-12  1.1999     4.        
 640.E-12   1.2       -151.4E-12  1.1999     4.        
 650.E-12   1.2        171.5E-12  1.1999     4.        
 660.E-12   1.2       -151.8E-12  1.1999     4.        
 670.E-12   1.2        171.E-12   1.2        4.        
 680.E-12   1.2       -152.3E-12  1.2        3.        
 690.E-12   1.2        170.6E-12  1.2        3.        
 700.E-12   1.2       -152.6E-12  1.2        3.        
 710.E-12   1.2        170.2E-12  1.2        3.        
 720.E-12   1.2       -153.E-12   1.2        3.        
 730.E-12   1.2        169.9E-12  1.2        3.        
 740.E-12   1.2       -153.3E-12  1.2        3.        
 750.E-12   1.2        169.6E-12  1.2        3.        
 760.E-12   1.2       -153.6E-12  1.2        3.        
 770.E-12   1.2        169.3E-12  1.2        3.        
 780.E-12   1.2       -153.9E-12  1.2        3.        
 790.E-12   1.2        169.E-12   1.2        3.        
 800.E-12   1.2       -154.2E-12  1.2        3.        
 810.E-12   1.2        168.8E-12  1.2        3.        
 820.E-12   1.2       -154.4E-12  1.2        3.        
 830.E-12   1.2        168.5E-12  1.2        3.        
 840.E-12   1.2       -154.6E-12  1.2        3.        
 850.E-12   1.2        168.3E-12  1.2        3.        
 860.E-12   1.2       -154.9E-12  1.2        3.        
 870.E-12   1.2        168.1E-12  1.2        3.        
 880.E-12   1.2       -155.1E-12  1.2        3.        
 890.E-12   1.2        167.9E-12  1.2        3.        
 900.E-12   1.2       -155.3E-12  1.2        3.        
 910.E-12   1.2        167.7E-12  1.2        3.        
 920.E-12   1.2       -155.4E-12  1.2        3.        
 930.E-12   1.2        167.5E-12  1.2        3.        
 940.E-12   1.2       -155.6E-12  1.2        3.        
 950.E-12   1.2        167.4E-12  1.2        3.        
 960.E-12   1.2       -155.8E-12  1.2        3.        
 970.E-12   1.2        167.2E-12  1.2        3.        
 980.E-12   1.2       -155.9E-12  1.2        3.        
 990.E-12   1.2        167.1E-12  1.2        3.        
 1.E-9      1.2       -156.1E-12  1.2        3.        
 1.01E-9    1.2        166.9E-12  1.2        3.        
 1.02E-9    1.2       -156.2E-12  1.2        3.        
 1.03E-9    1.2        166.8E-12  1.2        3.        
 1.04E-9    1.2       -156.3E-12  1.2        3.        
 1.05E-9    1.2        166.7E-12  1.2        3.        
 1.06E-9    1.2       -156.4E-12  1.2        3.        
 1.07E-9    1.2        166.5E-12  1.2        3.        
 1.08E-9    1.2       -156.6E-12  1.2        3.        
 1.09E-9    1.2        166.4E-12  1.2        3.        
 1.1E-9     1.2       -156.7E-12  1.2        3.        
 1.11E-9    1.2        0.12       1.2118     26.       
 1.12E-9    1.2        0.24       1.2137     8.        
 1.13E-9    1.2        0.36       1.2165     4.        
 1.14E-9    1.2        0.48       1.221      4.        
 1.15E-9    1.2        0.6        1.2291     5.        
 1.16E-9    1.2        0.72       1.2447     5.        
 1.17E-9    1.2        0.84       1.2213     5.        
 1.18E-9    1.2        0.96       1.0821     5.        
 1.19E-9    1.2        1.08       0.85541    5.        
 1.2E-9     1.2        1.2        0.59694    4.        
 1.21E-9    1.2        1.2        0.31194    16.       
 1.22E-9    1.2        1.2        0.13699    10.       
 1.23E-9    1.2        1.2        0.052901   5.        
 1.24E-9    1.2        1.2        0.019393   5.        
 1.25E-9    1.2        1.2        0.0069505  5.        
 1.26E-9    1.2        1.2        0.0024926  5.        
 1.27E-9    1.2        1.2        878.49E-6  5.        
 1.28E-9    1.2        1.2        317.97E-6  5.        
 1.29E-9    1.2        1.2        107.89E-6  4.        
 1.3E-9     1.2        1.2        42.097E-6  4.        
 1.31E-9    1.2        1.2        12.187E-6  4.        
 1.32E-9    1.2        1.2        6.4324E-6  4.        
 1.33E-9    1.2        1.2        743.32E-9  4.        
 1.34E-9    1.2        1.2        1.4396E-6  4.        
 1.35E-9    1.2        1.2       -341.48E-9  4.        
 1.36E-9    1.2        1.2        537.51E-9  4.        
 1.37E-9    1.2        1.2       -276.2E-9   4.        
 1.38E-9    1.2        1.2        272.04E-9  4.        
 1.39E-9    1.2        1.2       -154.75E-9  4.        
 1.4E-9     1.2        1.2        153.83E-9  4.        
 1.41E-9    1.2        1.2       -76.109E-9  4.        
 1.42E-9    1.2        1.2        91.554E-9  4.        
 1.43E-9    1.2        1.2       -30.78E-9   4.        
 1.44E-9    1.2        1.2        57.22E-9   4.        
 1.45E-9    1.2        1.2       -5.2649E-9  4.        
 1.46E-9    1.2        1.2        38.086E-9  4.        
 1.47E-9    1.2        1.2        9.0225E-9  4.        
 1.48E-9    1.2        1.2        27.396E-9  4.        
 1.49E-9    1.2        1.2        17.013E-9  4.        
 1.5E-9     1.2        1.2        21.42E-9   4.        
 1.51E-9    1.2        1.2        21.481E-9  4.        
 1.52E-9    1.2        1.2        18.079E-9  4.        
 1.53E-9    1.2        1.2        23.979E-9  4.        
 1.54E-9    1.2        1.2        16.211E-9  4.        
 1.55E-9    1.2        1.2        25.376E-9  4.        
 1.56E-9    1.2        1.2        15.166E-9  4.        
 1.57E-9    1.2        1.2        26.157E-9  4.        
 1.58E-9    1.2        1.2        14.583E-9  4.        
 1.59E-9    1.2        1.2        26.594E-9  4.        
 1.6E-9     1.2        1.2        14.256E-9  4.        
 1.61E-9    1.2        1.2        26.838E-9  4.        
 1.62E-9    1.2        1.2        14.074E-9  4.        
 1.63E-9    1.2        1.2        26.974E-9  4.        
 1.64E-9    1.2        1.2        13.972E-9  4.        
 1.65E-9    1.2        1.2        27.05E-9   4.        
 1.66E-9    1.2        1.2        13.915E-9  4.        
 1.67E-9    1.2        1.2        27.093E-9  4.        
 1.68E-9    1.2        1.2        13.883E-9  4.        
 1.69E-9    1.2        1.2        27.117E-9  4.        
 1.7E-9     1.2        1.2        13.865E-9  4.        
 1.71E-9    1.2        1.2        27.13E-9   4.        
 1.72E-9    1.2        1.2        13.855E-9  4.        
 1.73E-9    1.2        1.2        27.138E-9  4.        
 1.74E-9    1.2        1.2        13.849E-9  4.        
 1.75E-9    1.2        1.2        27.142E-9  4.        
 1.76E-9    1.2        1.2        13.846E-9  4.        
 1.77E-9    1.2        1.2        27.144E-9  4.        
 1.78E-9    1.2        1.2        13.844E-9  4.        
 1.79E-9    1.2        1.2        27.146E-9  4.        
 1.8E-9     1.2        1.2        13.843E-9  4.        
 1.81E-9    1.2        1.2        27.146E-9  4.        
 1.82E-9    1.2        1.2        13.843E-9  4.        
 1.83E-9    1.2        1.2        27.147E-9  4.        
 1.84E-9    1.2        1.2        13.843E-9  4.        
 1.85E-9    1.2        1.2        27.147E-9  4.        
 1.86E-9    1.2        1.2        13.843E-9  4.        
 1.87E-9    1.2        1.2        27.147E-9  4.        
 1.88E-9    1.2        1.2        13.842E-9  4.        
 1.89E-9    1.2        1.2        27.147E-9  4.        
 1.9E-9     1.2        1.2        13.842E-9  4.        
 1.91E-9    1.2        1.2        27.147E-9  4.        
 1.92E-9    1.2        1.2        13.842E-9  4.        
 1.93E-9    1.2        1.2        27.147E-9  4.        
 1.94E-9    1.2        1.2        13.842E-9  4.        
 1.95E-9    1.2        1.2        27.147E-9  4.        
 1.96E-9    1.2        1.2        13.842E-9  4.        
 1.97E-9    1.2        1.2        27.147E-9  4.        
 1.98E-9    1.2        1.2        13.842E-9  4.        
 1.99E-9    1.2        1.2        27.147E-9  4.        
 2.E-9      1.2        1.2        13.842E-9  4.        
 2.01E-9    1.2        1.2        27.147E-9  4.        
 2.02E-9    1.2        1.2        13.842E-9  4.        
 2.03E-9    1.2        1.2        27.147E-9  4.        
 2.04E-9    1.2        1.2        13.842E-9  4.        
 2.05E-9    1.2        1.2        27.147E-9  4.        
 2.06E-9    1.2        1.2        13.842E-9  4.        
 2.07E-9    1.2        1.2        27.147E-9  4.        
 2.08E-9    1.2        1.2        13.842E-9  4.        
 2.09E-9    1.2        1.2        27.147E-9  4.        
 2.1E-9     1.2        1.2        13.842E-9  4.        
 2.11E-9    1.2        1.2        27.147E-9  4.        
 2.12E-9    1.2        1.2        13.842E-9  4.        
 2.13E-9    1.2        1.2        27.147E-9  4.        
 2.14E-9    1.2        1.2        13.842E-9  4.        
 2.15E-9    1.2        1.2        27.147E-9  4.        
 2.16E-9    1.2        1.2        13.842E-9  4.        
 2.17E-9    1.2        1.2        27.147E-9  4.        
 2.18E-9    1.2        1.2        13.842E-9  4.        
 2.19E-9    1.2        1.2        27.147E-9  4.        
 2.2E-9     1.2        1.2        13.842E-9  4.        
 2.21E-9    1.08       1.2       -0.045312   19.       
 2.22E-9    0.96       1.2       -0.064854   8.        
 2.23E-9    0.84       1.2       -0.075305   4.        
 2.24E-9    0.72       1.2       -0.0789     4.        
 2.25E-9    0.6        1.2       -0.051732   5.        
 2.26E-9    0.48       1.2        0.065761   5.        
 2.27E-9    0.36       1.2        0.35607    5.        
 2.28E-9    0.24       1.2        0.829      5.        
 2.29E-9    0.12       1.2        1.1541     5.        
 2.3E-9     12.132E-9  1.2        1.1836     10.       
 2.31E-9    7.5018E-9  1.2        1.1999     26.       
 2.32E-9    7.4733E-9  1.2        1.2        10.       
 2.33E-9    7.4732E-9  1.2        1.2        53.       
 2.34E-9    7.4732E-9  1.2        1.2        45.       
 2.35E-9    7.4731E-9  1.2        1.2        53.       
 2.36E-9    7.4731E-9  1.2        1.2        31.       
 2.37E-9    7.4731E-9  1.2        1.2        53.       
 2.38E-9   -7.4731E-9  1.2        1.2        5.        
 2.39E-9    7.473E-9   1.2        1.2        86.       
 2.4E-9    -7.4729E-9  1.2        1.2        71.       
 2.41E-9   -7.4729E-9  1.2        1.2        32.       
 2.42E-9   -7.4729E-9  1.2        1.2        41.       
 2.43E-9    7.4728E-9  1.2        1.2        61.       
 2.44E-9   -7.4728E-9  1.2        1.2        5.        
 2.45E-9    7.4728E-9  1.2        1.2        10.       
 2.46E-9    7.4728E-9  1.2        1.2        54.       
 2.47E-9   -7.4728E-9  1.2        1.2        5.        
 2.48E-9   -7.4728E-9  1.2        1.2        36.       
 2.49E-9    7.4728E-9  1.2        1.2        6.        
 2.5E-9     7.4727E-9  1.2        1.2        39.       
 2.51E-9    7.4727E-9  1.2        1.2        42.       
 2.52E-9   -7.4727E-9  1.2        1.2        5.        
 2.53E-9   -7.4727E-9  1.2        1.2        39.       
 2.54E-9   -7.4726E-9  1.2        1.2        40.       
 2.55E-9   -7.4726E-9  1.2        1.2        41.       
 2.56E-9    7.4726E-9  1.2        1.2        58.       
 2.57E-9   -7.4725E-9  1.2        1.2        71.       
 2.58E-9    7.4724E-9  1.2        1.2        62.       
 2.59E-9    7.4724E-9  1.2        1.2        35.       
 2.6E-9    -7.4724E-9  1.2        1.2        4.        
 2.61E-9   -7.4724E-9  1.2        1.2        38.       
 2.62E-9    7.4724E-9  1.2        1.2        5.        
 2.63E-9    7.4723E-9  1.2        1.2        33.       
 2.64E-9   -7.4723E-9  1.2        1.2        5.        
 2.65E-9    7.4723E-9  1.2        1.2        10.       
 2.66E-9    7.4723E-9  1.2        1.2        47.       
 2.67E-9   -7.4722E-9  1.2        1.2        67.       
 2.68E-9   -7.4722E-9  1.2        1.2        36.       
 2.69E-9    7.4722E-9  1.2        1.2        5.        
 2.7E-9     7.4722E-9  1.2        1.2        44.       
 2.71E-9    7.4722E-9  1.2        1.2        31.       
 2.72E-9   -7.4721E-9  1.2        1.2        83.       
 2.73E-9    7.472E-9   1.2        1.2        58.       
 2.74E-9    7.472E-9   1.2        1.2        40.       
 2.75E-9    7.472E-9   1.2        1.2        46.       
 2.76E-9    7.472E-9   1.2        1.2        43.       
 2.77E-9    7.4719E-9  1.2        1.2        33.       
 2.78E-9   -7.4719E-9  1.2        1.2        10.       
 2.79E-9    7.4719E-9  1.2        1.2        4.        
 2.8E-9     7.4719E-9  1.2        1.2        32.       
 2.81E-9    7.4719E-9  1.2        1.2        48.       
 2.82E-9    7.4718E-9  1.2        1.2        38.       
 2.83E-9    7.4718E-9  1.2        1.2        46.       
 2.84E-9   -7.4718E-9  1.2        1.2        66.       
 2.85E-9   -7.4717E-9  1.2        1.2        41.       
 2.86E-9   -7.4717E-9  1.2        1.2        37.       
 2.87E-9    7.4717E-9  1.2        1.2        10.       
 2.88E-9   -7.4717E-9  1.2        1.2        10.       
 2.89E-9   -7.4717E-9  1.2        1.2        36.       
 2.9E-9    -7.4716E-9  1.2        1.2        42.       
 2.91E-9   -7.4716E-9  1.2        1.2        43.       
 2.92E-9    7.4716E-9  1.2        1.2        4.        
 2.93E-9   -7.4716E-9  1.2        1.2        5.        
 2.94E-9   -7.4716E-9  1.2        1.2        41.       
 2.95E-9   -7.4716E-9  1.2        1.2        42.       
 2.96E-9    7.4715E-9  1.2        1.2        10.       
 2.97E-9    7.4715E-9  1.2        1.2        44.       
 2.98E-9   -7.4715E-9  1.2        1.2        5.        
 2.99E-9    7.4715E-9  1.2        1.2        5.        
 3.E-9      7.4715E-9  1.2        1.2        44.       
 3.01E-9    7.4715E-9  1.2        1.2        49.       
 3.02E-9    7.4714E-9  1.2        1.2        39.       
 3.03E-9    7.4714E-9  1.2        1.2        44.       
 3.04E-9    7.4714E-9  1.2        1.2        36.       
 3.05E-9   -7.4714E-9  1.2        1.2        5.        
 3.06E-9   -7.4713E-9  1.2        1.2        35.       
 3.07E-9    7.4713E-9  1.2        1.2        5.        
 3.08E-9   -7.4713E-9  1.2        1.2        10.       
 3.09E-9   -7.4713E-9  1.2        1.2        34.       
 3.1E-9    -7.4713E-9  1.2        1.2        39.       
 3.11E-9   -7.4713E-9  1.2        1.2        42.       
 3.12E-9   -7.4712E-9  1.2        1.2        36.       
 3.13E-9   -7.4712E-9  1.2        1.2        40.       
 3.14E-9   -7.4712E-9  1.2        1.2        36.       
 3.15E-9   -7.4712E-9  1.2        1.2        44.       
 3.16E-9   -7.4711E-9  1.2        1.2        36.       
 3.17E-9   -7.4711E-9  1.2        1.2        40.       
 3.18E-9   -7.4711E-9  1.2        1.2        52.       
 3.19E-9   -7.4711E-9  1.2        1.2        36.       
 3.2E-9    -7.471E-9   1.2        1.2        45.       
 3.21E-9   -4.181E-9   1.08       1.19       23.       
 3.22E-9    4.1124E-9  0.96       1.1899     4.        
 3.23E-9   -4.1943E-9  0.84       1.1899     4.        
 3.24E-9    4.0802E-9  0.72       1.1901     4.        
 3.25E-9   -4.2214E-9  0.6        1.1912     4.        
 3.26E-9    3.8365E-9  0.48       1.1923     5.        
 3.27E-9   -4.7478E-9  0.36       1.1931     5.        
 3.28E-9    3.2856E-9  0.24       1.1937     5.        
 3.29E-9   -5.0651E-9  0.12       1.1942     5.        
 3.3E-9     3.1926E-9  1.9766E-9  1.1945     4.        
 3.31E-9    679.9E-12  244.4E-12  1.2        27.       
 3.32E-9   -663.3E-12 -226.9E-12  1.2        4.        
 3.33E-9    684.3E-12  247.3E-12  1.2        4.        
 3.34E-9   -666.8E-12 -229.4E-12  1.2        4.        
 3.35E-9    685.9E-12  248.3E-12  1.2        4.        
 3.36E-9   -668.4E-12 -230.7E-12  1.2        4.        
 3.37E-9    686.3E-12  248.4E-12  1.2        4.        
 3.38E-9   -669.2E-12 -231.4E-12  1.2        4.        
 3.39E-9    686.2E-12  248.3E-12  1.2        4.        
 3.4E-9    -669.8E-12 -231.8E-12  1.2        4.        
 3.41E-9    686.1E-12  248.1E-12  1.2        4.        
 3.42E-9   -670.1E-12 -232.2E-12  1.2        4.        
 3.43E-9    685.8E-12  247.8E-12  1.2        4.        
 3.44E-9   -670.5E-12 -232.5E-12  1.2        4.        
 3.45E-9    685.6E-12  247.6E-12  1.2        4.        
 3.46E-9   -670.7E-12 -232.7E-12  1.2        4.        
 3.47E-9    685.3E-12  247.3E-12  1.2        4.        
 3.48E-9   -671.E-12  -233.E-12   1.2        4.        
 3.49E-9    685.1E-12  247.1E-12  1.2        4.        
 3.5E-9    -671.2E-12 -233.2E-12  1.2        4.        
 3.51E-9    684.9E-12  246.9E-12  1.2        4.        
 3.52E-9   -671.4E-12 -233.4E-12  1.2        4.        
 3.53E-9    684.6E-12  246.7E-12  1.2        4.        
 3.54E-9   -671.6E-12 -233.6E-12  1.2        4.        
 3.55E-9    684.4E-12  246.5E-12  1.2        4.        
 3.56E-9   -671.8E-12 -233.8E-12  1.2        4.        
 3.57E-9    684.3E-12  246.3E-12  1.2        4.        
 3.58E-9   -672.E-12  -234.E-12   1.2        4.        
 3.59E-9    684.1E-12  246.1E-12  1.2        3.        
 3.6E-9    -672.2E-12 -234.2E-12  1.2        4.        
 3.61E-9    683.9E-12  245.9E-12  1.2        4.        
 3.62E-9   -672.3E-12 -234.3E-12  1.2        4.        
 3.63E-9    683.8E-12  245.8E-12  1.2        4.        
 3.64E-9   -672.5E-12 -234.5E-12  1.2        4.        
 3.65E-9    683.6E-12  245.6E-12  1.2        4.        
 3.66E-9   -672.6E-12 -234.6E-12  1.2        4.        
 3.67E-9    683.5E-12  245.5E-12  1.2        4.        
 3.68E-9   -672.8E-12 -234.8E-12  1.2        4.        
 3.69E-9    683.3E-12  245.4E-12  1.2        4.        
 3.7E-9    -672.9E-12 -234.9E-12  1.2        4.        
 3.71E-9    683.2E-12  245.2E-12  1.2        4.        
 3.72E-9   -673.E-12  -235.E-12   1.2        4.        
 3.73E-9    683.1E-12  245.1E-12  1.2        4.        
 3.74E-9   -673.1E-12 -235.1E-12  1.2        4.        
 3.75E-9    683.E-12   245.E-12   1.2        4.        
 3.76E-9   -673.2E-12 -235.3E-12  1.2        4.        
 3.77E-9    682.9E-12  244.9E-12  1.2        4.        
 3.78E-9   -673.3E-12 -235.4E-12  1.2        4.        
 3.79E-9    682.8E-12  244.8E-12  1.2        4.        
 3.8E-9    -673.4E-12 -235.5E-12  1.2        4.        
 3.81E-9    682.7E-12  244.7E-12  1.2        4.        
 3.82E-9   -673.5E-12 -235.6E-12  1.2        4.        
 3.83E-9    682.6E-12  244.6E-12  1.2        4.        
 3.84E-9   -673.6E-12 -235.7E-12  1.2        4.        
 3.85E-9    682.5E-12  244.5E-12  1.2        4.        
 3.86E-9   -673.7E-12 -235.8E-12  1.2        4.        
 3.87E-9    682.4E-12  244.4E-12  1.2        4.        
 3.88E-9   -673.8E-12 -235.8E-12  1.2        4.        
 3.89E-9    682.3E-12  244.3E-12  1.2        4.        
 3.9E-9    -673.9E-12 -235.9E-12  1.2        4.        
 3.91E-9    682.2E-12  244.2E-12  1.2        4.        
 3.92E-9   -674.E-12  -236.E-12   1.2        4.        
 3.93E-9    682.1E-12  244.2E-12  1.2        4.        
 3.94E-9   -674.1E-12 -236.1E-12  1.2        4.        
 3.95E-9    682.1E-12  244.1E-12  1.2        4.        
 3.96E-9   -674.1E-12 -236.2E-12  1.2        4.        
 3.97E-9    682.E-12   244.E-12   1.2        4.        
 3.98E-9   -674.2E-12 -236.2E-12  1.2        4.        
 3.99E-9    681.9E-12  243.9E-12  1.2        4.        
 4.E-9     -674.3E-12 -236.3E-12  1.2        4.        
Gnucap   System status
iterations: op=0, dc=0, tran=4988, fourier=0, total=5515
transient timesteps: accepted=523, rejected=100, total=623
nodes: user=4, subckt=1, model=64, total=69
dctran density=17.0%, ac density=17.0%
