Gnucap : The Gnu Circuit Analysis Package.
Copyright 1982-2025, Albert Davis
          2020-2025, Felix Salfelder
The development of Gnucap is funded by NLnet with support from the EC.
Gnucap comes with ABSOLUTELY NO WARRANTY. This is free software,
and you are welcome to redistribute it under the terms of the GNU
General Public License version 3 or later. See "COPYING" for details.
main version: modelgen 2025.12.18
core-lib version: modelgen 2025.12.18
default plugins: modelgen 2025.12.18
param: already installed, replacing
stashing as param:0
parameters: already installed, replacing
stashing as parameters:0
parameter: already installed, replacing
stashing as parameter:0
logic: already installed, replacing
stashing as logic:0
spice: already installed, replacing
stashing as spice:0
acs: already installed, replacing
stashing as acs:0
;: already installed, replacing
stashing as ;:0
#: already installed, replacing
stashing as #:0
*: already installed, replacing
stashing as *:0
': already installed, replacing
stashing as ':0
": already installed, replacing
stashing as ":0
dev_comment: already installed, replacing
stashing as dev_comment:0
.model: already installed, replacing
stashing as .model:0
.subckt: already installed, replacing
stashing as .subckt:0
.macro: already installed, replacing
stashing as .macro:0
.lib: already installed, replacing
stashing as .lib:0
lib: already installed, replacing
stashing as lib:0
.include: already installed, replacing
stashing as .include:0
.merge: already installed, replacing
stashing as .merge:0
merge: already installed, replacing
stashing as merge:0
<: already installed, replacing
stashing as <:0
.get: already installed, replacing
stashing as .get:0
get: already installed, replacing
stashing as get:0
.build: already installed, replacing
stashing as .build:0
build: already installed, replacing
stashing as build:0
spice: already installed, replacing
stashing as spice:0
`spice: already installed, replacing
stashing as `spice:0
acs: already installed, replacing
stashing as acs:0
.endc: already installed, replacing
stashing as .endc:0
.control: already installed, replacing
stashing as .control:0
verilog: already installed, replacing
stashing as verilog:0
paramset: already installed, replacing
stashing as paramset:0
module: already installed, replacing
stashing as module:0
macromodule: already installed, replacing
stashing as macromodule:0
verilog: already installed, replacing
stashing as verilog:0
quit: already installed, replacing
stashing as quit:0
exit: already installed, replacing
stashing as exit:0
detach_all: already installed, replacing
stashing as detach_all:0
paramset NMOS PSP104VA;
  parameter real l=1.0u;
  parameter real w=1.0u;
  parameter integer nf=1;
  parameter real ad=1.0e-12;
  parameter real pd=1.0e-6;
  parameter real as=1.0e-12;
  parameter real ps=1.0e-6;
  parameter real sa=0.0;
  parameter real sb=0.0;
  parameter real sd=0.0;
 .TYPE=1; .L=l; .W=w; .NF=nf; .AD=ad; .PD=pd; .AS=as; .PS=ps; .SA=sa; .SB=sb; .SD=sd;
endparamset

paramset PMOS PSP104VA;
  parameter real l=1.0u;
  parameter real w=1.0u;
  parameter integer nf=1;
  parameter real ad=1.0e-12;
  parameter real pd=1.0e-6;
  parameter real as=1.0e-12;
  parameter real ps=1.0e-6;
  parameter real sa=0.0;
  parameter real sb=0.0;
  parameter real sd=0.0;
 .TYPE=(- 1); .L=l; .W=w; .NF=nf; .AD=ad; .PD=pd; .AS=as; .PS=ps; .SA=sa; .SB=sb; .SD=sd;
endparamset

parameter real L=0.09u; // MOSFET length 
parameter real WN=10.0u; // NMOS width 
parameter real WP=20.0u; // PMOS width 
parameter real VNOM=1.2; // Nominal supply (V) 
// CMOS NOR2 Gate
module NOR2 (.in1(in1),.in2(in2),.out(out),.vdd(vdd),.gnd(gnd));
  parameter real WN=10u;
  parameter real WP=20u;
  parameter real L=0.09u;
      input in1, in2;
      output out;
      electrical in1, in2, out, vdd, gnd;
  PMOS #(.w(WP),.l(L)) MP1 (.d(t1),.g(in1),.s(out),.b(vdd));
  PMOS #(.w(WP),.l(L)) MP2 (.d(vdd),.g(in2),.s(t1),.b(vdd));
  NMOS #(.w(WN),.l(L)) MN1 (.d(gnd),.g(in1),.s(out),.b(gnd));
  NMOS #(.w(WN),.l(L)) MN2 (.d(gnd),.g(in2),.s(out),.b(gnd));
endmodule // NOR2

//TODO: workaround for op convergencen issues
//vmin/vmax are clamped to stabilize initial DC solution
ground gnd;
NOR2 #(.WN(WN),.WP(WP),.L(L)) XNOR2 (in1, in2, out, vdd, gnd);
capacitor #(.c(10f)) Cload (.p(out),.n(gnd));
vsource #(.dc(VNOM)) Vdd (.p(vdd),.n(gnd));
vpulse #(.val0(0.0),.val1(VNOM),.td(0.1n),.rise(0.1n),.fall(0.1n),.width(2.0n),.period(4.0n)) Vin1 (.p(in1),.n(gnd));
vpulse #(.val0(0.0),.val1(VNOM),.td(1.1n),.rise(0.1n),.fall(0.1n),.width(2.0n),.period(4.0n)) Vin2 (.p(in2),.n(gnd));
#Time       v(in1)     v(in2)     v(out)     iter(0)   
 0.         0.         0.         1.2        242.      
 10.E-12    1.E-15     0.         1.2        35.       
 20.E-12    0.         0.         1.2        50.       
 30.E-12    0.         0.         1.2        39.       
 40.E-12    0.         1.E-15     1.2        10.       
 50.E-12    1.E-15     0.         1.2        58.       
 60.E-12    0.         1.E-15     1.2        10.       
 70.E-12    0.         0.         1.2        46.       
 80.E-12    0.         0.         1.2        43.       
 90.E-12    0.         0.         1.2        43.       
 100.E-12   0.         0.         1.2        29.       
 110.E-12   0.12       3.8942E-9  1.2377     26.       
 120.E-12   0.24       3.5782E-9  1.2443     8.        
 130.E-12   0.36      -3.4612E-9  1.2481     4.        
 140.E-12   0.48       3.379E-9   1.2494     4.        
 150.E-12   0.6       -4.2628E-9  1.2352     5.        
 160.E-12   0.72       1.8141E-9  1.1773     5.        
 170.E-12   0.84      -6.9309E-9  1.0211     5.        
 180.E-12   0.96      -2.2151E-9  0.732      4.        
 190.E-12   1.08      -10.093E-9  0.35357    5.        
 200.E-12   1.2        1.4447E-9  0.086881   5.        
 210.E-12   1.2        6.8268E-9  0.0061273  19.       
 220.E-12   1.2       -7.1012E-9  375.78E-6  49.       
 230.E-12   1.2        7.0873E-9 -48.606E-6  10.       
 240.E-12   1.2       -7.0851E-9 -2.9841E-6  91.       
 250.E-12   1.2        7.0852E-9  381.61E-9  10.       
 260.E-12   1.2       -7.0852E-9  38.185E-9  78.       
 270.E-12   1.2       -7.0851E-9  17.764E-9  40.       
 280.E-12   1.2        7.0851E-9 -6.4844E-9  79.       
 290.E-12   1.2       -7.0851E-9  16.784E-9  10.       
 300.E-12   1.2        7.085E-9  -6.5444E-9  65.       
 310.E-12   1.2       -7.085E-9   16.791E-9  11.       
 320.E-12   1.2        7.085E-9  -6.544E-9   5.        
 330.E-12   1.2        7.085E-9  -6.544E-9   45.       
 340.E-12   1.2        7.0849E-9 -6.5438E-9  60.       
 350.E-12   1.2       -7.0849E-9  16.791E-9  11.       
 360.E-12   1.2        7.0849E-9 -6.5439E-9  84.       
 370.E-12   1.2       -7.0848E-9  16.791E-9  10.       
 380.E-12   1.2       -7.0848E-9  16.791E-9  53.       
 390.E-12   1.2        7.0848E-9 -6.5437E-9  92.       
 400.E-12   1.2       -7.0848E-9  16.791E-9  11.       
 410.E-12   1.2        7.0847E-9 -6.5438E-9  4.        
 420.E-12   1.2       -7.0847E-9  16.791E-9  75.       
 430.E-12   1.2       -7.0846E-9  16.791E-9  49.       
 440.E-12   1.2        7.0846E-9 -6.5436E-9  74.       
 450.E-12   1.2       -7.0846E-9  16.791E-9  10.       
 460.E-12   1.2        7.0845E-9 -6.5436E-9  59.       
 470.E-12   1.2       -7.0844E-9  16.791E-9  75.       
 480.E-12   1.2        7.0844E-9 -6.5435E-9  87.       
 490.E-12   1.2        7.0843E-9 -6.5434E-9  54.       
 500.E-12   1.2       -7.0843E-9  16.791E-9  79.       
 510.E-12   1.2        7.0843E-9 -6.5435E-9  4.        
 520.E-12   1.2       -7.0843E-9  16.791E-9  10.       
 530.E-12   1.2        7.0842E-9 -6.5433E-9  90.       
 540.E-12   1.2       -7.0842E-9  16.791E-9  10.       
 550.E-12   1.2        7.0841E-9 -6.5434E-9  99.       
 560.E-12   1.2       -7.0841E-9  16.791E-9  67.       
 570.E-12   1.2        7.084E-9  -6.5432E-9  71.       
 580.E-12   1.2       -7.084E-9   16.791E-9  5.        
 590.E-12   1.2       -7.084E-9   16.791E-9  31.       
 600.E-12   1.2       -7.0839E-9  16.79E-9   52.       
 610.E-12   1.2        7.0839E-9 -6.5431E-9  69.       
 620.E-12   1.2       -7.0838E-9  16.79E-9   71.       
 630.E-12   1.2        7.0837E-9 -6.543E-9   92.       
 640.E-12   1.2       -7.0837E-9  16.79E-9   4.        
 650.E-12   1.2        7.0837E-9 -6.543E-9   76.       
 660.E-12   1.2        7.0836E-9 -6.5429E-9  61.       
 670.E-12   1.2       -7.0836E-9  16.79E-9   6.        
 680.E-12   1.2        7.0836E-9 -6.5429E-9  5.        
 690.E-12   1.2       -7.0836E-9  16.79E-9   82.       
 700.E-12   1.2        7.0835E-9 -6.5429E-9  10.       
 710.E-12   1.2       -7.0835E-9  16.79E-9   62.       
 720.E-12   1.2        7.0834E-9 -6.5428E-9  82.       
 730.E-12   1.2        7.0834E-9 -6.5427E-9  54.       
 740.E-12   1.2        7.0833E-9 -6.5428E-9  51.       
 750.E-12   1.2       -7.0833E-9  16.79E-9   86.       
 760.E-12   1.2        7.0833E-9 -6.5427E-9  4.        
 770.E-12   1.2       -7.0833E-9  16.79E-9   5.        
 780.E-12   1.2        7.0832E-9 -6.5426E-9  66.       
 790.E-12   1.2       -7.0832E-9  16.79E-9   4.        
 800.E-12   1.2        7.0831E-9 -6.5426E-9  79.       
 810.E-12   1.2        7.0831E-9 -6.5425E-9  60.       
 820.E-12   1.2        7.0831E-9 -6.5426E-9  54.       
 830.E-12   1.2       -7.083E-9   16.79E-9   78.       
 840.E-12   1.2        7.0829E-9 -6.5425E-9  62.       
 850.E-12   1.2       -7.0829E-9  16.79E-9   82.       
 860.E-12   1.2        7.0828E-9 -6.5424E-9  76.       
 870.E-12   1.2       -7.0827E-9  16.79E-9   74.       
 880.E-12   1.2        7.0827E-9 -6.5423E-9  57.       
 890.E-12   1.2       -7.0826E-9  16.79E-9   75.       
 900.E-12   1.2       -7.0826E-9  16.79E-9   51.       
 910.E-12   1.2        7.0825E-9 -6.5421E-9  66.       
 920.E-12   1.2        7.0825E-9 -6.5422E-9  52.       
 930.E-12   1.2       -7.0824E-9  16.789E-9  65.       
 940.E-12   1.2        7.0823E-9 -6.542E-9   83.       
 950.E-12   1.2       -7.0823E-9  16.789E-9  58.       
 960.E-12   1.2        7.0822E-9 -6.5419E-9  68.       
 970.E-12   1.2       -7.0822E-9  16.789E-9  6.        
 980.E-12   1.2       -7.0822E-9  16.789E-9  40.       
 990.E-12   1.2        7.0822E-9 -6.5419E-9  5.        
 1.E-9      1.2       -7.0821E-9  16.789E-9  79.       
 1.01E-9    1.2       -7.0821E-9  16.789E-9  32.       
 1.02E-9    1.2        7.082E-9  -6.5417E-9  92.       
 1.03E-9    1.2       -7.0819E-9  16.789E-9  89.       
 1.04E-9    1.2       -7.0819E-9  16.789E-9  33.       
 1.05E-9    1.2        7.0818E-9 -6.5417E-9  82.       
 1.06E-9    1.2       -7.0818E-9  16.789E-9  87.       
 1.07E-9    1.2        7.0818E-9 -6.5417E-9  4.        
 1.08E-9    1.2       -7.0817E-9  16.789E-9  63.       
 1.09E-9    1.2        7.0817E-9 -6.5415E-9  10.       
 1.1E-9     1.2       -7.0816E-9  16.789E-9  80.       
 1.11E-9    1.2        0.12       0.0095682  26.       
 1.12E-9    1.2        0.24       0.010176   8.        
 1.13E-9    1.2        0.36       0.010218   4.        
 1.14E-9    1.2        0.48       0.0099248  4.        
 1.15E-9    1.2        0.6        0.008846   4.        
 1.16E-9    1.2        0.72       0.0077448  5.        
 1.17E-9    1.2        0.84       0.0069752  5.        
 1.18E-9    1.2        0.96       0.0064074  5.        
 1.19E-9    1.2        1.08       0.0059842  4.        
 1.2E-9     1.2        1.2        0.0056732  4.        
 1.21E-9    1.2        1.2        43.86E-6   18.       
 1.22E-9    1.2        1.2        37.608E-6  8.        
 1.23E-9    1.2        1.2        36.858E-6  4.        
 1.24E-9    1.2        1.2        36.305E-6  4.        
 1.25E-9    1.2        1.2        35.715E-6  3.        
 1.26E-9    1.2        1.2        35.145E-6  3.        
 1.27E-9    1.2        1.2        34.615E-6  4.        
 1.28E-9    1.2        1.2        34.069E-6  3.        
 1.29E-9    1.2        1.2        33.576E-6  4.        
 1.3E-9     1.2        1.2        33.058E-6  4.        
 1.31E-9    1.2        1.2        32.596E-6  4.        
 1.32E-9    1.2        1.2        32.106E-6  4.        
 1.33E-9    1.2        1.2        31.672E-6  4.        
 1.34E-9    1.2        1.2        31.208E-6  4.        
 1.35E-9    1.2        1.2        30.798E-6  4.        
 1.36E-9    1.2        1.2        30.358E-6  4.        
 1.37E-9    1.2        1.2        29.971E-6  4.        
 1.38E-9    1.2        1.2        29.553E-6  4.        
 1.39E-9    1.2        1.2        29.187E-6  4.        
 1.4E-9     1.2        1.2        28.789E-6  4.        
 1.41E-9    1.2        1.2        28.443E-6  4.        
 1.42E-9    1.2        1.2        28.064E-6  4.        
 1.43E-9    1.2        1.2        27.736E-6  4.        
 1.44E-9    1.2        1.2        27.374E-6  4.        
 1.45E-9    1.2        1.2        27.063E-6  4.        
 1.46E-9    1.2        1.2        26.718E-6  4.        
 1.47E-9    1.2        1.2        26.422E-6  4.        
 1.48E-9    1.2        1.2        26.092E-6  4.        
 1.49E-9    1.2        1.2        25.81E-6   4.        
 1.5E-9     1.2        1.2        25.494E-6  4.        
 1.51E-9    1.2        1.2        25.227E-6  4.        
 1.52E-9    1.2        1.2        24.924E-6  4.        
 1.53E-9    1.2        1.2        24.669E-6  4.        
 1.54E-9    1.2        1.2        24.378E-6  4.        
 1.55E-9    1.2        1.2        24.135E-6  4.        
 1.56E-9    1.2        1.2        23.855E-6  4.        
 1.57E-9    1.2        1.2        23.623E-6  4.        
 1.58E-9    1.2        1.2        23.355E-6  4.        
 1.59E-9    1.2        1.2        23.133E-6  4.        
 1.6E-9     1.2        1.2        22.875E-6  4.        
 1.61E-9    1.2        1.2        22.663E-6  4.        
 1.62E-9    1.2        1.2        22.414E-6  4.        
 1.63E-9    1.2        1.2        22.211E-6  4.        
 1.64E-9    1.2        1.2        21.971E-6  4.        
 1.65E-9    1.2        1.2        21.778E-6  4.        
 1.66E-9    1.2        1.2        21.546E-6  4.        
 1.67E-9    1.2        1.2        21.36E-6   4.        
 1.68E-9    1.2        1.2        21.136E-6  4.        
 1.69E-9    1.2        1.2        20.959E-6  4.        
 1.7E-9     1.2        1.2        20.742E-6  4.        
 1.71E-9    1.2        1.2        20.572E-6  4.        
 1.72E-9    1.2        1.2        20.363E-6  4.        
 1.73E-9    1.2        1.2        20.199E-6  4.        
 1.74E-9    1.2        1.2        19.996E-6  4.        
 1.75E-9    1.2        1.2        19.839E-6  4.        
 1.76E-9    1.2        1.2        19.643E-6  4.        
 1.77E-9    1.2        1.2        19.492E-6  4.        
 1.78E-9    1.2        1.2        19.302E-6  4.        
 1.79E-9    1.2        1.2        19.157E-6  4.        
 1.8E-9     1.2        1.2        18.973E-6  4.        
 1.81E-9    1.2        1.2        18.833E-6  4.        
 1.82E-9    1.2        1.2        18.654E-6  4.        
 1.83E-9    1.2        1.2        18.52E-6   4.        
 1.84E-9    1.2        1.2        18.347E-6  4.        
 1.85E-9    1.2        1.2        18.217E-6  4.        
 1.86E-9    1.2        1.2        18.049E-6  4.        
 1.87E-9    1.2        1.2        17.924E-6  4.        
 1.88E-9    1.2        1.2        17.76E-6   4.        
 1.89E-9    1.2        1.2        17.64E-6   4.        
 1.9E-9     1.2        1.2        17.481E-6  4.        
 1.91E-9    1.2        1.2        17.366E-6  4.        
 1.92E-9    1.2        1.2        17.21E-6   4.        
 1.93E-9    1.2        1.2        17.099E-6  4.        
 1.94E-9    1.2        1.2        16.948E-6  4.        
 1.95E-9    1.2        1.2        16.841E-6  4.        
 1.96E-9    1.2        1.2        16.693E-6  4.        
 1.97E-9    1.2        1.2        16.59E-6   4.        
 1.98E-9    1.2        1.2        16.446E-6  4.        
 1.99E-9    1.2        1.2        16.346E-6  4.        
 2.E-9      1.2        1.2        16.206E-6  4.        
 2.01E-9    1.2        1.2        16.11E-6   4.        
 2.02E-9    1.2        1.2        15.973E-6  4.        
 2.03E-9    1.2        1.2        15.88E-6   4.        
 2.04E-9    1.2        1.2        15.747E-6  4.        
 2.05E-9    1.2        1.2        15.657E-6  4.        
 2.06E-9    1.2        1.2        15.527E-6  4.        
 2.07E-9    1.2        1.2        15.44E-6   4.        
 2.08E-9    1.2        1.2        15.313E-6  4.        
 2.09E-9    1.2        1.2        15.229E-6  4.        
 2.1E-9     1.2        1.2        15.105E-6  4.        
 2.11E-9    1.2        1.2        15.024E-6  4.        
 2.12E-9    1.2        1.2        14.902E-6  4.        
 2.13E-9    1.2        1.2        14.824E-6  4.        
 2.14E-9    1.2        1.2        14.705E-6  4.        
 2.15E-9    1.2        1.2        14.629E-6  4.        
 2.16E-9    1.2        1.2        14.513E-6  4.        
 2.17E-9    1.2        1.2        14.439E-6  4.        
 2.18E-9    1.2        1.2        14.326E-6  4.        
 2.19E-9    1.2        1.2        14.255E-6  4.        
 2.2E-9     1.2        1.2        14.143E-6  4.        
 2.21E-9    1.08       1.2       -0.016029   18.       
 2.22E-9    0.96       1.2       -0.016954   8.        
 2.23E-9    0.84       1.2       -0.017777   4.        
 2.24E-9    0.72       1.2       -0.018068   5.        
 2.25E-9    0.6        1.2       -0.017751   5.        
 2.26E-9    0.48       1.2       -0.017534   5.        
 2.27E-9    0.36       1.2       -0.017536   5.        
 2.28E-9    0.24       1.2       -0.017064   4.        
 2.29E-9    0.12       1.2       -0.016487   4.        
 2.3E-9     20.475E-9  1.2       -0.016141   4.        
 2.31E-9    17.231E-9  1.2        0.0079019  25.       
 2.32E-9    17.398E-9  1.2        0.0060019  8.        
 2.33E-9   -18.448E-9  1.2        0.0041202  5.        
 2.34E-9    17.713E-9  1.2        0.0030545  5.        
 2.35E-9   -18.268E-9  1.2        0.0024062  4.        
 2.36E-9    17.825E-9  1.2        0.001971   4.        
 2.37E-9   -18.191E-9  1.2        0.0016619  4.        
 2.38E-9    17.88E-9   1.2        0.0014322  4.        
 2.39E-9   -18.15E-9   1.2        0.0012556  4.        
 2.4E-9     17.913E-9  1.2        0.001116   4.        
 2.41E-9   -18.124E-9  1.2        0.0010031  4.        
 2.42E-9    17.933E-9  1.2        910.11E-6  4.        
 2.43E-9   -18.107E-9  1.2        832.25E-6  4.        
 2.44E-9    17.948E-9  1.2        766.29E-6  4.        
 2.45E-9   -18.094E-9  1.2        709.6E-6   4.        
 2.46E-9    17.959E-9  1.2        660.54E-6  4.        
 2.47E-9   -18.085E-9  1.2        617.55E-6  4.        
 2.48E-9    17.967E-9  1.2        579.74E-6  4.        
 2.49E-9   -18.078E-9  1.2        546.08E-6  4.        
 2.5E-9     17.973E-9  1.2        516.1E-6   4.        
 2.51E-9   -18.072E-9  1.2        489.07E-6  4.        
 2.52E-9    17.978E-9  1.2        464.75E-6  4.        
 2.53E-9   -18.068E-9  1.2        442.59E-6  4.        
 2.54E-9    17.982E-9  1.2        422.48E-6  4.        
 2.55E-9   -18.064E-9  1.2        404.01E-6  4.        
 2.56E-9    17.986E-9  1.2        387.12E-6  4.        
 2.57E-9   -18.06E-9   1.2        371.49E-6  4.        
 2.58E-9    17.989E-9  1.2        357.12E-6  4.        
 2.59E-9   -18.058E-9  1.2        343.72E-6  4.        
 2.6E-9     17.991E-9  1.2        331.35E-6  4.        
 2.61E-9   -18.055E-9  1.2        319.74E-6  4.        
 2.62E-9    17.993E-9  1.2        308.99E-6  4.        
 2.63E-9   -18.053E-9  1.2        298.84E-6  4.        
 2.64E-9    17.995E-9  1.2        289.41E-6  4.        
 2.65E-9   -18.051E-9  1.2        280.46E-6  4.        
 2.66E-9    17.997E-9  1.2        272.12E-6  4.        
 2.67E-9   -18.05E-9   1.2        264.18E-6  4.        
 2.68E-9    17.999E-9  1.2        256.76E-6  4.        
 2.69E-9   -18.048E-9  1.2        249.66E-6  4.        
 2.7E-9     18.E-9     1.2        243.01E-6  4.        
 2.71E-9   -18.047E-9  1.2        236.63E-6  4.        
 2.72E-9    18.001E-9  1.2        230.65E-6  4.        
 2.73E-9   -18.046E-9  1.2        224.88E-6  3.        
 2.74E-9    18.002E-9  1.2        219.46E-6  4.        
 2.75E-9   -18.045E-9  1.2        214.22E-6  3.        
 2.76E-9    18.003E-9  1.2        209.3E-6   4.        
 2.77E-9   -18.044E-9  1.2        204.52E-6  3.        
 2.78E-9    18.004E-9  1.2        200.02E-6  4.        
 2.79E-9   -18.043E-9  1.2        195.64E-6  3.        
 2.8E-9     18.005E-9  1.2        191.53E-6  4.        
 2.81E-9   -18.042E-9  1.2        187.5E-6   3.        
 2.82E-9    18.006E-9  1.2        183.72E-6  4.        
 2.83E-9   -18.041E-9  1.2        180.E-6    3.        
 2.84E-9    18.006E-9  1.2        176.51E-6  4.        
 2.85E-9   -18.041E-9  1.2        173.07E-6  3.        
 2.86E-9    18.007E-9  1.2        169.84E-6  4.        
 2.87E-9   -18.04E-9   1.2        166.65E-6  3.        
 2.88E-9    18.008E-9  1.2        163.66E-6  4.        
 2.89E-9   -18.039E-9  1.2        160.68E-6  3.        
 2.9E-9     18.008E-9  1.2        157.9E-6   4.        
 2.91E-9   -18.039E-9  1.2        155.13E-6  3.        
 2.92E-9    18.009E-9  1.2        152.53E-6  4.        
 2.93E-9   -18.038E-9  1.2        149.94E-6  3.        
 2.94E-9    18.009E-9  1.2        147.51E-6  4.        
 2.95E-9   -18.038E-9  1.2        145.08E-6  3.        
 2.96E-9    18.01E-9   1.2        142.81E-6  4.        
 2.97E-9   -18.037E-9  1.2        140.53E-6  3.        
 2.98E-9    18.01E-9   1.2        138.39E-6  4.        
 2.99E-9   -18.037E-9  1.2        136.25E-6  3.        
 3.E-9      18.011E-9  1.2        134.24E-6  4.        
 3.01E-9   -18.037E-9  1.2        132.22E-6  3.        
 3.02E-9    18.011E-9  1.2        130.33E-6  4.        
 3.03E-9   -18.036E-9  1.2        128.42E-6  3.        
 3.04E-9    18.011E-9  1.2        126.64E-6  4.        
 3.05E-9   -18.036E-9  1.2        124.83E-6  3.        
 3.06E-9    18.012E-9  1.2        123.15E-6  4.        
 3.07E-9   -18.036E-9  1.2        121.43E-6  3.        
 3.08E-9    18.012E-9  1.2        119.84E-6  4.        
 3.09E-9   -18.035E-9  1.2        118.22E-6  3.        
 3.1E-9     18.012E-9  1.2        116.71E-6  4.        
 3.11E-9   -18.035E-9  1.2        115.16E-6  3.        
 3.12E-9    18.012E-9  1.2        113.74E-6  4.        
 3.13E-9   -18.035E-9  1.2        112.26E-6  3.        
 3.14E-9    18.013E-9  1.2        110.91E-6  4.        
 3.15E-9   -18.034E-9  1.2        109.51E-6  3.        
 3.16E-9    18.013E-9  1.2        108.22E-6  4.        
 3.17E-9   -18.034E-9  1.2        106.88E-6  3.        
 3.18E-9    18.013E-9  1.2        105.65E-6  4.        
 3.19E-9   -18.034E-9  1.2        104.37E-6  3.        
 3.2E-9     18.013E-9  1.2        103.21E-6  4.        
 3.21E-9   -23.496E-9  1.08      -0.011058   19.       
 3.22E-9   -23.44E-9   0.96      -0.013331   8.        
 3.23E-9    19.324E-9  0.84      -0.015596   4.        
 3.24E-9   -22.873E-9  0.72      -0.019052   4.        
 3.25E-9    23.46E-9   0.6       -0.024811   5.        
 3.26E-9   -12.511E-9  0.48      -0.035026   5.        
 3.27E-9    40.311E-9  0.36       0.023859   6.        
 3.28E-9    7.2762E-9  0.24       0.3667     5.        
 3.29E-9    5.9533E-9  0.12       0.88276    10.       
 3.3E-9    -13.535E-9  19.985E-9  1.1227     10.       
 3.31E-9   -23.224E-9  14.262E-9  1.19       25.       
 3.32E-9   -24.523E-9  13.594E-9  1.1989     10.       
 3.33E-9   -24.665E-9  13.521E-9  1.1999     10.       
 3.34E-9    24.682E-9 -13.512E-9  1.2        5.        
 3.35E-9   -24.682E-9  13.512E-9  1.2        5.        
 3.36E-9    24.682E-9 -13.511E-9  1.2        4.        
 3.37E-9   -24.682E-9  13.511E-9  1.2        4.        
 3.38E-9    24.682E-9 -13.511E-9  1.2        4.        
 3.39E-9   -24.682E-9  13.511E-9  1.2        5.        
 3.4E-9     24.682E-9 -13.511E-9  1.2        5.        
 3.41E-9   -24.682E-9  13.511E-9  1.2        5.        
 3.42E-9    24.682E-9 -13.511E-9  1.2        4.        
 3.43E-9   -24.682E-9  13.511E-9  1.2        7.        
 3.44E-9    24.682E-9 -13.511E-9  1.2        6.        
 3.45E-9   -24.682E-9  13.511E-9  1.2        12.       
 3.46E-9    24.682E-9 -13.511E-9  1.2        12.       
 3.47E-9   -24.682E-9  13.511E-9  1.2        12.       
 3.48E-9    24.682E-9 -13.511E-9  1.2        8.        
 3.49E-9   -24.682E-9  13.511E-9  1.2        6.        
 3.5E-9     24.682E-9 -13.511E-9  1.2        7.        
 3.51E-9   -24.682E-9  13.511E-9  1.2        17.       
 3.52E-9   -24.682E-9  13.511E-9  1.2        65.       
 3.53E-9   -24.682E-9  13.511E-9  1.2        50.       
 3.54E-9    24.682E-9 -13.511E-9  1.2        13.       
 3.55E-9   -24.682E-9  13.511E-9  1.2        16.       
 3.56E-9    24.682E-9 -13.511E-9  1.2        8.        
 3.57E-9   -24.682E-9  13.511E-9  1.2        84.       
 3.58E-9    24.682E-9 -13.511E-9  1.2        21.       
 3.59E-9   -24.682E-9  13.511E-9  1.2        69.       
 3.6E-9     24.682E-9 -13.511E-9  1.2        7.        
 3.61E-9   -24.682E-9  13.511E-9  1.2        10.       
 3.62E-9    24.682E-9 -13.511E-9  1.2        18.       
 3.63E-9    24.681E-9 -13.51E-9   1.2        52.       
 3.64E-9   -24.681E-9  13.51E-9   1.2        8.        
 3.65E-9    24.681E-9 -13.51E-9   1.2        100.      
 3.66E-9   -24.681E-9  13.51E-9   1.2        17.       
 3.67E-9    24.681E-9 -13.51E-9   1.2        11.       
 3.68E-9   -24.681E-9  13.51E-9   1.2        65.       
 3.69E-9    24.681E-9 -13.51E-9   1.2        7.        
 3.7E-9    -24.681E-9  13.51E-9   1.2        16.       
 3.71E-9    24.681E-9 -13.51E-9   1.2        10.       
 3.72E-9   -24.681E-9  13.51E-9   1.2        10.       
 3.73E-9    24.681E-9 -13.51E-9   1.2        6.        
 3.74E-9    24.681E-9 -13.51E-9   1.2        46.       
 3.75E-9   -24.681E-9  13.51E-9   1.2        7.        
 3.76E-9   -24.681E-9  13.51E-9   1.2        34.       
 3.77E-9    24.681E-9 -13.51E-9   1.2        10.       
 3.78E-9   -24.681E-9  13.51E-9   1.2        5.        
 3.79E-9    24.681E-9 -13.51E-9   1.2        6.        
 3.8E-9    -24.681E-9  13.51E-9   1.2        21.       
 3.81E-9    24.681E-9 -13.51E-9   1.2        16.       
 3.82E-9   -24.681E-9  13.51E-9   1.2        17.       
 3.83E-9    24.681E-9 -13.51E-9   1.2        10.       
 3.84E-9    24.681E-9 -13.51E-9   1.2        66.       
 3.85E-9   -24.681E-9  13.51E-9   1.2        10.       
 3.86E-9    24.681E-9 -13.51E-9   1.2        18.       
 3.87E-9   -24.681E-9  13.51E-9   1.2        8.        
 3.88E-9    24.681E-9 -13.51E-9   1.2        7.        
 3.89E-9   -24.681E-9  13.51E-9   1.2        10.       
 3.9E-9     24.681E-9 -13.51E-9   1.2        12.       
 3.91E-9   -24.681E-9  13.51E-9   1.2        5.        
 3.92E-9   -24.681E-9  13.51E-9   1.2        50.       
 3.93E-9   -24.681E-9  13.51E-9   1.2        71.       
 3.94E-9    24.681E-9 -13.51E-9   1.2        14.       
 3.95E-9   -24.681E-9  13.51E-9   1.2        67.       
 3.96E-9    24.681E-9 -13.509E-9  1.2        11.       
 3.97E-9   -24.681E-9  13.509E-9  1.2        5.        
 3.98E-9    24.681E-9 -13.509E-9  1.2        21.       
 3.99E-9    24.68E-9  -13.509E-9  1.2        47.       
 4.E-9     -24.68E-9   13.509E-9  1.2        15.       
Gnucap   System status
iterations: op=0, dc=0, tran=7676, fourier=0, total=8256
transient timesteps: accepted=576, rejected=172, total=748
nodes: user=4, subckt=1, model=64, total=69
dctran density=16.4%, ac density=16.4%
