Gnucap : The Gnu Circuit Analysis Package.
Copyright 1982-2025, Albert Davis
          2020-2025, Felix Salfelder
The development of Gnucap is funded by NLnet with support from the EC.
Gnucap comes with ABSOLUTELY NO WARRANTY. This is free software,
and you are welcome to redistribute it under the terms of the GNU
General Public License version 3 or later. See "COPYING" for details.
main version: modelgen 2025.12.18
core-lib version: modelgen 2025.12.18
default plugins: modelgen 2025.12.18
param: already installed, replacing
stashing as param:0
parameters: already installed, replacing
stashing as parameters:0
parameter: already installed, replacing
stashing as parameter:0
logic: already installed, replacing
stashing as logic:0
spice: already installed, replacing
stashing as spice:0
acs: already installed, replacing
stashing as acs:0
;: already installed, replacing
stashing as ;:0
#: already installed, replacing
stashing as #:0
*: already installed, replacing
stashing as *:0
': already installed, replacing
stashing as ':0
": already installed, replacing
stashing as ":0
dev_comment: already installed, replacing
stashing as dev_comment:0
.model: already installed, replacing
stashing as .model:0
.subckt: already installed, replacing
stashing as .subckt:0
.macro: already installed, replacing
stashing as .macro:0
.lib: already installed, replacing
stashing as .lib:0
lib: already installed, replacing
stashing as lib:0
.include: already installed, replacing
stashing as .include:0
.merge: already installed, replacing
stashing as .merge:0
merge: already installed, replacing
stashing as merge:0
<: already installed, replacing
stashing as <:0
.get: already installed, replacing
stashing as .get:0
get: already installed, replacing
stashing as get:0
.build: already installed, replacing
stashing as .build:0
build: already installed, replacing
stashing as build:0
spice: already installed, replacing
stashing as spice:0
`spice: already installed, replacing
stashing as `spice:0
acs: already installed, replacing
stashing as acs:0
.endc: already installed, replacing
stashing as .endc:0
.control: already installed, replacing
stashing as .control:0
verilog: already installed, replacing
stashing as verilog:0
paramset: already installed, replacing
stashing as paramset:0
module: already installed, replacing
stashing as module:0
macromodule: already installed, replacing
stashing as macromodule:0
verilog: already installed, replacing
stashing as verilog:0
quit: already installed, replacing
stashing as quit:0
exit: already installed, replacing
stashing as exit:0
detach_all: already installed, replacing
stashing as detach_all:0
paramset NMOS PSP104VA;
  parameter real l=1.0u;
  parameter real w=1.0u;
  parameter integer nf=1;
  parameter real ad=1.0e-12;
  parameter real pd=1.0e-6;
  parameter real as=1.0e-12;
  parameter real ps=1.0e-6;
  parameter real sa=0.0;
  parameter real sb=0.0;
  parameter real sd=0.0;
 .TYPE=1; .L=l; .W=w; .NF=nf; .AD=ad; .PD=pd; .AS=as; .PS=ps; .SA=sa; .SB=sb; .SD=sd;
endparamset

paramset PMOS PSP104VA;
  parameter real l=1.0u;
  parameter real w=1.0u;
  parameter integer nf=1;
  parameter real ad=1.0e-12;
  parameter real pd=1.0e-6;
  parameter real as=1.0e-12;
  parameter real ps=1.0e-6;
  parameter real sa=0.0;
  parameter real sb=0.0;
  parameter real sd=0.0;
 .TYPE=(- 1); .L=l; .W=w; .NF=nf; .AD=ad; .PD=pd; .AS=as; .PS=ps; .SA=sa; .SB=sb; .SD=sd;
endparamset

parameter real L=0.09u; // MOSFET length 
parameter real WN=10.0u; // NMOS width 
parameter real WP=20.0u; // PMOS width 
parameter real VNOM=1.2; // Nominal supply (V) 
// CMOS OR2 Gate
// CMOS NOR2 Gate
module NOR2 (.in1(in1),.in2(in2),.out(out),.vdd(vdd),.gnd(gnd));
  parameter real WN=10u;
  parameter real WP=20u;
  parameter real L=0.09u;
      input in1, in2;
      output out;
      electrical in1, in2, out, vdd, gnd;
  PMOS #(.w(WP),.l(L)) MP1 (.d(t1),.g(in1),.s(out),.b(vdd));
  PMOS #(.w(WP),.l(L)) MP2 (.d(vdd),.g(in2),.s(t1),.b(vdd));
  NMOS #(.w(WN),.l(L)) MN1 (.d(gnd),.g(in1),.s(out),.b(gnd));
  NMOS #(.w(WN),.l(L)) MN2 (.d(gnd),.g(in2),.s(out),.b(gnd));
endmodule // NOR2

// Not-gate
module NOT (.in(in),.out(out),.vdd(vdd),.gnd(gnd));
  parameter real WN=10u;
  parameter real WP=20u;
  parameter real L=0.09u;
      input in;
      output out;
      electrical in,out,vdd,gnd;
  PMOS #(.w(WP),.l(L)) M1 (.d(out),.g(in),.s(vdd),.b(vdd));
  NMOS #(.w(WN),.l(L)) M2 (.d(out),.g(in),.s(gnd),.b(gnd));
endmodule // NOT

module OR2 (.in1(in1),.in2(in2),.out(out),.vdd(vdd),.gnd(gnd));
  parameter real WN=10u;
  parameter real WP=20u;
  parameter real L=0.09u;
      input  in1, in2, vdd, gnd;
      output out;
      electrical in1, in2, out, vdd, gnd;
  NOR2 #(.WN(WN),.WP(WP),.L(L)) U1 (in1, in2, nor_out, vdd, gnd);
  NOT #(.WN(WN),.WP(WP),.L(L)) U2 (nor_out, out, vdd, gnd);
endmodule // OR2

//TODO: workaround for op convergencen issues
//vmin/vmax are clamped to stabilize initial DC solution
ground gnd;
OR2 #(.WN(WN),.WP(WP),.L(L)) XOR2 (in1, in2, out, vdd, gnd);
capacitor #(.c(10f)) Cload (.p(out),.n(gnd));
vsource #(.dc(VNOM)) Vdd (.p(vdd),.n(gnd));
vpulse #(.val0(0.0),.val1(VNOM),.td(0.1n),.rise(0.1n),.fall(0.1n),.width(2.0n),.period(4.0n)) Vin1 (.p(in1),.n(gnd));
vpulse #(.val0(0.0),.val1(VNOM),.td(1.1n),.rise(0.1n),.fall(0.1n),.width(2.0n),.period(4.0n)) Vin2 (.p(in2),.n(gnd));
#Time       v(in1)     v(in2)     v(out)     iter(0)   
 0.         0.         0.         5.1237E-9  32.       
 10.E-12    4.259E-12  22.17E-12 -18.504E-6  9.        
 20.E-12   -5.022E-12 -23.23E-12  5.9905E-6  4.        
 30.E-12    4.802E-12  23.66E-12 -4.4467E-6  4.        
 40.E-12   -5.14E-12  -24.26E-12  2.2763E-6  4.        
 50.E-12    5.312E-12  24.67E-12 -1.6683E-6  4.        
 60.E-12   -5.51E-12  -25.03E-12  1.1293E-6  4.        
 70.E-12    5.653E-12  25.3E-12  -842.06E-9  4.        
 80.E-12   -5.772E-12 -25.51E-12  633.47E-9  4.        
 90.E-12    5.862E-12  25.67E-12 -474.61E-9  4.        
 100.E-12  -5.933E-12 -25.79E-12  370.42E-9  4.        
 110.E-12   0.12       3.5926E-9  0.0051821  27.       
 120.E-12   0.24       3.3068E-9  0.0022299  8.        
 130.E-12   0.36      -3.0255E-9  0.0013247  5.        
 140.E-12   0.48       3.0427E-9  524.84E-6  5.        
 150.E-12   0.6       -3.6228E-9 -0.0026452  5.        
 160.E-12   0.72       2.0967E-9 -0.0096354  5.        
 170.E-12   0.84      -4.8178E-9 -0.02362    5.        
 180.E-12   0.96       346.7E-12 -0.045521   5.        
 190.E-12   1.08      -7.0051E-9 -0.078815   5.        
 200.E-12   1.2       -636.1E-12 -0.056306   5.        
 210.E-12   1.2        4.8767E-9  0.30847    19.       
 220.E-12   1.2       -7.48E-9    0.97907    39.       
 230.E-12   1.2        3.8332E-9  1.1712     24.       
 240.E-12   1.2       -7.2566E-9  1.1896     41.       
 250.E-12   1.2       -6.6039E-9  1.1966     42.       
 260.E-12   1.2        6.1357E-9  1.1989     89.       
 270.E-12   1.2        6.215E-9   1.1996     41.       
 280.E-12   1.2       -6.2666E-9  1.1999     88.       
 290.E-12   1.2       -6.2578E-9  1.2        56.       
 300.E-12   1.2       -6.255E-9   1.2        56.       
 310.E-12   1.2       -6.2541E-9  1.2        50.       
 320.E-12   1.2       -6.2538E-9  1.2        42.       
 330.E-12   1.2        6.2535E-9  1.2        93.       
 340.E-12   1.2       -6.2536E-9  1.2        5.        
 350.E-12   1.2        6.2536E-9  1.2        10.       
 360.E-12   1.2        6.2535E-9  1.2        57.       
 370.E-12   1.2        6.2535E-9  1.2        50.       
 380.E-12   1.2       -6.2535E-9  1.2        86.       
 390.E-12   1.2       -6.2534E-9  1.2        60.       
 400.E-12   1.2        6.2534E-9  1.2        95.       
 410.E-12   1.2       -6.2533E-9  1.2        65.       
 420.E-12   1.2        6.2533E-9  1.2        6.        
 430.E-12   1.2       -6.2533E-9  1.2        87.       
 440.E-12   1.2       -6.2532E-9  1.2        40.       
 450.E-12   1.2       -6.2532E-9  1.2        55.       
 460.E-12   1.2        6.2532E-9  1.2        73.       
 470.E-12   1.2       -6.2531E-9  1.2        107.      
 480.E-12   1.2        6.253E-9   1.2        66.       
 490.E-12   1.2       -6.253E-9   1.2        75.       
 500.E-12   1.2        6.2529E-9  1.2        103.      
 510.E-12   1.2       -6.2529E-9  1.2        6.        
 520.E-12   1.2       -6.2529E-9  1.2        56.       
 530.E-12   1.2        6.2528E-9  1.2        78.       
 540.E-12   1.2        6.2528E-9  1.2        50.       
 550.E-12   1.2       -6.2528E-9  1.2        73.       
 560.E-12   1.2       -6.2527E-9  1.2        56.       
 570.E-12   1.2       -6.2527E-9  1.2        45.       
 580.E-12   1.2        6.2526E-9  1.2        64.       
 590.E-12   1.2       -6.2526E-9  1.2        81.       
 600.E-12   1.2        6.2525E-9  1.2        102.      
 610.E-12   1.2        6.2525E-9  1.2        44.       
 620.E-12   1.2       -6.2524E-9  1.2        76.       
 630.E-12   1.2        6.2524E-9  1.2        92.       
 640.E-12   1.2       -6.2523E-9  1.2        119.      
 650.E-12   1.2       -6.2523E-9  1.2        43.       
 660.E-12   1.2        6.2522E-9  1.2        84.       
 670.E-12   1.2       -6.2522E-9  1.2        84.       
 680.E-12   1.2        6.2522E-9  1.2        5.        
 690.E-12   1.2       -6.2521E-9  1.2        91.       
 700.E-12   1.2        6.2521E-9  1.2        98.       
 710.E-12   1.2       -6.252E-9   1.2        103.      
 720.E-12   1.2        6.252E-9   1.2        68.       
 730.E-12   1.2       -6.2519E-9  1.2        67.       
 740.E-12   1.2       -6.2519E-9  1.2        46.       
 750.E-12   1.2       -6.2518E-9  1.2        47.       
 760.E-12   1.2        6.2518E-9  1.2        86.       
 770.E-12   1.2        6.2517E-9  1.2        176.      
 780.E-12   1.2       -6.2516E-9  1.2        92.       
 790.E-12   1.2       -6.2516E-9  1.2        54.       
 800.E-12   1.2        6.2516E-9  1.2        5.        
 810.E-12   1.2       -6.2515E-9  1.2        71.       
 820.E-12   1.2        6.2515E-9  1.2        97.       
 830.E-12   1.2       -6.2515E-9  1.2        10.       
 840.E-12   1.2       -6.2514E-9  1.2        52.       
 850.E-12   1.2        6.2514E-9  1.2        107.      
 860.E-12   1.2        6.2514E-9  1.2        33.       
 870.E-12   1.2        6.2513E-9  1.2        48.       
 880.E-12   1.2        6.2513E-9  1.2        50.       
 890.E-12   1.2        6.2513E-9  1.2        44.       
 900.E-12   1.2        6.2513E-9  1.2        48.       
 910.E-12   1.2       -6.2512E-9  1.2        109.      
 920.E-12   1.2       -6.2512E-9  1.2        47.       
 930.E-12   1.2        6.2511E-9  1.2        95.       
 940.E-12   1.2       -6.2511E-9  1.2        60.       
 950.E-12   1.2       -6.2511E-9  1.2        50.       
 960.E-12   1.2        6.251E-9   1.2        93.       
 970.E-12   1.2       -6.2509E-9  1.2        93.       
 980.E-12   1.2        6.2509E-9  1.2        5.        
 990.E-12   1.2       -6.2509E-9  1.2        75.       
 1.E-9      1.2        6.2508E-9  1.2        99.       
 1.01E-9    1.2        6.2507E-9  1.2        137.      
 1.02E-9    1.2        6.2507E-9  1.2        53.       
 1.03E-9    1.2        6.2506E-9  1.2        43.       
 1.04E-9    1.2       -6.2506E-9  1.2        72.       
 1.05E-9    1.2        6.2505E-9  1.2        92.       
 1.06E-9    1.2       -6.2505E-9  1.2        79.       
 1.07E-9    1.2        6.2504E-9  1.2        102.      
 1.08E-9    1.2       -6.2503E-9  1.2        130.      
 1.09E-9    1.2        6.2503E-9  1.2        5.        
 1.1E-9     1.2       -6.2503E-9  1.2        121.      
 1.11E-9    1.2        0.12       1.2005     26.       
 1.12E-9    1.2        0.24       1.2002     8.        
 1.13E-9    1.2        0.36       1.2001     4.        
 1.14E-9    1.2        0.48       1.2        5.        
 1.15E-9    1.2        0.6        1.1999     4.        
 1.16E-9    1.2        0.72       1.1999     5.        
 1.17E-9    1.2        0.84       1.1999     5.        
 1.18E-9    1.2        0.96       1.1999     5.        
 1.19E-9    1.2        1.08       1.1999     4.        
 1.2E-9     1.2        1.2        1.2        4.        
 1.21E-9    1.2        1.2        1.1998     16.       
 1.22E-9    1.2        1.2        1.2        5.        
 1.23E-9    1.2        1.2        1.2        5.        
 1.24E-9    1.2        1.2        1.2        4.        
 1.25E-9    1.2        1.2        1.2        4.        
 1.26E-9    1.2        1.2        1.2        4.        
 1.27E-9    1.2        1.2        1.2        4.        
 1.28E-9    1.2        1.2        1.2        4.        
 1.29E-9    1.2        1.2        1.2        4.        
 1.3E-9     1.2        1.2        1.2        4.        
 1.31E-9    1.2        1.2        1.2        4.        
 1.32E-9    1.2        1.2        1.2        34.       
 1.33E-9    1.2        1.2        1.2        4.        
 1.34E-9    1.2        1.2        1.2        4.        
 1.35E-9    1.2        1.2        1.2        41.       
 1.36E-9    1.2        1.2        1.2        32.       
 1.37E-9    1.2        1.2        1.2        4.        
 1.38E-9    1.2        1.2        1.2        34.       
 1.39E-9    1.2        1.2        1.2        31.       
 1.4E-9     1.2        1.2        1.2        48.       
 1.41E-9    1.2        1.2        1.2        43.       
 1.42E-9    1.2        1.2        1.2        4.        
 1.43E-9    1.2        1.2        1.2        36.       
 1.44E-9    1.2        1.2        1.2        34.       
 1.45E-9    1.2        1.2        1.2        10.       
 1.46E-9    1.2        1.2        1.2        29.       
 1.47E-9    1.2        1.2        1.2        59.       
 1.48E-9    1.2        1.2        1.2        30.       
 1.49E-9    1.2        1.2        1.2        5.        
 1.5E-9     1.2        1.2        1.2        33.       
 1.51E-9    1.2        1.2        1.2        5.        
 1.52E-9    1.2        1.2        1.2        5.        
 1.53E-9    1.2        1.2        1.2        45.       
 1.54E-9    1.2        1.2        1.2        9.        
 1.55E-9    1.2        1.2        1.2        48.       
 1.56E-9    1.2        1.2        1.2        5.        
 1.57E-9    1.2        1.2        1.2        41.       
 1.58E-9    1.2        1.2        1.2        10.       
 1.59E-9    1.2        1.2        1.2        45.       
 1.6E-9     1.2        1.2        1.2        37.       
 1.61E-9    1.2        1.2        1.2        4.        
 1.62E-9    1.2        1.2        1.2        43.       
 1.63E-9    1.2        1.2        1.2        46.       
 1.64E-9    1.2        1.2        1.2        4.        
 1.65E-9    1.2        1.2        1.2        73.       
 1.66E-9    1.2        1.2        1.2        5.        
 1.67E-9    1.2        1.2        1.2        38.       
 1.68E-9    1.2        1.2        1.2        91.       
 1.69E-9    1.2        1.2        1.2        4.        
 1.7E-9     1.2        1.2        1.2        4.        
 1.71E-9    1.2        1.2        1.2        5.        
 1.72E-9    1.2        1.2        1.2        54.       
 1.73E-9    1.2        1.2        1.2        87.       
 1.74E-9    1.2        1.2        1.2        91.       
 1.75E-9    1.2        1.2        1.2        58.       
 1.76E-9    1.2        1.2        1.2        82.       
 1.77E-9    1.2        1.2        1.2        56.       
 1.78E-9    1.2        1.2        1.2        36.       
 1.79E-9    1.2        1.2        1.2        60.       
 1.8E-9     1.2        1.2        1.2        48.       
 1.81E-9    1.2        1.2        1.2        5.        
 1.82E-9    1.2        1.2        1.2        45.       
 1.83E-9    1.2        1.2        1.2        68.       
 1.84E-9    1.2        1.2        1.2        61.       
 1.85E-9    1.2        1.2        1.2        29.       
 1.86E-9    1.2        1.2        1.2        4.        
 1.87E-9    1.2        1.2        1.2        4.        
 1.88E-9    1.2        1.2        1.2        82.       
 1.89E-9    1.2        1.2        1.2        52.       
 1.9E-9     1.2        1.2        1.2        5.        
 1.91E-9    1.2        1.2        1.2        96.       
 1.92E-9    1.2        1.2        1.2        46.       
 1.93E-9    1.2        1.2        1.2        10.       
 1.94E-9    1.2        1.2        1.2        60.       
 1.95E-9    1.2        1.2        1.2        60.       
 1.96E-9    1.2        1.2        1.2        10.       
 1.97E-9    1.2        1.2        1.2        4.        
 1.98E-9    1.2        1.2        1.2        29.       
 1.99E-9    1.2        1.2        1.2        60.       
 2.E-9      1.2        1.2        1.2        5.        
 2.01E-9    1.2        1.2        1.2        5.        
 2.02E-9    1.2        1.2        1.2        5.        
 2.03E-9    1.2        1.2        1.2        40.       
 2.04E-9    1.2        1.2        1.2        4.        
 2.05E-9    1.2        1.2        1.2        85.       
 2.06E-9    1.2        1.2        1.2        33.       
 2.07E-9    1.2        1.2        1.2        4.        
 2.08E-9    1.2        1.2        1.2        5.        
 2.09E-9    1.2        1.2        1.2        46.       
 2.1E-9     1.2        1.2        1.2        4.        
 2.11E-9    1.2        1.2        1.2        42.       
 2.12E-9    1.2        1.2        1.2        5.        
 2.13E-9    1.2        1.2        1.2        42.       
 2.14E-9    1.2        1.2        1.2        62.       
 2.15E-9    1.2        1.2        1.2        33.       
 2.16E-9    1.2        1.2        1.2        46.       
 2.17E-9    1.2        1.2        1.2        39.       
 2.18E-9    1.2        1.2        1.2        49.       
 2.19E-9    1.2        1.2        1.2        43.       
 2.2E-9     1.2        1.2        1.2        88.       
 2.21E-9    1.08       1.2        1.1993     27.       
 2.22E-9    0.96       1.2        1.1998     9.        
 2.23E-9    0.84       1.2        1.1999     5.        
 2.24E-9    0.72       1.2        1.2        5.        
 2.25E-9    0.6        1.2        1.2        5.        
 2.26E-9    0.48       1.2        1.2        5.        
 2.27E-9    0.36       1.2        1.2        5.        
 2.28E-9    0.24       1.2        1.2001     5.        
 2.29E-9    0.12       1.2        1.2001     5.        
 2.3E-9     6.9471E-9  1.2        1.2        5.        
 2.31E-9   -6.5416E-9  1.2        1.2011     21.       
 2.32E-9   -6.534E-9   1.2        1.2001     9.        
 2.33E-9    5.6378E-9  1.2        1.1999     5.        
 2.34E-9   -6.3545E-9  1.2        1.1999     5.        
 2.35E-9    5.791E-9   1.2        1.1999     5.        
 2.36E-9   -6.243E-9   1.2        1.1999     5.        
 2.37E-9    5.8702E-9  1.2        1.2        4.        
 2.38E-9   -6.1853E-9  1.2        1.2        4.        
 2.39E-9    5.9132E-9  1.2        1.2        4.        
 2.4E-9    -6.152E-9   1.2        1.2        4.        
 2.41E-9    5.9394E-9  1.2        1.2        4.        
 2.42E-9   -6.1308E-9  1.2        1.2        4.        
 2.43E-9    5.9569E-9  1.2        1.2        4.        
 2.44E-9   -6.1161E-9  1.2        1.2        4.        
 2.45E-9    5.9693E-9  1.2        1.2        4.        
 2.46E-9   -6.1054E-9  1.2        1.2        4.        
 2.47E-9    5.9786E-9  1.2        1.2        4.        
 2.48E-9   -6.0972E-9  1.2        1.2        4.        
 2.49E-9    5.9858E-9  1.2        1.2        4.        
 2.5E-9    -6.0908E-9  1.2        1.2        4.        
 2.51E-9    5.9915E-9  1.2        1.2        4.        
 2.52E-9   -6.0857E-9  1.2        1.2        4.        
 2.53E-9    5.9961E-9  1.2        1.2        4.        
 2.54E-9   -6.0815E-9  1.2        1.2        4.        
 2.55E-9    5.9999E-9  1.2        1.2        4.        
 2.56E-9   -6.0779E-9  1.2        1.2        4.        
 2.57E-9    6.0032E-9  1.2        1.2        4.        
 2.58E-9   -6.0749E-9  1.2        1.2        4.        
 2.59E-9    6.0059E-9  1.2        1.2        4.        
 2.6E-9    -6.0724E-9  1.2        1.2        4.        
 2.61E-9    6.0083E-9  1.2        1.2        4.        
 2.62E-9   -6.0701E-9  1.2        1.2        4.        
 2.63E-9    6.0103E-9  1.2        1.2        4.        
 2.64E-9   -6.0682E-9  1.2        1.2        4.        
 2.65E-9    6.0121E-9  1.2        1.2        4.        
 2.66E-9   -6.0665E-9  1.2        1.2        4.        
 2.67E-9    6.0137E-9  1.2        1.2        4.        
 2.68E-9   -6.0649E-9  1.2        1.2        4.        
 2.69E-9    6.0152E-9  1.2        1.2        4.        
 2.7E-9    -6.0636E-9  1.2        1.2        4.        
 2.71E-9    6.0165E-9  1.2        1.2        4.        
 2.72E-9   -6.0623E-9  1.2        1.2        4.        
 2.73E-9    6.0176E-9  1.2        1.2        4.        
 2.74E-9   -6.0612E-9  1.2        1.2        4.        
 2.75E-9    6.0186E-9  1.2        1.2        4.        
 2.76E-9   -6.0602E-9  1.2        1.2        4.        
 2.77E-9    6.0196E-9  1.2        1.2        4.        
 2.78E-9   -6.0593E-9  1.2        1.2        4.        
 2.79E-9    6.0205E-9  1.2        1.2        4.        
 2.8E-9    -6.0584E-9  1.2        1.2        4.        
 2.81E-9    6.0212E-9  1.2        1.2        4.        
 2.82E-9   -6.0576E-9  1.2        1.2        4.        
 2.83E-9    6.022E-9   1.2        1.2        5.        
 2.84E-9   -6.0569E-9  1.2        1.2        4.        
 2.85E-9    6.0226E-9  1.2        1.2        4.        
 2.86E-9   -6.0563E-9  1.2        1.2        4.        
 2.87E-9    6.0233E-9  1.2        1.2        6.        
 2.88E-9   -6.0556E-9  1.2        1.2        4.        
 2.89E-9    6.0238E-9  1.2        1.2        4.        
 2.9E-9    -6.0551E-9  1.2        1.2        4.        
 2.91E-9    6.0244E-9  1.2        1.2        4.        
 2.92E-9   -6.0545E-9  1.2        1.2        4.        
 2.93E-9    6.0249E-9  1.2        1.2        4.        
 2.94E-9   -6.054E-9   1.2        1.2        4.        
 2.95E-9    6.0253E-9  1.2        1.2        4.        
 2.96E-9   -6.0535E-9  1.2        1.2        4.        
 2.97E-9    6.0258E-9  1.2        1.2        4.        
 2.98E-9   -6.0531E-9  1.2        1.2        11.       
 2.99E-9    6.0262E-9  1.2        1.2        4.        
 3.E-9     -6.0527E-9  1.2        1.2        4.        
 3.01E-9    6.0266E-9  1.2        1.2        5.        
 3.02E-9   -6.0523E-9  1.2        1.2        4.        
 3.03E-9    6.0269E-9  1.2        1.2        4.        
 3.04E-9   -6.0519E-9  1.2        1.2        4.        
 3.05E-9    6.0273E-9  1.2        1.2        4.        
 3.06E-9   -6.0516E-9  1.2        1.2        4.        
 3.07E-9    6.0276E-9  1.2        1.2        4.        
 3.08E-9   -6.0512E-9  1.2        1.2        4.        
 3.09E-9    6.0279E-9  1.2        1.2        4.        
 3.1E-9    -6.0509E-9  1.2        1.2        4.        
 3.11E-9    6.0282E-9  1.2        1.2        4.        
 3.12E-9   -6.0506E-9  1.2        1.2        6.        
 3.13E-9    6.0285E-9  1.2        1.2        4.        
 3.14E-9   -6.0503E-9  1.2        1.2        10.       
 3.15E-9    6.0287E-9  1.2        1.2        4.        
 3.16E-9   -6.05E-9    1.2        1.2        14.       
 3.17E-9    6.029E-9   1.2        1.2        9.        
 3.18E-9    6.0291E-9  1.2        1.2        30.       
 3.19E-9   -6.0496E-9  1.2        1.2        4.        
 3.2E-9     6.0293E-9  1.2        1.2        4.        
 3.21E-9   -11.036E-9  1.08       1.1993     19.       
 3.22E-9   -10.946E-9  0.96       1.1996     8.        
 3.23E-9    6.8004E-9  0.84       1.1997     4.        
 3.24E-9   -10.293E-9  0.72       1.1996     4.        
 3.25E-9    11.046E-9  0.6        1.1994     5.        
 3.26E-9    293.3E-12  0.48       1.1991     5.        
 3.27E-9    24.433E-9  0.36       1.2062     6.        
 3.28E-9    5.2949E-9  0.24       1.234      5.        
 3.29E-9    8.2765E-9  0.12       1.263      9.        
 3.3E-9     6.8152E-9  48.359E-9  1.2599     9.        
 3.31E-9   -5.0228E-9  42.585E-9  1.0055     25.       
 3.32E-9   -9.3409E-9  40.527E-9  0.49072    10.       
 3.33E-9   -5.9527E-9  42.054E-9  0.096908   10.       
 3.34E-9   -7.7744E-9  41.329E-9  0.023524   10.       
 3.35E-9   -10.208E-9  40.13E-9   0.008806   10.       
 3.36E-9   -11.225E-9  39.625E-9  0.0032988  8.        
 3.37E-9    12.087E-9 -39.195E-9  0.001157   5.        
 3.38E-9   -11.782E-9  39.347E-9  407.31E-6  5.        
 3.39E-9    11.889E-9 -39.293E-9  141.94E-6  5.        
 3.4E-9    -11.852E-9  39.312E-9  50.002E-6  4.        
 3.41E-9    11.865E-9 -39.305E-9  17.351E-6  4.        
 3.42E-9   -11.86E-9   39.308E-9  6.1994E-6  4.        
 3.43E-9    11.862E-9 -39.307E-9  2.0992E-6  4.        
 3.44E-9   -11.861E-9  39.307E-9  793.9E-9   4.        
 3.45E-9    11.862E-9 -39.307E-9  243.34E-9  4.        
 3.46E-9   -11.861E-9  39.307E-9  114.24E-9  8.        
 3.47E-9    11.861E-9 -39.307E-9  23.068E-9  5.        
 3.48E-9   -11.861E-9  39.307E-9  23.416E-9  6.        
 3.49E-9    11.861E-9 -39.307E-9  3.548E-9   8.        
 3.5E-9    -11.861E-9  39.307E-9  8.3993E-9  8.        
 3.51E-9    11.861E-9 -39.307E-9  4.5008E-9  8.        
 3.52E-9   -11.861E-9  39.307E-9  4.3137E-9  14.       
 3.53E-9    11.861E-9 -39.307E-9  7.4297E-9  6.        
 3.54E-9   -11.861E-9  39.307E-9  2.9221E-9  11.       
 3.55E-9    11.861E-9 -39.306E-9  8.3093E-9  10.       
 3.56E-9   -11.861E-9  39.306E-9  870.4E-12  15.       
 3.57E-9    11.861E-9 -39.306E-9  9.385E-9   8.        
 3.58E-9   -11.861E-9  39.306E-9 -363.9E-12  5.        
 3.59E-9    11.861E-9 -39.306E-9  9.3165E-9  14.       
 3.6E-9    -11.861E-9  39.306E-9  500.6E-12  8.        
 3.61E-9    11.861E-9 -39.306E-9  11.482E-9  6.        
 3.62E-9   -11.861E-9  39.306E-9  129.7E-12  7.        
 3.63E-9    11.861E-9 -39.306E-9  10.436E-9  8.        
 3.64E-9   -11.861E-9  39.306E-9 -295.2E-12  8.        
 3.65E-9    11.861E-9 -39.306E-9  11.925E-9  7.        
 3.66E-9   -11.861E-9  39.306E-9 -86.15E-12  10.       
 3.67E-9    11.861E-9 -39.306E-9  11.083E-9  4.        
 3.68E-9   -11.861E-9  39.306E-9 -828.6E-12  16.       
 3.69E-9    11.861E-9 -39.306E-9  10.421E-9  11.       
 3.7E-9    -11.861E-9  39.306E-9 -1.4954E-9  6.        
 3.71E-9    11.861E-9 -39.306E-9  10.543E-9  5.        
 3.72E-9   -11.861E-9  39.306E-9  36.68E-12  14.       
 3.73E-9    11.861E-9 -39.306E-9  11.277E-9  13.       
 3.74E-9   -11.861E-9  39.306E-9 -1.029E-9   10.       
 3.75E-9    11.861E-9 -39.306E-9  10.971E-9  6.        
 3.76E-9   -11.861E-9  39.306E-9 -503.2E-12  5.        
 3.77E-9    11.861E-9 -39.306E-9  10.263E-9  8.        
 3.78E-9   -11.861E-9  39.306E-9 -674.9E-12  11.       
 3.79E-9    11.861E-9 -39.306E-9  11.569E-9  5.        
 3.8E-9    -11.861E-9  39.306E-9 -486.1E-12  16.       
 3.81E-9    11.861E-9 -39.306E-9  10.65E-9   7.        
 3.82E-9   -11.861E-9  39.306E-9 -670.1E-12  12.       
 3.83E-9    11.861E-9 -39.306E-9  10.789E-9  8.        
 3.84E-9   -11.861E-9  39.306E-9 -835.1E-12  8.        
 3.85E-9    11.861E-9 -39.306E-9  10.53E-9   10.       
 3.86E-9   -11.861E-9  39.306E-9 -1.209E-9   5.        
 3.87E-9    11.861E-9 -39.306E-9  10.617E-9  8.        
 3.88E-9   -11.861E-9  39.306E-9 -693.9E-12  5.        
 3.89E-9    11.861E-9 -39.305E-9  10.76E-9   12.       
 3.9E-9    -11.861E-9  39.305E-9 -282.7E-12  16.       
 3.91E-9    11.861E-9 -39.305E-9  11.315E-9  13.       
 3.92E-9   -11.861E-9  39.305E-9 -137.3E-12  10.       
 3.93E-9    11.861E-9 -39.305E-9  12.082E-9  7.        
 3.94E-9   -11.861E-9  39.305E-9 -321.9E-12  7.        
 3.95E-9    11.861E-9 -39.305E-9  10.112E-9  12.       
 3.96E-9   -11.861E-9  39.305E-9 -770.8E-12  10.       
 3.97E-9    11.861E-9 -39.305E-9  12.211E-9  7.        
 3.98E-9   -11.861E-9  39.305E-9 -525.7E-12  7.        
 3.99E-9    11.861E-9 -39.305E-9  10.763E-9  7.        
 4.E-9     -11.861E-9  39.305E-9 -643.8E-12  7.        
Gnucap   System status
iterations: op=0, dc=0, tran=10476, fourier=0, total=11128
transient timesteps: accepted=648, rejected=258, total=906
nodes: user=4, subckt=2, model=94, total=100
dctran density=13.4%, ac density=13.4%
