Gnucap : The Gnu Circuit Analysis Package
Never trust any version less than 1.0
Copyright 1982-2013, Albert Davis
Gnucap comes with ABSOLUTELY NO WARRANTY
This is free software, and you are welcome
to redistribute it under the terms of 
the GNU General Public License, version 3 or later.
See the file "COPYING" for details.
main version: noinsensitive 2025.10.15
core-lib version: noinsensitive 2025.10.15
default plugins: noinsensitive 2025.10.15
param: already installed, replacing
stashing as param:0
parameters: already installed, replacing
stashing as parameters:0
parameter: already installed, replacing
stashing as parameter:0
logic: already installed, replacing
stashing as logic:0
spice: already installed, replacing
stashing as spice:0
acs: already installed, replacing
stashing as acs:0
;: already installed, replacing
stashing as ;:0
#: already installed, replacing
stashing as #:0
*: already installed, replacing
stashing as *:0
': already installed, replacing
stashing as ':0
": already installed, replacing
stashing as ":0
dev_comment: already installed, replacing
stashing as dev_comment:0
.model: already installed, replacing
stashing as .model:0
.subckt: already installed, replacing
stashing as .subckt:0
.macro: already installed, replacing
stashing as .macro:0
.lib: already installed, replacing
stashing as .lib:0
lib: already installed, replacing
stashing as lib:0
.include: already installed, replacing
stashing as .include:0
.merge: already installed, replacing
stashing as .merge:0
merge: already installed, replacing
stashing as merge:0
<: already installed, replacing
stashing as <:0
.get: already installed, replacing
stashing as .get:0
get: already installed, replacing
stashing as get:0
.build: already installed, replacing
stashing as .build:0
build: already installed, replacing
stashing as build:0
spice: already installed, replacing
stashing as spice:0
`spice: already installed, replacing
stashing as `spice:0
acs: already installed, replacing
stashing as acs:0
.endc: already installed, replacing
stashing as .endc:0
.control: already installed, replacing
stashing as .control:0
verilog: already installed, replacing
stashing as verilog:0
paramset: already installed, replacing
stashing as paramset:0
module: already installed, replacing
stashing as module:0
macromodule: already installed, replacing
stashing as macromodule:0
verilog: already installed, replacing
stashing as verilog:0
quit: already installed, replacing
stashing as quit:0
exit: already installed, replacing
stashing as exit:0
detach_all: already installed, replacing
stashing as detach_all:0
paramset NMOS PSP104VA;
  parameter real l=1.0u;
   parameter real w=1.0u;
   parameter integer nf=1;
   parameter real ad=1.0e-12;
   parameter real pd=1.0e-6;
   parameter real as=1.0e-12;
   parameter real ps=1.0e-6;
   parameter real sa=0.0;
   parameter real sb=0.0;
   parameter real sd=0.0;
 .TYPE=1; .L=l; .W=w; .NF=nf; .AD=ad; .PD=pd; .AS=as; .PS=ps; .SA=sa; .SB=sb; .SD=sd;
endparamset

paramset PMOS PSP104VA;
  parameter real l=1.0u;
   parameter real w=1.0u;
   parameter integer nf=1;
   parameter real ad=1.0e-12;
   parameter real pd=1.0e-6;
   parameter real as=1.0e-12;
   parameter real ps=1.0e-6;
   parameter real sa=0.0;
   parameter real sb=0.0;
   parameter real sd=0.0;
 .TYPE=(- 1); .L=l; .W=w; .NF=nf; .AD=ad; .PD=pd; .AS=as; .PS=ps; .SA=sa; .SB=sb; .SD=sd;
endparamset

parameter real L=0.09u; // MOSFET length 
parameter real WN=10.0u; // NMOS width 
parameter real WP=20.0u; // PMOS width 
parameter real VNOM=1.2; // Nominal supply (V) 
ground gnd;
vsource #(.dc(vd)) sd (.p(d),.n(gnd));
vsource #(.dc(vg)) sg (.p(g),.n(gnd));
parameter vd = 0.0;
parameter vg = 0.0;
PMOS #(.l(L),.w(WP)) M1 (.d(d),.g(g),.s(gnd),.b(gnd));
#           v(g)       i(sd)      iter(0)   
 0.        -0.2        0.         4.        
-0.02      -0.2        27.392E-9  4.        
-0.04      -0.2        39.498E-9  4.        
-0.06      -0.2        44.889E-9  4.        
-0.08      -0.2        47.421E-9  4.        
-0.1       -0.2        48.705E-9  4.        
-0.12      -0.2        49.411E-9  4.        
-0.14      -0.2        49.828E-9  4.        
-0.16      -0.2        50.09E-9   4.        
-0.18      -0.2        50.262E-9  4.        
-0.2       -0.2        50.39E-9   4.        
-0.22      -0.2        50.477E-9  4.        
-0.24      -0.2        50.542E-9  4.        
-0.26      -0.2        50.593E-9  4.        
-0.28      -0.2        50.633E-9  4.        
-0.3       -0.2        50.666E-9  4.        
-0.32      -0.2        50.684E-9  4.        
-0.34      -0.2        50.706E-9  4.        
-0.36      -0.2        50.728E-9  4.        
-0.38      -0.2        50.735E-9  4.        
-0.4       -0.2        50.75E-9   4.        
-0.42      -0.2        50.764E-9  4.        
-0.44      -0.2        50.779E-9  4.        
-0.46      -0.2        50.779E-9  4.        
-0.48      -0.2        50.793E-9  4.        
-0.5       -0.2        50.793E-9  4.        
-0.52      -0.2        50.793E-9  4.        
-0.54      -0.2        50.801E-9  4.        
-0.56      -0.2        50.808E-9  4.        
-0.58      -0.2        50.808E-9  4.        
-0.6       -0.2        50.815E-9  4.        
-0.62      -0.2        50.823E-9  4.        
-0.64      -0.2        50.823E-9  4.        
-0.66      -0.2        50.815E-9  4.        
-0.68      -0.2        50.815E-9  4.        
-0.7       -0.2        50.815E-9  4.        
-0.72      -0.2        50.815E-9  4.        
-0.74      -0.2        50.815E-9  4.        
-0.76      -0.2        50.83E-9   4.        
-0.78      -0.2        50.844E-9  4.        
-0.8       -0.2        50.83E-9   4.        
-0.82      -0.2        50.844E-9  4.        
-0.84      -0.2        50.844E-9  4.        
-0.86      -0.2        50.844E-9  4.        
-0.88      -0.2        50.859E-9  4.        
-0.9       -0.2        50.859E-9  4.        
-0.92      -0.2        50.859E-9  4.        
-0.94      -0.2        50.859E-9  4.        
-0.96      -0.2        50.873E-9  4.        
-0.98      -0.2        50.888E-9  4.        
-1.        -0.2        50.888E-9  4.        
-1.02      -0.2        50.873E-9  4.        
-1.04      -0.2        50.903E-9  4.        
-1.06      -0.2        50.888E-9  4.        
-1.08      -0.2        50.888E-9  4.        
-1.1       -0.2        50.903E-9  4.        
-1.12      -0.2        50.917E-9  4.        
-1.14      -0.2        50.903E-9  4.        
-1.16      -0.2        50.888E-9  4.        
-1.18      -0.2        50.888E-9  4.        
-1.2       -0.2        50.917E-9  4.        
 0.        -0.4        3.E-21     4.        
-0.02      -0.4        12.497E-6  4.        
-0.04      -0.4        18.726E-6  4.        
-0.06      -0.4        21.693E-6  4.        
-0.08      -0.4        23.143E-6  4.        
-0.1       -0.4        23.901E-6  4.        
-0.12      -0.4        24.331E-6  4.        
-0.14      -0.4        24.597E-6  4.        
-0.16      -0.4        24.774E-6  4.        
-0.18      -0.4        24.899E-6  4.        
-0.2       -0.4        24.993E-6  4.        
-0.22      -0.4        25.067E-6  4.        
-0.24      -0.4        25.128E-6  4.        
-0.26      -0.4        25.178E-6  4.        
-0.28      -0.4        25.221E-6  4.        
-0.3       -0.4        25.259E-6  4.        
-0.32      -0.4        25.293E-6  4.        
-0.34      -0.4        25.323E-6  4.        
-0.36      -0.4        25.351E-6  4.        
-0.38      -0.4        25.376E-6  4.        
-0.4       -0.4        25.4E-6    4.        
-0.42      -0.4        25.422E-6  4.        
-0.44      -0.4        25.442E-6  4.        
-0.46      -0.4        25.462E-6  4.        
-0.48      -0.4        25.48E-6   4.        
-0.5       -0.4        25.497E-6  4.        
-0.52      -0.4        25.514E-6  4.        
-0.54      -0.4        25.53E-6   4.        
-0.56      -0.4        25.545E-6  4.        
-0.58      -0.4        25.559E-6  4.        
-0.6       -0.4        25.573E-6  4.        
-0.62      -0.4        25.586E-6  4.        
-0.64      -0.4        25.599E-6  4.        
-0.66      -0.4        25.612E-6  4.        
-0.68      -0.4        25.624E-6  4.        
-0.7       -0.4        25.635E-6  4.        
-0.72      -0.4        25.647E-6  4.        
-0.74      -0.4        25.658E-6  4.        
-0.76      -0.4        25.668E-6  4.        
-0.78      -0.4        25.679E-6  4.        
-0.8       -0.4        25.689E-6  4.        
-0.82      -0.4        25.698E-6  4.        
-0.84      -0.4        25.708E-6  4.        
-0.86      -0.4        25.717E-6  4.        
-0.88      -0.4        25.726E-6  4.        
-0.9       -0.4        25.735E-6  4.        
-0.92      -0.4        25.744E-6  4.        
-0.94      -0.4        25.753E-6  4.        
-0.96      -0.4        25.761E-6  4.        
-0.98      -0.4        25.769E-6  4.        
-1.        -0.4        25.777E-6  4.        
-1.02      -0.4        25.785E-6  4.        
-1.04      -0.4        25.792E-6  4.        
-1.06      -0.4        25.8E-6    4.        
-1.08      -0.4        25.807E-6  4.        
-1.1       -0.4        25.815E-6  4.        
-1.12      -0.4        25.822E-6  4.        
-1.14      -0.4        25.829E-6  4.        
-1.16      -0.4        25.836E-6  4.        
-1.18      -0.4        25.842E-6  4.        
-1.2       -0.4        25.849E-6  4.        
 0.        -0.6       -253.3E-18  5.        
-0.02      -0.6        187.46E-6  4.        
-0.04      -0.6        342.28E-6  4.        
-0.06      -0.6        464.57E-6  4.        
-0.08      -0.6        558.04E-6  4.        
-0.1       -0.6        628.03E-6  4.        
-0.12      -0.6        679.97E-6  4.        
-0.14      -0.6        718.61E-6  4.        
-0.16      -0.6        747.68E-6  4.        
-0.18      -0.6        769.94E-6  4.        
-0.2       -0.6        787.38E-6  4.        
-0.22      -0.6        801.37E-6  4.        
-0.24      -0.6        812.87E-6  4.        
-0.26      -0.6        822.54E-6  4.        
-0.28      -0.6        830.85E-6  4.        
-0.3       -0.6        838.1E-6   4.        
-0.32      -0.6        844.54E-6  4.        
-0.34      -0.6        850.34E-6  4.        
-0.36      -0.6        855.62E-6  4.        
-0.38      -0.6        860.47E-6  4.        
-0.4       -0.6        864.96E-6  4.        
-0.42      -0.6        869.15E-6  4.        
-0.44      -0.6        873.09E-6  4.        
-0.46      -0.6        876.79E-6  4.        
-0.48      -0.6        880.31E-6  4.        
-0.5       -0.6        883.64E-6  4.        
-0.52      -0.6        886.83E-6  4.        
-0.54      -0.6        889.87E-6  4.        
-0.56      -0.6        892.79E-6  4.        
-0.58      -0.6        895.59E-6  4.        
-0.6       -0.6        898.29E-6  4.        
-0.62      -0.6        900.9E-6   4.        
-0.64      -0.6        903.41E-6  4.        
-0.66      -0.6        905.84E-6  4.        
-0.68      -0.6        908.2E-6   4.        
-0.7       -0.6        910.49E-6  4.        
-0.72      -0.6        912.71E-6  4.        
-0.74      -0.6        914.87E-6  4.        
-0.76      -0.6        916.97E-6  4.        
-0.78      -0.6        919.01E-6  4.        
-0.8       -0.6        921.E-6    4.        
-0.82      -0.6        922.95E-6  4.        
-0.84      -0.6        924.84E-6  4.        
-0.86      -0.6        926.69E-6  4.        
-0.88      -0.6        928.51E-6  4.        
-0.9       -0.6        930.28E-6  4.        
-0.92      -0.6        932.01E-6  4.        
-0.94      -0.6        933.7E-6   4.        
-0.96      -0.6        935.37E-6  4.        
-0.98      -0.6        936.99E-6  4.        
-1.        -0.6        938.59E-6  4.        
-1.02      -0.6        940.16E-6  4.        
-1.04      -0.6        941.69E-6  4.        
-1.06      -0.6        943.2E-6   4.        
-1.08      -0.6        944.68E-6  4.        
-1.1       -0.6        946.14E-6  4.        
-1.12      -0.6        947.57E-6  4.        
-1.14      -0.6        948.97E-6  4.        
-1.16      -0.6        950.36E-6  4.        
-1.18      -0.6        951.72E-6  4.        
-1.2       -0.6        953.05E-6  4.        
 0.        -0.8       -447.9E-18  5.        
-0.02      -0.8        412.58E-6  4.        
-0.04      -0.8        792.36E-6  4.        
-0.06      -0.8        0.0011355  4.        
-0.08      -0.8        0.0014409  4.        
-0.1       -0.8        0.0017095  4.        
-0.12      -0.8        0.0019438  4.        
-0.14      -0.8        0.0021468  4.        
-0.16      -0.8        0.0023219  4.        
-0.18      -0.8        0.0024728  4.        
-0.2       -0.8        0.0026026  4.        
-0.22      -0.8        0.0027144  4.        
-0.24      -0.8        0.0028109  4.        
-0.26      -0.8        0.0028946  4.        
-0.28      -0.8        0.0029675  4.        
-0.3       -0.8        0.0030312  4.        
-0.32      -0.8        0.0030873  4.        
-0.34      -0.8        0.003137   4.        
-0.36      -0.8        0.0031812  4.        
-0.38      -0.8        0.0032209  4.        
-0.4       -0.8        0.0032567  4.        
-0.42      -0.8        0.0032893  4.        
-0.44      -0.8        0.0033189  4.        
-0.46      -0.8        0.0033462  4.        
-0.48      -0.8        0.0033713  4.        
-0.5       -0.8        0.0033947  4.        
-0.52      -0.8        0.0034164  4.        
-0.54      -0.8        0.0034367  4.        
-0.56      -0.8        0.0034558  4.        
-0.58      -0.8        0.0034738  4.        
-0.6       -0.8        0.0034908  4.        
-0.62      -0.8        0.0035069  4.        
-0.64      -0.8        0.0035223  4.        
-0.66      -0.8        0.0035369  4.        
-0.68      -0.8        0.0035509  4.        
-0.7       -0.8        0.0035643  4.        
-0.72      -0.8        0.0035771  4.        
-0.74      -0.8        0.0035895  4.        
-0.76      -0.8        0.0036014  4.        
-0.78      -0.8        0.0036129  4.        
-0.8       -0.8        0.003624   4.        
-0.82      -0.8        0.0036347  4.        
-0.84      -0.8        0.0036451  4.        
-0.86      -0.8        0.0036552  4.        
-0.88      -0.8        0.003665   4.        
-0.9       -0.8        0.0036745  4.        
-0.92      -0.8        0.0036837  4.        
-0.94      -0.8        0.0036927  4.        
-0.96      -0.8        0.0037015  4.        
-0.98      -0.8        0.0037101  4.        
-1.        -0.8        0.0037184  4.        
-1.02      -0.8        0.0037266  4.        
-1.04      -0.8        0.0037346  4.        
-1.06      -0.8        0.0037423  4.        
-1.08      -0.8        0.00375    4.        
-1.1       -0.8        0.0037574  4.        
-1.12      -0.8        0.0037647  4.        
-1.14      -0.8        0.0037719  4.        
-1.16      -0.8        0.0037789  4.        
-1.18      -0.8        0.0037858  4.        
-1.2       -0.8        0.0037926  4.        
 0.        -1.        -629.7E-18  5.        
-0.02      -1.         609.86E-6  4.        
-0.04      -1.         0.0011906  4.        
-0.06      -1.         0.0017377  4.        
-0.08      -1.         0.0022484  4.        
-0.1       -1.         0.0027217  4.        
-0.12      -1.         0.0031578  4.        
-0.14      -1.         0.0035577  4.        
-0.16      -1.         0.0039231  4.        
-0.18      -1.         0.004256   4.        
-0.2       -1.         0.0045587  4.        
-0.22      -1.         0.0048333  4.        
-0.24      -1.         0.0050823  4.        
-0.26      -1.         0.0053078  4.        
-0.28      -1.         0.0055119  4.        
-0.3       -1.         0.0056968  4.        
-0.32      -1.         0.0058644  4.        
-0.34      -1.         0.0060165  4.        
-0.36      -1.         0.0061546  4.        
-0.38      -1.         0.0062804  4.        
-0.4       -1.         0.0063951  4.        
-0.42      -1.         0.0065     4.        
-0.44      -1.         0.0065961  4.        
-0.46      -1.         0.0066845  4.        
-0.48      -1.         0.0067659  4.        
-0.5       -1.         0.0068411  4.        
-0.52      -1.         0.0069108  4.        
-0.54      -1.         0.0069755  4.        
-0.56      -1.         0.0070358  4.        
-0.58      -1.         0.0070922  4.        
-0.6       -1.         0.0071449  4.        
-0.62      -1.         0.0071945  4.        
-0.64      -1.         0.0072412  4.        
-0.66      -1.         0.0072852  4.        
-0.68      -1.         0.0073269  4.        
-0.7       -1.         0.0073664  4.        
-0.72      -1.         0.0074039  4.        
-0.74      -1.         0.0074396  4.        
-0.76      -1.         0.0074736  4.        
-0.78      -1.         0.0075062  4.        
-0.8       -1.         0.0075373  4.        
-0.82      -1.         0.0075672  4.        
-0.84      -1.         0.0075959  4.        
-0.86      -1.         0.0076234  4.        
-0.88      -1.         0.00765    4.        
-0.9       -1.         0.0076756  4.        
-0.92      -1.         0.0077003  4.        
-0.94      -1.         0.0077242  4.        
-0.96      -1.         0.0077473  4.        
-0.98      -1.         0.0077697  4.        
-1.        -1.         0.0077914  4.        
-1.02      -1.         0.0078125  4.        
-1.04      -1.         0.0078329  4.        
-1.06      -1.         0.0078528  4.        
-1.08      -1.         0.0078722  4.        
-1.1       -1.         0.0078911  4.        
-1.12      -1.         0.0079095  4.        
-1.14      -1.         0.0079274  4.        
-1.16      -1.         0.0079449  4.        
-1.18      -1.         0.007962   4.        
-1.2       -1.         0.0079787  4.        
 0.        -1.2       -823.6E-18  5.        
-0.02      -1.2        776.07E-6  4.        
-0.04      -1.2        0.0015267  4.        
-0.06      -1.2        0.0022473  4.        
-0.08      -1.2        0.0029346  4.        
-0.1       -1.2        0.0035869  4.        
-0.12      -1.2        0.0042032  4.        
-0.14      -1.2        0.0047836  4.        
-0.16      -1.2        0.0053286  4.        
-0.18      -1.2        0.0058393  4.        
-0.2       -1.2        0.0063168  4.        
-0.22      -1.2        0.0067627  4.        
-0.24      -1.2        0.0071784  4.        
-0.26      -1.2        0.0075655  4.        
-0.28      -1.2        0.0079256  4.        
-0.3       -1.2        0.0082602  4.        
-0.32      -1.2        0.0085711  4.        
-0.34      -1.2        0.0088597  4.        
-0.36      -1.2        0.0091277  4.        
-0.38      -1.2        0.0093764  4.        
-0.4       -1.2        0.0096073  4.        
-0.42      -1.2        0.0098218  4.        
-0.44      -1.2        0.010021   4.        
-0.46      -1.2        0.010207   4.        
-0.48      -1.2        0.010379   4.        
-0.5       -1.2        0.01054    4.        
-0.52      -1.2        0.01069    4.        
-0.54      -1.2        0.010831   4.        
-0.56      -1.2        0.010962   4.        
-0.58      -1.2        0.011085   4.        
-0.6       -1.2        0.0112     4.        
-0.62      -1.2        0.011309   4.        
-0.64      -1.2        0.011411   4.        
-0.66      -1.2        0.011507   4.        
-0.68      -1.2        0.011598   4.        
-0.7       -1.2        0.011684   4.        
-0.72      -1.2        0.011766   4.        
-0.74      -1.2        0.011843   4.        
-0.76      -1.2        0.011917   4.        
-0.78      -1.2        0.011987   4.        
-0.8       -1.2        0.012053   4.        
-0.82      -1.2        0.012117   4.        
-0.84      -1.2        0.012178   4.        
-0.86      -1.2        0.012236   4.        
-0.88      -1.2        0.012292   4.        
-0.9       -1.2        0.012345   4.        
-0.92      -1.2        0.012397   4.        
-0.94      -1.2        0.012446   4.        
-0.96      -1.2        0.012494   4.        
-0.98      -1.2        0.012539   4.        
-1.        -1.2        0.012584   4.        
-1.02      -1.2        0.012626   4.        
-1.04      -1.2        0.012668   4.        
-1.06      -1.2        0.012708   4.        
-1.08      -1.2        0.012746   4.        
-1.1       -1.2        0.012784   4.        
-1.12      -1.2        0.01282    4.        
-1.14      -1.2        0.012856   4.        
-1.16      -1.2        0.01289    4.        
-1.18      -1.2        0.012924   4.        
-1.2       -1.2        0.012956   4.        
Gnucap   System status
iterations: op=0, dc=1468, tran=0, fourier=0, total=1468
transient timesteps: accepted=0, rejected=0, total=0
nodes: user=2, subckt=0, model=15, total=17
dctran density=40.8%, ac density=40.8%
