 v-sweep         v(2)            i(vd)          
 0.00000000e+00  5.00000000e-02 -1.00667056e-10 
 2.00000000e-02  5.00000000e-02 -1.87965350e-10 
 4.00000000e-02  5.00000000e-02 -3.51560557e-10 
 6.00000000e-02  5.00000000e-02 -6.58584205e-10 
 8.00000000e-02  5.00000000e-02 -1.23560201e-09 
 1.00000000e-01  5.00000000e-02 -2.32153167e-09 
 1.20000000e-01  5.00000000e-02 -4.36791045e-09 
 1.40000000e-01  5.00000000e-02 -8.22903623e-09 
 1.60000000e-01  5.00000000e-02 -1.55227214e-08 
 1.80000000e-01  5.00000000e-02 -2.93157373e-08 
 2.00000000e-01  5.00000000e-02 -5.54192828e-08 
 2.20000000e-01  5.00000000e-02 -1.04844073e-07 
 2.40000000e-01  5.00000000e-02 -1.98404091e-07 
 2.60000000e-01  5.00000000e-02 -3.75248736e-07 
 2.80000000e-01  5.00000000e-02 -7.08254893e-07 
 3.00000000e-01  5.00000000e-02 -1.33038268e-06 
 3.20000000e-01  5.00000000e-02 -2.47535977e-06 
 3.40000000e-01  5.00000000e-02 -4.52810599e-06 
 3.60000000e-01  5.00000000e-02 -8.05808056e-06 
 3.80000000e-01  5.00000000e-02 -1.37804031e-05 
 4.00000000e-01  5.00000000e-02 -2.24018915e-05 
 4.20000000e-01  5.00000000e-02 -3.43998020e-05 
 4.40000000e-01  5.00000000e-02 -4.98702848e-05 
 4.60000000e-01  5.00000000e-02 -6.85438469e-05 
 4.80000000e-01  5.00000000e-02 -8.99284344e-05 
 5.00000000e-01  5.00000000e-02 -1.13466540e-04 
 5.20000000e-01  5.00000000e-02 -1.38635436e-04 
 5.40000000e-01  5.00000000e-02 -1.64988166e-04 
 5.60000000e-01  5.00000000e-02 -1.92159745e-04 
 5.80000000e-01  5.00000000e-02 -2.19858911e-04 
 6.00000000e-01  5.00000000e-02 -2.47740788e-04 
 6.20000000e-01  5.00000000e-02 -2.75938323e-04 
 6.40000000e-01  5.00000000e-02 -3.04094993e-04 
 6.60000000e-01  5.00000000e-02 -3.32105320e-04 
 6.80000000e-01  5.00000000e-02 -3.59887561e-04 
 7.00000000e-01  5.00000000e-02 -3.87378620e-04 
 7.20000000e-01  5.00000000e-02 -4.14530082e-04 
 7.40000000e-01  5.00000000e-02 -4.41305135e-04 
 7.60000000e-01  5.00000000e-02 -4.67676154e-04 
 7.80000000e-01  5.00000000e-02 -4.93622825e-04 
 8.00000000e-01  5.00000000e-02 -5.19130664e-04 
 8.20000000e-01  5.00000000e-02 -5.44189848e-04 
 8.40000000e-01  5.00000000e-02 -5.68794297e-04 
 8.60000000e-01  5.00000000e-02 -5.92940933e-04 
 8.80000000e-01  5.00000000e-02 -6.16629098e-04 
 9.00000000e-01  5.00000000e-02 -6.39860073e-04 
 9.20000000e-01  5.00000000e-02 -6.62636704e-04 
 9.40000000e-01  5.00000000e-02 -6.84963089e-04 
 9.60000000e-01  5.00000000e-02 -7.06844324e-04 
 9.80000000e-01  5.00000000e-02 -7.28286300e-04 
 1.00000000e+00  5.00000000e-02 -7.49295532e-04 
 1.02000000e+00  5.00000000e-02 -7.69879020e-04 
 1.04000000e+00  5.00000000e-02 -7.90044134e-04 
 1.06000000e+00  5.00000000e-02 -8.09798521e-04 
 1.08000000e+00  5.00000000e-02 -8.29150024e-04 
 1.10000000e+00  5.00000000e-02 -8.48106618e-04 
 1.12000000e+00  5.00000000e-02 -8.66676356e-04 
 1.14000000e+00  5.00000000e-02 -8.84867325e-04 
 1.16000000e+00  5.00000000e-02 -9.02687608e-04 
 1.18000000e+00  5.00000000e-02 -9.20145253e-04 
 1.20000000e+00  5.00000000e-02 -9.37248250e-04 
 0.00000000e+00  5.50000000e-01 -1.20203030e-10 
 2.00000000e-02  5.50000000e-01 -2.24017587e-10 
 4.00000000e-02  5.50000000e-01 -4.18564174e-10 
 6.00000000e-02  5.50000000e-01 -7.83675990e-10 
 8.00000000e-02  5.50000000e-01 -1.46986727e-09 
 1.00000000e-01  5.50000000e-01 -2.76126884e-09 
 1.20000000e-01  5.50000000e-01 -5.19488734e-09 
 1.40000000e-01  5.50000000e-01 -9.78679776e-09 
 1.60000000e-01  5.50000000e-01 -1.84614299e-08 
 1.80000000e-01  5.50000000e-01 -3.48675719e-08 
 2.00000000e-01  5.50000000e-01 -6.59227479e-08 
 2.20000000e-01  5.50000000e-01 -1.24745194e-07 
 2.40000000e-01  5.50000000e-01 -2.36174370e-07 
 2.60000000e-01  5.50000000e-01 -4.47079482e-07 
 2.80000000e-01  5.50000000e-01 -8.45231267e-07 
 3.00000000e-01  5.50000000e-01 -1.59256916e-06 
 3.20000000e-01  5.50000000e-01 -2.97974093e-06 
 3.40000000e-01  5.50000000e-01 -5.50386047e-06 
 3.60000000e-01  5.50000000e-01 -9.95176607e-06 
 3.80000000e-01  5.50000000e-01 -1.74373239e-05 
 4.00000000e-01  5.50000000e-01 -2.93308676e-05 
 4.20000000e-01  5.50000000e-01 -4.70793875e-05 
 4.40000000e-01  5.50000000e-01 -7.20008900e-05 
 4.60000000e-01  5.50000000e-01 -1.05140924e-04 
 4.80000000e-01  5.50000000e-01 -1.47215232e-04 
 5.00000000e-01  5.50000000e-01 -1.98615655e-04 
 5.20000000e-01  5.50000000e-01 -2.59449844e-04 
 5.40000000e-01  5.50000000e-01 -3.29594725e-04 
 5.60000000e-01  5.50000000e-01 -4.08752387e-04 
 5.80000000e-01  5.50000000e-01 -4.96502060e-04 
 6.00000000e-01  5.50000000e-01 -5.92344793e-04 
 6.20000000e-01  5.50000000e-01 -6.95739306e-04 
 6.40000000e-01  5.50000000e-01 -8.06129015e-04 
 6.60000000e-01  5.50000000e-01 -9.22961114e-04 
 6.80000000e-01  5.50000000e-01 -1.04569919e-03 
 7.00000000e-01  5.50000000e-01 -1.17383086e-03 
 7.20000000e-01  5.50000000e-01 -1.30687190e-03 
 7.40000000e-01  5.50000000e-01 -1.44436791e-03 
 7.60000000e-01  5.50000000e-01 -1.58589443e-03 
 7.80000000e-01  5.50000000e-01 -1.73105608e-03 
 8.00000000e-01  5.50000000e-01 -1.87791051e-03 
 8.20000000e-01  5.50000000e-01 -2.02943204e-03 
 8.40000000e-01  5.50000000e-01 -2.18355012e-03 
 8.60000000e-01  5.50000000e-01 -2.33997067e-03 
 8.80000000e-01  5.50000000e-01 -2.49842036e-03 
 9.00000000e-01  5.50000000e-01 -2.65864500e-03 
 9.20000000e-01  5.50000000e-01 -2.82040803e-03 
 9.40000000e-01  5.50000000e-01 -2.98348920e-03 
 9.60000000e-01  5.50000000e-01 -3.14768330e-03 
 9.80000000e-01  5.50000000e-01 -3.31279907e-03 
 1.00000000e+00  5.50000000e-01 -3.47865815e-03 
 1.02000000e+00  5.50000000e-01 -3.64509419e-03 
 1.04000000e+00  5.50000000e-01 -3.81195199e-03 
 1.06000000e+00  5.50000000e-01 -3.97908671e-03 
 1.08000000e+00  5.50000000e-01 -4.14636323e-03 
 1.10000000e+00  5.50000000e-01 -4.31365545e-03 
 1.12000000e+00  5.50000000e-01 -4.48084576e-03 
 1.14000000e+00  5.50000000e-01 -4.64782445e-03 
 1.16000000e+00  5.50000000e-01 -4.81448926e-03 
 1.18000000e+00  5.50000000e-01 -4.98074490e-03 
 1.20000000e+00  5.50000000e-01 -5.14650262e-03 
 0.00000000e+00  1.05000000e+00 -1.20801762e-10 
 2.00000000e-02  1.05000000e+00 -2.24702004e-10 
 4.00000000e-02  1.05000000e+00 -4.19409214e-10 
 6.00000000e-02  1.05000000e+00 -7.84822664e-10 
 8.00000000e-02  1.05000000e+00 -1.47158150e-09 
 1.00000000e-01  1.05000000e+00 -2.76405355e-09 
 1.20000000e-01  1.05000000e+00 -5.19969772e-09 
 1.40000000e-01  1.05000000e+00 -9.79546026e-09 
 1.60000000e-01  1.05000000e+00 -1.84774767e-08 
 1.80000000e-01  1.05000000e+00 -3.48979399e-08 
 2.00000000e-01  1.05000000e+00 -6.59815853e-08 
 2.20000000e-01  1.05000000e+00 -1.24862787e-07 
 2.40000000e-01  1.05000000e+00 -2.36420584e-07 
 2.60000000e-01  1.05000000e+00 -4.47630852e-07 
 2.80000000e-01  1.05000000e+00 -8.46575874e-07 
 3.00000000e-01  1.05000000e+00 -1.59614790e-06 
 3.20000000e-01  1.05000000e+00 -2.98990870e-06 
 3.40000000e-01  1.05000000e+00 -5.53341791e-06 
 3.60000000e-01  1.05000000e+00 -1.00353682e-05 
 3.80000000e-01  1.05000000e+00 -1.76572606e-05 
 4.00000000e-01  1.05000000e+00 -2.98533374e-05 
 4.20000000e-01  1.05000000e+00 -4.81887346e-05 
 4.40000000e-01  1.05000000e+00 -7.41169940e-05 
 4.60000000e-01  1.05000000e+00 -1.08814575e-04 
 4.80000000e-01  1.05000000e+00 -1.53106428e-04 
 5.00000000e-01  1.05000000e+00 -2.07463112e-04 
 5.20000000e-01  1.05000000e+00 -2.72038832e-04 
 5.40000000e-01  1.05000000e+00 -3.46728024e-04 
 5.60000000e-01  1.05000000e+00 -4.31227027e-04 
 5.80000000e-01  1.05000000e+00 -5.25092844e-04 
 6.00000000e-01  1.05000000e+00 -6.27794460e-04 
 6.20000000e-01  1.05000000e+00 -7.38754524e-04 
 6.40000000e-01  1.05000000e+00 -8.57381055e-04 
 6.60000000e-01  1.05000000e+00 -9.83089976e-04 
 6.80000000e-01  1.05000000e+00 -1.11531999e-03 
 7.00000000e-01  1.05000000e+00 -1.25354148e-03 
 7.20000000e-01  1.05000000e+00 -1.39726099e-03 
 7.40000000e-01  1.05000000e+00 -1.54602275e-03 
 7.60000000e-01  1.05000000e+00 -1.69940814e-03 
 7.80000000e-01  1.05000000e+00 -1.85703399e-03 
 8.00000000e-01  1.05000000e+00 -2.01666075e-03 
 8.20000000e-01  1.05000000e+00 -2.18190274e-03 
 8.40000000e-01  1.05000000e+00 -2.35041017e-03 
 8.60000000e-01  1.05000000e+00 -2.52191751e-03 
 8.80000000e-01  1.05000000e+00 -2.69618172e-03 
 9.00000000e-01  1.05000000e+00 -2.87297997e-03 
 9.20000000e-01  1.05000000e+00 -3.05210754e-03 
 9.40000000e-01  1.05000000e+00 -3.23337598e-03 
 9.60000000e-01  1.05000000e+00 -3.41661142e-03 
 9.80000000e-01  1.05000000e+00 -3.60165312e-03 
 1.00000000e+00  1.05000000e+00 -3.78835214e-03 
 1.02000000e+00  1.05000000e+00 -3.97657017e-03 
 1.04000000e+00  1.05000000e+00 -4.16617850e-03 
 1.06000000e+00  1.05000000e+00 -4.35705714e-03 
 1.08000000e+00  1.05000000e+00 -4.54909395e-03 
 1.10000000e+00  1.05000000e+00 -4.74218396e-03 
 1.12000000e+00  1.05000000e+00 -4.93622872e-03 
 1.14000000e+00  1.05000000e+00 -5.13113570e-03 
 1.16000000e+00  1.05000000e+00 -5.32681781e-03 
 1.18000000e+00  1.05000000e+00 -5.52319295e-03 
 1.20000000e+00  1.05000000e+00 -5.72018356e-03 
