Gnucap : The Gnu Circuit Analysis Package
Never trust any version less than 1.0
Copyright 1982-2013, Albert Davis
Gnucap comes with ABSOLUTELY NO WARRANTY
This is free software, and you are welcome
to redistribute it under the terms of 
the GNU General Public License, version 3 or later.
See the file "COPYING" for details.
main version: noinsensitive 2025.10.15
core-lib version: noinsensitive 2025.10.15
default plugins: noinsensitive 2025.10.15
param: already installed, replacing
stashing as param:0
parameters: already installed, replacing
stashing as parameters:0
parameter: already installed, replacing
stashing as parameter:0
logic: already installed, replacing
stashing as logic:0
spice: already installed, replacing
stashing as spice:0
acs: already installed, replacing
stashing as acs:0
;: already installed, replacing
stashing as ;:0
#: already installed, replacing
stashing as #:0
*: already installed, replacing
stashing as *:0
': already installed, replacing
stashing as ':0
": already installed, replacing
stashing as ":0
dev_comment: already installed, replacing
stashing as dev_comment:0
.model: already installed, replacing
stashing as .model:0
.subckt: already installed, replacing
stashing as .subckt:0
.macro: already installed, replacing
stashing as .macro:0
.lib: already installed, replacing
stashing as .lib:0
lib: already installed, replacing
stashing as lib:0
.include: already installed, replacing
stashing as .include:0
.merge: already installed, replacing
stashing as .merge:0
merge: already installed, replacing
stashing as merge:0
<: already installed, replacing
stashing as <:0
.get: already installed, replacing
stashing as .get:0
get: already installed, replacing
stashing as get:0
.build: already installed, replacing
stashing as .build:0
build: already installed, replacing
stashing as build:0
spice: already installed, replacing
stashing as spice:0
`spice: already installed, replacing
stashing as `spice:0
acs: already installed, replacing
stashing as acs:0
.endc: already installed, replacing
stashing as .endc:0
.control: already installed, replacing
stashing as .control:0
verilog: already installed, replacing
stashing as verilog:0
paramset: already installed, replacing
stashing as paramset:0
module: already installed, replacing
stashing as module:0
macromodule: already installed, replacing
stashing as macromodule:0
verilog: already installed, replacing
stashing as verilog:0
quit: already installed, replacing
stashing as quit:0
exit: already installed, replacing
stashing as exit:0
detach_all: already installed, replacing
stashing as detach_all:0
paramset NMOS PSP104VA;
  parameter real l=1.0u;
   parameter real w=1.0u;
   parameter integer nf=1;
   parameter real ad=1.0e-12;
   parameter real pd=1.0e-6;
   parameter real as=1.0e-12;
   parameter real ps=1.0e-6;
   parameter real sa=0.0;
   parameter real sb=0.0;
   parameter real sd=0.0;
 .TYPE=1; .L=l; .W=w; .NF=nf; .AD=ad; .PD=pd; .AS=as; .PS=ps; .SA=sa; .SB=sb; .SD=sd;
endparamset

paramset PMOS PSP104VA;
  parameter real l=1.0u;
   parameter real w=1.0u;
   parameter integer nf=1;
   parameter real ad=1.0e-12;
   parameter real pd=1.0e-6;
   parameter real as=1.0e-12;
   parameter real ps=1.0e-6;
   parameter real sa=0.0;
   parameter real sb=0.0;
   parameter real sd=0.0;
 .TYPE=(- 1); .L=l; .W=w; .NF=nf; .AD=ad; .PD=pd; .AS=as; .PS=ps; .SA=sa; .SB=sb; .SD=sd;
endparamset

parameter real L=0.09u; // MOSFET length 
parameter real WN=10.0u; // NMOS width 
parameter real WP=20.0u; // PMOS width 
parameter real VNOM=1.2; // Nominal supply (V) 
module NAND2 (.in1(in1),.in2(in2),.out(out),.vdd(vdd),.gnd(gnd));
  parameter real WN=10u;
      parameter real WP=20u;
      parameter real L=0.09u;
      input in1, in2;
      output out;
      electrical in1, in2, out, vdd, gnd;
      electrical t1;
  PMOS #(.w(WP),.l(L)) MP1 (.d(vdd),.g(in1),.s(out),.b(vdd));
  PMOS #(.w(WP),.l(L)) MP2 (.d(vdd),.g(in2),.s(out),.b(vdd));
  NMOS #(.w(WN),.l(L)) MN1 (.d(t1),.g(in1),.s(out),.b(gnd));
  NMOS #(.w(WN),.l(L)) MN2 (.d(gnd),.g(in2),.s(t1),.b(gnd));
endmodule // NAND2

module NOT (.in(in),.out(out),.vdd(vdd),.gnd(gnd));
  parameter real WN=10u;
      parameter real WP=20u;
      parameter real L=0.09u;
      input in;
      output out;
      electrical in,out,vdd,gnd;
  PMOS #(.w(WP),.l(L)) M1 (.d(out),.g(in),.s(vdd),.b(vdd));
  NMOS #(.w(WN),.l(L)) M2 (.d(out),.g(in),.s(gnd),.b(gnd));
endmodule // NOT

module AND2 (.in1(in1),.in2(in2),.out(out),.vdd(vdd),.gnd(gnd));
  parameter real WN=10u;
      parameter real WP=20u;
      parameter real L=0.09u;
      input in1, in2;
      output out;
      electrical in1, in2, out, vdd, gnd;
  NAND2 #(.WN(WN),.WP(WP),.L(L)) XNAND2 (in1, in2, out1, vdd, gnd);
  NOT #(.WN(WN),.WP(WP),.L(L)) XNOT (out1, out, vdd, gnd);
endmodule // AND2

//TODO: workaround for op convergencen issues
//vmin/vmax are clamped to stabilize initial DC solution
ground gnd;
vsource #(.dc(VNOM)) Vdd (.p(vdd),.n(gnd));
vpulse #(.val0(0.0),.val1(VNOM),.td(0.1n),.rise(0.1n),.fall(0.1n),.width(2.0n),.period(4.0n)) Vin1 (.p(in1),.n(gnd));
vpulse #(.val0(0.0),.val1(VNOM),.td(1.1n),.rise(0.1n),.fall(0.1n),.width(2.0n),.period(4.0n)) Vin2 (.p(in2),.n(gnd));
AND2 #(.WN(WN),.WP(WP),.L(L)) XAND2 (in1, in2, out, vdd, gnd);
capacitor #(.c(10f)) Cload (.p(out),.n(gnd));
#Time       v(in1)     v(in2)     v(out)     iter(0)   
open circuit: internal node 91
 0.         0.         0.         5.1237E-9  2.001E+3  
 10.E-12    0.         0.         4.9446E-9  84.       
 20.E-12    0.         0.         4.8476E-9  49.       
 30.E-12    0.         0.         5.4441E-9  66.       
 40.E-12    0.         0.         4.7781E-9  51.       
 50.E-12    0.         0.         5.5868E-9  46.       
 60.E-12    0.         0.         5.0176E-9  50.       
 70.E-12    0.         0.         5.3302E-9  9.        
 80.E-12    0.         0.         5.1181E-9  59.       
 90.E-12    0.         0.         5.2437E-9  4.        
 100.E-12   0.         0.         5.3981E-9  54.       
 110.E-12   0.12       3.5815E-9  621.41E-6  26.       
 120.E-12   0.24      -1.5871E-9  89.417E-6  5.        
 130.E-12   0.36       3.5827E-9  214.26E-6  4.        
 140.E-12   0.48      -1.5688E-9  252.06E-6  4.        
 150.E-12   0.6        3.6072E-9  339.9E-6   4.        
 160.E-12   0.72      -1.5463E-9  396.68E-6  4.        
 170.E-12   0.84       3.5965E-9  258.39E-6  4.        
 180.E-12   0.96      -1.5389E-9  22.399E-6  5.        
 190.E-12   1.08       3.7388E-9 -141.35E-6  5.        
 200.E-12   1.2       -1.2449E-9 -232.34E-6  5.        
 210.E-12   1.2        57.79E-12 -0.0015783  18.       
 220.E-12   1.2        75.62E-12 -159.67E-6  9.        
 230.E-12   1.2        235.E-12   48.976E-6  5.        
 240.E-12   1.2        16.79E-12  40.966E-6  5.        
 250.E-12   1.2        186.7E-12  28.422E-6  5.        
 260.E-12   1.2       -17.34E-12  20.102E-6  4.        
 270.E-12   1.2        161.9E-12  14.959E-6  4.        
 280.E-12   1.2       -36.1E-12   11.452E-6  4.        
 290.E-12   1.2        147.3E-12  9.0527E-6  4.        
 300.E-12   1.2       -47.81E-12  7.307E-6   4.        
 310.E-12   1.2        137.7E-12  6.0169E-6  4.        
 320.E-12   1.2       -55.76E-12  5.0304E-6  4.        
 330.E-12   1.2        131.E-12   4.2648E-6  4.        
 340.E-12   1.2       -61.48E-12  3.6578E-6  4.        
 350.E-12   1.2        126.1E-12  3.1691E-6  4.        
 360.E-12   1.2       -65.79E-12  2.7715E-6  4.        
 370.E-12   1.2        122.3E-12  2.4431E-6  4.        
 380.E-12   1.2       -69.14E-12  2.1687E-6  4.        
 390.E-12   1.2        119.3E-12  1.9368E-6  4.        
 400.E-12   1.2       -71.82E-12  1.7407E-6  4.        
 410.E-12   1.2        116.9E-12  1.5717E-6  4.        
 420.E-12   1.2       -74.E-12    1.4265E-6  4.        
 430.E-12   1.2        114.9E-12  1.3E-6     4.        
 440.E-12   1.2       -75.81E-12  1.1894E-6  4.        
 450.E-12   1.2        113.2E-12  1.0916E-6  4.        
 460.E-12   1.2       -77.35E-12  1.0062E-6  4.        
 470.E-12   1.2        111.8E-12  929.31E-9  4.        
 480.E-12   1.2       -78.66E-12  861.66E-9  4.        
 490.E-12   1.2        110.6E-12  801.02E-9  4.        
 500.E-12   1.2       -79.79E-12  747.28E-9  4.        
 510.E-12   1.2        109.6E-12  697.94E-9  4.        
 520.E-12   1.2       -80.77E-12  653.38E-9  4.        
 530.E-12   1.2        108.6E-12  612.56E-9  4.        
 540.E-12   1.2       -81.64E-12  575.92E-9  4.        
 550.E-12   1.2        107.8E-12  541.77E-9  4.        
 560.E-12   1.2       -82.41E-12  511.41E-9  4.        
 570.E-12   1.2        107.1E-12  482.49E-9  4.        
 580.E-12   1.2       -83.09E-12  457.02E-9  4.        
 590.E-12   1.2        106.4E-12  433.17E-9  4.        
 600.E-12   1.2       -83.71E-12  411.24E-9  4.        
 610.E-12   1.2        105.9E-12  390.72E-9  4.        
 620.E-12   1.2       -84.26E-12  372.15E-9  4.        
 630.E-12   1.2        105.3E-12  354.18E-9  4.        
 640.E-12   1.2       -84.77E-12  338.47E-9  4.        
 650.E-12   1.2        104.9E-12  322.95E-9  4.        
 660.E-12   1.2       -85.23E-12  308.78E-9  4.        
 670.E-12   1.2        104.4E-12  294.9E-9   4.        
 680.E-12   1.2       -85.65E-12  283.02E-9  4.        
 690.E-12   1.2        104.E-12   270.82E-9  4.        
 700.E-12   1.2       -86.03E-12  260.28E-9  4.        
 710.E-12   1.2        103.6E-12  249.63E-9  3.        
 720.E-12   1.2       -86.39E-12  240.61E-9  4.        
 730.E-12   1.2        103.3E-12  231.23E-9  4.        
 740.E-12   1.2       -86.72E-12  222.79E-9  4.        
 750.E-12   1.2        103.E-12   214.16E-9  4.        
 760.E-12   1.2       -87.02E-12  206.65E-9  4.        
 770.E-12   1.2        102.7E-12  198.86E-9  4.        
 780.E-12   1.2       -87.3E-12   192.87E-9  4.        
 790.E-12   1.2        102.4E-12  185.83E-9  4.        
 800.E-12   1.2       -87.57E-12  179.78E-9  4.        
 810.E-12   1.2        102.2E-12  173.57E-9  4.        
 820.E-12   1.2       -87.81E-12  168.5E-9   4.        
 830.E-12   1.2        101.9E-12  162.71E-9  4.        
 840.E-12   1.2       -88.04E-12  157.84E-9  5.        
 850.E-12   1.2        101.7E-12  152.89E-9  4.        
 860.E-12   1.2       -88.26E-12  148.39E-9  4.        
 870.E-12   1.2        101.5E-12  143.72E-9  4.        
 880.E-12   1.2       -88.46E-12  139.93E-9  4.        
 890.E-12   1.2        101.3E-12  135.48E-9  4.        
 900.E-12   1.2       -88.65E-12  131.71E-9  4.        
 910.E-12   1.2        101.1E-12  127.99E-9  3.        
 920.E-12   1.2       -88.83E-12  125.05E-9  4.        
 930.E-12   1.2        100.9E-12  121.24E-9  4.        
 940.E-12   1.2       -89.E-12    118.E-9    4.        
 950.E-12   1.2        100.8E-12  115.12E-9  4.        
 960.E-12   1.2       -89.16E-12  112.47E-9  4.        
 970.E-12   1.2        100.6E-12  109.26E-9  4.        
 980.E-12   1.2       -89.31E-12  107.11E-9  4.        
 990.E-12   1.2        100.5E-12  104.04E-9  4.        
 1.E-9      1.2       -89.46E-12  101.69E-9  4.        
 1.01E-9    1.2        100.3E-12  99.363E-9  4.        
 1.02E-9    1.2       -89.59E-12  97.184E-9  4.        
 1.03E-9    1.2        100.2E-12  94.787E-9  5.        
 1.04E-9    1.2       -89.73E-12  92.941E-9  4.        
 1.05E-9    1.2        100.1E-12  90.223E-9  4.        
 1.06E-9    1.2       -89.85E-12  88.484E-9  5.        
 1.07E-9    1.2        99.94E-12  86.275E-9  5.        
 1.08E-9    1.2       -89.97E-12  84.56E-9   4.        
 1.09E-9    1.2        99.82E-12  82.796E-9  4.        
 1.1E-9     1.2       -90.08E-12  81.302E-9  4.        
 1.11E-9    1.2        0.12       0.0014593  26.       
 1.12E-9    1.2        0.24       523.49E-6  5.        
 1.13E-9    1.2        0.36       691.43E-6  4.        
 1.14E-9    1.2        0.48       0.0010257  4.        
 1.15E-9    1.2        0.6        0.0017253  5.        
 1.16E-9    1.2        0.72       0.0029279  5.        
 1.17E-9    1.2        0.84      -0.0047797  5.        
 1.18E-9    1.2        0.96      -0.023626   5.        
 1.19E-9    1.2        1.08      -0.036074   5.        
 1.2E-9     1.2        1.2       -0.047243   4.        
 1.21E-9    1.2        1.2       -0.06935    16.       
 1.22E-9    1.2        1.2       -0.016912   9.        
 1.23E-9    1.2        1.2        0.20998    9.        
 1.24E-9    1.2        1.2        0.62395    9.        
 1.25E-9    1.2        1.2        1.0497     9.        
 1.26E-9    1.2        1.2        1.174      10.       
 1.27E-9    1.2        1.2        1.1841     9.        
 1.28E-9    1.2        1.2        1.1901     8.        
 1.29E-9    1.2        1.2        1.1939     5.        
 1.3E-9     1.2        1.2        1.1963     5.        
 1.31E-9    1.2        1.2        1.1977     5.        
 1.32E-9    1.2        1.2        1.1986     5.        
 1.33E-9    1.2        1.2        1.1992     4.        
 1.34E-9    1.2        1.2        1.1995     4.        
 1.35E-9    1.2        1.2        1.1997     4.        
 1.36E-9    1.2        1.2        1.1998     4.        
 1.37E-9    1.2        1.2        1.1999     4.        
 1.38E-9    1.2        1.2        1.1999     4.        
 1.39E-9    1.2        1.2        1.2        4.        
 1.4E-9     1.2        1.2        1.2        4.        
 1.41E-9    1.2        1.2        1.2        4.        
 1.42E-9    1.2        1.2        1.2        4.        
 1.43E-9    1.2        1.2        1.2        4.        
 1.44E-9    1.2        1.2        1.2        4.        
 1.45E-9    1.2        1.2        1.2        4.        
 1.46E-9    1.2        1.2        1.2        4.        
 1.47E-9    1.2        1.2        1.2        4.        
 1.48E-9    1.2        1.2        1.2        4.        
 1.49E-9    1.2        1.2        1.2        5.        
 1.5E-9     1.2        1.2        1.2        4.        
 1.51E-9    1.2        1.2        1.2        5.        
 1.52E-9    1.2        1.2        1.2        4.        
 1.53E-9    1.2        1.2        1.2        4.        
 1.54E-9    1.2        1.2        1.2        34.       
 1.55E-9    1.2        1.2        1.2        37.       
 1.56E-9    1.2        1.2        1.2        5.        
 1.57E-9    1.2        1.2        1.2        46.       
 1.58E-9    1.2        1.2        1.2        86.       
 1.59E-9    1.2        1.2        1.2        94.       
 1.6E-9     1.2        1.2        1.2        4.        
 1.61E-9    1.2        1.2        1.2        75.       
 1.62E-9    1.2        1.2        1.2        29.       
 1.63E-9    1.2        1.2        1.2        4.        
 1.64E-9    1.2        1.2        1.2        4.        
 1.65E-9    1.2        1.2        1.2        43.       
 1.66E-9    1.2        1.2        1.2        4.        
 1.67E-9    1.2        1.2        1.2        67.       
 1.68E-9    1.2        1.2        1.2        57.       
 1.69E-9    1.2        1.2        1.2        84.       
 1.7E-9     1.2        1.2        1.2        52.       
 1.71E-9    1.2        1.2        1.2        57.       
 1.72E-9    1.2        1.2        1.2        61.       
 1.73E-9    1.2        1.2        1.2        86.       
 1.74E-9    1.2        1.2        1.2        4.        
 1.75E-9    1.2        1.2        1.2        50.       
 1.76E-9    1.2        1.2        1.2        88.       
 1.77E-9    1.2        1.2        1.2        83.       
 1.78E-9    1.2        1.2        1.2        59.       
 1.79E-9    1.2        1.2        1.2        4.        
 1.8E-9     1.2        1.2        1.2        59.       
 1.81E-9    1.2        1.2        1.2        61.       
 1.82E-9    1.2        1.2        1.2        30.       
 1.83E-9    1.2        1.2        1.2        4.        
 1.84E-9    1.2        1.2        1.2        67.       
 1.85E-9    1.2        1.2        1.2        57.       
 1.86E-9    1.2        1.2        1.2        60.       
 1.87E-9    1.2        1.2        1.2        85.       
 1.88E-9    1.2        1.2        1.2        97.       
 1.89E-9    1.2        1.2        1.2        80.       
 1.9E-9     1.2        1.2        1.2        79.       
 1.91E-9    1.2        1.2        1.2        4.        
 1.92E-9    1.2        1.2        1.2        80.       
 1.93E-9    1.2        1.2        1.2        54.       
 1.94E-9    1.2        1.2        1.2        60.       
 1.95E-9    1.2        1.2        1.2        61.       
 1.96E-9    1.2        1.2        1.2        93.       
 1.97E-9    1.2        1.2        1.2        36.       
 1.98E-9    1.2        1.2        1.2        81.       
 1.99E-9    1.2        1.2        1.2        82.       
 2.E-9      1.2        1.2        1.2        55.       
 2.01E-9    1.2        1.2        1.2        74.       
 2.02E-9    1.2        1.2        1.2        4.        
 2.03E-9    1.2        1.2        1.2        83.       
 2.04E-9    1.2        1.2        1.2        62.       
 2.05E-9    1.2        1.2        1.2        76.       
 2.06E-9    1.2        1.2        1.2        86.       
 2.07E-9    1.2        1.2        1.2        51.       
 2.08E-9    1.2        1.2        1.2        54.       
 2.09E-9    1.2        1.2        1.2        86.       
 2.1E-9     1.2        1.2        1.2        4.        
 2.11E-9    1.2        1.2        1.2        88.       
 2.12E-9    1.2        1.2        1.2        91.       
 2.13E-9    1.2        1.2        1.2        47.       
 2.14E-9    1.2        1.2        1.2        4.        
 2.15E-9    1.2        1.2        1.2        99.       
 2.16E-9    1.2        1.2        1.2        84.       
 2.17E-9    1.2        1.2        1.2        88.       
 2.18E-9    1.2        1.2        1.2        85.       
 2.19E-9    1.2        1.2        1.2        46.       
 2.2E-9     1.2        1.2        1.2        83.       
 2.21E-9    1.08       1.2        1.197      27.       
 2.22E-9    0.96       1.2        1.1981     4.        
 2.23E-9    0.84       1.2        1.1986     5.        
 2.24E-9    0.72       1.2        1.1994     5.        
 2.25E-9    0.6        1.2        1.2028     5.        
 2.26E-9    0.48       1.2        1.2112     5.        
 2.27E-9    0.36       1.2        1.2284     5.        
 2.28E-9    0.24       1.2        1.2655     5.        
 2.29E-9    0.12       1.2        1.2779     6.        
 2.3E-9     8.986E-9   1.2        0.96552    6.        
 2.31E-9    2.3243E-9  1.2        0.32492    27.       
 2.32E-9    2.7663E-9  1.2        0.037732   15.       
 2.33E-9    831.5E-12  1.2        0.0061399  14.       
 2.34E-9    344.6E-12  1.2        969.64E-6  10.       
 2.35E-9   -244.5E-12  1.2        71.65E-6   5.        
 2.36E-9    251.9E-12  1.2        5.4363E-6  5.        
 2.37E-9   -251.4E-12  1.2        316.1E-9   5.        
 2.38E-9    251.4E-12  1.2        64.525E-9  5.        
 2.39E-9   -251.4E-12  1.2       -8.1106E-9  15.       
 2.4E-9     251.4E-12  1.2        11.642E-9  18.       
 2.41E-9   -251.4E-12  1.2        1.7792E-9  19.       
 2.42E-9    251.4E-12  1.2        6.3541E-9  18.       
 2.43E-9   -251.4E-12  1.2        4.1716E-9  14.       
 2.44E-9    251.4E-12  1.2        5.8979E-9  20.       
 2.45E-9   -251.4E-12  1.2        5.2782E-9  4.        
 2.46E-9    251.4E-12  1.2        5.2365E-9  7.        
 2.47E-9   -251.4E-12  1.2        5.0361E-9  19.       
 2.48E-9   -251.4E-12  1.2        5.3971E-9  34.       
 2.49E-9    251.4E-12  1.2        5.292E-9   4.        
 2.5E-9    -251.4E-12  1.2        4.7149E-9  12.       
 2.51E-9    251.4E-12  1.2        4.8655E-9  15.       
 2.52E-9   -251.4E-12  1.2        4.9538E-9  10.       
 2.53E-9   -251.4E-12  1.2        5.4777E-9  31.       
 2.54E-9    251.4E-12  1.2        5.2616E-9  7.        
 2.55E-9   -251.4E-12  1.2        4.8397E-9  16.       
 2.56E-9    251.4E-12  1.2        4.9805E-9  63.       
 2.57E-9   -251.4E-12  1.2        5.1385E-9  10.       
 2.58E-9    251.4E-12  1.2        4.6863E-9  7.        
 2.59E-9   -251.4E-12  1.2        5.1377E-9  18.       
 2.6E-9     251.4E-12  1.2        5.5345E-9  4.        
 2.61E-9   -251.4E-12  1.2        5.1896E-9  4.        
 2.62E-9    251.4E-12  1.2        5.1322E-9  4.        
 2.63E-9   -251.4E-12  1.2        4.7387E-9  13.       
 2.64E-9    251.4E-12  1.2        4.6592E-9  18.       
 2.65E-9   -251.4E-12  1.2        5.0966E-9  14.       
 2.66E-9    251.4E-12  1.2        5.2745E-9  10.       
 2.67E-9   -251.4E-12  1.2        5.1505E-9  18.       
 2.68E-9    251.4E-12  1.2        5.3506E-9  6.        
 2.69E-9   -251.4E-12  1.2        5.1021E-9  4.        
 2.7E-9     251.4E-12  1.2        4.6547E-9  20.       
 2.71E-9   -251.4E-12  1.2        4.7592E-9  19.       
 2.72E-9    251.4E-12  1.2        5.5505E-9  21.       
 2.73E-9   -251.4E-12  1.2        5.4139E-9  10.       
 2.74E-9   -251.4E-12  1.2        5.4087E-9  29.       
 2.75E-9    251.4E-12  1.2        5.0724E-9  19.       
 2.76E-9   -251.4E-12  1.2        4.6359E-9  12.       
 2.77E-9   -251.4E-12  1.2        5.449E-9   39.       
 2.78E-9    251.4E-12  1.2        4.6319E-9  20.       
 2.79E-9   -251.4E-12  1.2        4.1806E-9  19.       
 2.8E-9     251.4E-12  1.2        5.0095E-9  13.       
 2.81E-9   -251.4E-12  1.2        5.2195E-9  18.       
 2.82E-9    251.4E-12  1.2        5.1136E-9  6.        
 2.83E-9   -251.4E-12  1.2        4.904E-9   19.       
 2.84E-9    251.4E-12  1.2        5.2192E-9  12.       
 2.85E-9   -251.4E-12  1.2        5.2348E-9  11.       
 2.86E-9   -251.4E-12  1.2        5.3202E-9  30.       
 2.87E-9    251.4E-12  1.2        4.7074E-9  20.       
 2.88E-9   -251.4E-12  1.2        4.8067E-9  12.       
 2.89E-9    251.4E-12  1.2        5.2724E-9  4.        
 2.9E-9    -251.4E-12  1.2        5.1201E-9  12.       
 2.91E-9   -251.4E-12  1.2        5.4359E-9  32.       
 2.92E-9    251.4E-12  1.2        4.8721E-9  13.       
 2.93E-9   -251.4E-12  1.2        4.4502E-9  4.        
 2.94E-9   -251.4E-12  1.2        5.3757E-9  33.       
 2.95E-9    251.4E-12  1.2        5.3363E-9  6.        
 2.96E-9   -251.4E-12  1.2        4.9028E-9  17.       
 2.97E-9   -251.4E-12  1.2        4.7661E-9  42.       
 2.98E-9    251.4E-12  1.2        4.8943E-9  10.       
 2.99E-9   -251.4E-12  1.2        4.7532E-9  15.       
 3.E-9      251.4E-12  1.2        5.123E-9   15.       
 3.01E-9   -251.4E-12  1.2        5.2583E-9  8.        
 3.02E-9    251.4E-12  1.2        5.292E-9   6.        
 3.03E-9   -251.4E-12  1.2        5.1645E-9  4.        
 3.04E-9    251.4E-12  1.2        4.7382E-9  20.       
 3.05E-9   -251.4E-12  1.2        5.1954E-9  20.       
 3.06E-9    251.4E-12  1.2        5.3956E-9  12.       
 3.07E-9   -251.4E-12  1.2        5.0809E-9  12.       
 3.08E-9    251.4E-12  1.2        5.1787E-9  4.        
 3.09E-9   -251.4E-12  1.2        5.2576E-9  4.        
 3.1E-9     251.4E-12  1.2        5.2778E-9  20.       
 3.11E-9   -251.4E-12  1.2        4.839E-9   19.       
 3.12E-9    251.4E-12  1.2        4.5554E-9  7.        
 3.13E-9   -251.4E-12  1.2        4.9882E-9  18.       
 3.14E-9    251.4E-12  1.2        5.3043E-9  10.       
 3.15E-9   -251.4E-12  1.2        4.9923E-9  19.       
 3.16E-9    251.4E-12  1.2        4.9966E-9  19.       
 3.17E-9   -251.4E-12  1.2        5.1306E-9  11.       
 3.18E-9    251.4E-12  1.2        5.2466E-9  18.       
 3.19E-9   -251.4E-12  1.2        4.9248E-9  5.        
 3.2E-9     251.4E-12  1.2        5.1222E-9  15.       
 3.21E-9   -2.9379E-9  1.08      -0.0011048  19.       
 3.22E-9   -2.8532E-9  0.96      -156.76E-6  9.        
 3.23E-9    2.7522E-9  0.84      -16.055E-6  5.        
 3.24E-9   -2.8715E-9  0.72       58.775E-6  4.        
 3.25E-9    2.7143E-9  0.6        271.84E-6  4.        
 3.26E-9   -3.0996E-9  0.48       304.65E-6  5.        
 3.27E-9    2.1968E-9  0.36       205.52E-6  5.        
 3.28E-9   -3.6555E-9  0.24       158.22E-6  5.        
 3.29E-9    1.879E-9   0.12       115.14E-6  5.        
 3.3E-9    -3.7501E-9  21.789E-9  90.062E-6  4.        
 3.31E-9   -5.3704E-9  20.671E-9  379.72E-6  25.       
 3.32E-9    5.4019E-9 -20.643E-9 -57.367E-6  5.        
 3.33E-9   -5.3826E-9  20.662E-9  14.92E-6   5.        
 3.34E-9    5.4005E-9 -20.644E-9 -6.4701E-6  4.        
 3.35E-9   -5.3815E-9  20.663E-9  3.6524E-6  4.        
 3.36E-9    5.3991E-9 -20.645E-9 -1.9997E-6  4.        
 3.37E-9   -5.3813E-9  20.663E-9  1.2729E-6  4.        
 3.38E-9    5.3984E-9 -20.646E-9 -644.38E-9  4.        
 3.39E-9   -5.3814E-9  20.663E-9  476.5E-9   4.        
 3.4E-9     5.3979E-9 -20.646E-9 -186.29E-9  4.        
 3.41E-9   -5.3816E-9  20.662E-9  201.98E-9  4.        
 3.42E-9    5.3976E-9 -20.646E-9 -32.744E-9  5.        
 3.43E-9   -5.3819E-9  20.662E-9  106.77E-9  5.        
 3.44E-9    5.3973E-9 -20.647E-9  18.266E-9  6.        
 3.45E-9   -5.3821E-9  20.662E-9  71.529E-9  4.        
 3.46E-9    5.397E-9  -20.647E-9  32.992E-9  5.        
 3.47E-9   -5.3824E-9  20.661E-9  57.281E-9  5.        
 3.48E-9    5.3967E-9 -20.647E-9  36.237E-9  4.        
 3.49E-9   -5.3826E-9  20.661E-9  51.132E-9  5.        
 3.5E-9     5.3965E-9 -20.647E-9  36.159E-9  5.        
 3.51E-9   -5.3828E-9  20.661E-9  47.849E-9  4.        
 3.52E-9    5.3963E-9 -20.647E-9  34.879E-9  4.        
 3.53E-9   -5.383E-9   20.661E-9  45.057E-9  4.        
 3.54E-9    5.3961E-9 -20.648E-9  32.589E-9  4.        
 3.55E-9   -5.3832E-9  20.66E-9   42.949E-9  4.        
 3.56E-9    5.3959E-9 -20.648E-9  30.827E-9  4.        
 3.57E-9   -5.3834E-9  20.66E-9   40.855E-9  4.        
 3.58E-9    5.3957E-9 -20.648E-9  29.01E-9   5.        
 3.59E-9   -5.3836E-9  20.66E-9   39.175E-9  4.        
 3.6E-9     5.3955E-9 -20.648E-9  27.398E-9  4.        
 3.61E-9   -5.3837E-9  20.66E-9   37.938E-9  5.        
 3.62E-9    5.3953E-9 -20.648E-9  26.084E-9  4.        
 3.63E-9   -5.3839E-9  20.66E-9   36.147E-9  4.        
 3.64E-9    5.3952E-9 -20.648E-9  24.735E-9  4.        
 3.65E-9   -5.384E-9   20.659E-9  35.022E-9  4.        
 3.66E-9    5.395E-9  -20.648E-9  23.584E-9  4.        
 3.67E-9   -5.3841E-9  20.659E-9  33.578E-9  5.        
 3.68E-9    5.3949E-9 -20.649E-9  21.895E-9  6.        
 3.69E-9   -5.3843E-9  20.659E-9  32.436E-9  4.        
 3.7E-9     5.3947E-9 -20.649E-9  21.087E-9  4.        
 3.71E-9   -5.3844E-9  20.659E-9  31.689E-9  4.        
 3.72E-9    5.3946E-9 -20.649E-9  20.205E-9  5.        
 3.73E-9   -5.3845E-9  20.659E-9  30.644E-9  5.        
 3.74E-9    5.3945E-9 -20.649E-9  19.173E-9  5.        
 3.75E-9   -5.3846E-9  20.659E-9  30.088E-9  6.        
 3.76E-9    5.3943E-9 -20.649E-9  18.266E-9  4.        
 3.77E-9   -5.3847E-9  20.659E-9  28.781E-9  5.        
 3.78E-9    5.3942E-9 -20.649E-9  17.597E-9  4.        
 3.79E-9   -5.3848E-9  20.658E-9  27.832E-9  5.        
 3.8E-9     5.3941E-9 -20.649E-9  16.496E-9  4.        
 3.81E-9   -5.3849E-9  20.658E-9  27.412E-9  5.        
 3.82E-9    5.394E-9  -20.649E-9  16.148E-9  5.        
 3.83E-9   -5.385E-9   20.658E-9  26.754E-9  4.        
 3.84E-9    5.3939E-9 -20.649E-9  15.307E-9  4.        
 3.85E-9   -5.3851E-9  20.658E-9  25.893E-9  5.        
 3.86E-9    5.3938E-9 -20.649E-9  14.676E-9  5.        
 3.87E-9   -5.3852E-9  20.658E-9  24.815E-9  4.        
 3.88E-9    5.3937E-9 -20.649E-9  13.861E-9  4.        
 3.89E-9   -5.3852E-9  20.658E-9  24.732E-9  4.        
 3.9E-9     5.3936E-9 -20.649E-9  13.535E-9  5.        
 3.91E-9   -5.3853E-9  20.658E-9  24.406E-9  5.        
 3.92E-9    5.3935E-9 -20.649E-9  13.036E-9  4.        
 3.93E-9   -5.3854E-9  20.658E-9  23.843E-9  6.        
 3.94E-9    5.3934E-9 -20.649E-9  12.633E-9  5.        
 3.95E-9   -5.3854E-9  20.657E-9  23.28E-9   4.        
 3.96E-9    5.3934E-9 -20.649E-9  12.059E-9  4.        
 3.97E-9   -5.3855E-9  20.657E-9  22.848E-9  4.        
 3.98E-9    5.3933E-9 -20.65E-9   11.529E-9  5.        
 3.99E-9   -5.3856E-9  20.657E-9  22.418E-9  4.        
 4.E-9      5.3932E-9 -20.65E-9   11.04E-9   4.        
Gnucap   System status
iterations: op=0, dc=0, tran=8789, fourier=0, total=9343
transient timesteps: accepted=550, rejected=139, total=689
nodes: user=4, subckt=2, model=94, total=100
dctran density=13.4%, ac density=13.4%
