Gnucap : The Gnu Circuit Analysis Package
Never trust any version less than 1.0
Copyright 1982-2013, Albert Davis
Gnucap comes with ABSOLUTELY NO WARRANTY
This is free software, and you are welcome
to redistribute it under the terms of 
the GNU General Public License, version 3 or later.
See the file "COPYING" for details.
main version: noinsensitive 2025.10.15
core-lib version: noinsensitive 2025.10.15
default plugins: noinsensitive 2025.10.15
param: already installed, replacing
stashing as param:0
parameters: already installed, replacing
stashing as parameters:0
parameter: already installed, replacing
stashing as parameter:0
logic: already installed, replacing
stashing as logic:0
spice: already installed, replacing
stashing as spice:0
acs: already installed, replacing
stashing as acs:0
;: already installed, replacing
stashing as ;:0
#: already installed, replacing
stashing as #:0
*: already installed, replacing
stashing as *:0
': already installed, replacing
stashing as ':0
": already installed, replacing
stashing as ":0
dev_comment: already installed, replacing
stashing as dev_comment:0
.model: already installed, replacing
stashing as .model:0
.subckt: already installed, replacing
stashing as .subckt:0
.macro: already installed, replacing
stashing as .macro:0
.lib: already installed, replacing
stashing as .lib:0
lib: already installed, replacing
stashing as lib:0
.include: already installed, replacing
stashing as .include:0
.merge: already installed, replacing
stashing as .merge:0
merge: already installed, replacing
stashing as merge:0
<: already installed, replacing
stashing as <:0
.get: already installed, replacing
stashing as .get:0
get: already installed, replacing
stashing as get:0
.build: already installed, replacing
stashing as .build:0
build: already installed, replacing
stashing as build:0
spice: already installed, replacing
stashing as spice:0
`spice: already installed, replacing
stashing as `spice:0
acs: already installed, replacing
stashing as acs:0
.endc: already installed, replacing
stashing as .endc:0
.control: already installed, replacing
stashing as .control:0
verilog: already installed, replacing
stashing as verilog:0
paramset: already installed, replacing
stashing as paramset:0
module: already installed, replacing
stashing as module:0
macromodule: already installed, replacing
stashing as macromodule:0
verilog: already installed, replacing
stashing as verilog:0
quit: already installed, replacing
stashing as quit:0
exit: already installed, replacing
stashing as exit:0
detach_all: already installed, replacing
stashing as detach_all:0
N1 #(.l(0.2u), .w(1.8u)) M1(.d(d), .g(g), .s(gnd), .b(gnd));
^ ? N1: no match
paramset NMOS PSP104VA;
  parameter real l=1.0u;
   parameter real w=1.0u;
   parameter integer nf=1;
   parameter real ad=1.0e-12;
   parameter real pd=1.0e-6;
   parameter real as=1.0e-12;
   parameter real ps=1.0e-6;
   parameter real sa=0.0;
   parameter real sb=0.0;
   parameter real sd=0.0;
 .TYPE=1; .L=l; .W=w; .NF=nf; .AD=ad; .PD=pd; .AS=as; .PS=ps; .SA=sa; .SB=sb; .SD=sd;
endparamset

paramset PMOS PSP104VA;
  parameter real l=1.0u;
   parameter real w=1.0u;
   parameter integer nf=1;
   parameter real ad=1.0e-12;
   parameter real pd=1.0e-6;
   parameter real as=1.0e-12;
   parameter real ps=1.0e-6;
   parameter real sa=0.0;
   parameter real sb=0.0;
   parameter real sd=0.0;
 .TYPE=(- 1); .L=l; .W=w; .NF=nf; .AD=ad; .PD=pd; .AS=as; .PS=ps; .SA=sa; .SB=sb; .SD=sd;
endparamset

parameter real L=0.09u; // MOSFET length 
parameter real WN=10.0u; // NMOS width 
parameter real WP=20.0u; // PMOS width 
parameter real VNOM=1.2; // Nominal supply (V) 
//TODO: workaround excessive iterations in op
ground gnd;
vsource #(.dc(1.8)) Vdd (.p(dd),.n(gnd));
vpulse #(.val0(0.0),.val1(1.5),.td(5n),.rise(2.5n),.fall(2.5n),.width(10n),.period(20n)) Vin (.p(g),.n(gnd));
resistor #(.r(1k)) Rload (.p(dd),.n(d));
#Time       v(g)       v(d)       iter(0)   
 0.         0.         1.8        3.        
 100.E-12   0.         1.8        5.        
 200.E-12   0.         1.8        3.        
 300.E-12   0.         1.8        3.        
 400.E-12   0.         1.8        3.        
 500.E-12   0.         1.8        3.        
 600.E-12   0.         1.8        3.        
 700.E-12   0.         1.8        3.        
 800.E-12   0.         1.8        3.        
 900.E-12   0.         1.8        3.        
 1.E-9      0.         1.8        3.        
 1.1E-9     0.         1.8        3.        
 1.2E-9     0.         1.8        3.        
 1.3E-9     0.         1.8        3.        
 1.4E-9     0.         1.8        3.        
 1.5E-9     0.         1.8        3.        
 1.6E-9     0.         1.8        3.        
 1.7E-9     0.         1.8        3.        
 1.8E-9     0.         1.8        3.        
 1.9E-9     0.         1.8        3.        
 2.E-9      0.         1.8        3.        
 2.1E-9     0.         1.8        3.        
 2.2E-9     0.         1.8        3.        
 2.3E-9     0.         1.8        3.        
 2.4E-9     0.         1.8        3.        
 2.5E-9     0.         1.8        3.        
 2.6E-9     0.         1.8        3.        
 2.7E-9     0.         1.8        3.        
 2.8E-9     0.         1.8        3.        
 2.9E-9     0.         1.8        3.        
 3.E-9      0.         1.8        3.        
 3.1E-9     0.         1.8        3.        
 3.2E-9     0.         1.8        3.        
 3.3E-9     0.         1.8        3.        
 3.4E-9     0.         1.8        3.        
 3.5E-9     0.         1.8        3.        
 3.6E-9     0.         1.8        3.        
 3.7E-9     0.         1.8        3.        
 3.8E-9     0.         1.8        3.        
 3.9E-9     0.         1.8        3.        
 4.E-9      0.         1.8        3.        
 4.1E-9     0.         1.8        3.        
 4.2E-9     0.         1.8        3.        
 4.3E-9     0.         1.8        3.        
 4.4E-9     0.         1.8        3.        
 4.5E-9     0.         1.8        3.        
 4.6E-9     0.         1.8        3.        
 4.7E-9     0.         1.8        3.        
 4.8E-9     0.         1.8        3.        
 4.9E-9     0.         1.8        3.        
 5.E-9      0.         1.8        3.        
 5.1E-9     0.06       1.8        3.        
 5.2E-9     0.12       1.8        3.        
 5.3E-9     0.18       1.8        3.        
 5.4E-9     0.24       1.8        3.        
 5.5E-9     0.3        1.8        3.        
 5.6E-9     0.36       1.8        3.        
 5.7E-9     0.42       1.8        3.        
 5.8E-9     0.48       1.8        3.        
 5.9E-9     0.54       1.8        3.        
 6.E-9      0.6        1.8        3.        
 6.1E-9     0.66       1.8        3.        
 6.2E-9     0.72       1.8        3.        
 6.3E-9     0.78       1.8        3.        
 6.4E-9     0.84       1.8        3.        
 6.5E-9     0.9        1.8        3.        
 6.6E-9     0.96       1.8        3.        
 6.7E-9     1.02       1.8        3.        
 6.8E-9     1.08       1.8        3.        
 6.9E-9     1.14       1.8        3.        
 7.E-9      1.2        1.8        3.        
 7.1E-9     1.26       1.8        3.        
 7.2E-9     1.32       1.8        3.        
 7.3E-9     1.38       1.8        3.        
 7.4E-9     1.44       1.8        3.        
 7.5E-9     1.5        1.8        3.        
 7.6E-9     1.5        1.8        5.        
 7.7E-9     1.5        1.8        3.        
 7.8E-9     1.5        1.8        3.        
 7.9E-9     1.5        1.8        3.        
 8.E-9      1.5        1.8        3.        
 8.1E-9     1.5        1.8        3.        
 8.2E-9     1.5        1.8        3.        
 8.3E-9     1.5        1.8        3.        
 8.4E-9     1.5        1.8        3.        
 8.5E-9     1.5        1.8        3.        
 8.6E-9     1.5        1.8        3.        
 8.7E-9     1.5        1.8        3.        
 8.8E-9     1.5        1.8        3.        
 8.9E-9     1.5        1.8        3.        
 9.E-9      1.5        1.8        3.        
 9.1E-9     1.5        1.8        3.        
 9.2E-9     1.5        1.8        3.        
 9.3E-9     1.5        1.8        3.        
 9.4E-9     1.5        1.8        3.        
 9.5E-9     1.5        1.8        3.        
 9.6E-9     1.5        1.8        3.        
 9.7E-9     1.5        1.8        3.        
 9.8E-9     1.5        1.8        3.        
 9.9E-9     1.5        1.8        3.        
 10.E-9     1.5        1.8        3.        
 10.1E-9    1.5        1.8        3.        
 10.2E-9    1.5        1.8        3.        
 10.3E-9    1.5        1.8        3.        
 10.4E-9    1.5        1.8        3.        
 10.5E-9    1.5        1.8        3.        
 10.6E-9    1.5        1.8        3.        
 10.7E-9    1.5        1.8        3.        
 10.8E-9    1.5        1.8        3.        
 10.9E-9    1.5        1.8        3.        
 11.E-9     1.5        1.8        3.        
 11.1E-9    1.5        1.8        3.        
 11.2E-9    1.5        1.8        3.        
 11.3E-9    1.5        1.8        3.        
 11.4E-9    1.5        1.8        3.        
 11.5E-9    1.5        1.8        3.        
 11.6E-9    1.5        1.8        3.        
 11.7E-9    1.5        1.8        3.        
 11.8E-9    1.5        1.8        3.        
 11.9E-9    1.5        1.8        3.        
 12.E-9     1.5        1.8        3.        
 12.1E-9    1.5        1.8        3.        
 12.2E-9    1.5        1.8        3.        
 12.3E-9    1.5        1.8        3.        
 12.4E-9    1.5        1.8        3.        
 12.5E-9    1.5        1.8        3.        
 12.6E-9    1.5        1.8        3.        
 12.7E-9    1.5        1.8        3.        
 12.8E-9    1.5        1.8        3.        
 12.9E-9    1.5        1.8        3.        
 13.E-9     1.5        1.8        3.        
 13.1E-9    1.5        1.8        3.        
 13.2E-9    1.5        1.8        3.        
 13.3E-9    1.5        1.8        3.        
 13.4E-9    1.5        1.8        3.        
 13.5E-9    1.5        1.8        3.        
 13.6E-9    1.5        1.8        3.        
 13.7E-9    1.5        1.8        3.        
 13.8E-9    1.5        1.8        3.        
 13.9E-9    1.5        1.8        3.        
 14.E-9     1.5        1.8        3.        
 14.1E-9    1.5        1.8        3.        
 14.2E-9    1.5        1.8        3.        
 14.3E-9    1.5        1.8        3.        
 14.4E-9    1.5        1.8        3.        
 14.5E-9    1.5        1.8        3.        
 14.6E-9    1.5        1.8        3.        
 14.7E-9    1.5        1.8        3.        
 14.8E-9    1.5        1.8        3.        
 14.9E-9    1.5        1.8        3.        
 15.E-9     1.5        1.8        3.        
 15.1E-9    1.5        1.8        3.        
 15.2E-9    1.5        1.8        3.        
 15.3E-9    1.5        1.8        3.        
 15.4E-9    1.5        1.8        3.        
 15.5E-9    1.5        1.8        3.        
 15.6E-9    1.5        1.8        3.        
 15.7E-9    1.5        1.8        3.        
 15.8E-9    1.5        1.8        3.        
 15.9E-9    1.5        1.8        3.        
 16.E-9     1.5        1.8        3.        
 16.1E-9    1.5        1.8        3.        
 16.2E-9    1.5        1.8        3.        
 16.3E-9    1.5        1.8        3.        
 16.4E-9    1.5        1.8        3.        
 16.5E-9    1.5        1.8        3.        
 16.6E-9    1.5        1.8        3.        
 16.7E-9    1.5        1.8        3.        
 16.8E-9    1.5        1.8        3.        
 16.9E-9    1.5        1.8        3.        
 17.E-9     1.5        1.8        3.        
 17.1E-9    1.5        1.8        3.        
 17.2E-9    1.5        1.8        3.        
 17.3E-9    1.5        1.8        3.        
 17.4E-9    1.5        1.8        3.        
 17.5E-9    1.5        1.8        3.        
 17.6E-9    1.44       1.8        3.        
 17.7E-9    1.38       1.8        3.        
 17.8E-9    1.32       1.8        3.        
 17.9E-9    1.26       1.8        3.        
 18.E-9     1.2        1.8        3.        
 18.1E-9    1.14       1.8        3.        
 18.2E-9    1.08       1.8        3.        
 18.3E-9    1.02       1.8        3.        
 18.4E-9    0.96       1.8        3.        
 18.5E-9    0.9        1.8        3.        
 18.6E-9    0.84       1.8        3.        
 18.7E-9    0.78       1.8        3.        
 18.8E-9    0.72       1.8        3.        
 18.9E-9    0.66       1.8        3.        
 19.E-9     0.6        1.8        3.        
 19.1E-9    0.54       1.8        3.        
 19.2E-9    0.48       1.8        3.        
 19.3E-9    0.42       1.8        3.        
 19.4E-9    0.36       1.8        3.        
 19.5E-9    0.3        1.8        3.        
 19.6E-9    0.24       1.8        3.        
 19.7E-9    0.18       1.8        3.        
 19.8E-9    0.12       1.8        3.        
 19.9E-9    0.06       1.8        3.        
 20.E-9    -1.E-15     1.8        3.        
 20.1E-9   -1.E-15     1.8        13.       
 20.2E-9   -1.E-15     1.8        3.        
 20.3E-9   -1.E-15     1.8        3.        
 20.4E-9   -1.E-15     1.8        3.        
 20.5E-9   -1.E-15     1.8        3.        
 20.6E-9   -1.E-15     1.8        3.        
 20.7E-9   -1.E-15     1.8        3.        
 20.8E-9   -1.E-15     1.8        3.        
 20.9E-9   -1.E-15     1.8        3.        
 21.E-9    -1.E-15     1.8        3.        
 21.1E-9   -1.E-15     1.8        3.        
 21.2E-9   -1.E-15     1.8        3.        
 21.3E-9   -1.E-15     1.8        3.        
 21.4E-9   -1.E-15     1.8        3.        
 21.5E-9   -1.E-15     1.8        3.        
 21.6E-9   -1.E-15     1.8        3.        
 21.7E-9   -1.E-15     1.8        3.        
 21.8E-9   -1.E-15     1.8        3.        
 21.9E-9   -1.E-15     1.8        3.        
 22.E-9    -1.E-15     1.8        3.        
 22.1E-9   -1.E-15     1.8        3.        
 22.2E-9   -1.E-15     1.8        3.        
 22.3E-9   -1.E-15     1.8        3.        
 22.4E-9   -1.E-15     1.8        3.        
 22.5E-9   -1.E-15     1.8        3.        
 22.6E-9   -1.E-15     1.8        3.        
 22.7E-9   -1.E-15     1.8        3.        
 22.8E-9   -1.E-15     1.8        3.        
 22.9E-9   -1.E-15     1.8        3.        
 23.E-9    -1.E-15     1.8        3.        
 23.1E-9   -1.E-15     1.8        3.        
 23.2E-9   -1.E-15     1.8        3.        
 23.3E-9   -1.E-15     1.8        3.        
 23.4E-9   -1.E-15     1.8        3.        
 23.5E-9   -1.E-15     1.8        3.        
 23.6E-9   -1.E-15     1.8        3.        
 23.7E-9   -1.E-15     1.8        3.        
 23.8E-9   -1.E-15     1.8        3.        
 23.9E-9   -1.E-15     1.8        3.        
 24.E-9    -1.E-15     1.8        3.        
 24.1E-9   -1.E-15     1.8        3.        
 24.2E-9   -1.E-15     1.8        3.        
 24.3E-9   -1.E-15     1.8        3.        
 24.4E-9   -1.E-15     1.8        3.        
 24.5E-9   -1.E-15     1.8        3.        
 24.6E-9   -1.E-15     1.8        3.        
 24.7E-9   -1.E-15     1.8        3.        
 24.8E-9   -1.E-15     1.8        3.        
 24.9E-9   -1.E-15     1.8        3.        
 25.E-9    -1.E-15     1.8        3.        
 25.1E-9    0.06       1.8        3.        
 25.2E-9    0.12       1.8        3.        
 25.3E-9    0.18       1.8        3.        
 25.4E-9    0.24       1.8        3.        
 25.5E-9    0.3        1.8        3.        
 25.6E-9    0.36       1.8        3.        
 25.7E-9    0.42       1.8        3.        
 25.8E-9    0.48       1.8        3.        
 25.9E-9    0.54       1.8        3.        
 26.E-9     0.6        1.8        3.        
 26.1E-9    0.66       1.8        3.        
 26.2E-9    0.72       1.8        3.        
 26.3E-9    0.78       1.8        3.        
 26.4E-9    0.84       1.8        3.        
 26.5E-9    0.9        1.8        3.        
 26.6E-9    0.96       1.8        3.        
 26.7E-9    1.02       1.8        3.        
 26.8E-9    1.08       1.8        3.        
 26.9E-9    1.14       1.8        3.        
 27.E-9     1.2        1.8        3.        
 27.1E-9    1.26       1.8        3.        
 27.2E-9    1.32       1.8        3.        
 27.3E-9    1.38       1.8        3.        
 27.4E-9    1.44       1.8        3.        
 27.5E-9    1.5        1.8        3.        
 27.6E-9    1.5        1.8        5.        
 27.7E-9    1.5        1.8        3.        
 27.8E-9    1.5        1.8        3.        
 27.9E-9    1.5        1.8        3.        
 28.E-9     1.5        1.8        3.        
 28.1E-9    1.5        1.8        3.        
 28.2E-9    1.5        1.8        3.        
 28.3E-9    1.5        1.8        3.        
 28.4E-9    1.5        1.8        3.        
 28.5E-9    1.5        1.8        3.        
 28.6E-9    1.5        1.8        3.        
 28.7E-9    1.5        1.8        3.        
 28.8E-9    1.5        1.8        3.        
 28.9E-9    1.5        1.8        3.        
 29.E-9     1.5        1.8        3.        
 29.1E-9    1.5        1.8        3.        
 29.2E-9    1.5        1.8        3.        
 29.3E-9    1.5        1.8        3.        
 29.4E-9    1.5        1.8        3.        
 29.5E-9    1.5        1.8        3.        
 29.6E-9    1.5        1.8        3.        
 29.7E-9    1.5        1.8        3.        
 29.8E-9    1.5        1.8        3.        
 29.9E-9    1.5        1.8        3.        
 30.E-9     1.5        1.8        3.        
 30.1E-9    1.5        1.8        3.        
 30.2E-9    1.5        1.8        3.        
 30.3E-9    1.5        1.8        3.        
 30.4E-9    1.5        1.8        3.        
 30.5E-9    1.5        1.8        3.        
 30.6E-9    1.5        1.8        3.        
 30.7E-9    1.5        1.8        3.        
 30.8E-9    1.5        1.8        3.        
 30.9E-9    1.5        1.8        3.        
 31.E-9     1.5        1.8        3.        
 31.1E-9    1.5        1.8        3.        
 31.2E-9    1.5        1.8        3.        
 31.3E-9    1.5        1.8        3.        
 31.4E-9    1.5        1.8        3.        
 31.5E-9    1.5        1.8        3.        
 31.6E-9    1.5        1.8        3.        
 31.7E-9    1.5        1.8        3.        
 31.8E-9    1.5        1.8        3.        
 31.9E-9    1.5        1.8        3.        
 32.E-9     1.5        1.8        3.        
 32.1E-9    1.5        1.8        3.        
 32.2E-9    1.5        1.8        3.        
 32.3E-9    1.5        1.8        3.        
 32.4E-9    1.5        1.8        3.        
 32.5E-9    1.5        1.8        3.        
 32.6E-9    1.5        1.8        3.        
 32.7E-9    1.5        1.8        3.        
 32.8E-9    1.5        1.8        3.        
 32.9E-9    1.5        1.8        3.        
 33.E-9     1.5        1.8        3.        
 33.1E-9    1.5        1.8        3.        
 33.2E-9    1.5        1.8        3.        
 33.3E-9    1.5        1.8        3.        
 33.4E-9    1.5        1.8        3.        
 33.5E-9    1.5        1.8        3.        
 33.6E-9    1.5        1.8        3.        
 33.7E-9    1.5        1.8        3.        
 33.8E-9    1.5        1.8        3.        
 33.9E-9    1.5        1.8        3.        
 34.E-9     1.5        1.8        3.        
 34.1E-9    1.5        1.8        3.        
 34.2E-9    1.5        1.8        3.        
 34.3E-9    1.5        1.8        3.        
 34.4E-9    1.5        1.8        3.        
 34.5E-9    1.5        1.8        3.        
 34.6E-9    1.5        1.8        3.        
 34.7E-9    1.5        1.8        3.        
 34.8E-9    1.5        1.8        3.        
 34.9E-9    1.5        1.8        3.        
 35.E-9     1.5        1.8        3.        
 35.1E-9    1.5        1.8        3.        
 35.2E-9    1.5        1.8        3.        
 35.3E-9    1.5        1.8        3.        
 35.4E-9    1.5        1.8        3.        
 35.5E-9    1.5        1.8        3.        
 35.6E-9    1.5        1.8        3.        
 35.7E-9    1.5        1.8        3.        
 35.8E-9    1.5        1.8        3.        
 35.9E-9    1.5        1.8        3.        
 36.E-9     1.5        1.8        3.        
 36.1E-9    1.5        1.8        3.        
 36.2E-9    1.5        1.8        3.        
 36.3E-9    1.5        1.8        3.        
 36.4E-9    1.5        1.8        3.        
 36.5E-9    1.5        1.8        3.        
 36.6E-9    1.5        1.8        3.        
 36.7E-9    1.5        1.8        3.        
 36.8E-9    1.5        1.8        3.        
 36.9E-9    1.5        1.8        3.        
 37.E-9     1.5        1.8        3.        
 37.1E-9    1.5        1.8        3.        
 37.2E-9    1.5        1.8        3.        
 37.3E-9    1.5        1.8        3.        
 37.4E-9    1.5        1.8        3.        
 37.5E-9    1.5        1.8        3.        
 37.6E-9    1.44       1.8        3.        
 37.7E-9    1.38       1.8        3.        
 37.8E-9    1.32       1.8        3.        
 37.9E-9    1.26       1.8        3.        
 38.E-9     1.2        1.8        3.        
 38.1E-9    1.14       1.8        3.        
 38.2E-9    1.08       1.8        3.        
 38.3E-9    1.02       1.8        3.        
 38.4E-9    0.96       1.8        3.        
 38.5E-9    0.9        1.8        3.        
 38.6E-9    0.84       1.8        3.        
 38.7E-9    0.78       1.8        3.        
 38.8E-9    0.72       1.8        3.        
 38.9E-9    0.66       1.8        3.        
 39.E-9     0.6        1.8        3.        
 39.1E-9    0.54       1.8        3.        
 39.2E-9    0.48       1.8        3.        
 39.3E-9    0.42       1.8        3.        
 39.4E-9    0.36       1.8        3.        
 39.5E-9    0.3        1.8        3.        
 39.6E-9    0.24       1.8        3.        
 39.7E-9    0.18       1.8        3.        
 39.8E-9    0.12       1.8        3.        
 39.9E-9    0.06       1.8        3.        
 40.E-9    -1.E-15     1.8        3.        
 40.1E-9   -1.E-15     1.8        11.       
 40.2E-9   -1.E-15     1.8        3.        
 40.3E-9   -1.E-15     1.8        3.        
 40.4E-9   -1.E-15     1.8        3.        
 40.5E-9   -1.E-15     1.8        3.        
 40.6E-9   -1.E-15     1.8        3.        
 40.7E-9   -1.E-15     1.8        3.        
 40.8E-9   -1.E-15     1.8        3.        
 40.9E-9   -1.E-15     1.8        3.        
 41.E-9    -1.E-15     1.8        3.        
 41.1E-9   -1.E-15     1.8        3.        
 41.2E-9   -1.E-15     1.8        3.        
 41.3E-9   -1.E-15     1.8        3.        
 41.4E-9   -1.E-15     1.8        3.        
 41.5E-9   -1.E-15     1.8        3.        
 41.6E-9   -1.E-15     1.8        3.        
 41.7E-9   -1.E-15     1.8        3.        
 41.8E-9   -1.E-15     1.8        3.        
 41.9E-9   -1.E-15     1.8        3.        
 42.E-9    -1.E-15     1.8        3.        
 42.1E-9   -1.E-15     1.8        3.        
 42.2E-9   -1.E-15     1.8        3.        
 42.3E-9   -1.E-15     1.8        3.        
 42.4E-9   -1.E-15     1.8        3.        
 42.5E-9   -1.E-15     1.8        3.        
 42.6E-9   -1.E-15     1.8        3.        
 42.7E-9   -1.E-15     1.8        3.        
 42.8E-9   -1.E-15     1.8        3.        
 42.9E-9   -1.E-15     1.8        3.        
 43.E-9    -1.E-15     1.8        3.        
 43.1E-9   -1.E-15     1.8        3.        
 43.2E-9   -1.E-15     1.8        3.        
 43.3E-9   -1.E-15     1.8        3.        
 43.4E-9   -1.E-15     1.8        3.        
 43.5E-9   -1.E-15     1.8        3.        
 43.6E-9   -1.E-15     1.8        3.        
 43.7E-9   -1.E-15     1.8        3.        
 43.8E-9   -1.E-15     1.8        3.        
 43.9E-9   -1.E-15     1.8        3.        
 44.E-9    -1.E-15     1.8        3.        
 44.1E-9   -1.E-15     1.8        3.        
 44.2E-9   -1.E-15     1.8        3.        
 44.3E-9   -1.E-15     1.8        3.        
 44.4E-9   -1.E-15     1.8        3.        
 44.5E-9   -1.E-15     1.8        3.        
 44.6E-9   -1.E-15     1.8        3.        
 44.7E-9   -1.E-15     1.8        3.        
 44.8E-9   -1.E-15     1.8        3.        
 44.9E-9   -1.E-15     1.8        3.        
 45.E-9    -1.E-15     1.8        3.        
 45.1E-9    0.06       1.8        3.        
 45.2E-9    0.12       1.8        3.        
 45.3E-9    0.18       1.8        3.        
 45.4E-9    0.24       1.8        3.        
 45.5E-9    0.3        1.8        3.        
 45.6E-9    0.36       1.8        3.        
 45.7E-9    0.42       1.8        3.        
 45.8E-9    0.48       1.8        3.        
 45.9E-9    0.54       1.8        3.        
 46.E-9     0.6        1.8        3.        
 46.1E-9    0.66       1.8        3.        
 46.2E-9    0.72       1.8        3.        
 46.3E-9    0.78       1.8        3.        
 46.4E-9    0.84       1.8        3.        
 46.5E-9    0.9        1.8        3.        
 46.6E-9    0.96       1.8        3.        
 46.7E-9    1.02       1.8        3.        
 46.8E-9    1.08       1.8        3.        
 46.9E-9    1.14       1.8        3.        
 47.E-9     1.2        1.8        3.        
 47.1E-9    1.26       1.8        3.        
 47.2E-9    1.32       1.8        3.        
 47.3E-9    1.38       1.8        3.        
 47.4E-9    1.44       1.8        3.        
 47.5E-9    1.5        1.8        3.        
 47.6E-9    1.5        1.8        5.        
 47.7E-9    1.5        1.8        3.        
 47.8E-9    1.5        1.8        3.        
 47.9E-9    1.5        1.8        3.        
 48.E-9     1.5        1.8        3.        
 48.1E-9    1.5        1.8        3.        
 48.2E-9    1.5        1.8        3.        
 48.3E-9    1.5        1.8        3.        
 48.4E-9    1.5        1.8        3.        
 48.5E-9    1.5        1.8        3.        
 48.6E-9    1.5        1.8        3.        
 48.7E-9    1.5        1.8        3.        
 48.8E-9    1.5        1.8        3.        
 48.9E-9    1.5        1.8        3.        
 49.E-9     1.5        1.8        3.        
 49.1E-9    1.5        1.8        3.        
 49.2E-9    1.5        1.8        3.        
 49.3E-9    1.5        1.8        3.        
 49.4E-9    1.5        1.8        3.        
 49.5E-9    1.5        1.8        3.        
 49.6E-9    1.5        1.8        3.        
 49.7E-9    1.5        1.8        3.        
 49.8E-9    1.5        1.8        3.        
 49.9E-9    1.5        1.8        3.        
 50.E-9     1.5        1.8        3.        
Gnucap   System status
iterations: op=0, dc=0, tran=1529, fourier=0, total=2043
transient timesteps: accepted=514, rejected=0, total=514
nodes: user=3, subckt=0, model=2, total=5
dctran density=44.0%, ac density=44.0%
