Gnucap : The Gnu Circuit Analysis Package
Never trust any version less than 1.0
Copyright 1982-2013, Albert Davis
Gnucap comes with ABSOLUTELY NO WARRANTY
This is free software, and you are welcome
to redistribute it under the terms of 
the GNU General Public License, version 3 or later.
See the file "COPYING" for details.
main version: noinsensitive 2025.10.15
core-lib version: noinsensitive 2025.10.15
default plugins: noinsensitive 2025.10.15
param: already installed, replacing
stashing as param:0
parameters: already installed, replacing
stashing as parameters:0
parameter: already installed, replacing
stashing as parameter:0
logic: already installed, replacing
stashing as logic:0
spice: already installed, replacing
stashing as spice:0
acs: already installed, replacing
stashing as acs:0
;: already installed, replacing
stashing as ;:0
#: already installed, replacing
stashing as #:0
*: already installed, replacing
stashing as *:0
': already installed, replacing
stashing as ':0
": already installed, replacing
stashing as ":0
dev_comment: already installed, replacing
stashing as dev_comment:0
.model: already installed, replacing
stashing as .model:0
.subckt: already installed, replacing
stashing as .subckt:0
.macro: already installed, replacing
stashing as .macro:0
.lib: already installed, replacing
stashing as .lib:0
lib: already installed, replacing
stashing as lib:0
.include: already installed, replacing
stashing as .include:0
.merge: already installed, replacing
stashing as .merge:0
merge: already installed, replacing
stashing as merge:0
<: already installed, replacing
stashing as <:0
.get: already installed, replacing
stashing as .get:0
get: already installed, replacing
stashing as get:0
.build: already installed, replacing
stashing as .build:0
build: already installed, replacing
stashing as build:0
spice: already installed, replacing
stashing as spice:0
`spice: already installed, replacing
stashing as `spice:0
acs: already installed, replacing
stashing as acs:0
.endc: already installed, replacing
stashing as .endc:0
.control: already installed, replacing
stashing as .control:0
verilog: already installed, replacing
stashing as verilog:0
paramset: already installed, replacing
stashing as paramset:0
module: already installed, replacing
stashing as module:0
macromodule: already installed, replacing
stashing as macromodule:0
verilog: already installed, replacing
stashing as verilog:0
quit: already installed, replacing
stashing as quit:0
exit: already installed, replacing
stashing as exit:0
detach_all: already installed, replacing
stashing as detach_all:0
paramset NMOS PSP104VA;
  parameter real l=1.0u;
   parameter real w=1.0u;
   parameter integer nf=1;
   parameter real ad=1.0e-12;
   parameter real pd=1.0e-6;
   parameter real as=1.0e-12;
   parameter real ps=1.0e-6;
   parameter real sa=0.0;
   parameter real sb=0.0;
   parameter real sd=0.0;
 .TYPE=1; .L=l; .W=w; .NF=nf; .AD=ad; .PD=pd; .AS=as; .PS=ps; .SA=sa; .SB=sb; .SD=sd;
endparamset

paramset PMOS PSP104VA;
  parameter real l=1.0u;
   parameter real w=1.0u;
   parameter integer nf=1;
   parameter real ad=1.0e-12;
   parameter real pd=1.0e-6;
   parameter real as=1.0e-12;
   parameter real ps=1.0e-6;
   parameter real sa=0.0;
   parameter real sb=0.0;
   parameter real sd=0.0;
 .TYPE=(- 1); .L=l; .W=w; .NF=nf; .AD=ad; .PD=pd; .AS=as; .PS=ps; .SA=sa; .SB=sb; .SD=sd;
endparamset

parameter real L=0.09u; // MOSFET length 
parameter real WN=10.0u; // NMOS width 
parameter real WP=20.0u; // PMOS width 
parameter real VNOM=1.2; // Nominal supply (V) 
// CMOS NOR2 Gate
module NOR2 (.in1(in1),.in2(in2),.out(out),.vdd(vdd),.gnd(gnd));
      parameter real WN=10u;
      parameter real WP=20u;
      parameter real L=0.09u;
      input in1, in2;
      output out;
      electrical in1, in2, out, vdd, gnd;
  PMOS #(.w(WP),.l(L)) MP1 (.d(t1),.g(in1),.s(out),.b(vdd));
  PMOS #(.w(WP),.l(L)) MP2 (.d(vdd),.g(in2),.s(t1),.b(vdd));
  NMOS #(.w(WN),.l(L)) MN1 (.d(gnd),.g(in1),.s(out),.b(gnd));
  NMOS #(.w(WN),.l(L)) MN2 (.d(gnd),.g(in2),.s(out),.b(gnd));
endmodule // NOR2

//TODO: workaround for op convergencen issues
//vmin/vmax are clamped to stabilize initial DC solution
ground gnd;
NOR2 #(.WN(WN),.WP(WP),.L(L)) XNOR2 (in1, in2, out, vdd, gnd);
capacitor #(.c(10f)) Cload (.p(out),.n(gnd));
vsource #(.dc(VNOM)) Vdd (.p(vdd),.n(gnd));
vpulse #(.val0(0.0),.val1(VNOM),.td(0.1n),.rise(0.1n),.fall(0.1n),.width(2.0n),.period(4.0n)) Vin1 (.p(in1),.n(gnd));
vpulse #(.val0(0.0),.val1(VNOM),.td(1.1n),.rise(0.1n),.fall(0.1n),.width(2.0n),.period(4.0n)) Vin2 (.p(in2),.n(gnd));
#Time       v(in1)     v(in2)     v(out)     iter(0)   
 0.         0.         0.         1.2        13.       
 10.E-12   -28.44E-12  9.218E-12  1.2        9.        
 20.E-12    27.46E-12 -11.21E-12  1.2        4.        
 30.E-12   -27.14E-12  12.54E-12  1.2        4.        
 40.E-12    26.87E-12 -13.59E-12  1.2        4.        
 50.E-12   -26.66E-12  14.42E-12  1.2        4.        
 60.E-12    26.49E-12 -15.08E-12  1.2        4.        
 70.E-12   -26.36E-12  15.59E-12  1.2        4.        
 80.E-12    26.26E-12 -16.E-12    1.2        4.        
 90.E-12   -26.18E-12  16.32E-12  1.2        4.        
 100.E-12   26.11E-12 -16.57E-12  1.2        4.        
 110.E-12   0.12       3.9117E-9  1.2377     26.       
 120.E-12   0.24       3.5957E-9  1.2443     8.        
 130.E-12   0.36      -3.4788E-9  1.2481     4.        
 140.E-12   0.48       3.3965E-9  1.2494     4.        
 150.E-12   0.6       -4.2803E-9  1.2352     5.        
 160.E-12   0.72       1.8317E-9  1.1773     5.        
 170.E-12   0.84      -6.9484E-9  1.0211     5.        
 180.E-12   0.96      -2.1976E-9  0.732      4.        
 190.E-12   1.08      -10.111E-9  0.35357    5.        
 200.E-12   1.2        1.4622E-9  0.086881   5.        
 210.E-12   1.2        6.8443E-9  0.0061273  19.       
 220.E-12   1.2        7.0973E-9  129.97E-6  10.       
 230.E-12   1.2       -7.1031E-9  7.9793E-6  69.       
 240.E-12   1.2        7.1027E-9  481.18E-9  87.       
 250.E-12   1.2        7.1026E-9  15.588E-9  30.       
 260.E-12   1.2       -7.1026E-9  13.959E-9  11.       
 270.E-12   1.2       -7.1026E-9  16.695E-9  43.       
 280.E-12   1.2        7.1025E-9 -6.5855E-9  63.       
 290.E-12   1.2       -7.1025E-9  16.825E-9  85.       
 300.E-12   1.2        7.1025E-9 -6.5782E-9  10.       
 310.E-12   1.2        7.1024E-9 -6.5782E-9  54.       
 320.E-12   1.2        7.1024E-9 -6.5782E-9  51.       
 330.E-12   1.2       -7.1024E-9  16.825E-9  90.       
 340.E-12   1.2        7.1023E-9 -6.5782E-9  5.        
 350.E-12   1.2       -7.1023E-9  16.826E-9  104.      
 360.E-12   1.2       -7.1022E-9  16.825E-9  50.       
 370.E-12   1.2        7.1022E-9 -6.578E-9   89.       
 380.E-12   1.2        7.1022E-9 -6.578E-9   45.       
 390.E-12   1.2       -7.1021E-9  16.825E-9  100.      
 400.E-12   1.2        7.102E-9  -6.5779E-9  91.       
 410.E-12   1.2        7.102E-9  -6.5779E-9  30.       
 420.E-12   1.2       -7.1019E-9  16.825E-9  97.       
 430.E-12   1.2        7.1019E-9 -6.5778E-9  82.       
 440.E-12   1.2        7.1019E-9 -6.5777E-9  60.       
 450.E-12   1.2       -7.1018E-9  16.825E-9  78.       
 460.E-12   1.2        7.1017E-9 -6.5777E-9  76.       
 470.E-12   1.2       -7.1017E-9  16.825E-9  75.       
 480.E-12   1.2       -7.1016E-9  16.825E-9  51.       
 490.E-12   1.2        7.1015E-9 -6.5776E-9  60.       
 500.E-12   1.2        7.1015E-9 -6.5776E-9  54.       
 510.E-12   1.2       -7.1014E-9  16.825E-9  72.       
 520.E-12   1.2        7.1014E-9 -6.5775E-9  4.        
 530.E-12   1.2       -7.1014E-9  16.825E-9  90.       
 540.E-12   1.2        7.1014E-9 -6.5774E-9  10.       
 550.E-12   1.2       -7.1013E-9  16.825E-9  82.       
 560.E-12   1.2        7.1013E-9 -6.5774E-9  10.       
 570.E-12   1.2        7.1013E-9 -6.5774E-9  41.       
 580.E-12   1.2       -7.1012E-9  16.825E-9  93.       
 590.E-12   1.2        7.1012E-9 -6.5773E-9  10.       
 600.E-12   1.2       -7.1012E-9  16.825E-9  5.        
 610.E-12   1.2        7.1011E-9 -6.5773E-9  92.       
 620.E-12   1.2       -7.1011E-9  16.825E-9  10.       
 630.E-12   1.2       -7.1011E-9  16.825E-9  59.       
 640.E-12   1.2        7.101E-9  -6.5772E-9  82.       
 650.E-12   1.2       -7.101E-9   16.825E-9  10.       
 660.E-12   1.2        7.101E-9  -6.5771E-9  87.       
 670.E-12   1.2        7.1009E-9 -6.5772E-9  42.       
 680.E-12   1.2       -7.1009E-9  16.824E-9  87.       
 690.E-12   1.2        7.1009E-9 -6.5771E-9  4.        
 700.E-12   1.2       -7.1009E-9  16.824E-9  4.        
 710.E-12   1.2       -7.1008E-9  16.824E-9  50.       
 720.E-12   1.2        7.1008E-9 -6.5771E-9  6.        
 730.E-12   1.2       -7.1008E-9  16.824E-9  10.       
 740.E-12   1.2        7.1008E-9 -6.577E-9   90.       
 750.E-12   1.2       -7.1008E-9  16.824E-9  5.        
 760.E-12   1.2       -7.1007E-9  16.824E-9  40.       
 770.E-12   1.2       -7.1007E-9  16.824E-9  46.       
 780.E-12   1.2        7.1007E-9 -6.5769E-9  10.       
 790.E-12   1.2        7.1007E-9 -6.577E-9   31.       
 800.E-12   1.2       -7.1007E-9  16.824E-9  12.       
 810.E-12   1.2        7.1006E-9 -6.5769E-9  91.       
 820.E-12   1.2       -7.1005E-9  16.824E-9  57.       
 830.E-12   1.2        7.1005E-9 -6.5768E-9  71.       
 840.E-12   1.2       -7.1004E-9  16.824E-9  10.       
 850.E-12   1.2        7.1004E-9 -6.5767E-9  88.       
 860.E-12   1.2       -7.1003E-9  16.824E-9  69.       
 870.E-12   1.2        7.1003E-9 -6.5766E-9  84.       
 880.E-12   1.2       -7.1002E-9  16.824E-9  70.       
 890.E-12   1.2        7.1002E-9 -6.5765E-9  10.       
 900.E-12   1.2       -7.1002E-9  16.824E-9  11.       
 910.E-12   1.2        7.1001E-9 -6.5766E-9  83.       
 920.E-12   1.2       -7.1E-9     16.824E-9  84.       
 930.E-12   1.2        7.1E-9    -6.5765E-9  11.       
 940.E-12   1.2        7.1E-9    -6.5765E-9  31.       
 950.E-12   1.2       -7.0999E-9  16.824E-9  91.       
 960.E-12   1.2        7.0999E-9 -6.5764E-9  10.       
 970.E-12   1.2       -7.0999E-9  16.824E-9  97.       
 980.E-12   1.2       -7.0999E-9  16.824E-9  56.       
 990.E-12   1.2        7.0998E-9 -6.5763E-9  10.       
 1.E-9      1.2       -7.0998E-9  16.824E-9  89.       
 1.01E-9    1.2       -7.0998E-9  16.824E-9  50.       
 1.02E-9    1.2        7.0997E-9 -6.5762E-9  94.       
 1.03E-9    1.2       -7.0997E-9  16.824E-9  4.        
 1.04E-9    1.2        7.0996E-9 -6.5762E-9  82.       
 1.05E-9    1.2        7.0996E-9 -6.5761E-9  54.       
 1.06E-9    1.2       -7.0995E-9  16.823E-9  93.       
 1.07E-9    1.2        7.0995E-9 -6.5761E-9  5.        
 1.08E-9    1.2       -7.0995E-9  16.823E-9  76.       
 1.09E-9    1.2        7.0994E-9 -6.576E-9   71.       
 1.1E-9     1.2        7.0994E-9 -6.5761E-9  31.       
 1.11E-9    1.2        0.12       0.0095682  26.       
 1.12E-9    1.2        0.24       0.010176   8.        
 1.13E-9    1.2        0.36       0.010218   4.        
 1.14E-9    1.2        0.48       0.0099248  4.        
 1.15E-9    1.2        0.6        0.008846   4.        
 1.16E-9    1.2        0.72       0.0077448  5.        
 1.17E-9    1.2        0.84       0.0069752  5.        
 1.18E-9    1.2        0.96       0.0064075  5.        
 1.19E-9    1.2        1.08       0.0059842  4.        
 1.2E-9     1.2        1.2        0.0056733  4.        
 1.21E-9    1.2        1.2        43.883E-6  18.       
 1.22E-9    1.2        1.2        37.631E-6  8.        
 1.23E-9    1.2        1.2        36.834E-6  4.        
 1.24E-9    1.2        1.2        36.328E-6  4.        
 1.25E-9    1.2        1.2        35.692E-6  4.        
 1.26E-9    1.2        1.2        35.168E-6  4.        
 1.27E-9    1.2        1.2        34.592E-6  4.        
 1.28E-9    1.2        1.2        34.092E-6  4.        
 1.29E-9    1.2        1.2        33.552E-6  4.        
 1.3E-9     1.2        1.2        33.081E-6  4.        
 1.31E-9    1.2        1.2        32.572E-6  4.        
 1.32E-9    1.2        1.2        32.129E-6  4.        
 1.33E-9    1.2        1.2        31.648E-6  4.        
 1.34E-9    1.2        1.2        31.23E-6   4.        
 1.35E-9    1.2        1.2        30.774E-6  4.        
 1.36E-9    1.2        1.2        30.38E-6   4.        
 1.37E-9    1.2        1.2        29.947E-6  4.        
 1.38E-9    1.2        1.2        29.575E-6  4.        
 1.39E-9    1.2        1.2        29.163E-6  4.        
 1.4E-9     1.2        1.2        28.811E-6  4.        
 1.41E-9    1.2        1.2        28.418E-6  4.        
 1.42E-9    1.2        1.2        28.086E-6  4.        
 1.43E-9    1.2        1.2        27.711E-6  4.        
 1.44E-9    1.2        1.2        27.396E-6  4.        
 1.45E-9    1.2        1.2        27.038E-6  4.        
 1.46E-9    1.2        1.2        26.739E-6  4.        
 1.47E-9    1.2        1.2        26.397E-6  4.        
 1.48E-9    1.2        1.2        26.113E-6  4.        
 1.49E-9    1.2        1.2        25.786E-6  4.        
 1.5E-9     1.2        1.2        25.516E-6  4.        
 1.51E-9    1.2        1.2        25.202E-6  4.        
 1.52E-9    1.2        1.2        24.945E-6  4.        
 1.53E-9    1.2        1.2        24.643E-6  4.        
 1.54E-9    1.2        1.2        24.399E-6  4.        
 1.55E-9    1.2        1.2        24.109E-6  4.        
 1.56E-9    1.2        1.2        23.876E-6  4.        
 1.57E-9    1.2        1.2        23.598E-6  4.        
 1.58E-9    1.2        1.2        23.376E-6  4.        
 1.59E-9    1.2        1.2        23.108E-6  4.        
 1.6E-9     1.2        1.2        22.896E-6  4.        
 1.61E-9    1.2        1.2        22.637E-6  4.        
 1.62E-9    1.2        1.2        22.435E-6  4.        
 1.63E-9    1.2        1.2        22.186E-6  4.        
 1.64E-9    1.2        1.2        21.992E-6  4.        
 1.65E-9    1.2        1.2        21.752E-6  4.        
 1.66E-9    1.2        1.2        21.567E-6  4.        
 1.67E-9    1.2        1.2        21.335E-6  4.        
 1.68E-9    1.2        1.2        21.157E-6  4.        
 1.69E-9    1.2        1.2        20.933E-6  4.        
 1.7E-9     1.2        1.2        20.763E-6  4.        
 1.71E-9    1.2        1.2        20.546E-6  4.        
 1.72E-9    1.2        1.2        20.383E-6  4.        
 1.73E-9    1.2        1.2        20.173E-6  4.        
 1.74E-9    1.2        1.2        20.017E-6  4.        
 1.75E-9    1.2        1.2        19.814E-6  4.        
 1.76E-9    1.2        1.2        19.664E-6  4.        
 1.77E-9    1.2        1.2        19.467E-6  4.        
 1.78E-9    1.2        1.2        19.323E-6  4.        
 1.79E-9    1.2        1.2        19.131E-6  4.        
 1.8E-9     1.2        1.2        18.994E-6  4.        
 1.81E-9    1.2        1.2        18.808E-6  4.        
 1.82E-9    1.2        1.2        18.675E-6  4.        
 1.83E-9    1.2        1.2        18.495E-6  4.        
 1.84E-9    1.2        1.2        18.367E-6  4.        
 1.85E-9    1.2        1.2        18.192E-6  4.        
 1.86E-9    1.2        1.2        18.07E-6   4.        
 1.87E-9    1.2        1.2        17.899E-6  4.        
 1.88E-9    1.2        1.2        17.781E-6  4.        
 1.89E-9    1.2        1.2        17.615E-6  4.        
 1.9E-9     1.2        1.2        17.502E-6  4.        
 1.91E-9    1.2        1.2        17.34E-6   4.        
 1.92E-9    1.2        1.2        17.231E-6  4.        
 1.93E-9    1.2        1.2        17.074E-6  4.        
 1.94E-9    1.2        1.2        16.969E-6  4.        
 1.95E-9    1.2        1.2        16.815E-6  4.        
 1.96E-9    1.2        1.2        16.714E-6  4.        
 1.97E-9    1.2        1.2        16.565E-6  4.        
 1.98E-9    1.2        1.2        16.467E-6  4.        
 1.99E-9    1.2        1.2        16.321E-6  4.        
 2.E-9      1.2        1.2        16.228E-6  4.        
 2.01E-9    1.2        1.2        16.085E-6  4.        
 2.02E-9    1.2        1.2        15.995E-6  4.        
 2.03E-9    1.2        1.2        15.855E-6  4.        
 2.04E-9    1.2        1.2        15.768E-6  4.        
 2.05E-9    1.2        1.2        15.632E-6  4.        
 2.06E-9    1.2        1.2        15.548E-6  4.        
 2.07E-9    1.2        1.2        15.415E-6  4.        
 2.08E-9    1.2        1.2        15.334E-6  4.        
 2.09E-9    1.2        1.2        15.204E-6  4.        
 2.1E-9     1.2        1.2        15.126E-6  4.        
 2.11E-9    1.2        1.2        14.999E-6  4.        
 2.12E-9    1.2        1.2        14.924E-6  4.        
 2.13E-9    1.2        1.2        14.799E-6  4.        
 2.14E-9    1.2        1.2        14.726E-6  4.        
 2.15E-9    1.2        1.2        14.604E-6  4.        
 2.16E-9    1.2        1.2        14.534E-6  4.        
 2.17E-9    1.2        1.2        14.415E-6  4.        
 2.18E-9    1.2        1.2        14.347E-6  4.        
 2.19E-9    1.2        1.2        14.23E-6   4.        
 2.2E-9     1.2        1.2        14.165E-6  4.        
 2.21E-9    1.08       1.2       -0.016029   18.       
 2.22E-9    0.96       1.2       -0.016954   8.        
 2.23E-9    0.84       1.2       -0.017777   4.        
 2.24E-9    0.72       1.2       -0.018068   5.        
 2.25E-9    0.6        1.2       -0.017751   5.        
 2.26E-9    0.48       1.2       -0.017534   5.        
 2.27E-9    0.36       1.2       -0.017536   5.        
 2.28E-9    0.24       1.2       -0.017064   4.        
 2.29E-9    0.12       1.2       -0.016487   4.        
 2.3E-9    -4.7469E-9  1.2       -0.016141   4.        
 2.31E-9   -7.991E-9   1.2        0.0079018  25.       
 2.32E-9   -7.8231E-9  1.2        0.0060019  8.        
 2.33E-9    6.7731E-9  1.2        0.0041202  5.        
 2.34E-9   -7.5088E-9  1.2        0.0030545  5.        
 2.35E-9    6.9535E-9  1.2        0.0024062  4.        
 2.36E-9   -7.3964E-9  1.2        0.001971   4.        
 2.37E-9    7.0304E-9  1.2        0.0016619  4.        
 2.38E-9   -7.341E-9   1.2        0.0014322  4.        
 2.39E-9    7.0719E-9  1.2        0.0012556  4.        
 2.4E-9    -7.3088E-9  1.2        0.001116   4.        
 2.41E-9    7.0975E-9  1.2        0.0010031  4.        
 2.42E-9   -7.2879E-9  1.2        910.09E-6  4.        
 2.43E-9    7.1148E-9  1.2        832.27E-6  4.        
 2.44E-9   -7.2734E-9  1.2        766.26E-6  4.        
 2.45E-9    7.1271E-9  1.2        709.62E-6  4.        
 2.46E-9   -7.2628E-9  1.2        660.52E-6  4.        
 2.47E-9    7.1363E-9  1.2        617.58E-6  4.        
 2.48E-9   -7.2547E-9  1.2        579.71E-6  4.        
 2.49E-9    7.1434E-9  1.2        546.1E-6   4.        
 2.5E-9    -7.2483E-9  1.2        516.07E-6  4.        
 2.51E-9    7.1491E-9  1.2        489.09E-6  4.        
 2.52E-9   -7.2432E-9  1.2        464.72E-6  4.        
 2.53E-9    7.1537E-9  1.2        442.62E-6  4.        
 2.54E-9   -7.239E-9   1.2        422.46E-6  4.        
 2.55E-9    7.1575E-9  1.2        404.03E-6  4.        
 2.56E-9   -7.2355E-9  1.2        387.1E-6   4.        
 2.57E-9    7.1608E-9  1.2        371.51E-6  4.        
 2.58E-9   -7.2325E-9  1.2        357.09E-6  4.        
 2.59E-9    7.1635E-9  1.2        343.74E-6  4.        
 2.6E-9    -7.2299E-9  1.2        331.33E-6  4.        
 2.61E-9    7.1659E-9  1.2        319.76E-6  4.        
 2.62E-9   -7.2277E-9  1.2        308.96E-6  4.        
 2.63E-9    7.1679E-9  1.2        298.86E-6  4.        
 2.64E-9   -7.2257E-9  1.2        289.38E-6  4.        
 2.65E-9    7.1697E-9  1.2        280.48E-6  4.        
 2.66E-9   -7.224E-9   1.2        272.1E-6   4.        
 2.67E-9    7.1713E-9  1.2        264.2E-6   4.        
 2.68E-9   -7.2225E-9  1.2        256.74E-6  4.        
 2.69E-9    7.1727E-9  1.2        249.68E-6  4.        
 2.7E-9    -7.2211E-9  1.2        242.99E-6  4.        
 2.71E-9    7.174E-9   1.2        236.65E-6  4.        
 2.72E-9   -7.2199E-9  1.2        230.63E-6  4.        
 2.73E-9    7.1752E-9  1.2        224.9E-6   4.        
 2.74E-9   -7.2188E-9  1.2        219.44E-6  4.        
 2.75E-9    7.1762E-9  1.2        214.24E-6  4.        
 2.76E-9   -7.2178E-9  1.2        209.28E-6  4.        
 2.77E-9    7.1771E-9  1.2        204.54E-6  4.        
 2.78E-9   -7.2168E-9  1.2        200.E-6    4.        
 2.79E-9    7.178E-9   1.2        195.67E-6  4.        
 2.8E-9    -7.216E-9   1.2        191.51E-6  3.        
 2.81E-9    7.1788E-9  1.2        187.52E-6  3.        
 2.82E-9   -7.2152E-9  1.2        183.69E-6  3.        
 2.83E-9    7.1795E-9  1.2        180.02E-6  3.        
 2.84E-9   -7.2145E-9  1.2        176.49E-6  3.        
 2.85E-9    7.1802E-9  1.2        173.09E-6  3.        
 2.86E-9   -7.2138E-9  1.2        169.82E-6  3.        
 2.87E-9    7.1808E-9  1.2        166.67E-6  3.        
 2.88E-9   -7.2132E-9  1.2        163.63E-6  3.        
 2.89E-9    7.1814E-9  1.2        160.71E-6  3.        
 2.9E-9    -7.2126E-9  1.2        157.88E-6  3.        
 2.91E-9    7.1819E-9  1.2        155.15E-6  3.        
 2.92E-9   -7.2121E-9  1.2        152.51E-6  3.        
 2.93E-9    7.1824E-9  1.2        149.96E-6  3.        
 2.94E-9   -7.2116E-9  1.2        147.49E-6  3.        
 2.95E-9    7.1829E-9  1.2        145.1E-6   3.        
 2.96E-9   -7.2111E-9  1.2        142.79E-6  3.        
 2.97E-9    7.1833E-9  1.2        140.55E-6  3.        
 2.98E-9   -7.2106E-9  1.2        138.37E-6  3.        
 2.99E-9    7.1837E-9  1.2        136.27E-6  3.        
 3.E-9     -7.2102E-9  1.2        134.22E-6  3.        
 3.01E-9    7.1841E-9  1.2        132.24E-6  3.        
 3.02E-9   -7.2098E-9  1.2        130.31E-6  3.        
 3.03E-9    7.1845E-9  1.2        128.44E-6  3.        
 3.04E-9   -7.2094E-9  1.2        126.62E-6  3.        
 3.05E-9    7.1848E-9  1.2        124.85E-6  3.        
 3.06E-9   -7.2091E-9  1.2        123.13E-6  3.        
 3.07E-9    7.1851E-9  1.2        121.45E-6  3.        
 3.08E-9   -7.2087E-9  1.2        119.82E-6  3.        
 3.09E-9    7.1854E-9  1.2        118.24E-6  3.        
 3.1E-9    -7.2084E-9  1.2        116.69E-6  3.        
 3.11E-9    7.1857E-9  1.2        115.19E-6  3.        
 3.12E-9   -7.2081E-9  1.2        113.71E-6  3.        
 3.13E-9    7.186E-9   1.2        112.29E-6  3.        
 3.14E-9   -7.2078E-9  1.2        110.89E-6  3.        
 3.15E-9    7.1862E-9  1.2        109.53E-6  3.        
 3.16E-9   -7.2076E-9  1.2        108.2E-6   3.        
 3.17E-9    7.1865E-9  1.2        106.9E-6   3.        
 3.18E-9   -7.2073E-9  1.2        105.63E-6  3.        
 3.19E-9    7.1867E-9  1.2        104.4E-6   3.        
 3.2E-9    -7.207E-9   1.2        103.18E-6  3.        
 3.21E-9    1.7243E-9  1.08      -0.011058   19.       
 3.22E-9    1.7802E-9  0.96      -0.013331   8.        
 3.23E-9   -5.8966E-9  0.84      -0.015596   4.        
 3.24E-9    2.3474E-9  0.72      -0.019052   4.        
 3.25E-9   -1.7607E-9  0.6       -0.024811   5.        
 3.26E-9    12.709E-9  0.48      -0.035026   5.        
 3.27E-9    15.09E-9   0.36       0.023859   6.        
 3.28E-9    32.496E-9  0.24       0.3667     5.        
 3.29E-9    31.173E-9  0.12       0.88276    10.       
 3.3E-9     11.685E-9  5.8088E-9  1.1227     10.       
 3.31E-9    1.9954E-9  86.24E-12  1.19       25.       
 3.32E-9    696.6E-12 -581.2E-12  1.1989     10.       
 3.33E-9    554.6E-12 -654.7E-12  1.1999     10.       
 3.34E-9   -537.3E-12  663.7E-12  1.2        5.        
 3.35E-9    537.2E-12 -663.8E-12  1.2        5.        
 3.36E-9   -537.2E-12  663.8E-12  1.2        4.        
 3.37E-9    537.2E-12 -663.9E-12  1.2        4.        
 3.38E-9   -537.2E-12  663.9E-12  1.2        5.        
 3.39E-9    537.2E-12 -664.E-12   1.2        4.        
 3.4E-9    -537.2E-12  664.E-12   1.2        6.        
 3.41E-9    537.2E-12 -664.E-12   1.2        6.        
 3.42E-9   -537.2E-12  664.E-12   1.2        5.        
 3.43E-9    537.2E-12 -664.E-12   1.2        6.        
 3.44E-9   -537.2E-12  664.E-12   1.2        10.       
 3.45E-9    537.2E-12 -664.E-12   1.2        7.        
 3.46E-9   -537.2E-12  664.E-12   1.2        6.        
 3.47E-9    537.2E-12 -664.1E-12  1.2        10.       
 3.48E-9   -537.2E-12  664.1E-12  1.2        19.       
 3.49E-9    537.2E-12 -664.1E-12  1.2        10.       
 3.5E-9     537.1E-12 -664.1E-12  1.2        48.       
 3.51E-9   -537.1E-12  664.1E-12  1.2        86.       
 3.52E-9    537.1E-12 -664.1E-12  1.2        19.       
 3.53E-9    537.1E-12 -664.1E-12  1.2        51.       
 3.54E-9   -537.1E-12  664.1E-12  1.2        17.       
 3.55E-9    537.1E-12 -664.1E-12  1.2        6.        
 3.56E-9    537.1E-12 -664.1E-12  1.2        44.       
 3.57E-9   -537.1E-12  664.1E-12  1.2        7.        
 3.58E-9    537.1E-12 -664.1E-12  1.2        19.       
 3.59E-9    537.1E-12 -664.E-12   1.2        41.       
 3.6E-9    -537.1E-12  664.E-12   1.2        20.       
 3.61E-9   -537.1E-12  664.E-12   1.2        44.       
 3.62E-9   -537.1E-12  664.E-12   1.2        44.       
 3.63E-9    537.1E-12 -664.E-12   1.2        10.       
 3.64E-9    537.1E-12 -664.E-12   1.2        52.       
 3.65E-9    537.1E-12 -664.E-12   1.2        52.       
 3.66E-9   -537.1E-12  664.E-12   1.2        83.       
 3.67E-9   -537.1E-12  664.E-12   1.2        64.       
 3.68E-9    537.1E-12 -664.E-12   1.2        11.       
 3.69E-9   -537.1E-12  664.E-12   1.2        13.       
 3.7E-9    -537.1E-12  664.E-12   1.2        38.       
 3.71E-9    537.1E-12 -664.E-12   1.2        14.       
 3.72E-9    537.1E-12 -664.E-12   1.2        48.       
 3.73E-9   -537.1E-12  664.E-12   1.2        10.       
 3.74E-9   -537.1E-12  664.E-12   1.2        51.       
 3.75E-9    537.1E-12 -664.E-12   1.2        16.       
 3.76E-9   -537.1E-12  664.E-12   1.2        16.       
 3.77E-9    537.1E-12 -664.E-12   1.2        16.       
 3.78E-9   -537.1E-12  664.E-12   1.2        63.       
 3.79E-9   -537.1E-12  664.E-12   1.2        48.       
 3.8E-9    -537.1E-12  664.E-12   1.2        52.       
 3.81E-9   -537.1E-12  664.E-12   1.2        51.       
 3.82E-9   -537.1E-12  664.E-12   1.2        41.       
 3.83E-9   -537.1E-12  664.E-12   1.2        50.       
 3.84E-9    537.1E-12 -664.E-12   1.2        100.      
 3.85E-9    537.1E-12 -664.E-12   1.2        54.       
 3.86E-9    537.1E-12 -664.E-12   1.2        45.       
 3.87E-9   -537.1E-12  664.E-12   1.2        6.        
 3.88E-9   -537.1E-12  664.E-12   1.2        39.       
 3.89E-9    537.1E-12 -664.E-12   1.2        18.       
 3.9E-9    -537.1E-12  664.E-12   1.2        12.       
 3.91E-9    537.1E-12 -664.E-12   1.2        11.       
 3.92E-9   -537.1E-12  664.E-12   1.2        12.       
 3.93E-9    537.1E-12 -664.E-12   1.2        11.       
 3.94E-9   -537.1E-12  664.E-12   1.2        5.        
 3.95E-9    537.1E-12 -664.E-12   1.2        7.        
 3.96E-9   -537.1E-12  664.E-12   1.2        12.       
 3.97E-9   -537.1E-12  664.E-12   1.2        45.       
 3.98E-9   -537.1E-12  664.E-12   1.2        32.       
 3.99E-9    537.1E-12 -664.E-12   1.2        19.       
 4.E-9     -537.1E-12  664.E-12   1.2        20.       
Gnucap   System status
iterations: op=0, dc=0, tran=7596, fourier=0, total=8175
transient timesteps: accepted=575, rejected=180, total=755
nodes: user=4, subckt=1, model=64, total=69
dctran density=16.4%, ac density=16.4%
