Gnucap : The Gnu Circuit Analysis Package
Never trust any version less than 1.0
Copyright 1982-2013, Albert Davis
Gnucap comes with ABSOLUTELY NO WARRANTY
This is free software, and you are welcome
to redistribute it under the terms of 
the GNU General Public License, version 3 or later.
See the file "COPYING" for details.
main version: noinsensitive 2025.10.15
core-lib version: noinsensitive 2025.10.15
default plugins: noinsensitive 2025.10.15
param: already installed, replacing
stashing as param:0
parameters: already installed, replacing
stashing as parameters:0
parameter: already installed, replacing
stashing as parameter:0
logic: already installed, replacing
stashing as logic:0
spice: already installed, replacing
stashing as spice:0
acs: already installed, replacing
stashing as acs:0
;: already installed, replacing
stashing as ;:0
#: already installed, replacing
stashing as #:0
*: already installed, replacing
stashing as *:0
': already installed, replacing
stashing as ':0
": already installed, replacing
stashing as ":0
dev_comment: already installed, replacing
stashing as dev_comment:0
.model: already installed, replacing
stashing as .model:0
.subckt: already installed, replacing
stashing as .subckt:0
.macro: already installed, replacing
stashing as .macro:0
.lib: already installed, replacing
stashing as .lib:0
lib: already installed, replacing
stashing as lib:0
.include: already installed, replacing
stashing as .include:0
.merge: already installed, replacing
stashing as .merge:0
merge: already installed, replacing
stashing as merge:0
<: already installed, replacing
stashing as <:0
.get: already installed, replacing
stashing as .get:0
get: already installed, replacing
stashing as get:0
.build: already installed, replacing
stashing as .build:0
build: already installed, replacing
stashing as build:0
spice: already installed, replacing
stashing as spice:0
`spice: already installed, replacing
stashing as `spice:0
acs: already installed, replacing
stashing as acs:0
.endc: already installed, replacing
stashing as .endc:0
.control: already installed, replacing
stashing as .control:0
verilog: already installed, replacing
stashing as verilog:0
paramset: already installed, replacing
stashing as paramset:0
module: already installed, replacing
stashing as module:0
macromodule: already installed, replacing
stashing as macromodule:0
verilog: already installed, replacing
stashing as verilog:0
quit: already installed, replacing
stashing as quit:0
exit: already installed, replacing
stashing as exit:0
detach_all: already installed, replacing
stashing as detach_all:0
paramset NMOS PSP104VA;
  parameter real l=1.0u;
   parameter real w=1.0u;
   parameter integer nf=1;
   parameter real ad=1.0e-12;
   parameter real pd=1.0e-6;
   parameter real as=1.0e-12;
   parameter real ps=1.0e-6;
   parameter real sa=0.0;
   parameter real sb=0.0;
   parameter real sd=0.0;
 .TYPE=1; .L=l; .W=w; .NF=nf; .AD=ad; .PD=pd; .AS=as; .PS=ps; .SA=sa; .SB=sb; .SD=sd;
endparamset

paramset PMOS PSP104VA;
  parameter real l=1.0u;
   parameter real w=1.0u;
   parameter integer nf=1;
   parameter real ad=1.0e-12;
   parameter real pd=1.0e-6;
   parameter real as=1.0e-12;
   parameter real ps=1.0e-6;
   parameter real sa=0.0;
   parameter real sb=0.0;
   parameter real sd=0.0;
 .TYPE=(- 1); .L=l; .W=w; .NF=nf; .AD=ad; .PD=pd; .AS=as; .PS=ps; .SA=sa; .SB=sb; .SD=sd;
endparamset

parameter real L=0.09u; // MOSFET length 
parameter real WN=10.0u; // NMOS width 
parameter real WP=20.0u; // PMOS width 
parameter real VNOM=1.2; // Nominal supply (V) 
// CMOS OR2 Gate
// CMOS NOR2 Gate
module NOR2 (.in1(in1),.in2(in2),.out(out),.vdd(vdd),.gnd(gnd));
      parameter real WN=10u;
      parameter real WP=20u;
      parameter real L=0.09u;
      input in1, in2;
      output out;
      electrical in1, in2, out, vdd, gnd;
  PMOS #(.w(WP),.l(L)) MP1 (.d(t1),.g(in1),.s(out),.b(vdd));
  PMOS #(.w(WP),.l(L)) MP2 (.d(vdd),.g(in2),.s(t1),.b(vdd));
  NMOS #(.w(WN),.l(L)) MN1 (.d(gnd),.g(in1),.s(out),.b(gnd));
  NMOS #(.w(WN),.l(L)) MN2 (.d(gnd),.g(in2),.s(out),.b(gnd));
endmodule // NOR2

// Not-gate
module NOT (.in(in),.out(out),.vdd(vdd),.gnd(gnd));
      parameter real WN=10u;
      parameter real WP=20u;
      parameter real L=0.09u;
      input in;
      output out;
      electrical in,out,vdd,gnd;
  PMOS #(.w(WP),.l(L)) M1 (.d(out),.g(in),.s(vdd),.b(vdd));
  NMOS #(.w(WN),.l(L)) M2 (.d(out),.g(in),.s(gnd),.b(gnd));
endmodule // NOT

module OR2 (.in1(in1),.in2(in2),.out(out),.vdd(vdd),.gnd(gnd));
      parameter real WN=10u;
      parameter real WP=20u;
      parameter real L=0.09u;
      input  in1, in2, vdd, gnd;
      output out;
      electrical in1, in2, out, vdd, gnd;
  NOR2 #(.WN(WN),.WP(WP),.L(L)) U1 (in1, in2, nor_out, vdd, gnd);
  NOT #(.WN(WN),.WP(WP),.L(L)) U2 (nor_out, out, vdd, gnd);
endmodule // OR2

//TODO: workaround for op convergencen issues
//vmin/vmax are clamped to stabilize initial DC solution
ground gnd;
OR2 #(.WN(WN),.WP(WP),.L(L)) XOR2 (in1, in2, out, vdd, gnd);
capacitor #(.c(10f)) Cload (.p(out),.n(gnd));
vsource #(.dc(VNOM)) Vdd (.p(vdd),.n(gnd));
vpulse #(.val0(0.0),.val1(VNOM),.td(0.1n),.rise(0.1n),.fall(0.1n),.width(2.0n),.period(4.0n)) Vin1 (.p(in1),.n(gnd));
vpulse #(.val0(0.0),.val1(VNOM),.td(1.1n),.rise(0.1n),.fall(0.1n),.width(2.0n),.period(4.0n)) Vin2 (.p(in2),.n(gnd));
#Time       v(in1)     v(in2)     v(out)     iter(0)   
 0.         0.         0.         5.1237E-9  33.       
 10.E-12    4.259E-12  22.17E-12 -18.505E-6  9.        
 20.E-12   -5.022E-12 -23.23E-12  5.9903E-6  4.        
 30.E-12    4.802E-12  23.66E-12 -4.4471E-6  4.        
 40.E-12   -5.14E-12  -24.26E-12  2.2765E-6  4.        
 50.E-12    5.312E-12  24.67E-12 -1.6683E-6  4.        
 60.E-12   -5.51E-12  -25.03E-12  1.1294E-6  4.        
 70.E-12    5.653E-12  25.3E-12  -841.83E-9  4.        
 80.E-12   -5.771E-12 -25.51E-12  633.78E-9  4.        
 90.E-12    5.862E-12  25.67E-12 -474.67E-9  4.        
 100.E-12  -5.933E-12 -25.79E-12  370.23E-9  5.        
 110.E-12   0.12       3.5926E-9  0.0051821  27.       
 120.E-12   0.24       3.3068E-9  0.0022299  8.        
 130.E-12   0.36      -3.0255E-9  0.0013247  5.        
 140.E-12   0.48       3.0427E-9  524.84E-6  5.        
 150.E-12   0.6       -3.6228E-9 -0.0026452  5.        
 160.E-12   0.72       2.0967E-9 -0.0096354  5.        
 170.E-12   0.84      -4.8178E-9 -0.02362    5.        
 180.E-12   0.96       346.7E-12 -0.045521   5.        
 190.E-12   1.08      -7.0051E-9 -0.078815   5.        
 200.E-12   1.2       -636.1E-12 -0.056306   5.        
 210.E-12   1.2        4.8767E-9  0.30847    19.       
 220.E-12   1.2       -7.48E-9    0.97907    39.       
 230.E-12   1.2        3.8332E-9  1.1712     24.       
 240.E-12   1.2       -7.2566E-9  1.1896     43.       
 250.E-12   1.2       -6.6039E-9  1.1966     36.       
 260.E-12   1.2        6.1482E-9  1.199      10.       
 270.E-12   1.2       -6.285E-9   1.1997     11.       
 280.E-12   1.2        6.2445E-9  1.1999     5.        
 290.E-12   1.2       -6.2567E-9  1.2        83.       
 300.E-12   1.2       -6.2546E-9  1.2        53.       
 310.E-12   1.2        6.2533E-9  1.2        10.       
 320.E-12   1.2       -6.2537E-9  1.2        80.       
 330.E-12   1.2       -6.2536E-9  1.2        51.       
 340.E-12   1.2        6.2535E-9  1.2        85.       
 350.E-12   1.2       -6.2534E-9  1.2        94.       
 360.E-12   1.2        6.2534E-9  1.2        76.       
 370.E-12   1.2       -6.2533E-9  1.2        90.       
 380.E-12   1.2       -6.2533E-9  1.2        49.       
 390.E-12   1.2        6.2532E-9  1.2        63.       
 400.E-12   1.2       -6.2532E-9  1.2        88.       
 410.E-12   1.2        6.2531E-9  1.2        91.       
 420.E-12   1.2        6.253E-9   1.2        110.      
 430.E-12   1.2       -6.2529E-9  1.2        76.       
 440.E-12   1.2        6.2529E-9  1.2        99.       
 450.E-12   1.2       -6.2528E-9  1.2        96.       
 460.E-12   1.2        6.2528E-9  1.2        74.       
 470.E-12   1.2       -6.2527E-9  1.2        92.       
 480.E-12   1.2        6.2527E-9  1.2        70.       
 490.E-12   1.2        6.2526E-9  1.2        74.       
 500.E-12   1.2        6.2526E-9  1.2        48.       
 510.E-12   1.2       -6.2526E-9  1.2        77.       
 520.E-12   1.2        6.2525E-9  1.2        98.       
 530.E-12   1.2       -6.2524E-9  1.2        92.       
 540.E-12   1.2       -6.2524E-9  1.2        41.       
 550.E-12   1.2       -6.2524E-9  1.2        63.       
 560.E-12   1.2        6.2523E-9  1.2        87.       
 570.E-12   1.2       -6.2523E-9  1.2        77.       
 580.E-12   1.2       -6.2522E-9  1.2        66.       
 590.E-12   1.2       -6.2522E-9  1.2        47.       
 600.E-12   1.2        6.2522E-9  1.2        79.       
 610.E-12   1.2        6.2521E-9  1.2        59.       
 620.E-12   1.2        6.2521E-9  1.2        44.       
 630.E-12   1.2        6.2521E-9  1.2        37.       
 640.E-12   1.2        6.2521E-9  1.2        30.       
 650.E-12   1.2       -6.252E-9   1.2        93.       
 660.E-12   1.2       -6.252E-9   1.2        50.       
 670.E-12   1.2        6.2519E-9  1.2        119.      
 680.E-12   1.2        6.2519E-9  1.2        47.       
 690.E-12   1.2       -6.2518E-9  1.2        93.       
 700.E-12   1.2        6.2518E-9  1.2        96.       
 710.E-12   1.2       -6.2517E-9  1.2        87.       
 720.E-12   1.2        6.2517E-9  1.2        97.       
 730.E-12   1.2       -6.2516E-9  1.2        80.       
 740.E-12   1.2       -6.2516E-9  1.2        40.       
 750.E-12   1.2        6.2515E-9  1.2        91.       
 760.E-12   1.2        6.2515E-9  1.2        50.       
 770.E-12   1.2        6.2515E-9  1.2        42.       
 780.E-12   1.2       -6.2514E-9  1.2        75.       
 790.E-12   1.2        6.2514E-9  1.2        78.       
 800.E-12   1.2       -6.2513E-9  1.2        76.       
 810.E-12   1.2        6.2512E-9  1.2        77.       
 820.E-12   1.2        6.2512E-9  1.2        65.       
 830.E-12   1.2        6.2512E-9  1.2        45.       
 840.E-12   1.2       -6.2511E-9  1.2        79.       
 850.E-12   1.2        6.2511E-9  1.2        10.       
 860.E-12   1.2        6.2511E-9  1.2        47.       
 870.E-12   1.2        6.2511E-9  1.2        60.       
 880.E-12   1.2       -6.251E-9   1.2        86.       
 890.E-12   1.2        6.251E-9   1.2        99.       
 900.E-12   1.2       -6.2509E-9  1.2        101.      
 910.E-12   1.2       -6.2509E-9  1.2        51.       
 920.E-12   1.2        6.2508E-9  1.2        78.       
 930.E-12   1.2        6.2508E-9  1.2        66.       
 940.E-12   1.2        6.2508E-9  1.2        46.       
 950.E-12   1.2       -6.2507E-9  1.2        86.       
 960.E-12   1.2        6.2506E-9  1.2        90.       
 970.E-12   1.2        6.2505E-9  1.2        148.      
 980.E-12   1.2       -6.2505E-9  1.2        94.       
 990.E-12   1.2       -6.2504E-9  1.2        47.       
 1.E-9      1.2       -6.2504E-9  1.2        54.       
 1.01E-9    1.2        6.2504E-9  1.2        104.      
 1.02E-9    1.2       -6.2503E-9  1.2        101.      
 1.03E-9    1.2        6.2503E-9  1.2        91.       
 1.04E-9    1.2       -6.2502E-9  1.2        62.       
 1.05E-9    1.2        6.2501E-9  1.2        93.       
 1.06E-9    1.2       -6.2501E-9  1.2        96.       
 1.07E-9    1.2        6.25E-9    1.2        96.       
 1.08E-9    1.2       -6.25E-9    1.2        75.       
 1.09E-9    1.2        6.2499E-9  1.2        94.       
 1.1E-9     1.2       -6.2499E-9  1.2        81.       
 1.11E-9    1.2        0.12       1.2005     26.       
 1.12E-9    1.2        0.24       1.2002     8.        
 1.13E-9    1.2        0.36       1.2001     4.        
 1.14E-9    1.2        0.48       1.2        5.        
 1.15E-9    1.2        0.6        1.1999     4.        
 1.16E-9    1.2        0.72       1.1999     5.        
 1.17E-9    1.2        0.84       1.1999     5.        
 1.18E-9    1.2        0.96       1.1999     5.        
 1.19E-9    1.2        1.08       1.1999     4.        
 1.2E-9     1.2        1.2        1.2        4.        
 1.21E-9    1.2        1.2        1.1998     16.       
 1.22E-9    1.2        1.2        1.2        5.        
 1.23E-9    1.2        1.2        1.2        5.        
 1.24E-9    1.2        1.2        1.2        4.        
 1.25E-9    1.2        1.2        1.2        4.        
 1.26E-9    1.2        1.2        1.2        4.        
 1.27E-9    1.2        1.2        1.2        4.        
 1.28E-9    1.2        1.2        1.2        4.        
 1.29E-9    1.2        1.2        1.2        4.        
 1.3E-9     1.2        1.2        1.2        5.        
 1.31E-9    1.2        1.2        1.2        10.       
 1.32E-9    1.2        1.2        1.2        6.        
 1.33E-9    1.2        1.2        1.2        6.        
 1.34E-9    1.2        1.2        1.2        30.       
 1.35E-9    1.2        1.2        1.2        30.       
 1.36E-9    1.2        1.2        1.2        41.       
 1.37E-9    1.2        1.2        1.2        43.       
 1.38E-9    1.2        1.2        1.2        5.        
 1.39E-9    1.2        1.2        1.2        4.        
 1.4E-9     1.2        1.2        1.2        33.       
 1.41E-9    1.2        1.2        1.2        64.       
 1.42E-9    1.2        1.2        1.2        10.       
 1.43E-9    1.2        1.2        1.2        53.       
 1.44E-9    1.2        1.2        1.2        5.        
 1.45E-9    1.2        1.2        1.2        31.       
 1.46E-9    1.2        1.2        1.2        47.       
 1.47E-9    1.2        1.2        1.2        60.       
 1.48E-9    1.2        1.2        1.2        10.       
 1.49E-9    1.2        1.2        1.2        4.        
 1.5E-9     1.2        1.2        1.2        30.       
 1.51E-9    1.2        1.2        1.2        30.       
 1.52E-9    1.2        1.2        1.2        5.        
 1.53E-9    1.2        1.2        1.2        38.       
 1.54E-9    1.2        1.2        1.2        90.       
 1.55E-9    1.2        1.2        1.2        5.        
 1.56E-9    1.2        1.2        1.2        5.        
 1.57E-9    1.2        1.2        1.2        10.       
 1.58E-9    1.2        1.2        1.2        4.        
 1.59E-9    1.2        1.2        1.2        29.       
 1.6E-9     1.2        1.2        1.2        41.       
 1.61E-9    1.2        1.2        1.2        44.       
 1.62E-9    1.2        1.2        1.2        4.        
 1.63E-9    1.2        1.2        1.2        50.       
 1.64E-9    1.2        1.2        1.2        10.       
 1.65E-9    1.2        1.2        1.2        29.       
 1.66E-9    1.2        1.2        1.2        44.       
 1.67E-9    1.2        1.2        1.2        47.       
 1.68E-9    1.2        1.2        1.2        44.       
 1.69E-9    1.2        1.2        1.2        68.       
 1.7E-9     1.2        1.2        1.2        10.       
 1.71E-9    1.2        1.2        1.2        49.       
 1.72E-9    1.2        1.2        1.2        47.       
 1.73E-9    1.2        1.2        1.2        70.       
 1.74E-9    1.2        1.2        1.2        86.       
 1.75E-9    1.2        1.2        1.2        47.       
 1.76E-9    1.2        1.2        1.2        34.       
 1.77E-9    1.2        1.2        1.2        5.        
 1.78E-9    1.2        1.2        1.2        51.       
 1.79E-9    1.2        1.2        1.2        88.       
 1.8E-9     1.2        1.2        1.2        58.       
 1.81E-9    1.2        1.2        1.2        82.       
 1.82E-9    1.2        1.2        1.2        45.       
 1.83E-9    1.2        1.2        1.2        5.        
 1.84E-9    1.2        1.2        1.2        50.       
 1.85E-9    1.2        1.2        1.2        83.       
 1.86E-9    1.2        1.2        1.2        4.        
 1.87E-9    1.2        1.2        1.2        53.       
 1.88E-9    1.2        1.2        1.2        77.       
 1.89E-9    1.2        1.2        1.2        48.       
 1.9E-9     1.2        1.2        1.2        48.       
 1.91E-9    1.2        1.2        1.2        4.        
 1.92E-9    1.2        1.2        1.2        10.       
 1.93E-9    1.2        1.2        1.2        5.        
 1.94E-9    1.2        1.2        1.2        90.       
 1.95E-9    1.2        1.2        1.2        36.       
 1.96E-9    1.2        1.2        1.2        46.       
 1.97E-9    1.2        1.2        1.2        5.        
 1.98E-9    1.2        1.2        1.2        45.       
 1.99E-9    1.2        1.2        1.2        54.       
 2.E-9      1.2        1.2        1.2        4.        
 2.01E-9    1.2        1.2        1.2        72.       
 2.02E-9    1.2        1.2        1.2        10.       
 2.03E-9    1.2        1.2        1.2        5.        
 2.04E-9    1.2        1.2        1.2        37.       
 2.05E-9    1.2        1.2        1.2        53.       
 2.06E-9    1.2        1.2        1.2        51.       
 2.07E-9    1.2        1.2        1.2        78.       
 2.08E-9    1.2        1.2        1.2        4.        
 2.09E-9    1.2        1.2        1.2        29.       
 2.1E-9     1.2        1.2        1.2        4.        
 2.11E-9    1.2        1.2        1.2        48.       
 2.12E-9    1.2        1.2        1.2        35.       
 2.13E-9    1.2        1.2        1.2        81.       
 2.14E-9    1.2        1.2        1.2        40.       
 2.15E-9    1.2        1.2        1.2        32.       
 2.16E-9    1.2        1.2        1.2        34.       
 2.17E-9    1.2        1.2        1.2        60.       
 2.18E-9    1.2        1.2        1.2        47.       
 2.19E-9    1.2        1.2        1.2        33.       
 2.2E-9     1.2        1.2        1.2        41.       
 2.21E-9    1.08       1.2        1.1993     24.       
 2.22E-9    0.96       1.2        1.1998     8.        
 2.23E-9    0.84       1.2        1.1999     5.        
 2.24E-9    0.72       1.2        1.2        5.        
 2.25E-9    0.6        1.2        1.2        5.        
 2.26E-9    0.48       1.2        1.2        5.        
 2.27E-9    0.36       1.2        1.2        5.        
 2.28E-9    0.24       1.2        1.2001     5.        
 2.29E-9    0.12       1.2        1.2001     5.        
 2.3E-9    -8.5642E-9  1.2        1.2        5.        
 2.31E-9    8.9693E-9  1.2        1.2011     21.       
 2.32E-9    8.9769E-9  1.2        1.2001     9.        
 2.33E-9   -9.8731E-9  1.2        1.1999     5.        
 2.34E-9    9.1564E-9  1.2        1.1999     5.        
 2.35E-9   -9.7199E-9  1.2        1.1999     5.        
 2.36E-9    9.2679E-9  1.2        1.1999     5.        
 2.37E-9   -9.6407E-9  1.2        1.2        4.        
 2.38E-9    9.3256E-9  1.2        1.2        4.        
 2.39E-9   -9.5977E-9  1.2        1.2        4.        
 2.4E-9     9.3588E-9  1.2        1.2        4.        
 2.41E-9   -9.5714E-9  1.2        1.2        4.        
 2.42E-9    9.3801E-9  1.2        1.2        4.        
 2.43E-9   -9.5539E-9  1.2        1.2        4.        
 2.44E-9    9.3947E-9  1.2        1.2        4.        
 2.45E-9   -9.5415E-9  1.2        1.2        4.        
 2.46E-9    9.4054E-9  1.2        1.2        4.        
 2.47E-9   -9.5322E-9  1.2        1.2        4.        
 2.48E-9    9.4136E-9  1.2        1.2        4.        
 2.49E-9   -9.525E-9   1.2        1.2        4.        
 2.5E-9     9.42E-9    1.2        1.2        4.        
 2.51E-9   -9.5193E-9  1.2        1.2        4.        
 2.52E-9    9.4251E-9  1.2        1.2        4.        
 2.53E-9   -9.5146E-9  1.2        1.2        4.        
 2.54E-9    9.4293E-9  1.2        1.2        4.        
 2.55E-9   -9.5108E-9  1.2        1.2        4.        
 2.56E-9    9.4328E-9  1.2        1.2        4.        
 2.57E-9   -9.5076E-9  1.2        1.2        4.        
 2.58E-9    9.4358E-9  1.2        1.2        4.        
 2.59E-9   -9.5048E-9  1.2        1.2        4.        
 2.6E-9     9.4383E-9  1.2        1.2        4.        
 2.61E-9   -9.5024E-9  1.2        1.2        4.        
 2.62E-9    9.4405E-9  1.2        1.2        4.        
 2.63E-9   -9.5003E-9  1.2        1.2        4.        
 2.64E-9    9.4425E-9  1.2        1.2        4.        
 2.65E-9   -9.4985E-9  1.2        1.2        4.        
 2.66E-9    9.4442E-9  1.2        1.2        4.        
 2.67E-9   -9.4969E-9  1.2        1.2        4.        
 2.68E-9    9.4457E-9  1.2        1.2        4.        
 2.69E-9   -9.4954E-9  1.2        1.2        4.        
 2.7E-9     9.447E-9   1.2        1.2        4.        
 2.71E-9   -9.4941E-9  1.2        1.2        4.        
 2.72E-9    9.4483E-9  1.2        1.2        4.        
 2.73E-9   -9.493E-9   1.2        1.2        4.        
 2.74E-9    9.4494E-9  1.2        1.2        4.        
 2.75E-9   -9.4919E-9  1.2        1.2        4.        
 2.76E-9    9.4503E-9  1.2        1.2        4.        
 2.77E-9   -9.491E-9   1.2        1.2        4.        
 2.78E-9    9.4513E-9  1.2        1.2        4.        
 2.79E-9   -9.4901E-9  1.2        1.2        4.        
 2.8E-9     9.4521E-9  1.2        1.2        4.        
 2.81E-9   -9.4893E-9  1.2        1.2        4.        
 2.82E-9    9.4528E-9  1.2        1.2        4.        
 2.83E-9   -9.4885E-9  1.2        1.2        5.        
 2.84E-9    9.4536E-9  1.2        1.2        4.        
 2.85E-9   -9.4878E-9  1.2        1.2        4.        
 2.86E-9    9.4542E-9  1.2        1.2        4.        
 2.87E-9   -9.4872E-9  1.2        1.2        4.        
 2.88E-9    9.4548E-9  1.2        1.2        4.        
 2.89E-9   -9.4866E-9  1.2        1.2        4.        
 2.9E-9     9.4554E-9  1.2        1.2        4.        
 2.91E-9   -9.486E-9   1.2        1.2        4.        
 2.92E-9    9.4559E-9  1.2        1.2        4.        
 2.93E-9   -9.4855E-9  1.2        1.2        4.        
 2.94E-9    9.4564E-9  1.2        1.2        4.        
 2.95E-9   -9.485E-9   1.2        1.2        4.        
 2.96E-9    9.4568E-9  1.2        1.2        4.        
 2.97E-9   -9.4846E-9  1.2        1.2        5.        
 2.98E-9    9.4573E-9  1.2        1.2        4.        
 2.99E-9   -9.4842E-9  1.2        1.2        4.        
 3.E-9      9.4577E-9  1.2        1.2        5.        
 3.01E-9   -9.4838E-9  1.2        1.2        4.        
 3.02E-9    9.458E-9   1.2        1.2        4.        
 3.03E-9   -9.4834E-9  1.2        1.2        4.        
 3.04E-9    9.4584E-9  1.2        1.2        4.        
 3.05E-9   -9.483E-9   1.2        1.2        4.        
 3.06E-9    9.4587E-9  1.2        1.2        4.        
 3.07E-9   -9.4827E-9  1.2        1.2        4.        
 3.08E-9    9.459E-9   1.2        1.2        4.        
 3.09E-9   -9.4824E-9  1.2        1.2        6.        
 3.1E-9     9.4593E-9  1.2        1.2        5.        
 3.11E-9   -9.482E-9   1.2        1.2        4.        
 3.12E-9    9.4596E-9  1.2        1.2        5.        
 3.13E-9   -9.4818E-9  1.2        1.2        4.        
 3.14E-9    9.4599E-9  1.2        1.2        4.        
 3.15E-9   -9.4815E-9  1.2        1.2        4.        
 3.16E-9    9.4602E-9  1.2        1.2        10.       
 3.17E-9   -9.4812E-9  1.2        1.2        4.        
 3.18E-9    9.4604E-9  1.2        1.2        4.        
 3.19E-9    9.4605E-9  1.2        1.2        29.       
 3.2E-9    -9.4808E-9  1.2        1.2        4.        
 3.21E-9   -8.8287E-9  1.08       1.1993     23.       
 3.22E-9    4.5667E-9  0.96       1.1997     4.        
 3.23E-9   -8.708E-9   0.84       1.1997     4.        
 3.24E-9    5.2173E-9  0.72       1.1996     4.        
 3.25E-9   -4.4635E-9  0.6        1.1994     5.        
 3.26E-9    15.803E-9  0.48       1.1991     5.        
 3.27E-9    8.9235E-9  0.36       1.2062     6.        
 3.28E-9    20.805E-9  0.24       1.234      5.        
 3.29E-9    23.786E-9  0.12       1.263      9.        
 3.3E-9     22.325E-9  42.698E-9  1.2599     9.        
 3.31E-9    10.486E-9  36.925E-9  1.0055     25.       
 3.32E-9    6.1683E-9  34.867E-9  0.49072    10.       
 3.33E-9    9.5564E-9  36.393E-9  0.096911   10.       
 3.34E-9    7.7347E-9  35.669E-9  0.023524   10.       
 3.35E-9    5.3008E-9  34.469E-9  0.0088062  10.       
 3.36E-9    4.2844E-9  33.965E-9  0.0032988  8.        
 3.37E-9   -3.4215E-9 -33.534E-9  0.001157   5.        
 3.38E-9    3.7269E-9  33.686E-9  407.33E-6  5.        
 3.39E-9   -3.6197E-9 -33.633E-9  141.93E-6  5.        
 3.4E-9     3.6573E-9  33.651E-9  50.012E-6  4.        
 3.41E-9   -3.6441E-9 -33.645E-9  17.343E-6  4.        
 3.42E-9    3.6487E-9  33.647E-9  6.2089E-6  4.        
 3.43E-9   -3.647E-9  -33.646E-9  2.0908E-6  4.        
 3.44E-9    3.6476E-9  33.646E-9  803.3E-9   4.        
 3.45E-9   -3.6474E-9 -33.646E-9  234.05E-9  4.        
 3.46E-9    3.6475E-9  33.646E-9  124.41E-9  5.        
 3.47E-9   -3.6474E-9 -33.646E-9  15.311E-9  5.        
 3.48E-9    3.6475E-9  33.646E-9  35.475E-9  8.        
 3.49E-9   -3.6475E-9 -33.646E-9 -2.4388E-9  14.       
 3.5E-9     3.6475E-9  33.646E-9  19.585E-9  13.       
 3.51E-9   -3.6475E-9 -33.646E-9 -3.6621E-9  6.        
 3.52E-9    3.6475E-9  33.646E-9  13.941E-9  7.        
 3.53E-9   -3.6475E-9 -33.646E-9 -1.9016E-9  6.        
 3.54E-9    3.6475E-9  33.646E-9  10.785E-9  11.       
 3.55E-9   -3.6475E-9 -33.646E-9  521.E-12   11.       
 3.56E-9    3.6475E-9  33.646E-9  10.025E-9  8.        
 3.57E-9   -3.6475E-9 -33.646E-9  1.345E-9   14.       
 3.58E-9   -3.6475E-9 -33.646E-9  1.3584E-9  38.       
 3.59E-9    3.6475E-9  33.646E-9  8.2058E-9  8.        
 3.6E-9    -3.6475E-9 -33.646E-9  2.3394E-9  11.       
 3.61E-9    3.6475E-9  33.646E-9  9.3284E-9  6.        
 3.62E-9   -3.6475E-9 -33.646E-9  2.3016E-9  8.        
 3.63E-9    3.6475E-9  33.646E-9  7.6719E-9  10.       
 3.64E-9   -3.6475E-9 -33.646E-9  1.4064E-9  5.        
 3.65E-9    3.6475E-9  33.646E-9  7.8403E-9  8.        
 3.66E-9   -3.6475E-9 -33.646E-9  2.1032E-9  7.        
 3.67E-9    3.6475E-9  33.646E-9  8.069E-9   8.        
 3.68E-9   -3.6475E-9 -33.646E-9  2.0869E-9  6.        
 3.69E-9    3.6475E-9  33.646E-9  7.6433E-9  6.        
 3.7E-9     3.6475E-9  33.646E-9  7.9661E-9  33.       
 3.71E-9   -3.6475E-9 -33.646E-9  1.8956E-9  6.        
 3.72E-9    3.6475E-9  33.646E-9  8.0287E-9  15.       
 3.73E-9   -3.6475E-9 -33.646E-9  2.5559E-9  6.        
 3.74E-9    3.6475E-9  33.646E-9  8.3462E-9  12.       
 3.75E-9   -3.6475E-9 -33.645E-9  2.3131E-9  5.        
 3.76E-9    3.6475E-9  33.645E-9  7.9971E-9  11.       
 3.77E-9   -3.6475E-9 -33.645E-9  2.408E-9   8.        
 3.78E-9    3.6475E-9  33.645E-9  8.5889E-9  7.        
 3.79E-9   -3.6475E-9 -33.645E-9  2.6022E-9  8.        
 3.8E-9     3.6475E-9  33.645E-9  8.1465E-9  7.        
 3.81E-9   -3.6476E-9 -33.645E-9  2.2801E-9  12.       
 3.82E-9    3.6476E-9  33.645E-9  8.065E-9   5.        
 3.83E-9   -3.6476E-9 -33.645E-9  1.7946E-9  7.        
 3.84E-9   -3.6476E-9 -33.645E-9  1.6399E-9  35.       
 3.85E-9    3.6476E-9  33.645E-9  8.2195E-9  10.       
 3.86E-9   -3.6476E-9 -33.645E-9  2.4971E-9  6.        
 3.87E-9    3.6476E-9  33.645E-9  8.2277E-9  6.        
 3.88E-9   -3.6476E-9 -33.645E-9  2.7415E-9  14.       
 3.89E-9    3.6476E-9  33.645E-9  7.9475E-9  13.       
 3.9E-9    -3.6476E-9 -33.645E-9  1.4216E-9  5.        
 3.91E-9    3.6476E-9  33.645E-9  7.1535E-9  7.        
 3.92E-9   -3.6476E-9 -33.645E-9  3.0808E-9  10.       
 3.93E-9    3.6476E-9  33.645E-9  9.1422E-9  5.        
 3.94E-9   -3.6476E-9 -33.645E-9  2.1827E-9  13.       
 3.95E-9    3.6476E-9  33.645E-9  7.9589E-9  5.        
 3.96E-9   -3.6476E-9 -33.645E-9  2.4533E-9  7.        
 3.97E-9    3.6476E-9  33.645E-9  8.1717E-9  6.        
 3.98E-9   -3.6476E-9 -33.645E-9  2.1943E-9  9.        
 3.99E-9    3.6476E-9  33.645E-9  8.1051E-9  6.        
 4.E-9     -3.6476E-9 -33.645E-9  2.2437E-9  7.        
Gnucap   System status
iterations: op=0, dc=0, tran=11020, fourier=0, total=11687
transient timesteps: accepted=663, rejected=281, total=944
nodes: user=4, subckt=2, model=94, total=100
dctran density=13.4%, ac density=13.4%
