Gnucap : The Gnu Circuit Analysis Package
Never trust any version less than 1.0
Copyright 1982-2013, Albert Davis
Gnucap comes with ABSOLUTELY NO WARRANTY
This is free software, and you are welcome
to redistribute it under the terms of 
the GNU General Public License, version 3 or later.
See the file "COPYING" for details.
main version: noinsensitive 2025.10.15
core-lib version: noinsensitive 2025.10.15
default plugins: noinsensitive 2025.10.15
param: already installed, replacing
stashing as param:0
parameters: already installed, replacing
stashing as parameters:0
parameter: already installed, replacing
stashing as parameter:0
logic: already installed, replacing
stashing as logic:0
spice: already installed, replacing
stashing as spice:0
acs: already installed, replacing
stashing as acs:0
;: already installed, replacing
stashing as ;:0
#: already installed, replacing
stashing as #:0
*: already installed, replacing
stashing as *:0
': already installed, replacing
stashing as ':0
": already installed, replacing
stashing as ":0
dev_comment: already installed, replacing
stashing as dev_comment:0
.model: already installed, replacing
stashing as .model:0
.subckt: already installed, replacing
stashing as .subckt:0
.macro: already installed, replacing
stashing as .macro:0
.lib: already installed, replacing
stashing as .lib:0
lib: already installed, replacing
stashing as lib:0
.include: already installed, replacing
stashing as .include:0
.merge: already installed, replacing
stashing as .merge:0
merge: already installed, replacing
stashing as merge:0
<: already installed, replacing
stashing as <:0
.get: already installed, replacing
stashing as .get:0
get: already installed, replacing
stashing as get:0
.build: already installed, replacing
stashing as .build:0
build: already installed, replacing
stashing as build:0
spice: already installed, replacing
stashing as spice:0
`spice: already installed, replacing
stashing as `spice:0
acs: already installed, replacing
stashing as acs:0
.endc: already installed, replacing
stashing as .endc:0
.control: already installed, replacing
stashing as .control:0
verilog: already installed, replacing
stashing as verilog:0
paramset: already installed, replacing
stashing as paramset:0
module: already installed, replacing
stashing as module:0
macromodule: already installed, replacing
stashing as macromodule:0
verilog: already installed, replacing
stashing as verilog:0
quit: already installed, replacing
stashing as quit:0
exit: already installed, replacing
stashing as exit:0
detach_all: already installed, replacing
stashing as detach_all:0
N1 #(.l(0.2u), .w(1.8u)) M1(.d(d), .g(g), .s(gnd), .b(gnd));
^ ? N1: no match
paramset NMOS bsim4va;
  parameter real l=0.09u;
   parameter real w=10.0u;
 .l=l; .w=w; .type=1; .level=14; .version=4.80; .binunit=1; .paramchk=1; .mobmod=0; .capmod=1; .igcmod=1; .igbmod=1; .geomod=1; .diomod=1; .rdsmod=0; .rbodymod=0; .rgatemod=1; .permod=1; .acnqsmod=0; .trnqsmod=0; .tempmod=0; .mtrlmod=1; .cvchargemod=0; .mtrlcompatmod=1; .gidlmod=0; .wpemod=0; .eot=1.8e-009; .vddeot=1.5; .ados=1.1; .bdos=1.0; .tnom=25; .toxe=1.8e-009; .toxp=10e-010; .toxm=1.8e-009; .dtox=8e-10; .epsrox=3.9; .wint=5e-009; .lint=1e-009; .ll=0; .wl=0; .lln=1; .wln=1; .lw=0; .ww=0; .lwn=1; .wwn=1; .lwl=0; .wwl=0; .xpart=1; .toxref=1.4e-009; .phig=4.05; .epsrgate=11.7; .saref=5e-6; .sbref=5e-6; .wlod=2e-6; .ku0=(- 4e-6); .kvsat=0.2; .kvth0=(- 2e-8); .tku0=0.0; .llodku0=1.1; .wlodku0=1.1; .llodvth=1.0; .wlodvth=1.0; .lku0=1e-6; .wku0=1e-6; .pku0=0.0; .lkvth0=1.1e-6; .wkvth0=1.1e-6; .pkvth0=0.0; .stk2=0.0; .lodk2=1.0; .steta0=0.0; .lodeta0=1.0; .lambda=4e-10; .vsat=1.1e+005; .vtl=2.0e5; .xn=6.0; .lc=5e-9; .rnoia=0.577; .rnoib=0.37; .tvoff=0.0; .tvfbsdoff=0.0; .vth0=0.25; .k1=0.35; .k2=0.05; .k3=0; .k3b=0; .w0=2.5e-006; .dvt0=1.8; .dvt1=0.52; .dvt2=(- 0.032); .dvt0w=0; .dvt1w=0; .dvt2w=0; .dsub=2; .minv=0.05; .voffl=0; .dvtp0=1e-007; .minvcv=2; .voffcvl=0; .dvtp1=0.05; .lpe0=5.75e-008; .lpeb=2.3e-010; .xj=2e-008; .ngate=5e+020; .ndep=2.8e+018; .nsd=1e+020; .phin=0; .cdsc=0.0002; .cdscb=0; .cdscd=0; .cit=0; .voff=(- 0.15); .nfactor=1.2; .eta0=0.05; .etab=0; .vfb=(- 0.55); .u0=0.032; .ua=5.0e-011; .ub=3.5e-018; .uc=(- 3e-011); .a0=2; .ags=1e-020; .a1=0; .a2=1; .b0=(- 1e-020); .b1=0; .keta=0.04; .dwg=0; .dwb=0; .pclm=0.08; .pdiblc1=0.028; .pdiblc2=0.022; .pdiblcb=(- 0.005); .drout=0.45; .pvag=1e-020; .delta=0.01; .pscbe1=8.14e+008; .pscbe2=5e-008; .fprout=0.2; .pdits=0.2; .pditsd=0.23; .pditsl=2.3e+006; .rsh=0; .rdsw=50; .rsw=50; .rdw=50; .rdswmin=0; .rdwmin=0; .rswmin=0; .prwg=0; .prwb=6.8e-011; .wr=1; .alpha0=0.074; .alpha1=0.005; .beta0=30; .agidl=0.0001; .bgidl=2.1e+009; .cgidl=0.0001; .egidl=0.8; .agisl=0.0002; .bgisl=2.1e+009; .cgisl=0.0002; .egisl=(- 0.28); .aigbacc=0.012; .bigbacc=0.0028; .cigbacc=0.002; .nigbacc=1; .aigbinv=0.014; .bigbinv=0.004; .cigbinv=0.004; .eigbinv=1.1; .nigbinv=3; .aigc=0.012; .bigc=0.0028; .cigc=0.002; .aigs=0.012; .bigs=0.0028; .cigs=0.002; .nigc=1; .poxedge=1; .pigcd=1; .ntox=1; .aigd=0.01; .bigd=0.003; .cigd=0.0015; .xrcrg1=12; .xrcrg2=5; .cgso=6.238e-010; .cgdo=6.238e-010; .cgbo=2.56e-011; .cgdl=2.495e-10; .cgsl=2.495e-10; .ckappas=0.03; .ckappad=0.03; .acde=1; .moin=15; .noff=0.9; .voffcv=(- 0.02); .kt1=(- 0.37); .kt1l=0.0; .kt2=(- 0.042); .ute=(- 1.5); .ua1=1e-009; .ub1=(- 3.5e-019); .uc1=0; .prt=0; .at=53000; .fnoimod=1; .tnoimod=0; .jss=0.0001; .jsws=1e-011; .jswgs=1e-010; .njs=1; .ijthsfwd=0.01; .ijthsrev=0.001; .bvs=10; .xjbvs=1; .jsd=0.0001; .jswd=1e-011; .jswgd=1e-010; .njd=1; .ijthdfwd=0.01; .ijthdrev=0.001; .bvd=10; .xjbvd=1; .pbs=1; .cjs=0.0005; .mjs=0.5; .pbsws=1; .cjsws=5e-010; .mjsws=0.33; .pbswgs=1; .cjswgs=3e-010; .mjswgs=0.33; .pbd=1; .cjd=0.0005; .mjd=0.5; .pbswd=1; .cjswd=5e-010; .mjswd=0.33; .pbswgd=1; .cjswgd=5e-010; .mjswgd=0.33; .tpb=0.005; .tcj=0.001; .tpbsw=0.005; .tcjsw=0.001; .tpbswg=0.005; .tcjswg=0.001; .xtis=3; .xtid=3; .dmcg=8e-006; .dmci=3e-006; .dmdg=2e-006; .dmcgt=1e-007; .dwj=0.0e-008; .xgw=0e-007; .xgl=0e-008; .rshg=0.4; .gbmin=1e-010; .rbpb=5; .rbpd=15; .rbps=15; .rbdb=15; .rbsb=15; .ngcon=1; .jtss=1e-4; .jtsd=1e-4; .jtssws=1e-10; .jtsswd=1e-10; .jtsswgs=1e-7; .jtsswgd=1e-7; .njts=20.0; .njtssw=15; .njtsswg=6; .vtss=10; .vtsd=10; .vtssws=10; .vtsswd=10; .njtsd=15.0; .njtsswd=20; .njtsswgd=6; .tnjts=0.1; .tnjtsd=0.05; .vtsswgs=2; .vtsswgd=2; .xtss=0.02; .xtsd=0.02; .xtssws=0.02; .xtsswd=0.02; .xtsswgs=0.02; .xtsswgd=0.02;
endparamset

paramset PMOS bsim4va;
  parameter real l=0.09u;
   parameter real w=10.0u;
 .l=l; .w=w; .type=(- 1); .level=14; .version=4.80; .binunit=1; .paramchk=1; .mobmod=0; .capmod=1; .igcmod=1; .igbmod=1; .geomod=1; .diomod=1; .rdsmod=0; .rbodymod=0; .rgatemod=1; .permod=1; .acnqsmod=0; .trnqsmod=0; .tempmod=0; .mtrlmod=1; .cvchargemod=0; .mtrlcompatmod=1; .gidlmod=0; .wpemod=0; .eot=1.8e-009; .vddeot=(- 1.5); .ados=1.1; .bdos=1.0; .tnom=27; .toxe=1.8e-009; .toxp=10e-010; .toxm=1.8e-009; .dtox=8e-10; .epsrox=3.9; .wint=5e-009; .lint=1e-009; .ll=0; .wl=0; .lln=1; .wln=1; .lw=0; .ww=0; .lwn=1; .wwn=1; .lwl=0; .wwl=0; .xpart=0; .toxref=1.8e-9; .phig=4.05; .epsrgate=11.7; .saref=5e-6; .sbref=5e-6; .wlod=2e-6; .ku0=4e-6; .kvsat=0.2; .kvth0=(- 2e-8); .tku0=0.0; .llodku0=1.1; .wlodku0=1.1; .llodvth=1.0; .wlodvth=1.0; .lku0=1e-6; .wku0=1e-6; .pku0=0.0; .lkvth0=1.1e-6; .wkvth0=1.1e-6; .pkvth0=0.0; .stk2=0.0; .lodk2=1.0; .steta0=0.0; .lodeta0=1.0; .lambda=4e-10; .vsat=1.1e+005; .vtl=2.0e5; .xn=6.0; .lc=5e-9; .rnoia=0.577; .rnoib=0.37; .tvoff=0.0; .tvfbsdoff=0.0; .vth0=(- 0.25); .k1=0.35; .k2=0.05; .k3=0; .k3b=0; .w0=2.5e-006; .dvt0=1.8; .dvt1=0.52; .dvt2=(- 0.032); .dvt0w=0; .dvt1w=0; .dvt2w=0; .dsub=2; .minv=0.05; .voffl=0; .dvtp0=1e-007; .minvcv=2; .voffcvl=0; .dvtp1=0.05; .lpe0=5.75e-008; .lpeb=2.3e-010; .xj=2e-008; .ngate=5e+020; .ndep=2.8e+018; .nsd=1e+020; .phin=0; .cdsc=0.0002; .cdscb=0; .cdscd=0; .cit=0; .voff=(- 0.15); .nfactor=1.2; .eta0=0.05; .etab=0; .vfb=0.55; .u0=0.0095; .ua=5.0e-011; .ub=3.5e-018; .uc=(- 3e-011); .a0=2; .ags=1e-020; .a1=0; .a2=1; .b0=(- 1e-020); .b1=0; .keta=0.04; .dwg=0; .dwb=0; .pclm=0.08; .pdiblc1=0.028; .pdiblc2=0.022; .pdiblcb=(- 0.005); .drout=0.45; .pvag=1e-020; .delta=0.01; .pscbe1=8.14e+008; .pscbe2=5e-008; .fprout=0.2; .pdits=0.2; .pditsd=0.23; .pditsl=2.3e+006; .rsh=0; .rdsw=50; .rsw=50; .rdw=50; .rdswmin=0; .rdwmin=0; .rswmin=0; .prwg=0; .prwb=6.8e-011; .wr=1; .alpha0=0.074; .alpha1=0.005; .beta0=30; .agidl=0.0002; .bgidl=2.1e+009; .cgidl=0.0002; .egidl=0.8; .agisl=0.0003; .bgisl=2.5e+009; .cgisl=0.0003; .egisl=(- 0.28); .aigbacc=0.012; .bigbacc=0.0028; .cigbacc=0.002; .nigbacc=1; .aigbinv=0.014; .bigbinv=0.004; .cigbinv=0.004; .eigbinv=1.1; .nigbinv=3; .aigc=0.012; .bigc=0.0028; .cigc=0.002; .aigs=0.012; .bigs=0.0028; .cigs=0.002; .nigc=1; .poxedge=1; .pigcd=1; .ntox=1; .aigd=0.01; .bigd=0.003; .cigd=0.0015; .xrcrg1=12; .xrcrg2=5; .cgso=6.238e-010; .cgdo=6.238e-010; .cgbo=2.56e-011; .cgdl=2.495e-10; .cgsl=2.495e-10; .ckappas=0.03; .ckappad=0.03; .acde=1; .moin=15; .noff=0.9; .voffcv=0.02; .kt1=(- 0.37); .kt1l=0.0; .kt2=(- 0.042); .ute=(- 1.5); .ua1=1e-009; .ub1=(- 3.5e-019); .uc1=0; .prt=0; .at=53000; .fnoimod=1; .tnoimod=0; .jss=0.0001; .jsws=1e-011; .jswgs=1e-010; .njs=1; .ijthsfwd=0.01; .ijthsrev=0.001; .bvs=10; .xjbvs=1; .jsd=0.0001; .jswd=1e-011; .jswgd=1e-010; .njd=1; .ijthdfwd=0.01; .ijthdrev=0.001; .bvd=10; .xjbvd=1; .pbs=1; .cjs=0.0005; .mjs=0.5; .pbsws=1; .cjsws=5e-010; .mjsws=0.33; .pbswgs=1; .cjswgs=3e-010; .mjswgs=0.33; .pbd=1; .cjd=0.0005; .mjd=0.5; .pbswd=1; .cjswd=5e-010; .mjswd=0.33; .pbswgd=1; .cjswgd=5e-010; .mjswgd=0.33; .tpb=0.005; .tcj=0.001; .tpbsw=0.005; .tcjsw=0.001; .tpbswg=0.005; .tcjswg=0.001; .xtis=3; .xtid=3; .dmcg=8e-006; .dmci=3e-006; .dmdg=2e-006; .dmcgt=1e-007; .dwj=0.0e-008; .xgw=0e-007; .xgl=0e-008; .rshg=0.4; .gbmin=1e-010; .rbpb=5; .rbpd=15; .rbps=15; .rbdb=15; .rbsb=15; .ngcon=1; .jtss=1e-4; .jtsd=1e-4; .jtssws=1e-10; .jtsswd=1e-10; .jtsswgs=1e-7; .jtsswgd=1e-7; .njts=20.0; .njtssw=15; .njtsswg=4; .vtss=10; .vtsd=10; .vtssws=10; .vtsswd=10; .njtsd=15.0; .njtsswd=20; .njtsswgd=6; .tnjts=0.1; .tnjtsd=0.05; .vtsswgs=2; .vtsswgd=2; .xtss=0.02; .xtsd=0.02; .xtssws=0.02; .xtsswd=0.02; .xtsswgs=0.02; .xtsswgd=0.02;
endparamset

parameter real L=0.09u; // MOSFET length 
parameter real WN=10.0u; // NMOS width 
parameter real WP=20.0u; // PMOS width 
parameter real VNOM=1.2; // Nominal supply (V) 
//TODO: workaround excessive iterations in op
ground gnd;
vsource #(.dc(1.8)) Vdd (.p(dd),.n(gnd));
vpulse #(.val0(0.0),.val1(1.5),.td(5n),.rise(2.5n),.fall(2.5n),.width(10n),.period(20n)) Vin (.p(g),.n(gnd));
resistor #(.r(1k)) Rload (.p(dd),.n(d));
#Time       v(g)       v(d)       iter(0)   
 0.         0.         1.8        3.        
 100.E-12   0.         1.8        5.        
 200.E-12   0.         1.8        3.        
 300.E-12   0.         1.8        3.        
 400.E-12   0.         1.8        3.        
 500.E-12   0.         1.8        3.        
 600.E-12   0.         1.8        3.        
 700.E-12   0.         1.8        3.        
 800.E-12   0.         1.8        3.        
 900.E-12   0.         1.8        3.        
 1.E-9      0.         1.8        3.        
 1.1E-9     0.         1.8        3.        
 1.2E-9     0.         1.8        3.        
 1.3E-9     0.         1.8        3.        
 1.4E-9     0.         1.8        3.        
 1.5E-9     0.         1.8        3.        
 1.6E-9     0.         1.8        3.        
 1.7E-9     0.         1.8        3.        
 1.8E-9     0.         1.8        3.        
 1.9E-9     0.         1.8        3.        
 2.E-9      0.         1.8        3.        
 2.1E-9     0.         1.8        3.        
 2.2E-9     0.         1.8        3.        
 2.3E-9     0.         1.8        3.        
 2.4E-9     0.         1.8        3.        
 2.5E-9     0.         1.8        3.        
 2.6E-9     0.         1.8        3.        
 2.7E-9     0.         1.8        3.        
 2.8E-9     0.         1.8        3.        
 2.9E-9     0.         1.8        3.        
 3.E-9      0.         1.8        3.        
 3.1E-9     0.         1.8        3.        
 3.2E-9     0.         1.8        3.        
 3.3E-9     0.         1.8        3.        
 3.4E-9     0.         1.8        3.        
 3.5E-9     0.         1.8        3.        
 3.6E-9     0.         1.8        3.        
 3.7E-9     0.         1.8        3.        
 3.8E-9     0.         1.8        3.        
 3.9E-9     0.         1.8        3.        
 4.E-9      0.         1.8        3.        
 4.1E-9     0.         1.8        3.        
 4.2E-9     0.         1.8        3.        
 4.3E-9     0.         1.8        3.        
 4.4E-9     0.         1.8        3.        
 4.5E-9     0.         1.8        3.        
 4.6E-9     0.         1.8        3.        
 4.7E-9     0.         1.8        3.        
 4.8E-9     0.         1.8        3.        
 4.9E-9     0.         1.8        3.        
 5.E-9      0.         1.8        3.        
 5.1E-9     0.06       1.8        3.        
 5.2E-9     0.12       1.8        3.        
 5.3E-9     0.18       1.8        3.        
 5.4E-9     0.24       1.8        3.        
 5.5E-9     0.3        1.8        3.        
 5.6E-9     0.36       1.8        3.        
 5.7E-9     0.42       1.8        3.        
 5.8E-9     0.48       1.8        3.        
 5.9E-9     0.54       1.8        3.        
 6.E-9      0.6        1.8        3.        
 6.1E-9     0.66       1.8        3.        
 6.2E-9     0.72       1.8        3.        
 6.3E-9     0.78       1.8        3.        
 6.4E-9     0.84       1.8        3.        
 6.5E-9     0.9        1.8        3.        
 6.6E-9     0.96       1.8        3.        
 6.7E-9     1.02       1.8        3.        
 6.8E-9     1.08       1.8        3.        
 6.9E-9     1.14       1.8        3.        
 7.E-9      1.2        1.8        3.        
 7.1E-9     1.26       1.8        3.        
 7.2E-9     1.32       1.8        3.        
 7.3E-9     1.38       1.8        3.        
 7.4E-9     1.44       1.8        3.        
 7.5E-9     1.5        1.8        3.        
 7.6E-9     1.5        1.8        5.        
 7.7E-9     1.5        1.8        3.        
 7.8E-9     1.5        1.8        3.        
 7.9E-9     1.5        1.8        3.        
 8.E-9      1.5        1.8        3.        
 8.1E-9     1.5        1.8        3.        
 8.2E-9     1.5        1.8        3.        
 8.3E-9     1.5        1.8        3.        
 8.4E-9     1.5        1.8        3.        
 8.5E-9     1.5        1.8        3.        
 8.6E-9     1.5        1.8        3.        
 8.7E-9     1.5        1.8        3.        
 8.8E-9     1.5        1.8        3.        
 8.9E-9     1.5        1.8        3.        
 9.E-9      1.5        1.8        3.        
 9.1E-9     1.5        1.8        3.        
 9.2E-9     1.5        1.8        3.        
 9.3E-9     1.5        1.8        3.        
 9.4E-9     1.5        1.8        3.        
 9.5E-9     1.5        1.8        3.        
 9.6E-9     1.5        1.8        3.        
 9.7E-9     1.5        1.8        3.        
 9.8E-9     1.5        1.8        3.        
 9.9E-9     1.5        1.8        3.        
 10.E-9     1.5        1.8        3.        
 10.1E-9    1.5        1.8        3.        
 10.2E-9    1.5        1.8        3.        
 10.3E-9    1.5        1.8        3.        
 10.4E-9    1.5        1.8        3.        
 10.5E-9    1.5        1.8        3.        
 10.6E-9    1.5        1.8        3.        
 10.7E-9    1.5        1.8        3.        
 10.8E-9    1.5        1.8        3.        
 10.9E-9    1.5        1.8        3.        
 11.E-9     1.5        1.8        3.        
 11.1E-9    1.5        1.8        3.        
 11.2E-9    1.5        1.8        3.        
 11.3E-9    1.5        1.8        3.        
 11.4E-9    1.5        1.8        3.        
 11.5E-9    1.5        1.8        3.        
 11.6E-9    1.5        1.8        3.        
 11.7E-9    1.5        1.8        3.        
 11.8E-9    1.5        1.8        3.        
 11.9E-9    1.5        1.8        3.        
 12.E-9     1.5        1.8        3.        
 12.1E-9    1.5        1.8        3.        
 12.2E-9    1.5        1.8        3.        
 12.3E-9    1.5        1.8        3.        
 12.4E-9    1.5        1.8        3.        
 12.5E-9    1.5        1.8        3.        
 12.6E-9    1.5        1.8        3.        
 12.7E-9    1.5        1.8        3.        
 12.8E-9    1.5        1.8        3.        
 12.9E-9    1.5        1.8        3.        
 13.E-9     1.5        1.8        3.        
 13.1E-9    1.5        1.8        3.        
 13.2E-9    1.5        1.8        3.        
 13.3E-9    1.5        1.8        3.        
 13.4E-9    1.5        1.8        3.        
 13.5E-9    1.5        1.8        3.        
 13.6E-9    1.5        1.8        3.        
 13.7E-9    1.5        1.8        3.        
 13.8E-9    1.5        1.8        3.        
 13.9E-9    1.5        1.8        3.        
 14.E-9     1.5        1.8        3.        
 14.1E-9    1.5        1.8        3.        
 14.2E-9    1.5        1.8        3.        
 14.3E-9    1.5        1.8        3.        
 14.4E-9    1.5        1.8        3.        
 14.5E-9    1.5        1.8        3.        
 14.6E-9    1.5        1.8        3.        
 14.7E-9    1.5        1.8        3.        
 14.8E-9    1.5        1.8        3.        
 14.9E-9    1.5        1.8        3.        
 15.E-9     1.5        1.8        3.        
 15.1E-9    1.5        1.8        3.        
 15.2E-9    1.5        1.8        3.        
 15.3E-9    1.5        1.8        3.        
 15.4E-9    1.5        1.8        3.        
 15.5E-9    1.5        1.8        3.        
 15.6E-9    1.5        1.8        3.        
 15.7E-9    1.5        1.8        3.        
 15.8E-9    1.5        1.8        3.        
 15.9E-9    1.5        1.8        3.        
 16.E-9     1.5        1.8        3.        
 16.1E-9    1.5        1.8        3.        
 16.2E-9    1.5        1.8        3.        
 16.3E-9    1.5        1.8        3.        
 16.4E-9    1.5        1.8        3.        
 16.5E-9    1.5        1.8        3.        
 16.6E-9    1.5        1.8        3.        
 16.7E-9    1.5        1.8        3.        
 16.8E-9    1.5        1.8        3.        
 16.9E-9    1.5        1.8        3.        
 17.E-9     1.5        1.8        3.        
 17.1E-9    1.5        1.8        3.        
 17.2E-9    1.5        1.8        3.        
 17.3E-9    1.5        1.8        3.        
 17.4E-9    1.5        1.8        3.        
 17.5E-9    1.5        1.8        3.        
 17.6E-9    1.44       1.8        3.        
 17.7E-9    1.38       1.8        3.        
 17.8E-9    1.32       1.8        3.        
 17.9E-9    1.26       1.8        3.        
 18.E-9     1.2        1.8        3.        
 18.1E-9    1.14       1.8        3.        
 18.2E-9    1.08       1.8        3.        
 18.3E-9    1.02       1.8        3.        
 18.4E-9    0.96       1.8        3.        
 18.5E-9    0.9        1.8        3.        
 18.6E-9    0.84       1.8        3.        
 18.7E-9    0.78       1.8        3.        
 18.8E-9    0.72       1.8        3.        
 18.9E-9    0.66       1.8        3.        
 19.E-9     0.6        1.8        3.        
 19.1E-9    0.54       1.8        3.        
 19.2E-9    0.48       1.8        3.        
 19.3E-9    0.42       1.8        3.        
 19.4E-9    0.36       1.8        3.        
 19.5E-9    0.3        1.8        3.        
 19.6E-9    0.24       1.8        3.        
 19.7E-9    0.18       1.8        3.        
 19.8E-9    0.12       1.8        3.        
 19.9E-9    0.06       1.8        3.        
 20.E-9    -1.E-15     1.8        3.        
 20.1E-9   -1.E-15     1.8        13.       
 20.2E-9   -1.E-15     1.8        3.        
 20.3E-9   -1.E-15     1.8        3.        
 20.4E-9   -1.E-15     1.8        3.        
 20.5E-9   -1.E-15     1.8        3.        
 20.6E-9   -1.E-15     1.8        3.        
 20.7E-9   -1.E-15     1.8        3.        
 20.8E-9   -1.E-15     1.8        3.        
 20.9E-9   -1.E-15     1.8        3.        
 21.E-9    -1.E-15     1.8        3.        
 21.1E-9   -1.E-15     1.8        3.        
 21.2E-9   -1.E-15     1.8        3.        
 21.3E-9   -1.E-15     1.8        3.        
 21.4E-9   -1.E-15     1.8        3.        
 21.5E-9   -1.E-15     1.8        3.        
 21.6E-9   -1.E-15     1.8        3.        
 21.7E-9   -1.E-15     1.8        3.        
 21.8E-9   -1.E-15     1.8        3.        
 21.9E-9   -1.E-15     1.8        3.        
 22.E-9    -1.E-15     1.8        3.        
 22.1E-9   -1.E-15     1.8        3.        
 22.2E-9   -1.E-15     1.8        3.        
 22.3E-9   -1.E-15     1.8        3.        
 22.4E-9   -1.E-15     1.8        3.        
 22.5E-9   -1.E-15     1.8        3.        
 22.6E-9   -1.E-15     1.8        3.        
 22.7E-9   -1.E-15     1.8        3.        
 22.8E-9   -1.E-15     1.8        3.        
 22.9E-9   -1.E-15     1.8        3.        
 23.E-9    -1.E-15     1.8        3.        
 23.1E-9   -1.E-15     1.8        3.        
 23.2E-9   -1.E-15     1.8        3.        
 23.3E-9   -1.E-15     1.8        3.        
 23.4E-9   -1.E-15     1.8        3.        
 23.5E-9   -1.E-15     1.8        3.        
 23.6E-9   -1.E-15     1.8        3.        
 23.7E-9   -1.E-15     1.8        3.        
 23.8E-9   -1.E-15     1.8        3.        
 23.9E-9   -1.E-15     1.8        3.        
 24.E-9    -1.E-15     1.8        3.        
 24.1E-9   -1.E-15     1.8        3.        
 24.2E-9   -1.E-15     1.8        3.        
 24.3E-9   -1.E-15     1.8        3.        
 24.4E-9   -1.E-15     1.8        3.        
 24.5E-9   -1.E-15     1.8        3.        
 24.6E-9   -1.E-15     1.8        3.        
 24.7E-9   -1.E-15     1.8        3.        
 24.8E-9   -1.E-15     1.8        3.        
 24.9E-9   -1.E-15     1.8        3.        
 25.E-9    -1.E-15     1.8        3.        
 25.1E-9    0.06       1.8        3.        
 25.2E-9    0.12       1.8        3.        
 25.3E-9    0.18       1.8        3.        
 25.4E-9    0.24       1.8        3.        
 25.5E-9    0.3        1.8        3.        
 25.6E-9    0.36       1.8        3.        
 25.7E-9    0.42       1.8        3.        
 25.8E-9    0.48       1.8        3.        
 25.9E-9    0.54       1.8        3.        
 26.E-9     0.6        1.8        3.        
 26.1E-9    0.66       1.8        3.        
 26.2E-9    0.72       1.8        3.        
 26.3E-9    0.78       1.8        3.        
 26.4E-9    0.84       1.8        3.        
 26.5E-9    0.9        1.8        3.        
 26.6E-9    0.96       1.8        3.        
 26.7E-9    1.02       1.8        3.        
 26.8E-9    1.08       1.8        3.        
 26.9E-9    1.14       1.8        3.        
 27.E-9     1.2        1.8        3.        
 27.1E-9    1.26       1.8        3.        
 27.2E-9    1.32       1.8        3.        
 27.3E-9    1.38       1.8        3.        
 27.4E-9    1.44       1.8        3.        
 27.5E-9    1.5        1.8        3.        
 27.6E-9    1.5        1.8        5.        
 27.7E-9    1.5        1.8        3.        
 27.8E-9    1.5        1.8        3.        
 27.9E-9    1.5        1.8        3.        
 28.E-9     1.5        1.8        3.        
 28.1E-9    1.5        1.8        3.        
 28.2E-9    1.5        1.8        3.        
 28.3E-9    1.5        1.8        3.        
 28.4E-9    1.5        1.8        3.        
 28.5E-9    1.5        1.8        3.        
 28.6E-9    1.5        1.8        3.        
 28.7E-9    1.5        1.8        3.        
 28.8E-9    1.5        1.8        3.        
 28.9E-9    1.5        1.8        3.        
 29.E-9     1.5        1.8        3.        
 29.1E-9    1.5        1.8        3.        
 29.2E-9    1.5        1.8        3.        
 29.3E-9    1.5        1.8        3.        
 29.4E-9    1.5        1.8        3.        
 29.5E-9    1.5        1.8        3.        
 29.6E-9    1.5        1.8        3.        
 29.7E-9    1.5        1.8        3.        
 29.8E-9    1.5        1.8        3.        
 29.9E-9    1.5        1.8        3.        
 30.E-9     1.5        1.8        3.        
 30.1E-9    1.5        1.8        3.        
 30.2E-9    1.5        1.8        3.        
 30.3E-9    1.5        1.8        3.        
 30.4E-9    1.5        1.8        3.        
 30.5E-9    1.5        1.8        3.        
 30.6E-9    1.5        1.8        3.        
 30.7E-9    1.5        1.8        3.        
 30.8E-9    1.5        1.8        3.        
 30.9E-9    1.5        1.8        3.        
 31.E-9     1.5        1.8        3.        
 31.1E-9    1.5        1.8        3.        
 31.2E-9    1.5        1.8        3.        
 31.3E-9    1.5        1.8        3.        
 31.4E-9    1.5        1.8        3.        
 31.5E-9    1.5        1.8        3.        
 31.6E-9    1.5        1.8        3.        
 31.7E-9    1.5        1.8        3.        
 31.8E-9    1.5        1.8        3.        
 31.9E-9    1.5        1.8        3.        
 32.E-9     1.5        1.8        3.        
 32.1E-9    1.5        1.8        3.        
 32.2E-9    1.5        1.8        3.        
 32.3E-9    1.5        1.8        3.        
 32.4E-9    1.5        1.8        3.        
 32.5E-9    1.5        1.8        3.        
 32.6E-9    1.5        1.8        3.        
 32.7E-9    1.5        1.8        3.        
 32.8E-9    1.5        1.8        3.        
 32.9E-9    1.5        1.8        3.        
 33.E-9     1.5        1.8        3.        
 33.1E-9    1.5        1.8        3.        
 33.2E-9    1.5        1.8        3.        
 33.3E-9    1.5        1.8        3.        
 33.4E-9    1.5        1.8        3.        
 33.5E-9    1.5        1.8        3.        
 33.6E-9    1.5        1.8        3.        
 33.7E-9    1.5        1.8        3.        
 33.8E-9    1.5        1.8        3.        
 33.9E-9    1.5        1.8        3.        
 34.E-9     1.5        1.8        3.        
 34.1E-9    1.5        1.8        3.        
 34.2E-9    1.5        1.8        3.        
 34.3E-9    1.5        1.8        3.        
 34.4E-9    1.5        1.8        3.        
 34.5E-9    1.5        1.8        3.        
 34.6E-9    1.5        1.8        3.        
 34.7E-9    1.5        1.8        3.        
 34.8E-9    1.5        1.8        3.        
 34.9E-9    1.5        1.8        3.        
 35.E-9     1.5        1.8        3.        
 35.1E-9    1.5        1.8        3.        
 35.2E-9    1.5        1.8        3.        
 35.3E-9    1.5        1.8        3.        
 35.4E-9    1.5        1.8        3.        
 35.5E-9    1.5        1.8        3.        
 35.6E-9    1.5        1.8        3.        
 35.7E-9    1.5        1.8        3.        
 35.8E-9    1.5        1.8        3.        
 35.9E-9    1.5        1.8        3.        
 36.E-9     1.5        1.8        3.        
 36.1E-9    1.5        1.8        3.        
 36.2E-9    1.5        1.8        3.        
 36.3E-9    1.5        1.8        3.        
 36.4E-9    1.5        1.8        3.        
 36.5E-9    1.5        1.8        3.        
 36.6E-9    1.5        1.8        3.        
 36.7E-9    1.5        1.8        3.        
 36.8E-9    1.5        1.8        3.        
 36.9E-9    1.5        1.8        3.        
 37.E-9     1.5        1.8        3.        
 37.1E-9    1.5        1.8        3.        
 37.2E-9    1.5        1.8        3.        
 37.3E-9    1.5        1.8        3.        
 37.4E-9    1.5        1.8        3.        
 37.5E-9    1.5        1.8        3.        
 37.6E-9    1.44       1.8        3.        
 37.7E-9    1.38       1.8        3.        
 37.8E-9    1.32       1.8        3.        
 37.9E-9    1.26       1.8        3.        
 38.E-9     1.2        1.8        3.        
 38.1E-9    1.14       1.8        3.        
 38.2E-9    1.08       1.8        3.        
 38.3E-9    1.02       1.8        3.        
 38.4E-9    0.96       1.8        3.        
 38.5E-9    0.9        1.8        3.        
 38.6E-9    0.84       1.8        3.        
 38.7E-9    0.78       1.8        3.        
 38.8E-9    0.72       1.8        3.        
 38.9E-9    0.66       1.8        3.        
 39.E-9     0.6        1.8        3.        
 39.1E-9    0.54       1.8        3.        
 39.2E-9    0.48       1.8        3.        
 39.3E-9    0.42       1.8        3.        
 39.4E-9    0.36       1.8        3.        
 39.5E-9    0.3        1.8        3.        
 39.6E-9    0.24       1.8        3.        
 39.7E-9    0.18       1.8        3.        
 39.8E-9    0.12       1.8        3.        
 39.9E-9    0.06       1.8        3.        
 40.E-9    -1.E-15     1.8        3.        
 40.1E-9   -1.E-15     1.8        11.       
 40.2E-9   -1.E-15     1.8        3.        
 40.3E-9   -1.E-15     1.8        3.        
 40.4E-9   -1.E-15     1.8        3.        
 40.5E-9   -1.E-15     1.8        3.        
 40.6E-9   -1.E-15     1.8        3.        
 40.7E-9   -1.E-15     1.8        3.        
 40.8E-9   -1.E-15     1.8        3.        
 40.9E-9   -1.E-15     1.8        3.        
 41.E-9    -1.E-15     1.8        3.        
 41.1E-9   -1.E-15     1.8        3.        
 41.2E-9   -1.E-15     1.8        3.        
 41.3E-9   -1.E-15     1.8        3.        
 41.4E-9   -1.E-15     1.8        3.        
 41.5E-9   -1.E-15     1.8        3.        
 41.6E-9   -1.E-15     1.8        3.        
 41.7E-9   -1.E-15     1.8        3.        
 41.8E-9   -1.E-15     1.8        3.        
 41.9E-9   -1.E-15     1.8        3.        
 42.E-9    -1.E-15     1.8        3.        
 42.1E-9   -1.E-15     1.8        3.        
 42.2E-9   -1.E-15     1.8        3.        
 42.3E-9   -1.E-15     1.8        3.        
 42.4E-9   -1.E-15     1.8        3.        
 42.5E-9   -1.E-15     1.8        3.        
 42.6E-9   -1.E-15     1.8        3.        
 42.7E-9   -1.E-15     1.8        3.        
 42.8E-9   -1.E-15     1.8        3.        
 42.9E-9   -1.E-15     1.8        3.        
 43.E-9    -1.E-15     1.8        3.        
 43.1E-9   -1.E-15     1.8        3.        
 43.2E-9   -1.E-15     1.8        3.        
 43.3E-9   -1.E-15     1.8        3.        
 43.4E-9   -1.E-15     1.8        3.        
 43.5E-9   -1.E-15     1.8        3.        
 43.6E-9   -1.E-15     1.8        3.        
 43.7E-9   -1.E-15     1.8        3.        
 43.8E-9   -1.E-15     1.8        3.        
 43.9E-9   -1.E-15     1.8        3.        
 44.E-9    -1.E-15     1.8        3.        
 44.1E-9   -1.E-15     1.8        3.        
 44.2E-9   -1.E-15     1.8        3.        
 44.3E-9   -1.E-15     1.8        3.        
 44.4E-9   -1.E-15     1.8        3.        
 44.5E-9   -1.E-15     1.8        3.        
 44.6E-9   -1.E-15     1.8        3.        
 44.7E-9   -1.E-15     1.8        3.        
 44.8E-9   -1.E-15     1.8        3.        
 44.9E-9   -1.E-15     1.8        3.        
 45.E-9    -1.E-15     1.8        3.        
 45.1E-9    0.06       1.8        3.        
 45.2E-9    0.12       1.8        3.        
 45.3E-9    0.18       1.8        3.        
 45.4E-9    0.24       1.8        3.        
 45.5E-9    0.3        1.8        3.        
 45.6E-9    0.36       1.8        3.        
 45.7E-9    0.42       1.8        3.        
 45.8E-9    0.48       1.8        3.        
 45.9E-9    0.54       1.8        3.        
 46.E-9     0.6        1.8        3.        
 46.1E-9    0.66       1.8        3.        
 46.2E-9    0.72       1.8        3.        
 46.3E-9    0.78       1.8        3.        
 46.4E-9    0.84       1.8        3.        
 46.5E-9    0.9        1.8        3.        
 46.6E-9    0.96       1.8        3.        
 46.7E-9    1.02       1.8        3.        
 46.8E-9    1.08       1.8        3.        
 46.9E-9    1.14       1.8        3.        
 47.E-9     1.2        1.8        3.        
 47.1E-9    1.26       1.8        3.        
 47.2E-9    1.32       1.8        3.        
 47.3E-9    1.38       1.8        3.        
 47.4E-9    1.44       1.8        3.        
 47.5E-9    1.5        1.8        3.        
 47.6E-9    1.5        1.8        5.        
 47.7E-9    1.5        1.8        3.        
 47.8E-9    1.5        1.8        3.        
 47.9E-9    1.5        1.8        3.        
 48.E-9     1.5        1.8        3.        
 48.1E-9    1.5        1.8        3.        
 48.2E-9    1.5        1.8        3.        
 48.3E-9    1.5        1.8        3.        
 48.4E-9    1.5        1.8        3.        
 48.5E-9    1.5        1.8        3.        
 48.6E-9    1.5        1.8        3.        
 48.7E-9    1.5        1.8        3.        
 48.8E-9    1.5        1.8        3.        
 48.9E-9    1.5        1.8        3.        
 49.E-9     1.5        1.8        3.        
 49.1E-9    1.5        1.8        3.        
 49.2E-9    1.5        1.8        3.        
 49.3E-9    1.5        1.8        3.        
 49.4E-9    1.5        1.8        3.        
 49.5E-9    1.5        1.8        3.        
 49.6E-9    1.5        1.8        3.        
 49.7E-9    1.5        1.8        3.        
 49.8E-9    1.5        1.8        3.        
 49.9E-9    1.5        1.8        3.        
 50.E-9     1.5        1.8        3.        
Gnucap   System status
iterations: op=0, dc=0, tran=1529, fourier=0, total=2043
transient timesteps: accepted=514, rejected=0, total=514
nodes: user=3, subckt=0, model=2, total=5
dctran density=44.0%, ac density=44.0%
