Gnucap : The Gnu Circuit Analysis Package
Never trust any version less than 1.0
Copyright 1982-2013, Albert Davis
Gnucap comes with ABSOLUTELY NO WARRANTY
This is free software, and you are welcome
to redistribute it under the terms of 
the GNU General Public License, version 3 or later.
See the file "COPYING" for details.
main version: noinsensitive 2025.10.15
core-lib version: noinsensitive 2025.10.15
default plugins: noinsensitive 2025.10.15
param: already installed, replacing
stashing as param:0
parameters: already installed, replacing
stashing as parameters:0
parameter: already installed, replacing
stashing as parameter:0
logic: already installed, replacing
stashing as logic:0
spice: already installed, replacing
stashing as spice:0
acs: already installed, replacing
stashing as acs:0
;: already installed, replacing
stashing as ;:0
#: already installed, replacing
stashing as #:0
*: already installed, replacing
stashing as *:0
': already installed, replacing
stashing as ':0
": already installed, replacing
stashing as ":0
dev_comment: already installed, replacing
stashing as dev_comment:0
.model: already installed, replacing
stashing as .model:0
.subckt: already installed, replacing
stashing as .subckt:0
.macro: already installed, replacing
stashing as .macro:0
.lib: already installed, replacing
stashing as .lib:0
lib: already installed, replacing
stashing as lib:0
.include: already installed, replacing
stashing as .include:0
.merge: already installed, replacing
stashing as .merge:0
merge: already installed, replacing
stashing as merge:0
<: already installed, replacing
stashing as <:0
.get: already installed, replacing
stashing as .get:0
get: already installed, replacing
stashing as get:0
.build: already installed, replacing
stashing as .build:0
build: already installed, replacing
stashing as build:0
spice: already installed, replacing
stashing as spice:0
`spice: already installed, replacing
stashing as `spice:0
acs: already installed, replacing
stashing as acs:0
.endc: already installed, replacing
stashing as .endc:0
.control: already installed, replacing
stashing as .control:0
verilog: already installed, replacing
stashing as verilog:0
paramset: already installed, replacing
stashing as paramset:0
module: already installed, replacing
stashing as module:0
macromodule: already installed, replacing
stashing as macromodule:0
verilog: already installed, replacing
stashing as verilog:0
quit: already installed, replacing
stashing as quit:0
exit: already installed, replacing
stashing as exit:0
detach_all: already installed, replacing
stashing as detach_all:0
paramset NMOS bsim4va;
  parameter real l=0.09u;
   parameter real w=10.0u;
 .l=l; .w=w; .type=1; .level=14; .version=4.80; .binunit=1; .paramchk=1; .mobmod=0; .capmod=1; .igcmod=1; .igbmod=1; .geomod=1; .diomod=1; .rdsmod=0; .rbodymod=0; .rgatemod=1; .permod=1; .acnqsmod=0; .trnqsmod=0; .tempmod=0; .mtrlmod=1; .cvchargemod=0; .mtrlcompatmod=1; .gidlmod=0; .wpemod=0; .eot=1.8e-009; .vddeot=1.5; .ados=1.1; .bdos=1.0; .tnom=25; .toxe=1.8e-009; .toxp=10e-010; .toxm=1.8e-009; .dtox=8e-10; .epsrox=3.9; .wint=5e-009; .lint=1e-009; .ll=0; .wl=0; .lln=1; .wln=1; .lw=0; .ww=0; .lwn=1; .wwn=1; .lwl=0; .wwl=0; .xpart=1; .toxref=1.4e-009; .phig=4.05; .epsrgate=11.7; .saref=5e-6; .sbref=5e-6; .wlod=2e-6; .ku0=(- 4e-6); .kvsat=0.2; .kvth0=(- 2e-8); .tku0=0.0; .llodku0=1.1; .wlodku0=1.1; .llodvth=1.0; .wlodvth=1.0; .lku0=1e-6; .wku0=1e-6; .pku0=0.0; .lkvth0=1.1e-6; .wkvth0=1.1e-6; .pkvth0=0.0; .stk2=0.0; .lodk2=1.0; .steta0=0.0; .lodeta0=1.0; .lambda=4e-10; .vsat=1.1e+005; .vtl=2.0e5; .xn=6.0; .lc=5e-9; .rnoia=0.577; .rnoib=0.37; .tvoff=0.0; .tvfbsdoff=0.0; .vth0=0.25; .k1=0.35; .k2=0.05; .k3=0; .k3b=0; .w0=2.5e-006; .dvt0=1.8; .dvt1=0.52; .dvt2=(- 0.032); .dvt0w=0; .dvt1w=0; .dvt2w=0; .dsub=2; .minv=0.05; .voffl=0; .dvtp0=1e-007; .minvcv=2; .voffcvl=0; .dvtp1=0.05; .lpe0=5.75e-008; .lpeb=2.3e-010; .xj=2e-008; .ngate=5e+020; .ndep=2.8e+018; .nsd=1e+020; .phin=0; .cdsc=0.0002; .cdscb=0; .cdscd=0; .cit=0; .voff=(- 0.15); .nfactor=1.2; .eta0=0.05; .etab=0; .vfb=(- 0.55); .u0=0.032; .ua=5.0e-011; .ub=3.5e-018; .uc=(- 3e-011); .a0=2; .ags=1e-020; .a1=0; .a2=1; .b0=(- 1e-020); .b1=0; .keta=0.04; .dwg=0; .dwb=0; .pclm=0.08; .pdiblc1=0.028; .pdiblc2=0.022; .pdiblcb=(- 0.005); .drout=0.45; .pvag=1e-020; .delta=0.01; .pscbe1=8.14e+008; .pscbe2=5e-008; .fprout=0.2; .pdits=0.2; .pditsd=0.23; .pditsl=2.3e+006; .rsh=0; .rdsw=50; .rsw=50; .rdw=50; .rdswmin=0; .rdwmin=0; .rswmin=0; .prwg=0; .prwb=6.8e-011; .wr=1; .alpha0=0.074; .alpha1=0.005; .beta0=30; .agidl=0.0001; .bgidl=2.1e+009; .cgidl=0.0001; .egidl=0.8; .agisl=0.0002; .bgisl=2.1e+009; .cgisl=0.0002; .egisl=(- 0.28); .aigbacc=0.012; .bigbacc=0.0028; .cigbacc=0.002; .nigbacc=1; .aigbinv=0.014; .bigbinv=0.004; .cigbinv=0.004; .eigbinv=1.1; .nigbinv=3; .aigc=0.012; .bigc=0.0028; .cigc=0.002; .aigs=0.012; .bigs=0.0028; .cigs=0.002; .nigc=1; .poxedge=1; .pigcd=1; .ntox=1; .aigd=0.01; .bigd=0.003; .cigd=0.0015; .xrcrg1=12; .xrcrg2=5; .cgso=6.238e-010; .cgdo=6.238e-010; .cgbo=2.56e-011; .cgdl=2.495e-10; .cgsl=2.495e-10; .ckappas=0.03; .ckappad=0.03; .acde=1; .moin=15; .noff=0.9; .voffcv=(- 0.02); .kt1=(- 0.37); .kt1l=0.0; .kt2=(- 0.042); .ute=(- 1.5); .ua1=1e-009; .ub1=(- 3.5e-019); .uc1=0; .prt=0; .at=53000; .fnoimod=1; .tnoimod=0; .jss=0.0001; .jsws=1e-011; .jswgs=1e-010; .njs=1; .ijthsfwd=0.01; .ijthsrev=0.001; .bvs=10; .xjbvs=1; .jsd=0.0001; .jswd=1e-011; .jswgd=1e-010; .njd=1; .ijthdfwd=0.01; .ijthdrev=0.001; .bvd=10; .xjbvd=1; .pbs=1; .cjs=0.0005; .mjs=0.5; .pbsws=1; .cjsws=5e-010; .mjsws=0.33; .pbswgs=1; .cjswgs=3e-010; .mjswgs=0.33; .pbd=1; .cjd=0.0005; .mjd=0.5; .pbswd=1; .cjswd=5e-010; .mjswd=0.33; .pbswgd=1; .cjswgd=5e-010; .mjswgd=0.33; .tpb=0.005; .tcj=0.001; .tpbsw=0.005; .tcjsw=0.001; .tpbswg=0.005; .tcjswg=0.001; .xtis=3; .xtid=3; .dmcg=8e-006; .dmci=3e-006; .dmdg=2e-006; .dmcgt=1e-007; .dwj=0.0e-008; .xgw=0e-007; .xgl=0e-008; .rshg=0.4; .gbmin=1e-010; .rbpb=5; .rbpd=15; .rbps=15; .rbdb=15; .rbsb=15; .ngcon=1; .jtss=1e-4; .jtsd=1e-4; .jtssws=1e-10; .jtsswd=1e-10; .jtsswgs=1e-7; .jtsswgd=1e-7; .njts=20.0; .njtssw=15; .njtsswg=6; .vtss=10; .vtsd=10; .vtssws=10; .vtsswd=10; .njtsd=15.0; .njtsswd=20; .njtsswgd=6; .tnjts=0.1; .tnjtsd=0.05; .vtsswgs=2; .vtsswgd=2; .xtss=0.02; .xtsd=0.02; .xtssws=0.02; .xtsswd=0.02; .xtsswgs=0.02; .xtsswgd=0.02;
endparamset

paramset PMOS bsim4va;
  parameter real l=0.09u;
   parameter real w=10.0u;
 .l=l; .w=w; .type=(- 1); .level=14; .version=4.80; .binunit=1; .paramchk=1; .mobmod=0; .capmod=1; .igcmod=1; .igbmod=1; .geomod=1; .diomod=1; .rdsmod=0; .rbodymod=0; .rgatemod=1; .permod=1; .acnqsmod=0; .trnqsmod=0; .tempmod=0; .mtrlmod=1; .cvchargemod=0; .mtrlcompatmod=1; .gidlmod=0; .wpemod=0; .eot=1.8e-009; .vddeot=(- 1.5); .ados=1.1; .bdos=1.0; .tnom=27; .toxe=1.8e-009; .toxp=10e-010; .toxm=1.8e-009; .dtox=8e-10; .epsrox=3.9; .wint=5e-009; .lint=1e-009; .ll=0; .wl=0; .lln=1; .wln=1; .lw=0; .ww=0; .lwn=1; .wwn=1; .lwl=0; .wwl=0; .xpart=0; .toxref=1.8e-9; .phig=4.05; .epsrgate=11.7; .saref=5e-6; .sbref=5e-6; .wlod=2e-6; .ku0=4e-6; .kvsat=0.2; .kvth0=(- 2e-8); .tku0=0.0; .llodku0=1.1; .wlodku0=1.1; .llodvth=1.0; .wlodvth=1.0; .lku0=1e-6; .wku0=1e-6; .pku0=0.0; .lkvth0=1.1e-6; .wkvth0=1.1e-6; .pkvth0=0.0; .stk2=0.0; .lodk2=1.0; .steta0=0.0; .lodeta0=1.0; .lambda=4e-10; .vsat=1.1e+005; .vtl=2.0e5; .xn=6.0; .lc=5e-9; .rnoia=0.577; .rnoib=0.37; .tvoff=0.0; .tvfbsdoff=0.0; .vth0=(- 0.25); .k1=0.35; .k2=0.05; .k3=0; .k3b=0; .w0=2.5e-006; .dvt0=1.8; .dvt1=0.52; .dvt2=(- 0.032); .dvt0w=0; .dvt1w=0; .dvt2w=0; .dsub=2; .minv=0.05; .voffl=0; .dvtp0=1e-007; .minvcv=2; .voffcvl=0; .dvtp1=0.05; .lpe0=5.75e-008; .lpeb=2.3e-010; .xj=2e-008; .ngate=5e+020; .ndep=2.8e+018; .nsd=1e+020; .phin=0; .cdsc=0.0002; .cdscb=0; .cdscd=0; .cit=0; .voff=(- 0.15); .nfactor=1.2; .eta0=0.05; .etab=0; .vfb=0.55; .u0=0.0095; .ua=5.0e-011; .ub=3.5e-018; .uc=(- 3e-011); .a0=2; .ags=1e-020; .a1=0; .a2=1; .b0=(- 1e-020); .b1=0; .keta=0.04; .dwg=0; .dwb=0; .pclm=0.08; .pdiblc1=0.028; .pdiblc2=0.022; .pdiblcb=(- 0.005); .drout=0.45; .pvag=1e-020; .delta=0.01; .pscbe1=8.14e+008; .pscbe2=5e-008; .fprout=0.2; .pdits=0.2; .pditsd=0.23; .pditsl=2.3e+006; .rsh=0; .rdsw=50; .rsw=50; .rdw=50; .rdswmin=0; .rdwmin=0; .rswmin=0; .prwg=0; .prwb=6.8e-011; .wr=1; .alpha0=0.074; .alpha1=0.005; .beta0=30; .agidl=0.0002; .bgidl=2.1e+009; .cgidl=0.0002; .egidl=0.8; .agisl=0.0003; .bgisl=2.5e+009; .cgisl=0.0003; .egisl=(- 0.28); .aigbacc=0.012; .bigbacc=0.0028; .cigbacc=0.002; .nigbacc=1; .aigbinv=0.014; .bigbinv=0.004; .cigbinv=0.004; .eigbinv=1.1; .nigbinv=3; .aigc=0.012; .bigc=0.0028; .cigc=0.002; .aigs=0.012; .bigs=0.0028; .cigs=0.002; .nigc=1; .poxedge=1; .pigcd=1; .ntox=1; .aigd=0.01; .bigd=0.003; .cigd=0.0015; .xrcrg1=12; .xrcrg2=5; .cgso=6.238e-010; .cgdo=6.238e-010; .cgbo=2.56e-011; .cgdl=2.495e-10; .cgsl=2.495e-10; .ckappas=0.03; .ckappad=0.03; .acde=1; .moin=15; .noff=0.9; .voffcv=0.02; .kt1=(- 0.37); .kt1l=0.0; .kt2=(- 0.042); .ute=(- 1.5); .ua1=1e-009; .ub1=(- 3.5e-019); .uc1=0; .prt=0; .at=53000; .fnoimod=1; .tnoimod=0; .jss=0.0001; .jsws=1e-011; .jswgs=1e-010; .njs=1; .ijthsfwd=0.01; .ijthsrev=0.001; .bvs=10; .xjbvs=1; .jsd=0.0001; .jswd=1e-011; .jswgd=1e-010; .njd=1; .ijthdfwd=0.01; .ijthdrev=0.001; .bvd=10; .xjbvd=1; .pbs=1; .cjs=0.0005; .mjs=0.5; .pbsws=1; .cjsws=5e-010; .mjsws=0.33; .pbswgs=1; .cjswgs=3e-010; .mjswgs=0.33; .pbd=1; .cjd=0.0005; .mjd=0.5; .pbswd=1; .cjswd=5e-010; .mjswd=0.33; .pbswgd=1; .cjswgd=5e-010; .mjswgd=0.33; .tpb=0.005; .tcj=0.001; .tpbsw=0.005; .tcjsw=0.001; .tpbswg=0.005; .tcjswg=0.001; .xtis=3; .xtid=3; .dmcg=8e-006; .dmci=3e-006; .dmdg=2e-006; .dmcgt=1e-007; .dwj=0.0e-008; .xgw=0e-007; .xgl=0e-008; .rshg=0.4; .gbmin=1e-010; .rbpb=5; .rbpd=15; .rbps=15; .rbdb=15; .rbsb=15; .ngcon=1; .jtss=1e-4; .jtsd=1e-4; .jtssws=1e-10; .jtsswd=1e-10; .jtsswgs=1e-7; .jtsswgd=1e-7; .njts=20.0; .njtssw=15; .njtsswg=4; .vtss=10; .vtsd=10; .vtssws=10; .vtsswd=10; .njtsd=15.0; .njtsswd=20; .njtsswgd=6; .tnjts=0.1; .tnjtsd=0.05; .vtsswgs=2; .vtsswgd=2; .xtss=0.02; .xtsd=0.02; .xtssws=0.02; .xtsswd=0.02; .xtsswgs=0.02; .xtsswgd=0.02;
endparamset

parameter real L=0.09u; // MOSFET length 
parameter real WN=10.0u; // NMOS width 
parameter real WP=20.0u; // PMOS width 
parameter real VNOM=1.2; // Nominal supply (V) 
// CMOS NOR2 Gate
module NOR2 (.in1(in1),.in2(in2),.out(out),.vdd(vdd),.gnd(gnd));
      parameter real WN=10u;
      parameter real WP=20u;
      parameter real L=0.09u;
      input in1, in2;
      output out;
      electrical in1, in2, out, vdd, gnd;
  PMOS #(.w(WP),.l(L)) MP1 (.d(t1),.g(in1),.s(out),.b(vdd));
  PMOS #(.w(WP),.l(L)) MP2 (.d(vdd),.g(in2),.s(t1),.b(vdd));
  NMOS #(.w(WN),.l(L)) MN1 (.d(gnd),.g(in1),.s(out),.b(gnd));
  NMOS #(.w(WN),.l(L)) MN2 (.d(gnd),.g(in2),.s(out),.b(gnd));
endmodule // NOR2

//TODO: workaround for op convergencen issues
//vmin/vmax are clamped to stabilize initial DC solution
ground gnd;
NOR2 #(.WN(WN),.WP(WP),.L(L)) XNOR2 (in1, in2, out, vdd, gnd);
capacitor #(.c(10f)) Cload (.p(out),.n(gnd));
vsource #(.dc(VNOM)) Vdd (.p(vdd),.n(gnd));
vpulse #(.val0(0.0),.val1(VNOM),.td(0.1n),.rise(0.1n),.fall(0.1n),.width(2.0n),.period(4.0n)) Vin1 (.p(in1),.n(gnd));
vpulse #(.val0(0.0),.val1(VNOM),.td(1.1n),.rise(0.1n),.fall(0.1n),.width(2.0n),.period(4.0n)) Vin2 (.p(in2),.n(gnd));
#Time       v(in1)     v(in2)     v(out)     iter(0)   
 0.         75.85E-12  94.48E-12  1.1417     11.       
 10.E-12    75.84E-12  94.48E-12  1.1417     5.        
 20.E-12    75.85E-12  94.48E-12  1.1417     3.        
 30.E-12    75.84E-12  94.48E-12  1.1417     3.        
 40.E-12    75.85E-12  94.48E-12  1.1417     3.        
 50.E-12    75.84E-12  94.48E-12  1.1417     3.        
 60.E-12    75.85E-12  94.48E-12  1.1417     3.        
 70.E-12    75.84E-12  94.48E-12  1.1417     3.        
 80.E-12    75.85E-12  94.48E-12  1.1417     3.        
 90.E-12    75.85E-12  94.48E-12  1.1417     3.        
 100.E-12   75.85E-12  94.48E-12  1.1417     3.        
 110.E-12   0.12       643.5E-12  1.1566     29.       
 120.E-12   0.24       577.8E-12  1.1732     8.        
 130.E-12   0.36       500.5E-12  1.1865     4.        
 140.E-12   0.48       386.7E-12  1.1923     5.        
 150.E-12   0.6        71.15E-12  1.182      5.        
 160.E-12   0.72      -265.1E-12  1.1449     5.        
 170.E-12   0.84      -576.3E-12  1.0697     5.        
 180.E-12   0.96      -919.3E-12  0.95375    4.        
 190.E-12   1.08      -1.2247E-9  0.80057    4.        
 200.E-12   1.2       -1.4257E-9  0.61687    4.        
 210.E-12   1.2       -1.6014E-9  0.41954    17.       
 220.E-12   1.2       -1.1591E-9  0.25953    9.        
 230.E-12   1.2       -724.1E-12  0.15114    9.        
 240.E-12   1.2       -396.E-12   0.084247   5.        
 250.E-12   1.2       -195.3E-12  0.045653   5.        
 260.E-12   1.2       -61.83E-12  0.024314   5.        
 270.E-12   1.2        3.535E-12  0.01283    5.        
 280.E-12   1.2        48.96E-12  0.0067366  5.        
 290.E-12   1.2        65.9E-12   0.0035339  4.        
 300.E-12   1.2        81.98E-12  0.0018545  4.        
 310.E-12   1.2        84.81E-12  978.78E-6  4.        
 320.E-12   1.2        91.53E-12  520.48E-6  4.        
 330.E-12   1.2        90.71E-12  282.53E-6  4.        
 340.E-12   1.2        94.2E-12   157.61E-6  4.        
 350.E-12   1.2        92.69E-12  93.184E-6  4.        
 360.E-12   1.2        94.88E-12  59.047E-6  4.        
 370.E-12   1.2        93.45E-12  41.698E-6  5.        
 380.E-12   1.2        94.97E-12  32.302E-6  4.        
 390.E-12   1.2        93.82E-12  27.685E-6  4.        
 400.E-12   1.2        94.92E-12  25.055E-6  4.        
 410.E-12   1.2        93.99E-12  23.86E-6   4.        
 420.E-12   1.2        94.84E-12  23.098E-6  4.        
 430.E-12   1.2        94.11E-12  22.81E-6   4.        
 440.E-12   1.2        94.76E-12  22.575E-6  4.        
 450.E-12   1.2        94.2E-12   22.518E-6  4.        
 460.E-12   1.2        94.69E-12  22.438E-6  4.        
 470.E-12   1.2        94.26E-12  22.434E-6  4.        
 480.E-12   1.2        94.64E-12  22.404E-6  4.        
 490.E-12   1.2        94.31E-12  22.409E-6  4.        
 500.E-12   1.2        94.6E-12   22.396E-6  4.        
 510.E-12   1.2        94.34E-12  22.401E-6  3.        
 520.E-12   1.2        94.57E-12  22.396E-6  3.        
 530.E-12   1.2        94.37E-12  22.398E-6  3.        
 540.E-12   1.2        94.55E-12  22.396E-6  3.        
 550.E-12   1.2        94.39E-12  22.396E-6  3.        
 560.E-12   1.2        94.53E-12  22.396E-6  3.        
 570.E-12   1.2        94.41E-12  22.396E-6  3.        
 580.E-12   1.2        94.52E-12  22.397E-6  3.        
 590.E-12   1.2        94.42E-12  22.395E-6  3.        
 600.E-12   1.2        94.5E-12   22.397E-6  3.        
 610.E-12   1.2        94.43E-12  22.395E-6  3.        
 620.E-12   1.2        94.5E-12   22.397E-6  3.        
 630.E-12   1.2        94.44E-12  22.395E-6  3.        
 640.E-12   1.2        94.49E-12  22.397E-6  3.        
 650.E-12   1.2        94.44E-12  22.395E-6  3.        
 660.E-12   1.2        94.48E-12  22.397E-6  3.        
 670.E-12   1.2        94.45E-12  22.395E-6  3.        
 680.E-12   1.2        94.48E-12  22.397E-6  3.        
 690.E-12   1.2        94.45E-12  22.395E-6  3.        
 700.E-12   1.2        94.48E-12  22.397E-6  3.        
 710.E-12   1.2        94.45E-12  22.396E-6  3.        
 720.E-12   1.2        94.47E-12  22.397E-6  3.        
 730.E-12   1.2        94.46E-12  22.396E-6  3.        
 740.E-12   1.2        94.47E-12  22.396E-6  3.        
 750.E-12   1.2        94.46E-12  22.396E-6  3.        
 760.E-12   1.2        94.47E-12  22.396E-6  3.        
 770.E-12   1.2        94.46E-12  22.396E-6  3.        
 780.E-12   1.2        94.47E-12  22.396E-6  3.        
 790.E-12   1.2        94.46E-12  22.396E-6  3.        
 800.E-12   1.2        94.47E-12  22.396E-6  3.        
 810.E-12   1.2        94.46E-12  22.396E-6  3.        
 820.E-12   1.2        94.47E-12  22.396E-6  3.        
 830.E-12   1.2        94.46E-12  22.396E-6  3.        
 840.E-12   1.2        94.47E-12  22.396E-6  3.        
 850.E-12   1.2        94.46E-12  22.396E-6  3.        
 860.E-12   1.2        94.47E-12  22.396E-6  3.        
 870.E-12   1.2        94.46E-12  22.396E-6  3.        
 880.E-12   1.2        94.47E-12  22.396E-6  3.        
 890.E-12   1.2        94.46E-12  22.396E-6  3.        
 900.E-12   1.2        94.47E-12  22.396E-6  3.        
 910.E-12   1.2        94.46E-12  22.396E-6  3.        
 920.E-12   1.2        94.47E-12  22.396E-6  3.        
 930.E-12   1.2        94.46E-12  22.396E-6  3.        
 940.E-12   1.2        94.47E-12  22.396E-6  3.        
 950.E-12   1.2        94.46E-12  22.396E-6  3.        
 960.E-12   1.2        94.47E-12  22.396E-6  3.        
 970.E-12   1.2        94.46E-12  22.396E-6  3.        
 980.E-12   1.2        94.47E-12  22.396E-6  3.        
 990.E-12   1.2        94.46E-12  22.396E-6  3.        
 1.E-9      1.2        94.47E-12  22.396E-6  3.        
 1.01E-9    1.2        94.46E-12  22.396E-6  3.        
 1.02E-9    1.2        94.47E-12  22.396E-6  3.        
 1.03E-9    1.2        94.46E-12  22.396E-6  3.        
 1.04E-9    1.2        94.47E-12  22.396E-6  3.        
 1.05E-9    1.2        94.46E-12  22.396E-6  3.        
 1.06E-9    1.2        94.47E-12  22.396E-6  3.        
 1.07E-9    1.2        94.46E-12  22.396E-6  3.        
 1.08E-9    1.2        94.47E-12  22.396E-6  3.        
 1.09E-9    1.2        94.46E-12  22.396E-6  3.        
 1.1E-9     1.2        94.46E-12  22.396E-6  3.        
 1.11E-9    1.2        0.12       0.0025718  30.       
 1.12E-9    1.2        0.24       0.004053   8.        
 1.13E-9    1.2        0.36       0.0051085  4.        
 1.14E-9    1.2        0.48       0.0066807  4.        
 1.15E-9    1.2        0.6        0.0075029  4.        
 1.16E-9    1.2        0.72       0.0072639  4.        
 1.17E-9    1.2        0.84       0.006787   4.        
 1.18E-9    1.2        0.96       0.0062556  4.        
 1.19E-9    1.2        1.08       0.005905   4.        
 1.2E-9     1.2        1.2        0.0056259  4.        
 1.21E-9    1.2        1.2        0.0019068  16.       
 1.22E-9    1.2        1.2        601.67E-6  8.        
 1.23E-9    1.2        1.2        184.83E-6  5.        
 1.24E-9    1.2        1.2        70.027E-6  5.        
 1.25E-9    1.2        1.2        38.217E-6  5.        
 1.26E-9    1.2        1.2        30.239E-6  4.        
 1.27E-9    1.2        1.2        27.269E-6  4.        
 1.28E-9    1.2        1.2        26.534E-6  4.        
 1.29E-9    1.2        1.2        26.261E-6  4.        
 1.3E-9     1.2        1.2        26.242E-6  4.        
 1.31E-9    1.2        1.2        26.188E-6  4.        
 1.32E-9    1.2        1.2        26.212E-6  4.        
 1.33E-9    1.2        1.2        26.185E-6  4.        
 1.34E-9    1.2        1.2        26.203E-6  4.        
 1.35E-9    1.2        1.2        26.185E-6  4.        
 1.36E-9    1.2        1.2        26.198E-6  4.        
 1.37E-9    1.2        1.2        26.185E-6  4.        
 1.38E-9    1.2        1.2        26.193E-6  3.        
 1.39E-9    1.2        1.2        26.184E-6  3.        
 1.4E-9     1.2        1.2        26.189E-6  3.        
 1.41E-9    1.2        1.2        26.183E-6  3.        
 1.42E-9    1.2        1.2        26.185E-6  3.        
 1.43E-9    1.2        1.2        26.181E-6  3.        
 1.44E-9    1.2        1.2        26.182E-6  3.        
 1.45E-9    1.2        1.2        26.178E-6  3.        
 1.46E-9    1.2        1.2        26.179E-6  3.        
 1.47E-9    1.2        1.2        26.176E-6  3.        
 1.48E-9    1.2        1.2        26.176E-6  3.        
 1.49E-9    1.2        1.2        26.174E-6  3.        
 1.5E-9     1.2        1.2        26.173E-6  3.        
 1.51E-9    1.2        1.2        26.171E-6  3.        
 1.52E-9    1.2        1.2        26.171E-6  3.        
 1.53E-9    1.2        1.2        26.169E-6  3.        
 1.54E-9    1.2        1.2        26.168E-6  3.        
 1.55E-9    1.2        1.2        26.166E-6  3.        
 1.56E-9    1.2        1.2        26.165E-6  3.        
 1.57E-9    1.2        1.2        26.163E-6  3.        
 1.58E-9    1.2        1.2        26.163E-6  3.        
 1.59E-9    1.2        1.2        26.161E-6  3.        
 1.6E-9     1.2        1.2        26.16E-6   3.        
 1.61E-9    1.2        1.2        26.158E-6  3.        
 1.62E-9    1.2        1.2        26.157E-6  3.        
 1.63E-9    1.2        1.2        26.156E-6  3.        
 1.64E-9    1.2        1.2        26.155E-6  3.        
 1.65E-9    1.2        1.2        26.153E-6  3.        
 1.66E-9    1.2        1.2        26.152E-6  3.        
 1.67E-9    1.2        1.2        26.15E-6   3.        
 1.68E-9    1.2        1.2        26.149E-6  3.        
 1.69E-9    1.2        1.2        26.148E-6  3.        
 1.7E-9     1.2        1.2        26.147E-6  3.        
 1.71E-9    1.2        1.2        26.145E-6  3.        
 1.72E-9    1.2        1.2        26.144E-6  3.        
 1.73E-9    1.2        1.2        26.142E-6  3.        
 1.74E-9    1.2        1.2        26.142E-6  3.        
 1.75E-9    1.2        1.2        26.14E-6   3.        
 1.76E-9    1.2        1.2        26.139E-6  3.        
 1.77E-9    1.2        1.2        26.137E-6  3.        
 1.78E-9    1.2        1.2        26.136E-6  3.        
 1.79E-9    1.2        1.2        26.135E-6  3.        
 1.8E-9     1.2        1.2        26.134E-6  3.        
 1.81E-9    1.2        1.2        26.132E-6  3.        
 1.82E-9    1.2        1.2        26.131E-6  3.        
 1.83E-9    1.2        1.2        26.129E-6  3.        
 1.84E-9    1.2        1.2        26.128E-6  3.        
 1.85E-9    1.2        1.2        26.127E-6  3.        
 1.86E-9    1.2        1.2        26.126E-6  3.        
 1.87E-9    1.2        1.2        26.124E-6  3.        
 1.88E-9    1.2        1.2        26.123E-6  3.        
 1.89E-9    1.2        1.2        26.122E-6  3.        
 1.9E-9     1.2        1.2        26.121E-6  3.        
 1.91E-9    1.2        1.2        26.119E-6  3.        
 1.92E-9    1.2        1.2        26.118E-6  3.        
 1.93E-9    1.2        1.2        26.117E-6  3.        
 1.94E-9    1.2        1.2        26.116E-6  3.        
 1.95E-9    1.2        1.2        26.114E-6  3.        
 1.96E-9    1.2        1.2        26.113E-6  3.        
 1.97E-9    1.2        1.2        26.111E-6  3.        
 1.98E-9    1.2        1.2        26.11E-6   3.        
 1.99E-9    1.2        1.2        26.109E-6  3.        
 2.E-9      1.2        1.2        26.108E-6  3.        
 2.01E-9    1.2        1.2        26.106E-6  3.        
 2.02E-9    1.2        1.2        26.105E-6  3.        
 2.03E-9    1.2        1.2        26.104E-6  3.        
 2.04E-9    1.2        1.2        26.103E-6  3.        
 2.05E-9    1.2        1.2        26.101E-6  3.        
 2.06E-9    1.2        1.2        26.1E-6    3.        
 2.07E-9    1.2        1.2        26.098E-6  3.        
 2.08E-9    1.2        1.2        26.098E-6  3.        
 2.09E-9    1.2        1.2        26.096E-6  3.        
 2.1E-9     1.2        1.2        26.095E-6  3.        
 2.11E-9    1.2        1.2        26.093E-6  3.        
 2.12E-9    1.2        1.2        26.092E-6  3.        
 2.13E-9    1.2        1.2        26.091E-6  3.        
 2.14E-9    1.2        1.2        26.09E-6   3.        
 2.15E-9    1.2        1.2        26.088E-6  3.        
 2.16E-9    1.2        1.2        26.087E-6  3.        
 2.17E-9    1.2        1.2        26.086E-6  3.        
 2.18E-9    1.2        1.2        26.085E-6  3.        
 2.19E-9    1.2        1.2        26.083E-6  3.        
 2.2E-9     1.2        1.2        26.082E-6  3.        
 2.21E-9    1.08       1.2       -0.006751   19.       
 2.22E-9    0.96       1.2       -0.0091893  12.       
 2.23E-9    0.84       1.2       -0.009582   8.        
 2.24E-9    0.72       1.2       -0.0077332  5.        
 2.25E-9    0.6        1.2       -0.0019668  5.        
 2.26E-9    0.48       1.2        0.0073521  5.        
 2.27E-9    0.36       1.2        0.019998   5.        
 2.28E-9    0.24       1.2        0.034691   4.        
 2.29E-9    0.12       1.2        0.047276   4.        
 2.3E-9     6.5547E-9  1.2        0.056804   4.        
 2.31E-9   -2.5731E-9  1.2        0.067809   24.       
 2.32E-9   -2.2482E-9  1.2        0.066398   8.        
 2.33E-9   -1.9028E-9  1.2        0.059026   4.        
 2.34E-9   -1.5803E-9  1.2        0.049953   4.        
 2.35E-9   -1.3102E-9  1.2        0.041341   4.        
 2.36E-9   -1.0844E-9  1.2        0.033965   4.        
 2.37E-9   -906.2E-12  1.2        0.027953   4.        
 2.38E-9   -760.9E-12  1.2        0.023171   4.        
 2.39E-9   -647.5E-12  1.2        0.019404   4.        
 2.4E-9    -554.1E-12  1.2        0.016438   4.        
 2.41E-9   -480.7E-12  1.2        0.014092   4.        
 2.42E-9   -418.6E-12  1.2        0.012219   4.        
 2.43E-9   -369.E-12   1.2        0.010708   4.        
 2.44E-9   -326.E-12   1.2        0.0094763  4.        
 2.45E-9   -291.E-12   1.2        0.0084596  4.        
 2.46E-9   -259.9E-12  1.2        0.0076112  4.        
 2.47E-9   -234.3E-12  1.2        0.0068956  4.        
 2.48E-9   -211.1E-12  1.2        0.0062862  4.        
 2.49E-9   -191.8E-12  1.2        0.0057624  4.        
 2.5E-9    -174.1E-12  1.2        0.0053086  4.        
 2.51E-9   -159.2E-12  1.2        0.0049124  4.        
 2.52E-9   -145.5E-12  1.2        0.0045643  4.        
 2.53E-9   -133.9E-12  1.2        0.0042565  4.        
 2.54E-9   -123.E-12   1.2        0.0039828  4.        
 2.55E-9   -113.8E-12  1.2        0.0037382  4.        
 2.56E-9   -105.2E-12  1.2        0.0035187  4.        
 2.57E-9   -97.77E-12  1.2        0.0033207  4.        
 2.58E-9   -90.84E-12  1.2        0.0031415  4.        
 2.59E-9   -84.83E-12  1.2        0.0029786  4.        
 2.6E-9    -79.21E-12  1.2        0.0028302  4.        
 2.61E-9   -74.31E-12  1.2        0.0026944  4.        
 2.62E-9   -69.7E-12   1.2        0.0025698  4.        
 2.63E-9   -65.66E-12  1.2        0.0024552  4.        
 2.64E-9   -61.85E-12  1.2        0.0023496  4.        
 2.65E-9   -58.49E-12  1.2        0.0022518  4.        
 2.66E-9   -55.32E-12  1.2        0.0021612  4.        
 2.67E-9   -52.5E-12   1.2        0.002077   4.        
 2.68E-9   -49.84E-12  1.2        0.0019987  4.        
 2.69E-9   -47.46E-12  1.2        0.0019256  4.        
 2.7E-9    -45.2E-12   1.2        0.0018572  4.        
 2.71E-9   -43.17E-12  1.2        0.0017933  4.        
 2.72E-9   -41.25E-12  1.2        0.0017332  4.        
 2.73E-9   -39.5E-12   1.2        0.0016769  4.        
 2.74E-9   -37.85E-12  1.2        0.0016238  4.        
 2.75E-9   -36.34E-12  1.2        0.0015738  4.        
 2.76E-9   -34.91E-12  1.2        0.0015265  4.        
 2.77E-9   -33.6E-12   1.2        0.0014819  4.        
 2.78E-9   -32.35E-12  1.2        0.0014397  4.        
 2.79E-9   -31.2E-12   1.2        0.0013996  4.        
 2.8E-9    -30.11E-12  1.2        0.0013617  4.        
 2.81E-9   -29.1E-12   1.2        0.0013256  4.        
 2.82E-9   -28.13E-12  1.2        0.0012913  4.        
 2.83E-9   -27.23E-12  1.2        0.0012586  4.        
 2.84E-9   -26.37E-12  1.2        0.0012275  4.        
 2.85E-9   -25.57E-12  1.2        0.0011978  4.        
 2.86E-9   -24.81E-12  1.2        0.0011694  4.        
 2.87E-9   -24.09E-12  1.2        0.0011423  4.        
 2.88E-9   -23.41E-12  1.2        0.0011163  4.        
 2.89E-9   -22.76E-12  1.2        0.0010915  4.        
 2.9E-9    -22.14E-12  1.2        0.0010677  3.        
 2.91E-9   -21.56E-12  1.2        0.0010449  3.        
 2.92E-9   -21.E-12    1.2        0.001023   3.        
 2.93E-9   -20.47E-12  1.2        0.001002   3.        
 2.94E-9   -19.97E-12  1.2        981.73E-6  3.        
 2.95E-9   -19.49E-12  1.2        962.28E-6  3.        
 2.96E-9   -19.02E-12  1.2        943.56E-6  3.        
 2.97E-9   -18.58E-12  1.2        925.53E-6  3.        
 2.98E-9   -18.16E-12  1.2        908.15E-6  3.        
 2.99E-9   -17.75E-12  1.2        891.4E-6   3.        
 3.E-9     -17.37E-12  1.2        875.23E-6  3.        
 3.01E-9   -17.E-12    1.2        859.62E-6  3.        
 3.02E-9   -16.64E-12  1.2        844.54E-6  3.        
 3.03E-9   -16.3E-12   1.2        829.97E-6  3.        
 3.04E-9   -15.96E-12  1.2        815.87E-6  3.        
 3.05E-9   -15.65E-12  1.2        802.24E-6  3.        
 3.06E-9   -15.34E-12  1.2        789.04E-6  3.        
 3.07E-9   -15.05E-12  1.2        776.26E-6  3.        
 3.08E-9   -14.76E-12  1.2        763.87E-6  3.        
 3.09E-9   -14.49E-12  1.2        751.87E-6  3.        
 3.1E-9    -14.22E-12  1.2        740.22E-6  3.        
 3.11E-9   -13.97E-12  1.2        728.93E-6  3.        
 3.12E-9   -13.72E-12  1.2        717.97E-6  3.        
 3.13E-9   -13.48E-12  1.2        707.32E-6  3.        
 3.14E-9   -13.25E-12  1.2        696.98E-6  3.        
 3.15E-9   -13.03E-12  1.2        686.93E-6  3.        
 3.16E-9   -12.81E-12  1.2        677.16E-6  3.        
 3.17E-9   -12.6E-12   1.2        667.67E-6  3.        
 3.18E-9   -12.4E-12   1.2        658.42E-6  3.        
 3.19E-9   -12.21E-12  1.2        649.43E-6  3.        
 3.2E-9    -12.01E-12  1.2        640.68E-6  3.        
 3.21E-9   -277.8E-12  1.08      -0.0043625  19.       
 3.22E-9   -262.5E-12  0.96      -0.0075309  12.       
 3.23E-9   -225.8E-12  0.84      -0.0096954  8.        
 3.24E-9   -148.4E-12  0.72      -0.011667   4.        
 3.25E-9    116.7E-12  0.6       -0.013962   4.        
 3.26E-9    640.5E-12  0.48      -0.017165   5.        
 3.27E-9    1.4411E-9  0.36      -0.02164    5.        
 3.28E-9    3.5793E-9  0.24      -0.024686   5.        
 3.29E-9    4.9846E-9  0.12      -0.021643   5.        
 3.3E-9     5.0442E-9  12.856E-9 -0.0055249  5.        
 3.31E-9    4.8172E-9  2.0735E-9  0.032905   28.       
 3.32E-9    3.7979E-9  1.6027E-9  0.089258   8.        
 3.33E-9    3.1763E-9  1.2953E-9  0.15735    4.        
 3.34E-9    2.841E-9   1.0894E-9  0.23261    4.        
 3.35E-9    2.657E-9   970.4E-12  0.31174    4.        
 3.36E-9    2.555E-9   898.9E-12  0.39269    4.        
 3.37E-9    2.4964E-9  860.4E-12  0.47414    4.        
 3.38E-9    2.4626E-9  841.1E-12  0.55493    4.        
 3.39E-9    2.4523E-9  845.7E-12  0.63338    4.        
 3.4E-9     2.4614E-9  871.9E-12  0.707      4.        
 3.41E-9    2.4741E-9  904.2E-12  0.77342    4.        
 3.42E-9    2.4582E-9  918.2E-12  0.83133    4.        
 3.43E-9    2.3704E-9  909.8E-12  0.88084    4.        
 3.44E-9    2.2057E-9  878.6E-12  0.92289    4.        
 3.45E-9    1.9982E-9  829.1E-12  0.95856    4.        
 3.46E-9    1.7749E-9  765.4E-12  0.98879    4.        
 3.47E-9    1.555E-9   695.E-12   1.0144     4.        
 3.48E-9    1.3481E-9  622.6E-12  1.0359     4.        
 3.49E-9    1.1601E-9  552.9E-12  1.054      4.        
 3.5E-9     992.8E-12  487.6E-12  1.0692     4.        
 3.51E-9    846.8E-12  429.E-12   1.0818     4.        
 3.52E-9    720.6E-12  376.7E-12  1.0924     4.        
 3.53E-9    612.9E-12  331.5E-12  1.1011     4.        
 3.54E-9    521.6E-12  292.3E-12  1.1083     4.        
 3.55E-9    444.9E-12  259.2E-12  1.1143     4.        
 3.56E-9    380.6E-12  230.9E-12  1.1192     4.        
 3.57E-9    327.1E-12  207.4E-12  1.1233     4.        
 3.58E-9    282.6E-12  187.6E-12  1.1266     4.        
 3.59E-9    245.8E-12  171.3E-12  1.1293     4.        
 3.6E-9     215.4E-12  157.6E-12  1.1316     4.        
 3.61E-9    190.3E-12  146.4E-12  1.1334     4.        
 3.62E-9    169.7E-12  137.E-12   1.1349     4.        
 3.63E-9    152.7E-12  129.4E-12  1.1362     4.        
 3.64E-9    138.8E-12  123.1E-12  1.1372     4.        
 3.65E-9    127.4E-12  117.9E-12  1.138      4.        
 3.66E-9    118.E-12   113.7E-12  1.1387     4.        
 3.67E-9    110.4E-12  110.2E-12  1.1392     4.        
 3.68E-9    104.1E-12  107.3E-12  1.1397     4.        
 3.69E-9    98.93E-12  105.E-12   1.14       4.        
 3.7E-9     94.71E-12  103.1E-12  1.1403     4.        
 3.71E-9    91.28E-12  101.5E-12  1.1406     4.        
 3.72E-9    88.45E-12  100.2E-12  1.1408     4.        
 3.73E-9    86.16E-12  99.19E-12  1.141      3.        
 3.74E-9    84.27E-12  98.32E-12  1.1411     3.        
 3.75E-9    82.74E-12  97.62E-12  1.1412     3.        
 3.76E-9    81.47E-12  97.04E-12  1.1413     3.        
 3.77E-9    80.45E-12  96.58E-12  1.1414     3.        
 3.78E-9    79.6E-12   96.19E-12  1.1414     3.        
 3.79E-9    78.92E-12  95.88E-12  1.1415     3.        
 3.8E-9     78.36E-12  95.62E-12  1.1415     3.        
 3.81E-9    77.9E-12   95.42E-12  1.1416     3.        
 3.82E-9    77.52E-12  95.24E-12  1.1416     3.        
 3.83E-9    77.22E-12  95.11E-12  1.1416     3.        
 3.84E-9    76.96E-12  94.99E-12  1.1416     3.        
 3.85E-9    76.76E-12  94.9E-12   1.1416     3.        
 3.86E-9    76.59E-12  94.82E-12  1.1416     3.        
 3.87E-9    76.46E-12  94.76E-12  1.1417     3.        
 3.88E-9    76.34E-12  94.71E-12  1.1417     3.        
 3.89E-9    76.26E-12  94.67E-12  1.1417     3.        
 3.9E-9     76.18E-12  94.63E-12  1.1417     3.        
 3.91E-9    76.12E-12  94.6E-12   1.1417     3.        
 3.92E-9    76.07E-12  94.58E-12  1.1417     3.        
 3.93E-9    76.03E-12  94.56E-12  1.1417     3.        
 3.94E-9    75.99E-12  94.55E-12  1.1417     3.        
 3.95E-9    75.97E-12  94.54E-12  1.1417     3.        
 3.96E-9    75.94E-12  94.52E-12  1.1417     3.        
 3.97E-9    75.93E-12  94.52E-12  1.1417     3.        
 3.98E-9    75.91E-12  94.51E-12  1.1417     3.        
 3.99E-9    75.9E-12   94.5E-12   1.1417     3.        
 4.E-9      75.89E-12  94.5E-12   1.1417     3.        
Gnucap   System status
iterations: op=0, dc=0, tran=1627, fourier=0, total=2077
transient timesteps: accepted=446, rejected=4, total=450
nodes: user=4, subckt=1, model=76, total=81
dctran density=14.4%, ac density=14.4%
