 frequency       frequency       onoise_spectrum inoise_spectrum
 1.00000000e+00  1.00000000e+00  1.58033939e-07  1.37109491e-06 
 1.04712855e+00  1.04712855e+00  1.54437159e-07  1.33988943e-06 
 1.09647820e+00  1.09647820e+00  1.50922264e-07  1.30939436e-06 
 1.14815362e+00  1.14815362e+00  1.47487390e-07  1.27959356e-06 
 1.20226443e+00  1.20226443e+00  1.44130716e-07  1.25047122e-06 
 1.25892541e+00  1.25892541e+00  1.40850462e-07  1.22201189e-06 
 1.31825674e+00  1.31825674e+00  1.37644888e-07  1.19420049e-06 
 1.38038426e+00  1.38038426e+00  1.34512296e-07  1.16702226e-06 
 1.44543977e+00  1.44543977e+00  1.31451024e-07  1.14046281e-06 
 1.51356125e+00  1.51356125e+00  1.28459449e-07  1.11450805e-06 
 1.58489319e+00  1.58489319e+00  1.25535985e-07  1.08914422e-06 
 1.65958691e+00  1.65958691e+00  1.22679082e-07  1.06435786e-06 
 1.73780083e+00  1.73780083e+00  1.19887224e-07  1.04013584e-06 
 1.81970086e+00  1.81970086e+00  1.17158933e-07  1.01646531e-06 
 1.90546072e+00  1.90546072e+00  1.14492761e-07  9.93333731e-07 
 1.99526231e+00  1.99526231e+00  1.11887294e-07  9.70728827e-07 
 2.08929613e+00  2.08929613e+00  1.09341152e-07  9.48638615e-07 
 2.18776162e+00  2.18776162e+00  1.06852983e-07  9.27051385e-07 
 2.29086765e+00  2.29086765e+00  1.04421470e-07  9.05955690e-07 
 2.39883292e+00  2.39883292e+00  1.02045322e-07  8.85340344e-07 
 2.51188643e+00  2.51188643e+00  9.97232797e-08  8.65194417e-07 
 2.63026799e+00  2.63026799e+00  9.74541122e-08  8.45507228e-07 
 2.75422870e+00  2.75422870e+00  9.52366161e-08  8.26268338e-07 
 2.88403150e+00  2.88403150e+00  9.30696157e-08  8.07467546e-07 
 3.01995172e+00  3.01995172e+00  9.09519621e-08  7.89094884e-07 
 3.16227766e+00  3.16227766e+00  8.88825324e-08  7.71140611e-07 
 3.31131121e+00  3.31131121e+00  8.68602294e-08  7.53595206e-07 
 3.46736850e+00  3.46736850e+00  8.48839808e-08  7.36449368e-07 
 3.63078055e+00  3.63078055e+00  8.29527388e-08  7.19694004e-07 
 3.80189396e+00  3.80189396e+00  8.10654794e-08  7.03320232e-07 
 3.98107171e+00  3.98107171e+00  7.92212021e-08  6.87319370e-07 
 4.16869383e+00  4.16869383e+00  7.74189288e-08  6.71682933e-07 
 4.36515832e+00  4.36515832e+00  7.56577041e-08  6.56402631e-07 
 4.57088190e+00  4.57088190e+00  7.39365940e-08  6.41470362e-07 
 4.78630092e+00  4.78630092e+00  7.22546861e-08  6.26878210e-07 
 5.01187234e+00  5.01187234e+00  7.06110886e-08  6.12618436e-07 
 5.24807460e+00  5.24807460e+00  6.90049300e-08  5.98683481e-07 
 5.49540874e+00  5.49540874e+00  6.74353587e-08  5.85065955e-07 
 5.75439937e+00  5.75439937e+00  6.59015425e-08  5.71758639e-07 
 6.02559586e+00  6.02559586e+00  6.44026682e-08  5.58754476e-07 
 6.30957344e+00  6.30957344e+00  6.29379409e-08  5.46046573e-07 
 6.60693448e+00  6.60693448e+00  6.15065842e-08  5.33628190e-07 
 6.91830971e+00  6.91830971e+00  6.01078390e-08  5.21492744e-07 
 7.24435960e+00  7.24435960e+00  5.87409638e-08  5.09633800e-07 
 7.58577575e+00  7.58577575e+00  5.74052338e-08  4.98045070e-07 
 7.94328235e+00  7.94328235e+00  5.60999408e-08  4.86720410e-07 
 8.31763771e+00  8.31763771e+00  5.48243927e-08  4.75653815e-07 
 8.70963590e+00  8.70963590e+00  5.35779131e-08  4.64839418e-07 
 9.12010839e+00  9.12010839e+00  5.23598413e-08  4.54271485e-07 
 9.54992586e+00  9.54992586e+00  5.11695312e-08  4.43944412e-07 
 1.00000000e+01  1.00000000e+01  5.00063519e-08  4.33852723e-07 
 1.04712855e+01  1.04712855e+01  4.88696866e-08  4.23991069e-07 
 1.09647820e+01  1.09647820e+01  4.77589325e-08  4.14354220e-07 
 1.14815362e+01  1.14815362e+01  4.66735008e-08  4.04937066e-07 
 1.20226443e+01  1.20226443e+01  4.56128160e-08  3.95734615e-07 
 1.25892541e+01  1.25892541e+01  4.45763156e-08  3.86741987e-07 
 1.31825674e+01  1.31825674e+01  4.35634500e-08  3.77954414e-07 
 1.38038426e+01  1.38038426e+01  4.25736824e-08  3.69367237e-07 
 1.44543977e+01  1.44543977e+01  4.16064877e-08  3.60975903e-07 
 1.51356125e+01  1.51356125e+01  4.06613533e-08  3.52775962e-07 
 1.58489319e+01  1.58489319e+01  3.97377780e-08  3.44763066e-07 
 1.65958691e+01  1.65958691e+01  3.88352721e-08  3.36932968e-07 
 1.73780083e+01  1.73780083e+01  3.79533570e-08  3.29281515e-07 
 1.81970086e+01  1.81970086e+01  3.70915652e-08  3.21804650e-07 
 1.90546072e+01  1.90546072e+01  3.62494397e-08  3.14498409e-07 
 1.99526231e+01  1.99526231e+01  3.54265340e-08  3.07358918e-07 
 2.08929613e+01  2.08929613e+01  3.46224117e-08  3.00382392e-07 
 2.18776162e+01  2.18776162e+01  3.38366466e-08  2.93565131e-07 
 2.29086765e+01  2.29086765e+01  3.30688219e-08  2.86903521e-07 
 2.39883292e+01  2.39883292e+01  3.23185306e-08  2.80394029e-07 
 2.51188643e+01  2.51188643e+01  3.15853748e-08  2.74033205e-07 
 2.63026799e+01  2.63026799e+01  3.08689657e-08  2.67817674e-07 
 2.75422870e+01  2.75422870e+01  3.01689236e-08  2.61744142e-07 
 2.88403150e+01  2.88403150e+01  2.94848772e-08  2.55809388e-07 
 3.01995172e+01  3.01995172e+01  2.88164638e-08  2.50010266e-07 
 3.16227766e+01  3.16227766e+01  2.81633291e-08  2.44343699e-07 
 3.31131121e+01  3.31131121e+01  2.75251266e-08  2.38806685e-07 
 3.46736850e+01  3.46736850e+01  2.69015179e-08  2.33396286e-07 
 3.63078055e+01  3.63078055e+01  2.62921725e-08  2.28109634e-07 
 3.80189396e+01  3.80189396e+01  2.56967672e-08  2.22943926e-07 
 3.98107171e+01  3.98107171e+01  2.51149862e-08  2.17896422e-07 
 4.16869383e+01  4.16869383e+01  2.45465212e-08  2.12964447e-07 
 4.36515832e+01  4.36515832e+01  2.39910705e-08  2.08145383e-07 
 4.57088190e+01  4.57088190e+01  2.34483398e-08  2.03436678e-07 
 4.78630092e+01  4.78630092e+01  2.29180412e-08  1.98835832e-07 
 5.01187234e+01  5.01187234e+01  2.23998935e-08  1.94340408e-07 
 5.24807460e+01  5.24807460e+01  2.18936220e-08  1.89948020e-07 
 5.49540874e+01  5.49540874e+01  2.13989581e-08  1.85656340e-07 
 5.75439937e+01  5.75439937e+01  2.09156396e-08  1.81463091e-07 
 6.02559586e+01  6.02559586e+01  2.04434100e-08  1.77366050e-07 
 6.30957344e+01  6.30957344e+01  1.99820191e-08  1.73363045e-07 
 6.60693448e+01  6.60693448e+01  1.95312221e-08  1.69451951e-07 
 6.91830971e+01  6.91830971e+01  1.90907800e-08  1.65630696e-07 
 7.24435960e+01  7.24435960e+01  1.86604590e-08  1.61897252e-07 
 7.58577575e+01  7.58577575e+01  1.82400311e-08  1.58249640e-07 
 7.94328235e+01  7.94328235e+01  1.78292732e-08  1.54685924e-07 
 8.31763771e+01  8.31763771e+01  1.74279675e-08  1.51204215e-07 
 8.70963590e+01  8.70963590e+01  1.70359011e-08  1.47802665e-07 
 9.12010839e+01  9.12010839e+01  1.66528660e-08  1.44479471e-07 
 9.54992586e+01  9.54992586e+01  1.62786590e-08  1.41232869e-07 
 1.00000000e+02  1.00000000e+02  1.59130817e-08  1.38061138e-07 
 1.04712855e+02  1.04712855e+02  1.55559402e-08  1.34962595e-07 
 1.09647820e+02  1.09647820e+02  1.52070448e-08  1.31935595e-07 
 1.14815362e+02  1.14815362e+02  1.48662105e-08  1.28978533e-07 
 1.20226443e+02  1.20226443e+02  1.45332565e-08  1.26089840e-07 
 1.25892541e+02  1.25892541e+02  1.42080061e-08  1.23267983e-07 
 1.31825674e+02  1.31825674e+02  1.38902867e-08  1.20511465e-07 
 1.38038426e+02  1.38038426e+02  1.35799297e-08  1.17818822e-07 
 1.44543977e+02  1.44543977e+02  1.32767703e-08  1.15188626e-07 
 1.51356125e+02  1.51356125e+02  1.29806476e-08  1.12619480e-07 
 1.58489319e+02  1.58489319e+02  1.26914045e-08  1.10110020e-07 
 1.65958691e+02  1.65958691e+02  1.24088873e-08  1.07658914e-07 
 1.73780083e+02  1.73780083e+02  1.21329460e-08  1.05264861e-07 
 1.81970086e+02  1.81970086e+02  1.18634341e-08  1.02926588e-07 
 1.90546072e+02  1.90546072e+02  1.16002084e-08  1.00642855e-07 
 1.99526231e+02  1.99526231e+02  1.13431291e-08  9.84124472e-08 
 2.08929613e+02  2.08929613e+02  1.10920596e-08  9.62341802e-08 
 2.18776162e+02  2.18776162e+02  1.08468665e-08  9.41068962e-08 
 2.29086765e+02  2.29086765e+02  1.06074194e-08  9.20294645e-08 
 2.39883292e+02  2.39883292e+02  1.03735910e-08  9.00007803e-08 
 2.51188643e+02  2.51188643e+02  1.01452569e-08  8.80197649e-08 
 2.63026799e+02  2.63026799e+02  9.92229571e-09  8.60853642e-08 
 2.75422870e+02  2.75422870e+02  9.70458875e-09  8.41965490e-08 
 2.88403150e+02  2.88403150e+02  9.49202013e-09  8.23523138e-08 
 3.01995172e+02  3.01995172e+02  9.28447664e-09  8.05516764e-08 
 3.16227766e+02  3.16227766e+02  9.08184772e-09  7.87936776e-08 
 3.31131121e+02  3.31131121e+02  8.88402538e-09  7.70773803e-08 
 3.46736850e+02  3.46736850e+02  8.69090412e-09  7.54018695e-08 
 3.63078055e+02  3.63078055e+02  8.50238091e-09  7.37662512e-08 
 3.80189396e+02  3.80189396e+02  8.31835512e-09  7.21696522e-08 
 3.98107171e+02  3.98107171e+02  8.13872846e-09  7.06112198e-08 
 4.16869383e+02  4.16869383e+02  7.96340491e-09  6.90901211e-08 
 4.36515832e+02  4.36515832e+02  7.79229069e-09  6.76055423e-08 
 4.57088190e+02  4.57088190e+02  7.62529421e-09  6.61566888e-08 
 4.78630092e+02  4.78630092e+02  7.46232598e-09  6.47427842e-08 
 5.01187234e+02  5.01187234e+02  7.30329862e-09  6.33630704e-08 
 5.24807460e+02  5.24807460e+02  7.14812675e-09  6.20168067e-08 
 5.49540874e+02  5.49540874e+02  6.99672698e-09  6.07032695e-08 
 5.75439937e+02  5.75439937e+02  6.84901785e-09  5.94217521e-08 
 6.02559586e+02  6.02559586e+02  6.70491976e-09  5.81715640e-08 
 6.30957344e+02  6.30957344e+02  6.56435499e-09  5.69520308e-08 
 6.60693448e+02  6.60693448e+02  6.42724758e-09  5.57624933e-08 
 6.91830971e+02  6.91830971e+02  6.29352330e-09  5.46023079e-08 
 7.24435960e+02  7.24435960e+02  6.16310966e-09  5.34708454e-08 
 7.58577575e+02  7.58577575e+02  6.03593581e-09  5.23674911e-08 
 7.94328235e+02  7.94328235e+02  5.91193251e-09  5.12916444e-08 
 8.31763771e+02  8.31763771e+02  5.79103210e-09  5.02427182e-08 
 8.70963590e+02  8.70963590e+02  5.67316844e-09  4.92201387e-08 
 9.12010839e+02  9.12010839e+02  5.55827691e-09  4.82233453e-08 
 9.54992586e+02  9.54992586e+02  5.44629431e-09  4.72517896e-08 
 1.00000000e+03  1.00000000e+03  5.33715886e-09  4.63049357e-08 
 1.04712855e+03  1.04712855e+03  5.23081017e-09  4.53822595e-08 
 1.09647820e+03  1.09647820e+03  5.12718917e-09  4.44832486e-08 
 1.14815362e+03  1.14815362e+03  5.02623807e-09  4.36074017e-08 
 1.20226443e+03  1.20226443e+03  4.92790039e-09  4.27542286e-08 
 1.25892541e+03  1.25892541e+03  4.83212081e-09  4.19232496e-08 
 1.31825674e+03  1.31825674e+03  4.73884524e-09  4.11139952e-08 
 1.38038426e+03  1.38038426e+03  4.64802073e-09  4.03260061e-08 
 1.44543977e+03  1.44543977e+03  4.55959544e-09  3.95588326e-08 
 1.51356125e+03  1.51356125e+03  4.47351863e-09  3.88120342e-08 
 1.58489319e+03  1.58489319e+03  4.38974059e-09  3.80851799e-08 
 1.65958691e+03  1.65958691e+03  4.30821262e-09  3.73778471e-08 
 1.73780083e+03  1.73780083e+03  4.22888703e-09  3.66896221e-08 
 1.81970086e+03  1.81970086e+03  4.15171705e-09  3.60200991e-08 
 1.90546072e+03  1.90546072e+03  4.07665686e-09  3.53688804e-08 
 1.99526231e+03  1.99526231e+03  4.00366151e-09  3.47355763e-08 
 2.08929613e+03  2.08929613e+03  3.93268691e-09  3.41198040e-08 
 2.18776162e+03  2.18776162e+03  3.86368981e-09  3.35211884e-08 
 2.29086765e+03  2.29086765e+03  3.79662774e-09  3.29393612e-08 
 2.39883292e+03  2.39883292e+03  3.73145904e-09  3.23739606e-08 
 2.51188643e+03  2.51188643e+03  3.66814277e-09  3.18246317e-08 
 2.63026799e+03  2.63026799e+03  3.60663872e-09  3.12910255e-08 
 2.75422870e+03  2.75422870e+03  3.54690738e-09  3.07727992e-08 
 2.88403150e+03  2.88403150e+03  3.48890990e-09  3.02696158e-08 
 3.01995172e+03  3.01995172e+03  3.43260809e-09  2.97811440e-08 
 3.16227766e+03  3.16227766e+03  3.37796439e-09  2.93070579e-08 
 3.31131121e+03  3.31131121e+03  3.32494185e-09  2.88470369e-08 
 3.46736850e+03  3.46736850e+03  3.27350410e-09  2.84007654e-08 
 3.63078055e+03  3.63078055e+03  3.22361532e-09  2.79679328e-08 
 3.80189396e+03  3.80189396e+03  3.17524028e-09  2.75482332e-08 
 3.98107171e+03  3.98107171e+03  3.12834425e-09  2.71413655e-08 
 4.16869383e+03  4.16869383e+03  3.08289303e-09  2.67470328e-08 
 4.36515832e+03  4.36515832e+03  3.03885292e-09  2.63649430e-08 
 4.57088190e+03  4.57088190e+03  2.99619072e-09  2.59948077e-08 
 4.78630092e+03  4.78630092e+03  2.95487369e-09  2.56363432e-08 
 5.01187234e+03  5.01187234e+03  2.91486959e-09  2.52892695e-08 
 5.24807460e+03  5.24807460e+03  2.87614660e-09  2.49533107e-08 
 5.49540874e+03  5.49540874e+03  2.83867337e-09  2.46281947e-08 
 5.75439937e+03  5.75439937e+03  2.80241899e-09  2.43136534e-08 
 6.02559586e+03  6.02559586e+03  2.76735299e-09  2.40094225e-08 
 6.30957344e+03  6.30957344e+03  2.73344532e-09  2.37152411e-08 
 6.60693448e+03  6.60693448e+03  2.70066636e-09  2.34308525e-08 
 6.91830971e+03  6.91830971e+03  2.66898692e-09  2.31560032e-08 
 7.24435960e+03  7.24435960e+03  2.63837824e-09  2.28904437e-08 
 7.58577575e+03  7.58577575e+03  2.60881194e-09  2.26339280e-08 
 7.94328235e+03  7.94328235e+03  2.58026011e-09  2.23862136e-08 
 8.31763771e+03  8.31763771e+03  2.55269523e-09  2.21470620e-08 
 8.70963590e+03  8.70963590e+03  2.52609019e-09  2.19162380e-08 
 9.12010839e+03  9.12010839e+03  2.50041834e-09  2.16935102e-08 
 9.54992586e+03  9.54992586e+03  2.47565341e-09  2.14786509e-08 
 1.00000000e+04  1.00000000e+04  2.45176959e-09  2.12714360e-08 
 1.04712855e+04  1.04712855e+04  2.42874147e-09  2.10716452e-08 
 1.09647820e+04  1.09647820e+04  2.40654410e-09  2.08790618e-08 
 1.14815362e+04  1.14815362e+04  2.38515294e-09  2.06934731e-08 
 1.20226443e+04  1.20226443e+04  2.36454390e-09  2.05146701e-08 
 1.25892541e+04  1.25892541e+04  2.34469333e-09  2.03424474e-08 
 1.31825674e+04  1.31825674e+04  2.32557801e-09  2.01766038e-08 
 1.38038426e+04  1.38038426e+04  2.30717518e-09  2.00169418e-08 
 1.44543977e+04  1.44543977e+04  2.28946254e-09  1.98632677e-08 
 1.51356125e+04  1.51356125e+04  2.27241821e-09  1.97153920e-08 
 1.58489319e+04  1.58489319e+04  2.25602081e-09  1.95731289e-08 
 1.65958691e+04  1.65958691e+04  2.24024937e-09  1.94362967e-08 
 1.73780083e+04  1.73780083e+04  2.22508341e-09  1.93047175e-08 
 1.81970086e+04  1.81970086e+04  2.21050290e-09  1.91782177e-08 
 1.90546072e+04  1.90546072e+04  2.19648828e-09  1.90566275e-08 
 1.99526231e+04  1.99526231e+04  2.18302043e-09  1.89397811e-08 
 2.08929613e+04  2.08929613e+04  2.17008071e-09  1.88275167e-08 
 2.18776162e+04  2.18776162e+04  2.15765093e-09  1.87196765e-08 
 2.29086765e+04  2.29086765e+04  2.14571337e-09  1.86161068e-08 
 2.39883292e+04  2.39883292e+04  2.13425076e-09  1.85166578e-08 
 2.51188643e+04  2.51188643e+04  2.12324628e-09  1.84211835e-08 
 2.63026799e+04  2.63026799e+04  2.11268358e-09  1.83295420e-08 
 2.75422870e+04  2.75422870e+04  2.10254675e-09  1.82415953e-08 
 2.88403150e+04  2.88403150e+04  2.09282031e-09  1.81572092e-08 
 3.01995172e+04  3.01995172e+04  2.08348925e-09  1.80762534e-08 
 3.16227766e+04  3.16227766e+04  2.07453898e-09  1.79986012e-08 
 3.31131121e+04  3.31131121e+04  2.06595534e-09  1.79241300e-08 
 3.46736850e+04  3.46736850e+04  2.05772460e-09  1.78527205e-08 
 3.63078055e+04  3.63078055e+04  2.04983346e-09  1.77842573e-08 
 3.80189396e+04  3.80189396e+04  2.04226901e-09  1.77186285e-08 
 3.98107171e+04  3.98107171e+04  2.03501878e-09  1.76557258e-08 
 4.16869383e+04  4.16869383e+04  2.02807066e-09  1.75954443e-08 
 4.36515832e+04  4.36515832e+04  2.02141296e-09  1.75376824e-08 
 4.57088190e+04  4.57088190e+04  2.01503437e-09  1.74823421e-08 
 4.78630092e+04  4.78630092e+04  2.00892396e-09  1.74293285e-08 
 5.01187234e+04  5.01187234e+04  2.00307117e-09  1.73785499e-08 
 5.24807460e+04  5.24807460e+04  1.99746579e-09  1.73299179e-08 
 5.49540874e+04  5.49540874e+04  1.99209796e-09  1.72833469e-08 
 5.75439937e+04  5.75439937e+04  1.98695819e-09  1.72387545e-08 
 6.02559586e+04  6.02559586e+04  1.98203731e-09  1.71960611e-08 
 6.30957344e+04  6.30957344e+04  1.97732647e-09  1.71551901e-08 
 6.60693448e+04  6.60693448e+04  1.97281715e-09  1.71160675e-08 
 6.91830971e+04  6.91830971e+04  1.96850115e-09  1.70786220e-08 
 7.24435960e+04  7.24435960e+04  1.96437054e-09  1.70427851e-08 
 7.58577575e+04  7.58577575e+04  1.96041772e-09  1.70084906e-08 
 7.94328235e+04  7.94328235e+04  1.95663534e-09  1.69756749e-08 
 8.31763771e+04  8.31763771e+04  1.95301637e-09  1.69442768e-08 
 8.70963590e+04  8.70963590e+04  1.94955400e-09  1.69142375e-08 
 9.12010839e+04  9.12010839e+04  1.94624172e-09  1.68855003e-08 
 9.54992586e+04  9.54992586e+04  1.94307324e-09  1.68580107e-08 
 1.00000000e+05  1.00000000e+05  1.94004254e-09  1.68317165e-08 
 1.04712855e+05  1.04712855e+05  1.93714381e-09  1.68065673e-08 
 1.09647820e+05  1.09647820e+05  1.93437150e-09  1.67825148e-08 
 1.14815362e+05  1.14815362e+05  1.93172024e-09  1.67595127e-08 
 1.20226443e+05  1.20226443e+05  1.92918491e-09  1.67375163e-08 
 1.25892541e+05  1.25892541e+05  1.92676058e-09  1.67164828e-08 
 1.31825674e+05  1.31825674e+05  1.92444250e-09  1.66963713e-08 
 1.38038426e+05  1.38038426e+05  1.92222615e-09  1.66771424e-08 
 1.44543977e+05  1.44543977e+05  1.92010716e-09  1.66587581e-08 
 1.51356125e+05  1.51356125e+05  1.91808136e-09  1.66411823e-08 
 1.58489319e+05  1.58489319e+05  1.91614473e-09  1.66243803e-08 
 1.65958691e+05  1.65958691e+05  1.91429344e-09  1.66083185e-08 
 1.73780083e+05  1.73780083e+05  1.91252379e-09  1.65929652e-08 
 1.81970086e+05  1.81970086e+05  1.91083227e-09  1.65782896e-08 
 1.90546072e+05  1.90546072e+05  1.90921547e-09  1.65642623e-08 
 1.99526231e+05  1.99526231e+05  1.90767017e-09  1.65508553e-08 
 2.08929613e+05  2.08929613e+05  1.90619324e-09  1.65380416e-08 
 2.18776162e+05  2.18776162e+05  1.90478172e-09  1.65257953e-08 
 2.29086765e+05  2.29086765e+05  1.90343275e-09  1.65140917e-08 
 2.39883292e+05  2.39883292e+05  1.90214360e-09  1.65029071e-08 
 2.51188643e+05  2.51188643e+05  1.90091166e-09  1.64922188e-08 
 2.63026799e+05  2.63026799e+05  1.89973441e-09  1.64820051e-08 
 2.75422870e+05  2.75422870e+05  1.89860947e-09  1.64722452e-08 
 2.88403150e+05  2.88403150e+05  1.89753454e-09  1.64629191e-08 
 3.01995172e+05  3.01995172e+05  1.89650742e-09  1.64540079e-08 
 3.16227766e+05  3.16227766e+05  1.89552601e-09  1.64454932e-08 
 3.31131121e+05  3.31131121e+05  1.89458829e-09  1.64373576e-08 
 3.46736850e+05  3.46736850e+05  1.89369234e-09  1.64295844e-08 
 3.63078055e+05  3.63078055e+05  1.89283633e-09  1.64221576e-08 
 3.80189396e+05  3.80189396e+05  1.89201848e-09  1.64150620e-08 
 3.98107171e+05  3.98107171e+05  1.89123710e-09  1.64082828e-08 
 4.16869383e+05  4.16869383e+05  1.89049060e-09  1.64018062e-08 
 4.36515832e+05  4.36515832e+05  1.88977741e-09  1.63956186e-08 
 4.57088190e+05  4.57088190e+05  1.88909608e-09  1.63897074e-08 
 4.78630092e+05  4.78630092e+05  1.88844518e-09  1.63840602e-08 
 5.01187234e+05  5.01187234e+05  1.88782336e-09  1.63786654e-08 
 5.24807460e+05  5.24807460e+05  1.88722934e-09  1.63735117e-08 
 5.49540874e+05  5.49540874e+05  1.88666189e-09  1.63685884e-08 
 5.75439937e+05  5.75439937e+05  1.88611981e-09  1.63638854e-08 
 6.02559586e+05  6.02559586e+05  1.88560198e-09  1.63593927e-08 
 6.30957344e+05  6.30957344e+05  1.88510733e-09  1.63551011e-08 
 6.60693448e+05  6.60693448e+05  1.88463482e-09  1.63510016e-08 
 6.91830971e+05  6.91830971e+05  1.88418346e-09  1.63470857e-08 
 7.24435960e+05  7.24435960e+05  1.88375232e-09  1.63433451e-08 
 7.58577575e+05  7.58577575e+05  1.88334049e-09  1.63397721e-08 
 7.94328235e+05  7.94328235e+05  1.88294711e-09  1.63363591e-08 
 8.31763771e+05  8.31763771e+05  1.88257136e-09  1.63330991e-08 
 8.70963590e+05  8.70963590e+05  1.88221245e-09  1.63299852e-08 
 9.12010839e+05  9.12010839e+05  1.88186964e-09  1.63270109e-08 
 9.54992586e+05  9.54992586e+05  1.88154219e-09  1.63241700e-08 
 1.00000000e+06  1.00000000e+06  1.88122942e-09  1.63214565e-08 
