Gnucap : The Gnu Circuit Analysis Package.
Copyright 1982-2025, Albert Davis
          2020-2025, Felix Salfelder
The development of Gnucap is funded by NLnet with support from the EC.
Gnucap comes with ABSOLUTELY NO WARRANTY. This is free software,
and you are welcome to redistribute it under the terms of the GNU
General Public License version 3 or later. See "COPYING" for details.
main version: modelgen 2025.12.18
core-lib version: modelgen 2025.12.18
default plugins: modelgen 2025.12.18
param: already installed, replacing
stashing as param:0
parameters: already installed, replacing
stashing as parameters:0
parameter: already installed, replacing
stashing as parameter:0
logic: already installed, replacing
stashing as logic:0
spice: already installed, replacing
stashing as spice:0
acs: already installed, replacing
stashing as acs:0
;: already installed, replacing
stashing as ;:0
#: already installed, replacing
stashing as #:0
*: already installed, replacing
stashing as *:0
': already installed, replacing
stashing as ':0
": already installed, replacing
stashing as ":0
dev_comment: already installed, replacing
stashing as dev_comment:0
.model: already installed, replacing
stashing as .model:0
.subckt: already installed, replacing
stashing as .subckt:0
.macro: already installed, replacing
stashing as .macro:0
.lib: already installed, replacing
stashing as .lib:0
lib: already installed, replacing
stashing as lib:0
.include: already installed, replacing
stashing as .include:0
.merge: already installed, replacing
stashing as .merge:0
merge: already installed, replacing
stashing as merge:0
<: already installed, replacing
stashing as <:0
.get: already installed, replacing
stashing as .get:0
get: already installed, replacing
stashing as get:0
.build: already installed, replacing
stashing as .build:0
build: already installed, replacing
stashing as build:0
spice: already installed, replacing
stashing as spice:0
`spice: already installed, replacing
stashing as `spice:0
acs: already installed, replacing
stashing as acs:0
.endc: already installed, replacing
stashing as .endc:0
.control: already installed, replacing
stashing as .control:0
verilog: already installed, replacing
stashing as verilog:0
paramset: already installed, replacing
stashing as paramset:0
module: already installed, replacing
stashing as module:0
macromodule: already installed, replacing
stashing as macromodule:0
verilog: already installed, replacing
stashing as verilog:0
quit: already installed, replacing
stashing as quit:0
exit: already installed, replacing
stashing as exit:0
detach_all: already installed, replacing
stashing as detach_all:0
paramset NMOS bsim4va;
  parameter real l=0.09u;
  parameter real w=10.0u;
 .l=l; .w=w; .type=1; .level=14; .version=4.80; .binunit=1; .paramchk=1; .mobmod=0; .capmod=1; .igcmod=1; .igbmod=1; .geomod=1; .diomod=1; .rdsmod=0; .rbodymod=0; .rgatemod=1; .permod=1; .acnqsmod=0; .trnqsmod=0; .tempmod=0; .mtrlmod=1; .cvchargemod=0; .mtrlcompatmod=1; .gidlmod=0; .wpemod=0; .eot=1.8e-009; .vddeot=1.5; .ados=1.1; .bdos=1.0; .tnom=25; .toxe=1.8e-009; .toxp=10e-010; .toxm=1.8e-009; .dtox=8e-10; .epsrox=3.9; .wint=5e-009; .lint=1e-009; .ll=0; .wl=0; .lln=1; .wln=1; .lw=0; .ww=0; .lwn=1; .wwn=1; .lwl=0; .wwl=0; .xpart=1; .toxref=1.4e-009; .phig=4.05; .epsrgate=11.7; .saref=5e-6; .sbref=5e-6; .wlod=2e-6; .ku0=(- 4e-6); .kvsat=0.2; .kvth0=(- 2e-8); .tku0=0.0; .llodku0=1.1; .wlodku0=1.1; .llodvth=1.0; .wlodvth=1.0; .lku0=1e-6; .wku0=1e-6; .pku0=0.0; .lkvth0=1.1e-6; .wkvth0=1.1e-6; .pkvth0=0.0; .stk2=0.0; .lodk2=1.0; .steta0=0.0; .lodeta0=1.0; .lambda=4e-10; .vsat=1.1e+005; .vtl=2.0e5; .xn=6.0; .lc=5e-9; .rnoia=0.577; .rnoib=0.37; .tvoff=0.0; .tvfbsdoff=0.0; .vth0=0.25; .k1=0.35; .k2=0.05; .k3=0; .k3b=0; .w0=2.5e-006; .dvt0=1.8; .dvt1=0.52; .dvt2=(- 0.032); .dvt0w=0; .dvt1w=0; .dvt2w=0; .dsub=2; .minv=0.05; .voffl=0; .dvtp0=1e-007; .minvcv=2; .voffcvl=0; .dvtp1=0.05; .lpe0=5.75e-008; .lpeb=2.3e-010; .xj=2e-008; .ngate=5e+020; .ndep=2.8e+018; .nsd=1e+020; .phin=0; .cdsc=0.0002; .cdscb=0; .cdscd=0; .cit=0; .voff=(- 0.15); .nfactor=1.2; .eta0=0.05; .etab=0; .vfb=(- 0.55); .u0=0.032; .ua=5.0e-011; .ub=3.5e-018; .uc=(- 3e-011); .a0=2; .ags=1e-020; .a1=0; .a2=1; .b0=(- 1e-020); .b1=0; .keta=0.04; .dwg=0; .dwb=0; .pclm=0.08; .pdiblc1=0.028; .pdiblc2=0.022; .pdiblcb=(- 0.005); .drout=0.45; .pvag=1e-020; .delta=0.01; .pscbe1=8.14e+008; .pscbe2=5e-008; .fprout=0.2; .pdits=0.2; .pditsd=0.23; .pditsl=2.3e+006; .rsh=0; .rdsw=50; .rsw=50; .rdw=50; .rdswmin=0; .rdwmin=0; .rswmin=0; .prwg=0; .prwb=6.8e-011; .wr=1; .alpha0=0.074; .alpha1=0.005; .beta0=30; .agidl=0.0001; .bgidl=2.1e+009; .cgidl=0.0001; .egidl=0.8; .agisl=0.0002; .bgisl=2.1e+009; .cgisl=0.0002; .egisl=(- 0.28); .aigbacc=0.012; .bigbacc=0.0028; .cigbacc=0.002; .nigbacc=1; .aigbinv=0.014; .bigbinv=0.004; .cigbinv=0.004; .eigbinv=1.1; .nigbinv=3; .aigc=0.012; .bigc=0.0028; .cigc=0.002; .aigs=0.012; .bigs=0.0028; .cigs=0.002; .nigc=1; .poxedge=1; .pigcd=1; .ntox=1; .aigd=0.01; .bigd=0.003; .cigd=0.0015; .xrcrg1=12; .xrcrg2=5; .cgso=6.238e-010; .cgdo=6.238e-010; .cgbo=2.56e-011; .cgdl=2.495e-10; .cgsl=2.495e-10; .ckappas=0.03; .ckappad=0.03; .acde=1; .moin=15; .noff=0.9; .voffcv=(- 0.02); .kt1=(- 0.37); .kt1l=0.0; .kt2=(- 0.042); .ute=(- 1.5); .ua1=1e-009; .ub1=(- 3.5e-019); .uc1=0; .prt=0; .at=53000; .fnoimod=1; .tnoimod=0; .jss=0.0001; .jsws=1e-011; .jswgs=1e-010; .njs=1; .ijthsfwd=0.01; .ijthsrev=0.001; .bvs=10; .xjbvs=1; .jsd=0.0001; .jswd=1e-011; .jswgd=1e-010; .njd=1; .ijthdfwd=0.01; .ijthdrev=0.001; .bvd=10; .xjbvd=1; .pbs=1; .cjs=0.0005; .mjs=0.5; .pbsws=1; .cjsws=5e-010; .mjsws=0.33; .pbswgs=1; .cjswgs=3e-010; .mjswgs=0.33; .pbd=1; .cjd=0.0005; .mjd=0.5; .pbswd=1; .cjswd=5e-010; .mjswd=0.33; .pbswgd=1; .cjswgd=5e-010; .mjswgd=0.33; .tpb=0.005; .tcj=0.001; .tpbsw=0.005; .tcjsw=0.001; .tpbswg=0.005; .tcjswg=0.001; .xtis=3; .xtid=3; .dmcg=8e-006; .dmci=3e-006; .dmdg=2e-006; .dmcgt=1e-007; .dwj=0.0e-008; .xgw=0e-007; .xgl=0e-008; .rshg=0.4; .gbmin=1e-010; .rbpb=5; .rbpd=15; .rbps=15; .rbdb=15; .rbsb=15; .ngcon=1; .jtss=1e-4; .jtsd=1e-4; .jtssws=1e-10; .jtsswd=1e-10; .jtsswgs=1e-7; .jtsswgd=1e-7; .njts=20.0; .njtssw=15; .njtsswg=6; .vtss=10; .vtsd=10; .vtssws=10; .vtsswd=10; .njtsd=15.0; .njtsswd=20; .njtsswgd=6; .tnjts=0.1; .tnjtsd=0.05; .vtsswgs=2; .vtsswgd=2; .xtss=0.02; .xtsd=0.02; .xtssws=0.02; .xtsswd=0.02; .xtsswgs=0.02; .xtsswgd=0.02;
endparamset

paramset PMOS bsim4va;
  parameter real l=0.09u;
  parameter real w=10.0u;
 .l=l; .w=w; .type=(- 1); .level=14; .version=4.80; .binunit=1; .paramchk=1; .mobmod=0; .capmod=1; .igcmod=1; .igbmod=1; .geomod=1; .diomod=1; .rdsmod=0; .rbodymod=0; .rgatemod=1; .permod=1; .acnqsmod=0; .trnqsmod=0; .tempmod=0; .mtrlmod=1; .cvchargemod=0; .mtrlcompatmod=1; .gidlmod=0; .wpemod=0; .eot=1.8e-009; .vddeot=(- 1.5); .ados=1.1; .bdos=1.0; .tnom=27; .toxe=1.8e-009; .toxp=10e-010; .toxm=1.8e-009; .dtox=8e-10; .epsrox=3.9; .wint=5e-009; .lint=1e-009; .ll=0; .wl=0; .lln=1; .wln=1; .lw=0; .ww=0; .lwn=1; .wwn=1; .lwl=0; .wwl=0; .xpart=0; .toxref=1.8e-9; .phig=4.05; .epsrgate=11.7; .saref=5e-6; .sbref=5e-6; .wlod=2e-6; .ku0=4e-6; .kvsat=0.2; .kvth0=(- 2e-8); .tku0=0.0; .llodku0=1.1; .wlodku0=1.1; .llodvth=1.0; .wlodvth=1.0; .lku0=1e-6; .wku0=1e-6; .pku0=0.0; .lkvth0=1.1e-6; .wkvth0=1.1e-6; .pkvth0=0.0; .stk2=0.0; .lodk2=1.0; .steta0=0.0; .lodeta0=1.0; .lambda=4e-10; .vsat=1.1e+005; .vtl=2.0e5; .xn=6.0; .lc=5e-9; .rnoia=0.577; .rnoib=0.37; .tvoff=0.0; .tvfbsdoff=0.0; .vth0=(- 0.25); .k1=0.35; .k2=0.05; .k3=0; .k3b=0; .w0=2.5e-006; .dvt0=1.8; .dvt1=0.52; .dvt2=(- 0.032); .dvt0w=0; .dvt1w=0; .dvt2w=0; .dsub=2; .minv=0.05; .voffl=0; .dvtp0=1e-007; .minvcv=2; .voffcvl=0; .dvtp1=0.05; .lpe0=5.75e-008; .lpeb=2.3e-010; .xj=2e-008; .ngate=5e+020; .ndep=2.8e+018; .nsd=1e+020; .phin=0; .cdsc=0.0002; .cdscb=0; .cdscd=0; .cit=0; .voff=(- 0.15); .nfactor=1.2; .eta0=0.05; .etab=0; .vfb=0.55; .u0=0.0095; .ua=5.0e-011; .ub=3.5e-018; .uc=(- 3e-011); .a0=2; .ags=1e-020; .a1=0; .a2=1; .b0=(- 1e-020); .b1=0; .keta=0.04; .dwg=0; .dwb=0; .pclm=0.08; .pdiblc1=0.028; .pdiblc2=0.022; .pdiblcb=(- 0.005); .drout=0.45; .pvag=1e-020; .delta=0.01; .pscbe1=8.14e+008; .pscbe2=5e-008; .fprout=0.2; .pdits=0.2; .pditsd=0.23; .pditsl=2.3e+006; .rsh=0; .rdsw=50; .rsw=50; .rdw=50; .rdswmin=0; .rdwmin=0; .rswmin=0; .prwg=0; .prwb=6.8e-011; .wr=1; .alpha0=0.074; .alpha1=0.005; .beta0=30; .agidl=0.0002; .bgidl=2.1e+009; .cgidl=0.0002; .egidl=0.8; .agisl=0.0003; .bgisl=2.5e+009; .cgisl=0.0003; .egisl=(- 0.28); .aigbacc=0.012; .bigbacc=0.0028; .cigbacc=0.002; .nigbacc=1; .aigbinv=0.014; .bigbinv=0.004; .cigbinv=0.004; .eigbinv=1.1; .nigbinv=3; .aigc=0.012; .bigc=0.0028; .cigc=0.002; .aigs=0.012; .bigs=0.0028; .cigs=0.002; .nigc=1; .poxedge=1; .pigcd=1; .ntox=1; .aigd=0.01; .bigd=0.003; .cigd=0.0015; .xrcrg1=12; .xrcrg2=5; .cgso=6.238e-010; .cgdo=6.238e-010; .cgbo=2.56e-011; .cgdl=2.495e-10; .cgsl=2.495e-10; .ckappas=0.03; .ckappad=0.03; .acde=1; .moin=15; .noff=0.9; .voffcv=0.02; .kt1=(- 0.37); .kt1l=0.0; .kt2=(- 0.042); .ute=(- 1.5); .ua1=1e-009; .ub1=(- 3.5e-019); .uc1=0; .prt=0; .at=53000; .fnoimod=1; .tnoimod=0; .jss=0.0001; .jsws=1e-011; .jswgs=1e-010; .njs=1; .ijthsfwd=0.01; .ijthsrev=0.001; .bvs=10; .xjbvs=1; .jsd=0.0001; .jswd=1e-011; .jswgd=1e-010; .njd=1; .ijthdfwd=0.01; .ijthdrev=0.001; .bvd=10; .xjbvd=1; .pbs=1; .cjs=0.0005; .mjs=0.5; .pbsws=1; .cjsws=5e-010; .mjsws=0.33; .pbswgs=1; .cjswgs=3e-010; .mjswgs=0.33; .pbd=1; .cjd=0.0005; .mjd=0.5; .pbswd=1; .cjswd=5e-010; .mjswd=0.33; .pbswgd=1; .cjswgd=5e-010; .mjswgd=0.33; .tpb=0.005; .tcj=0.001; .tpbsw=0.005; .tcjsw=0.001; .tpbswg=0.005; .tcjswg=0.001; .xtis=3; .xtid=3; .dmcg=8e-006; .dmci=3e-006; .dmdg=2e-006; .dmcgt=1e-007; .dwj=0.0e-008; .xgw=0e-007; .xgl=0e-008; .rshg=0.4; .gbmin=1e-010; .rbpb=5; .rbpd=15; .rbps=15; .rbdb=15; .rbsb=15; .ngcon=1; .jtss=1e-4; .jtsd=1e-4; .jtssws=1e-10; .jtsswd=1e-10; .jtsswgs=1e-7; .jtsswgd=1e-7; .njts=20.0; .njtssw=15; .njtsswg=4; .vtss=10; .vtsd=10; .vtssws=10; .vtsswd=10; .njtsd=15.0; .njtsswd=20; .njtsswgd=6; .tnjts=0.1; .tnjtsd=0.05; .vtsswgs=2; .vtsswgd=2; .xtss=0.02; .xtsd=0.02; .xtssws=0.02; .xtsswd=0.02; .xtsswgs=0.02; .xtsswgd=0.02;
endparamset

parameter real L=0.09u; // MOSFET length 
parameter real WN=10.0u; // NMOS width 
parameter real WP=20.0u; // PMOS width 
parameter real VNOM=1.2; // Nominal supply (V) 
// 1-bit Digital Comparator module
// Not-gate
module NOT (.in(in),.out(out),.vdd(vdd),.gnd(gnd));
  parameter real WN=10u;
  parameter real WP=20u;
  parameter real L=0.09u;
      input in;
      output out;
      electrical in,out,vdd,gnd;
  PMOS #(.w(WP),.l(L)) M1 (.d(out),.g(in),.s(vdd),.b(vdd));
  NMOS #(.w(WN),.l(L)) M2 (.d(out),.g(in),.s(gnd),.b(gnd));
endmodule // NOT

// CMOS AND2 Gate
// CMOS NAND2 Gate
module NAND2 (.in1(in1),.in2(in2),.out(out),.vdd(vdd),.gnd(gnd));
  parameter real WN=10u;
  parameter real WP=20u;
  parameter real L=0.09u;
      input in1, in2;
      output out;
      electrical in1, in2, out, vdd, gnd;
      electrical t1;
  PMOS #(.w(WP),.l(L)) MP1 (.d(vdd),.g(in1),.s(out),.b(vdd));
  PMOS #(.w(WP),.l(L)) MP2 (.d(vdd),.g(in2),.s(out),.b(vdd));
  NMOS #(.w(WN),.l(L)) MN1 (.d(t1),.g(in1),.s(out),.b(gnd));
  NMOS #(.w(WN),.l(L)) MN2 (.d(gnd),.g(in2),.s(t1),.b(gnd));
endmodule // NAND2

// Not-gate
module NOT (.in(in),.out(out),.vdd(vdd),.gnd(gnd));
  parameter real WN=10u;
  parameter real WP=20u;
  parameter real L=0.09u;
      input in;
      output out;
      electrical in,out,vdd,gnd;
  PMOS #(.w(WP),.l(L)) M1 (.d(out),.g(in),.s(vdd),.b(vdd));
  NMOS #(.w(WN),.l(L)) M2 (.d(out),.g(in),.s(gnd),.b(gnd));
endmodule // NOT

module AND2 (.in1(in1),.in2(in2),.out(out),.vdd(vdd),.gnd(gnd));
  parameter real WN=10u;
  parameter real WP=20u;
  parameter real L=0.09u;
      input in1, in2;
      output out;
      electrical in1, in2, out, vdd, gnd;
  NAND2 #(.WN(WN),.WP(WP),.L(L)) XNAND2 (in1, in2, out1, vdd, gnd);
  NOT #(.WN(WN),.WP(WP),.L(L)) XNOT (out1, out, vdd, gnd);
endmodule // AND2

// CMOS OR2 Gate
// CMOS NOR2 Gate
module NOR2 (.in1(in1),.in2(in2),.out(out),.vdd(vdd),.gnd(gnd));
  parameter real WN=10u;
  parameter real WP=20u;
  parameter real L=0.09u;
      input in1, in2;
      output out;
      electrical in1, in2, out, vdd, gnd;
  PMOS #(.w(WP),.l(L)) MP1 (.d(t1),.g(in1),.s(out),.b(vdd));
  PMOS #(.w(WP),.l(L)) MP2 (.d(vdd),.g(in2),.s(t1),.b(vdd));
  NMOS #(.w(WN),.l(L)) MN1 (.d(gnd),.g(in1),.s(out),.b(gnd));
  NMOS #(.w(WN),.l(L)) MN2 (.d(gnd),.g(in2),.s(out),.b(gnd));
endmodule // NOR2

// Not-gate
module NOT (.in(in),.out(out),.vdd(vdd),.gnd(gnd));
  parameter real WN=10u;
  parameter real WP=20u;
  parameter real L=0.09u;
      input in;
      output out;
      electrical in,out,vdd,gnd;
  PMOS #(.w(WP),.l(L)) M1 (.d(out),.g(in),.s(vdd),.b(vdd));
  NMOS #(.w(WN),.l(L)) M2 (.d(out),.g(in),.s(gnd),.b(gnd));
endmodule // NOT

module OR2 (.in1(in1),.in2(in2),.out(out),.vdd(vdd),.gnd(gnd));
  parameter real WN=10u;
  parameter real WP=20u;
  parameter real L=0.09u;
      input  in1, in2, vdd, gnd;
      output out;
      electrical in1, in2, out, vdd, gnd;
  NOR2 #(.WN(WN),.WP(WP),.L(L)) U1 (in1, in2, nor_out, vdd, gnd);
  NOT #(.WN(WN),.WP(WP),.L(L)) U2 (nor_out, out, vdd, gnd);
endmodule // OR2

module comparator (.A(A),.B(B),.A_GT_B(A_GT_B),.A_LT_B(A_LT_B),.A_EQ_B(A_EQ_B),.vdd(vdd),.gnd(gnd));
  parameter real WN=10u;
  parameter real WP=20u;
  parameter real L=0.09u;
  parameter real RSH=1G;
      input A, B, vdd, gnd;
      output A_GT_B, A_LT_B, A_EQ_B;
      electrical A, B, A_GT_B, A_LT_B, A_EQ_B, vdd, gnd;
  //    // Inverters
  NOT #(.L(L),.WN(WN),.WP(WP)) NOT1 (A, Anot, vdd, gnd);
  NOT #(.L(L),.WN(WN),.WP(WP)) NOT2 (B, Bnot, vdd, gnd);
  //    // A > B
  AND2 #(.L(L),.WN(WN),.WP(WP)) X1AND2 (A, Bnot, A_GT_B, vdd, gnd);
  //    // A < B
  AND2 #(.L(L),.WN(WN),.WP(WP)) X2AND2 (Anot, B, A_LT_B, vdd, gnd);
  //    // A = B
  AND2 #(.L(L),.WN(WN),.WP(WP)) X3AND2 (A, B, t1, vdd, gnd);
  AND2 #(.L(L),.WN(WN),.WP(WP)) X4AND2 (Anot, Bnot, t2, vdd, gnd);
  OR2 #(.L(L),.WN(WN),.WP(WP)) XOR2 (t1, t2, A_EQ_B, vdd, gnd);
  resistor #(.r(RSH)) Rsh_Anot (Anot, gnd);
  resistor #(.r(RSH)) Rsh_Bnot (Bnot, gnd);
  resistor #(.r(RSH)) Rsh_t1 (t1, gnd);
  resistor #(.r(RSH)) Rsh_t2 (t2, gnd);
  resistor #(.r(RSH)) RshA (A, gnd);
  resistor #(.r(RSH)) RshB (B, gnd);
  resistor #(.r(RSH)) RshGT (A_GT_B, gnd);
  resistor #(.r(RSH)) RshLT (A_LT_B, gnd);
  resistor #(.r(RSH)) RshEQ (A_EQ_B, gnd);
endmodule // comparator

//TODO: workaround for op convergence issues
//vmin/vmax are clamped to stabilize initial DC solution
ground gnd;
comparator #(.WN(WN),.WP(WP),.L(L)) UCOMP (A, B, A_GT_B, A_LT_B, A_EQ_B, vdd, gnd);
vsource #(.dc(VNOM)) Vdd (.p(vdd),.n(gnd));
vpulse #(.val0(0.0),.val1(VNOM),.td(0.1n),.rise(0.1n),.fall(0.1n),.width(2.0n),.period(4.0n)) Vin1 (.p(A),.n(gnd));
vpulse #(.val0(0.0),.val1(VNOM),.td(1.1n),.rise(0.1n),.fall(0.1n),.width(2.0n),.period(4.0n)) Vin2 (.p(B),.n(gnd));
UCOMP.NOT1 ambiguous overload in NOT
UCOMP.NOT1 ambiguous overload in NOT
UCOMP.NOT2 ambiguous overload in NOT
UCOMP.NOT2 ambiguous overload in NOT
UCOMP.X1AND2.XNOT ambiguous overload in NOT
UCOMP.X1AND2.XNOT ambiguous overload in NOT
UCOMP.X2AND2.XNOT ambiguous overload in NOT
UCOMP.X2AND2.XNOT ambiguous overload in NOT
UCOMP.X3AND2.XNOT ambiguous overload in NOT
UCOMP.X3AND2.XNOT ambiguous overload in NOT
UCOMP.X4AND2.XNOT ambiguous overload in NOT
UCOMP.X4AND2.XNOT ambiguous overload in NOT
UCOMP.XOR2.U2 ambiguous overload in NOT
UCOMP.XOR2.U2 ambiguous overload in NOT
#Time       v(A)       v(B)       v(A_GT_B)  v(A_LT_B)  v(A_EQ_B) 
 0.         286.1E-12  285.8E-12  34.185E-6  37.029E-6  1.1993    
 10.E-12    287.6E-12  285.8E-12  34.186E-6  37.02E-6   1.1993    
 20.E-12    284.6E-12  285.9E-12  34.185E-6  36.999E-6  1.1993    
 30.E-12    287.4E-12  285.8E-12  34.185E-6  37.018E-6  1.1993    
 40.E-12    284.9E-12  285.8E-12  34.185E-6  37.019E-6  1.1993    
 50.E-12    287.2E-12  285.8E-12  34.185E-6  37.024E-6  1.1993    
 60.E-12    285.2E-12  285.8E-12  34.185E-6  37.028E-6  1.1993    
 70.E-12    286.9E-12  285.9E-12  34.185E-6  37.027E-6  1.1993    
 80.E-12    285.4E-12  285.8E-12  34.185E-6  37.031E-6  1.1993    
 90.E-12    286.8E-12  285.9E-12  34.185E-6  37.028E-6  1.1993    
 100.E-12   285.6E-12  285.8E-12  34.185E-6  37.032E-6  1.1993    
 110.E-12   0.12       732.5E-12  0.0011123  101.19E-6  1.1993    
 120.E-12   0.24       677.3E-12  0.0015616  95.583E-6  1.1993    
 130.E-12   0.36       575.8E-12  0.0015172  60.177E-6  1.1993    
 140.E-12   0.48       558.8E-12  0.0010236  9.8196E-6  1.1993    
 150.E-12   0.6        518.6E-12 -17.191E-6 -71.039E-6  1.1993    
 160.E-12   0.72       454.7E-12 -0.0016261 -185.68E-6  1.1993    
 170.E-12   0.84       359.3E-12 -0.0037143 -361.29E-6  1.1993    
 180.E-12   0.96       255.4E-12 -0.0064283 -574.98E-6  1.1993    
 190.E-12   1.08       301.3E-12 -0.0091942 -743.17E-6  1.1993    
 200.E-12   1.2        358.3E-12 -0.01188   -911.5E-6   1.1993    
 210.E-12   1.2        112.3E-12 -0.01455   -943.12E-6  1.1993    
 220.E-12   1.2        410.1E-12 -0.015305  -483.59E-6  1.1993    
 230.E-12   1.2        590.4E-12 -0.014117   24.219E-6  1.1993    
 240.E-12   1.2        679.9E-12 -0.0078515  389.89E-6  1.1993    
 250.E-12   1.2        668.4E-12  0.0072193  580.1E-6   1.1993    
 260.E-12   1.2        634.2E-12  0.036298   595.8E-6   1.1993    
 270.E-12   1.2        570.7E-12  0.09227    516.91E-6  1.1993    
 280.E-12   1.2        525.E-12   0.18213    407.53E-6  1.1992    
 290.E-12   1.2        481.1E-12  0.30136    304.91E-6  1.1991    
 300.E-12   1.2        451.1E-12  0.44191    221.68E-6  1.199     
 310.E-12   1.2        417.3E-12  0.59704    159.65E-6  1.1989    
 320.E-12   1.2        394.3E-12  0.75928    114.98E-6  1.1987    
 330.E-12   1.2        364.9E-12  0.91149    84.298E-6  1.1985    
 340.E-12   1.2        344.2E-12  1.0275     63.726E-6  1.1984    
 350.E-12   1.2        323.6E-12  1.0999     50.556E-6  1.1982    
 360.E-12   1.2        316.4E-12  1.1419     41.914E-6  1.198     
 370.E-12   1.2        309.5E-12  1.1658     36.393E-6  1.1978    
 380.E-12   1.2        312.E-12   1.179      33.384E-6  1.198     
 390.E-12   1.2        314.9E-12  1.1864     32.597E-6  1.1984    
 400.E-12   1.2        324.9E-12  1.1907     32.457E-6  1.1992    
 410.E-12   1.2        308.4E-12  1.1932     32.197E-6  1.2013    
 420.E-12   1.2        288.5E-12  1.1948     31.803E-6  1.2053    
 430.E-12   1.2        291.2E-12  1.1959     31.691E-6  1.2097    
 440.E-12   1.2        290.8E-12  1.1966     31.882E-6  1.2138    
 450.E-12   1.2        295.7E-12  1.1972     32.346E-6  1.2171    
 460.E-12   1.2        298.1E-12  1.1976     32.908E-6  1.2196    
 470.E-12   1.2        299.4E-12  1.1979     33.471E-6  1.2211    
 480.E-12   1.2        300.3E-12  1.1982     33.973E-6  1.221     
 490.E-12   1.2        299.5E-12  1.1984     34.377E-6  1.2176    
 500.E-12   1.2        299.5E-12  1.1986     34.704E-6  1.2084    
 510.E-12   1.2        298.5E-12  1.1987     34.942E-6  1.1913    
 520.E-12   1.2        298.3E-12  1.1988     35.13E-6   1.1635    
 530.E-12   1.2        297.3E-12  1.1989     35.252E-6  1.1175    
 540.E-12   1.2        296.8E-12  1.199      35.354E-6  1.0452    
 550.E-12   1.2        295.8E-12  1.199      35.41E-6   0.94256   
 560.E-12   1.2        295.2E-12  1.1991     35.461E-6  0.81106   
 570.E-12   1.2        294.5E-12  1.1991     35.482E-6  0.65515   
 580.E-12   1.2        294.1E-12  1.1991     35.511E-6  0.48058   
 590.E-12   1.2        293.5E-12  1.1992     35.518E-6  0.30029   
 600.E-12   1.2        293.4E-12  1.1992     35.539E-6  0.15241   
 610.E-12   1.2        293.4E-12  1.1992     35.541E-6  0.068206  
 620.E-12   1.2        293.E-12   1.1992     35.554E-6  0.029684  
 630.E-12   1.2        292.1E-12  1.1992     35.546E-6  0.013907  
 640.E-12   1.2        291.1E-12  1.1992     35.55E-6   0.0076848 
 650.E-12   1.2        290.6E-12  1.1992     35.542E-6  0.0050806 
 660.E-12   1.2        290.2E-12  1.1992     35.549E-6  0.0038321 
 670.E-12   1.2        290.1E-12  1.1992     35.545E-6  0.0030867 
 680.E-12   1.2        290.E-12   1.1992     35.554E-6  0.0025733 
 690.E-12   1.2        290.E-12   1.1993     35.551E-6  0.0021645 
 700.E-12   1.2        289.9E-12  1.1993     35.558E-6  0.0018367 
 710.E-12   1.2        289.9E-12  1.1993     35.554E-6  0.001555  
 720.E-12   1.2        289.8E-12  1.1993     35.558E-6  0.0013226 
 730.E-12   1.2        289.7E-12  1.1993     35.554E-6  0.0011203 
 740.E-12   1.2        289.5E-12  1.1993     35.557E-6  952.95E-6 
 750.E-12   1.2        289.4E-12  1.1993     35.553E-6  807.35E-6 
 760.E-12   1.2        289.2E-12  1.1993     35.556E-6  687.07E-6 
 770.E-12   1.2        289.1E-12  1.1993     35.552E-6  582.64E-6 
 780.E-12   1.2        288.9E-12  1.1993     35.554E-6  496.54E-6 
 790.E-12   1.2        288.8E-12  1.1993     35.551E-6  421.94E-6 
 800.E-12   1.2        288.6E-12  1.1993     35.554E-6  360.55E-6 
 810.E-12   1.2        288.5E-12  1.1993     35.551E-6  307.45E-6 
 820.E-12   1.2        288.3E-12  1.1993     35.554E-6  263.81E-6 
 830.E-12   1.2        288.2E-12  1.1993     35.551E-6  226.11E-6 
 840.E-12   1.2        288.E-12   1.1993     35.553E-6  195.16E-6 
 850.E-12   1.2        287.9E-12  1.1993     35.551E-6  168.45E-6 
 860.E-12   1.2        287.8E-12  1.1993     35.553E-6  146.54E-6 
 870.E-12   1.2        287.7E-12  1.1993     35.551E-6  127.64E-6 
 880.E-12   1.2        287.5E-12  1.1993     35.553E-6  112.15E-6 
 890.E-12   1.2        287.4E-12  1.1993     35.552E-6  98.786E-6 
 900.E-12   1.2        287.3E-12  1.1993     35.553E-6  87.847E-6 
 910.E-12   1.2        287.2E-12  1.1993     35.552E-6  78.408E-6 
 920.E-12   1.2        287.1E-12  1.1993     35.553E-6  70.687E-6 
 930.E-12   1.2        287.1E-12  1.1993     35.552E-6  64.023E-6 
 940.E-12   1.2        287.E-12   1.1993     35.553E-6  58.575E-6 
 950.E-12   1.2        286.9E-12  1.1993     35.552E-6  53.872E-6 
 960.E-12   1.2        286.8E-12  1.1993     35.553E-6  50.03E-6  
 970.E-12   1.2        286.8E-12  1.1993     35.552E-6  46.711E-6 
 980.E-12   1.2        286.7E-12  1.1993     35.553E-6  44.002E-6 
 990.E-12   1.2        286.6E-12  1.1993     35.552E-6  41.66E-6  
 1.E-9      1.2        286.5E-12  1.1993     35.553E-6  39.751E-6 
 1.01E-9    1.2        286.5E-12  1.1993     35.552E-6  38.098E-6 
 1.02E-9    1.2        286.4E-12  1.1993     35.553E-6  36.753E-6 
 1.03E-9    1.2        286.4E-12  1.1993     35.552E-6  35.587E-6 
 1.04E-9    1.2        286.3E-12  1.1993     35.553E-6  34.64E-6  
 1.05E-9    1.2        286.3E-12  1.1993     35.552E-6  33.817E-6 
 1.06E-9    1.2        286.2E-12  1.1993     35.553E-6  33.15E-6  
 1.07E-9    1.2        286.2E-12  1.1993     35.552E-6  32.569E-6 
 1.08E-9    1.2        286.1E-12  1.1993     35.553E-6  32.1E-6   
 1.09E-9    1.2        286.1E-12  1.1993     35.553E-6  31.69E-6  
 1.1E-9     1.2        286.E-12   1.1993     35.553E-6  31.359E-6 
 1.11E-9    1.2        0.12       1.1993     670.05E-6  39.295E-6 
 1.12E-9    1.2        0.24       1.1994     740.67E-6  39.167E-6 
 1.13E-9    1.2        0.36       1.1994     583.16E-6  34.409E-6 
 1.14E-9    1.2        0.48       1.1993     397.92E-6  30.857E-6 
 1.15E-9    1.2        0.6        1.1992     272.94E-6  29.336E-6 
 1.16E-9    1.2        0.72       1.199      204.45E-6  27.947E-6 
 1.17E-9    1.2        0.84       1.1987     104.37E-6  20.569E-6 
 1.18E-9    1.2        0.96       1.1983    -177.76E-6 -993.37E-9 
 1.19E-9    1.2        1.08       1.198     -311.35E-6 -28.272E-6 
 1.2E-9     1.2        1.2        1.1978    -234.89E-6 -38.643E-6 
 1.21E-9    1.2        1.2        1.1987    -592.64E-6 -39.229E-6 
 1.22E-9    1.2        1.2        1.2018    -593.76E-6 -26.22E-6  
 1.23E-9    1.2        1.2        1.2064    -477.64E-6 -7.6367E-6 
 1.24E-9    1.2        1.2        1.2115    -354.05E-6  15.333E-6 
 1.25E-9    1.2        1.2        1.2164    -255.1E-6   58.006E-6 
 1.26E-9    1.2        1.2        1.2205    -181.46E-6  151.09E-6 
 1.27E-9    1.2        1.2        1.2235    -127.09E-6  307.25E-6 
 1.28E-9    1.2        1.2        1.2244    -86.962E-6  543.71E-6 
 1.29E-9    1.2        1.2        1.2208    -56.957E-6  894.44E-6 
 1.3E-9     1.2        1.2        1.2084    -34.405E-6  0.0012771 
 1.31E-9    1.2        1.2        1.1837    -17.362E-6  0.0015496 
 1.32E-9    1.2        1.2        1.1386    -4.4699E-6  0.0015863 
 1.33E-9    1.2        1.2        1.0569     5.0285E-6  0.0011169 
 1.34E-9    1.2        1.2        0.93166    12.214E-6 -261.91E-6 
 1.35E-9    1.2        1.2        0.76411    17.744E-6 -0.0029413 
 1.36E-9    1.2        1.2        0.56179    21.951E-6 -0.0070274 
 1.37E-9    1.2        1.2        0.34349    25.11E-6  -0.012132  
 1.38E-9    1.2        1.2        0.16471    27.481E-6 -0.017481  
 1.39E-9    1.2        1.2        0.06955    29.236E-6 -0.022102  
 1.4E-9     1.2        1.2        0.029237   30.542E-6 -0.02216   
 1.41E-9    1.2        1.2        0.013445   31.487E-6 -0.004904  
 1.42E-9    1.2        1.2        0.007005   32.18E-6   0.048621  
 1.43E-9    1.2        1.2        0.004396   32.698E-6  0.16188   
 1.44E-9    1.2        1.2        0.0031083  33.089E-6  0.32348   
 1.45E-9    1.2        1.2        0.0023307  33.379E-6  0.51656   
 1.46E-9    1.2        1.2        0.0017893  33.582E-6  0.72197   
 1.47E-9    1.2        1.2        0.0013891  33.728E-6  0.90682   
 1.48E-9    1.2        1.2        0.001083   33.839E-6  1.0353    
 1.49E-9    1.2        1.2        849.03E-6  33.928E-6  1.1091    
 1.5E-9     1.2        1.2        668.21E-6  33.999E-6  1.1501    
 1.51E-9    1.2        1.2        527.94E-6  34.055E-6  1.1727    
 1.52E-9    1.2        1.2        419.39E-6  34.096E-6  1.1848    
 1.53E-9    1.2        1.2        335.67E-6  34.125E-6  1.1912    
 1.54E-9    1.2        1.2        270.81E-6  34.144E-6  1.1947    
 1.55E-9    1.2        1.2        220.73E-6  34.159E-6  1.1966    
 1.56E-9    1.2        1.2        181.86E-6  34.169E-6  1.1977    
 1.57E-9    1.2        1.2        151.79E-6  34.177E-6  1.1983    
 1.58E-9    1.2        1.2        128.37E-6  34.182E-6  1.1987    
 1.59E-9    1.2        1.2        110.19E-6  34.187E-6  1.1989    
 1.6E-9     1.2        1.2        95.973E-6  34.19E-6   1.1991    
 1.61E-9    1.2        1.2        84.89E-6   34.192E-6  1.1991    
 1.62E-9    1.2        1.2        76.163E-6  34.194E-6  1.1992    
 1.63E-9    1.2        1.2        69.319E-6  34.195E-6  1.1992    
 1.64E-9    1.2        1.2        63.887E-6  34.196E-6  1.1992    
 1.65E-9    1.2        1.2        59.593E-6  34.197E-6  1.1992    
 1.66E-9    1.2        1.2        56.15E-6   34.197E-6  1.1992    
 1.67E-9    1.2        1.2        53.4E-6    34.198E-6  1.1993    
 1.68E-9    1.2        1.2        51.168E-6  34.198E-6  1.1993    
 1.69E-9    1.2        1.2        49.363E-6  34.198E-6  1.1993    
 1.7E-9     1.2        1.2        47.877E-6  34.198E-6  1.1993    
 1.71E-9    1.2        1.2        46.657E-6  34.198E-6  1.1993    
 1.72E-9    1.2        1.2        45.636E-6  34.198E-6  1.1993    
 1.73E-9    1.2        1.2        44.785E-6  34.199E-6  1.1993    
 1.74E-9    1.2        1.2        44.061E-6  34.198E-6  1.1993    
 1.75E-9    1.2        1.2        43.447E-6  34.199E-6  1.1993    
 1.76E-9    1.2        1.2        42.915E-6  34.198E-6  1.1993    
 1.77E-9    1.2        1.2        42.456E-6  34.199E-6  1.1993    
 1.78E-9    1.2        1.2        42.052E-6  34.198E-6  1.1993    
 1.79E-9    1.2        1.2        41.699E-6  34.199E-6  1.1993    
 1.8E-9     1.2        1.2        41.383E-6  34.198E-6  1.1993    
 1.81E-9    1.2        1.2        41.103E-6  34.199E-6  1.1993    
 1.82E-9    1.2        1.2        40.849E-6  34.198E-6  1.1993    
 1.83E-9    1.2        1.2        40.621E-6  34.199E-6  1.1993    
 1.84E-9    1.2        1.2        40.413E-6  34.198E-6  1.1993    
 1.85E-9    1.2        1.2        40.224E-6  34.199E-6  1.1993    
 1.86E-9    1.2        1.2        40.049E-6  34.199E-6  1.1993    
 1.87E-9    1.2        1.2        39.889E-6  34.199E-6  1.1993    
 1.88E-9    1.2        1.2        39.741E-6  34.199E-6  1.1993    
 1.89E-9    1.2        1.2        39.605E-6  34.199E-6  1.1993    
 1.9E-9     1.2        1.2        39.477E-6  34.199E-6  1.1993    
 1.91E-9    1.2        1.2        39.359E-6  34.199E-6  1.1993    
 1.92E-9    1.2        1.2        39.249E-6  34.199E-6  1.1993    
 1.93E-9    1.2        1.2        39.146E-6  34.199E-6  1.1993    
 1.94E-9    1.2        1.2        39.048E-6  34.199E-6  1.1993    
 1.95E-9    1.2        1.2        38.958E-6  34.199E-6  1.1993    
 1.96E-9    1.2        1.2        38.872E-6  34.198E-6  1.1993    
 1.97E-9    1.2        1.2        38.792E-6  34.199E-6  1.1993    
 1.98E-9    1.2        1.2        38.716E-6  34.199E-6  1.1993    
 1.99E-9    1.2        1.2        38.645E-6  34.199E-6  1.1993    
 2.E-9      1.2        1.2        38.577E-6  34.199E-6  1.1993    
 2.01E-9    1.2        1.2        38.513E-6  34.199E-6  1.1993    
 2.02E-9    1.2        1.2        38.452E-6  34.198E-6  1.1993    
 2.03E-9    1.2        1.2        38.395E-6  34.199E-6  1.1993    
 2.04E-9    1.2        1.2        38.341E-6  34.198E-6  1.1993    
 2.05E-9    1.2        1.2        38.289E-6  34.199E-6  1.1993    
 2.06E-9    1.2        1.2        38.24E-6   34.199E-6  1.1993    
 2.07E-9    1.2        1.2        38.193E-6  34.199E-6  1.1993    
 2.08E-9    1.2        1.2        38.149E-6  34.199E-6  1.1993    
 2.09E-9    1.2        1.2        38.107E-6  34.199E-6  1.1993    
 2.1E-9     1.2        1.2        38.066E-6  34.199E-6  1.1993    
 2.11E-9    1.2        1.2        38.028E-6  34.199E-6  1.1993    
 2.12E-9    1.2        1.2        37.992E-6  34.199E-6  1.1993    
 2.13E-9    1.2        1.2        37.957E-6  34.199E-6  1.1993    
 2.14E-9    1.2        1.2        37.923E-6  34.199E-6  1.1993    
 2.15E-9    1.2        1.2        37.891E-6  34.199E-6  1.1993    
 2.16E-9    1.2        1.2        37.86E-6   34.198E-6  1.1993    
 2.17E-9    1.2        1.2        37.831E-6  34.199E-6  1.1993    
 2.18E-9    1.2        1.2        37.803E-6  34.198E-6  1.1993    
 2.19E-9    1.2        1.2        37.777E-6  34.199E-6  1.1993    
 2.2E-9     1.2        1.2        37.751E-6  34.198E-6  1.1993    
 2.21E-9    1.08       1.2       -603.42E-6 -52.567E-6  1.1993    
 2.22E-9    0.96       1.2       -684.63E-6 -54.762E-6  1.1993    
 2.23E-9    0.84       1.2       -588.7E-6  -33.245E-6  1.1993    
 2.24E-9    0.72       1.2       -552.45E-6 -5.6905E-6  1.1993    
 2.25E-9    0.6        1.2       -557.46E-6  55.71E-6   1.1993    
 2.26E-9    0.48       1.2       -400.87E-6  198.1E-6   1.1993    
 2.27E-9    0.36       1.2       -165.07E-6  450.4E-6   1.1993    
 2.28E-9    0.24       1.2       -33.055E-6  787.36E-6  1.1993    
 2.29E-9    0.12       1.2       -10.334E-6  0.0010913  1.1993    
 2.3E-9     37.65E-9   1.2       -120.42E-6  0.0013037  1.1993    
 2.31E-9    6.9446E-9  1.2        619.21E-6  0.001287   1.1993    
 2.32E-9    6.4202E-9  1.2        720.2E-6   532.86E-6  1.1992    
 2.33E-9    6.0628E-9  1.2        554.26E-6 -861.84E-6  1.1991    
 2.34E-9    5.6528E-9  1.2        370.37E-6 -0.0026176  1.1989    
 2.35E-9    5.4497E-9  1.2        239.72E-6 -0.0048498  1.1987    
 2.36E-9    5.0533E-9  1.2        156.74E-6 -0.0072688  1.1983    
 2.37E-9    4.3693E-9  1.2        106.8E-6  -0.0094078  1.198     
 2.38E-9    3.6608E-9  1.2        77.702E-6 -0.011233   1.1977    
 2.39E-9    3.0066E-9  1.2        60.459E-6 -0.012692   1.1978    
 2.4E-9     2.4224E-9  1.2        50.143E-6 -0.013491   1.1989    
 2.41E-9    1.9493E-9  1.2        43.959E-6 -0.012753   1.202     
 2.42E-9    1.5968E-9  1.2        40.317E-6 -0.0079552  1.2074    
 2.43E-9    1.3703E-9  1.2        38.191E-6  0.004722   1.2132    
 2.44E-9    1.1745E-9  1.2        36.988E-6  0.029523   1.2178    
 2.45E-9    998.2E-12  1.2        36.305E-6  0.077515   1.221     
 2.46E-9    844.6E-12  1.2        35.959E-6  0.15883    1.2227    
 2.47E-9    719.4E-12  1.2        35.795E-6  0.27101    1.2225    
 2.48E-9    624.2E-12  1.2        35.754E-6  0.4063     1.2187    
 2.49E-9    552.6E-12  1.2        35.748E-6  0.55774    1.2087    
 2.5E-9     499.2E-12  1.2        35.766E-6  0.71859    1.1908    
 2.51E-9    454.6E-12  1.2        35.77E-6   0.8753     1.1617    
 2.52E-9    417.E-12   1.2        35.771E-6  1.0024     1.1138    
 2.53E-9    386.6E-12  1.2        35.76E-6   1.0848     1.0391    
 2.54E-9    363.5E-12  1.2        35.751E-6  1.1332     0.9339    
 2.55E-9    347.7E-12  1.2        35.736E-6  1.1608     0.80016   
 2.56E-9    338.4E-12  1.2        35.725E-6  1.1762     0.64236   
 2.57E-9    332.2E-12  1.2        35.708E-6  1.1848     0.46654   
 2.58E-9    326.9E-12  1.2        35.693E-6  1.1897     0.28693   
 2.59E-9    323.1E-12  1.2        35.675E-6  1.1926     0.14349   
 2.6E-9     318.8E-12  1.2        35.659E-6  1.1944     0.063863  
 2.61E-9    315.E-12   1.2        35.641E-6  1.1956     0.027838  
 2.62E-9    309.6E-12  1.2        35.625E-6  1.1964     0.013176  
 2.63E-9    305.9E-12  1.2        35.609E-6  1.197      0.0073874 
 2.64E-9    301.7E-12  1.2        35.599E-6  1.1975     0.0049468 
 2.65E-9    299.4E-12  1.2        35.592E-6  1.1978     0.0037576 
 2.66E-9    296.4E-12  1.2        35.587E-6  1.1981     0.0030386 
 2.67E-9    295.1E-12  1.2        35.583E-6  1.1983     0.0025357 
 2.68E-9    292.9E-12  1.2        35.579E-6  1.1985     0.0021352 
 2.69E-9    292.1E-12  1.2        35.575E-6  1.1987     0.0018113 
 2.7E-9     290.4E-12  1.2        35.571E-6  1.1988     0.0015345 
 2.71E-9    290.E-12   1.2        35.567E-6  1.1989     0.0013043 
 2.72E-9    288.7E-12  1.2        35.563E-6  1.1989     0.0011056 
 2.73E-9    288.5E-12  1.2        35.56E-6   1.199      939.78E-6 
 2.74E-9    287.4E-12  1.2        35.558E-6  1.1991     796.78E-6 
 2.75E-9    287.4E-12  1.2        35.556E-6  1.1991     677.59E-6 
 2.76E-9    286.6E-12  1.2        35.554E-6  1.1991     575.09E-6 
 2.77E-9    286.6E-12  1.2        35.553E-6  1.1992     489.75E-6 
 2.78E-9    286.E-12   1.2        35.551E-6  1.1992     416.58E-6 
 2.79E-9    286.1E-12  1.2        35.551E-6  1.1992     355.7E-6  
 2.8E-9     285.6E-12  1.2        35.55E-6   1.1992     303.65E-6 
 2.81E-9    285.7E-12  1.2        35.549E-6  1.1992     260.35E-6 
 2.82E-9    285.3E-12  1.2        35.549E-6  1.1992     223.43E-6 
 2.83E-9    285.5E-12  1.2        35.549E-6  1.1992     192.7E-6  
 2.84E-9    285.1E-12  1.2        35.548E-6  1.1992     166.56E-6 
 2.85E-9    285.3E-12  1.2        35.548E-6  1.1992     144.78E-6 
 2.86E-9    285.E-12   1.2        35.547E-6  1.1992     126.31E-6 
 2.87E-9    285.2E-12  1.2        35.547E-6  1.1993     110.9E-6  
 2.88E-9    284.9E-12  1.2        35.547E-6  1.1993     97.856E-6 
 2.89E-9    285.1E-12  1.2        35.547E-6  1.1993     86.956E-6 
 2.9E-9     284.9E-12  1.2        35.546E-6  1.1993     77.757E-6 
 2.91E-9    285.E-12   1.2        35.547E-6  1.1993     70.052E-6 
 2.92E-9    284.9E-12  1.2        35.546E-6  1.1993     63.567E-6 
 2.93E-9    285.E-12   1.2        35.546E-6  1.1993     58.122E-6 
 2.94E-9    284.9E-12  1.2        35.546E-6  1.1993     53.554E-6 
 2.95E-9    285.E-12   1.2        35.546E-6  1.1993     49.706E-6 
 2.96E-9    284.9E-12  1.2        35.545E-6  1.1993     46.49E-6  
 2.97E-9    285.E-12   1.2        35.546E-6  1.1993     43.77E-6  
 2.98E-9    284.9E-12  1.2        35.545E-6  1.1993     41.507E-6 
 2.99E-9    284.9E-12  1.2        35.546E-6  1.1993     39.584E-6 
 3.E-9      284.9E-12  1.2        35.545E-6  1.1993     37.993E-6 
 3.01E-9    284.9E-12  1.2        35.546E-6  1.1993     36.634E-6 
 3.02E-9    284.9E-12  1.2        35.545E-6  1.1993     35.514E-6 
 3.03E-9    284.9E-12  1.2        35.545E-6  1.1993     34.553E-6 
 3.04E-9    284.9E-12  1.2        35.545E-6  1.1993     33.767E-6 
 3.05E-9    284.9E-12  1.2        35.545E-6  1.1993     33.087E-6 
 3.06E-9    284.9E-12  1.2        35.545E-6  1.1993     32.535E-6 
 3.07E-9    284.9E-12  1.2        35.545E-6  1.1993     32.053E-6 
 3.08E-9    284.9E-12  1.2        35.545E-6  1.1993     31.666E-6 
 3.09E-9    285.E-12   1.2        35.545E-6  1.1993     31.325E-6 
 3.1E-9     284.9E-12  1.2        35.545E-6  1.1993     31.053E-6 
 3.11E-9    285.E-12   1.2        35.545E-6  1.1993     30.811E-6 
 3.12E-9    284.9E-12  1.2        35.545E-6  1.1993     30.621E-6 
 3.13E-9    285.E-12   1.2        35.545E-6  1.1993     30.449E-6 
 3.14E-9    284.9E-12  1.2        35.545E-6  1.1993     30.316E-6 
 3.15E-9    285.E-12   1.2        35.545E-6  1.1993     30.195E-6 
 3.16E-9    284.9E-12  1.2        35.544E-6  1.1993     30.102E-6 
 3.17E-9    285.E-12   1.2        35.545E-6  1.1993     30.015E-6 
 3.18E-9    285.E-12   1.2        35.544E-6  1.1993     29.951E-6 
 3.19E-9    285.E-12   1.2        35.545E-6  1.1993     29.889E-6 
 3.2E-9     285.E-12   1.2        35.544E-6  1.1993     29.844E-6 
 3.21E-9    58.8E-12   1.08      -13.354E-6  1.1985     25.293E-6 
 3.22E-9    111.9E-12  0.96       5.8752E-6  1.1981     25.806E-6 
 3.23E-9    163.8E-12  0.84       29.989E-6  1.198      28.345E-6 
 3.24E-9    186.E-12   0.72       48.094E-6  1.1982     29.788E-6 
 3.25E-9    211.4E-12  0.6        77.75E-6   1.1991     30.212E-6 
 3.26E-9    361.4E-12  0.48       140.28E-6  1.2012     31.856E-6 
 3.27E-9    475.2E-12  0.36       241.42E-6  1.2045     34.34E-6  
 3.28E-9    628.5E-12  0.24       362.17E-6  1.2087     35.257E-6 
 3.29E-9    672.1E-12  0.12       445.24E-6  1.2136     34.782E-6 
 3.3E-9     684.7E-12  37.109E-9  482.1E-6   1.2187     33.721E-6 
 3.31E-9    880.9E-12  6.0799E-9  508.63E-6  1.2242     39.176E-6 
 3.32E-9    282.4E-12  5.619E-9   358.28E-6  1.2266     36.111E-6 
 3.33E-9   -442.9E-12  5.2564E-9  211.6E-6   1.2238     30.008E-6 
 3.34E-9   -1.0985E-9  4.863E-9   87.482E-6  1.2119     25.227E-6 
 3.35E-9   -1.4035E-9  4.5449E-9 -77.576E-6  1.1876     19.276E-6 
 3.36E-9   -1.0609E-9  4.4446E-9 -304.07E-6  1.1439     9.528E-6  
 3.37E-9   -447.8E-12  4.0437E-9 -389.25E-6  1.065     -1.7355E-6 
 3.38E-9   -116.3E-12  3.5781E-9 -384.1E-6   0.94082   -9.0974E-6 
 3.39E-9    28.24E-12  3.0866E-9 -359.95E-6  0.77336   -10.934E-6 
 3.4E-9     102.9E-12  2.6408E-9 -327.09E-6  0.57106   -9.166E-6  
 3.41E-9    119.7E-12  2.2394E-9 -289.05E-6  0.35163   -4.7342E-6 
 3.42E-9    150.4E-12  1.9672E-9 -247.84E-6  0.16968    3.6498E-6 
 3.43E-9    179.3E-12  1.7957E-9 -206.32E-6  0.071661   21.432E-6 
 3.44E-9    192.9E-12  1.604E-9  -167.13E-6  0.030034   64.485E-6 
 3.45E-9    199.1E-12  1.3875E-9 -131.83E-6  0.013727   141.21E-6 
 3.46E-9    204.6E-12  1.1799E-9 -100.93E-6  0.0070946  260.65E-6 
 3.47E-9    214.2E-12  1.0005E-9 -74.394E-6  0.0044234  435.21E-6 
 3.48E-9    226.6E-12  853.4E-12 -52.E-6     0.003116   637.66E-6 
 3.49E-9    244.4E-12  739.4E-12 -33.386E-6  0.0023319  801.72E-6 
 3.5E-9     263.7E-12  649.2E-12 -18.207E-6  0.0017888  837.39E-6 
 3.51E-9    281.7E-12  580.4E-12 -6.0653E-6  0.0013878  535.E-6   
 3.52E-9    293.4E-12  523.5E-12  3.2627E-6  0.0010811 -478.52E-6 
 3.53E-9    301.8E-12  479.6E-12  10.327E-6  845.5E-6  -0.0024195 
 3.54E-9    305.6E-12  442.9E-12  15.842E-6  662.53E-6 -0.0050062 
 3.55E-9    308.1E-12  415.3E-12  20.005E-6  521.49E-6 -0.0079864 
 3.56E-9    308.5E-12  392.5E-12  23.11E-6   411.89E-6 -0.011132  
 3.57E-9    309.2E-12  376.6E-12  25.372E-6  327.52E-6 -0.014028  
 3.58E-9    308.7E-12  362.7E-12  27.052E-6  262.13E-6 -0.015952  
 3.59E-9    309.E-12   353.1E-12  28.377E-6  212.23E-6 -0.01525   
 3.6E-9     308.4E-12  344.2E-12  29.481E-6  173.82E-6 -0.0064785 
 3.61E-9    307.7E-12  337.4E-12  30.416E-6  144.64E-6  0.017832  
 3.62E-9    307.4E-12  331.7E-12  31.196E-6  122.09E-6  0.075646  
 3.63E-9    307.E-12   327.6E-12  31.819E-6  104.81E-6  0.18129   
 3.64E-9    305.4E-12  322.9E-12  32.299E-6  91.283E-6  0.32739   
 3.65E-9    303.2E-12  318.9E-12  32.655E-6  80.825E-6  0.50216   
 3.66E-9    299.8E-12  314.E-12   32.919E-6  72.57E-6   0.6924    
 3.67E-9    296.5E-12  310.E-12   33.113E-6  66.165E-6  0.87395   
 3.68E-9    293.8E-12  306.4E-12  33.259E-6  61.08E-6   1.0113    
 3.69E-9    292.E-12   304.E-12   33.37E-6   57.125E-6  1.094     
 3.7E-9     290.9E-12  302.3E-12  33.461E-6  54.011E-6  1.1413    
 3.71E-9    290.2E-12  301.E-12   33.543E-6  51.542E-6  1.1673    
 3.72E-9    289.6E-12  300.E-12   33.615E-6  49.605E-6  1.1814    
 3.73E-9    289.1E-12  299.E-12   33.682E-6  48.051E-6  1.1891    
 3.74E-9    288.6E-12  298.2E-12  33.74E-6   46.813E-6  1.1933    
 3.75E-9    288.2E-12  297.3E-12  33.795E-6  45.8E-6    1.1957    
 3.76E-9    287.8E-12  296.6E-12  33.843E-6  44.976E-6  1.197     
 3.77E-9    287.5E-12  296.E-12   33.889E-6  44.288E-6  1.1978    
 3.78E-9    287.3E-12  295.5E-12  33.928E-6  43.713E-6  1.1983    
 3.79E-9    287.1E-12  294.9E-12  33.965E-6  43.22E-6   1.1986    
 3.8E-9     286.9E-12  294.5E-12  33.996E-6  42.795E-6  1.1988    
 3.81E-9    286.8E-12  294.1E-12  34.024E-6  42.421E-6  1.1989    
 3.82E-9    286.7E-12  293.8E-12  34.047E-6  42.091E-6  1.199     
 3.83E-9    286.6E-12  293.4E-12  34.069E-6  41.792E-6  1.1991    
 3.84E-9    286.5E-12  293.1E-12  34.086E-6  41.523E-6  1.1991    
 3.85E-9    286.5E-12  292.7E-12  34.102E-6  41.276E-6  1.1992    
 3.86E-9    286.4E-12  292.5E-12  34.115E-6  41.049E-6  1.1992    
 3.87E-9    286.4E-12  292.2E-12  34.127E-6  40.839E-6  1.1992    
 3.88E-9    286.3E-12  292.E-12   34.136E-6  40.644E-6  1.1992    
 3.89E-9    286.3E-12  291.7E-12  34.144E-6  40.462E-6  1.1992    
 3.9E-9     286.3E-12  291.5E-12  34.151E-6  40.292E-6  1.1992    
 3.91E-9    286.3E-12  291.3E-12  34.157E-6  40.133E-6  1.1992    
 3.92E-9    286.3E-12  291.1E-12  34.161E-6  39.983E-6  1.1992    
 3.93E-9    286.2E-12  290.9E-12  34.166E-6  39.843E-6  1.1992    
 3.94E-9    286.2E-12  290.7E-12  34.169E-6  39.71E-6   1.1992    
 3.95E-9    286.2E-12  290.5E-12  34.172E-6  39.586E-6  1.1992    
 3.96E-9    286.2E-12  290.4E-12  34.174E-6  39.468E-6  1.1992    
 3.97E-9    286.2E-12  290.2E-12  34.176E-6  39.357E-6  1.1992    
 3.98E-9    286.2E-12  290.1E-12  34.177E-6  39.252E-6  1.1992    
 3.99E-9    286.2E-12  289.9E-12  34.179E-6  39.154E-6  1.1992    
 4.E-9      286.2E-12  289.8E-12  34.18E-6   39.06E-6   1.1992    
Gnucap   System status
iterations: op=0, dc=0, tran=2047, fourier=0, total=2514
transient timesteps: accepted=463, rejected=4, total=467
nodes: user=6, subckt=14, model=616, total=636
dctran density=3.6%, ac density=3.6%
