Gnucap : The Gnu Circuit Analysis Package.
Copyright 1982-2025, Albert Davis
          2020-2025, Felix Salfelder
The development of Gnucap is funded by NLnet with support from the EC.
Gnucap comes with ABSOLUTELY NO WARRANTY. This is free software,
and you are welcome to redistribute it under the terms of the GNU
General Public License version 3 or later. See "COPYING" for details.
main version: modelgen 2025.12.18
core-lib version: modelgen 2025.12.18
default plugins: modelgen 2025.12.18
param: already installed, replacing
stashing as param:0
parameters: already installed, replacing
stashing as parameters:0
parameter: already installed, replacing
stashing as parameter:0
logic: already installed, replacing
stashing as logic:0
spice: already installed, replacing
stashing as spice:0
acs: already installed, replacing
stashing as acs:0
;: already installed, replacing
stashing as ;:0
#: already installed, replacing
stashing as #:0
*: already installed, replacing
stashing as *:0
': already installed, replacing
stashing as ':0
": already installed, replacing
stashing as ":0
dev_comment: already installed, replacing
stashing as dev_comment:0
.model: already installed, replacing
stashing as .model:0
.subckt: already installed, replacing
stashing as .subckt:0
.macro: already installed, replacing
stashing as .macro:0
.lib: already installed, replacing
stashing as .lib:0
lib: already installed, replacing
stashing as lib:0
.include: already installed, replacing
stashing as .include:0
.merge: already installed, replacing
stashing as .merge:0
merge: already installed, replacing
stashing as merge:0
<: already installed, replacing
stashing as <:0
.get: already installed, replacing
stashing as .get:0
get: already installed, replacing
stashing as get:0
.build: already installed, replacing
stashing as .build:0
build: already installed, replacing
stashing as build:0
spice: already installed, replacing
stashing as spice:0
`spice: already installed, replacing
stashing as `spice:0
acs: already installed, replacing
stashing as acs:0
.endc: already installed, replacing
stashing as .endc:0
.control: already installed, replacing
stashing as .control:0
verilog: already installed, replacing
stashing as verilog:0
paramset: already installed, replacing
stashing as paramset:0
module: already installed, replacing
stashing as module:0
macromodule: already installed, replacing
stashing as macromodule:0
verilog: already installed, replacing
stashing as verilog:0
quit: already installed, replacing
stashing as quit:0
exit: already installed, replacing
stashing as exit:0
detach_all: already installed, replacing
stashing as detach_all:0
paramset NMOS bsim4va;
  parameter real l=0.09u;
  parameter real w=10.0u;
 .l=l; .w=w; .type=1; .level=14; .version=4.80; .binunit=1; .paramchk=1; .mobmod=0; .capmod=1; .igcmod=1; .igbmod=1; .geomod=1; .diomod=1; .rdsmod=0; .rbodymod=0; .rgatemod=1; .permod=1; .acnqsmod=0; .trnqsmod=0; .tempmod=0; .mtrlmod=1; .cvchargemod=0; .mtrlcompatmod=1; .gidlmod=0; .wpemod=0; .eot=1.8e-009; .vddeot=1.5; .ados=1.1; .bdos=1.0; .tnom=25; .toxe=1.8e-009; .toxp=10e-010; .toxm=1.8e-009; .dtox=8e-10; .epsrox=3.9; .wint=5e-009; .lint=1e-009; .ll=0; .wl=0; .lln=1; .wln=1; .lw=0; .ww=0; .lwn=1; .wwn=1; .lwl=0; .wwl=0; .xpart=1; .toxref=1.4e-009; .phig=4.05; .epsrgate=11.7; .saref=5e-6; .sbref=5e-6; .wlod=2e-6; .ku0=(- 4e-6); .kvsat=0.2; .kvth0=(- 2e-8); .tku0=0.0; .llodku0=1.1; .wlodku0=1.1; .llodvth=1.0; .wlodvth=1.0; .lku0=1e-6; .wku0=1e-6; .pku0=0.0; .lkvth0=1.1e-6; .wkvth0=1.1e-6; .pkvth0=0.0; .stk2=0.0; .lodk2=1.0; .steta0=0.0; .lodeta0=1.0; .lambda=4e-10; .vsat=1.1e+005; .vtl=2.0e5; .xn=6.0; .lc=5e-9; .rnoia=0.577; .rnoib=0.37; .tvoff=0.0; .tvfbsdoff=0.0; .vth0=0.25; .k1=0.35; .k2=0.05; .k3=0; .k3b=0; .w0=2.5e-006; .dvt0=1.8; .dvt1=0.52; .dvt2=(- 0.032); .dvt0w=0; .dvt1w=0; .dvt2w=0; .dsub=2; .minv=0.05; .voffl=0; .dvtp0=1e-007; .minvcv=2; .voffcvl=0; .dvtp1=0.05; .lpe0=5.75e-008; .lpeb=2.3e-010; .xj=2e-008; .ngate=5e+020; .ndep=2.8e+018; .nsd=1e+020; .phin=0; .cdsc=0.0002; .cdscb=0; .cdscd=0; .cit=0; .voff=(- 0.15); .nfactor=1.2; .eta0=0.05; .etab=0; .vfb=(- 0.55); .u0=0.032; .ua=5.0e-011; .ub=3.5e-018; .uc=(- 3e-011); .a0=2; .ags=1e-020; .a1=0; .a2=1; .b0=(- 1e-020); .b1=0; .keta=0.04; .dwg=0; .dwb=0; .pclm=0.08; .pdiblc1=0.028; .pdiblc2=0.022; .pdiblcb=(- 0.005); .drout=0.45; .pvag=1e-020; .delta=0.01; .pscbe1=8.14e+008; .pscbe2=5e-008; .fprout=0.2; .pdits=0.2; .pditsd=0.23; .pditsl=2.3e+006; .rsh=0; .rdsw=50; .rsw=50; .rdw=50; .rdswmin=0; .rdwmin=0; .rswmin=0; .prwg=0; .prwb=6.8e-011; .wr=1; .alpha0=0.074; .alpha1=0.005; .beta0=30; .agidl=0.0001; .bgidl=2.1e+009; .cgidl=0.0001; .egidl=0.8; .agisl=0.0002; .bgisl=2.1e+009; .cgisl=0.0002; .egisl=(- 0.28); .aigbacc=0.012; .bigbacc=0.0028; .cigbacc=0.002; .nigbacc=1; .aigbinv=0.014; .bigbinv=0.004; .cigbinv=0.004; .eigbinv=1.1; .nigbinv=3; .aigc=0.012; .bigc=0.0028; .cigc=0.002; .aigs=0.012; .bigs=0.0028; .cigs=0.002; .nigc=1; .poxedge=1; .pigcd=1; .ntox=1; .aigd=0.01; .bigd=0.003; .cigd=0.0015; .xrcrg1=12; .xrcrg2=5; .cgso=6.238e-010; .cgdo=6.238e-010; .cgbo=2.56e-011; .cgdl=2.495e-10; .cgsl=2.495e-10; .ckappas=0.03; .ckappad=0.03; .acde=1; .moin=15; .noff=0.9; .voffcv=(- 0.02); .kt1=(- 0.37); .kt1l=0.0; .kt2=(- 0.042); .ute=(- 1.5); .ua1=1e-009; .ub1=(- 3.5e-019); .uc1=0; .prt=0; .at=53000; .fnoimod=1; .tnoimod=0; .jss=0.0001; .jsws=1e-011; .jswgs=1e-010; .njs=1; .ijthsfwd=0.01; .ijthsrev=0.001; .bvs=10; .xjbvs=1; .jsd=0.0001; .jswd=1e-011; .jswgd=1e-010; .njd=1; .ijthdfwd=0.01; .ijthdrev=0.001; .bvd=10; .xjbvd=1; .pbs=1; .cjs=0.0005; .mjs=0.5; .pbsws=1; .cjsws=5e-010; .mjsws=0.33; .pbswgs=1; .cjswgs=3e-010; .mjswgs=0.33; .pbd=1; .cjd=0.0005; .mjd=0.5; .pbswd=1; .cjswd=5e-010; .mjswd=0.33; .pbswgd=1; .cjswgd=5e-010; .mjswgd=0.33; .tpb=0.005; .tcj=0.001; .tpbsw=0.005; .tcjsw=0.001; .tpbswg=0.005; .tcjswg=0.001; .xtis=3; .xtid=3; .dmcg=8e-006; .dmci=3e-006; .dmdg=2e-006; .dmcgt=1e-007; .dwj=0.0e-008; .xgw=0e-007; .xgl=0e-008; .rshg=0.4; .gbmin=1e-010; .rbpb=5; .rbpd=15; .rbps=15; .rbdb=15; .rbsb=15; .ngcon=1; .jtss=1e-4; .jtsd=1e-4; .jtssws=1e-10; .jtsswd=1e-10; .jtsswgs=1e-7; .jtsswgd=1e-7; .njts=20.0; .njtssw=15; .njtsswg=6; .vtss=10; .vtsd=10; .vtssws=10; .vtsswd=10; .njtsd=15.0; .njtsswd=20; .njtsswgd=6; .tnjts=0.1; .tnjtsd=0.05; .vtsswgs=2; .vtsswgd=2; .xtss=0.02; .xtsd=0.02; .xtssws=0.02; .xtsswd=0.02; .xtsswgs=0.02; .xtsswgd=0.02;
endparamset

paramset PMOS bsim4va;
  parameter real l=0.09u;
  parameter real w=10.0u;
 .l=l; .w=w; .type=(- 1); .level=14; .version=4.80; .binunit=1; .paramchk=1; .mobmod=0; .capmod=1; .igcmod=1; .igbmod=1; .geomod=1; .diomod=1; .rdsmod=0; .rbodymod=0; .rgatemod=1; .permod=1; .acnqsmod=0; .trnqsmod=0; .tempmod=0; .mtrlmod=1; .cvchargemod=0; .mtrlcompatmod=1; .gidlmod=0; .wpemod=0; .eot=1.8e-009; .vddeot=(- 1.5); .ados=1.1; .bdos=1.0; .tnom=27; .toxe=1.8e-009; .toxp=10e-010; .toxm=1.8e-009; .dtox=8e-10; .epsrox=3.9; .wint=5e-009; .lint=1e-009; .ll=0; .wl=0; .lln=1; .wln=1; .lw=0; .ww=0; .lwn=1; .wwn=1; .lwl=0; .wwl=0; .xpart=0; .toxref=1.8e-9; .phig=4.05; .epsrgate=11.7; .saref=5e-6; .sbref=5e-6; .wlod=2e-6; .ku0=4e-6; .kvsat=0.2; .kvth0=(- 2e-8); .tku0=0.0; .llodku0=1.1; .wlodku0=1.1; .llodvth=1.0; .wlodvth=1.0; .lku0=1e-6; .wku0=1e-6; .pku0=0.0; .lkvth0=1.1e-6; .wkvth0=1.1e-6; .pkvth0=0.0; .stk2=0.0; .lodk2=1.0; .steta0=0.0; .lodeta0=1.0; .lambda=4e-10; .vsat=1.1e+005; .vtl=2.0e5; .xn=6.0; .lc=5e-9; .rnoia=0.577; .rnoib=0.37; .tvoff=0.0; .tvfbsdoff=0.0; .vth0=(- 0.25); .k1=0.35; .k2=0.05; .k3=0; .k3b=0; .w0=2.5e-006; .dvt0=1.8; .dvt1=0.52; .dvt2=(- 0.032); .dvt0w=0; .dvt1w=0; .dvt2w=0; .dsub=2; .minv=0.05; .voffl=0; .dvtp0=1e-007; .minvcv=2; .voffcvl=0; .dvtp1=0.05; .lpe0=5.75e-008; .lpeb=2.3e-010; .xj=2e-008; .ngate=5e+020; .ndep=2.8e+018; .nsd=1e+020; .phin=0; .cdsc=0.0002; .cdscb=0; .cdscd=0; .cit=0; .voff=(- 0.15); .nfactor=1.2; .eta0=0.05; .etab=0; .vfb=0.55; .u0=0.0095; .ua=5.0e-011; .ub=3.5e-018; .uc=(- 3e-011); .a0=2; .ags=1e-020; .a1=0; .a2=1; .b0=(- 1e-020); .b1=0; .keta=0.04; .dwg=0; .dwb=0; .pclm=0.08; .pdiblc1=0.028; .pdiblc2=0.022; .pdiblcb=(- 0.005); .drout=0.45; .pvag=1e-020; .delta=0.01; .pscbe1=8.14e+008; .pscbe2=5e-008; .fprout=0.2; .pdits=0.2; .pditsd=0.23; .pditsl=2.3e+006; .rsh=0; .rdsw=50; .rsw=50; .rdw=50; .rdswmin=0; .rdwmin=0; .rswmin=0; .prwg=0; .prwb=6.8e-011; .wr=1; .alpha0=0.074; .alpha1=0.005; .beta0=30; .agidl=0.0002; .bgidl=2.1e+009; .cgidl=0.0002; .egidl=0.8; .agisl=0.0003; .bgisl=2.5e+009; .cgisl=0.0003; .egisl=(- 0.28); .aigbacc=0.012; .bigbacc=0.0028; .cigbacc=0.002; .nigbacc=1; .aigbinv=0.014; .bigbinv=0.004; .cigbinv=0.004; .eigbinv=1.1; .nigbinv=3; .aigc=0.012; .bigc=0.0028; .cigc=0.002; .aigs=0.012; .bigs=0.0028; .cigs=0.002; .nigc=1; .poxedge=1; .pigcd=1; .ntox=1; .aigd=0.01; .bigd=0.003; .cigd=0.0015; .xrcrg1=12; .xrcrg2=5; .cgso=6.238e-010; .cgdo=6.238e-010; .cgbo=2.56e-011; .cgdl=2.495e-10; .cgsl=2.495e-10; .ckappas=0.03; .ckappad=0.03; .acde=1; .moin=15; .noff=0.9; .voffcv=0.02; .kt1=(- 0.37); .kt1l=0.0; .kt2=(- 0.042); .ute=(- 1.5); .ua1=1e-009; .ub1=(- 3.5e-019); .uc1=0; .prt=0; .at=53000; .fnoimod=1; .tnoimod=0; .jss=0.0001; .jsws=1e-011; .jswgs=1e-010; .njs=1; .ijthsfwd=0.01; .ijthsrev=0.001; .bvs=10; .xjbvs=1; .jsd=0.0001; .jswd=1e-011; .jswgd=1e-010; .njd=1; .ijthdfwd=0.01; .ijthdrev=0.001; .bvd=10; .xjbvd=1; .pbs=1; .cjs=0.0005; .mjs=0.5; .pbsws=1; .cjsws=5e-010; .mjsws=0.33; .pbswgs=1; .cjswgs=3e-010; .mjswgs=0.33; .pbd=1; .cjd=0.0005; .mjd=0.5; .pbswd=1; .cjswd=5e-010; .mjswd=0.33; .pbswgd=1; .cjswgd=5e-010; .mjswgd=0.33; .tpb=0.005; .tcj=0.001; .tpbsw=0.005; .tcjsw=0.001; .tpbswg=0.005; .tcjswg=0.001; .xtis=3; .xtid=3; .dmcg=8e-006; .dmci=3e-006; .dmdg=2e-006; .dmcgt=1e-007; .dwj=0.0e-008; .xgw=0e-007; .xgl=0e-008; .rshg=0.4; .gbmin=1e-010; .rbpb=5; .rbpd=15; .rbps=15; .rbdb=15; .rbsb=15; .ngcon=1; .jtss=1e-4; .jtsd=1e-4; .jtssws=1e-10; .jtsswd=1e-10; .jtsswgs=1e-7; .jtsswgd=1e-7; .njts=20.0; .njtssw=15; .njtsswg=4; .vtss=10; .vtsd=10; .vtssws=10; .vtsswd=10; .njtsd=15.0; .njtsswd=20; .njtsswgd=6; .tnjts=0.1; .tnjtsd=0.05; .vtsswgs=2; .vtsswgd=2; .xtss=0.02; .xtsd=0.02; .xtssws=0.02; .xtsswd=0.02; .xtsswgs=0.02; .xtsswgd=0.02;
endparamset

parameter real L=0.09u; // MOSFET length 
parameter real WN=10.0u; // NMOS width 
parameter real WP=20.0u; // PMOS width 
parameter real VNOM=1.2; // Nominal supply (V) 
// Not-gate
module NOT (.in(in),.out(out),.vdd(vdd),.gnd(gnd));
  parameter real WN=10u;
  parameter real WP=20u;
  parameter real L=0.09u;
      input in;
      output out;
      electrical in,out,vdd,gnd;
  PMOS #(.w(WP),.l(L)) M1 (.d(out),.g(in),.s(vdd),.b(vdd));
  NMOS #(.w(WN),.l(L)) M2 (.d(out),.g(in),.s(gnd),.b(gnd));
endmodule // NOT

//TODO: workaround for op convergence issues
//vmin/vmax are clamped to stabilize initial DC solution
ground gnd;
NOT #(.WN(WN),.WP(WP),.L(L)) NOT1 (in, out, vdd, gnd);
capacitor #(.c(10f)) Cload (.p(out),.n(gnd));
vsource #(.dc(VNOM)) Vdd (.p(vdd),.n(gnd));
vpulse #(.val0(0.0),.val1(VNOM),.td(1.0n),.rise(0.1n),.fall(0.1n),.width(0.5n),.period(1.4n)) Vin (.p(in),.n(gnd));
#Time       v(in)      v(out)     iter(0)   
 0.         97.07E-12  1.1993     8.        
 10.E-12    96.65E-12  1.1993     8.        
 20.E-12    97.29E-12  1.1993     4.        
 30.E-12    96.87E-12  1.1993     3.        
 40.E-12    97.22E-12  1.1993     3.        
 50.E-12    96.94E-12  1.1993     3.        
 60.E-12    97.18E-12  1.1993     3.        
 70.E-12    96.97E-12  1.1993     3.        
 80.E-12    97.16E-12  1.1993     3.        
 90.E-12    96.99E-12  1.1993     3.        
 100.E-12   97.14E-12  1.1993     3.        
 110.E-12   97.01E-12  1.1993     3.        
 120.E-12   97.13E-12  1.1993     3.        
 130.E-12   97.02E-12  1.1993     3.        
 140.E-12   97.11E-12  1.1993     3.        
 150.E-12   97.03E-12  1.1993     3.        
 160.E-12   97.11E-12  1.1993     3.        
 170.E-12   97.04E-12  1.1993     3.        
 180.E-12   97.1E-12   1.1993     3.        
 190.E-12   97.05E-12  1.1993     3.        
 200.E-12   97.09E-12  1.1993     3.        
 210.E-12   97.05E-12  1.1993     3.        
 220.E-12   97.09E-12  1.1993     3.        
 230.E-12   97.06E-12  1.1993     3.        
 240.E-12   97.08E-12  1.1993     3.        
 250.E-12   97.06E-12  1.1993     3.        
 260.E-12   97.08E-12  1.1993     3.        
 270.E-12   97.06E-12  1.1993     3.        
 280.E-12   97.08E-12  1.1993     3.        
 290.E-12   97.06E-12  1.1993     3.        
 300.E-12   97.08E-12  1.1993     3.        
 310.E-12   97.07E-12  1.1993     3.        
 320.E-12   97.08E-12  1.1993     3.        
 330.E-12   97.07E-12  1.1993     3.        
 340.E-12   97.08E-12  1.1993     3.        
 350.E-12   97.07E-12  1.1993     3.        
 360.E-12   97.07E-12  1.1993     3.        
 370.E-12   97.07E-12  1.1993     3.        
 380.E-12   97.07E-12  1.1993     3.        
 390.E-12   97.07E-12  1.1993     3.        
 400.E-12   97.07E-12  1.1993     3.        
 410.E-12   97.07E-12  1.1993     3.        
 420.E-12   97.07E-12  1.1993     3.        
 430.E-12   97.07E-12  1.1993     3.        
 440.E-12   97.07E-12  1.1993     3.        
 450.E-12   97.07E-12  1.1993     3.        
 460.E-12   97.07E-12  1.1993     3.        
 470.E-12   97.07E-12  1.1993     3.        
 480.E-12   97.07E-12  1.1993     3.        
 490.E-12   97.07E-12  1.1993     3.        
 500.E-12   97.07E-12  1.1993     3.        
 510.E-12   97.07E-12  1.1993     3.        
 520.E-12   97.07E-12  1.1993     3.        
 530.E-12   97.07E-12  1.1993     3.        
 540.E-12   97.07E-12  1.1993     3.        
 550.E-12   97.07E-12  1.1993     3.        
 560.E-12   97.07E-12  1.1993     3.        
 570.E-12   97.07E-12  1.1993     3.        
 580.E-12   97.07E-12  1.1993     3.        
 590.E-12   97.07E-12  1.1993     3.        
 600.E-12   97.07E-12  1.1993     3.        
 610.E-12   97.07E-12  1.1993     3.        
 620.E-12   97.07E-12  1.1993     3.        
 630.E-12   97.07E-12  1.1993     3.        
 640.E-12   97.07E-12  1.1993     3.        
 650.E-12   97.07E-12  1.1993     3.        
 660.E-12   97.07E-12  1.1993     3.        
 670.E-12   97.07E-12  1.1993     3.        
 680.E-12   97.07E-12  1.1993     3.        
 690.E-12   97.07E-12  1.1993     3.        
 700.E-12   97.07E-12  1.1993     3.        
 710.E-12   97.07E-12  1.1993     3.        
 720.E-12   97.07E-12  1.1993     3.        
 730.E-12   97.07E-12  1.1993     3.        
 740.E-12   97.07E-12  1.1993     3.        
 750.E-12   97.07E-12  1.1993     3.        
 760.E-12   97.07E-12  1.1993     3.        
 770.E-12   97.07E-12  1.1993     3.        
 780.E-12   97.07E-12  1.1993     3.        
 790.E-12   97.07E-12  1.1993     3.        
 800.E-12   97.07E-12  1.1993     3.        
 810.E-12   97.07E-12  1.1993     3.        
 820.E-12   97.07E-12  1.1993     3.        
 830.E-12   97.07E-12  1.1993     3.        
 840.E-12   97.07E-12  1.1993     3.        
 850.E-12   97.07E-12  1.1993     3.        
 860.E-12   97.07E-12  1.1993     3.        
 870.E-12   97.07E-12  1.1993     3.        
 880.E-12   97.07E-12  1.1993     3.        
 890.E-12   97.07E-12  1.1993     3.        
 900.E-12   97.07E-12  1.1993     3.        
 910.E-12   97.07E-12  1.1993     3.        
 920.E-12   97.07E-12  1.1993     3.        
 930.E-12   97.07E-12  1.1993     3.        
 940.E-12   97.07E-12  1.1993     3.        
 950.E-12   97.07E-12  1.1993     3.        
 960.E-12   97.07E-12  1.1993     3.        
 970.E-12   97.07E-12  1.1993     3.        
 980.E-12   97.07E-12  1.1993     3.        
 990.E-12   97.07E-12  1.1993     3.        
 1.E-9      97.07E-12  1.1993     3.        
 1.01E-9    0.12       1.2178     30.       
 1.02E-9    0.24       1.2304     8.        
 1.03E-9    0.36       1.2368     4.        
 1.04E-9    0.48       1.2336     4.        
 1.05E-9    0.6        1.2103     5.        
 1.06E-9    0.72       1.1548     5.        
 1.07E-9    0.84       1.0361     5.        
 1.08E-9    0.96       0.84564    5.        
 1.09E-9    1.08       0.59196    4.        
 1.1E-9     1.2        0.32131    5.        
 1.11E-9    1.2        0.1284     18.       
 1.12E-9    1.2        0.046885   12.       
 1.13E-9    1.2        0.016237   10.       
 1.14E-9    1.2        0.0055363  8.        
 1.15E-9    1.2        0.0017264  5.        
 1.16E-9    1.2        554.13E-6  5.        
 1.17E-9    1.2        195.12E-6  5.        
 1.18E-9    1.2        85.447E-6  5.        
 1.19E-9    1.2        53.939E-6  5.        
 1.2E-9     1.2        43.602E-6  4.        
 1.21E-9    1.2        39.107E-6  4.        
 1.22E-9    1.2        37.765E-6  4.        
 1.23E-9    1.2        37.329E-6  4.        
 1.24E-9    1.2        37.217E-6  4.        
 1.25E-9    1.2        37.165E-6  4.        
 1.26E-9    1.2        37.165E-6  4.        
 1.27E-9    1.2        37.151E-6  3.        
 1.28E-9    1.2        37.158E-6  3.        
 1.29E-9    1.2        37.151E-6  3.        
 1.3E-9     1.2        37.157E-6  3.        
 1.31E-9    1.2        37.152E-6  3.        
 1.32E-9    1.2        37.156E-6  3.        
 1.33E-9    1.2        37.152E-6  3.        
 1.34E-9    1.2        37.156E-6  3.        
 1.35E-9    1.2        37.153E-6  3.        
 1.36E-9    1.2        37.156E-6  3.        
 1.37E-9    1.2        37.153E-6  3.        
 1.38E-9    1.2        37.156E-6  3.        
 1.39E-9    1.2        37.153E-6  3.        
 1.4E-9     1.2        37.156E-6  3.        
 1.41E-9    1.2        37.153E-6  3.        
 1.42E-9    1.2        37.155E-6  3.        
 1.43E-9    1.2        37.153E-6  3.        
 1.44E-9    1.2        37.155E-6  3.        
 1.45E-9    1.2        37.153E-6  3.        
 1.46E-9    1.2        37.155E-6  3.        
 1.47E-9    1.2        37.153E-6  3.        
 1.48E-9    1.2        37.155E-6  3.        
 1.49E-9    1.2        37.153E-6  3.        
 1.5E-9     1.2        37.155E-6  3.        
 1.51E-9    1.2        37.153E-6  3.        
 1.52E-9    1.2        37.155E-6  3.        
 1.53E-9    1.2        37.153E-6  3.        
 1.54E-9    1.2        37.155E-6  3.        
 1.55E-9    1.2        37.153E-6  3.        
 1.56E-9    1.2        37.155E-6  3.        
 1.57E-9    1.2        37.153E-6  3.        
 1.58E-9    1.2        37.155E-6  3.        
 1.59E-9    1.2        37.153E-6  3.        
 1.6E-9     1.2        37.155E-6  3.        
 1.61E-9    1.08      -0.01313    19.       
 1.62E-9    0.96      -0.018915   12.       
 1.63E-9    0.84      -0.02173    8.        
 1.64E-9    0.72      -0.022154   4.        
 1.65E-9    0.6       -0.014111   5.        
 1.66E-9    0.48       0.013877   5.        
 1.67E-9    0.36       0.085237   5.        
 1.68E-9    0.24       0.20936    4.        
 1.69E-9    0.12       0.37861    4.        
 1.7E-9     16.472E-9  0.58386    5.        
 1.71E-9    6.118E-9   0.81371    28.       
 1.72E-9    4.6359E-9  0.98194    9.        
 1.73E-9    3.1561E-9  1.0807     9.        
 1.74E-9    1.896E-9   1.1357     8.        
 1.75E-9    1.0916E-9  1.1656     8.        
 1.76E-9    624.4E-12  1.1819     5.        
 1.77E-9    370.E-12   1.1903     5.        
 1.78E-9    238.5E-12  1.1947     5.        
 1.79E-9    169.1E-12  1.1969     4.        
 1.8E-9     134.4E-12  1.1981     4.        
 1.81E-9    115.8E-12  1.1986     4.        
 1.82E-9    107.E-12   1.1989     4.        
 1.83E-9    101.9E-12  1.1991     4.        
 1.84E-9    99.76E-12  1.1992     4.        
 1.85E-9    98.24E-12  1.1992     4.        
 1.86E-9    97.85E-12  1.1992     4.        
 1.87E-9    97.31E-12  1.1992     4.        
 1.88E-9    97.34E-12  1.1993     4.        
 1.89E-9    97.08E-12  1.1993     4.        
 1.9E-9     97.19E-12  1.1993     4.        
 1.91E-9    97.03E-12  1.1993     3.        
 1.92E-9    97.14E-12  1.1993     3.        
 1.93E-9    97.03E-12  1.1993     3.        
 1.94E-9    97.12E-12  1.1993     3.        
 1.95E-9    97.03E-12  1.1993     3.        
 1.96E-9    97.11E-12  1.1993     3.        
 1.97E-9    97.04E-12  1.1993     3.        
 1.98E-9    97.1E-12   1.1993     3.        
 1.99E-9    97.05E-12  1.1993     3.        
 2.E-9      97.09E-12  1.1993     3.        
 2.01E-9    97.05E-12  1.1993     3.        
 2.02E-9    97.09E-12  1.1993     3.        
 2.03E-9    97.06E-12  1.1993     3.        
 2.04E-9    97.08E-12  1.1993     3.        
 2.05E-9    97.06E-12  1.1993     3.        
 2.06E-9    97.08E-12  1.1993     3.        
 2.07E-9    97.06E-12  1.1993     3.        
 2.08E-9    97.08E-12  1.1993     3.        
 2.09E-9    97.06E-12  1.1993     3.        
 2.1E-9     97.08E-12  1.1993     3.        
 2.11E-9    97.07E-12  1.1993     3.        
 2.12E-9    97.08E-12  1.1993     3.        
 2.13E-9    97.07E-12  1.1993     3.        
 2.14E-9    97.08E-12  1.1993     3.        
 2.15E-9    97.07E-12  1.1993     3.        
 2.16E-9    97.07E-12  1.1993     3.        
 2.17E-9    97.07E-12  1.1993     3.        
 2.18E-9    97.07E-12  1.1993     3.        
 2.19E-9    97.07E-12  1.1993     3.        
 2.2E-9     97.07E-12  1.1993     3.        
 2.21E-9    97.07E-12  1.1993     3.        
 2.22E-9    97.07E-12  1.1993     3.        
 2.23E-9    97.07E-12  1.1993     3.        
 2.24E-9    97.07E-12  1.1993     3.        
 2.25E-9    97.07E-12  1.1993     3.        
 2.26E-9    97.07E-12  1.1993     3.        
 2.27E-9    97.07E-12  1.1993     3.        
 2.28E-9    97.07E-12  1.1993     3.        
 2.29E-9    97.07E-12  1.1993     3.        
 2.3E-9     97.07E-12  1.1993     3.        
 2.31E-9    97.07E-12  1.1993     3.        
 2.32E-9    97.07E-12  1.1993     3.        
 2.33E-9    97.07E-12  1.1993     3.        
 2.34E-9    97.07E-12  1.1993     3.        
 2.35E-9    97.07E-12  1.1993     3.        
 2.36E-9    97.07E-12  1.1993     3.        
 2.37E-9    97.07E-12  1.1993     3.        
 2.38E-9    97.07E-12  1.1993     3.        
 2.39E-9    97.07E-12  1.1993     3.        
 2.4E-9     97.07E-12  1.1993     3.        
 2.41E-9    0.12       1.2178     30.       
 2.42E-9    0.24       1.2304     8.        
 2.43E-9    0.36       1.2368     4.        
 2.44E-9    0.48       1.2336     4.        
 2.45E-9    0.6        1.2103     5.        
 2.46E-9    0.72       1.1548     5.        
 2.47E-9    0.84       1.0361     5.        
 2.48E-9    0.96       0.84564    5.        
 2.49E-9    1.08       0.59196    4.        
 2.5E-9     1.2        0.32131    5.        
 2.51E-9    1.2        0.1284     18.       
 2.52E-9    1.2        0.046885   12.       
 2.53E-9    1.2        0.016237   10.       
 2.54E-9    1.2        0.0055363  8.        
 2.55E-9    1.2        0.0017264  5.        
 2.56E-9    1.2        554.13E-6  5.        
 2.57E-9    1.2        195.11E-6  5.        
 2.58E-9    1.2        85.448E-6  5.        
 2.59E-9    1.2        53.938E-6  5.        
 2.6E-9     1.2        43.603E-6  4.        
 2.61E-9    1.2        39.106E-6  4.        
 2.62E-9    1.2        37.766E-6  4.        
 2.63E-9    1.2        37.328E-6  4.        
 2.64E-9    1.2        37.219E-6  4.        
 2.65E-9    1.2        37.164E-6  4.        
 2.66E-9    1.2        37.166E-6  4.        
 2.67E-9    1.2        37.15E-6   3.        
 2.68E-9    1.2        37.16E-6   4.        
 2.69E-9    1.2        37.15E-6   3.        
 2.7E-9     1.2        37.158E-6  3.        
 2.71E-9    1.2        37.151E-6  3.        
 2.72E-9    1.2        37.158E-6  3.        
 2.73E-9    1.2        37.151E-6  3.        
 2.74E-9    1.2        37.157E-6  3.        
 2.75E-9    1.2        37.151E-6  3.        
 2.76E-9    1.2        37.157E-6  3.        
 2.77E-9    1.2        37.152E-6  3.        
 2.78E-9    1.2        37.157E-6  3.        
 2.79E-9    1.2        37.152E-6  3.        
 2.8E-9     1.2        37.157E-6  3.        
 2.81E-9    1.2        37.152E-6  3.        
 2.82E-9    1.2        37.157E-6  3.        
 2.83E-9    1.2        37.152E-6  3.        
 2.84E-9    1.2        37.157E-6  3.        
 2.85E-9    1.2        37.152E-6  3.        
 2.86E-9    1.2        37.156E-6  3.        
 2.87E-9    1.2        37.152E-6  3.        
 2.88E-9    1.2        37.156E-6  3.        
 2.89E-9    1.2        37.152E-6  3.        
 2.9E-9     1.2        37.156E-6  3.        
 2.91E-9    1.2        37.152E-6  3.        
 2.92E-9    1.2        37.156E-6  3.        
 2.93E-9    1.2        37.152E-6  3.        
 2.94E-9    1.2        37.156E-6  3.        
 2.95E-9    1.2        37.152E-6  3.        
 2.96E-9    1.2        37.156E-6  3.        
 2.97E-9    1.2        37.152E-6  3.        
 2.98E-9    1.2        37.156E-6  3.        
 2.99E-9    1.2        37.152E-6  3.        
 3.E-9      1.2        37.156E-6  3.        
 3.01E-9    1.08      -0.01313    19.       
 3.02E-9    0.96      -0.018915   12.       
 3.03E-9    0.84      -0.02173    8.        
 3.04E-9    0.72      -0.022154   4.        
 3.05E-9    0.6       -0.014111   5.        
 3.06E-9    0.48       0.013877   5.        
 3.07E-9    0.36       0.085237   5.        
 3.08E-9    0.24       0.20936    4.        
 3.09E-9    0.12       0.37861    4.        
 3.1E-9     16.472E-9  0.58386    5.        
 3.11E-9    6.1169E-9  0.81365    24.       
 3.12E-9    4.634E-9   0.98193    12.       
 3.13E-9    3.212E-9   1.0815     5.        
 3.14E-9    1.8632E-9  1.1368     5.        
 3.15E-9    1.0667E-9  1.1668     5.        
 3.16E-9    607.3E-12  1.1825     5.        
 3.17E-9    357.5E-12  1.1906     5.        
 3.18E-9    237.E-12   1.1948     5.        
 3.19E-9    162.9E-12  1.197      4.        
 3.2E-9     136.5E-12  1.1981     4.        
 3.21E-9    112.E-12   1.1987     4.        
 3.22E-9    109.4E-12  1.199      4.        
 3.23E-9    99.16E-12  1.1991     4.        
 3.24E-9    101.9E-12  1.1992     4.        
 3.25E-9    96.18E-12  1.1992     4.        
 3.26E-9    99.62E-12  1.1992     4.        
 3.27E-9    95.7E-12   1.1992     4.        
 3.28E-9    98.75E-12  1.1993     4.        
 3.29E-9    95.81E-12  1.1993     4.        
 3.3E-9     98.31E-12  1.1993     4.        
 3.31E-9    96.03E-12  1.1993     4.        
 3.32E-9    98.03E-12  1.1993     3.        
 3.33E-9    96.23E-12  1.1993     3.        
 3.34E-9    97.83E-12  1.1993     3.        
 3.35E-9    96.4E-12   1.1993     3.        
 3.36E-9    97.67E-12  1.1993     3.        
 3.37E-9    96.54E-12  1.1993     3.        
 3.38E-9    97.54E-12  1.1993     3.        
 3.39E-9    96.65E-12  1.1993     3.        
 3.4E-9     97.45E-12  1.1993     3.        
 3.41E-9    96.74E-12  1.1993     3.        
 3.42E-9    97.37E-12  1.1993     3.        
 3.43E-9    96.81E-12  1.1993     3.        
 3.44E-9    97.31E-12  1.1993     3.        
 3.45E-9    96.86E-12  1.1993     3.        
 3.46E-9    97.26E-12  1.1993     3.        
 3.47E-9    96.9E-12   1.1993     3.        
 3.48E-9    97.22E-12  1.1993     3.        
 3.49E-9    96.94E-12  1.1993     3.        
 3.5E-9     97.19E-12  1.1993     3.        
 3.51E-9    96.97E-12  1.1993     3.        
 3.52E-9    97.17E-12  1.1993     3.        
 3.53E-9    96.99E-12  1.1993     3.        
 3.54E-9    97.15E-12  1.1993     3.        
 3.55E-9    97.E-12    1.1993     3.        
 3.56E-9    97.13E-12  1.1993     3.        
 3.57E-9    97.02E-12  1.1993     3.        
 3.58E-9    97.12E-12  1.1993     3.        
 3.59E-9    97.03E-12  1.1993     3.        
 3.6E-9     97.11E-12  1.1993     3.        
 3.61E-9    97.04E-12  1.1993     3.        
 3.62E-9    97.1E-12   1.1993     3.        
 3.63E-9    97.04E-12  1.1993     3.        
 3.64E-9    97.1E-12   1.1993     3.        
 3.65E-9    97.05E-12  1.1993     3.        
 3.66E-9    97.09E-12  1.1993     3.        
 3.67E-9    97.05E-12  1.1993     3.        
 3.68E-9    97.09E-12  1.1993     3.        
 3.69E-9    97.06E-12  1.1993     3.        
 3.7E-9     97.08E-12  1.1993     3.        
 3.71E-9    97.06E-12  1.1993     3.        
 3.72E-9    97.08E-12  1.1993     3.        
 3.73E-9    97.06E-12  1.1993     3.        
 3.74E-9    97.08E-12  1.1993     3.        
 3.75E-9    97.06E-12  1.1993     3.        
 3.76E-9    97.08E-12  1.1993     3.        
 3.77E-9    97.06E-12  1.1993     3.        
 3.78E-9    97.08E-12  1.1993     3.        
 3.79E-9    97.07E-12  1.1993     3.        
 3.8E-9     97.08E-12  1.1993     3.        
 3.81E-9    0.12       1.2178     30.       
 3.82E-9    0.24       1.2304     8.        
 3.83E-9    0.36       1.2368     4.        
 3.84E-9    0.48       1.2336     4.        
 3.85E-9    0.6        1.2103     5.        
 3.86E-9    0.72       1.1548     5.        
 3.87E-9    0.84       1.0361     5.        
 3.88E-9    0.96       0.84564    5.        
 3.89E-9    1.08       0.59196    4.        
 3.9E-9     1.2        0.32131    5.        
 3.91E-9    1.2        0.1284     18.       
 3.92E-9    1.2        0.046885   12.       
 3.93E-9    1.2        0.016237   10.       
 3.94E-9    1.2        0.0055363  8.        
 3.95E-9    1.2        0.0017264  5.        
 3.96E-9    1.2        554.13E-6  5.        
 3.97E-9    1.2        195.12E-6  5.        
 3.98E-9    1.2        85.445E-6  5.        
 3.99E-9    1.2        53.941E-6  5.        
 4.E-9      1.2        43.6E-6    4.        
Gnucap   System status
iterations: op=0, dc=0, tran=1705, fourier=0, total=2178
transient timesteps: accepted=468, rejected=5, total=473
nodes: user=3, subckt=0, model=38, total=41
dctran density=21.4%, ac density=21.4%
