 time            v(in1)          v(in2)          v(out)         
 0.00000000e+00  0.00000000e+00  0.00000000e+00  5.12367994e-09 
 1.00000000e-13  0.00000000e+00  0.00000000e+00  5.12367948e-09 
 2.00000000e-13  0.00000000e+00  0.00000000e+00  5.12367959e-09 
 4.00000000e-13  0.00000000e+00  0.00000000e+00  5.12367981e-09 
 8.00000000e-13  0.00000000e+00  0.00000000e+00  5.12367948e-09 
 1.60000000e-12  0.00000000e+00  0.00000000e+00  5.12367970e-09 
 3.20000000e-12  0.00000000e+00  0.00000000e+00  5.12368070e-09 
 6.40000000e-12  0.00000000e+00  0.00000000e+00  5.12367959e-09 
 1.28000000e-11  0.00000000e+00  0.00000000e+00  5.12368037e-09 
 2.28000000e-11  0.00000000e+00  0.00000000e+00  5.12367970e-09 
 3.28000000e-11  0.00000000e+00  0.00000000e+00  5.12367976e-09 
 4.28000000e-11  0.00000000e+00  0.00000000e+00  5.12367981e-09 
 5.28000000e-11  0.00000000e+00  0.00000000e+00  5.12367976e-09 
 6.28000000e-11  0.00000000e+00  0.00000000e+00  5.12367948e-09 
 7.28000000e-11  0.00000000e+00  0.00000000e+00  5.12367987e-09 
 8.28000000e-11  0.00000000e+00  0.00000000e+00  5.12367954e-09 
 9.28000000e-11  0.00000000e+00  0.00000000e+00  5.12367965e-09 
 1.00000000e-10  0.00000000e+00  0.00000000e+00  5.12368004e-09 
 1.00012326e-10  1.47915101e-04  0.00000000e+00  4.74607304e-05 
 1.00036979e-10  4.43745302e-04  0.00000000e+00  1.41195120e-04 
 1.00086284e-10  1.03540570e-03  0.00000000e+00  3.21744371e-04 
 1.00184894e-10  2.21872651e-03  0.00000000e+00  6.56524316e-04 
 1.00382114e-10  4.58536812e-03  0.00000000e+00  1.23081344e-03 
 1.00776554e-10  9.31865134e-03  0.00000000e+00  2.06625884e-03 
 1.01336177e-10  1.60341212e-02  0.00000000e+00  2.72313687e-03 
 1.01884656e-10  2.26158692e-02  0.00000000e+00  2.96721604e-03 
 1.02531065e-10  3.03727797e-02  0.00000000e+00  2.96564615e-03 
 1.03218432e-10  3.86211892e-02  0.00000000e+00  2.78056320e-03 
 1.04078144e-10  4.89377334e-02  0.00000000e+00  2.44243965e-03 
 1.05042772e-10  6.05132612e-02  0.00000000e+00  2.03773572e-03 
 1.06275769e-10  7.53092338e-02  0.00000000e+00  1.57505671e-03 
 1.07740872e-10  9.28904695e-02  0.00000000e+00  1.14424137e-03 
 1.09705286e-10  1.16463427e-01  0.00000000e+00  7.49466217e-04 
 1.12193031e-10  1.46316369e-01  0.00000000e+00  4.60873276e-04 
 1.15591023e-10  1.87092272e-01  0.00000000e+00  2.76230226e-04 
 1.19966359e-10  2.39596305e-01  0.00000000e+00  1.96691692e-04 
 1.25620761e-10  3.07449136e-01  0.00000000e+00  1.86675254e-04 
 1.33250574e-10  3.99006894e-01  0.00000000e+00  2.17462121e-04 
 1.43250574e-10  5.19006894e-01  0.00000000e+00  2.82452364e-04 
 1.53250574e-10  6.39006894e-01  0.00000000e+00  3.62486531e-04 
 1.60643246e-10  7.27718952e-01  0.00000000e+00  3.95174800e-04 
 1.65618946e-10  7.87427358e-01  0.00000000e+00  3.48714736e-04 
 1.70402562e-10  8.44830741e-01  0.00000000e+00  2.36366006e-04 
 1.74419677e-10  8.93036127e-01  0.00000000e+00  1.36281854e-04 
 1.78181185e-10  9.38174223e-01  0.00000000e+00  5.25190278e-05 
 1.82269633e-10  9.87235596e-01  0.00000000e+00 -2.31250635e-05 
 1.86217208e-10  1.03460649e+00  0.00000000e+00 -8.49079212e-05 
 1.90124204e-10  1.08149045e+00  0.00000000e+00 -1.40406188e-04 
 1.94274368e-10  1.13129242e+00  0.00000000e+00 -1.89982032e-04 
 1.98599820e-10  1.18319784e+00  0.00000000e+00 -2.24021313e-04 
 2.00000000e-10  1.20000000e+00  0.00000000e+00 -2.29864303e-04 
 2.00001009e-10  1.20000000e+00  0.00000000e+00 -2.33601280e-04 
 2.00003026e-10  1.20000000e+00  0.00000000e+00 -2.41069637e-04 
 2.00007061e-10  1.20000000e+00  0.00000000e+00 -2.55972806e-04 
 2.00015131e-10  1.20000000e+00  0.00000000e+00 -2.85645372e-04 
 2.00031271e-10  1.20000000e+00  0.00000000e+00 -3.44458646e-04 
 2.00063551e-10  1.20000000e+00  0.00000000e+00 -4.59983396e-04 
 2.00128110e-10  1.20000000e+00  0.00000000e+00 -6.82826513e-04 
 2.00257229e-10  1.20000000e+00  0.00000000e+00 -1.09722938e-03 
 2.00515466e-10  1.20000000e+00  0.00000000e+00 -1.81228286e-03 
 2.01031940e-10  1.20000000e+00  0.00000000e+00 -2.86519703e-03 
 2.01821531e-10  1.20000000e+00  0.00000000e+00 -3.75810801e-03 
 2.02557802e-10  1.20000000e+00  0.00000000e+00 -4.06347492e-03 
 2.03456924e-10  1.20000000e+00  0.00000000e+00 -4.04654009e-03 
 2.04365377e-10  1.20000000e+00  0.00000000e+00 -3.79063146e-03 
 2.05523729e-10  1.20000000e+00  0.00000000e+00 -3.32215960e-03 
 2.06751925e-10  1.20000000e+00  0.00000000e+00 -2.78644932e-03 
 2.08307226e-10  1.20000000e+00  0.00000000e+00 -2.16360537e-03 
 2.10013316e-10  1.20000000e+00  0.00000000e+00 -1.59999765e-03 
 2.12171604e-10  1.20000000e+00  0.00000000e+00 -1.06604174e-03 
 2.14587197e-10  1.20000000e+00  0.00000000e+00 -6.58972825e-04 
 2.17603147e-10  1.20000000e+00  0.00000000e+00 -3.44013869e-04 
 2.21018162e-10  1.20000000e+00  0.00000000e+00 -1.47648443e-04 
 2.25296202e-10  1.20000000e+00  0.00000000e+00 -2.97218429e-05 
 2.30367217e-10  1.20000000e+00  0.00000000e+00  2.25644560e-05 
 2.37111792e-10  1.20000000e+00  0.00000000e+00  3.76017704e-05 
 2.45090631e-10  1.20000000e+00  0.00000000e+00  3.28994417e-05 
 2.54049841e-10  1.20000000e+00  0.00000000e+00  2.46728258e-05 
 2.63866073e-10  1.20000000e+00  0.00000000e+00  1.80174692e-05 
 2.73866073e-10  1.20000000e+00  0.00000000e+00  1.35337983e-05 
 2.83866073e-10  1.20000000e+00  0.00000000e+00  1.05014853e-05 
 2.93866073e-10  1.20000000e+00  0.00000000e+00  8.36163601e-06 
 3.03866073e-10  1.20000000e+00  0.00000000e+00  6.80177192e-06 
 3.13866073e-10  1.20000000e+00  0.00000000e+00  5.63177840e-06 
 3.23866073e-10  1.20000000e+00  0.00000000e+00  4.73383711e-06 
 3.33866073e-10  1.20000000e+00  0.00000000e+00  4.03060921e-06 
 3.43866073e-10  1.20000000e+00  0.00000000e+00  3.47040249e-06 
 3.53866073e-10  1.20000000e+00  0.00000000e+00  3.01734356e-06 
 3.63866073e-10  1.20000000e+00  0.00000000e+00  2.64609818e-06 
 3.73866073e-10  1.20000000e+00  0.00000000e+00  2.33831122e-06 
 3.83866073e-10  1.20000000e+00  0.00000000e+00  2.08047050e-06 
 3.93866073e-10  1.20000000e+00  0.00000000e+00  1.86244297e-06 
 4.03866073e-10  1.20000000e+00  0.00000000e+00  1.67652325e-06 
 4.13866073e-10  1.20000000e+00  0.00000000e+00  1.53160538e-06 
 4.23866073e-10  1.20000000e+00  0.00000000e+00  1.38464445e-06 
 4.33866073e-10  1.20000000e+00  0.00000000e+00  1.25102558e-06 
 4.43866073e-10  1.20000000e+00  0.00000000e+00  1.15149951e-06 
 4.53866073e-10  1.20000000e+00  0.00000000e+00  1.05669775e-06 
 4.63866073e-10  1.20000000e+00  0.00000000e+00  9.76147326e-07 
 4.73866073e-10  1.20000000e+00  0.00000000e+00  9.02923280e-07 
 4.83866073e-10  1.20000000e+00  0.00000000e+00  8.38252459e-07 
 4.93866073e-10  1.20000000e+00  0.00000000e+00  7.79917545e-07 
 5.03866073e-10  1.20000000e+00  0.00000000e+00  7.27574337e-07 
 5.13866073e-10  1.20000000e+00  0.00000000e+00  6.80228189e-07 
 5.23866073e-10  1.20000000e+00  0.00000000e+00  6.37366123e-07 
 5.33866073e-10  1.20000000e+00  0.00000000e+00  5.98398413e-07 
 5.43866073e-10  1.20000000e+00  0.00000000e+00  5.62892414e-07 
 5.53866073e-10  1.20000000e+00  0.00000000e+00  5.30443246e-07 
 5.63866073e-10  1.20000000e+00  0.00000000e+00  5.00717221e-07 
 5.73866073e-10  1.20000000e+00  0.00000000e+00  4.73418099e-07 
 5.83866073e-10  1.20000000e+00  0.00000000e+00  4.48291693e-07 
 5.93866073e-10  1.20000000e+00  0.00000000e+00  4.25114613e-07 
 6.03866073e-10  1.20000000e+00  0.00000000e+00  4.03691964e-07 
 6.13866073e-10  1.20000000e+00  0.00000000e+00  3.83852167e-07 
 6.23866073e-10  1.20000000e+00  0.00000000e+00  3.65444152e-07 
 6.33866073e-10  1.20000000e+00  0.00000000e+00  3.48334283e-07 
 6.43866073e-10  1.20000000e+00  0.00000000e+00  3.32404112e-07 
 6.53866073e-10  1.20000000e+00  0.00000000e+00  3.17548317e-07 
 6.63866073e-10  1.20000000e+00  0.00000000e+00  3.03673019e-07 
 6.73866073e-10  1.20000000e+00  0.00000000e+00  2.90694322e-07 
 6.83866073e-10  1.20000000e+00  0.00000000e+00  2.78537071e-07 
 6.93866073e-10  1.20000000e+00  0.00000000e+00  2.67133790e-07 
 7.03866073e-10  1.20000000e+00  0.00000000e+00  2.56423757e-07 
 7.13866073e-10  1.20000000e+00  0.00000000e+00  2.46352214e-07 
 7.23866073e-10  1.20000000e+00  0.00000000e+00  2.36869684e-07 
 7.33866073e-10  1.20000000e+00  0.00000000e+00  2.27931367e-07 
 7.43866073e-10  1.20000000e+00  0.00000000e+00  2.19496627e-07 
 7.53866073e-10  1.20000000e+00  0.00000000e+00  2.11528535e-07 
 7.63866073e-10  1.20000000e+00  0.00000000e+00  2.03993469e-07 
 7.73866073e-10  1.20000000e+00  0.00000000e+00  1.96860773e-07 
 7.83866073e-10  1.20000000e+00  0.00000000e+00  1.90102444e-07 
 7.93866073e-10  1.20000000e+00  0.00000000e+00  1.83692864e-07 
 8.03866073e-10  1.20000000e+00  0.00000000e+00  1.77608562e-07 
 8.13866073e-10  1.20000000e+00  0.00000000e+00  1.71827998e-07 
 8.23866073e-10  1.20000000e+00  0.00000000e+00  1.66331383e-07 
 8.33866073e-10  1.20000000e+00  0.00000000e+00  1.61100507e-07 
 8.43866073e-10  1.20000000e+00  0.00000000e+00  1.56118588e-07 
 8.53866073e-10  1.20000000e+00  0.00000000e+00  1.51370149e-07 
 8.63866073e-10  1.20000000e+00  0.00000000e+00  1.46840887e-07 
 8.73866073e-10  1.20000000e+00  0.00000000e+00  1.42517580e-07 
 8.83866073e-10  1.20000000e+00  0.00000000e+00  1.38387980e-07 
 8.93866073e-10  1.20000000e+00  0.00000000e+00  1.34440735e-07 
 9.03866073e-10  1.20000000e+00  0.00000000e+00  1.30665309e-07 
 9.13866073e-10  1.20000000e+00  0.00000000e+00  1.27051915e-07 
 9.23866073e-10  1.20000000e+00  0.00000000e+00  1.23591450e-07 
 9.33866073e-10  1.20000000e+00  0.00000000e+00  1.20275438e-07 
 9.43866073e-10  1.20000000e+00  0.00000000e+00  1.17095982e-07 
 9.53866073e-10  1.20000000e+00  0.00000000e+00  1.14045716e-07 
 9.63866073e-10  1.20000000e+00  0.00000000e+00  1.11117762e-07 
 9.73866073e-10  1.20000000e+00  0.00000000e+00  1.08305690e-07 
 9.83866073e-10  1.20000000e+00  0.00000000e+00  1.05603489e-07 
 9.93866073e-10  1.20000000e+00  0.00000000e+00  1.03005531e-07 
 1.00386607e-09  1.20000000e+00  0.00000000e+00  1.00506542e-07 
 1.01386607e-09  1.20000000e+00  0.00000000e+00  9.81015752e-08 
 1.02386607e-09  1.20000000e+00  0.00000000e+00  9.57859911e-08 
 1.03386607e-09  1.20000000e+00  0.00000000e+00  9.35554292e-08 
 1.04386607e-09  1.20000000e+00  0.00000000e+00  9.14057932e-08 
 1.05386607e-09  1.20000000e+00  0.00000000e+00  8.93332280e-08 
 1.06386607e-09  1.20000000e+00  0.00000000e+00  8.73341065e-08 
 1.07386607e-09  1.20000000e+00  0.00000000e+00  8.54050103e-08 
 1.08386607e-09  1.20000000e+00  0.00000000e+00  8.35427181e-08 
 1.09386607e-09  1.20000000e+00  0.00000000e+00  8.17441914e-08 
 1.10000000e-09  1.20000000e+00  0.00000000e+00  8.05295993e-08 
 1.10000562e-09  1.20000000e+00  6.74080040e-05  1.48615034e-05 
 1.10001685e-09  1.20000000e+00  2.02224012e-04  4.43043291e-05 
 1.10003932e-09  1.20000000e+00  4.71856028e-04  1.02479981e-04 
 1.10008426e-09  1.20000000e+00  1.01112006e-03  2.16038057e-04 
 1.10017414e-09  1.20000000e+00  2.08964813e-03  4.32344864e-04 
 1.10035389e-09  1.20000000e+00  4.24670425e-03  8.24471787e-04 
 1.10071340e-09  1.20000000e+00  8.56081651e-03  1.46650261e-03 
 1.10143242e-09  1.20000000e+00  1.71890410e-02  2.30940429e-03 
 1.10228624e-09  1.20000000e+00  2.74349351e-02  2.77497557e-03 
 1.10322719e-09  1.20000000e+00  3.87262587e-02  2.89219149e-03 
 1.10424851e-09  1.20000000e+00  5.09821684e-02  2.77525615e-03 
 1.10546187e-09  1.20000000e+00  6.55424783e-02  2.49848750e-03 
 1.10686543e-09  1.20000000e+00  8.23851392e-02  2.13394597e-03 
 1.10859212e-09  1.20000000e+00  1.03105390e-01  1.72369380e-03 
 1.11064373e-09  1.20000000e+00  1.27724812e-01  1.34090885e-03 
 1.11313963e-09  1.20000000e+00  1.57675538e-01  1.02166182e-03 
 1.11615191e-09  1.20000000e+00  1.93822896e-01  7.94671713e-04 
 1.11980530e-09  1.20000000e+00  2.37663636e-01  6.66233046e-04 
 1.12413684e-09  1.20000000e+00  2.89642049e-01  6.34106406e-04 
 1.12773107e-09  1.20000000e+00  3.32772887e-01  6.67670009e-04 
 1.12978042e-09  1.20000000e+00  3.57365051e-01  7.04252136e-04 
 1.13142035e-09  1.20000000e+00  3.77044234e-01  7.41455384e-04 
 1.13302767e-09  1.20000000e+00  3.96331991e-01  7.84484298e-04 
 1.13465830e-09  1.20000000e+00  4.15899629e-01  8.34484631e-04 
 1.13628181e-09  1.20000000e+00  4.35381745e-01  8.91247767e-04 
 1.13783464e-09  1.20000000e+00  4.54015650e-01  9.52719947e-04 
 1.13935941e-09  1.20000000e+00  4.72312871e-01  1.01999146e-03 
 1.14102659e-09  1.20000000e+00  4.92319136e-01  1.10203165e-03 
 1.14255124e-09  1.20000000e+00  5.10614871e-01  1.18549059e-03 
 1.14416000e-09  1.20000000e+00  5.29920020e-01  1.28320986e-03 
 1.14568453e-09  1.20000000e+00  5.48214307e-01  1.38588229e-03 
 1.14729800e-09  1.20000000e+00  5.67575980e-01  1.50634503e-03 
 1.14887238e-09  1.20000000e+00  5.86468517e-01  1.63669602e-03 
 1.15054220e-09  1.20000000e+00  6.06506454e-01  1.79009851e-03 
 1.15220746e-09  1.20000000e+00  6.26489540e-01  1.95987751e-03 
 1.15398201e-09  1.20000000e+00  6.47784100e-01  2.16057797e-03 
 1.15579287e-09  1.20000000e+00  6.69514480e-01  2.38736814e-03 
 1.15775405e-09  1.20000000e+00  6.93048629e-01  2.65873002e-03 
 1.15984876e-09  1.20000000e+00  7.18185167e-01  2.98436122e-03 
 1.16069698e-09  1.20000000e+00  7.28363764e-01  3.14878516e-03 
 1.16139740e-09  1.20000000e+00  7.36768761e-01  3.29613486e-03 
 1.16211133e-09  1.20000000e+00  7.45335904e-01  3.42455256e-03 
 1.16276803e-09  1.20000000e+00  7.53216340e-01  3.47265058e-03 
 1.16340788e-09  1.20000000e+00  7.60894558e-01  3.40115367e-03 
 1.16405156e-09  1.20000000e+00  7.68618741e-01  3.16766742e-03 
 1.16474122e-09  1.20000000e+00  7.76894604e-01  2.70735022e-03 
 1.16543711e-09  1.20000000e+00  7.85245330e-01  2.01441271e-03 
 1.16622980e-09  1.20000000e+00  7.94757637e-01  9.63732578e-04 
 1.16710453e-09  1.20000000e+00  8.05254368e-01 -4.67449566e-04 
 1.16821333e-09  1.20000000e+00  8.18559947e-01 -2.57284528e-03 
 1.16939289e-09  1.20000000e+00  8.32714722e-01 -5.01427856e-03 
 1.17039568e-09  1.20000000e+00  8.44748177e-01 -7.14159485e-03 
 1.17141135e-09  1.20000000e+00  8.56936255e-01 -9.26619422e-03 
 1.17256322e-09  1.20000000e+00  8.70758687e-01 -1.15835439e-02 
 1.17367959e-09  1.20000000e+00  8.84155130e-01 -1.37065811e-02 
 1.17491914e-09  1.20000000e+00  8.99029690e-01 -1.59090816e-02 
 1.17618900e-09  1.20000000e+00  9.14268059e-01 -1.80013180e-02 
 1.17763955e-09  1.20000000e+00  9.31674588e-01 -2.02097494e-02 
 1.17919528e-09  1.20000000e+00  9.50343345e-01 -2.23991940e-02 
 1.18101332e-09  1.20000000e+00  9.72159805e-01 -2.47783203e-02 
 1.18304830e-09  1.20000000e+00  9.96579595e-01 -2.72799254e-02 
 1.18537250e-09  1.20000000e+00  1.02446999e+00 -3.00080395e-02 
 1.18775332e-09  1.20000000e+00  1.05303988e+00 -3.27301500e-02 
 1.19027566e-09  1.20000000e+00  1.08330797e+00 -3.55987403e-02 
 1.19284823e-09  1.20000000e+00  1.11417882e+00 -3.85663323e-02 
 1.19555935e-09  1.20000000e+00  1.14671220e+00 -4.18022124e-02 
 1.19833800e-09  1.20000000e+00  1.18005606e+00 -4.53032027e-02 
 1.20000000e-09  1.20000000e+00  1.20000000e+00 -4.75161325e-02 
 1.20000192e-09  1.20000000e+00  1.20000000e+00 -4.75231394e-02 
 1.20000577e-09  1.20000000e+00  1.20000000e+00 -4.75371523e-02 
 1.20001347e-09  1.20000000e+00  1.20000000e+00 -4.75651721e-02 
 1.20002887e-09  1.20000000e+00  1.20000000e+00 -4.76211880e-02 
 1.20005966e-09  1.20000000e+00  1.20000000e+00 -4.77331203e-02 
 1.20012124e-09  1.20000000e+00  1.20000000e+00 -4.79565525e-02 
 1.20024440e-09  1.20000000e+00  1.20000000e+00 -4.84014332e-02 
 1.20049072e-09  1.20000000e+00  1.20000000e+00 -4.92815151e-02 
 1.20098336e-09  1.20000000e+00  1.20000000e+00 -5.09928022e-02 
 1.20176611e-09  1.20000000e+00  1.20000000e+00 -5.35543172e-02 
 1.20249192e-09  1.20000000e+00  1.20000000e+00 -5.57527372e-02 
 1.20340604e-09  1.20000000e+00  1.20000000e+00 -5.82914301e-02 
 1.20434122e-09  1.20000000e+00  1.20000000e+00 -6.06497772e-02 
 1.20560667e-09  1.20000000e+00  1.20000000e+00 -6.35453756e-02 
 1.20702022e-09  1.20000000e+00  1.20000000e+00 -6.63215642e-02 
 1.20878118e-09  1.20000000e+00  1.20000000e+00 -6.87206803e-02 
 1.21066257e-09  1.20000000e+00  1.20000000e+00 -6.93377615e-02 
 1.21250427e-09  1.20000000e+00  1.20000000e+00 -6.72118548e-02 
 1.21427356e-09  1.20000000e+00  1.20000000e+00 -6.19633978e-02 
 1.21616896e-09  1.20000000e+00  1.20000000e+00 -5.22471669e-02 
 1.21816467e-09  1.20000000e+00  1.20000000e+00 -3.68565273e-02 
 1.21991509e-09  1.20000000e+00  1.20000000e+00 -1.85295995e-02 
 1.22128748e-09  1.20000000e+00  1.20000000e+00 -6.53177569e-04 
 1.22240231e-09  1.20000000e+00  1.20000000e+00  1.63973359e-02 
 1.22341489e-09  1.20000000e+00  1.20000000e+00  3.40485533e-02 
 1.22434221e-09  1.20000000e+00  1.20000000e+00  5.22244002e-02 
 1.22535962e-09  1.20000000e+00  1.20000000e+00  7.46100657e-02 
 1.22645120e-09  1.20000000e+00  1.20000000e+00  1.01551193e-01 
 1.22790554e-09  1.20000000e+00  1.20000000e+00  1.42175567e-01 
 1.22927067e-09  1.20000000e+00  1.20000000e+00  1.85071737e-01 
 1.23033209e-09  1.20000000e+00  1.20000000e+00  2.21323394e-01 
 1.23138943e-09  1.20000000e+00  1.20000000e+00  2.59659033e-01 
 1.23256308e-09  1.20000000e+00  1.20000000e+00  3.04499822e-01 
 1.23369274e-09  1.20000000e+00  1.20000000e+00  3.49640282e-01 
 1.23487263e-09  1.20000000e+00  1.20000000e+00  3.98543522e-01 
 1.23601898e-09  1.20000000e+00  1.20000000e+00  4.47508948e-01 
 1.23726799e-09  1.20000000e+00  1.20000000e+00  5.02201372e-01 
 1.23851180e-09  1.20000000e+00  1.20000000e+00  5.57781422e-01 
 1.23991072e-09  1.20000000e+00  1.20000000e+00  6.21279600e-01 
 1.24132502e-09  1.20000000e+00  1.20000000e+00  6.86169184e-01 
 1.24282045e-09  1.20000000e+00  1.20000000e+00  7.55063871e-01 
 1.24424736e-09  1.20000000e+00  1.20000000e+00  8.20512937e-01 
 1.24547887e-09  1.20000000e+00  1.20000000e+00  8.76178103e-01 
 1.24648249e-09  1.20000000e+00  1.20000000e+00  9.20424242e-01 
 1.24732746e-09  1.20000000e+00  1.20000000e+00  9.56406372e-01 
 1.24810530e-09  1.20000000e+00  1.20000000e+00  9.88040319e-01 
 1.24886644e-09  1.20000000e+00  1.20000000e+00  1.01714547e+00 
 1.24963659e-09  1.20000000e+00  1.20000000e+00  1.04423487e+00 
 1.25046093e-09  1.20000000e+00  1.20000000e+00  1.07008246e+00 
 1.25129601e-09  1.20000000e+00  1.20000000e+00  1.09258759e+00 
 1.25233284e-09  1.20000000e+00  1.20000000e+00  1.11525287e+00 
 1.25313862e-09  1.20000000e+00  1.20000000e+00  1.12904428e+00 
 1.25381041e-09  1.20000000e+00  1.20000000e+00  1.13829327e+00 
 1.25454891e-09  1.20000000e+00  1.20000000e+00  1.14648068e+00 
 1.25547599e-09  1.20000000e+00  1.20000000e+00  1.15437711e+00 
 1.25633261e-09  1.20000000e+00  1.20000000e+00  1.15982354e+00 
 1.25729006e-09  1.20000000e+00  1.20000000e+00  1.16440574e+00 
 1.25821199e-09  1.20000000e+00  1.20000000e+00  1.16773592e+00 
 1.25933682e-09  1.20000000e+00  1.20000000e+00  1.17083269e+00 
 1.26050678e-09  1.20000000e+00  1.20000000e+00  1.17330004e+00 
 1.26195474e-09  1.20000000e+00  1.20000000e+00  1.17570081e+00 
 1.26356162e-09  1.20000000e+00  1.20000000e+00  1.17784836e+00 
 1.26564002e-09  1.20000000e+00  1.20000000e+00  1.18015743e+00 
 1.26814606e-09  1.20000000e+00  1.20000000e+00  1.18250519e+00 
 1.27154056e-09  1.20000000e+00  1.20000000e+00  1.18518195e+00 
 1.27556681e-09  1.20000000e+00  1.20000000e+00  1.18780123e+00 
 1.27932084e-09  1.20000000e+00  1.20000000e+00  1.18981705e+00 
 1.28305698e-09  1.20000000e+00  1.20000000e+00  1.19149366e+00 
 1.28658757e-09  1.20000000e+00  1.20000000e+00  1.19282546e+00 
 1.29023143e-09  1.20000000e+00  1.20000000e+00  1.19398404e+00 
 1.29384514e-09  1.20000000e+00  1.20000000e+00  1.19494988e+00 
 1.29764911e-09  1.20000000e+00  1.20000000e+00  1.19580107e+00 
 1.30151288e-09  1.20000000e+00  1.20000000e+00  1.19651993e+00 
 1.30561551e-09  1.20000000e+00  1.20000000e+00  1.19714988e+00 
 1.30985338e-09  1.20000000e+00  1.20000000e+00  1.19768167e+00 
 1.31438675e-09  1.20000000e+00  1.20000000e+00  1.19814169e+00 
 1.31913803e-09  1.20000000e+00  1.20000000e+00  1.19852719e+00 
 1.32424279e-09  1.20000000e+00  1.20000000e+00  1.19885321e+00 
 1.32971577e-09  1.20000000e+00  1.20000000e+00  1.19912265e+00 
 1.33565454e-09  1.20000000e+00  1.20000000e+00  1.19934428e+00 
 1.34203922e-09  1.20000000e+00  1.20000000e+00  1.19952070e+00 
 1.34910034e-09  1.20000000e+00  1.20000000e+00  1.19966128e+00 
 1.35684351e-09  1.20000000e+00  1.20000000e+00  1.19976875e+00 
 1.36555929e-09  1.20000000e+00  1.20000000e+00  1.19984969e+00 
 1.37534532e-09  1.20000000e+00  1.20000000e+00  1.19990754e+00 
 1.38534532e-09  1.20000000e+00  1.20000000e+00  1.19994373e+00 
 1.39534532e-09  1.20000000e+00  1.20000000e+00  1.19996577e+00 
 1.40534532e-09  1.20000000e+00  1.20000000e+00  1.19997917e+00 
 1.41534532e-09  1.20000000e+00  1.20000000e+00  1.19998733e+00 
 1.42534532e-09  1.20000000e+00  1.20000000e+00  1.19999228e+00 
 1.43534532e-09  1.20000000e+00  1.20000000e+00  1.19999531e+00 
 1.44534532e-09  1.20000000e+00  1.20000000e+00  1.19999714e+00 
 1.45534532e-09  1.20000000e+00  1.20000000e+00  1.19999826e+00 
 1.46534532e-09  1.20000000e+00  1.20000000e+00  1.19999894e+00 
 1.47534532e-09  1.20000000e+00  1.20000000e+00  1.19999935e+00 
 1.48534532e-09  1.20000000e+00  1.20000000e+00  1.19999961e+00 
 1.49534532e-09  1.20000000e+00  1.20000000e+00  1.19999976e+00 
 1.50534532e-09  1.20000000e+00  1.20000000e+00  1.19999985e+00 
 1.51534532e-09  1.20000000e+00  1.20000000e+00  1.19999991e+00 
 1.52534532e-09  1.20000000e+00  1.20000000e+00  1.19999994e+00 
 1.53534532e-09  1.20000000e+00  1.20000000e+00  1.19999996e+00 
 1.54534532e-09  1.20000000e+00  1.20000000e+00  1.19999998e+00 
 1.55534532e-09  1.20000000e+00  1.20000000e+00  1.19999998e+00 
 1.56534532e-09  1.20000000e+00  1.20000000e+00  1.19999999e+00 
 1.57534532e-09  1.20000000e+00  1.20000000e+00  1.19999999e+00 
 1.58534532e-09  1.20000000e+00  1.20000000e+00  1.19999999e+00 
 1.59534532e-09  1.20000000e+00  1.20000000e+00  1.20000000e+00 
 1.60534532e-09  1.20000000e+00  1.20000000e+00  1.20000000e+00 
 1.61534532e-09  1.20000000e+00  1.20000000e+00  1.20000000e+00 
 1.62534532e-09  1.20000000e+00  1.20000000e+00  1.20000000e+00 
 1.63534532e-09  1.20000000e+00  1.20000000e+00  1.20000000e+00 
 1.64534532e-09  1.20000000e+00  1.20000000e+00  1.20000000e+00 
 1.65534532e-09  1.20000000e+00  1.20000000e+00  1.20000000e+00 
 1.66534532e-09  1.20000000e+00  1.20000000e+00  1.20000000e+00 
 1.67534532e-09  1.20000000e+00  1.20000000e+00  1.20000000e+00 
 1.68534532e-09  1.20000000e+00  1.20000000e+00  1.20000000e+00 
 1.69534532e-09  1.20000000e+00  1.20000000e+00  1.20000000e+00 
 1.70534532e-09  1.20000000e+00  1.20000000e+00  1.20000000e+00 
 1.71534532e-09  1.20000000e+00  1.20000000e+00  1.20000000e+00 
 1.72534532e-09  1.20000000e+00  1.20000000e+00  1.20000000e+00 
 1.73534532e-09  1.20000000e+00  1.20000000e+00  1.20000000e+00 
 1.74534532e-09  1.20000000e+00  1.20000000e+00  1.20000000e+00 
 1.75534532e-09  1.20000000e+00  1.20000000e+00  1.20000000e+00 
 1.76534532e-09  1.20000000e+00  1.20000000e+00  1.20000000e+00 
 1.77534532e-09  1.20000000e+00  1.20000000e+00  1.20000000e+00 
 1.78534532e-09  1.20000000e+00  1.20000000e+00  1.20000000e+00 
 1.79534532e-09  1.20000000e+00  1.20000000e+00  1.20000000e+00 
 1.80534532e-09  1.20000000e+00  1.20000000e+00  1.20000000e+00 
 1.81534532e-09  1.20000000e+00  1.20000000e+00  1.20000000e+00 
 1.82534532e-09  1.20000000e+00  1.20000000e+00  1.20000000e+00 
 1.83534532e-09  1.20000000e+00  1.20000000e+00  1.20000000e+00 
 1.84534532e-09  1.20000000e+00  1.20000000e+00  1.20000000e+00 
 1.85534532e-09  1.20000000e+00  1.20000000e+00  1.20000000e+00 
 1.86534532e-09  1.20000000e+00  1.20000000e+00  1.20000000e+00 
 1.87534532e-09  1.20000000e+00  1.20000000e+00  1.20000000e+00 
 1.88534532e-09  1.20000000e+00  1.20000000e+00  1.20000000e+00 
 1.89534532e-09  1.20000000e+00  1.20000000e+00  1.20000000e+00 
 1.90534532e-09  1.20000000e+00  1.20000000e+00  1.20000000e+00 
 1.91534532e-09  1.20000000e+00  1.20000000e+00  1.20000000e+00 
 1.92534532e-09  1.20000000e+00  1.20000000e+00  1.20000000e+00 
 1.93534532e-09  1.20000000e+00  1.20000000e+00  1.20000000e+00 
 1.94534532e-09  1.20000000e+00  1.20000000e+00  1.20000000e+00 
 1.95534532e-09  1.20000000e+00  1.20000000e+00  1.20000000e+00 
 1.96534532e-09  1.20000000e+00  1.20000000e+00  1.20000000e+00 
 1.97534532e-09  1.20000000e+00  1.20000000e+00  1.20000000e+00 
 1.98534532e-09  1.20000000e+00  1.20000000e+00  1.20000000e+00 
 1.99534532e-09  1.20000000e+00  1.20000000e+00  1.20000000e+00 
 2.00534532e-09  1.20000000e+00  1.20000000e+00  1.20000000e+00 
 2.01534532e-09  1.20000000e+00  1.20000000e+00  1.20000000e+00 
 2.02534532e-09  1.20000000e+00  1.20000000e+00  1.20000000e+00 
 2.03534532e-09  1.20000000e+00  1.20000000e+00  1.20000000e+00 
 2.04534532e-09  1.20000000e+00  1.20000000e+00  1.20000000e+00 
 2.05534532e-09  1.20000000e+00  1.20000000e+00  1.20000000e+00 
 2.06534532e-09  1.20000000e+00  1.20000000e+00  1.20000000e+00 
 2.07534532e-09  1.20000000e+00  1.20000000e+00  1.20000000e+00 
 2.08534532e-09  1.20000000e+00  1.20000000e+00  1.20000000e+00 
 2.09534532e-09  1.20000000e+00  1.20000000e+00  1.20000000e+00 
 2.10534532e-09  1.20000000e+00  1.20000000e+00  1.20000000e+00 
 2.11534532e-09  1.20000000e+00  1.20000000e+00  1.20000000e+00 
 2.12534532e-09  1.20000000e+00  1.20000000e+00  1.20000000e+00 
 2.13534532e-09  1.20000000e+00  1.20000000e+00  1.20000000e+00 
 2.14534532e-09  1.20000000e+00  1.20000000e+00  1.20000000e+00 
 2.15534532e-09  1.20000000e+00  1.20000000e+00  1.20000000e+00 
 2.16534532e-09  1.20000000e+00  1.20000000e+00  1.20000000e+00 
 2.17534532e-09  1.20000000e+00  1.20000000e+00  1.20000000e+00 
 2.18534532e-09  1.20000000e+00  1.20000000e+00  1.20000000e+00 
 2.19534532e-09  1.20000000e+00  1.20000000e+00  1.20000000e+00 
 2.20000000e-09  1.20000000e+00  1.20000000e+00  1.20000000e+00 
 2.20000289e-09  1.19996537e+00  1.20000000e+00  1.19998907e+00 
 2.20000866e-09  1.19989611e+00  1.20000000e+00  1.19996726e+00 
 2.20002020e-09  1.19975758e+00  1.20000000e+00  1.19992396e+00 
 2.20004329e-09  1.19948054e+00  1.20000000e+00  1.19983857e+00 
 2.20008946e-09  1.19892644e+00  1.20000000e+00  1.19967255e+00 
 2.20018181e-09  1.19781826e+00  1.20000000e+00  1.19935882e+00 
 2.20036651e-09  1.19560188e+00  1.20000000e+00  1.19879899e+00 
 2.20073591e-09  1.19116913e+00  1.20000000e+00  1.19790998e+00 
 2.20147470e-09  1.18230364e+00  1.20000000e+00  1.19680328e+00 
 2.20221318e-09  1.17344189e+00  1.20000000e+00  1.19629129e+00 
 2.20323255e-09  1.16120945e+00  1.20000000e+00  1.19606606e+00 
 2.20436123e-09  1.14766523e+00  1.20000000e+00  1.19611421e+00 
 2.20594689e-09  1.12863731e+00  1.20000000e+00  1.19634040e+00 
 2.20793085e-09  1.10482981e+00  1.20000000e+00  1.19666680e+00 
 2.21125853e-09  1.06489769e+00  1.20000000e+00  1.19715566e+00 
 2.21515646e-09  1.01812249e+00  1.20000000e+00  1.19761365e+00 
 2.21964013e-09  9.64318397e-01  1.20000000e+00  1.19801579e+00 
 2.22407061e-09  9.11152695e-01  1.20000000e+00  1.19830858e+00 
 2.22904403e-09  8.51471682e-01  1.20000000e+00  1.19854553e+00 
 2.23314689e-09  8.02237321e-01  1.20000000e+00  1.19870749e+00 
 2.23512063e-09  7.78552395e-01  1.20000000e+00  1.19880304e+00 
 2.23682354e-09  7.58117561e-01  1.20000000e+00  1.19893180e+00 
 2.23870892e-09  7.35492921e-01  1.20000000e+00  1.19914755e+00 
 2.24097986e-09  7.08241648e-01  1.20000000e+00  1.19954352e+00 
 2.24305359e-09  6.83356870e-01  1.20000000e+00  1.20005915e+00 
 2.24507623e-09  6.59085265e-01  1.20000000e+00  1.20071567e+00 
 2.24724952e-09  6.33005720e-01  1.20000000e+00  1.20159706e+00 
 2.24926628e-09  6.08804639e-01  1.20000000e+00  1.20258193e+00 
 2.25135615e-09  5.83726212e-01  1.20000000e+00  1.20377689e+00 
 2.25331732e-09  5.60192111e-01  1.20000000e+00  1.20507149e+00 
 2.25530427e-09  5.36348777e-01  1.20000000e+00  1.20657426e+00 
 2.25715530e-09  5.14136438e-01  1.20000000e+00  1.20817547e+00 
 2.25897369e-09  4.92315765e-01  1.20000000e+00  1.20997693e+00 
 2.26064438e-09  4.72267424e-01  1.20000000e+00  1.21187567e+00 
 2.26225950e-09  4.52885970e-01  1.20000000e+00  1.21397622e+00 
 2.26379313e-09  4.34482444e-01  1.20000000e+00  1.21623574e+00 
 2.26541055e-09  4.15073354e-01  1.20000000e+00  1.21890740e+00 
 2.26713158e-09  3.94421029e-01  1.20000000e+00  1.22208910e+00 
 2.26876548e-09  3.74814271e-01  1.20000000e+00  1.22545100e+00 
 2.27028562e-09  3.56572611e-01  1.20000000e+00  1.22890719e+00 
 2.27219340e-09  3.33679149e-01  1.20000000e+00  1.23378668e+00 
 2.27455084e-09  3.05389952e-01  1.20000000e+00  1.24090659e+00 
 2.27739642e-09  2.71242953e-01  1.20000000e+00  1.25182536e+00 
 2.27865926e-09  2.56088913e-01  1.20000000e+00  1.25779576e+00 
 2.27967807e-09  2.43863215e-01  1.20000000e+00  1.26317102e+00 
 2.28114067e-09  2.26311982e-01  1.20000000e+00  1.27140409e+00 
 2.28251578e-09  2.09810698e-01  1.20000000e+00  1.27912747e+00 
 2.28382097e-09  1.94148318e-01  1.20000000e+00  1.28584244e+00 
 2.28499510e-09  1.80058760e-01  1.20000000e+00  1.29094349e+00 
 2.28601548e-09  1.67814198e-01  1.20000000e+00  1.29434980e+00 
 2.28690299e-09  1.57164077e-01  1.20000000e+00  1.29629768e+00 
 2.28768002e-09  1.47839749e-01  1.20000000e+00  1.29700830e+00 
 2.28841531e-09  1.39016248e-01  1.20000000e+00  1.29658026e+00 
 2.28913597e-09  1.30368368e-01  1.20000000e+00  1.29484311e+00 
 2.28985545e-09  1.21734605e-01  1.20000000e+00  1.29148856e+00 
 2.29064301e-09  1.12283835e-01  1.20000000e+00  1.28550922e+00 
 2.29136764e-09  1.03588328e-01  1.20000000e+00  1.27745105e+00 
 2.29198167e-09  9.62199838e-02  1.20000000e+00  1.26841209e+00 
 2.29264657e-09  8.82411778e-02  1.20000000e+00  1.25608427e+00 
 2.29334427e-09  7.98687002e-02  1.20000000e+00  1.24010794e+00 
 2.29411225e-09  7.06529508e-02  1.20000000e+00  1.21876461e+00 
 2.29490020e-09  6.11976004e-02  1.20000000e+00  1.19279200e+00 
 2.29568721e-09  5.17535095e-02  1.20000000e+00  1.16293138e+00 
 2.29648597e-09  4.21683219e-02  1.20000000e+00  1.12890917e+00 
 2.29736294e-09  3.16447100e-02  1.20000000e+00  1.08764715e+00 
 2.29815420e-09  2.21496037e-02  1.20000000e+00  1.04728175e+00 
 2.29895341e-09  1.25591361e-02  1.20000000e+00  1.00387142e+00 
 2.29975182e-09  2.97810960e-03  1.20000000e+00  9.58208136e-01 
 2.30000000e-09  0.00000000e+00  1.20000000e+00  9.43595581e-01 
 2.30000497e-09  0.00000000e+00  1.20000000e+00  9.43319948e-01 
 2.30001491e-09  0.00000000e+00  1.20000000e+00  9.42768434e-01 
 2.30003479e-09  0.00000000e+00  1.20000000e+00  9.41663932e-01 
 2.30007455e-09  0.00000000e+00  1.20000000e+00  9.39449059e-01 
 2.30015407e-09  0.00000000e+00  1.20000000e+00  9.34996128e-01 
 2.30031311e-09  0.00000000e+00  1.20000000e+00  9.25999890e-01 
 2.30063120e-09  0.00000000e+00  1.20000000e+00  9.07664227e-01 
 2.30126736e-09  0.00000000e+00  1.20000000e+00  8.69757975e-01 
 2.30192365e-09  0.00000000e+00  1.20000000e+00  8.29144402e-01 
 2.30261764e-09  0.00000000e+00  1.20000000e+00  7.84827583e-01 
 2.30335518e-09  0.00000000e+00  1.20000000e+00  7.36535864e-01 
 2.30409885e-09  0.00000000e+00  1.20000000e+00  6.86957671e-01 
 2.30488818e-09  0.00000000e+00  1.20000000e+00  6.33744402e-01 
 2.30570009e-09  0.00000000e+00  1.20000000e+00  5.78782614e-01 
 2.30648066e-09  0.00000000e+00  1.20000000e+00  5.26136064e-01 
 2.30727711e-09  0.00000000e+00  1.20000000e+00  4.73076248e-01 
 2.30804794e-09  0.00000000e+00  1.20000000e+00  4.22841795e-01 
 2.30881172e-09  0.00000000e+00  1.20000000e+00  3.74692518e-01 
 2.30954604e-09  0.00000000e+00  1.20000000e+00  3.30470480e-01 
 2.31027859e-09  0.00000000e+00  1.20000000e+00  2.88931150e-01 
 2.31100981e-09  0.00000000e+00  1.20000000e+00  2.50547063e-01 
 2.31177886e-09  0.00000000e+00  1.20000000e+00  2.13956885e-01 
 2.31261652e-09  0.00000000e+00  1.20000000e+00  1.78851395e-01 
 2.31363432e-09  0.00000000e+00  1.20000000e+00  1.42924677e-01 
 2.31443591e-09  0.00000000e+00  1.20000000e+00  1.19576195e-01 
 2.31519731e-09  0.00000000e+00  1.20000000e+00  1.00995966e-01 
 2.31604709e-09  0.00000000e+00  1.20000000e+00  8.38469861e-02 
 2.31695116e-09  0.00000000e+00  1.20000000e+00  6.90925103e-02 
 2.31784352e-09  0.00000000e+00  1.20000000e+00  5.73697818e-02 
 2.31875394e-09  0.00000000e+00  1.20000000e+00  4.77079065e-02 
 2.31973359e-09  0.00000000e+00  1.20000000e+00  3.93353169e-02 
 2.32078712e-09  0.00000000e+00  1.20000000e+00  3.21280518e-02 
 2.32191401e-09  0.00000000e+00  1.20000000e+00  2.59996991e-02 
 2.32315175e-09  0.00000000e+00  1.20000000e+00  2.07103125e-02 
 2.32448910e-09  0.00000000e+00  1.20000000e+00  1.62670177e-02 
 2.32587795e-09  0.00000000e+00  1.20000000e+00  1.27009673e-02 
 2.32738221e-09  0.00000000e+00  1.20000000e+00  9.73751129e-03 
 2.32897919e-09  0.00000000e+00  1.20000000e+00  7.35617292e-03 
 2.33065904e-09  0.00000000e+00  1.20000000e+00  5.48275730e-03 
 2.33245409e-09  0.00000000e+00  1.20000000e+00  4.00703598e-03 
 2.33439781e-09  0.00000000e+00  1.20000000e+00  2.85369789e-03 
 2.33653285e-09  0.00000000e+00  1.20000000e+00  1.96485468e-03 
 2.33890070e-09  0.00000000e+00  1.20000000e+00  1.29782178e-03 
 2.34156311e-09  0.00000000e+00  1.20000000e+00  8.12833880e-04 
 2.34459596e-09  0.00000000e+00  1.20000000e+00  4.75659097e-04 
 2.34811511e-09  0.00000000e+00  1.20000000e+00  2.54110116e-04 
 2.35228214e-09  0.00000000e+00  1.20000000e+00  1.19735472e-04 
 2.35735725e-09  0.00000000e+00  1.20000000e+00  4.68264183e-05 
 2.36375902e-09  0.00000000e+00  1.20000000e+00  1.35138194e-05 
 2.37224996e-09  0.00000000e+00  1.20000000e+00  2.09209699e-06 
 2.38224996e-09  0.00000000e+00  1.20000000e+00  1.59168741e-07 
 2.39224996e-09  0.00000000e+00  1.20000000e+00  1.64995825e-08 
 2.40224996e-09  0.00000000e+00  1.20000000e+00  5.96240718e-09 
 2.41224996e-09  0.00000000e+00  1.20000000e+00  5.18619325e-09 
 2.42224996e-09  0.00000000e+00  1.20000000e+00  5.12802506e-09 
 2.43224996e-09  0.00000000e+00  1.20000000e+00  5.12412707e-09 
 2.44224996e-09  0.00000000e+00  1.20000000e+00  5.12365445e-09 
 2.45224996e-09  0.00000000e+00  1.20000000e+00  5.12370557e-09 
 2.46224996e-09  0.00000000e+00  1.20000000e+00  5.12366921e-09 
 2.47224996e-09  0.00000000e+00  1.20000000e+00  5.12368542e-09 
 2.48224996e-09  0.00000000e+00  1.20000000e+00  5.12367782e-09 
 2.49224996e-09  0.00000000e+00  1.20000000e+00  5.12368131e-09 
 2.50224996e-09  0.00000000e+00  1.20000000e+00  5.12367959e-09 
 2.51224996e-09  0.00000000e+00  1.20000000e+00  5.12368054e-09 
 2.52224996e-09  0.00000000e+00  1.20000000e+00  5.12367998e-09 
 2.53224996e-09  0.00000000e+00  1.20000000e+00  5.12368026e-09 
 2.54224996e-09  0.00000000e+00  1.20000000e+00  5.12367998e-09 
 2.55224996e-09  0.00000000e+00  1.20000000e+00  5.12368031e-09 
 2.56224996e-09  0.00000000e+00  1.20000000e+00  5.12368004e-09 
 2.57224996e-09  0.00000000e+00  1.20000000e+00  5.12368020e-09 
 2.58224996e-09  0.00000000e+00  1.20000000e+00  5.12368020e-09 
 2.59224996e-09  0.00000000e+00  1.20000000e+00  5.12368020e-09 
 2.60224996e-09  0.00000000e+00  1.20000000e+00  5.12368020e-09 
 2.61224996e-09  0.00000000e+00  1.20000000e+00  5.12368031e-09 
 2.62224996e-09  0.00000000e+00  1.20000000e+00  5.12367998e-09 
 2.63224996e-09  0.00000000e+00  1.20000000e+00  5.12368031e-09 
 2.64224996e-09  0.00000000e+00  1.20000000e+00  5.12367998e-09 
 2.65224996e-09  0.00000000e+00  1.20000000e+00  5.12368015e-09 
 2.66224996e-09  0.00000000e+00  1.20000000e+00  5.12368015e-09 
 2.67224996e-09  0.00000000e+00  1.20000000e+00  5.12368015e-09 
 2.68224996e-09  0.00000000e+00  1.20000000e+00  5.12368020e-09 
 2.69224996e-09  0.00000000e+00  1.20000000e+00  5.12368020e-09 
 2.70224996e-09  0.00000000e+00  1.20000000e+00  5.12368020e-09 
 2.71224996e-09  0.00000000e+00  1.20000000e+00  5.12368031e-09 
 2.72224996e-09  0.00000000e+00  1.20000000e+00  5.12368009e-09 
 2.73224996e-09  0.00000000e+00  1.20000000e+00  5.12368054e-09 
 2.74224996e-09  0.00000000e+00  1.20000000e+00  5.12368020e-09 
 2.75224996e-09  0.00000000e+00  1.20000000e+00  5.12368004e-09 
 2.76224996e-09  0.00000000e+00  1.20000000e+00  5.12368037e-09 
 2.77224996e-09  0.00000000e+00  1.20000000e+00  5.12368020e-09 
 2.78224996e-09  0.00000000e+00  1.20000000e+00  5.12368026e-09 
 2.79224996e-09  0.00000000e+00  1.20000000e+00  5.12368015e-09 
 2.80224996e-09  0.00000000e+00  1.20000000e+00  5.12368009e-09 
 2.81224996e-09  0.00000000e+00  1.20000000e+00  5.12368048e-09 
 2.82224996e-09  0.00000000e+00  1.20000000e+00  5.12368015e-09 
 2.83224996e-09  0.00000000e+00  1.20000000e+00  5.12368026e-09 
 2.84224996e-09  0.00000000e+00  1.20000000e+00  5.12368026e-09 
 2.85224996e-09  0.00000000e+00  1.20000000e+00  5.12368037e-09 
 2.86224996e-09  0.00000000e+00  1.20000000e+00  5.12368020e-09 
 2.87224996e-09  0.00000000e+00  1.20000000e+00  5.12368026e-09 
 2.88224996e-09  0.00000000e+00  1.20000000e+00  5.12368015e-09 
 2.89224996e-09  0.00000000e+00  1.20000000e+00  5.12368020e-09 
 2.90224996e-09  0.00000000e+00  1.20000000e+00  5.12368020e-09 
 2.91224996e-09  0.00000000e+00  1.20000000e+00  5.12368009e-09 
 2.92224996e-09  0.00000000e+00  1.20000000e+00  5.12368031e-09 
 2.93224996e-09  0.00000000e+00  1.20000000e+00  5.12368015e-09 
 2.94224996e-09  0.00000000e+00  1.20000000e+00  5.12368015e-09 
 2.95224996e-09  0.00000000e+00  1.20000000e+00  5.12368031e-09 
 2.96224996e-09  0.00000000e+00  1.20000000e+00  5.12367998e-09 
 2.97224996e-09  0.00000000e+00  1.20000000e+00  5.12368020e-09 
 2.98224996e-09  0.00000000e+00  1.20000000e+00  5.12368037e-09 
 2.99224996e-09  0.00000000e+00  1.20000000e+00  5.12368020e-09 
 3.00224996e-09  0.00000000e+00  1.20000000e+00  5.12368020e-09 
 3.01224996e-09  0.00000000e+00  1.20000000e+00  5.12368026e-09 
 3.02224996e-09  0.00000000e+00  1.20000000e+00  5.12368020e-09 
 3.03224996e-09  0.00000000e+00  1.20000000e+00  5.12368009e-09 
 3.04224996e-09  0.00000000e+00  1.20000000e+00  5.12368031e-09 
 3.05224996e-09  0.00000000e+00  1.20000000e+00  5.12368015e-09 
 3.06224996e-09  0.00000000e+00  1.20000000e+00  5.12368020e-09 
 3.07224996e-09  0.00000000e+00  1.20000000e+00  5.12368015e-09 
 3.08224996e-09  0.00000000e+00  1.20000000e+00  5.12368020e-09 
 3.09224996e-09  0.00000000e+00  1.20000000e+00  5.12368020e-09 
 3.10224996e-09  0.00000000e+00  1.20000000e+00  5.12368031e-09 
 3.11224996e-09  0.00000000e+00  1.20000000e+00  5.12368004e-09 
 3.12224996e-09  0.00000000e+00  1.20000000e+00  5.12368031e-09 
 3.13224996e-09  0.00000000e+00  1.20000000e+00  5.12368037e-09 
 3.14224996e-09  0.00000000e+00  1.20000000e+00  5.12368020e-09 
 3.15224996e-09  0.00000000e+00  1.20000000e+00  5.12367998e-09 
 3.16224996e-09  0.00000000e+00  1.20000000e+00  5.12368026e-09 
 3.17224996e-09  0.00000000e+00  1.20000000e+00  5.12368020e-09 
 3.18224996e-09  0.00000000e+00  1.20000000e+00  5.12368015e-09 
 3.19224996e-09  0.00000000e+00  1.20000000e+00  5.12368020e-09 
 3.20000000e-09  0.00000000e+00  1.20000000e+00  5.12367998e-09 
 3.20000241e-09  0.00000000e+00  1.19997108e+00 -5.84202923e-06 
 3.20000723e-09  0.00000000e+00  1.19991323e+00 -1.75160514e-05 
 3.20001687e-09  0.00000000e+00  1.19979753e+00 -4.07427312e-05 
 3.20003616e-09  0.00000000e+00  1.19956613e+00 -8.67141107e-05 
 3.20007472e-09  0.00000000e+00  1.19910334e+00 -1.76756152e-04 
 3.20015185e-09  0.00000000e+00  1.19817776e+00 -3.49449770e-04 
 3.20030612e-09  0.00000000e+00  1.19632660e+00 -6.66894725e-04 
 3.20061464e-09  0.00000000e+00  1.19262429e+00 -1.20180409e-03 
 3.20123170e-09  0.00000000e+00  1.18521965e+00 -1.95022852e-03 
 3.20186353e-09  0.00000000e+00  1.17763767e+00 -2.37992771e-03 
 3.20262032e-09  0.00000000e+00  1.16855612e+00 -2.60296314e-03 
 3.20337767e-09  0.00000000e+00  1.15946800e+00 -2.62407196e-03 
 3.20434646e-09  0.00000000e+00  1.14784248e+00 -2.48994551e-03 
 3.20539805e-09  0.00000000e+00  1.13522336e+00 -2.24506065e-03 
 3.20675786e-09  0.00000000e+00  1.11890573e+00 -1.88795663e-03 
 3.20833385e-09  0.00000000e+00  1.09999382e+00 -1.49701708e-03 
 3.21049416e-09  0.00000000e+00  1.07407007e+00 -1.05994645e-03 
 3.21288773e-09  0.00000000e+00  1.04534722e+00 -7.10909216e-04 
 3.21600417e-09  0.00000000e+00  1.00794999e+00 -4.17967943e-04 
 3.21951216e-09  0.00000000e+00  9.65854086e-01 -2.29710949e-04 
 3.22404517e-09  0.00000000e+00  9.11457940e-01 -1.06351481e-04 
 3.22930811e-09  0.00000000e+00  8.48302652e-01 -4.55293764e-05 
 3.23335241e-09  0.00000000e+00  7.99771130e-01 -2.60866326e-05 
 3.23710960e-09  0.00000000e+00  7.54684782e-01  1.07439309e-05 
 3.24144438e-09  0.00000000e+00  7.02667414e-01  1.07436676e-04 
 3.24628272e-09  0.00000000e+00  6.44607408e-01  2.24940837e-04 
 3.25094155e-09  0.00000000e+00  5.88701411e-01  2.86697906e-04 
 3.25479922e-09  0.00000000e+00  5.42409340e-01  2.96725324e-04 
 3.25819670e-09  0.00000000e+00  5.01639604e-01  2.86691553e-04 
 3.26143779e-09  0.00000000e+00  4.62746492e-01  2.68729518e-04 
 3.26468798e-09  0.00000000e+00  4.23744193e-01  2.47404447e-04 
 3.26817801e-09  0.00000000e+00  3.81863888e-01  2.23729825e-04 
 3.27203596e-09  0.00000000e+00  3.35568537e-01  1.98925655e-04 
 3.27410345e-09  0.00000000e+00  3.10758643e-01  1.86817606e-04 
 3.27649281e-09  0.00000000e+00  2.82086294e-01  1.73781348e-04 
 3.27937998e-09  0.00000000e+00  2.47440227e-01  1.59431093e-04 
 3.28244553e-09  0.00000000e+00  2.10653644e-01  1.45723860e-04 
 3.28576413e-09  0.00000000e+00  1.70830390e-01  1.32531863e-04 
 3.28927017e-09  0.00000000e+00  1.28757910e-01  1.20300181e-04 
 3.29322042e-09  0.00000000e+00  8.13549918e-02  1.08136085e-04 
 3.29770149e-09  0.00000000e+00  2.75821113e-02  9.57792219e-05 
 3.30000000e-09  0.00000000e+00  3.99680289e-15  9.07030879e-05 
 3.30000354e-09  0.00000000e+00  0.00000000e+00  1.00162006e-04 
 3.30001062e-09  0.00000000e+00  0.00000000e+00  1.19012076e-04 
 3.30002478e-09  0.00000000e+00  0.00000000e+00  1.56307957e-04 
 3.30005311e-09  0.00000000e+00  0.00000000e+00  2.29305859e-04 
 3.30010975e-09  0.00000000e+00  0.00000000e+00  3.69107219e-04 
 3.30022304e-09  0.00000000e+00  0.00000000e+00  6.25311814e-04 
 3.30044962e-09  0.00000000e+00  0.00000000e+00  1.05416410e-03 
 3.30090279e-09  0.00000000e+00  0.00000000e+00  1.64439586e-03 
 3.30155168e-09  0.00000000e+00  0.00000000e+00  2.05111019e-03 
 3.30219394e-09  0.00000000e+00  0.00000000e+00  2.13764960e-03 
 3.30296191e-09  0.00000000e+00  0.00000000e+00  2.03222597e-03 
 3.30379323e-09  0.00000000e+00  0.00000000e+00  1.80428583e-03 
 3.30486029e-09  0.00000000e+00  0.00000000e+00  1.47263872e-03 
 3.30609354e-09  0.00000000e+00  0.00000000e+00  1.12090580e-03 
 3.30773007e-09  0.00000000e+00  0.00000000e+00  7.56448434e-04 
 3.30975695e-09  0.00000000e+00  0.00000000e+00  4.53767044e-04 
 3.31260187e-09  0.00000000e+00  0.00000000e+00  2.15326976e-04 
 3.31632200e-09  0.00000000e+00  0.00000000e+00  7.80935083e-05 
 3.32139656e-09  0.00000000e+00  0.00000000e+00  1.73210700e-05 
 3.32782933e-09  0.00000000e+00  0.00000000e+00  1.90225298e-06 
 3.33752843e-09  0.00000000e+00  0.00000000e+00 -9.88434138e-08 
 3.34752843e-09  0.00000000e+00  0.00000000e+00  9.70752038e-08 
 3.35752843e-09  0.00000000e+00  0.00000000e+00  7.16061687e-08 
 3.36752843e-09  0.00000000e+00  0.00000000e+00  7.10210248e-08 
 3.37752843e-09  0.00000000e+00  0.00000000e+00  6.81764171e-08 
 3.38752843e-09  0.00000000e+00  0.00000000e+00  6.55546121e-08 
 3.39752843e-09  0.00000000e+00  0.00000000e+00  6.32065775e-08 
 3.40752843e-09  0.00000000e+00  0.00000000e+00  6.09095105e-08 
 3.41752843e-09  0.00000000e+00  0.00000000e+00  5.87958824e-08 
 3.42752843e-09  0.00000000e+00  0.00000000e+00  5.67701564e-08 
 3.43752843e-09  0.00000000e+00  0.00000000e+00  5.48740007e-08 
 3.44752843e-09  0.00000000e+00  0.00000000e+00  5.30699287e-08 
 3.45752843e-09  0.00000000e+00  0.00000000e+00  5.13679015e-08 
 3.46752843e-09  0.00000000e+00  0.00000000e+00  4.97511952e-08 
 3.47752843e-09  0.00000000e+00  0.00000000e+00  4.82196148e-08 
 3.48752843e-09  0.00000000e+00  0.00000000e+00  4.67641470e-08 
 3.49752843e-09  0.00000000e+00  0.00000000e+00  4.53816891e-08 
 3.50752843e-09  0.00000000e+00  0.00000000e+00  4.40663679e-08 
 3.51752843e-09  0.00000000e+00  0.00000000e+00  4.28145466e-08 
 3.52752843e-09  0.00000000e+00  0.00000000e+00  4.16218405e-08 
 3.53752843e-09  0.00000000e+00  0.00000000e+00  4.04848085e-08 
 3.54752843e-09  0.00000000e+00  0.00000000e+00  3.93999190e-08 
 3.55752843e-09  0.00000000e+00  0.00000000e+00  3.83641112e-08 
 3.56752843e-09  0.00000000e+00  0.00000000e+00  3.73744301e-08 
 3.57752843e-09  0.00000000e+00  0.00000000e+00  3.64282086e-08 
 3.58752843e-09  0.00000000e+00  0.00000000e+00  3.55229269e-08 
 3.59752843e-09  0.00000000e+00  0.00000000e+00  3.46562706e-08 
 3.60752843e-09  0.00000000e+00  0.00000000e+00  3.38260712e-08 
 3.61752843e-09  0.00000000e+00  0.00000000e+00  3.30303189e-08 
 3.62752843e-09  0.00000000e+00  0.00000000e+00  3.22671351e-08 
 3.63752843e-09  0.00000000e+00  0.00000000e+00  3.15347710e-08 
 3.64752843e-09  0.00000000e+00  0.00000000e+00  3.08315908e-08 
 3.65752843e-09  0.00000000e+00  0.00000000e+00  3.01560672e-08 
 3.66752843e-09  0.00000000e+00  0.00000000e+00  2.95067702e-08 
 3.67752843e-09  0.00000000e+00  0.00000000e+00  2.88823622e-08 
 3.68752843e-09  0.00000000e+00  0.00000000e+00  2.82815890e-08 
 3.69752843e-09  0.00000000e+00  0.00000000e+00  2.77032743e-08 
 3.70752843e-09  0.00000000e+00  0.00000000e+00  2.71463144e-08 
 3.71752843e-09  0.00000000e+00  0.00000000e+00  2.66096721e-08 
 3.72752843e-09  0.00000000e+00  0.00000000e+00  2.60923725e-08 
 3.73752843e-09  0.00000000e+00  0.00000000e+00  2.55934978e-08 
 3.74752843e-09  0.00000000e+00  0.00000000e+00  2.51121857e-08 
 3.75752843e-09  0.00000000e+00  0.00000000e+00  2.46476209e-08 
 3.76752843e-09  0.00000000e+00  0.00000000e+00  2.41990382e-08 
 3.77752843e-09  0.00000000e+00  0.00000000e+00  2.37657128e-08 
 3.78752843e-09  0.00000000e+00  0.00000000e+00  2.33469610e-08 
 3.79752843e-09  0.00000000e+00  0.00000000e+00  2.29421387e-08 
 3.80752843e-09  0.00000000e+00  0.00000000e+00  2.25506346e-08 
 3.81752843e-09  0.00000000e+00  0.00000000e+00  2.21718721e-08 
 3.82752843e-09  0.00000000e+00  0.00000000e+00  2.18053050e-08 
 3.83752843e-09  0.00000000e+00  0.00000000e+00  2.14504154e-08 
 3.84752843e-09  0.00000000e+00  0.00000000e+00  2.11067138e-08 
 3.85752843e-09  0.00000000e+00  0.00000000e+00  2.07737348e-08 
 3.86752843e-09  0.00000000e+00  0.00000000e+00  2.04510379e-08 
 3.87752843e-09  0.00000000e+00  0.00000000e+00  2.01382049e-08 
 3.88752843e-09  0.00000000e+00  0.00000000e+00  1.98348376e-08 
 3.89752843e-09  0.00000000e+00  0.00000000e+00  1.95405585e-08 
 3.90752843e-09  0.00000000e+00  0.00000000e+00  1.92550086e-08 
 3.91752843e-09  0.00000000e+00  0.00000000e+00  1.89778472e-08 
 3.92752843e-09  0.00000000e+00  0.00000000e+00  1.87087486e-08 
 3.93752843e-09  0.00000000e+00  0.00000000e+00  1.84474034e-08 
 3.94752843e-09  0.00000000e+00  0.00000000e+00  1.81935171e-08 
 3.95752843e-09  0.00000000e+00  0.00000000e+00  1.79468086e-08 
 3.96752843e-09  0.00000000e+00  0.00000000e+00  1.77070105e-08 
 3.97752843e-09  0.00000000e+00  0.00000000e+00  1.74738674e-08 
 3.98752843e-09  0.00000000e+00  0.00000000e+00  1.72471352e-08 
 3.99752843e-09  0.00000000e+00  0.00000000e+00  1.70265817e-08 
 4.00000000e-09  0.00000000e+00  0.00000000e+00  1.69387067e-08 
