 time            v(A)            v(B)            v(A_GT_B)       v(A_LT_B)       v(A_EQ_B)      
 0.00000000e+00  0.00000000e+00  0.00000000e+00  5.12368022e-09  5.12368010e-09  1.20000000e+00 
 1.00000000e-13  0.00000000e+00  0.00000000e+00  5.12368015e-09  5.12367704e-09  1.20000000e+00 
 2.00000000e-13  0.00000000e+00  0.00000000e+00  5.12368059e-09  5.12367393e-09  1.20000000e+00 
 4.00000000e-13  0.00000000e+00  0.00000000e+00  5.12368081e-09  5.12366816e-09  1.20000000e+00 
 8.00000000e-13  0.00000000e+00  0.00000000e+00  5.12368081e-09  5.12365994e-09  1.20000000e+00 
 1.60000000e-12  0.00000000e+00  0.00000000e+00  5.12368059e-09  5.12365328e-09  1.20000000e+00 
 3.20000000e-12  0.00000000e+00  0.00000000e+00  5.12367992e-09  5.12365095e-09  1.20000000e+00 
 6.40000000e-12  0.00000000e+00  0.00000000e+00  5.12367992e-09  5.12365950e-09  1.20000000e+00 
 1.28000000e-11  0.00000000e+00  0.00000000e+00  5.12368015e-09  5.12367382e-09  1.20000000e+00 
 2.28000000e-11  0.00000000e+00  0.00000000e+00  5.12368009e-09  5.12367937e-09  1.20000000e+00 
 3.28000000e-11  0.00000000e+00  0.00000000e+00  5.12368031e-09  5.12368026e-09  1.20000000e+00 
 4.28000000e-11  0.00000000e+00  0.00000000e+00  5.12368048e-09  5.12368042e-09  1.20000000e+00 
 5.28000000e-11  0.00000000e+00  0.00000000e+00  5.12368009e-09  5.12368042e-09  1.20000000e+00 
 6.28000000e-11  0.00000000e+00  0.00000000e+00  5.12368042e-09  5.12368026e-09  1.20000000e+00 
 7.28000000e-11  0.00000000e+00  0.00000000e+00  5.12368026e-09  5.12367998e-09  1.20000000e+00 
 8.28000000e-11  0.00000000e+00  0.00000000e+00  5.12368009e-09  5.12368020e-09  1.20000000e+00 
 9.28000000e-11  0.00000000e+00  0.00000000e+00  5.12368048e-09  5.12368026e-09  1.20000000e+00 
 1.00000000e-10  0.00000000e+00  0.00000000e+00  5.12368048e-09  5.12368037e-09  1.20000000e+00 
 1.01000000e-10  1.20000000e-02  0.00000000e+00  2.60595077e-03  5.11232676e-04  1.20021943e+00 
 1.03000000e-10  3.60000000e-02  0.00000000e+00  4.83007892e-03  7.64090590e-04  1.20012863e+00 
 1.07000000e-10  8.40000000e-02  0.00000000e+00  2.99769273e-03  2.64684578e-05  1.19978001e+00 
 1.15000000e-10  1.80000000e-01  0.00000000e+00  9.07431333e-04 -2.41925661e-04  1.20005932e+00 
 1.25000000e-10  3.00000000e-01  0.00000000e+00  9.04406567e-04 -1.60235782e-05  1.19997566e+00 
 1.35000000e-10  4.20000000e-01  0.00000000e+00  1.02929102e-03  4.84295621e-06  1.20003096e+00 
 1.45000000e-10  5.40000000e-01  0.00000000e+00  3.44965779e-04 -1.44005348e-04  1.19997994e+00 
 1.55000000e-10  6.60000000e-01  0.00000000e+00 -2.29341802e-03 -4.98650398e-04  1.20001208e+00 
 1.65000000e-10  7.80000000e-01  0.00000000e+00 -7.29911252e-03 -9.77449871e-04  1.19998314e+00 
 1.75000000e-10  9.00000000e-01  0.00000000e+00 -1.57020115e-02 -1.40953869e-03  1.20000099e+00 
 1.85000000e-10  1.02000000e+00  0.00000000e+00 -2.60083845e-02 -1.50223104e-03  1.19999951e+00 
 1.95000000e-10  1.14000000e+00  0.00000000e+00 -3.86255432e-02 -1.43800264e-03  1.20000479e+00 
 2.00000000e-10  1.20000000e+00  0.00000000e+00 -4.66227540e-02 -1.07853305e-03  1.20001590e+00 
 2.01000000e-10  1.20000000e+00  0.00000000e+00 -5.18238542e-02 -1.34845442e-03  1.19978782e+00 
 2.03000000e-10  1.20000000e+00  0.00000000e+00 -6.01194886e-02 -1.01293241e-03  1.19987271e+00 
 2.07000000e-10  1.20000000e+00  0.00000000e+00 -6.86400078e-02  9.84380862e-04  1.20033303e+00 
 2.15000000e-10  1.20000000e+00  0.00000000e+00 -4.96934679e-02  2.26086014e-03  1.20011449e+00 
 2.25000000e-10  1.20000000e+00  0.00000000e+00  1.10806122e-01  1.57788315e-03  1.20011444e+00 
 2.35000000e-10  1.20000000e+00  0.00000000e+00  4.75184137e-01  1.04850260e-03  1.20010973e+00 
 2.45000000e-10  1.20000000e+00  0.00000000e+00  9.42282997e-01  2.46620688e-04  1.19893172e+00 
 2.55000000e-10  1.20000000e+00  0.00000000e+00  1.17103057e+00 -1.81739462e-04  1.19738253e+00 
 2.65000000e-10  1.20000000e+00  0.00000000e+00  1.17831488e+00  2.24111497e-04  1.19780011e+00 
 2.72576494e-10  1.20000000e+00  0.00000000e+00  1.18825323e+00  5.48510996e-04  1.19979044e+00 
 2.81773747e-10  1.20000000e+00  0.00000000e+00  1.19094140e+00  1.65332962e-04  1.20194095e+00 
 2.90801526e-10  1.20000000e+00  0.00000000e+00  1.19507025e+00  7.06436366e-05  1.21330113e+00 
 3.00029233e-10  1.20000000e+00  0.00000000e+00  1.19624266e+00  6.10014014e-05  1.24366596e+00 
 3.10029233e-10  1.20000000e+00  0.00000000e+00  1.19816100e+00  1.06970091e-04  1.27217039e+00 
 3.20029233e-10  1.20000000e+00  0.00000000e+00  1.19851227e+00 -7.47980477e-05  1.20949757e+00 
 3.30029233e-10  1.20000000e+00  0.00000000e+00  1.19933321e+00  4.24316357e-05  8.61938066e-01 
 3.40029233e-10  1.20000000e+00  0.00000000e+00  1.19943340e+00  7.96655796e-06  3.24694694e-01 
 3.50029233e-10  1.20000000e+00  0.00000000e+00  1.19976536e+00 -4.75927332e-06  4.74110025e-02 
 3.60029233e-10  1.20000000e+00  0.00000000e+00  1.19977002e+00  1.51255560e-06  1.86096891e-02 
 3.70029233e-10  1.20000000e+00  0.00000000e+00  1.19992249e+00 -1.44637683e-06  4.56750819e-03 
 3.80029233e-10  1.20000000e+00  0.00000000e+00  1.19991371e+00  1.58226396e-05  3.60501268e-03 
 3.90029233e-10  1.20000000e+00  0.00000000e+00  1.19996963e+00 -2.00870552e-05  6.15355790e-04 
 4.00029233e-10  1.20000000e+00  0.00000000e+00  1.19996662e+00  1.79317962e-05  8.42694425e-04 
 4.10029233e-10  1.20000000e+00  0.00000000e+00  1.19998934e+00 -1.52771402e-05  6.66323556e-05 
 4.20029233e-10  1.20000000e+00  0.00000000e+00  1.19998699e+00  1.26017368e-05  1.98433531e-04 
 4.30029233e-10  1.20000000e+00  0.00000000e+00  1.19999646e+00 -9.96931037e-06  5.19789967e-06 
 4.40029233e-10  1.20000000e+00  0.00000000e+00  1.19999482e+00  7.97614888e-06  4.08260653e-05 
 4.50029233e-10  1.20000000e+00  0.00000000e+00  1.19999892e+00 -6.20607213e-06  5.63022679e-06 
 4.60029233e-10  1.20000000e+00  0.00000000e+00  1.19999788e+00  4.89711181e-06  2.19330069e-06 
 4.70029233e-10  1.20000000e+00  0.00000000e+00  1.19999972e+00 -3.80305874e-06  7.79726037e-06 
 4.80029233e-10  1.20000000e+00  0.00000000e+00  1.19999912e+00  2.99223864e-06 -5.83070031e-06 
 4.90029233e-10  1.20000000e+00  0.00000000e+00  1.19999995e+00 -2.32946284e-06  7.26578698e-06 
 5.00029233e-10  1.20000000e+00  0.00000000e+00  1.19999962e+00  1.83951628e-06 -6.10502789e-06 
 5.10029233e-10  1.20000000e+00  0.00000000e+00  1.20000001e+00 -1.43664417e-06  5.67571695e-06 
 5.20029233e-10  1.20000000e+00  0.00000000e+00  1.19999984e+00  1.14288672e-06 -4.75137157e-06 
 5.30029233e-10  1.20000000e+00  0.00000000e+00  1.20000001e+00 -8.94362840e-07  4.07708303e-06 
 5.40029233e-10  1.20000000e+00  0.00000000e+00  1.19999994e+00  7.18503725e-07 -3.36755156e-06 
 5.50029233e-10  1.20000000e+00  0.00000000e+00  1.20000000e+00 -5.61878200e-07  2.80706841e-06 
 5.60029233e-10  1.20000000e+00  0.00000000e+00  1.19999998e+00  4.56923394e-07 -2.29374037e-06 
 5.70029233e-10  1.20000000e+00  0.00000000e+00  1.19999999e+00 -3.55596736e-07  1.89039399e-06 
 5.80029233e-10  1.20000000e+00  0.00000000e+00  1.19999999e+00  2.93694765e-07 -1.53252720e-06 
 5.90029233e-10  1.20000000e+00  0.00000000e+00  1.19999999e+00 -2.26108098e-07  1.25845517e-06 
 6.00029233e-10  1.20000000e+00  0.00000000e+00  1.20000000e+00  1.90688870e-07 -1.01355577e-06 
 6.10029233e-10  1.20000000e+00  0.00000000e+00  1.19999999e+00 -1.43983825e-07  8.32936287e-07 
 6.20029233e-10  1.20000000e+00  0.00000000e+00  1.20000000e+00  1.25071104e-07 -6.66347537e-07 
 6.30029233e-10  1.20000000e+00  0.00000000e+00  1.19999999e+00 -9.14586106e-08  5.49953788e-07 
 6.40029233e-10  1.20000000e+00  0.00000000e+00  1.20000000e+00  8.29563618e-08 -4.36285686e-07 
 6.50029233e-10  1.20000000e+00  0.00000000e+00  1.19999999e+00 -5.76431542e-08  3.63016673e-07 
 6.60029233e-10  1.20000000e+00  0.00000000e+00  1.20000000e+00  5.57710564e-08 -2.84620392e-07 
 6.70029233e-10  1.20000000e+00  0.00000000e+00  1.19999999e+00 -3.57649312e-08  2.39973889e-07 
 6.80029233e-10  1.20000000e+00  0.00000000e+00  1.20000000e+00  3.81478899e-08 -1.84910554e-07 
 6.90029233e-10  1.20000000e+00  0.00000000e+00  1.19999999e+00 -2.15583126e-08  1.59146511e-07 
 7.00029233e-10  1.20000000e+00  0.00000000e+00  1.20000000e+00  2.66879611e-08 -1.19455678e-07 
 7.10029233e-10  1.20000000e+00  0.00000000e+00  1.19999999e+00 -1.23089069e-08  1.06107855e-07 
 7.20029233e-10  1.20000000e+00  0.00000000e+00  1.20000000e+00  1.92191959e-08 -7.65228869e-08 
 7.30029233e-10  1.20000000e+00  0.00000000e+00  1.20000000e+00 -6.27560626e-09  7.13244820e-08 
 7.40029233e-10  1.20000000e+00  0.00000000e+00  1.20000000e+00  1.43438556e-08 -4.83756076e-08 
 7.50029233e-10  1.20000000e+00  0.00000000e+00  1.20000000e+00 -2.33488401e-09  4.85203364e-08 
 7.60029233e-10  1.20000000e+00  0.00000000e+00  1.20000000e+00  1.11578385e-08 -2.99267884e-08 
 7.70029233e-10  1.20000000e+00  0.00000000e+00  1.20000000e+00  2.41469289e-10  3.35722767e-08 
 7.80029233e-10  1.20000000e+00  0.00000000e+00  1.20000000e+00  9.07414438e-09 -1.78366676e-08 
 7.90029233e-10  1.20000000e+00  0.00000000e+00  1.20000000e+00  1.92694405e-09  2.37746093e-08 
 8.00029233e-10  1.20000000e+00  0.00000000e+00  1.20000000e+00  7.71062830e-09 -9.91447535e-09 
 8.10029233e-10  1.20000000e+00  0.00000000e+00  1.20000000e+00  3.03010872e-09  1.73528991e-08 
 8.20029233e-10  1.20000000e+00  0.00000000e+00  1.20000000e+00  6.81803103e-09 -4.72381018e-09 
 8.30029233e-10  1.20000000e+00  0.00000000e+00  1.20000000e+00  3.75237924e-09  1.31438431e-08 
 8.40029233e-10  1.20000000e+00  0.00000000e+00  1.20000000e+00  6.23355206e-09 -1.32313199e-09 
 8.50029233e-10  1.20000000e+00  0.00000000e+00  1.20000000e+00  4.22537649e-09  1.03849319e-08 
 8.60029233e-10  1.20000000e+00  0.00000000e+00  1.20000000e+00  5.85075727e-09  9.04634090e-10 
 8.70029233e-10  1.20000000e+00  0.00000000e+00  1.20000000e+00  4.53518084e-09  8.57641597e-09 
 8.80029233e-10  1.20000000e+00  0.00000000e+00  1.20000000e+00  5.60001873e-09  2.36387493e-09 
 8.90029233e-10  1.20000000e+00  0.00000000e+00  1.20000000e+00  4.73811979e-09  7.39077538e-09 
 9.00029233e-10  1.20000000e+00  0.00000000e+00  1.20000000e+00  5.43576323e-09  3.31958039e-09 
 9.10029233e-10  1.20000000e+00  0.00000000e+00  1.20000000e+00  4.87106744e-09  6.61336980e-09 
 9.20029233e-10  1.20000000e+00  0.00000000e+00  1.20000000e+00  5.32815475e-09  3.94539046e-09 
 9.30029233e-10  1.20000000e+00  0.00000000e+00  1.20000000e+00  4.95816749e-09  6.10353423e-09 
 9.40029233e-10  1.20000000e+00  0.00000000e+00  1.20000000e+00  5.25765370e-09  4.35507985e-09 
 9.50029233e-10  1.20000000e+00  0.00000000e+00  1.20000000e+00  5.01523356e-09  5.76908338e-09 
 9.60029233e-10  1.20000000e+00  0.00000000e+00  1.20000000e+00  5.21146210e-09  4.62319633e-09 
 9.70029233e-10  1.20000000e+00  0.00000000e+00  1.20000000e+00  5.05262299e-09  5.54960272e-09 
 9.80029233e-10  1.20000000e+00  0.00000000e+00  1.20000000e+00  5.18119747e-09  4.79858464e-09 
 9.90029233e-10  1.20000000e+00  0.00000000e+00  1.20000000e+00  5.07712100e-09  5.40549761e-09 
 1.00002923e-09  1.20000000e+00  0.00000000e+00  1.20000000e+00  5.16136728e-09  4.91324431e-09 
 1.01002923e-09  1.20000000e+00  0.00000000e+00  1.20000000e+00  5.09317216e-09  5.31081668e-09 
 1.02002923e-09  1.20000000e+00  0.00000000e+00  1.20000000e+00  5.14837445e-09  4.98814046e-09 
 1.03002923e-09  1.20000000e+00  0.00000000e+00  1.20000000e+00  5.10368992e-09  5.24855104e-09 
 1.04002923e-09  1.20000000e+00  0.00000000e+00  1.20000000e+00  5.13986104e-09  5.03700698e-09 
 1.05002923e-09  1.20000000e+00  0.00000000e+00  1.20000000e+00  5.11058124e-09  5.20755089e-09 
 1.06002923e-09  1.20000000e+00  0.00000000e+00  1.20000000e+00  5.13428283e-09  5.06883968e-09 
 1.07002923e-09  1.20000000e+00  0.00000000e+00  1.20000000e+00  5.11509685e-09  5.18050630e-09 
 1.08002923e-09  1.20000000e+00  0.00000000e+00  1.20000000e+00  5.13062709e-09  5.08953080e-09 
 1.09002923e-09  1.20000000e+00  0.00000000e+00  1.20000000e+00  5.11805559e-09  5.16262594e-09 
 1.10000000e-09  1.20000000e+00  0.00000000e+00  1.20000000e+00  5.12822951e-09  5.10287579e-09 
 1.10100000e-09  1.20000000e+00  1.20000000e-02  1.20030428e+00  1.59769479e-03  2.58101511e-04 
 1.10300000e-09  1.20000000e+00  3.60000000e-02  1.20047662e+00  2.47919180e-03  3.24842226e-04 
 1.10700000e-09  1.20000000e+00  8.40000000e-02  1.20014255e+00  7.10322104e-04 -1.47150318e-04 
 1.11500000e-09  1.20000000e+00  1.80000000e-01  1.19997719e+00  6.15352112e-05 -1.29586764e-04 
 1.12500000e-09  1.20000000e+00  3.00000000e-01  1.19996534e+00  1.17232912e-04  4.33278074e-05 
 1.13500000e-09  1.20000000e+00  4.20000000e-01  1.19998931e+00  1.43743570e-04  1.49879857e-05 
 1.14500000e-09  1.20000000e+00  5.40000000e-01  1.19988358e+00  1.16434716e-04  2.41679729e-05 
 1.15500000e-09  1.20000000e+00  6.60000000e-01  1.19959047e+00  6.78441302e-05  2.59325953e-05 
 1.16500000e-09  1.20000000e+00  7.80000000e-01  1.19911243e+00  1.18227455e-04 -8.60726865e-05 
 1.17500000e-09  1.20000000e+00  9.00000000e-01  1.19855321e+00  5.77748709e-04 -8.62964287e-04 
 1.18500000e-09  1.20000000e+00  1.02000000e+00  1.19807449e+00  1.43666334e-04 -3.29917871e-04 
 1.19500000e-09  1.20000000e+00  1.14000000e+00  1.19761353e+00 -2.74013532e-04  2.82727696e-04 
 1.20000000e-09  1.20000000e+00  1.20000000e+00  1.19757735e+00 -2.17679657e-05 -4.68025805e-05 
 1.20100000e-09  1.20000000e+00  1.20000000e+00  1.19742751e+00 -1.78950525e-03 -3.49756867e-04 
 1.20300000e-09  1.20000000e+00  1.20000000e+00  1.19786676e+00 -3.16583321e-03 -5.85909810e-04 
 1.20700000e-09  1.20000000e+00  1.20000000e+00  1.20109175e+00 -1.66504080e-03 -1.92604329e-04 
 1.21500000e-09  1.20000000e+00  1.20000000e+00  1.21139280e+00 -2.47579821e-04  1.48625819e-03 
 1.22500000e-09  1.20000000e+00  1.20000000e+00  1.23155359e+00 -9.46954933e-05  5.43384173e-03 
 1.23500000e-09  1.20000000e+00  1.20000000e+00  1.26734239e+00  2.33588675e-05  9.09111740e-03 
 1.24500000e-09  1.20000000e+00  1.20000000e+00  1.27192958e+00 -1.11764994e-05  9.33426801e-03 
 1.25500000e-09  1.20000000e+00  1.20000000e+00  9.27382129e-01 -1.27283885e-05 -1.99863859e-03 
 1.26500000e-09  1.20000000e+00  1.20000000e+00  2.91376726e-01  2.05682269e-05 -3.61550083e-02 
 1.27500000e-09  1.20000000e+00  1.20000000e+00  1.07903342e-02  1.58656536e-05 -8.09864983e-02 
 1.28466734e-09  1.20000000e+00  1.20000000e+00  1.34464981e-02 -2.83617561e-05 -1.11336181e-01 
 1.29466734e-09  1.20000000e+00  1.20000000e+00 -4.84719418e-03  9.98949004e-06  7.99990822e-02 
 1.30466734e-09  1.20000000e+00  1.20000000e+00  3.19388440e-03 -8.20096446e-06  6.63516565e-01 
 1.31466734e-09  1.20000000e+00  1.20000000e+00 -1.56327780e-03 -9.55348949e-06  1.13601020e+00 
 1.32466734e-09  1.20000000e+00  1.20000000e+00  9.99982545e-04  1.65285349e-05  1.18788524e+00 
 1.33466734e-09  1.20000000e+00  1.20000000e+00 -4.85169170e-04 -1.15252214e-05  1.19027734e+00 
 1.34466734e-09  1.20000000e+00  1.20000000e+00  3.13024879e-04 -3.62258617e-06  1.20032142e+00 
 1.35466734e-09  1.20000000e+00  1.20000000e+00 -1.40602131e-04  6.75966793e-06  1.19761411e+00 
 1.36466734e-09  1.20000000e+00  1.20000000e+00  1.00513547e-04 -6.18791950e-06  1.20103686e+00 
 1.37466734e-09  1.20000000e+00  1.20000000e+00 -3.80036456e-05  5.30934463e-06  1.19898958e+00 
 1.38466734e-09  1.20000000e+00  1.20000000e+00  3.43306018e-05 -4.00433250e-06  1.20067542e+00 
 1.39466734e-09  1.20000000e+00  1.20000000e+00 -8.24719850e-06  2.46900642e-06  1.19946265e+00 
 1.40466734e-09  1.20000000e+00  1.20000000e+00  1.35263109e-05 -1.46720409e-06  1.20039712e+00 
 1.41466734e-09  1.20000000e+00  1.20000000e+00 -2.19769224e-07  5.76086309e-07  1.19969370e+00 
 1.42466734e-09  1.20000000e+00  1.20000000e+00  6.66054208e-06 -5.03820999e-08  1.20023277e+00 
 1.43466734e-09  1.20000000e+00  1.20000000e+00  1.56843792e-06 -3.05410034e-07  1.19982067e+00 
 1.44466734e-09  1.20000000e+00  1.20000000e+00  3.98739808e-06  4.93209602e-07  1.20013781e+00 
 1.45466734e-09  1.20000000e+00  1.20000000e+00  1.78039171e-06 -5.68030314e-07  1.19989341e+00 
 1.46466734e-09  1.20000000e+00  1.20000000e+00  2.77856180e-06  5.87069049e-07  1.20008244e+00 
 1.47466734e-09  1.20000000e+00  1.20000000e+00  1.60363455e-06 -5.46688975e-07  1.19993599e+00 
 1.48466734e-09  1.20000000e+00  1.20000000e+00  2.10092777e-06  5.04667080e-07  1.20004972e+00 
 1.49466734e-09  1.20000000e+00  1.20000000e+00  1.38090050e-06 -4.32236333e-07  1.19996128e+00 
 1.50466734e-09  1.20000000e+00  1.20000000e+00  1.65812833e-06  3.80583792e-07  1.20003017e+00 
 1.51466734e-09  1.20000000e+00  1.20000000e+00  1.18539057e-06 -3.10271341e-07  1.19997645e+00 
 1.52466734e-09  1.20000000e+00  1.20000000e+00  1.34348235e-06  2.68060870e-07  1.20001839e+00 
 1.53466734e-09  1.20000000e+00  1.20000000e+00  1.02414234e-06 -2.10294816e-07  1.19998562e+00 
 1.54466734e-09  1.20000000e+00  1.20000000e+00  1.11017519e-06  1.81650254e-07  1.20001124e+00 
 1.55466734e-09  1.20000000e+00  1.20000000e+00  8.91475321e-07 -1.37098828e-07  1.19999119e+00 
 1.56466734e-09  1.20000000e+00  1.20000000e+00  9.32772364e-07  1.20521432e-07  1.20000689e+00 
 1.57466734e-09  1.20000000e+00  1.20000000e+00  7.87190488e-07 -8.67508318e-08  1.19999460e+00 
 1.58466734e-09  1.20000000e+00  1.20000000e+00  7.92218008e-07  7.93439144e-08  1.20000423e+00 
 1.59466734e-09  1.20000000e+00  1.20000000e+00  6.89149335e-07 -5.32941415e-08  1.19999668e+00 
 1.60466734e-09  1.20000000e+00  1.20000000e+00  6.86293406e-07  5.22588917e-08  1.20000260e+00 
 1.61466734e-09  1.20000000e+00  1.20000000e+00  6.09694643e-07 -3.16043435e-08  1.19999795e+00 
 1.62466734e-09  1.20000000e+00  1.20000000e+00  6.00050065e-07  3.48619830e-08  1.20000160e+00 
 1.63466734e-09  1.20000000e+00  1.20000000e+00  5.42975093e-07 -1.77774970e-08  1.19999874e+00 
 1.64466734e-09  1.20000000e+00  1.20000000e+00  5.29387283e-07  2.38221297e-08  1.20000098e+00 
 1.65466734e-09  1.20000000e+00  1.20000000e+00  4.86172880e-07 -9.05656516e-09  1.19999922e+00 
 1.66466734e-09  1.20000000e+00  1.20000000e+00  4.70879528e-07  1.68716148e-08  1.20000061e+00 
 1.67466734e-09  1.20000000e+00  1.20000000e+00  4.37439136e-07 -3.59588181e-09  1.19999952e+00 
 1.68466734e-09  1.20000000e+00  1.20000000e+00  4.21879987e-07  1.25180193e-08  1.20000037e+00 
 1.69466734e-09  1.20000000e+00  1.20000000e+00  3.95392670e-07 -1.94626648e-10  1.19999970e+00 
 1.70466734e-09  1.20000000e+00  1.20000000e+00  3.80393501e-07  9.79950687e-09  1.20000023e+00 
 1.71466734e-09  1.20000000e+00  1.20000000e+00  3.58937267e-07  1.91516719e-09  1.19999982e+00 
 1.72466734e-09  1.20000000e+00  1.20000000e+00  3.44918406e-07  8.10458251e-09  1.20000014e+00 
 1.73466734e-09  1.20000000e+00  1.20000000e+00  3.27180915e-07  3.21917787e-09  1.19999988e+00 
 1.74466734e-09  1.20000000e+00  1.20000000e+00  3.14314987e-07  7.04800612e-09  1.20000009e+00 
 1.75466734e-09  1.20000000e+00  1.20000000e+00  2.99390466e-07  4.02224998e-09  1.19999993e+00 
 1.76466734e-09  1.20000000e+00  1.20000000e+00  2.87707495e-07  6.38856579e-09  1.20000005e+00 
 1.77466734e-09  1.20000000e+00  1.20000000e+00  2.74960623e-07  4.51473825e-09  1.19999995e+00 
 1.78466734e-09  1.20000000e+00  1.20000000e+00  2.64413837e-07  5.97585409e-09  1.20000003e+00 
 1.79466734e-09  1.20000000e+00  1.20000000e+00  2.53390203e-07  4.81508106e-09  1.19999997e+00 
 1.80466734e-09  1.20000000e+00  1.20000000e+00  2.43895581e-07  5.71634368e-09  1.20000002e+00 
 1.81466734e-09  1.20000000e+00  1.20000000e+00  2.34263114e-07  4.99678510e-09  1.19999998e+00 
 1.82466734e-09  1.20000000e+00  1.20000000e+00  2.25722299e-07  5.55198171e-09  1.20000001e+00 
 1.83466734e-09  1.20000000e+00  1.20000000e+00  2.17232882e-07  5.10538684e-09  1.19999999e+00 
 1.84466734e-09  1.20000000e+00  1.20000000e+00  2.09545894e-07  5.44677309e-09  1.20000000e+00 
 1.85466734e-09  1.20000000e+00  1.20000000e+00  2.02010035e-07  5.16905740e-09  1.19999999e+00 
 1.86466734e-09  1.20000000e+00  1.20000000e+00  1.95081884e-07  5.37841033e-09  1.20000000e+00 
 1.87466734e-09  1.20000000e+00  1.20000000e+00  1.88351832e-07  5.20520427e-09  1.19999999e+00 
 1.88466734e-09  1.20000000e+00  1.20000000e+00  1.82095569e-07  5.33307065e-09  1.20000000e+00 
 1.89466734e-09  1.20000000e+00  1.20000000e+00  1.76053915e-07  5.22456983e-09  1.19999999e+00 
 1.90466734e-09  1.20000000e+00  1.20000000e+00  1.70391685e-07  5.30218408e-09  1.20000000e+00 
 1.91466734e-09  1.20000000e+00  1.20000000e+00  1.64943532e-07  5.23377630e-09  1.20000000e+00 
 1.92466734e-09  1.20000000e+00  1.20000000e+00  1.59806528e-07  5.28043481e-09  1.20000000e+00 
 1.93466734e-09  1.20000000e+00  1.20000000e+00  1.54874037e-07  5.23689958e-09  1.20000000e+00 
 1.94466734e-09  1.20000000e+00  1.20000000e+00  1.50201918e-07  5.26451827e-09  1.20000000e+00 
 1.95466734e-09  1.20000000e+00  1.20000000e+00  1.45720422e-07  5.23644106e-09  1.20000000e+00 
 1.96466734e-09  1.20000000e+00  1.20000000e+00  1.41460490e-07  5.25237742e-09  1.20000000e+00 
 1.97466734e-09  1.20000000e+00  1.20000000e+00  1.37375679e-07  5.23393295e-09  1.20000000e+00 
 1.98466734e-09  1.20000000e+00  1.20000000e+00  1.33481996e-07  5.24272586e-09  1.20000000e+00 
 1.99466734e-09  1.20000000e+00  1.20000000e+00  1.29747832e-07  5.23030796e-09  1.20000000e+00 
 2.00466734e-09  1.20000000e+00  1.20000000e+00  1.26180363e-07  5.23475702e-09  1.20000000e+00 
 2.01466734e-09  1.20000000e+00  1.20000000e+00  1.22757512e-07  5.22613053e-09  1.20000000e+00 
 2.02466734e-09  1.20000000e+00  1.20000000e+00  1.19481336e-07  5.22795973e-09  1.20000000e+00 
 2.03466734e-09  1.20000000e+00  1.20000000e+00  1.16335962e-07  5.22173849e-09  1.20000000e+00 
 2.04466734e-09  1.20000000e+00  1.20000000e+00  1.13320573e-07  5.22200777e-09  1.20000000e+00 
 2.05466734e-09  1.20000000e+00  1.20000000e+00  1.10423397e-07  5.21732990e-09  1.20000000e+00 
 2.06466734e-09  1.20000000e+00  1.20000000e+00  1.07642091e-07  5.21669030e-09  1.20000000e+00 
 2.07466734e-09  1.20000000e+00  1.20000000e+00  1.04967647e-07  5.21301907e-09  1.20000000e+00 
 2.08466734e-09  1.20000000e+00  1.20000000e+00  1.02396992e-07  5.21186849e-09  1.20000000e+00 
 2.09466734e-09  1.20000000e+00  1.20000000e+00  9.99230284e-08  5.20886784e-09  1.20000000e+00 
 2.10466734e-09  1.20000000e+00  1.20000000e+00  9.75424143e-08  5.20744753e-09  1.20000000e+00 
 2.11466734e-09  1.20000000e+00  1.20000000e+00  9.52494061e-08  5.20490617e-09  1.20000000e+00 
 2.12466734e-09  1.20000000e+00  1.20000000e+00  9.30406562e-08  5.20336357e-09  1.20000000e+00 
 2.13466734e-09  1.20000000e+00  1.20000000e+00  9.09114075e-08  5.20114773e-09  1.20000000e+00 
 2.14466734e-09  1.20000000e+00  1.20000000e+00  8.88584502e-08  5.19956822e-09  1.20000000e+00 
 2.15466734e-09  1.20000000e+00  1.20000000e+00  8.68777644e-08  5.19759213e-09  1.20000000e+00 
 2.16466734e-09  1.20000000e+00  1.20000000e+00  8.49663496e-08  5.19602728e-09  1.20000000e+00 
 2.17466734e-09  1.20000000e+00  1.20000000e+00  8.31207563e-08  5.19423510e-09  1.20000000e+00 
 2.18466734e-09  1.20000000e+00  1.20000000e+00  8.13382171e-08  5.19271404e-09  1.20000000e+00 
 2.19466734e-09  1.20000000e+00  1.20000000e+00  7.96157372e-08  5.19106802e-09  1.20000000e+00 
 2.20000000e-09  1.20000000e+00  1.20000000e+00  7.85648967e-08  5.19535359e-09  1.20000000e+00 
 2.20100000e-09  1.18800000e+00  1.20000000e+00 -2.51607191e-03 -5.41339569e-04  1.19975635e+00 
 2.20300000e-09  1.16400000e+00  1.20000000e+00 -4.67417307e-03 -8.74929556e-04  1.19978920e+00 
 2.20700000e-09  1.11600000e+00  1.20000000e+00 -2.78029647e-03 -2.14992864e-04  1.20015460e+00 
 2.21500000e-09  1.02000000e+00  1.20000000e+00 -3.38728541e-04  1.97940600e-04  1.20001905e+00 
 2.22500000e-09  9.00000000e-01  1.20000000e+00 -6.23925383e-05  8.35676538e-05  1.20003627e+00 
 2.23500000e-09  7.80000000e-01  1.20000000e+00  6.04205817e-05  3.61567891e-05  1.19996967e+00 
 2.24500000e-09  6.60000000e-01  1.20000000e+00  2.83144480e-04  2.77902449e-04  1.20006420e+00 
 2.25500000e-09  5.40000000e-01  1.20000000e+00  5.40395811e-04  1.06840449e-03  1.20010549e+00 
 2.26500000e-09  4.20000000e-01  1.20000000e+00  3.64400941e-04  2.22924596e-03  1.20020789e+00 
 2.27500000e-09  3.00000000e-01  1.20000000e+00  2.88155846e-04  3.87939673e-03  1.20034016e+00 
 2.28500000e-09  1.80000000e-01  1.20000000e+00  1.99766173e-04  6.95382561e-03  1.20036090e+00 
 2.29500000e-09  6.00000000e-02  1.20000000e+00  1.56506396e-04  6.17309791e-03  1.19653281e+00 
 2.30000000e-09  0.00000000e+00  1.20000000e+00  6.27988074e-05 -3.26970043e-03  1.19425598e+00 
 2.30100000e-09  0.00000000e+00  1.20000000e+00  2.23306502e-03 -5.67487661e-03  1.19433878e+00 
 2.30300000e-09  0.00000000e+00  1.20000000e+00  3.47615422e-03 -1.15038274e-02  1.19414364e+00 
 2.30700000e-09  0.00000000e+00  1.20000000e+00  9.85480443e-04 -2.42831897e-02  1.19398340e+00 
 2.31500000e-09  0.00000000e+00  1.20000000e+00 -9.06629705e-05 -4.17924348e-02  1.19519601e+00 
 2.32239451e-09  0.00000000e+00  1.20000000e+00  4.25116073e-05 -5.10976758e-02  1.20412407e+00 
 2.33148540e-09  0.00000000e+00  1.20000000e+00  1.23931661e-05 -6.27136028e-02  1.22595640e+00 
 2.34148540e-09  0.00000000e+00  1.20000000e+00  7.37420417e-06 -5.68645313e-02  1.25058126e+00 
 2.35148540e-09  0.00000000e+00  1.20000000e+00  3.24019545e-06  6.04522216e-02  1.27367823e+00 
 2.36148540e-09  0.00000000e+00  1.20000000e+00  5.95785995e-06  3.86287867e-01  1.14238780e+00 
 2.37148540e-09  0.00000000e+00  1.20000000e+00 -2.94128486e-06  8.50488886e-01  7.19621157e-01 
 2.38148540e-09  0.00000000e+00  1.20000000e+00  7.39943898e-07  1.14688362e+00  2.16148188e-01 
 2.39148540e-09  0.00000000e+00  1.20000000e+00  7.51760835e-06  1.18329737e+00  2.42648117e-02 
 2.40148540e-09  0.00000000e+00  1.20000000e+00 -3.54928748e-06  1.18438049e+00  1.84596234e-02 
 2.41148540e-09  0.00000000e+00  1.20000000e+00  9.50016224e-07  1.19341522e+00  1.35096554e-03 
 2.42148540e-09  0.00000000e+00  1.20000000e+00  1.40675281e-06  1.19394411e+00  4.21303794e-03 
 2.43148540e-09  0.00000000e+00  1.20000000e+00 -3.85441621e-06  1.19756572e+00 -2.92966391e-04 
 2.44148540e-09  0.00000000e+00  1.20000000e+00  3.44413101e-06  1.19758857e+00  1.16739206e-03 
 2.45148540e-09  0.00000000e+00  1.20000000e+00 -2.64844819e-06  1.19914934e+00 -2.47453601e-04 
 2.46148540e-09  0.00000000e+00  1.20000000e+00  2.18499594e-06  1.19901839e+00  3.52884427e-04 
 2.47148540e-09  0.00000000e+00  1.20000000e+00 -1.35281544e-06  1.19972475e+00 -1.18736825e-04 
 2.48148540e-09  0.00000000e+00  1.20000000e+00  1.04893574e-06  1.19959073e+00  1.13772385e-04 
 2.49148540e-09  0.00000000e+00  1.20000000e+00 -5.63753672e-07  1.19992084e+00 -4.93968310e-05 
 2.50148540e-09  0.00000000e+00  1.20000000e+00  4.20144059e-07  1.19982463e+00  3.87392213e-05 
 2.51148540e-09  0.00000000e+00  1.20000000e+00 -1.81845809e-07  1.19998437e+00 -1.96346703e-05 
 2.52148540e-09  0.00000000e+00  1.20000000e+00  1.36720262e-07  1.19992231e+00  1.38996980e-05 
 2.53148540e-09  0.00000000e+00  1.20000000e+00 -2.51343288e-08  1.20000219e+00 -7.79966952e-06 
 2.54148540e-09  0.00000000e+00  1.20000000e+00  2.36997896e-08  1.19996430e+00  5.29325169e-06 
 2.55148540e-09  0.00000000e+00  1.20000000e+00  3.07797210e-08  1.20000540e+00 -3.20561192e-06 
 2.56148540e-09  0.00000000e+00  1.20000000e+00 -1.14379033e-08  1.19998299e+00  2.17471257e-06 
 2.57148540e-09  0.00000000e+00  1.20000000e+00  4.06406778e-08  1.20000463e+00 -1.40289908e-06 
 2.58148540e-09  0.00000000e+00  1.20000000e+00 -1.70484427e-08  1.19999160e+00  9.80891239e-07 
 2.59148540e-09  0.00000000e+00  1.20000000e+00  3.62709253e-08  1.20000322e+00 -6.68185131e-07 
 2.60148540e-09  0.00000000e+00  1.20000000e+00 -1.33738475e-08  1.19999572e+00  4.90566584e-07 
 2.61148540e-09  0.00000000e+00  1.20000000e+00  2.87714235e-08  1.20000205e+00 -3.48022035e-07 
 2.62148540e-09  0.00000000e+00  1.20000000e+00 -8.03489797e-09  1.19999776e+00  2.70185462e-07 
 2.63148540e-09  0.00000000e+00  1.20000000e+00  2.19866825e-08  1.20000125e+00 -1.95590686e-07 
 2.64148540e-09  0.00000000e+00  1.20000000e+00 -3.47543622e-09  1.19999880e+00  1.60689073e-07 
 2.65148540e-09  0.00000000e+00  1.20000000e+00  1.68258782e-08  1.20000075e+00 -1.15853660e-07 
 2.66148540e-09  0.00000000e+00  1.20000000e+00 -1.66941461e-10  1.19999934e+00  1.00965775e-07 
 2.67148540e-09  0.00000000e+00  1.20000000e+00  1.31824654e-08  1.20000044e+00 -7.05893721e-08 
 2.68148540e-09  0.00000000e+00  1.20000000e+00  2.05273681e-09  1.19999964e+00  6.59324416e-08 
 2.69148540e-09  0.00000000e+00  1.20000000e+00  1.06990693e-08  1.20000026e+00 -4.33132097e-08 
 2.70148540e-09  0.00000000e+00  1.20000000e+00  3.47454232e-09  1.19999980e+00  4.43507671e-08 
 2.71148540e-09  0.00000000e+00  1.20000000e+00  9.03108149e-09  1.20000015e+00 -2.62368979e-08 
 2.72148540e-09  0.00000000e+00  1.20000000e+00  4.35591346e-09  1.19999988e+00  3.06563132e-08 
 2.73148540e-09  0.00000000e+00  1.20000000e+00  7.91360405e-09  1.20000009e+00 -1.53059415e-08 
 2.74148540e-09  0.00000000e+00  1.20000000e+00  4.88659552e-09  1.19999993e+00  2.18209645e-08 
 2.75148540e-09  0.00000000e+00  1.20000000e+00  7.16088167e-09  1.20000005e+00 -8.22364821e-09 
 2.76148540e-09  0.00000000e+00  1.20000000e+00  5.19558846e-09  1.19999996e+00  1.60698488e-08 
 2.77148540e-09  0.00000000e+00  1.20000000e+00  6.64828831e-09  1.20000003e+00 -3.60637870e-09 
 2.78148540e-09  0.00000000e+00  1.20000000e+00  5.36696992e-09  1.19999998e+00  1.23092954e-08 
 2.79148540e-09  0.00000000e+00  1.20000000e+00  6.29398200e-09  1.20000002e+00 -5.87227933e-10 
 2.80148540e-09  0.00000000e+00  1.20000000e+00  5.45425144e-09  1.19999999e+00  9.84480503e-09 
 2.81148540e-09  0.00000000e+00  1.20000000e+00  6.04467804e-09  1.20000001e+00  1.38938699e-09 
 2.82148540e-09  0.00000000e+00  1.20000000e+00  5.49100798e-09  1.19999999e+00  8.22792684e-09 
 2.83148540e-09  0.00000000e+00  1.20000000e+00  5.86571836e-09  1.20000000e+00  2.68389239e-09 
 2.84148540e-09  0.00000000e+00  1.20000000e+00  5.49810636e-09  1.19999999e+00  7.16654797e-09 
 2.85148540e-09  0.00000000e+00  1.20000000e+00  5.73447401e-09  1.20000000e+00  3.53155249e-09 
 2.86148540e-09  0.00000000e+00  1.20000000e+00  5.48841272e-09  1.20000000e+00  6.46956949e-09 
 2.87148540e-09  0.00000000e+00  1.20000000e+00  5.63606528e-09  1.20000000e+00  4.08637812e-09 
 2.88148540e-09  0.00000000e+00  1.20000000e+00  5.46978957e-09  1.20000000e+00  6.01172506e-09 
 2.89148540e-09  0.00000000e+00  1.20000000e+00  5.56061891e-09  1.20000000e+00  4.44931081e-09 
 2.90148540e-09  0.00000000e+00  1.20000000e+00  5.44698142e-09  1.20000000e+00  5.71083503e-09 
 2.91148540e-09  0.00000000e+00  1.20000000e+00  5.50151252e-09  1.20000000e+00  4.68653349e-09 
 2.92148540e-09  0.00000000e+00  1.20000000e+00  5.42280082e-09  1.20000000e+00  5.51297286e-09 
 2.93148540e-09  0.00000000e+00  1.20000000e+00  5.45425211e-09  1.20000000e+00  4.84143320e-09 
 2.94148540e-09  0.00000000e+00  1.20000000e+00  5.39886219e-09  1.20000000e+00  5.38274936e-09 
 2.95148540e-09  0.00000000e+00  1.20000000e+00  5.41574607e-09  1.20000000e+00  4.94245084e-09 
 2.96148540e-09  0.00000000e+00  1.20000000e+00  5.37604755e-09  1.20000000e+00  5.29694200e-09 
 2.97148540e-09  0.00000000e+00  1.20000000e+00  5.38383993e-09  1.20000000e+00  5.00822017e-09 
 2.98148540e-09  0.00000000e+00  1.20000000e+00  5.35479233e-09  1.20000000e+00  5.24031069e-09 
 2.99148540e-09  0.00000000e+00  1.20000000e+00  5.35700628e-09  1.20000000e+00  5.05094772e-09 
 3.00148540e-09  0.00000000e+00  1.20000000e+00  5.33526606e-09  1.20000000e+00  5.20285609e-09 
 3.01148540e-09  0.00000000e+00  1.20000000e+00  5.33414651e-09  1.20000000e+00  5.07862424e-09 
 3.02148540e-09  0.00000000e+00  1.20000000e+00  5.31748284e-09  1.20000000e+00  5.17801413e-09 
 3.03148540e-09  0.00000000e+00  1.20000000e+00  5.31445693e-09  1.20000000e+00  5.09648018e-09 
 3.04148540e-09  0.00000000e+00  1.20000000e+00  5.30137295e-09  1.20000000e+00  5.16147691e-09 
 3.05148540e-09  0.00000000e+00  1.20000000e+00  5.29733724e-09  1.20000000e+00  5.10793652e-09 
 3.06148540e-09  0.00000000e+00  1.20000000e+00  5.28682098e-09  1.20000000e+00  5.15041310e-09 
 3.07148540e-09  0.00000000e+00  1.20000000e+00  5.28233396e-09  1.20000000e+00  5.11523074e-09 
 3.08148540e-09  0.00000000e+00  1.20000000e+00  5.27369487e-09  1.20000000e+00  5.14296622e-09 
 3.09148540e-09  0.00000000e+00  1.20000000e+00  5.26909505e-09  1.20000000e+00  5.11982368e-09 
 3.10148540e-09  0.00000000e+00  1.20000000e+00  5.26185817e-09  1.20000000e+00  5.13791137e-09 
 3.11148540e-09  0.00000000e+00  1.20000000e+00  5.25734567e-09  1.20000000e+00  5.12266868e-09 
 3.12148540e-09  0.00000000e+00  1.20000000e+00  5.25117866e-09  1.20000000e+00  5.13444526e-09 
 3.13148540e-09  0.00000000e+00  1.20000000e+00  5.24686550e-09  1.20000000e+00  5.12438864e-09 
 3.14148540e-09  0.00000000e+00  1.20000000e+00  5.24153354e-09  1.20000000e+00  5.13203907e-09 
 3.15148540e-09  0.00000000e+00  1.20000000e+00  5.23747717e-09  1.20000000e+00  5.12538734e-09 
 3.16148540e-09  0.00000000e+00  1.20000000e+00  5.23281091e-09  1.20000000e+00  5.13034171e-09 
 3.17148540e-09  0.00000000e+00  1.20000000e+00  5.22903493e-09  1.20000000e+00  5.12592807e-09 
 3.18148540e-09  0.00000000e+00  1.20000000e+00  5.22490973e-09  1.20000000e+00  5.12912263e-09 
 3.19148540e-09  0.00000000e+00  1.20000000e+00  5.22141713e-09  1.20000000e+00  5.12618226e-09 
 3.20000000e-09  0.00000000e+00  1.20000000e+00  5.22116139e-09  1.20000000e+00  5.12601678e-09 
 3.20100000e-09  0.00000000e+00  1.18800000e+00 -2.95605938e-04  1.19828215e+00 -2.41428509e-04 
 3.20300000e-09  0.00000000e+00  1.16400000e+00 -4.17353426e-04  1.19684112e+00 -3.03444205e-04 
 3.20700000e-09  0.00000000e+00  1.11600000e+00  2.91774935e-06  1.19761145e+00  1.47177173e-04 
 3.21500000e-09  0.00000000e+00  1.02000000e+00  9.54217665e-05  1.19832073e+00  1.34226425e-04 
 3.22500000e-09  0.00000000e+00  9.00000000e-01  1.90685377e-05  1.19878526e+00 -4.24253867e-05 
 3.23500000e-09  0.00000000e+00  7.80000000e-01  8.15278305e-06  1.19905737e+00 -8.37665005e-06 
 3.24500000e-09  0.00000000e+00  6.60000000e-01  1.24566408e-04  1.20079104e+00  1.03618122e-06 
 3.25500000e-09  0.00000000e+00  5.40000000e-01  4.47339658e-04  1.20635752e+00  1.65634735e-05 
 3.26500000e-09  0.00000000e+00  4.20000000e-01  8.62863698e-04  1.21702577e+00 -6.74353031e-06 
 3.27500000e-09  0.00000000e+00  3.00000000e-01  1.32575610e-03  1.23803548e+00  1.37892183e-05 
 3.28500000e-09  0.00000000e+00  1.80000000e-01  1.82412860e-03  1.27950326e+00  2.98144311e-05 
 3.29500000e-09  0.00000000e+00  6.00000000e-02  1.25892376e-03  1.18142381e+00  1.99777147e-05 
 3.30000000e-09  0.00000000e+00  3.99680289e-15 -2.06893417e-04  9.69442254e-01 -9.26433715e-05 
 3.30100000e-09  0.00000000e+00  0.00000000e+00 -1.70033443e-04  9.07339294e-01  8.05164226e-05 
 3.30300000e-09  0.00000000e+00  0.00000000e+00 -4.62927373e-04  7.74734942e-01 -1.32810570e-04 
 3.30700000e-09  0.00000000e+00  0.00000000e+00 -1.61214298e-03  4.86241670e-01 -1.02997049e-03 
 3.31500000e-09  0.00000000e+00  0.00000000e+00 -2.63072502e-03  9.71018110e-02 -4.21285666e-04 
 3.32238457e-09  0.00000000e+00  0.00000000e+00 -1.89529676e-03  1.33597436e-02  2.25792201e-04 
 3.33238457e-09  0.00000000e+00  0.00000000e+00 -4.77622953e-04  4.01270745e-03  1.06620210e-04 
 3.34238457e-09  0.00000000e+00  0.00000000e+00 -8.36001415e-05 -1.02470041e-03  2.86069330e-04 
 3.35238457e-09  0.00000000e+00  0.00000000e+00 -3.60561398e-06  9.07017589e-04  1.63921869e-03 
 3.36238457e-09  0.00000000e+00  0.00000000e+00  2.71993153e-05 -3.54791262e-04  3.80359674e-03 
 3.37238457e-09  0.00000000e+00  0.00000000e+00  1.53829932e-06  2.79974950e-04  5.38763687e-03 
 3.38238457e-09  0.00000000e+00  0.00000000e+00 -1.45944748e-05 -1.74339331e-04  3.29071918e-03 
 3.39238457e-09  0.00000000e+00  0.00000000e+00 -4.38153345e-05 -2.11130694e-06 -1.59098137e-02 
 3.40238457e-09  0.00000000e+00  0.00000000e+00 -4.31808346e-05 -1.33598376e-04 -4.74439414e-02 
 3.41238457e-09  0.00000000e+00  0.00000000e+00  1.38255653e-05  7.42013124e-05 -7.68111641e-02 
 3.42238457e-09  0.00000000e+00  0.00000000e+00  6.06002147e-05  1.26468656e-04 -7.72445333e-02 
 3.43238457e-09  0.00000000e+00  0.00000000e+00 -7.32085786e-07  5.93596032e-06  1.23906590e-01 
 3.44238457e-09  0.00000000e+00  0.00000000e+00 -1.31477472e-05 -3.14227747e-05  6.54474151e-01 
 3.45238457e-09  0.00000000e+00  0.00000000e+00 -1.27523727e-05 -2.13939110e-05  1.12149811e+00 
 3.46238457e-09  0.00000000e+00  0.00000000e+00  5.17300622e-06  1.43066464e-05  1.18934195e+00 
 3.47238457e-09  0.00000000e+00  0.00000000e+00 -3.19222928e-06 -4.06749630e-06  1.18740689e+00 
 3.48238457e-09  0.00000000e+00  0.00000000e+00 -1.36471889e-05 -2.81032372e-05  1.20149497e+00 
 3.49238457e-09  0.00000000e+00  0.00000000e+00  6.52692747e-06  1.86428207e-05  1.19613115e+00 
 3.50238457e-09  0.00000000e+00  0.00000000e+00 -3.79330528e-06 -7.09417173e-06  1.20185278e+00 
 3.51238457e-09  0.00000000e+00  0.00000000e+00 -4.28982899e-07  1.63717707e-06  1.19816540e+00 
 3.52238457e-09  0.00000000e+00  0.00000000e+00  5.76118346e-07  3.00866112e-06  1.20121876e+00 
 3.53238457e-09  0.00000000e+00  0.00000000e+00 -1.92612723e-06 -2.56913815e-06  1.19898446e+00 
 3.54238457e-09  0.00000000e+00  0.00000000e+00  1.47398035e-06  4.90554364e-06  1.20072957e+00 
 3.55238457e-09  0.00000000e+00  0.00000000e+00 -1.66599535e-06 -2.41894969e-06  1.19941136e+00 
 3.56238457e-09  0.00000000e+00  0.00000000e+00  1.23286210e-06  4.15600666e-06  1.20042881e+00 
 3.57238457e-09  0.00000000e+00  0.00000000e+00 -1.11981557e-06 -1.48157845e-06  1.19965437e+00 
 3.58238457e-09  0.00000000e+00  0.00000000e+00  8.25655898e-07  3.05163729e-06  1.20025042e+00 
 3.59238457e-09  0.00000000e+00  0.00000000e+00 -6.81277832e-07 -6.60213334e-07  1.19979590e+00 
 3.60238457e-09  0.00000000e+00  0.00000000e+00  5.04372442e-07  2.14744980e-06  1.20014577e+00 
 3.61238457e-09  0.00000000e+00  0.00000000e+00 -3.92479109e-07 -1.22619015e-07  1.19987897e+00 
 3.62238457e-09  0.00000000e+00  0.00000000e+00  2.94139873e-07  1.51896148e-06  1.20008451e+00 
 3.63238457e-09  0.00000000e+00  0.00000000e+00 -2.18593310e-07  1.71902007e-07  1.19992793e+00 
 3.64238457e-09  0.00000000e+00  0.00000000e+00  1.68024089e-07  1.11353452e-06  1.20004868e+00 
 3.65238457e-09  0.00000000e+00  0.00000000e+00 -1.18853615e-07  3.21763462e-07  1.19995680e+00 
 3.66238457e-09  0.00000000e+00  0.00000000e+00  9.54670570e-08  8.49889050e-07  1.20002776e+00 
 3.67238457e-09  0.00000000e+00  0.00000000e+00 -6.28116376e-08  3.86112681e-07  1.19997387e+00 
 3.68238457e-09  0.00000000e+00  0.00000000e+00  5.46372473e-08  6.75919724e-07  1.20001559e+00 
 3.69238457e-09  0.00000000e+00  0.00000000e+00 -3.17909298e-08  4.03005793e-07  1.19998399e+00 
 3.70238457e-09  0.00000000e+00  0.00000000e+00  3.20178139e-08  5.57810537e-07  1.20000853e+00 
 3.71238457e-09  0.00000000e+00  0.00000000e+00 -1.47980979e-08  3.95150465e-07  1.19999001e+00 
 3.72238457e-09  0.00000000e+00  0.00000000e+00  1.96230238e-08  4.74508257e-07  1.20000446e+00 
 3.73238457e-09  0.00000000e+00  0.00000000e+00 -5.56095298e-09  3.75471022e-07  1.19999361e+00 
 3.74238457e-09  0.00000000e+00  0.00000000e+00  1.28869096e-08  4.13215591e-07  1.20000213e+00 
 3.75238457e-09  0.00000000e+00  0.00000000e+00 -5.71284353e-10  3.51045713e-07  1.19999579e+00 
 3.76238457e-09  0.00000000e+00  0.00000000e+00  9.25132698e-09  3.66204815e-07  1.20000082e+00 
 3.77238457e-09  0.00000000e+00  0.00000000e+00  2.10848428e-09  3.25597622e-07  1.19999712e+00 
 3.78238457e-09  0.00000000e+00  0.00000000e+00  7.30172961e-09  3.28783080e-07  1.20000009e+00 
 3.79238457e-09  0.00000000e+00  0.00000000e+00  3.53933927e-09  3.00978033e-07  1.19999794e+00 
 3.80238457e-09  0.00000000e+00  0.00000000e+00  6.26305441e-09  2.98056996e-07  1.19999970e+00 
 3.81238457e-09  0.00000000e+00  0.00000000e+00  4.29855301e-09  2.78019672e-07  1.19999845e+00 
 3.82238457e-09  0.00000000e+00  0.00000000e+00  5.71359282e-09  2.72200708e-07  1.19999951e+00 
 3.83238457e-09  0.00000000e+00  0.00000000e+00  4.69853551e-09  2.57016583e-07  1.19999879e+00 
 3.84238457e-09  0.00000000e+00  0.00000000e+00  5.42526096e-09  2.50026868e-07  1.19999942e+00 
 3.85238457e-09  0.00000000e+00  0.00000000e+00  4.90751234e-09  2.37989288e-07  1.19999901e+00 
 3.86238457e-09  0.00000000e+00  0.00000000e+00  5.27539346e-09  2.30735690e-07  1.19999940e+00 
 3.87238457e-09  0.00000000e+00  0.00000000e+00  5.01560793e-09  2.20828757e-07  1.19999917e+00 
 3.88238457e-09  0.00000000e+00  0.00000000e+00  5.19839344e-09  2.13767589e-07  1.19999940e+00 
 3.89238457e-09  0.00000000e+00  0.00000000e+00  5.07083620e-09  2.05372866e-07  1.19999928e+00 
 3.90238457e-09  0.00000000e+00  0.00000000e+00  5.15940429e-09  1.98715866e-07  1.19999943e+00 
 3.91238457e-09  0.00000000e+00  0.00000000e+00  5.09861675e-09  1.91445721e-07  1.19999936e+00 
 3.92238457e-09  0.00000000e+00  0.00000000e+00  5.14003190e-09  1.85274240e-07  1.19999946e+00 
 3.93238457e-09  0.00000000e+00  0.00000000e+00  5.11230996e-09  1.78876829e-07  1.19999943e+00 
 3.94238457e-09  0.00000000e+00  0.00000000e+00  5.13064963e-09  1.73204717e-07  1.19999949e+00 
 3.95238457e-09  0.00000000e+00  0.00000000e+00  5.11887499e-09  1.67509530e-07  1.19999948e+00 
 3.96238457e-09  0.00000000e+00  0.00000000e+00  5.12626985e-09  1.62317459e-07  1.19999953e+00 
 3.97238457e-09  0.00000000e+00  0.00000000e+00  5.12190002e-09  1.57203859e-07  1.19999953e+00 
 3.98238457e-09  0.00000000e+00  0.00000000e+00  5.12433784e-09  1.52457774e-07  1.19999956e+00 
 3.99238457e-09  0.00000000e+00  0.00000000e+00  5.12321036e-09  1.47836639e-07  1.19999956e+00 
 4.00000000e-09  0.00000000e+00  0.00000000e+00  5.12234344e-09  1.44263763e-07  1.19999958e+00 
