 time            v(in1)          v(in2)          v(out)         
 0.00000000e+00  0.00000000e+00  0.00000000e+00  1.20000000e+00 
 1.00000000e-13  0.00000000e+00  0.00000000e+00  1.20000000e+00 
 2.00000000e-13  0.00000000e+00  0.00000000e+00  1.20000000e+00 
 4.00000000e-13  0.00000000e+00  0.00000000e+00  1.20000000e+00 
 8.00000000e-13  0.00000000e+00  0.00000000e+00  1.20000000e+00 
 1.60000000e-12  0.00000000e+00  0.00000000e+00  1.20000000e+00 
 3.20000000e-12  0.00000000e+00  0.00000000e+00  1.20000000e+00 
 6.40000000e-12  0.00000000e+00  0.00000000e+00  1.20000000e+00 
 1.28000000e-11  0.00000000e+00  0.00000000e+00  1.20000000e+00 
 2.28000000e-11  0.00000000e+00  0.00000000e+00  1.20000000e+00 
 3.28000000e-11  0.00000000e+00  0.00000000e+00  1.20000000e+00 
 4.28000000e-11  0.00000000e+00  0.00000000e+00  1.20000000e+00 
 5.28000000e-11  0.00000000e+00  0.00000000e+00  1.20000000e+00 
 6.28000000e-11  0.00000000e+00  0.00000000e+00  1.20000000e+00 
 7.28000000e-11  0.00000000e+00  0.00000000e+00  1.20000000e+00 
 8.28000000e-11  0.00000000e+00  0.00000000e+00  1.20000000e+00 
 9.28000000e-11  0.00000000e+00  0.00000000e+00  1.20000000e+00 
 1.00000000e-10  0.00000000e+00  0.00000000e+00  1.20000000e+00 
 1.00013148e-10  1.57770047e-04  0.00000000e+00  1.20009088e+00 
 1.00039443e-10  4.73310141e-04  0.00000000e+00  1.20027054e+00 
 1.00092033e-10  1.10439033e-03  0.00000000e+00  1.20061757e+00 
 1.00197213e-10  2.36655071e-03  0.00000000e+00  1.20126519e+00 
 1.00407573e-10  4.89087146e-03  0.00000000e+00  1.20239464e+00 
 1.00828293e-10  9.93951296e-03  0.00000000e+00  1.20412137e+00 
 1.01475013e-10  1.77001597e-02  0.00000000e+00  1.20580371e+00 
 1.02099254e-10  2.51910535e-02  0.00000000e+00  1.20672004e+00 
 1.02882675e-10  3.45920947e-02  0.00000000e+00  1.20735340e+00 
 1.03730749e-10  4.47689846e-02  0.00000000e+00  1.20769995e+00 
 1.04901164e-10  5.88139640e-02  0.00000000e+00  1.20793073e+00 
 1.06295057e-10  7.55406832e-02  0.00000000e+00  1.20806178e+00 
 1.08358275e-10  1.00299301e-01  0.00000000e+00  1.20818521e+00 
 1.11211665e-10  1.34539976e-01  0.00000000e+00  1.20833968e+00 
 1.16412327e-10  1.96947925e-01  0.00000000e+00  1.20864604e+00 
 1.26412327e-10  3.16947925e-01  0.00000000e+00  1.20935281e+00 
 1.36412327e-10  4.36947925e-01  0.00000000e+00  1.21026988e+00 
 1.46412327e-10  5.56947925e-01  0.00000000e+00  1.21147602e+00 
 1.56412327e-10  6.76947925e-01  0.00000000e+00  1.21300498e+00 
 1.62665971e-10  7.51991656e-01  0.00000000e+00  1.21397683e+00 
 1.67704293e-10  8.12451511e-01  0.00000000e+00  1.21452195e+00 
 1.73018975e-10  8.76227703e-01  0.00000000e+00  1.21475367e+00 
 1.76613562e-10  9.19362748e-01  0.00000000e+00  1.21476206e+00 
 1.81009979e-10  9.72119750e-01  0.00000000e+00  1.21465435e+00 
 1.85458381e-10  1.02550057e+00  0.00000000e+00  1.21443931e+00 
 1.89684632e-10  1.07621558e+00  0.00000000e+00  1.21414053e+00 
 1.93732394e-10  1.12478873e+00  0.00000000e+00  1.21378415e+00 
 1.98032384e-10  1.17638861e+00  0.00000000e+00  1.21336569e+00 
 2.00000000e-10  1.20000000e+00  0.00000000e+00  1.21317304e+00 
 2.00001524e-10  1.20000000e+00  0.00000000e+00  1.21316286e+00 
 2.00004571e-10  1.20000000e+00  0.00000000e+00  1.21314252e+00 
 2.00010666e-10  1.20000000e+00  0.00000000e+00  1.21310191e+00 
 2.00022857e-10  1.20000000e+00  0.00000000e+00  1.21302103e+00 
 2.00047237e-10  1.20000000e+00  0.00000000e+00  1.21286058e+00 
 2.00095997e-10  1.20000000e+00  0.00000000e+00  1.21254487e+00 
 2.00193519e-10  1.20000000e+00  0.00000000e+00  1.21193367e+00 
 2.00388561e-10  1.20000000e+00  0.00000000e+00  1.21078789e+00 
 2.00778646e-10  1.20000000e+00  0.00000000e+00  1.20877230e+00 
 2.01349585e-10  1.20000000e+00  0.00000000e+00  1.20638502e+00 
 2.01982164e-10  1.20000000e+00  0.00000000e+00  1.20436581e+00 
 2.02651692e-10  1.20000000e+00  0.00000000e+00  1.20277432e+00 
 2.03370803e-10  1.20000000e+00  0.00000000e+00  1.20152869e+00 
 2.04165076e-10  1.20000000e+00  0.00000000e+00  1.20055808e+00 
 2.05049790e-10  1.20000000e+00  0.00000000e+00  1.19982982e+00 
 2.06043433e-10  1.20000000e+00  0.00000000e+00  1.19931176e+00 
 2.07169525e-10  1.20000000e+00  0.00000000e+00  1.19897129e+00 
 2.08468527e-10  1.20000000e+00  0.00000000e+00  1.19877471e+00 
 2.09993025e-10  1.20000000e+00  0.00000000e+00  1.19869215e+00 
 2.11829377e-10  1.20000000e+00  0.00000000e+00  1.19869600e+00 
 2.14110801e-10  1.20000000e+00  0.00000000e+00  1.19876259e+00 
 2.17081724e-10  1.20000000e+00  0.00000000e+00  1.19887324e+00 
 2.21223092e-10  1.20000000e+00  0.00000000e+00  1.19901604e+00 
 2.27763565e-10  1.20000000e+00  0.00000000e+00  1.19919062e+00 
 2.33712809e-10  1.20000000e+00  0.00000000e+00  1.19930626e+00 
 2.41067489e-10  1.20000000e+00  0.00000000e+00  1.19941360e+00 
 2.48409559e-10  1.20000000e+00  0.00000000e+00  1.19949380e+00 
 2.57859738e-10  1.20000000e+00  0.00000000e+00  1.19957148e+00 
 2.67676069e-10  1.20000000e+00  0.00000000e+00  1.19963147e+00 
 2.77676069e-10  1.20000000e+00  0.00000000e+00  1.19967829e+00 
 2.87676069e-10  1.20000000e+00  0.00000000e+00  1.19971503e+00 
 2.97676069e-10  1.20000000e+00  0.00000000e+00  1.19974459e+00 
 3.07676069e-10  1.20000000e+00  0.00000000e+00  1.19976883e+00 
 3.17676069e-10  1.20000000e+00  0.00000000e+00  1.19978904e+00 
 3.27676069e-10  1.20000000e+00  0.00000000e+00  1.19980612e+00 
 3.37676069e-10  1.20000000e+00  0.00000000e+00  1.19982073e+00 
 3.47676069e-10  1.20000000e+00  0.00000000e+00  1.19983337e+00 
 3.57676069e-10  1.20000000e+00  0.00000000e+00  1.19984440e+00 
 3.67676069e-10  1.20000000e+00  0.00000000e+00  1.19985410e+00 
 3.77676069e-10  1.20000000e+00  0.00000000e+00  1.19986269e+00 
 3.87676069e-10  1.20000000e+00  0.00000000e+00  1.19987036e+00 
 3.97676069e-10  1.20000000e+00  0.00000000e+00  1.19987724e+00 
 4.07676069e-10  1.20000000e+00  0.00000000e+00  1.19988350e+00 
 4.17676069e-10  1.20000000e+00  0.00000000e+00  1.19988915e+00 
 4.27676069e-10  1.20000000e+00  0.00000000e+00  1.19989424e+00 
 4.37676069e-10  1.20000000e+00  0.00000000e+00  1.19989891e+00 
 4.47676069e-10  1.20000000e+00  0.00000000e+00  1.19990318e+00 
 4.57676069e-10  1.20000000e+00  0.00000000e+00  1.19990712e+00 
 4.67676069e-10  1.20000000e+00  0.00000000e+00  1.19991076e+00 
 4.77676069e-10  1.20000000e+00  0.00000000e+00  1.19991413e+00 
 4.87676069e-10  1.20000000e+00  0.00000000e+00  1.19991726e+00 
 4.97676069e-10  1.20000000e+00  0.00000000e+00  1.19992017e+00 
 5.07676069e-10  1.20000000e+00  0.00000000e+00  1.19992289e+00 
 5.17676069e-10  1.20000000e+00  0.00000000e+00  1.19992544e+00 
 5.27676069e-10  1.20000000e+00  0.00000000e+00  1.19992782e+00 
 5.37676069e-10  1.20000000e+00  0.00000000e+00  1.19993006e+00 
 5.47676069e-10  1.20000000e+00  0.00000000e+00  1.19993217e+00 
 5.57676069e-10  1.20000000e+00  0.00000000e+00  1.19993415e+00 
 5.67676069e-10  1.20000000e+00  0.00000000e+00  1.19993603e+00 
 5.77676069e-10  1.20000000e+00  0.00000000e+00  1.19993780e+00 
 5.87676069e-10  1.20000000e+00  0.00000000e+00  1.19993948e+00 
 5.97676069e-10  1.20000000e+00  0.00000000e+00  1.19994107e+00 
 6.07676069e-10  1.20000000e+00  0.00000000e+00  1.19994258e+00 
 6.17676069e-10  1.20000000e+00  0.00000000e+00  1.19994402e+00 
 6.27676069e-10  1.20000000e+00  0.00000000e+00  1.19994539e+00 
 6.37676069e-10  1.20000000e+00  0.00000000e+00  1.19994669e+00 
 6.47676069e-10  1.20000000e+00  0.00000000e+00  1.19994793e+00 
 6.57676069e-10  1.20000000e+00  0.00000000e+00  1.19994912e+00 
 6.67676069e-10  1.20000000e+00  0.00000000e+00  1.19995026e+00 
 6.77676069e-10  1.20000000e+00  0.00000000e+00  1.19995134e+00 
 6.87676069e-10  1.20000000e+00  0.00000000e+00  1.19995238e+00 
 6.97676069e-10  1.20000000e+00  0.00000000e+00  1.19995338e+00 
 7.07676069e-10  1.20000000e+00  0.00000000e+00  1.19995434e+00 
 7.17676069e-10  1.20000000e+00  0.00000000e+00  1.19995526e+00 
 7.27676069e-10  1.20000000e+00  0.00000000e+00  1.19995614e+00 
 7.37676069e-10  1.20000000e+00  0.00000000e+00  1.19995699e+00 
 7.47676069e-10  1.20000000e+00  0.00000000e+00  1.19995781e+00 
 7.57676069e-10  1.20000000e+00  0.00000000e+00  1.19995859e+00 
 7.67676069e-10  1.20000000e+00  0.00000000e+00  1.19995935e+00 
 7.77676069e-10  1.20000000e+00  0.00000000e+00  1.19996008e+00 
 7.87676069e-10  1.20000000e+00  0.00000000e+00  1.19996079e+00 
 7.97676069e-10  1.20000000e+00  0.00000000e+00  1.19996147e+00 
 8.07676069e-10  1.20000000e+00  0.00000000e+00  1.19996213e+00 
 8.17676069e-10  1.20000000e+00  0.00000000e+00  1.19996277e+00 
 8.27676069e-10  1.20000000e+00  0.00000000e+00  1.19996338e+00 
 8.37676069e-10  1.20000000e+00  0.00000000e+00  1.19996398e+00 
 8.47676069e-10  1.20000000e+00  0.00000000e+00  1.19996456e+00 
 8.57676069e-10  1.20000000e+00  0.00000000e+00  1.19996512e+00 
 8.67676069e-10  1.20000000e+00  0.00000000e+00  1.19996566e+00 
 8.77676069e-10  1.20000000e+00  0.00000000e+00  1.19996618e+00 
 8.87676069e-10  1.20000000e+00  0.00000000e+00  1.19996669e+00 
 8.97676069e-10  1.20000000e+00  0.00000000e+00  1.19996719e+00 
 9.07676069e-10  1.20000000e+00  0.00000000e+00  1.19996767e+00 
 9.17676069e-10  1.20000000e+00  0.00000000e+00  1.19996814e+00 
 9.27676069e-10  1.20000000e+00  0.00000000e+00  1.19996859e+00 
 9.37676069e-10  1.20000000e+00  0.00000000e+00  1.19996903e+00 
 9.47676069e-10  1.20000000e+00  0.00000000e+00  1.19996946e+00 
 9.57676069e-10  1.20000000e+00  0.00000000e+00  1.19996988e+00 
 9.67676069e-10  1.20000000e+00  0.00000000e+00  1.19997028e+00 
 9.77676069e-10  1.20000000e+00  0.00000000e+00  1.19997068e+00 
 9.87676069e-10  1.20000000e+00  0.00000000e+00  1.19997106e+00 
 9.97676069e-10  1.20000000e+00  0.00000000e+00  1.19997144e+00 
 1.00767607e-09  1.20000000e+00  0.00000000e+00  1.19997180e+00 
 1.01767607e-09  1.20000000e+00  0.00000000e+00  1.19997216e+00 
 1.02767607e-09  1.20000000e+00  0.00000000e+00  1.19997251e+00 
 1.03767607e-09  1.20000000e+00  0.00000000e+00  1.19997285e+00 
 1.04767607e-09  1.20000000e+00  0.00000000e+00  1.19997318e+00 
 1.05767607e-09  1.20000000e+00  0.00000000e+00  1.19997350e+00 
 1.06767607e-09  1.20000000e+00  0.00000000e+00  1.19997382e+00 
 1.07767607e-09  1.20000000e+00  0.00000000e+00  1.19997412e+00 
 1.08767607e-09  1.20000000e+00  0.00000000e+00  1.19997442e+00 
 1.09767607e-09  1.20000000e+00  0.00000000e+00  1.19997472e+00 
 1.10000000e-09  1.20000000e+00  0.00000000e+00  1.19997479e+00 
 1.10000262e-09  1.20000000e+00  3.14077265e-05  1.19998707e+00 
 1.10000785e-09  1.20000000e+00  9.42231794e-05  1.20001161e+00 
 1.10001832e-09  1.20000000e+00  2.19854085e-04  1.20006054e+00 
 1.10003926e-09  1.20000000e+00  4.71115897e-04  1.20015772e+00 
 1.10008114e-09  1.20000000e+00  9.73639520e-04  1.20034946e+00 
 1.10016489e-09  1.20000000e+00  1.97868677e-03  1.20072272e+00 
 1.10033240e-09  1.20000000e+00  3.98878126e-03  1.20143020e+00 
 1.10066741e-09  1.20000000e+00  8.00897025e-03  1.20270252e+00 
 1.10133745e-09  1.20000000e+00  1.60493482e-02  1.20476955e+00 
 1.10201580e-09  1.20000000e+00  2.41895885e-02  1.20634297e+00 
 1.10281316e-09  1.20000000e+00  3.37579403e-02  1.20771405e+00 
 1.10359134e-09  1.20000000e+00  4.30960723e-02  1.20869052e+00 
 1.10456137e-09  1.20000000e+00  5.47364600e-02  1.20956918e+00 
 1.10556052e-09  1.20000000e+00  6.67262976e-02  1.21020869e+00 
 1.10680204e-09  1.20000000e+00  8.16244905e-02  1.21077218e+00 
 1.10814664e-09  1.20000000e+00  9.77597059e-02  1.21121121e+00 
 1.10983665e-09  1.20000000e+00  1.18039859e-01  1.21163011e+00 
 1.11181966e-09  1.20000000e+00  1.41835919e-01  1.21203556e+00 
 1.11437035e-09  1.20000000e+00  1.72444230e-01  1.21251879e+00 
 1.11759520e-09  1.20000000e+00  2.11142379e-01  1.21314902e+00 
 1.12207497e-09  1.20000000e+00  2.64899690e-01  1.21414230e+00 
 1.12649852e-09  1.20000000e+00  3.17982230e-01  1.21531078e+00 
 1.12863179e-09  1.20000000e+00  3.43581445e-01  1.21596275e+00 
 1.13048032e-09  1.20000000e+00  3.65763782e-01  1.21658716e+00 
 1.13218326e-09  1.20000000e+00  3.86199147e-01  1.21721304e+00 
 1.13383567e-09  1.20000000e+00  4.06028024e-01  1.21787156e+00 
 1.13546816e-09  1.20000000e+00  4.25617937e-01  1.21857931e+00 
 1.13705308e-09  1.20000000e+00  4.44636910e-01  1.21932913e+00 
 1.13858766e-09  1.20000000e+00  4.63051894e-01  1.22011986e+00 
 1.14011062e-09  1.20000000e+00  4.81327400e-01  1.22097484e+00 
 1.14174415e-09  1.20000000e+00  5.00929799e-01  1.22197937e+00 
 1.14327376e-09  1.20000000e+00  5.19285115e-01  1.22301202e+00 
 1.14487041e-09  1.20000000e+00  5.38444880e-01  1.22419739e+00 
 1.14640971e-09  1.20000000e+00  5.56916566e-01  1.22545726e+00 
 1.14802564e-09  1.20000000e+00  5.76307631e-01  1.22692003e+00 
 1.14962265e-09  1.20000000e+00  5.95471801e-01  1.22852511e+00 
 1.15130651e-09  1.20000000e+00  6.15678146e-01  1.23041254e+00 
 1.15300371e-09  1.20000000e+00  6.36044548e-01  1.23254448e+00 
 1.15480693e-09  1.20000000e+00  6.57683111e-01  1.23509658e+00 
 1.15666772e-09  1.20000000e+00  6.80012663e-01  1.23808099e+00 
 1.15869482e-09  1.20000000e+00  7.04337830e-01  1.24179438e+00 
 1.15994640e-09  1.20000000e+00  7.19356835e-01  1.24437708e+00 
 1.16063596e-09  1.20000000e+00  7.27631466e-01  1.24592799e+00 
 1.16131413e-09  1.20000000e+00  7.35769603e-01  1.24754610e+00 
 1.16205290e-09  1.20000000e+00  7.44634764e-01  1.24935983e+00 
 1.16272431e-09  1.20000000e+00  7.52691729e-01  1.25094362e+00 
 1.16337287e-09  1.20000000e+00  7.60474435e-01  1.25226958e+00 
 1.16403374e-09  1.20000000e+00  7.68404877e-01  1.25325996e+00 
 1.16473907e-09  1.20000000e+00  7.76868870e-01  1.25375465e+00 
 1.16544534e-09  1.20000000e+00  7.85344032e-01  1.25353436e+00 
 1.16624448e-09  1.20000000e+00  7.94933820e-01  1.25229991e+00 
 1.16712711e-09  1.20000000e+00  8.05525306e-01  1.24963482e+00 
 1.16830194e-09  1.20000000e+00  8.19623223e-01  1.24392445e+00 
 1.16932604e-09  1.20000000e+00  8.31912470e-01  1.23697172e+00 
 1.17025735e-09  1.20000000e+00  8.43088210e-01  1.22913094e+00 
 1.17126137e-09  1.20000000e+00  8.55136424e-01  1.21916487e+00 
 1.17240778e-09  1.20000000e+00  8.68893396e-01  1.20600873e+00 
 1.17352759e-09  1.20000000e+00  8.82331036e-01  1.19147892e+00 
 1.17475341e-09  1.20000000e+00  8.97040939e-01  1.17385715e+00 
 1.17600471e-09  1.20000000e+00  9.12056527e-01  1.15420121e+00 
 1.17733198e-09  1.20000000e+00  9.27983761e-01  1.13170054e+00 
 1.17869388e-09  1.20000000e+00  9.44326558e-01  1.10702047e+00 
 1.18016988e-09  1.20000000e+00  9.62038611e-01  1.07862825e+00 
 1.18171903e-09  1.20000000e+00  9.80628301e-01  1.04716004e+00 
 1.18338913e-09  1.20000000e+00  1.00066960e+00  1.01149990e+00 
 1.18511626e-09  1.20000000e+00  1.02139508e+00  9.72909784e-01 
 1.18692120e-09  1.20000000e+00  1.04305442e+00  9.30910434e-01 
 1.18875583e-09  1.20000000e+00  1.06507000e+00  8.86664422e-01 
 1.19062992e-09  1.20000000e+00  1.08755906e+00  8.40051817e-01 
 1.19249787e-09  1.20000000e+00  1.10997439e+00  7.92379918e-01 
 1.19436038e-09  1.20000000e+00  1.13232450e+00  7.43866688e-01 
 1.19617327e-09  1.20000000e+00  1.15407921e+00  6.95941713e-01 
 1.19793320e-09  1.20000000e+00  1.17519841e+00  6.49004994e-01 
 1.19961191e-09  1.20000000e+00  1.19534286e+00  6.04121598e-01 
 1.20000000e-09  1.20000000e+00  1.20000000e+00  5.93755623e-01 
 1.20000165e-09  1.20000000e+00  1.20000000e+00  5.93704984e-01 
 1.20000494e-09  1.20000000e+00  1.20000000e+00  5.93603703e-01 
 1.20001152e-09  1.20000000e+00  1.20000000e+00  5.93401116e-01 
 1.20002469e-09  1.20000000e+00  1.20000000e+00  5.92995854e-01 
 1.20005103e-09  1.20000000e+00  1.20000000e+00  5.92184974e-01 
 1.20010371e-09  1.20000000e+00  1.20000000e+00  5.90561850e-01 
 1.20020907e-09  1.20000000e+00  1.20000000e+00  5.87310558e-01 
 1.20041978e-09  1.20000000e+00  1.20000000e+00  5.80790867e-01 
 1.20084121e-09  1.20000000e+00  1.20000000e+00  5.67704670e-01 
 1.20151926e-09  1.20000000e+00  1.20000000e+00  5.46608790e-01 
 1.20226483e-09  1.20000000e+00  1.20000000e+00  5.23480204e-01 
 1.20311170e-09  1.20000000e+00  1.20000000e+00  4.97480316e-01 
 1.20401087e-09  1.20000000e+00  1.20000000e+00  4.70357055e-01 
 1.20514762e-09  1.20000000e+00  1.20000000e+00  4.36965577e-01 
 1.20655962e-09  1.20000000e+00  1.20000000e+00  3.97174321e-01 
 1.20803315e-09  1.20000000e+00  1.20000000e+00  3.57931711e-01 
 1.20977482e-09  1.20000000e+00  1.20000000e+00  3.14864575e-01 
 1.21175569e-09  1.20000000e+00  1.20000000e+00  2.70469740e-01 
 1.21361556e-09  1.20000000e+00  1.20000000e+00  2.33260578e-01 
 1.21549628e-09  1.20000000e+00  1.20000000e+00  1.99914402e-01 
 1.21753142e-09  1.20000000e+00  1.20000000e+00  1.68410052e-01 
 1.22001969e-09  1.20000000e+00  1.20000000e+00  1.35800763e-01 
 1.22230256e-09  1.20000000e+00  1.20000000e+00  1.10995953e-01 
 1.22466295e-09  1.20000000e+00  1.20000000e+00  8.97859908e-02 
 1.22689991e-09  1.20000000e+00  1.20000000e+00  7.32521690e-02 
 1.22930546e-09  1.20000000e+00  1.20000000e+00  5.87159400e-02 
 1.23169987e-09  1.20000000e+00  1.20000000e+00  4.70273815e-02 
 1.23431064e-09  1.20000000e+00  1.20000000e+00  3.68520332e-02 
 1.23698269e-09  1.20000000e+00  1.20000000e+00  2.86734465e-02 
 1.23992092e-09  1.20000000e+00  1.20000000e+00  2.17269037e-02 
 1.24299952e-09  1.20000000e+00  1.20000000e+00  1.62272445e-02 
 1.24641889e-09  1.20000000e+00  1.20000000e+00  1.17177696e-02 
 1.25008431e-09  1.20000000e+00  1.20000000e+00  8.25433828e-03 
 1.25420687e-09  1.20000000e+00  1.20000000e+00  5.55547281e-03 
 1.25875397e-09  1.20000000e+00  1.20000000e+00  3.58354200e-03 
 1.26397204e-09  1.20000000e+00  1.20000000e+00  2.16017847e-03 
 1.26988452e-09  1.20000000e+00  1.20000000e+00  1.21267330e-03 
 1.27691031e-09  1.20000000e+00  1.20000000e+00  6.05519383e-04 
 1.28525422e-09  1.20000000e+00  1.20000000e+00  2.61598912e-04 
 1.29525422e-09  1.20000000e+00  1.20000000e+00  9.30213854e-05 
 1.30525422e-09  1.20000000e+00  1.20000000e+00  3.30910901e-05 
 1.31525422e-09  1.20000000e+00  1.20000000e+00  1.17775230e-05 
 1.32525422e-09  1.20000000e+00  1.20000000e+00  4.20300467e-06 
 1.33525422e-09  1.20000000e+00  1.20000000e+00  1.50645109e-06 
 1.34525422e-09  1.20000000e+00  1.20000000e+00  5.49894255e-07 
 1.35525422e-09  1.20000000e+00  1.20000000e+00  2.08003687e-07 
 1.36525422e-09  1.20000000e+00  1.20000000e+00  8.77295770e-08 
 1.37525422e-09  1.20000000e+00  1.20000000e+00  4.39869466e-08 
 1.38525422e-09  1.20000000e+00  1.20000000e+00  2.91598895e-08 
 1.39525422e-09  1.20000000e+00  1.20000000e+00  2.33432299e-08 
 1.40525422e-09  1.20000000e+00  1.20000000e+00  2.16817278e-08 
 1.41525422e-09  1.20000000e+00  1.20000000e+00  2.07866518e-08 
 1.42525422e-09  1.20000000e+00  1.20000000e+00  2.06958586e-08 
 1.43525422e-09  1.20000000e+00  1.20000000e+00  2.04934681e-08 
 1.44525422e-09  1.20000000e+00  1.20000000e+00  2.05486905e-08 
 1.45525422e-09  1.20000000e+00  1.20000000e+00  2.04732224e-08 
 1.46525422e-09  1.20000000e+00  1.20000000e+00  2.05174990e-08 
 1.47525422e-09  1.20000000e+00  1.20000000e+00  2.04800705e-08 
 1.48525422e-09  1.20000000e+00  1.20000000e+00  2.05065199e-08 
 1.49525422e-09  1.20000000e+00  1.20000000e+00  2.04861963e-08 
 1.50525422e-09  1.20000000e+00  1.20000000e+00  2.05011988e-08 
 1.51525422e-09  1.20000000e+00  1.20000000e+00  2.04899118e-08 
 1.52525422e-09  1.20000000e+00  1.20000000e+00  2.04983267e-08 
 1.53525422e-09  1.20000000e+00  1.20000000e+00  2.04920260e-08 
 1.54525422e-09  1.20000000e+00  1.20000000e+00  2.04967339e-08 
 1.55525422e-09  1.20000000e+00  1.20000000e+00  2.04932124e-08 
 1.56525422e-09  1.20000000e+00  1.20000000e+00  2.04958455e-08 
 1.57525422e-09  1.20000000e+00  1.20000000e+00  2.04938765e-08 
 1.58525422e-09  1.20000000e+00  1.20000000e+00  2.04953484e-08 
 1.59525422e-09  1.20000000e+00  1.20000000e+00  2.04942478e-08 
 1.60525422e-09  1.20000000e+00  1.20000000e+00  2.04950707e-08 
 1.61525422e-09  1.20000000e+00  1.20000000e+00  2.04944556e-08 
 1.62525422e-09  1.20000000e+00  1.20000000e+00  2.04949154e-08 
 1.63525422e-09  1.20000000e+00  1.20000000e+00  2.04945715e-08 
 1.64525422e-09  1.20000000e+00  1.20000000e+00  2.04948287e-08 
 1.65525422e-09  1.20000000e+00  1.20000000e+00  2.04946363e-08 
 1.66525422e-09  1.20000000e+00  1.20000000e+00  2.04947802e-08 
 1.67525422e-09  1.20000000e+00  1.20000000e+00  2.04946726e-08 
 1.68525422e-09  1.20000000e+00  1.20000000e+00  2.04947531e-08 
 1.69525422e-09  1.20000000e+00  1.20000000e+00  2.04946931e-08 
 1.70525422e-09  1.20000000e+00  1.20000000e+00  2.04947378e-08 
 1.71525422e-09  1.20000000e+00  1.20000000e+00  2.04947045e-08 
 1.72525422e-09  1.20000000e+00  1.20000000e+00  2.04947299e-08 
 1.73525422e-09  1.20000000e+00  1.20000000e+00  2.04947111e-08 
 1.74525422e-09  1.20000000e+00  1.20000000e+00  2.04947249e-08 
 1.75525422e-09  1.20000000e+00  1.20000000e+00  2.04947143e-08 
 1.76525422e-09  1.20000000e+00  1.20000000e+00  2.04947220e-08 
 1.77525422e-09  1.20000000e+00  1.20000000e+00  2.04947162e-08 
 1.78525422e-09  1.20000000e+00  1.20000000e+00  2.04947208e-08 
 1.79525422e-09  1.20000000e+00  1.20000000e+00  2.04947178e-08 
 1.80525422e-09  1.20000000e+00  1.20000000e+00  2.04947201e-08 
 1.81525422e-09  1.20000000e+00  1.20000000e+00  2.04947181e-08 
 1.82525422e-09  1.20000000e+00  1.20000000e+00  2.04947197e-08 
 1.83525422e-09  1.20000000e+00  1.20000000e+00  2.04947186e-08 
 1.84525422e-09  1.20000000e+00  1.20000000e+00  2.04947194e-08 
 1.85525422e-09  1.20000000e+00  1.20000000e+00  2.04947186e-08 
 1.86525422e-09  1.20000000e+00  1.20000000e+00  2.04947191e-08 
 1.87525422e-09  1.20000000e+00  1.20000000e+00  2.04947190e-08 
 1.88525422e-09  1.20000000e+00  1.20000000e+00  2.04947190e-08 
 1.89525422e-09  1.20000000e+00  1.20000000e+00  2.04947190e-08 
 1.90525422e-09  1.20000000e+00  1.20000000e+00  2.04947195e-08 
 1.91525422e-09  1.20000000e+00  1.20000000e+00  2.04947193e-08 
 1.92525422e-09  1.20000000e+00  1.20000000e+00  2.04947195e-08 
 1.93525422e-09  1.20000000e+00  1.20000000e+00  2.04947193e-08 
 1.94525422e-09  1.20000000e+00  1.20000000e+00  2.04947192e-08 
 1.95525422e-09  1.20000000e+00  1.20000000e+00  2.04947192e-08 
 1.96525422e-09  1.20000000e+00  1.20000000e+00  2.04947193e-08 
 1.97525422e-09  1.20000000e+00  1.20000000e+00  2.04947192e-08 
 1.98525422e-09  1.20000000e+00  1.20000000e+00  2.04947193e-08 
 1.99525422e-09  1.20000000e+00  1.20000000e+00  2.04947192e-08 
 2.00525422e-09  1.20000000e+00  1.20000000e+00  2.04947192e-08 
 2.01525422e-09  1.20000000e+00  1.20000000e+00  2.04947191e-08 
 2.02525422e-09  1.20000000e+00  1.20000000e+00  2.04947192e-08 
 2.03525422e-09  1.20000000e+00  1.20000000e+00  2.04947190e-08 
 2.04525422e-09  1.20000000e+00  1.20000000e+00  2.04947188e-08 
 2.05525422e-09  1.20000000e+00  1.20000000e+00  2.04947189e-08 
 2.06525422e-09  1.20000000e+00  1.20000000e+00  2.04947189e-08 
 2.07525422e-09  1.20000000e+00  1.20000000e+00  2.04947190e-08 
 2.08525422e-09  1.20000000e+00  1.20000000e+00  2.04947192e-08 
 2.09525422e-09  1.20000000e+00  1.20000000e+00  2.04947190e-08 
 2.10525422e-09  1.20000000e+00  1.20000000e+00  2.04947189e-08 
 2.11525422e-09  1.20000000e+00  1.20000000e+00  2.04947192e-08 
 2.12525422e-09  1.20000000e+00  1.20000000e+00  2.04947194e-08 
 2.13525422e-09  1.20000000e+00  1.20000000e+00  2.04947194e-08 
 2.14525422e-09  1.20000000e+00  1.20000000e+00  2.04947194e-08 
 2.15525422e-09  1.20000000e+00  1.20000000e+00  2.04947195e-08 
 2.16525422e-09  1.20000000e+00  1.20000000e+00  2.04947194e-08 
 2.17525422e-09  1.20000000e+00  1.20000000e+00  2.04947195e-08 
 2.18525422e-09  1.20000000e+00  1.20000000e+00  2.04947194e-08 
 2.19525422e-09  1.20000000e+00  1.20000000e+00  2.04947195e-08 
 2.20000000e-09  1.20000000e+00  1.20000000e+00  2.04947194e-08 
 2.20000293e-09  1.19996481e+00  1.20000000e+00 -1.88838721e-05 
 2.20000880e-09  1.19989443e+00  1.20000000e+00 -5.66939732e-05 
 2.20002053e-09  1.19975368e+00  1.20000000e+00 -1.32321778e-04 
 2.20004399e-09  1.19947217e+00  1.20000000e+00 -2.83602195e-04 
 2.20009090e-09  1.19890915e+00  1.20000000e+00 -5.86218391e-04 
 2.20018474e-09  1.19778310e+00  1.20000000e+00 -1.19134701e-03 
 2.20037242e-09  1.19553102e+00  1.20000000e+00 -2.39894757e-03 
 2.20074776e-09  1.19102685e+00  1.20000000e+00 -4.79008490e-03 
 2.20149846e-09  1.18201851e+00  1.20000000e+00 -9.41425947e-03 
 2.20239077e-09  1.17131077e+00  1.20000000e+00 -1.45708839e-02 
 2.20357663e-09  1.15708045e+00  1.20000000e+00 -2.08223693e-02 
 2.20508995e-09  1.13892066e+00  1.20000000e+00 -2.78734839e-02 
 2.20751416e-09  1.10983008e+00  1.20000000e+00 -3.73324527e-02 
 2.21016953e-09  1.07796561e+00  1.20000000e+00 -4.55859887e-02 
 2.21295168e-09  1.04457989e+00  1.20000000e+00 -5.24288946e-02 
 2.21585044e-09  1.00979466e+00  1.20000000e+00 -5.80963630e-02 
 2.21902329e-09  9.71720503e-01  1.20000000e+00 -6.30643243e-02 
 2.22238244e-09  9.31410716e-01  1.20000000e+00 -6.73404085e-02 
 2.22602680e-09  8.87678448e-01  1.20000000e+00 -7.12265312e-02 
 2.22995953e-09  8.40485630e-01  1.20000000e+00 -7.48651016e-02 
 2.23327271e-09  8.00727527e-01  1.20000000e+00 -7.75767078e-02 
 2.23496000e-09  7.80480039e-01  1.20000000e+00 -7.87873468e-02 
 2.23646578e-09  7.62410685e-01  1.20000000e+00 -7.96689141e-02 
 2.23806435e-09  7.43227779e-01  1.20000000e+00 -8.02733174e-02 
 2.23969937e-09  7.23607513e-01  1.20000000e+00 -8.03720873e-02 
 2.24156554e-09  7.01213564e-01  1.20000000e+00 -7.95818250e-02 
 2.24325408e-09  6.80951072e-01  1.20000000e+00 -7.77892284e-02 
 2.24505380e-09  6.59354392e-01  1.20000000e+00 -7.44590329e-02 
 2.24670814e-09  6.39502297e-01  1.20000000e+00 -6.98607535e-02 
 2.24845801e-09  6.18503878e-01  1.20000000e+00 -6.31215755e-02 
 2.25008644e-09  5.98962715e-01  1.20000000e+00 -5.48769689e-02 
 2.25176475e-09  5.78823057e-01  1.20000000e+00 -4.41167898e-02 
 2.25330967e-09  5.60283994e-01  1.20000000e+00 -3.19255362e-02 
 2.25483858e-09  5.41936986e-01  1.20000000e+00 -1.74143896e-02 
 2.25621849e-09  5.25378168e-01  1.20000000e+00 -1.95113000e-03 
 2.25740049e-09  5.11194114e-01  1.20000000e+00  1.33204796e-02 
 2.25847583e-09  4.98290042e-01  1.20000000e+00  2.90501967e-02 
 2.25953155e-09  4.85621397e-01  1.20000000e+00  4.63959106e-02 
 2.26066640e-09  4.72003210e-01  1.20000000e+00  6.73517282e-02 
 2.26179115e-09  4.58506235e-01  1.20000000e+00  9.06496903e-02 
 2.26307369e-09  4.43115759e-01  1.20000000e+00  1.20466468e-01 
 2.26439970e-09  4.27203570e-01  1.20000000e+00  1.55085334e-01 
 2.26573773e-09  4.11147253e-01  1.20000000e+00  1.94015694e-01 
 2.26716568e-09  3.94011807e-01  1.20000000e+00  2.40029998e-01 
 2.26891786e-09  3.72985679e-01  1.20000000e+00  3.02784742e-01 
 2.27072264e-09  3.51328279e-01  1.20000000e+00  3.74587956e-01 
 2.27228766e-09  3.32548076e-01  1.20000000e+00  4.42594359e-01 
 2.27368739e-09  3.15751371e-01  1.20000000e+00  5.07745815e-01 
 2.27495849e-09  3.00498163e-01  1.20000000e+00  5.70221018e-01 
 2.27606514e-09  2.87218365e-01  1.20000000e+00  6.26933315e-01 
 2.27691567e-09  2.77011990e-01  1.20000000e+00  6.71793678e-01 
 2.27760829e-09  2.68700541e-01  1.20000000e+00  7.08987613e-01 
 2.27825017e-09  2.60997912e-01  1.20000000e+00  7.43841782e-01 
 2.27887377e-09  2.53514791e-01  1.20000000e+00  7.77902986e-01 
 2.27947081e-09  2.46350314e-01  1.20000000e+00  8.10530757e-01 
 2.28003608e-09  2.39567075e-01  1.20000000e+00  8.41258558e-01 
 2.28057446e-09  2.33106438e-01  1.20000000e+00  8.70190930e-01 
 2.28109501e-09  2.26859915e-01  1.20000000e+00  8.97663310e-01 
 2.28160632e-09  2.20724127e-01  1.20000000e+00  9.23972441e-01 
 2.28215307e-09  2.14163143e-01  1.20000000e+00  9.51130546e-01 
 2.28266298e-09  2.08044258e-01  1.20000000e+00  9.75342771e-01 
 2.28319904e-09  2.01611469e-01  1.20000000e+00  9.99418900e-01 
 2.28372581e-09  1.95290338e-01  1.20000000e+00  1.02152005e+00 
 2.28430289e-09  1.88365360e-01  1.20000000e+00  1.04379060e+00 
 2.28492125e-09  1.80945031e-01  1.20000000e+00  1.06527616e+00 
 2.28568954e-09  1.71725510e-01  1.20000000e+00  1.08849071e+00 
 2.28633374e-09  1.63995151e-01  1.20000000e+00  1.10505546e+00 
 2.28682644e-09  1.58082752e-01  1.20000000e+00  1.11603957e+00 
 2.28733527e-09  1.51976803e-01  1.20000000e+00  1.12596960e+00 
 2.28789236e-09  1.45291682e-01  1.20000000e+00  1.13534198e+00 
 2.28853262e-09  1.37608537e-01  1.20000000e+00  1.14439282e+00 
 2.28912047e-09  1.30554303e-01  1.20000000e+00  1.15128396e+00 
 2.28974931e-09  1.23008284e-01  1.20000000e+00  1.15738015e+00 
 2.29034908e-09  1.15811061e-01  1.20000000e+00  1.16215249e+00 
 2.29100877e-09  1.07894780e-01  1.20000000e+00  1.16642868e+00 
 2.29166256e-09  1.00049299e-01  1.20000000e+00  1.16983653e+00 
 2.29238353e-09  9.13976758e-02  1.20000000e+00  1.17282505e+00 
 2.29311711e-09  8.25946995e-02  1.20000000e+00  1.17520570e+00 
 2.29393040e-09  7.28352525e-02  1.20000000e+00  1.17724353e+00 
 2.29477872e-09  6.26554130e-02  1.20000000e+00  1.17885546e+00 
 2.29572789e-09  5.12653616e-02  1.20000000e+00  1.18020229e+00 
 2.29674354e-09  3.90774888e-02  1.20000000e+00  1.18125985e+00 
 2.29789730e-09  2.52323432e-02  1.20000000e+00  1.18213165e+00 
 2.29916954e-09  9.96549110e-03  1.20000000e+00  1.18282454e+00 
 2.30000000e-09  0.00000000e+00  1.20000000e+00  1.18317298e+00 
 2.30000625e-09  0.00000000e+00  1.20000000e+00  1.18321809e+00 
 2.30001876e-09  0.00000000e+00  1.20000000e+00  1.18330806e+00 
 2.30004377e-09  0.00000000e+00  1.20000000e+00  1.18348655e+00 
 2.30009379e-09  0.00000000e+00  1.20000000e+00  1.18383790e+00 
 2.30019384e-09  0.00000000e+00  1.20000000e+00  1.18451866e+00 
 2.30039393e-09  0.00000000e+00  1.20000000e+00  1.18579681e+00 
 2.30079412e-09  0.00000000e+00  1.20000000e+00  1.18805187e+00 
 2.30137088e-09  0.00000000e+00  1.20000000e+00  1.19069712e+00 
 2.30201094e-09  0.00000000e+00  1.20000000e+00  1.19295866e+00 
 2.30267488e-09  0.00000000e+00  1.20000000e+00  1.19472870e+00 
 2.30339101e-09  0.00000000e+00  1.20000000e+00  1.19614509e+00 
 2.30417490e-09  0.00000000e+00  1.20000000e+00  1.19726538e+00 
 2.30504309e-09  0.00000000e+00  1.20000000e+00  1.19813242e+00 
 2.30601253e-09  0.00000000e+00  1.20000000e+00  1.19878184e+00 
 2.30710856e-09  0.00000000e+00  1.20000000e+00  1.19925023e+00 
 2.30836483e-09  0.00000000e+00  1.20000000e+00  1.19957168e+00 
 2.30983212e-09  0.00000000e+00  1.20000000e+00  1.19977873e+00 
 2.31158406e-09  0.00000000e+00  1.20000000e+00  1.19990072e+00 
 2.31373941e-09  0.00000000e+00  1.20000000e+00  1.19996404e+00 
 2.31649601e-09  0.00000000e+00  1.20000000e+00  1.19999098e+00 
 2.32022265e-09  0.00000000e+00  1.20000000e+00  1.19999905e+00 
 2.32568323e-09  0.00000000e+00  1.20000000e+00  1.20000008e+00 
 2.33478290e-09  0.00000000e+00  1.20000000e+00  1.19999997e+00 
 2.34478290e-09  0.00000000e+00  1.20000000e+00  1.20000001e+00 
 2.35478290e-09  0.00000000e+00  1.20000000e+00  1.19999999e+00 
 2.36478290e-09  0.00000000e+00  1.20000000e+00  1.20000000e+00 
 2.37478290e-09  0.00000000e+00  1.20000000e+00  1.20000000e+00 
 2.38478290e-09  0.00000000e+00  1.20000000e+00  1.20000000e+00 
 2.39478290e-09  0.00000000e+00  1.20000000e+00  1.20000000e+00 
 2.40478290e-09  0.00000000e+00  1.20000000e+00  1.20000000e+00 
 2.41478290e-09  0.00000000e+00  1.20000000e+00  1.20000000e+00 
 2.42478290e-09  0.00000000e+00  1.20000000e+00  1.20000000e+00 
 2.43478290e-09  0.00000000e+00  1.20000000e+00  1.20000000e+00 
 2.44478290e-09  0.00000000e+00  1.20000000e+00  1.20000000e+00 
 2.45478290e-09  0.00000000e+00  1.20000000e+00  1.20000000e+00 
 2.46478290e-09  0.00000000e+00  1.20000000e+00  1.20000000e+00 
 2.47478290e-09  0.00000000e+00  1.20000000e+00  1.20000000e+00 
 2.48478290e-09  0.00000000e+00  1.20000000e+00  1.20000000e+00 
 2.49478290e-09  0.00000000e+00  1.20000000e+00  1.20000000e+00 
 2.50478290e-09  0.00000000e+00  1.20000000e+00  1.20000000e+00 
 2.51478290e-09  0.00000000e+00  1.20000000e+00  1.20000000e+00 
 2.52478290e-09  0.00000000e+00  1.20000000e+00  1.20000000e+00 
 2.53478290e-09  0.00000000e+00  1.20000000e+00  1.20000000e+00 
 2.54478290e-09  0.00000000e+00  1.20000000e+00  1.20000000e+00 
 2.55478290e-09  0.00000000e+00  1.20000000e+00  1.20000000e+00 
 2.56478290e-09  0.00000000e+00  1.20000000e+00  1.20000000e+00 
 2.57478290e-09  0.00000000e+00  1.20000000e+00  1.20000000e+00 
 2.58478290e-09  0.00000000e+00  1.20000000e+00  1.20000000e+00 
 2.59478290e-09  0.00000000e+00  1.20000000e+00  1.20000000e+00 
 2.60478290e-09  0.00000000e+00  1.20000000e+00  1.20000000e+00 
 2.61478290e-09  0.00000000e+00  1.20000000e+00  1.20000000e+00 
 2.62478290e-09  0.00000000e+00  1.20000000e+00  1.20000000e+00 
 2.63478290e-09  0.00000000e+00  1.20000000e+00  1.20000000e+00 
 2.64478290e-09  0.00000000e+00  1.20000000e+00  1.20000000e+00 
 2.65478290e-09  0.00000000e+00  1.20000000e+00  1.20000000e+00 
 2.66478290e-09  0.00000000e+00  1.20000000e+00  1.20000000e+00 
 2.67478290e-09  0.00000000e+00  1.20000000e+00  1.20000000e+00 
 2.68478290e-09  0.00000000e+00  1.20000000e+00  1.20000000e+00 
 2.69478290e-09  0.00000000e+00  1.20000000e+00  1.20000000e+00 
 2.70478290e-09  0.00000000e+00  1.20000000e+00  1.20000000e+00 
 2.71478290e-09  0.00000000e+00  1.20000000e+00  1.20000000e+00 
 2.72478290e-09  0.00000000e+00  1.20000000e+00  1.20000000e+00 
 2.73478290e-09  0.00000000e+00  1.20000000e+00  1.20000000e+00 
 2.74478290e-09  0.00000000e+00  1.20000000e+00  1.20000000e+00 
 2.75478290e-09  0.00000000e+00  1.20000000e+00  1.20000000e+00 
 2.76478290e-09  0.00000000e+00  1.20000000e+00  1.20000000e+00 
 2.77478290e-09  0.00000000e+00  1.20000000e+00  1.20000000e+00 
 2.78478290e-09  0.00000000e+00  1.20000000e+00  1.20000000e+00 
 2.79478290e-09  0.00000000e+00  1.20000000e+00  1.20000000e+00 
 2.80478290e-09  0.00000000e+00  1.20000000e+00  1.20000000e+00 
 2.81478290e-09  0.00000000e+00  1.20000000e+00  1.20000000e+00 
 2.82478290e-09  0.00000000e+00  1.20000000e+00  1.20000000e+00 
 2.83478290e-09  0.00000000e+00  1.20000000e+00  1.20000000e+00 
 2.84478290e-09  0.00000000e+00  1.20000000e+00  1.20000000e+00 
 2.85478290e-09  0.00000000e+00  1.20000000e+00  1.20000000e+00 
 2.86478290e-09  0.00000000e+00  1.20000000e+00  1.20000000e+00 
 2.87478290e-09  0.00000000e+00  1.20000000e+00  1.20000000e+00 
 2.88478290e-09  0.00000000e+00  1.20000000e+00  1.20000000e+00 
 2.89478290e-09  0.00000000e+00  1.20000000e+00  1.20000000e+00 
 2.90478290e-09  0.00000000e+00  1.20000000e+00  1.20000000e+00 
 2.91478290e-09  0.00000000e+00  1.20000000e+00  1.20000000e+00 
 2.92478290e-09  0.00000000e+00  1.20000000e+00  1.20000000e+00 
 2.93478290e-09  0.00000000e+00  1.20000000e+00  1.20000000e+00 
 2.94478290e-09  0.00000000e+00  1.20000000e+00  1.20000000e+00 
 2.95478290e-09  0.00000000e+00  1.20000000e+00  1.20000000e+00 
 2.96478290e-09  0.00000000e+00  1.20000000e+00  1.20000000e+00 
 2.97478290e-09  0.00000000e+00  1.20000000e+00  1.20000000e+00 
 2.98478290e-09  0.00000000e+00  1.20000000e+00  1.20000000e+00 
 2.99478290e-09  0.00000000e+00  1.20000000e+00  1.20000000e+00 
 3.00478290e-09  0.00000000e+00  1.20000000e+00  1.20000000e+00 
 3.01478290e-09  0.00000000e+00  1.20000000e+00  1.20000000e+00 
 3.02478290e-09  0.00000000e+00  1.20000000e+00  1.20000000e+00 
 3.03478290e-09  0.00000000e+00  1.20000000e+00  1.20000000e+00 
 3.04478290e-09  0.00000000e+00  1.20000000e+00  1.20000000e+00 
 3.05478290e-09  0.00000000e+00  1.20000000e+00  1.20000000e+00 
 3.06478290e-09  0.00000000e+00  1.20000000e+00  1.20000000e+00 
 3.07478290e-09  0.00000000e+00  1.20000000e+00  1.20000000e+00 
 3.08478290e-09  0.00000000e+00  1.20000000e+00  1.20000000e+00 
 3.09478290e-09  0.00000000e+00  1.20000000e+00  1.20000000e+00 
 3.10478290e-09  0.00000000e+00  1.20000000e+00  1.20000000e+00 
 3.11478290e-09  0.00000000e+00  1.20000000e+00  1.20000000e+00 
 3.12478290e-09  0.00000000e+00  1.20000000e+00  1.20000000e+00 
 3.13478290e-09  0.00000000e+00  1.20000000e+00  1.20000000e+00 
 3.14478290e-09  0.00000000e+00  1.20000000e+00  1.20000000e+00 
 3.15478290e-09  0.00000000e+00  1.20000000e+00  1.20000000e+00 
 3.16478290e-09  0.00000000e+00  1.20000000e+00  1.20000000e+00 
 3.17478290e-09  0.00000000e+00  1.20000000e+00  1.20000000e+00 
 3.18478290e-09  0.00000000e+00  1.20000000e+00  1.20000000e+00 
 3.19478290e-09  0.00000000e+00  1.20000000e+00  1.20000000e+00 
 3.20000000e-09  0.00000000e+00  1.20000000e+00  1.20000000e+00 
 3.20000179e-09  0.00000000e+00  1.19997854e+00  1.19999226e+00 
 3.20000537e-09  0.00000000e+00  1.19993562e+00  1.19997681e+00 
 3.20001252e-09  0.00000000e+00  1.19984978e+00  1.19994598e+00 
 3.20002683e-09  0.00000000e+00  1.19967810e+00  1.19988460e+00 
 3.20005544e-09  0.00000000e+00  1.19933474e+00  1.19976298e+00 
 3.20011267e-09  0.00000000e+00  1.19864801e+00  1.19952421e+00 
 3.20022712e-09  0.00000000e+00  1.19727456e+00  1.19906405e+00 
 3.20045603e-09  0.00000000e+00  1.19452767e+00  1.19820901e+00 
 3.20091384e-09  0.00000000e+00  1.18903388e+00  1.19673043e+00 
 3.20161177e-09  0.00000000e+00  1.18065873e+00  1.19496523e+00 
 3.20226290e-09  0.00000000e+00  1.17284516e+00  1.19373798e+00 
 3.20306580e-09  0.00000000e+00  1.16321043e+00  1.19262815e+00 
 3.20388648e-09  0.00000000e+00  1.15336220e+00  1.19182970e+00 
 3.20492372e-09  0.00000000e+00  1.14091542e+00  1.19114883e+00 
 3.20599009e-09  0.00000000e+00  1.12811897e+00  1.19070467e+00 
 3.20731912e-09  0.00000000e+00  1.11217051e+00  1.19037054e+00 
 3.20875943e-09  0.00000000e+00  1.09488689e+00  1.19017037e+00 
 3.21061384e-09  0.00000000e+00  1.07263394e+00  1.19003954e+00 
 3.21275426e-09  0.00000000e+00  1.04694889e+00  1.18997276e+00 
 3.21583342e-09  0.00000000e+00  1.00999896e+00  1.18993437e+00 
 3.21999045e-09  0.00000000e+00  9.60114575e-01  1.18991388e+00 
 3.22687564e-09  0.00000000e+00  8.77492283e-01  1.18989345e+00 
 3.23106190e-09  0.00000000e+00  8.27257248e-01  1.18987538e+00 
 3.23443437e-09  0.00000000e+00  7.86787555e-01  1.18987500e+00 
 3.23847310e-09  0.00000000e+00  7.38322759e-01  1.18999803e+00 
 3.24275211e-09  0.00000000e+00  6.86974631e-01  1.19035131e+00 
 3.24688223e-09  0.00000000e+00  6.37413204e-01  1.19083191e+00 
 3.25128067e-09  0.00000000e+00  5.84632011e-01  1.19136590e+00 
 3.25511872e-09  0.00000000e+00  5.38575347e-01  1.19180218e+00 
 3.25851907e-09  0.00000000e+00  4.97771107e-01  1.19215310e+00 
 3.26174771e-09  0.00000000e+00  4.59027442e-01  1.19245502e+00 
 3.26501683e-09  0.00000000e+00  4.19798043e-01  1.19273188e+00 
 3.26849614e-09  0.00000000e+00  3.78046365e-01  1.19299728e+00 
 3.27250212e-09  0.00000000e+00  3.29974553e-01  1.19326998e+00 
 3.27456151e-09  0.00000000e+00  3.05261881e-01  1.19339819e+00 
 3.27693766e-09  0.00000000e+00  2.76748050e-01  1.19353697e+00 
 3.28012166e-09  0.00000000e+00  2.38540118e-01  1.19370897e+00 
 3.28306241e-09  0.00000000e+00  2.03251038e-01  1.19385501e+00 
 3.28661761e-09  0.00000000e+00  1.60588682e-01  1.19401697e+00 
 3.29001300e-09  0.00000000e+00  1.19843943e-01  1.19415826e+00 
 3.29424513e-09  0.00000000e+00  6.90584775e-02  1.19431788e+00 
 3.29872540e-09  0.00000000e+00  1.52952357e-02  1.19447697e+00 
 3.30000000e-09  0.00000000e+00  3.99680289e-15  1.19451520e+00 
 3.30000200e-09  0.00000000e+00  0.00000000e+00  1.19452487e+00 
 3.30000601e-09  0.00000000e+00  0.00000000e+00  1.19454419e+00 
 3.30001402e-09  0.00000000e+00  0.00000000e+00  1.19458262e+00 
 3.30003004e-09  0.00000000e+00  0.00000000e+00  1.19465868e+00 
 3.30006207e-09  0.00000000e+00  0.00000000e+00  1.19480761e+00 
 3.30012615e-09  0.00000000e+00  0.00000000e+00  1.19509320e+00 
 3.30025430e-09  0.00000000e+00  0.00000000e+00  1.19561852e+00 
 3.30051061e-09  0.00000000e+00  0.00000000e+00  1.19650898e+00 
 3.30102321e-09  0.00000000e+00  0.00000000e+00  1.19779651e+00 
 3.30173698e-09  0.00000000e+00  0.00000000e+00  1.19884978e+00 
 3.30248284e-09  0.00000000e+00  0.00000000e+00  1.19941513e+00 
 3.30338656e-09  0.00000000e+00  0.00000000e+00  1.19974221e+00 
 3.30445157e-09  0.00000000e+00  0.00000000e+00  1.19989898e+00 
 3.30590870e-09  0.00000000e+00  0.00000000e+00  1.19996769e+00 
 3.30783185e-09  0.00000000e+00  0.00000000e+00  1.19998502e+00 
 3.31081366e-09  0.00000000e+00  0.00000000e+00  1.19998680e+00 
 3.31574846e-09  0.00000000e+00  0.00000000e+00  1.19998668e+00 
 3.32561806e-09  0.00000000e+00  0.00000000e+00  1.19998711e+00 
 3.33561806e-09  0.00000000e+00  0.00000000e+00  1.19998733e+00 
 3.34561806e-09  0.00000000e+00  0.00000000e+00  1.19998766e+00 
 3.35561806e-09  0.00000000e+00  0.00000000e+00  1.19998790e+00 
 3.36561806e-09  0.00000000e+00  0.00000000e+00  1.19998818e+00 
 3.37561806e-09  0.00000000e+00  0.00000000e+00  1.19998841e+00 
 3.38561806e-09  0.00000000e+00  0.00000000e+00  1.19998866e+00 
 3.39561806e-09  0.00000000e+00  0.00000000e+00  1.19998888e+00 
 3.40561806e-09  0.00000000e+00  0.00000000e+00  1.19998910e+00 
 3.41561806e-09  0.00000000e+00  0.00000000e+00  1.19998931e+00 
 3.42561806e-09  0.00000000e+00  0.00000000e+00  1.19998952e+00 
 3.43561806e-09  0.00000000e+00  0.00000000e+00  1.19998971e+00 
 3.44561806e-09  0.00000000e+00  0.00000000e+00  1.19998990e+00 
 3.45561806e-09  0.00000000e+00  0.00000000e+00  1.19999008e+00 
 3.46561806e-09  0.00000000e+00  0.00000000e+00  1.19999026e+00 
 3.47561806e-09  0.00000000e+00  0.00000000e+00  1.19999042e+00 
 3.48561806e-09  0.00000000e+00  0.00000000e+00  1.19999059e+00 
 3.49561806e-09  0.00000000e+00  0.00000000e+00  1.19999075e+00 
 3.50561806e-09  0.00000000e+00  0.00000000e+00  1.19999090e+00 
 3.51561806e-09  0.00000000e+00  0.00000000e+00  1.19999105e+00 
 3.52561806e-09  0.00000000e+00  0.00000000e+00  1.19999119e+00 
 3.53561806e-09  0.00000000e+00  0.00000000e+00  1.19999133e+00 
 3.54561806e-09  0.00000000e+00  0.00000000e+00  1.19999146e+00 
 3.55561806e-09  0.00000000e+00  0.00000000e+00  1.19999159e+00 
 3.56561806e-09  0.00000000e+00  0.00000000e+00  1.19999172e+00 
 3.57561806e-09  0.00000000e+00  0.00000000e+00  1.19999184e+00 
 3.58561806e-09  0.00000000e+00  0.00000000e+00  1.19999196e+00 
 3.59561806e-09  0.00000000e+00  0.00000000e+00  1.19999207e+00 
 3.60561806e-09  0.00000000e+00  0.00000000e+00  1.19999219e+00 
 3.61561806e-09  0.00000000e+00  0.00000000e+00  1.19999230e+00 
 3.62561806e-09  0.00000000e+00  0.00000000e+00  1.19999240e+00 
 3.63561806e-09  0.00000000e+00  0.00000000e+00  1.19999251e+00 
 3.64561806e-09  0.00000000e+00  0.00000000e+00  1.19999261e+00 
 3.65561806e-09  0.00000000e+00  0.00000000e+00  1.19999270e+00 
 3.66561806e-09  0.00000000e+00  0.00000000e+00  1.19999280e+00 
 3.67561806e-09  0.00000000e+00  0.00000000e+00  1.19999289e+00 
 3.68561806e-09  0.00000000e+00  0.00000000e+00  1.19999298e+00 
 3.69561806e-09  0.00000000e+00  0.00000000e+00  1.19999307e+00 
 3.70561806e-09  0.00000000e+00  0.00000000e+00  1.19999316e+00 
 3.71561806e-09  0.00000000e+00  0.00000000e+00  1.19999324e+00 
 3.72561806e-09  0.00000000e+00  0.00000000e+00  1.19999332e+00 
 3.73561806e-09  0.00000000e+00  0.00000000e+00  1.19999340e+00 
 3.74561806e-09  0.00000000e+00  0.00000000e+00  1.19999348e+00 
 3.75561806e-09  0.00000000e+00  0.00000000e+00  1.19999356e+00 
 3.76561806e-09  0.00000000e+00  0.00000000e+00  1.19999363e+00 
 3.77561806e-09  0.00000000e+00  0.00000000e+00  1.19999370e+00 
 3.78561806e-09  0.00000000e+00  0.00000000e+00  1.19999378e+00 
 3.79561806e-09  0.00000000e+00  0.00000000e+00  1.19999385e+00 
 3.80561806e-09  0.00000000e+00  0.00000000e+00  1.19999391e+00 
 3.81561806e-09  0.00000000e+00  0.00000000e+00  1.19999398e+00 
 3.82561806e-09  0.00000000e+00  0.00000000e+00  1.19999404e+00 
 3.83561806e-09  0.00000000e+00  0.00000000e+00  1.19999411e+00 
 3.84561806e-09  0.00000000e+00  0.00000000e+00  1.19999417e+00 
 3.85561806e-09  0.00000000e+00  0.00000000e+00  1.19999423e+00 
 3.86561806e-09  0.00000000e+00  0.00000000e+00  1.19999429e+00 
 3.87561806e-09  0.00000000e+00  0.00000000e+00  1.19999435e+00 
 3.88561806e-09  0.00000000e+00  0.00000000e+00  1.19999441e+00 
 3.89561806e-09  0.00000000e+00  0.00000000e+00  1.19999446e+00 
 3.90561806e-09  0.00000000e+00  0.00000000e+00  1.19999452e+00 
 3.91561806e-09  0.00000000e+00  0.00000000e+00  1.19999457e+00 
 3.92561806e-09  0.00000000e+00  0.00000000e+00  1.19999463e+00 
 3.93561806e-09  0.00000000e+00  0.00000000e+00  1.19999468e+00 
 3.94561806e-09  0.00000000e+00  0.00000000e+00  1.19999473e+00 
 3.95561806e-09  0.00000000e+00  0.00000000e+00  1.19999478e+00 
 3.96561806e-09  0.00000000e+00  0.00000000e+00  1.19999483e+00 
 3.97561806e-09  0.00000000e+00  0.00000000e+00  1.19999488e+00 
 3.98561806e-09  0.00000000e+00  0.00000000e+00  1.19999492e+00 
 3.99561806e-09  0.00000000e+00  0.00000000e+00  1.19999497e+00 
 4.00000000e-09  0.00000000e+00  0.00000000e+00  1.19999499e+00 
