 time            v(in1)          v(in2)          v(out)         
 0.00000000e+00  0.00000000e+00  0.00000000e+00  1.19999999e+00 
 1.00000000e-13  0.00000000e+00  0.00000000e+00  1.19999999e+00 
 2.00000000e-13  0.00000000e+00  0.00000000e+00  1.19999999e+00 
 4.00000000e-13  0.00000000e+00  0.00000000e+00  1.19999999e+00 
 8.00000000e-13  0.00000000e+00  0.00000000e+00  1.19999999e+00 
 1.60000000e-12  0.00000000e+00  0.00000000e+00  1.19999999e+00 
 3.20000000e-12  0.00000000e+00  0.00000000e+00  1.19999999e+00 
 6.40000000e-12  0.00000000e+00  0.00000000e+00  1.19999999e+00 
 1.28000000e-11  0.00000000e+00  0.00000000e+00  1.19999999e+00 
 2.28000000e-11  0.00000000e+00  0.00000000e+00  1.19999999e+00 
 3.28000000e-11  0.00000000e+00  0.00000000e+00  1.19999999e+00 
 4.28000000e-11  0.00000000e+00  0.00000000e+00  1.19999999e+00 
 5.28000000e-11  0.00000000e+00  0.00000000e+00  1.19999999e+00 
 6.28000000e-11  0.00000000e+00  0.00000000e+00  1.19999999e+00 
 7.28000000e-11  0.00000000e+00  0.00000000e+00  1.19999999e+00 
 8.28000000e-11  0.00000000e+00  0.00000000e+00  1.19999999e+00 
 9.28000000e-11  0.00000000e+00  0.00000000e+00  1.19999999e+00 
 1.00000000e-10  0.00000000e+00  0.00000000e+00  1.19999999e+00 
 1.00008367e-10  1.00408583e-04  0.00000000e+00  1.20006688e+00 
 1.00025102e-10  3.01225749e-04  0.00000000e+00  1.20020055e+00 
 1.00058572e-10  7.02860082e-04  0.00000000e+00  1.20046722e+00 
 1.00125511e-10  1.50612875e-03  0.00000000e+00  1.20099770e+00 
 1.00259389e-10  3.11266608e-03  0.00000000e+00  1.20204619e+00 
 1.00527145e-10  6.32574074e-03  0.00000000e+00  1.20408711e+00 
 1.01062658e-10  1.27518901e-02  0.00000000e+00  1.20791955e+00 
 1.02133682e-10  2.56041887e-02  0.00000000e+00  1.21456849e+00 
 1.03304215e-10  3.96505836e-02  0.00000000e+00  1.22042769e+00 
 1.04970252e-10  5.96430288e-02  0.00000000e+00  1.22677317e+00 
 1.06512757e-10  7.81530841e-02  0.00000000e+00  1.23105768e+00 
 1.08310766e-10  9.97291870e-02  0.00000000e+00  1.23471237e+00 
 1.10098082e-10  1.21176987e-01  0.00000000e+00  1.23733678e+00 
 1.12297880e-10  1.47574561e-01  0.00000000e+00  1.23966177e+00 
 1.14591973e-10  1.75103679e-01  0.00000000e+00  1.24139886e+00 
 1.17407376e-10  2.08888508e-01  0.00000000e+00  1.24298129e+00 
 1.20418458e-10  2.45021494e-01  0.00000000e+00  1.24432029e+00 
 1.24127061e-10  2.89524730e-01  0.00000000e+00  1.24578194e+00 
 1.28396263e-10  3.40755160e-01  0.00000000e+00  1.24744499e+00 
 1.30799638e-10  3.69595660e-01  0.00000000e+00  1.24841055e+00 
 1.32988612e-10  3.95863345e-01  0.00000000e+00  1.24925271e+00 
 1.35430427e-10  4.25165124e-01  0.00000000e+00  1.25000377e+00 
 1.38340592e-10  4.60087110e-01  0.00000000e+00  1.25031109e+00 
 1.41342847e-10  4.96114162e-01  0.00000000e+00  1.24949421e+00 
 1.44873278e-10  5.38479335e-01  0.00000000e+00  1.24636050e+00 
 1.48163131e-10  5.77957569e-01  0.00000000e+00  1.24067256e+00 
 1.50925417e-10  6.11105010e-01  0.00000000e+00  1.23329525e+00 
 1.53210001e-10  6.38520014e-01  0.00000000e+00  1.22496768e+00 
 1.55131542e-10  6.61578505e-01  0.00000000e+00  1.21603507e+00 
 1.56816884e-10  6.81802608e-01  0.00000000e+00  1.20641039e+00 
 1.58356448e-10  7.00277382e-01  0.00000000e+00  1.19582072e+00 
 1.59826205e-10  7.17914461e-01  0.00000000e+00  1.18376193e+00 
 1.61239076e-10  7.34868916e-01  0.00000000e+00  1.17004654e+00 
 1.62646803e-10  7.51761634e-01  0.00000000e+00  1.15402417e+00 
 1.64148061e-10  7.69776737e-01  0.00000000e+00  1.13408873e+00 
 1.65904484e-10  7.90853808e-01  0.00000000e+00  1.10678686e+00 
 1.67725518e-10  8.12706214e-01  0.00000000e+00  1.07385524e+00 
 1.69460129e-10  8.33521554e-01  0.00000000e+00  1.03816420e+00 
 1.71704398e-10  8.60452775e-01  0.00000000e+00  9.85890790e-01 
 1.74382380e-10  8.92588555e-01  0.00000000e+00  9.14743148e-01 
 1.76929493e-10  9.23153921e-01  0.00000000e+00  8.38431632e-01 
 1.78825197e-10  9.45902362e-01  0.00000000e+00  7.76318407e-01 
 1.80451754e-10  9.65421046e-01  0.00000000e+00  7.19550067e-01 
 1.81871549e-10  9.82458584e-01  0.00000000e+00  6.67515290e-01 
 1.83109713e-10  9.97316553e-01  0.00000000e+00  6.20390527e-01 
 1.84214138e-10  1.01056966e+00  0.00000000e+00  5.77128640e-01 
 1.85216791e-10  1.02260149e+00  0.00000000e+00  5.37002023e-01 
 1.86178630e-10  1.03414357e+00  0.00000000e+00  4.97919401e-01 
 1.87156623e-10  1.04587948e+00  0.00000000e+00  4.57812297e-01 
 1.88222109e-10  1.05866531e+00  0.00000000e+00  4.14037460e-01 
 1.89181871e-10  1.07018246e+00  0.00000000e+00  3.74903967e-01 
 1.90157056e-10  1.08188468e+00  0.00000000e+00  3.35893886e-01 
 1.91051999e-10  1.09262399e+00  0.00000000e+00  3.01195057e-01 
 1.91972772e-10  1.10367326e+00  0.00000000e+00  2.67070381e-01 
 1.92851674e-10  1.11422009e+00  0.00000000e+00  2.36402092e-01 
 1.93772226e-10  1.12526671e+00  0.00000000e+00  2.06671042e-01 
 1.94717012e-10  1.13660414e+00  0.00000000e+00  1.79013512e-01 
 1.95801701e-10  1.14962041e+00  0.00000000e+00  1.51063346e-01 
 1.97149278e-10  1.16579134e+00  0.00000000e+00  1.22012405e-01 
 1.98023761e-10  1.17628513e+00  0.00000000e+00  1.06380644e-01 
 1.98880840e-10  1.18657008e+00  0.00000000e+00  9.32946863e-02 
 2.00000000e-10  1.20000000e+00  0.00000000e+00  7.91533569e-02 
 2.00009239e-10  1.20000000e+00  0.00000000e+00  7.89755520e-02 
 2.00027717e-10  1.20000000e+00  0.00000000e+00  7.86207142e-02 
 2.00064672e-10  1.20000000e+00  0.00000000e+00  7.79155015e-02 
 2.00138584e-10  1.20000000e+00  0.00000000e+00  7.65224740e-02 
 2.00286406e-10  1.20000000e+00  0.00000000e+00  7.38048147e-02 
 2.00582052e-10  1.20000000e+00  0.00000000e+00  6.86337018e-02 
 2.01046894e-10  1.20000000e+00  0.00000000e+00  6.11794636e-02 
 2.01576343e-10  1.20000000e+00  0.00000000e+00  5.36164701e-02 
 2.02141190e-10  1.20000000e+00  0.00000000e+00  4.65273972e-02 
 2.02753893e-10  1.20000000e+00  0.00000000e+00  3.98557135e-02 
 2.03442419e-10  1.20000000e+00  0.00000000e+00  3.34589984e-02 
 2.04224650e-10  1.20000000e+00  0.00000000e+00  2.73975965e-02 
 2.05125736e-10  1.20000000e+00  0.00000000e+00  2.17360250e-02 
 2.06163908e-10  1.20000000e+00  0.00000000e+00  1.66243524e-02 
 2.07222488e-10  1.20000000e+00  0.00000000e+00  1.26369738e-02 
 2.08396421e-10  1.20000000e+00  0.00000000e+00  9.31302323e-03 
 2.09629895e-10  1.20000000e+00  0.00000000e+00  6.75312287e-03 
 2.11024278e-10  1.20000000e+00  0.00000000e+00  4.69015214e-03 
 2.12529259e-10  1.20000000e+00  0.00000000e+00  3.16068212e-03 
 2.14253633e-10  1.20000000e+00  0.00000000e+00  2.00618700e-03 
 2.16180370e-10  1.20000000e+00  0.00000000e+00  1.20426695e-03 
 2.18440391e-10  1.20000000e+00  0.00000000e+00  6.58367058e-04 
 2.21059038e-10  1.20000000e+00  0.00000000e+00  3.24527118e-04 
 2.24264891e-10  1.20000000e+00  0.00000000e+00  1.33894144e-04 
 2.28218279e-10  1.20000000e+00  0.00000000e+00  4.31189351e-05 
 2.33439256e-10  1.20000000e+00  0.00000000e+00  8.30044437e-06 
 2.40633017e-10  1.20000000e+00  0.00000000e+00  2.91786997e-07 
 2.50633017e-10  1.20000000e+00  0.00000000e+00 -3.19752711e-08 
 2.60633017e-10  1.20000000e+00  0.00000000e+00  9.92227096e-09 
 2.70633017e-10  1.20000000e+00  0.00000000e+00  4.50299552e-09 
 2.80633017e-10  1.20000000e+00  0.00000000e+00  5.20396117e-09 
 2.90633017e-10  1.20000000e+00  0.00000000e+00  5.11329359e-09 
 3.00633017e-10  1.20000000e+00  0.00000000e+00  5.12502131e-09 
 3.10633017e-10  1.20000000e+00  0.00000000e+00  5.12350418e-09 
 3.20633017e-10  1.20000000e+00  0.00000000e+00  5.12370039e-09 
 3.30633017e-10  1.20000000e+00  0.00000000e+00  5.12367498e-09 
 3.40633017e-10  1.20000000e+00  0.00000000e+00  5.12367836e-09 
 3.50633017e-10  1.20000000e+00  0.00000000e+00  5.12367785e-09 
 3.60633017e-10  1.20000000e+00  0.00000000e+00  5.12367790e-09 
 3.70633017e-10  1.20000000e+00  0.00000000e+00  5.12367795e-09 
 3.80633017e-10  1.20000000e+00  0.00000000e+00  5.12367800e-09 
 3.90633017e-10  1.20000000e+00  0.00000000e+00  5.12367795e-09 
 4.00633017e-10  1.20000000e+00  0.00000000e+00  5.12367795e-09 
 4.10633017e-10  1.20000000e+00  0.00000000e+00  5.12367805e-09 
 4.20633017e-10  1.20000000e+00  0.00000000e+00  5.12367800e-09 
 4.30633017e-10  1.20000000e+00  0.00000000e+00  5.12367785e-09 
 4.40633017e-10  1.20000000e+00  0.00000000e+00  5.12367800e-09 
 4.50633017e-10  1.20000000e+00  0.00000000e+00  5.12367790e-09 
 4.60633017e-10  1.20000000e+00  0.00000000e+00  5.12367800e-09 
 4.70633017e-10  1.20000000e+00  0.00000000e+00  5.12367790e-09 
 4.80633017e-10  1.20000000e+00  0.00000000e+00  5.12367800e-09 
 4.90633017e-10  1.20000000e+00  0.00000000e+00  5.12367790e-09 
 5.00633017e-10  1.20000000e+00  0.00000000e+00  5.12367800e-09 
 5.10633017e-10  1.20000000e+00  0.00000000e+00  5.12367790e-09 
 5.20633017e-10  1.20000000e+00  0.00000000e+00  5.12367800e-09 
 5.30633017e-10  1.20000000e+00  0.00000000e+00  5.12367790e-09 
 5.40633017e-10  1.20000000e+00  0.00000000e+00  5.12367800e-09 
 5.50633017e-10  1.20000000e+00  0.00000000e+00  5.12367790e-09 
 5.60633017e-10  1.20000000e+00  0.00000000e+00  5.12367800e-09 
 5.70633017e-10  1.20000000e+00  0.00000000e+00  5.12367795e-09 
 5.80633017e-10  1.20000000e+00  0.00000000e+00  5.12367800e-09 
 5.90633017e-10  1.20000000e+00  0.00000000e+00  5.12367800e-09 
 6.00633017e-10  1.20000000e+00  0.00000000e+00  5.12367800e-09 
 6.10633017e-10  1.20000000e+00  0.00000000e+00  5.12367800e-09 
 6.20633017e-10  1.20000000e+00  0.00000000e+00  5.12367800e-09 
 6.30633017e-10  1.20000000e+00  0.00000000e+00  5.12367800e-09 
 6.40633017e-10  1.20000000e+00  0.00000000e+00  5.12367800e-09 
 6.50633017e-10  1.20000000e+00  0.00000000e+00  5.12367800e-09 
 6.60633017e-10  1.20000000e+00  0.00000000e+00  5.12367800e-09 
 6.70633017e-10  1.20000000e+00  0.00000000e+00  5.12367800e-09 
 6.80633017e-10  1.20000000e+00  0.00000000e+00  5.12367800e-09 
 6.90633017e-10  1.20000000e+00  0.00000000e+00  5.12367800e-09 
 7.00633017e-10  1.20000000e+00  0.00000000e+00  5.12367800e-09 
 7.10633017e-10  1.20000000e+00  0.00000000e+00  5.12367800e-09 
 7.20633017e-10  1.20000000e+00  0.00000000e+00  5.12367800e-09 
 7.30633017e-10  1.20000000e+00  0.00000000e+00  5.12367800e-09 
 7.40633017e-10  1.20000000e+00  0.00000000e+00  5.12367800e-09 
 7.50633017e-10  1.20000000e+00  0.00000000e+00  5.12367800e-09 
 7.60633017e-10  1.20000000e+00  0.00000000e+00  5.12367800e-09 
 7.70633017e-10  1.20000000e+00  0.00000000e+00  5.12367800e-09 
 7.80633017e-10  1.20000000e+00  0.00000000e+00  5.12367800e-09 
 7.90633017e-10  1.20000000e+00  0.00000000e+00  5.12367800e-09 
 8.00633017e-10  1.20000000e+00  0.00000000e+00  5.12367800e-09 
 8.10633017e-10  1.20000000e+00  0.00000000e+00  5.12367800e-09 
 8.20633017e-10  1.20000000e+00  0.00000000e+00  5.12367800e-09 
 8.30633017e-10  1.20000000e+00  0.00000000e+00  5.12367800e-09 
 8.40633017e-10  1.20000000e+00  0.00000000e+00  5.12367800e-09 
 8.50633017e-10  1.20000000e+00  0.00000000e+00  5.12367800e-09 
 8.60633017e-10  1.20000000e+00  0.00000000e+00  5.12367800e-09 
 8.70633017e-10  1.20000000e+00  0.00000000e+00  5.12367800e-09 
 8.80633017e-10  1.20000000e+00  0.00000000e+00  5.12367800e-09 
 8.90633017e-10  1.20000000e+00  0.00000000e+00  5.12367800e-09 
 9.00633017e-10  1.20000000e+00  0.00000000e+00  5.12367800e-09 
 9.10633017e-10  1.20000000e+00  0.00000000e+00  5.12367800e-09 
 9.20633017e-10  1.20000000e+00  0.00000000e+00  5.12367800e-09 
 9.30633017e-10  1.20000000e+00  0.00000000e+00  5.12367800e-09 
 9.40633017e-10  1.20000000e+00  0.00000000e+00  5.12367800e-09 
 9.50633017e-10  1.20000000e+00  0.00000000e+00  5.12367800e-09 
 9.60633017e-10  1.20000000e+00  0.00000000e+00  5.12367800e-09 
 9.70633017e-10  1.20000000e+00  0.00000000e+00  5.12367800e-09 
 9.80633017e-10  1.20000000e+00  0.00000000e+00  5.12367800e-09 
 9.90633017e-10  1.20000000e+00  0.00000000e+00  5.12367800e-09 
 1.00063302e-09  1.20000000e+00  0.00000000e+00  5.12367800e-09 
 1.01063302e-09  1.20000000e+00  0.00000000e+00  5.12367800e-09 
 1.02063302e-09  1.20000000e+00  0.00000000e+00  5.12367800e-09 
 1.03063302e-09  1.20000000e+00  0.00000000e+00  5.12367800e-09 
 1.04063302e-09  1.20000000e+00  0.00000000e+00  5.12367800e-09 
 1.05063302e-09  1.20000000e+00  0.00000000e+00  5.12367800e-09 
 1.06063302e-09  1.20000000e+00  0.00000000e+00  5.12367800e-09 
 1.07063302e-09  1.20000000e+00  0.00000000e+00  5.12367800e-09 
 1.08063302e-09  1.20000000e+00  0.00000000e+00  5.12367800e-09 
 1.09063302e-09  1.20000000e+00  0.00000000e+00  5.12367800e-09 
 1.10000000e-09  1.20000000e+00  0.00000000e+00  5.12367792e-09 
 1.10000569e-09  1.20000000e+00  6.82692932e-05  1.48741256e-05 
 1.10001707e-09  1.20000000e+00  2.04807880e-04  4.45683119e-05 
 1.10003982e-09  1.20000000e+00  4.77885052e-04  1.03694499e-04 
 1.10008534e-09  1.20000000e+00  1.02403940e-03  2.20906147e-04 
 1.10017636e-09  1.20000000e+00  2.11634809e-03  4.51227817e-04 
 1.10035841e-09  1.20000000e+00  4.30096547e-03  8.95941893e-04 
 1.10072252e-09  1.20000000e+00  8.67020023e-03  1.72527355e-03 
 1.10125170e-09  1.20000000e+00  1.50203818e-02  2.80021494e-03 
 1.10175004e-09  1.20000000e+00  2.10004253e-02  3.68628678e-03 
 1.10233579e-09  1.20000000e+00  2.80294876e-02  4.59263526e-03 
 1.10292774e-09  1.20000000e+00  3.51329078e-02  5.37951221e-03 
 1.10365929e-09  1.20000000e+00  4.39115378e-02  6.20074080e-03 
 1.10442727e-09  1.20000000e+00  5.31272533e-02  6.91205407e-03 
 1.10537519e-09  1.20000000e+00  6.45022491e-02  7.61793242e-03 
 1.10643165e-09  1.20000000e+00  7.71797513e-02  8.22702532e-03 
 1.10776192e-09  1.20000000e+00  9.31430008e-02  8.79442177e-03 
 1.10934138e-09  1.20000000e+00  1.12096554e-01  9.26066459e-03 
 1.11145761e-09  1.20000000e+00  1.37491278e-01  9.65523866e-03 
 1.11422673e-09  1.20000000e+00  1.70720734e-01  9.93735238e-03 
 1.11796199e-09  1.20000000e+00  2.15543858e-01  1.01105735e-02 
 1.12232662e-09  1.20000000e+00  2.67919388e-01  1.01884292e-02 
 1.12869451e-09  1.20000000e+00  3.44334144e-01  1.02313282e-02 
 1.13196487e-09  1.20000000e+00  3.83578426e-01  1.02511720e-02 
 1.13567657e-09  1.20000000e+00  4.28118783e-01  1.01924356e-02 
 1.13968517e-09  1.20000000e+00  4.76222022e-01  9.95383805e-03 
 1.14340898e-09  1.20000000e+00  5.20907744e-01  9.58461462e-03 
 1.14678025e-09  1.20000000e+00  5.61362954e-01  9.18922211e-03 
 1.14986905e-09  1.20000000e+00  5.98428626e-01  8.81848688e-03 
 1.15274398e-09  1.20000000e+00  6.32927760e-01  8.48635836e-03 
 1.15547787e-09  1.20000000e+00  6.65734495e-01  8.19035581e-03 
 1.15815998e-09  1.20000000e+00  6.97919718e-01  7.92129983e-03 
 1.16110987e-09  1.20000000e+00  7.33318451e-01  7.65039998e-03 
 1.16385181e-09  1.20000000e+00  7.66221745e-01  7.42101162e-03 
 1.16708731e-09  1.20000000e+00  8.05047673e-01  7.17521752e-03 
 1.17051920e-09  1.20000000e+00  8.46230430e-01  6.94090410e-03 
 1.17284390e-09  1.20000000e+00  8.74126834e-01  6.79596705e-03 
 1.17507194e-09  1.20000000e+00  9.00863267e-01  6.66638969e-03 
 1.17795361e-09  1.20000000e+00  9.35443348e-01  6.51106985e-03 
 1.18059209e-09  1.20000000e+00  9.67105024e-01  6.37987238e-03 
 1.18381949e-09  1.20000000e+00  1.00583393e+00  6.23219466e-03 
 1.18701165e-09  1.20000000e+00  1.04413984e+00  6.09864283e-03 
 1.19104131e-09  1.20000000e+00  1.09249567e+00  5.94617356e-03 
 1.19532530e-09  1.20000000e+00  1.14390359e+00  5.80285855e-03 
 1.20000000e-09  1.20000000e+00  1.20000000e+00  5.67090867e-03 
 1.20000339e-09  1.20000000e+00  1.20000000e+00  5.66096188e-03 
 1.20001016e-09  1.20000000e+00  1.20000000e+00  5.64110332e-03 
 1.20002371e-09  1.20000000e+00  1.20000000e+00  5.60159565e-03 
 1.20005081e-09  1.20000000e+00  1.20000000e+00  5.52341078e-03 
 1.20010500e-09  1.20000000e+00  1.20000000e+00  5.37030546e-03 
 1.20021338e-09  1.20000000e+00  1.20000000e+00  5.07670645e-03 
 1.20043015e-09  1.20000000e+00  1.20000000e+00  4.53659903e-03 
 1.20086369e-09  1.20000000e+00  1.20000000e+00  3.62093491e-03 
 1.20173076e-09  1.20000000e+00  1.20000000e+00  2.29651507e-03 
 1.20292226e-09  1.20000000e+00  1.20000000e+00  1.22319987e-03 
 1.20417565e-09  1.20000000e+00  1.20000000e+00  6.38208346e-04 
 1.20568284e-09  1.20000000e+00  1.20000000e+00  2.99478789e-04 
 1.20746691e-09  1.20000000e+00  1.20000000e+00  1.34088866e-04 
 1.20988529e-09  1.20000000e+00  1.20000000e+00  6.09099915e-05 
 1.21307964e-09  1.20000000e+00  1.20000000e+00  4.14619992e-05 
 1.21797452e-09  1.20000000e+00  1.20000000e+00  3.90200024e-05 
 1.22602672e-09  1.20000000e+00  1.20000000e+00  3.87852988e-05 
 1.23602672e-09  1.20000000e+00  1.20000000e+00  3.80047356e-05 
 1.24602672e-09  1.20000000e+00  1.20000000e+00  3.74210793e-05 
 1.25602672e-09  1.20000000e+00  1.20000000e+00  3.67812699e-05 
 1.26602672e-09  1.20000000e+00  1.20000000e+00  3.61958360e-05 
 1.27602672e-09  1.20000000e+00  1.20000000e+00  3.56139104e-05 
 1.28602672e-09  1.20000000e+00  1.20000000e+00  3.50569499e-05 
 1.29602672e-09  1.20000000e+00  1.20000000e+00  3.45141219e-05 
 1.30602672e-09  1.20000000e+00  1.20000000e+00  3.39891202e-05 
 1.31602672e-09  1.20000000e+00  1.20000000e+00  3.34792058e-05 
 1.32602672e-09  1.20000000e+00  1.20000000e+00  3.29845832e-05 
 1.33602672e-09  1.20000000e+00  1.20000000e+00  3.25041987e-05 
 1.34602672e-09  1.20000000e+00  1.20000000e+00  3.20376167e-05 
 1.35602672e-09  1.20000000e+00  1.20000000e+00  3.15841763e-05 
 1.36602672e-09  1.20000000e+00  1.20000000e+00  3.11433651e-05 
 1.37602672e-09  1.20000000e+00  1.20000000e+00  3.07146486e-05 
 1.38602672e-09  1.20000000e+00  1.20000000e+00  3.02975437e-05 
 1.39602672e-09  1.20000000e+00  1.20000000e+00  2.98915827e-05 
 1.40602672e-09  1.20000000e+00  1.20000000e+00  2.94963272e-05 
 1.41602672e-09  1.20000000e+00  1.20000000e+00  2.91113594e-05 
 1.42602672e-09  1.20000000e+00  1.20000000e+00  2.87362839e-05 
 1.43602672e-09  1.20000000e+00  1.20000000e+00  2.83707249e-05 
 1.44602672e-09  1.20000000e+00  1.20000000e+00  2.80143254e-05 
 1.45602672e-09  1.20000000e+00  1.20000000e+00  2.76667461e-05 
 1.46602672e-09  1.20000000e+00  1.20000000e+00  2.73276641e-05 
 1.47602672e-09  1.20000000e+00  1.20000000e+00  2.69967721e-05 
 1.48602672e-09  1.20000000e+00  1.20000000e+00  2.66737776e-05 
 1.49602672e-09  1.20000000e+00  1.20000000e+00  2.63584015e-05 
 1.50602672e-09  1.20000000e+00  1.20000000e+00  2.60503780e-05 
 1.51602672e-09  1.20000000e+00  1.20000000e+00  2.57494534e-05 
 1.52602672e-09  1.20000000e+00  1.20000000e+00  2.54553854e-05 
 1.53602672e-09  1.20000000e+00  1.20000000e+00  2.51679427e-05 
 1.54602672e-09  1.20000000e+00  1.20000000e+00  2.48869043e-05 
 1.55602672e-09  1.20000000e+00  1.20000000e+00  2.46120589e-05 
 1.56602672e-09  1.20000000e+00  1.20000000e+00  2.43432043e-05 
 1.57602672e-09  1.20000000e+00  1.20000000e+00  2.40801471e-05 
 1.58602672e-09  1.20000000e+00  1.20000000e+00  2.38227020e-05 
 1.59602672e-09  1.20000000e+00  1.20000000e+00  2.35706917e-05 
 1.60602672e-09  1.20000000e+00  1.20000000e+00  2.33239461e-05 
 1.61602672e-09  1.20000000e+00  1.20000000e+00  2.30823021e-05 
 1.62602672e-09  1.20000000e+00  1.20000000e+00  2.28456035e-05 
 1.63602672e-09  1.20000000e+00  1.20000000e+00  2.26137002e-05 
 1.64602672e-09  1.20000000e+00  1.20000000e+00  2.23864481e-05 
 1.65602672e-09  1.20000000e+00  1.20000000e+00  2.21637089e-05 
 1.66602672e-09  1.20000000e+00  1.20000000e+00  2.19453497e-05 
 1.67602672e-09  1.20000000e+00  1.20000000e+00  2.17312427e-05 
 1.68602672e-09  1.20000000e+00  1.20000000e+00  2.15212651e-05 
 1.69602672e-09  1.20000000e+00  1.20000000e+00  2.13152987e-05 
 1.70602672e-09  1.20000000e+00  1.20000000e+00  2.11132299e-05 
 1.71602672e-09  1.20000000e+00  1.20000000e+00  2.09149492e-05 
 1.72602672e-09  1.20000000e+00  1.20000000e+00  2.07203513e-05 
 1.73602672e-09  1.20000000e+00  1.20000000e+00  2.05293345e-05 
 1.74602672e-09  1.20000000e+00  1.20000000e+00  2.03418011e-05 
 1.75602672e-09  1.20000000e+00  1.20000000e+00  2.01576568e-05 
 1.76602672e-09  1.20000000e+00  1.20000000e+00  1.99768106e-05 
 1.77602672e-09  1.20000000e+00  1.20000000e+00  1.97991749e-05 
 1.78602672e-09  1.20000000e+00  1.20000000e+00  1.96246650e-05 
 1.79602672e-09  1.20000000e+00  1.20000000e+00  1.94531992e-05 
 1.80602672e-09  1.20000000e+00  1.20000000e+00  1.92846987e-05 
 1.81602672e-09  1.20000000e+00  1.20000000e+00  1.91190874e-05 
 1.82602672e-09  1.20000000e+00  1.20000000e+00  1.89562915e-05 
 1.83602672e-09  1.20000000e+00  1.20000000e+00  1.87962401e-05 
 1.84602672e-09  1.20000000e+00  1.20000000e+00  1.86388643e-05 
 1.85602672e-09  1.20000000e+00  1.20000000e+00  1.84840978e-05 
 1.86602672e-09  1.20000000e+00  1.20000000e+00  1.83318763e-05 
 1.87602672e-09  1.20000000e+00  1.20000000e+00  1.81821375e-05 
 1.88602672e-09  1.20000000e+00  1.20000000e+00  1.80348213e-05 
 1.89602672e-09  1.20000000e+00  1.20000000e+00  1.78898694e-05 
 1.90602672e-09  1.20000000e+00  1.20000000e+00  1.77472254e-05 
 1.91602672e-09  1.20000000e+00  1.20000000e+00  1.76068348e-05 
 1.92602672e-09  1.20000000e+00  1.20000000e+00  1.74686446e-05 
 1.93602672e-09  1.20000000e+00  1.20000000e+00  1.73326035e-05 
 1.94602672e-09  1.20000000e+00  1.20000000e+00  1.71986618e-05 
 1.95602672e-09  1.20000000e+00  1.20000000e+00  1.70667714e-05 
 1.96602672e-09  1.20000000e+00  1.20000000e+00  1.69368855e-05 
 1.97602672e-09  1.20000000e+00  1.20000000e+00  1.68089589e-05 
 1.98602672e-09  1.20000000e+00  1.20000000e+00  1.66829476e-05 
 1.99602672e-09  1.20000000e+00  1.20000000e+00  1.65588089e-05 
 2.00602672e-09  1.20000000e+00  1.20000000e+00  1.64365015e-05 
 2.01602672e-09  1.20000000e+00  1.20000000e+00  1.63159852e-05 
 2.02602672e-09  1.20000000e+00  1.20000000e+00  1.61972209e-05 
 2.03602672e-09  1.20000000e+00  1.20000000e+00  1.60801708e-05 
 2.04602672e-09  1.20000000e+00  1.20000000e+00  1.59647981e-05 
 2.05602672e-09  1.20000000e+00  1.20000000e+00  1.58510669e-05 
 2.06602672e-09  1.20000000e+00  1.20000000e+00  1.57389426e-05 
 2.07602672e-09  1.20000000e+00  1.20000000e+00  1.56283914e-05 
 2.08602672e-09  1.20000000e+00  1.20000000e+00  1.55193803e-05 
 2.09602672e-09  1.20000000e+00  1.20000000e+00  1.54118776e-05 
 2.10602672e-09  1.20000000e+00  1.20000000e+00  1.53058521e-05 
 2.11602672e-09  1.20000000e+00  1.20000000e+00  1.52012737e-05 
 2.12602672e-09  1.20000000e+00  1.20000000e+00  1.50981128e-05 
 2.13602672e-09  1.20000000e+00  1.20000000e+00  1.49963410e-05 
 2.14602672e-09  1.20000000e+00  1.20000000e+00  1.48959304e-05 
 2.15602672e-09  1.20000000e+00  1.20000000e+00  1.47968538e-05 
 2.16602672e-09  1.20000000e+00  1.20000000e+00  1.46990850e-05 
 2.17602672e-09  1.20000000e+00  1.20000000e+00  1.46025981e-05 
 2.18602672e-09  1.20000000e+00  1.20000000e+00  1.45073683e-05 
 2.19602672e-09  1.20000000e+00  1.20000000e+00  1.44133710e-05 
 2.20000000e-09  1.20000000e+00  1.20000000e+00  1.43764599e-05 
 2.20000513e-09  1.19993841e+00  1.20000000e+00 -2.71835125e-05 
 2.20001540e-09  1.19981524e+00  1.20000000e+00 -1.10080392e-04 
 2.20003593e-09  1.19956889e+00  1.20000000e+00 -2.74543005e-04 
 2.20007698e-09  1.19907619e+00  1.20000000e+00 -5.98214437e-04 
 2.20015910e-09  1.19809079e+00  1.20000000e+00 -1.22509722e-03 
 2.20032333e-09  1.19611999e+00  1.20000000e+00 -2.40125970e-03 
 2.20065180e-09  1.19217839e+00  1.20000000e+00 -4.47415557e-03 
 2.20130873e-09  1.18429518e+00  1.20000000e+00 -7.70936017e-03 
 2.20209035e-09  1.17491579e+00  1.20000000e+00 -1.03630493e-02 
 2.20294373e-09  1.16467522e+00  1.20000000e+00 -1.22623950e-02 
 2.20386161e-09  1.15366068e+00  1.20000000e+00 -1.35649237e-02 
 2.20493404e-09  1.14079156e+00  1.20000000e+00 -1.45018904e-02 
 2.20617607e-09  1.12588714e+00  1.20000000e+00 -1.51388454e-02 
 2.20768362e-09  1.10779659e+00  1.20000000e+00 -1.55812666e-02 
 2.20951052e-09  1.08587370e+00  1.20000000e+00 -1.58976290e-02 
 2.21186136e-09  1.05766368e+00  1.20000000e+00 -1.61745062e-02 
 2.21496458e-09  1.02042505e+00  1.20000000e+00 -1.64796653e-02 
 2.21936666e-09  9.67600078e-01  1.20000000e+00 -1.68959194e-02 
 2.22347340e-09  9.18319171e-01  1.20000000e+00 -1.72741337e-02 
 2.22696998e-09  8.76360250e-01  1.20000000e+00 -1.75670875e-02 
 2.23021006e-09  8.37479292e-01  1.20000000e+00 -1.77900284e-02 
 2.23345600e-09  7.98528012e-01  1.20000000e+00 -1.79449807e-02 
 2.23680316e-09  7.58362107e-01  1.20000000e+00 -1.80170189e-02 
 2.24037761e-09  7.15468739e-01  1.20000000e+00 -1.79943316e-02 
 2.24375254e-09  6.74969524e-01  1.20000000e+00 -1.78970243e-02 
 2.24760584e-09  6.28729891e-01  1.20000000e+00 -1.77402503e-02 
 2.25195407e-09  5.76551168e-01  1.20000000e+00 -1.75724506e-02 
 2.25550664e-09  5.33920282e-01  1.20000000e+00 -1.74876738e-02 
 2.25892606e-09  4.92887231e-01  1.20000000e+00 -1.74867875e-02 
 2.26240658e-09  4.51121034e-01  1.20000000e+00 -1.75404047e-02 
 2.26585144e-09  4.09782741e-01  1.20000000e+00 -1.75952528e-02 
 2.26960806e-09  3.64703323e-01  1.20000000e+00 -1.75956161e-02 
 2.27317010e-09  3.21958812e-01  1.20000000e+00 -1.74907420e-02 
 2.27725227e-09  2.72972740e-01  1.20000000e+00 -1.72726269e-02 
 2.28103028e-09  2.27636612e-01  1.20000000e+00 -1.70406290e-02 
 2.28468905e-09  1.83731389e-01  1.20000000e+00 -1.68180002e-02 
 2.29060738e-09  1.12711396e-01  1.20000000e+00 -1.64998974e-02 
 2.29776378e-09  2.68346316e-02  1.20000000e+00 -1.62296948e-02 
 2.30000000e-09  0.00000000e+00  1.20000000e+00 -1.61669714e-02 
 2.30000295e-09  0.00000000e+00  1.20000000e+00 -1.61430514e-02 
 2.30000884e-09  0.00000000e+00  1.20000000e+00 -1.60952538e-02 
 2.30002063e-09  0.00000000e+00  1.20000000e+00 -1.59999123e-02 
 2.30004420e-09  0.00000000e+00  1.20000000e+00 -1.58102402e-02 
 2.30009134e-09  0.00000000e+00  1.20000000e+00 -1.54349092e-02 
 2.30018563e-09  0.00000000e+00  1.20000000e+00 -1.47000347e-02 
 2.30037421e-09  0.00000000e+00  1.20000000e+00 -1.32913609e-02 
 2.30075136e-09  0.00000000e+00  1.20000000e+00 -1.07027746e-02 
 2.30150566e-09  0.00000000e+00  1.20000000e+00 -6.32987068e-03 
 2.30220959e-09  0.00000000e+00  1.20000000e+00 -3.08127526e-03 
 2.30306352e-09  0.00000000e+00  1.20000000e+00  7.68978074e-07 
 2.30383994e-09  0.00000000e+00  1.20000000e+00  2.14103347e-03 
 2.30479072e-09  0.00000000e+00  1.20000000e+00  4.09807714e-03 
 2.30570871e-09  0.00000000e+00  1.20000000e+00  5.44354927e-03 
 2.30681438e-09  0.00000000e+00  1.20000000e+00  6.53731838e-03 
 2.30791823e-09  0.00000000e+00  1.20000000e+00  7.20257688e-03 
 2.30923714e-09  0.00000000e+00  1.20000000e+00  7.60921759e-03 
 2.31060243e-09  0.00000000e+00  1.20000000e+00  7.72666466e-03 
 2.31224164e-09  0.00000000e+00  1.20000000e+00  7.61631667e-03 
 2.31401064e-09  0.00000000e+00  1.20000000e+00  7.32099072e-03 
 2.31618333e-09  0.00000000e+00  1.20000000e+00  6.84549527e-03 
 2.31867393e-09  0.00000000e+00  1.20000000e+00  6.26048423e-03 
 2.32193806e-09  0.00000000e+00  1.20000000e+00  5.53568356e-03 
 2.32623946e-09  0.00000000e+00  1.20000000e+00  4.72313194e-03 
 2.33087373e-09  0.00000000e+00  1.20000000e+00  4.03177866e-03 
 2.33620511e-09  0.00000000e+00  1.20000000e+00  3.42389435e-03 
 2.34198740e-09  0.00000000e+00  1.20000000e+00  2.92700425e-03 
 2.34868442e-09  0.00000000e+00  1.20000000e+00  2.49426000e-03 
 2.35603631e-09  0.00000000e+00  1.20000000e+00  2.13783629e-03 
 2.36462177e-09  0.00000000e+00  1.20000000e+00  1.82528377e-03 
 2.37421222e-09  0.00000000e+00  1.20000000e+00  1.56402784e-03 
 2.38421222e-09  0.00000000e+00  1.20000000e+00  1.35752553e-03 
 2.39421222e-09  0.00000000e+00  1.20000000e+00  1.19695101e-03 
 2.40421222e-09  0.00000000e+00  1.20000000e+00  1.06882694e-03 
 2.41421222e-09  0.00000000e+00  1.20000000e+00  9.64438143e-04 
 2.42421222e-09  0.00000000e+00  1.20000000e+00  8.77886851e-04 
 2.43421222e-09  0.00000000e+00  1.20000000e+00  8.05054150e-04 
 2.44421222e-09  0.00000000e+00  1.20000000e+00  7.42981960e-04 
 2.45421222e-09  0.00000000e+00  1.20000000e+00  6.89494787e-04 
 2.46421222e-09  0.00000000e+00  1.20000000e+00  6.42959278e-04 
 2.47421222e-09  0.00000000e+00  1.20000000e+00  6.02126719e-04 
 2.48421222e-09  0.00000000e+00  1.20000000e+00  5.66027079e-04 
 2.49421222e-09  0.00000000e+00  1.20000000e+00  5.33896020e-04 
 2.50421222e-09  0.00000000e+00  1.20000000e+00  5.05123564e-04 
 2.51421222e-09  0.00000000e+00  1.20000000e+00  4.79217312e-04 
 2.52421222e-09  0.00000000e+00  1.20000000e+00  4.55775635e-04 
 2.53421222e-09  0.00000000e+00  1.20000000e+00  4.34467837e-04 
 2.54421222e-09  0.00000000e+00  1.20000000e+00  4.15019271e-04 
 2.55421222e-09  0.00000000e+00  1.20000000e+00  3.97200037e-04 
 2.56421222e-09  0.00000000e+00  1.20000000e+00  3.80816285e-04 
 2.57421222e-09  0.00000000e+00  1.20000000e+00  3.65703469e-04 
 2.58421222e-09  0.00000000e+00  1.20000000e+00  3.51721042e-04 
 2.59421222e-09  0.00000000e+00  1.20000000e+00  3.38748269e-04 
 2.60421222e-09  0.00000000e+00  1.20000000e+00  3.26680873e-04 
 2.61421222e-09  0.00000000e+00  1.20000000e+00  3.15428343e-04 
 2.62421222e-09  0.00000000e+00  1.20000000e+00  3.04911747e-04 
 2.63421222e-09  0.00000000e+00  1.20000000e+00  2.95061950e-04 
 2.64421222e-09  0.00000000e+00  1.20000000e+00  2.85769669e-04 
 2.65421222e-09  0.00000000e+00  1.20000000e+00  2.77042040e-04 
 2.66421222e-09  0.00000000e+00  1.20000000e+00  2.68871482e-04 
 2.67421222e-09  0.00000000e+00  1.20000000e+00  2.61155278e-04 
 2.68421222e-09  0.00000000e+00  1.20000000e+00  2.53863521e-04 
 2.69421222e-09  0.00000000e+00  1.20000000e+00  2.46961645e-04 
 2.70421222e-09  0.00000000e+00  1.20000000e+00  2.40419602e-04 
 2.71421222e-09  0.00000000e+00  1.20000000e+00  2.34210218e-04 
 2.72421222e-09  0.00000000e+00  1.20000000e+00  2.28308986e-04 
 2.73421222e-09  0.00000000e+00  1.20000000e+00  2.22693729e-04 
 2.74421222e-09  0.00000000e+00  1.20000000e+00  2.17344334e-04 
 2.75421222e-09  0.00000000e+00  1.20000000e+00  2.12242521e-04 
 2.76421222e-09  0.00000000e+00  1.20000000e+00  2.07371636e-04 
 2.77421222e-09  0.00000000e+00  1.20000000e+00  2.02716477e-04 
 2.78421222e-09  0.00000000e+00  1.20000000e+00  1.98263139e-04 
 2.79421222e-09  0.00000000e+00  1.20000000e+00  1.93998881e-04 
 2.80421222e-09  0.00000000e+00  1.20000000e+00  1.89912005e-04 
 2.81421222e-09  0.00000000e+00  1.20000000e+00  1.85991755e-04 
 2.82421222e-09  0.00000000e+00  1.20000000e+00  1.82228219e-04 
 2.83421222e-09  0.00000000e+00  1.20000000e+00  1.78612255e-04 
 2.84421222e-09  0.00000000e+00  1.20000000e+00  1.75135413e-04 
 2.85421222e-09  0.00000000e+00  1.20000000e+00  1.71789873e-04 
 2.86421222e-09  0.00000000e+00  1.20000000e+00  1.68568386e-04 
 2.87421222e-09  0.00000000e+00  1.20000000e+00  1.65464227e-04 
 2.88421222e-09  0.00000000e+00  1.20000000e+00  1.62471144e-04 
 2.89421222e-09  0.00000000e+00  1.20000000e+00  1.59583319e-04 
 2.90421222e-09  0.00000000e+00  1.20000000e+00  1.56795333e-04 
 2.91421222e-09  0.00000000e+00  1.20000000e+00  1.54102128e-04 
 2.92421222e-09  0.00000000e+00  1.20000000e+00  1.51498985e-04 
 2.93421222e-09  0.00000000e+00  1.20000000e+00  1.48981487e-04 
 2.94421222e-09  0.00000000e+00  1.20000000e+00  1.46545502e-04 
 2.95421222e-09  0.00000000e+00  1.20000000e+00  1.44187159e-04 
 2.96421222e-09  0.00000000e+00  1.20000000e+00  1.41902825e-04 
 2.97421222e-09  0.00000000e+00  1.20000000e+00  1.39689093e-04 
 2.98421222e-09  0.00000000e+00  1.20000000e+00  1.37542757e-04 
 2.99421222e-09  0.00000000e+00  1.20000000e+00  1.35460803e-04 
 3.00421222e-09  0.00000000e+00  1.20000000e+00  1.33440394e-04 
 3.01421222e-09  0.00000000e+00  1.20000000e+00  1.31478855e-04 
 3.02421222e-09  0.00000000e+00  1.20000000e+00  1.29573666e-04 
 3.03421222e-09  0.00000000e+00  1.20000000e+00  1.27722444e-04 
 3.04421222e-09  0.00000000e+00  1.20000000e+00  1.25922943e-04 
 3.05421222e-09  0.00000000e+00  1.20000000e+00  1.24173034e-04 
 3.06421222e-09  0.00000000e+00  1.20000000e+00  1.22470707e-04 
 3.07421222e-09  0.00000000e+00  1.20000000e+00  1.20814058e-04 
 3.08421222e-09  0.00000000e+00  1.20000000e+00  1.19201281e-04 
 3.09421222e-09  0.00000000e+00  1.20000000e+00  1.17630665e-04 
 3.10421222e-09  0.00000000e+00  1.20000000e+00  1.16100586e-04 
 3.11421222e-09  0.00000000e+00  1.20000000e+00  1.14609503e-04 
 3.12421222e-09  0.00000000e+00  1.20000000e+00  1.13155952e-04 
 3.13421222e-09  0.00000000e+00  1.20000000e+00  1.11738538e-04 
 3.14421222e-09  0.00000000e+00  1.20000000e+00  1.10355938e-04 
 3.15421222e-09  0.00000000e+00  1.20000000e+00  1.09006891e-04 
 3.16421222e-09  0.00000000e+00  1.20000000e+00  1.07690196e-04 
 3.17421222e-09  0.00000000e+00  1.20000000e+00  1.06404707e-04 
 3.18421222e-09  0.00000000e+00  1.20000000e+00  1.05149334e-04 
 3.19421222e-09  0.00000000e+00  1.20000000e+00  1.03923035e-04 
 3.20000000e-09  0.00000000e+00  1.20000000e+00  1.03227674e-04 
 3.20000346e-09  0.00000000e+00  1.19995843e+00  9.33270735e-05 
 3.20001039e-09  0.00000000e+00  1.19987529e+00  7.35433587e-05 
 3.20002425e-09  0.00000000e+00  1.19970901e+00  3.40806928e-05 
 3.20005196e-09  0.00000000e+00  1.19937645e+00 -4.44277084e-05 
 3.20010739e-09  0.00000000e+00  1.19871132e+00 -1.99792211e-04 
 3.20021824e-09  0.00000000e+00  1.19738107e+00 -5.04033365e-04 
 3.20043995e-09  0.00000000e+00  1.19472057e+00 -1.08750357e-03 
 3.20088337e-09  0.00000000e+00  1.18939958e+00 -2.16143587e-03 
 3.20177020e-09  0.00000000e+00  1.17875758e+00 -3.98685613e-03 
 3.20299475e-09  0.00000000e+00  1.16406298e+00 -5.93863062e-03 
 3.20418129e-09  0.00000000e+00  1.14982452e+00 -7.35531601e-03 
 3.20554047e-09  0.00000000e+00  1.13351441e+00 -8.57433935e-03 
 3.20696541e-09  0.00000000e+00  1.11641513e+00 -9.52506726e-03 
 3.20867677e-09  0.00000000e+00  1.09587871e+00 -1.03751484e-02 
 3.21050858e-09  0.00000000e+00  1.07389700e+00 -1.10557376e-02 
 3.21277079e-09  0.00000000e+00  1.04675052e+00 -1.17020321e-02 
 3.21530292e-09  0.00000000e+00  1.01636500e+00 -1.22893418e-02 
 3.21840404e-09  0.00000000e+00  9.79151484e-01 -1.29307250e-02 
 3.22208134e-09  0.00000000e+00  9.35023927e-01 -1.36825515e-02 
 3.22678111e-09  0.00000000e+00  8.78626707e-01 -1.47375155e-02 
 3.22939309e-09  0.00000000e+00  8.47282925e-01 -1.53983020e-02 
 3.23101476e-09  0.00000000e+00  8.27822892e-01 -1.58442554e-02 
 3.23262062e-09  0.00000000e+00  8.08552548e-01 -1.63170609e-02 
 3.23409726e-09  0.00000000e+00  7.90832870e-01 -1.67821342e-02 
 3.23549529e-09  0.00000000e+00  7.74056501e-01 -1.72519360e-02 
 3.23685777e-09  0.00000000e+00  7.57706803e-01 -1.77400213e-02 
 3.23819757e-09  0.00000000e+00  7.41629108e-01 -1.82517295e-02 
 3.23949944e-09  0.00000000e+00  7.26006730e-01 -1.87818499e-02 
 3.24075556e-09  0.00000000e+00  7.10933285e-01 -1.93268593e-02 
 3.24211551e-09  0.00000000e+00  6.94613862e-01 -1.99574253e-02 
 3.24335029e-09  0.00000000e+00  6.79796509e-01 -2.05695658e-02 
 3.24464106e-09  0.00000000e+00  6.64307292e-01 -2.12535078e-02 
 3.24585245e-09  0.00000000e+00  6.49770556e-01 -2.19398731e-02 
 3.24711779e-09  0.00000000e+00  6.34586574e-01 -2.27069687e-02 
 3.24833470e-09  0.00000000e+00  6.19983559e-01 -2.34972436e-02 
 3.24960238e-09  0.00000000e+00  6.04771465e-01 -2.43802043e-02 
 3.25084197e-09  0.00000000e+00  5.89896401e-01 -2.53076713e-02 
 3.25213080e-09  0.00000000e+00  5.74430426e-01 -2.63452248e-02 
 3.25340838e-09  0.00000000e+00  5.59099449e-01 -2.74538658e-02 
 3.25474087e-09  0.00000000e+00  5.43109557e-01 -2.87027755e-02 
 3.25607418e-09  0.00000000e+00  5.27109809e-01 -3.00552714e-02 
 3.25747072e-09  0.00000000e+00  5.10351372e-01 -3.15917403e-02 
 3.25889656e-09  0.00000000e+00  4.93241288e-01 -3.32976029e-02 
 3.26042186e-09  0.00000000e+00  4.74937716e-01 -3.52906961e-02 
 3.26206009e-09  0.00000000e+00  4.55278911e-01 -3.76646837e-02 
 3.26272404e-09  0.00000000e+00  4.47311575e-01 -3.87432329e-02 
 3.26328476e-09  0.00000000e+00  4.40582832e-01 -3.97393013e-02 
 3.26379420e-09  0.00000000e+00  4.34469571e-01 -4.07239971e-02 
 3.26434299e-09  0.00000000e+00  4.27884074e-01 -4.18382467e-02 
 3.26499767e-09  0.00000000e+00  4.20027985e-01 -4.30822757e-02 
 3.26560559e-09  0.00000000e+00  4.12732860e-01 -4.38929203e-02 
 3.26624898e-09  0.00000000e+00  4.05012269e-01 -4.40048742e-02 
 3.26684141e-09  0.00000000e+00  3.97903075e-01 -4.30903303e-02 
 3.26748479e-09  0.00000000e+00  3.90182507e-01 -4.06353558e-02 
 3.26813190e-09  0.00000000e+00  3.82417163e-01 -3.63365430e-02 
 3.26887466e-09  0.00000000e+00  3.73504086e-01 -2.88525883e-02 
 3.26967155e-09  0.00000000e+00  3.63941429e-01 -1.75900930e-02 
 3.27074005e-09  0.00000000e+00  3.51119442e-01  2.85544888e-03 
 3.27181815e-09  0.00000000e+00  3.38182174e-01  2.94842727e-02 
 3.27264426e-09  0.00000000e+00  3.28268847e-01  5.36996996e-02 
 3.27342261e-09  0.00000000e+00  3.18928677e-01  7.92670865e-02 
 3.27428321e-09  0.00000000e+00  3.08601469e-01  1.10342270e-01 
 3.27511190e-09  0.00000000e+00  2.98657163e-01  1.42745535e-01 
 3.27598516e-09  0.00000000e+00  2.88178061e-01  1.79233623e-01 
 3.27693391e-09  0.00000000e+00  2.76793039e-01  2.21318761e-01 
 3.27798347e-09  0.00000000e+00  2.64198333e-01  2.70476402e-01 
 3.27902903e-09  0.00000000e+00  2.51651649e-01  3.21819621e-01 
 3.28018176e-09  0.00000000e+00  2.37818829e-01  3.80784545e-01 
 3.28133117e-09  0.00000000e+00  2.24025902e-01  4.41620228e-01 
 3.28247383e-09  0.00000000e+00  2.10314087e-01  5.03618962e-01 
 3.28353939e-09  0.00000000e+00  1.97527337e-01  5.62283747e-01 
 3.28443416e-09  0.00000000e+00  1.86790036e-01  6.11710909e-01 
 3.28522116e-09  0.00000000e+00  1.77346088e-01  6.54892953e-01 
 3.28596172e-09  0.00000000e+00  1.68459324e-01  6.94890096e-01 
 3.28669867e-09  0.00000000e+00  1.59615962e-01  7.33688260e-01 
 3.28749153e-09  0.00000000e+00  1.50101652e-01  7.73884747e-01 
 3.28826484e-09  0.00000000e+00  1.40821952e-01  8.11187410e-01 
 3.28912575e-09  0.00000000e+00  1.30490974e-01  8.50180563e-01 
 3.29007821e-09  0.00000000e+00  1.19061525e-01  8.89997095e-01 
 3.29101918e-09  0.00000000e+00  1.07769832e-01  9.25875533e-01 
 3.29205622e-09  0.00000000e+00  9.53253900e-02  9.61534050e-01 
 3.29305227e-09  0.00000000e+00  8.33728070e-02  9.92108132e-01 
 3.29422278e-09  0.00000000e+00  6.93266160e-02  1.02370151e+00 
 3.29555632e-09  0.00000000e+00  5.33241245e-02  1.05436785e+00 
 3.29700433e-09  0.00000000e+00  3.59479848e-02  1.08183421e+00 
 3.29834836e-09  0.00000000e+00  1.98196700e-02  1.10252399e+00 
 3.29971700e-09  0.00000000e+00  3.39600012e-03  1.11952815e+00 
 3.30000000e-09  0.00000000e+00  3.99680289e-15  1.12258294e+00 
 3.30000301e-09  0.00000000e+00  0.00000000e+00  1.12262129e+00 
 3.30000904e-09  0.00000000e+00  0.00000000e+00  1.12269799e+00 
 3.30002110e-09  0.00000000e+00  0.00000000e+00  1.12285149e+00 
 3.30004522e-09  0.00000000e+00  0.00000000e+00  1.12315886e+00 
 3.30009345e-09  0.00000000e+00  0.00000000e+00  1.12377485e+00 
 3.30018992e-09  0.00000000e+00  0.00000000e+00  1.12500991e+00 
 3.30038285e-09  0.00000000e+00  0.00000000e+00  1.12747983e+00 
 3.30076872e-09  0.00000000e+00  0.00000000e+00  1.13234677e+00 
 3.30144682e-09  0.00000000e+00  0.00000000e+00  1.14042775e+00 
 3.30210425e-09  0.00000000e+00  0.00000000e+00  1.14752244e+00 
 3.30303309e-09  0.00000000e+00  0.00000000e+00  1.15623637e+00 
 3.30409812e-09  0.00000000e+00  0.00000000e+00  1.16452344e+00 
 3.30538633e-09  0.00000000e+00  0.00000000e+00  1.17252699e+00 
 3.30685062e-09  0.00000000e+00  0.00000000e+00  1.17948944e+00 
 3.30833566e-09  0.00000000e+00  0.00000000e+00  1.18476932e+00 
 3.30997775e-09  0.00000000e+00  0.00000000e+00  1.18905788e+00 
 3.31174235e-09  0.00000000e+00  0.00000000e+00  1.19233836e+00 
 3.31374718e-09  0.00000000e+00  0.00000000e+00  1.19489872e+00 
 3.31593141e-09  0.00000000e+00  0.00000000e+00  1.19673008e+00 
 3.31847410e-09  0.00000000e+00  0.00000000e+00  1.19805820e+00 
 3.32134748e-09  0.00000000e+00  0.00000000e+00  1.19892683e+00 
 3.32479723e-09  0.00000000e+00  0.00000000e+00  1.19947854e+00 
 3.32889287e-09  0.00000000e+00  0.00000000e+00  1.19978222e+00 
 3.33408677e-09  0.00000000e+00  0.00000000e+00  1.19993141e+00 
 3.34077787e-09  0.00000000e+00  0.00000000e+00  1.19998650e+00 
 3.35022292e-09  0.00000000e+00  0.00000000e+00  1.19999962e+00 
 3.36022292e-09  0.00000000e+00  0.00000000e+00  1.19999999e+00 
 3.37022292e-09  0.00000000e+00  0.00000000e+00  1.19999999e+00 
 3.38022292e-09  0.00000000e+00  0.00000000e+00  1.19999999e+00 
 3.39022292e-09  0.00000000e+00  0.00000000e+00  1.19999999e+00 
 3.40022292e-09  0.00000000e+00  0.00000000e+00  1.19999999e+00 
 3.41022292e-09  0.00000000e+00  0.00000000e+00  1.19999999e+00 
 3.42022292e-09  0.00000000e+00  0.00000000e+00  1.19999999e+00 
 3.43022292e-09  0.00000000e+00  0.00000000e+00  1.19999999e+00 
 3.44022292e-09  0.00000000e+00  0.00000000e+00  1.19999999e+00 
 3.45022292e-09  0.00000000e+00  0.00000000e+00  1.19999999e+00 
 3.46022292e-09  0.00000000e+00  0.00000000e+00  1.19999999e+00 
 3.47022292e-09  0.00000000e+00  0.00000000e+00  1.19999999e+00 
 3.48022292e-09  0.00000000e+00  0.00000000e+00  1.19999999e+00 
 3.49022292e-09  0.00000000e+00  0.00000000e+00  1.19999999e+00 
 3.50022292e-09  0.00000000e+00  0.00000000e+00  1.19999999e+00 
 3.51022292e-09  0.00000000e+00  0.00000000e+00  1.19999999e+00 
 3.52022292e-09  0.00000000e+00  0.00000000e+00  1.19999999e+00 
 3.53022292e-09  0.00000000e+00  0.00000000e+00  1.19999999e+00 
 3.54022292e-09  0.00000000e+00  0.00000000e+00  1.19999999e+00 
 3.55022292e-09  0.00000000e+00  0.00000000e+00  1.19999999e+00 
 3.56022292e-09  0.00000000e+00  0.00000000e+00  1.19999999e+00 
 3.57022292e-09  0.00000000e+00  0.00000000e+00  1.19999999e+00 
 3.58022292e-09  0.00000000e+00  0.00000000e+00  1.19999999e+00 
 3.59022292e-09  0.00000000e+00  0.00000000e+00  1.19999999e+00 
 3.60022292e-09  0.00000000e+00  0.00000000e+00  1.19999999e+00 
 3.61022292e-09  0.00000000e+00  0.00000000e+00  1.19999999e+00 
 3.62022292e-09  0.00000000e+00  0.00000000e+00  1.19999999e+00 
 3.63022292e-09  0.00000000e+00  0.00000000e+00  1.19999999e+00 
 3.64022292e-09  0.00000000e+00  0.00000000e+00  1.19999999e+00 
 3.65022292e-09  0.00000000e+00  0.00000000e+00  1.19999999e+00 
 3.66022292e-09  0.00000000e+00  0.00000000e+00  1.19999999e+00 
 3.67022292e-09  0.00000000e+00  0.00000000e+00  1.19999999e+00 
 3.68022292e-09  0.00000000e+00  0.00000000e+00  1.19999999e+00 
 3.69022292e-09  0.00000000e+00  0.00000000e+00  1.19999999e+00 
 3.70022292e-09  0.00000000e+00  0.00000000e+00  1.19999999e+00 
 3.71022292e-09  0.00000000e+00  0.00000000e+00  1.19999999e+00 
 3.72022292e-09  0.00000000e+00  0.00000000e+00  1.19999999e+00 
 3.73022292e-09  0.00000000e+00  0.00000000e+00  1.19999999e+00 
 3.74022292e-09  0.00000000e+00  0.00000000e+00  1.19999999e+00 
 3.75022292e-09  0.00000000e+00  0.00000000e+00  1.19999999e+00 
 3.76022292e-09  0.00000000e+00  0.00000000e+00  1.19999999e+00 
 3.77022292e-09  0.00000000e+00  0.00000000e+00  1.19999999e+00 
 3.78022292e-09  0.00000000e+00  0.00000000e+00  1.19999999e+00 
 3.79022292e-09  0.00000000e+00  0.00000000e+00  1.19999999e+00 
 3.80022292e-09  0.00000000e+00  0.00000000e+00  1.19999999e+00 
 3.81022292e-09  0.00000000e+00  0.00000000e+00  1.19999999e+00 
 3.82022292e-09  0.00000000e+00  0.00000000e+00  1.19999999e+00 
 3.83022292e-09  0.00000000e+00  0.00000000e+00  1.19999999e+00 
 3.84022292e-09  0.00000000e+00  0.00000000e+00  1.19999999e+00 
 3.85022292e-09  0.00000000e+00  0.00000000e+00  1.19999999e+00 
 3.86022292e-09  0.00000000e+00  0.00000000e+00  1.19999999e+00 
 3.87022292e-09  0.00000000e+00  0.00000000e+00  1.19999999e+00 
 3.88022292e-09  0.00000000e+00  0.00000000e+00  1.19999999e+00 
 3.89022292e-09  0.00000000e+00  0.00000000e+00  1.19999999e+00 
 3.90022292e-09  0.00000000e+00  0.00000000e+00  1.19999999e+00 
 3.91022292e-09  0.00000000e+00  0.00000000e+00  1.19999999e+00 
 3.92022292e-09  0.00000000e+00  0.00000000e+00  1.19999999e+00 
 3.93022292e-09  0.00000000e+00  0.00000000e+00  1.19999999e+00 
 3.94022292e-09  0.00000000e+00  0.00000000e+00  1.19999999e+00 
 3.95022292e-09  0.00000000e+00  0.00000000e+00  1.19999999e+00 
 3.96022292e-09  0.00000000e+00  0.00000000e+00  1.19999999e+00 
 3.97022292e-09  0.00000000e+00  0.00000000e+00  1.19999999e+00 
 3.98022292e-09  0.00000000e+00  0.00000000e+00  1.19999999e+00 
 3.99022292e-09  0.00000000e+00  0.00000000e+00  1.19999999e+00 
 4.00000000e-09  0.00000000e+00  0.00000000e+00  1.19999999e+00 
