 time            v(in)           v(out)         
 0.00000000e+00  0.00000000e+00  1.20000000e+00 
 1.00000000e-13  0.00000000e+00  1.20000000e+00 
 2.00000000e-13  0.00000000e+00  1.20000000e+00 
 4.00000000e-13  0.00000000e+00  1.20000000e+00 
 8.00000000e-13  0.00000000e+00  1.20000000e+00 
 1.60000000e-12  0.00000000e+00  1.20000000e+00 
 3.20000000e-12  0.00000000e+00  1.20000000e+00 
 6.40000000e-12  0.00000000e+00  1.20000000e+00 
 1.28000000e-11  0.00000000e+00  1.20000000e+00 
 2.28000000e-11  0.00000000e+00  1.20000000e+00 
 3.28000000e-11  0.00000000e+00  1.20000000e+00 
 4.28000000e-11  0.00000000e+00  1.20000000e+00 
 5.28000000e-11  0.00000000e+00  1.20000000e+00 
 6.28000000e-11  0.00000000e+00  1.20000000e+00 
 7.28000000e-11  0.00000000e+00  1.20000000e+00 
 8.28000000e-11  0.00000000e+00  1.20000000e+00 
 9.28000000e-11  0.00000000e+00  1.20000000e+00 
 1.02800000e-10  0.00000000e+00  1.20000000e+00 
 1.12800000e-10  0.00000000e+00  1.20000000e+00 
 1.22800000e-10  0.00000000e+00  1.20000000e+00 
 1.32800000e-10  0.00000000e+00  1.20000000e+00 
 1.42800000e-10  0.00000000e+00  1.20000000e+00 
 1.52800000e-10  0.00000000e+00  1.20000000e+00 
 1.62800000e-10  0.00000000e+00  1.20000000e+00 
 1.72800000e-10  0.00000000e+00  1.20000000e+00 
 1.82800000e-10  0.00000000e+00  1.20000000e+00 
 1.92800000e-10  0.00000000e+00  1.20000000e+00 
 2.02800000e-10  0.00000000e+00  1.20000000e+00 
 2.12800000e-10  0.00000000e+00  1.20000000e+00 
 2.22800000e-10  0.00000000e+00  1.20000000e+00 
 2.32800000e-10  0.00000000e+00  1.20000000e+00 
 2.42800000e-10  0.00000000e+00  1.20000000e+00 
 2.52800000e-10  0.00000000e+00  1.20000000e+00 
 2.62800000e-10  0.00000000e+00  1.20000000e+00 
 2.72800000e-10  0.00000000e+00  1.20000000e+00 
 2.82800000e-10  0.00000000e+00  1.20000000e+00 
 2.92800000e-10  0.00000000e+00  1.20000000e+00 
 3.02800000e-10  0.00000000e+00  1.20000000e+00 
 3.12800000e-10  0.00000000e+00  1.20000000e+00 
 3.22800000e-10  0.00000000e+00  1.20000000e+00 
 3.32800000e-10  0.00000000e+00  1.20000000e+00 
 3.42800000e-10  0.00000000e+00  1.20000000e+00 
 3.52800000e-10  0.00000000e+00  1.20000000e+00 
 3.62800000e-10  0.00000000e+00  1.20000000e+00 
 3.72800000e-10  0.00000000e+00  1.20000000e+00 
 3.82800000e-10  0.00000000e+00  1.20000000e+00 
 3.92800000e-10  0.00000000e+00  1.20000000e+00 
 4.02800000e-10  0.00000000e+00  1.20000000e+00 
 4.12800000e-10  0.00000000e+00  1.20000000e+00 
 4.22800000e-10  0.00000000e+00  1.20000000e+00 
 4.32800000e-10  0.00000000e+00  1.20000000e+00 
 4.42800000e-10  0.00000000e+00  1.20000000e+00 
 4.52800000e-10  0.00000000e+00  1.20000000e+00 
 4.62800000e-10  0.00000000e+00  1.20000000e+00 
 4.72800000e-10  0.00000000e+00  1.20000000e+00 
 4.82800000e-10  0.00000000e+00  1.20000000e+00 
 4.92800000e-10  0.00000000e+00  1.20000000e+00 
 5.02800000e-10  0.00000000e+00  1.20000000e+00 
 5.12800000e-10  0.00000000e+00  1.20000000e+00 
 5.22800000e-10  0.00000000e+00  1.20000000e+00 
 5.32800000e-10  0.00000000e+00  1.20000000e+00 
 5.42800000e-10  0.00000000e+00  1.20000000e+00 
 5.52800000e-10  0.00000000e+00  1.20000000e+00 
 5.62800000e-10  0.00000000e+00  1.20000000e+00 
 5.72800000e-10  0.00000000e+00  1.20000000e+00 
 5.82800000e-10  0.00000000e+00  1.20000000e+00 
 5.92800000e-10  0.00000000e+00  1.20000000e+00 
 6.02800000e-10  0.00000000e+00  1.20000000e+00 
 6.12800000e-10  0.00000000e+00  1.20000000e+00 
 6.22800000e-10  0.00000000e+00  1.20000000e+00 
 6.32800000e-10  0.00000000e+00  1.20000000e+00 
 6.42800000e-10  0.00000000e+00  1.20000000e+00 
 6.52800000e-10  0.00000000e+00  1.20000000e+00 
 6.62800000e-10  0.00000000e+00  1.20000000e+00 
 6.72800000e-10  0.00000000e+00  1.20000000e+00 
 6.82800000e-10  0.00000000e+00  1.20000000e+00 
 6.92800000e-10  0.00000000e+00  1.20000000e+00 
 7.02800000e-10  0.00000000e+00  1.20000000e+00 
 7.12800000e-10  0.00000000e+00  1.20000000e+00 
 7.22800000e-10  0.00000000e+00  1.20000000e+00 
 7.32800000e-10  0.00000000e+00  1.20000000e+00 
 7.42800000e-10  0.00000000e+00  1.20000000e+00 
 7.52800000e-10  0.00000000e+00  1.20000000e+00 
 7.62800000e-10  0.00000000e+00  1.20000000e+00 
 7.72800000e-10  0.00000000e+00  1.20000000e+00 
 7.82800000e-10  0.00000000e+00  1.20000000e+00 
 7.92800000e-10  0.00000000e+00  1.20000000e+00 
 8.02800000e-10  0.00000000e+00  1.20000000e+00 
 8.12800000e-10  0.00000000e+00  1.20000000e+00 
 8.22800000e-10  0.00000000e+00  1.20000000e+00 
 8.32800000e-10  0.00000000e+00  1.20000000e+00 
 8.42800000e-10  0.00000000e+00  1.20000000e+00 
 8.52800000e-10  0.00000000e+00  1.20000000e+00 
 8.62800000e-10  0.00000000e+00  1.20000000e+00 
 8.72800000e-10  0.00000000e+00  1.20000000e+00 
 8.82800000e-10  0.00000000e+00  1.20000000e+00 
 8.92800000e-10  0.00000000e+00  1.20000000e+00 
 9.02800000e-10  0.00000000e+00  1.20000000e+00 
 9.12800000e-10  0.00000000e+00  1.20000000e+00 
 9.22800000e-10  0.00000000e+00  1.20000000e+00 
 9.32800000e-10  0.00000000e+00  1.20000000e+00 
 9.42800000e-10  0.00000000e+00  1.20000000e+00 
 9.52800000e-10  0.00000000e+00  1.20000000e+00 
 9.62800000e-10  0.00000000e+00  1.20000000e+00 
 9.72800000e-10  0.00000000e+00  1.20000000e+00 
 9.82800000e-10  0.00000000e+00  1.20000000e+00 
 9.92800000e-10  0.00000000e+00  1.20000000e+00 
 1.00000000e-09  0.00000000e+00  1.20000000e+00 
 1.00000084e-09  1.00408583e-05  1.20000902e+00 
 1.00000251e-09  3.01225750e-05  1.20002705e+00 
 1.00000586e-09  7.02860084e-05  1.20006306e+00 
 1.00001255e-09  1.50612875e-04  1.20013482e+00 
 1.00002594e-09  3.11266609e-04  1.20027736e+00 
 1.00005271e-09  6.32574076e-04  1.20055857e+00 
 1.00010627e-09  1.27518901e-03  1.20110578e+00 
 1.00021337e-09  2.56041888e-03  1.20214219e+00 
 1.00042757e-09  5.13087862e-03  1.20400297e+00 
 1.00069385e-09  8.32619328e-03  1.20596898e+00 
 1.00096018e-09  1.15221710e-02  1.20760988e+00 
 1.00124142e-09  1.48970868e-02  1.20905109e+00 
 1.00153288e-09  1.83945807e-02  1.21028471e+00 
 1.00185032e-09  2.22038417e-02  1.21138415e+00 
 1.00218478e-09  2.62173290e-02  1.21232122e+00 
 1.00254959e-09  3.05950205e-02  1.21313925e+00 
 1.00293841e-09  3.52609530e-02  1.21382892e+00 
 1.00336575e-09  4.03890188e-02  1.21442221e+00 
 1.00382806e-09  4.59367654e-02  1.21491949e+00 
 1.00434194e-09  5.21032989e-02  1.21534495e+00 
 1.00490789e-09  5.88947272e-02  1.21570484e+00 
 1.00554746e-09  6.65694663e-02  1.21601954e+00 
 1.00626850e-09  7.52219422e-02  1.21629946e+00 
 1.00710355e-09  8.52426395e-02  1.21656464e+00 
 1.00807641e-09  9.69169745e-02  1.21683050e+00 
 1.00924636e-09  1.10956303e-01  1.21712257e+00 
 1.01067868e-09  1.28144117e-01  1.21746880e+00 
 1.01250801e-09  1.50096151e-01  1.21791871e+00 
 1.01492153e-09  1.79058362e-01  1.21854748e+00 
 1.01766979e-09  2.12037458e-01  1.21935135e+00 
 1.02055057e-09  2.46606880e-01  1.22030277e+00 
 1.02297825e-09  2.75738981e-01  1.22118612e+00 
 1.02529906e-09  3.03588757e-01  1.22210367e+00 
 1.02719165e-09  3.26299826e-01  1.22292181e+00 
 1.02857093e-09  3.42851208e-01  1.22356112e+00 
 1.02966341e-09  3.55960862e-01  1.22408659e+00 
 1.03081652e-09  3.69798249e-01  1.22466080e+00 
 1.03185017e-09  3.82202097e-01  1.22517879e+00 
 1.03290623e-09  3.94874754e-01  1.22569813e+00 
 1.03422607e-09  4.10712838e-01  1.22631253e+00 
 1.03551143e-09  4.26137202e-01  1.22683886e+00 
 1.03681621e-09  4.41794556e-01  1.22726204e+00 
 1.03831288e-09  4.59754574e-01  1.22755665e+00 
 1.03986690e-09  4.78402787e-01  1.22758328e+00 
 1.04149704e-09  4.97964438e-01  1.22722883e+00 
 1.04305251e-09  5.16630175e-01  1.22645144e+00 
 1.04462680e-09  5.35521657e-01  1.22514888e+00 
 1.04606760e-09  5.52811212e-01  1.22343103e+00 
 1.04745727e-09  5.69487182e-01  1.22122634e+00 
 1.04871078e-09  5.84529403e-01  1.21871217e+00 
 1.04990845e-09  5.98901371e-01  1.21577976e+00 
 1.05099582e-09  6.11949877e-01  1.21260918e+00 
 1.05203133e-09  6.24375965e-01  1.20907991e+00 
 1.05298019e-09  6.35762289e-01  1.20535264e+00 
 1.05388461e-09  6.46615330e-01  1.20130347e+00 
 1.05472213e-09  6.56665510e-01  1.19706718e+00 
 1.05552273e-09  6.66272738e-01  1.19252495e+00 
 1.05627108e-09  6.75252973e-01  1.18779101e+00 
 1.05699105e-09  6.83892546e-01  1.18275954e+00 
 1.05759700e-09  6.91163980e-01  1.17810898e+00 
 1.05814553e-09  6.97746408e-01  1.17352356e+00 
 1.05872219e-09  7.04666231e-01  1.16830300e+00 
 1.05925168e-09  7.11020166e-01  1.16312558e+00 
 1.05981596e-09  7.17791570e-01  1.15717738e+00 
 1.06045198e-09  7.25423716e-01  1.14991065e+00 
 1.06106459e-09  7.32775072e-01  1.14232053e+00 
 1.06173577e-09  7.40829277e-01  1.13330730e+00 
 1.06245250e-09  7.49429985e-01  1.12284379e+00 
 1.06323268e-09  7.58792194e-01  1.11043351e+00 
 1.06405092e-09  7.68610980e-01  1.09624681e+00 
 1.06499871e-09  7.79984503e-01  1.07829848e+00 
 1.06599387e-09  7.91926420e-01  1.05770659e+00 
 1.06696562e-09  8.03587403e-01  1.03589214e+00 
 1.06798503e-09  8.15820317e-01  1.01122435e+00 
 1.06904223e-09  8.28506793e-01  9.83746087e-01 
 1.07015051e-09  8.41806146e-01  9.52903082e-01 
 1.07124517e-09  8.54942070e-01  9.20424113e-01 
 1.07237429e-09  8.68491520e-01  8.84856014e-01 
 1.07348482e-09  8.81817899e-01  8.47856198e-01 
 1.07444347e-09  8.93321648e-01  8.14332295e-01 
 1.07527547e-09  9.03305609e-01  7.84067334e-01 
 1.07606922e-09  9.12830583e-01  7.54198668e-01 
 1.07681213e-09  9.21745576e-01  7.25380642e-01 
 1.07749201e-09  9.29904110e-01  6.98295971e-01 
 1.07813339e-09  9.37600656e-01  6.72139968e-01 
 1.07873615e-09  9.44833828e-01  6.47042098e-01 
 1.07929938e-09  9.51592578e-01  6.23157129e-01 
 1.07983061e-09  9.57967297e-01  6.00265023e-01 
 1.08033264e-09  9.63991695e-01  5.78325412e-01 
 1.08080709e-09  9.69685027e-01  5.57338233e-01 
 1.08125703e-09  9.75084368e-01  5.37227201e-01 
 1.08168514e-09  9.80221705e-01  5.17924322e-01 
 1.08206601e-09  9.84792163e-01  5.00631405e-01 
 1.08242485e-09  9.89098206e-01  4.84251928e-01 
 1.08277732e-09  9.93327815e-01  4.68097190e-01 
 1.08312251e-09  9.97470165e-01  4.52229197e-01 
 1.08346776e-09  1.00161310e+00  4.36331552e-01 
 1.08385018e-09  1.00620210e+00  4.18716008e-01 
 1.08420346e-09  1.01044153e+00  4.02461474e-01 
 1.08457924e-09  1.01495091e+00  3.85222089e-01 
 1.08493710e-09  1.01924519e+00  3.68884597e-01 
 1.08529515e-09  1.02354181e+00  3.52650893e-01 
 1.08564110e-09  1.02769316e+00  3.37107152e-01 
 1.08599387e-09  1.03192641e+00  3.21436298e-01 
 1.08633982e-09  1.03607787e+00  3.06281360e-01 
 1.08668983e-09  1.04027796e+00  2.91203156e-01 
 1.08703535e-09  1.04442415e+00  2.76608165e-01 
 1.08738803e-09  1.04865639e+00  2.62047673e-01 
 1.08774199e-09  1.05290389e+00  2.47817301e-01 
 1.08810666e-09  1.05727987e+00  2.33598547e-01 
 1.08847825e-09  1.06173896e+00  2.19611618e-01 
 1.08886761e-09  1.06641127e+00  2.05539984e-01 
 1.08927508e-09  1.07130100e+00  1.91492494e-01 
 1.08971574e-09  1.07658889e+00  1.77120109e-01 
 1.09014257e-09  1.08171087e+00  1.64058018e-01 
 1.09058756e-09  1.08705076e+00  1.51339555e-01 
 1.09136778e-09  1.09641333e+00  1.31245127e-01 
 1.09211318e-09  1.10535814e+00  1.14634915e-01 
 1.09250464e-09  1.11005567e+00  1.06862481e-01 
 1.09297352e-09  1.11568222e+00  9.83672033e-02 
 1.09343166e-09  1.12117993e+00  9.08858844e-02 
 1.09380705e-09  1.12568464e+00  8.53146042e-02 
 1.09423178e-09  1.13078139e+00  7.95752074e-02 
 1.09471693e-09  1.13660312e+00  7.36924342e-02 
 1.09516308e-09  1.14195696e+00  6.88653719e-02 
 1.09566947e-09  1.14803368e+00  6.40026796e-02 
 1.09615469e-09  1.15385625e+00  5.98977587e-02 
 1.09665442e-09  1.15985302e+00  5.61761348e-02 
 1.09716102e-09  1.16593227e+00  5.28686127e-02 
 1.09768502e-09  1.17222029e+00  4.98820513e-02 
 1.09822775e-09  1.17873295e+00  4.71966468e-02 
 1.09879217e-09  1.18550599e+00  4.47862050e-02 
 1.09938102e-09  1.19257219e+00  4.26290909e-02 
 1.09999739e-09  1.19996873e+00  4.07047390e-02 
 1.10000000e-09  1.20000000e+00  4.06972745e-02 
 1.10000008e-09  1.20000000e+00  4.06962649e-02 
 1.10000023e-09  1.20000000e+00  4.06942458e-02 
 1.10000054e-09  1.20000000e+00  4.06902079e-02 
 1.10000115e-09  1.20000000e+00  4.06821333e-02 
 1.10000237e-09  1.20000000e+00  4.06659887e-02 
 1.10000482e-09  1.20000000e+00  4.06337181e-02 
 1.10000972e-09  1.20000000e+00  4.05692511e-02 
 1.10001953e-09  1.20000000e+00  4.04406136e-02 
 1.10003913e-09  1.20000000e+00  4.01845201e-02 
 1.10007833e-09  1.20000000e+00  3.96770256e-02 
 1.10015674e-09  1.20000000e+00  3.86805375e-02 
 1.10031355e-09  1.20000000e+00  3.67594687e-02 
 1.10062717e-09  1.20000000e+00  3.31889413e-02 
 1.10105671e-09  1.20000000e+00  2.88385575e-02 
 1.10145748e-09  1.20000000e+00  2.52860654e-02 
 1.10189944e-09  1.20000000e+00  2.18650462e-02 
 1.10231955e-09  1.20000000e+00  1.90380253e-02 
 1.10278689e-09  1.20000000e+00  1.63150406e-02 
 1.10324776e-09  1.20000000e+00  1.40080336e-02 
 1.10375541e-09  1.20000000e+00  1.18389815e-02 
 1.10426517e-09  1.20000000e+00  9.99668445e-03 
 1.10482294e-09  1.20000000e+00  8.30534933e-03 
 1.10539223e-09  1.20000000e+00  6.87244538e-03 
 1.10601379e-09  1.20000000e+00  5.58717147e-03 
 1.10665768e-09  1.20000000e+00  4.50770896e-03 
 1.10736148e-09  1.20000000e+00  3.56378722e-03 
 1.10810114e-09  1.20000000e+00  2.78332383e-03 
 1.10891326e-09  1.20000000e+00  2.12095488e-03 
 1.10977988e-09  1.20000000e+00  1.58646363e-03 
 1.11073933e-09  1.20000000e+00  1.14963910e-03 
 1.11178122e-09  1.20000000e+00  8.09855859e-04 
 1.11295015e-09  1.20000000e+00  5.46031915e-04 
 1.11424751e-09  1.20000000e+00  3.52063802e-04 
 1.11573323e-09  1.20000000e+00  2.12433561e-04 
 1.11743189e-09  1.20000000e+00  1.18765027e-04 
 1.11944112e-09  1.20000000e+00  5.92230888e-05 
 1.12184306e-09  1.20000000e+00  2.53877511e-05 
 1.12484281e-09  1.20000000e+00  8.47762276e-06 
 1.12871026e-09  1.20000000e+00  1.84000843e-06 
 1.13406174e-09  1.20000000e+00  1.10818525e-07 
 1.14209573e-09  1.20000000e+00 -1.01463695e-08 
 1.15209573e-09  1.20000000e+00  8.93432227e-09 
 1.16209573e-09  1.20000000e+00  4.17273198e-09 
 1.17209573e-09  1.20000000e+00  5.36098914e-09 
 1.18209573e-09  1.20000000e+00  5.06445907e-09 
 1.19209573e-09  1.20000000e+00  5.13845814e-09 
 1.20209573e-09  1.20000000e+00  5.11999169e-09 
 1.21209573e-09  1.20000000e+00  5.12459999e-09 
 1.22209573e-09  1.20000000e+00  5.12344995e-09 
 1.23209573e-09  1.20000000e+00  5.12373704e-09 
 1.24209573e-09  1.20000000e+00  5.12366552e-09 
 1.25209573e-09  1.20000000e+00  5.12368321e-09 
 1.26209573e-09  1.20000000e+00  5.12367891e-09 
 1.27209573e-09  1.20000000e+00  5.12368003e-09 
 1.28209573e-09  1.20000000e+00  5.12367969e-09 
 1.29209573e-09  1.20000000e+00  5.12367997e-09 
 1.30209573e-09  1.20000000e+00  5.12367958e-09 
 1.31209573e-09  1.20000000e+00  5.12367964e-09 
 1.32209573e-09  1.20000000e+00  5.12367991e-09 
 1.33209573e-09  1.20000000e+00  5.12367958e-09 
 1.34209573e-09  1.20000000e+00  5.12367958e-09 
 1.35209573e-09  1.20000000e+00  5.12367969e-09 
 1.36209573e-09  1.20000000e+00  5.12367991e-09 
 1.37209573e-09  1.20000000e+00  5.12367964e-09 
 1.38209573e-09  1.20000000e+00  5.12367980e-09 
 1.39209573e-09  1.20000000e+00  5.12367969e-09 
 1.40209573e-09  1.20000000e+00  5.12367986e-09 
 1.41209573e-09  1.20000000e+00  5.12367980e-09 
 1.42209573e-09  1.20000000e+00  5.12367980e-09 
 1.43209573e-09  1.20000000e+00  5.12367975e-09 
 1.44209573e-09  1.20000000e+00  5.12367969e-09 
 1.45209573e-09  1.20000000e+00  5.12367980e-09 
 1.46209573e-09  1.20000000e+00  5.12367980e-09 
 1.47209573e-09  1.20000000e+00  5.12367969e-09 
 1.48209573e-09  1.20000000e+00  5.12367980e-09 
 1.49209573e-09  1.20000000e+00  5.12367975e-09 
 1.50209573e-09  1.20000000e+00  5.12367969e-09 
 1.51209573e-09  1.20000000e+00  5.12367980e-09 
 1.52209573e-09  1.20000000e+00  5.12367980e-09 
 1.53209573e-09  1.20000000e+00  5.12367975e-09 
 1.54209573e-09  1.20000000e+00  5.12367969e-09 
 1.55209573e-09  1.20000000e+00  5.12367980e-09 
 1.56209573e-09  1.20000000e+00  5.12367980e-09 
 1.57209573e-09  1.20000000e+00  5.12367969e-09 
 1.58209573e-09  1.20000000e+00  5.12367980e-09 
 1.59209573e-09  1.20000000e+00  5.12367975e-09 
 1.60000000e-09  1.20000000e+00  5.12367972e-09 
 1.60000045e-09  1.19999455e+00 -4.68157696e-06 
 1.60000136e-09  1.19998364e+00 -1.40535596e-05 
 1.60000318e-09  1.19996183e+00 -3.27890167e-05 
 1.60000682e-09  1.19991820e+00 -7.02259211e-05 
 1.60001409e-09  1.19983095e+00 -1.44963901e-04 
 1.60002863e-09  1.19965645e+00 -2.93898224e-04 
 1.60005771e-09  1.19930744e+00 -5.89613645e-04 
 1.60011588e-09  1.19860943e+00 -1.17253710e-03 
 1.60023222e-09  1.19721340e+00 -2.30518073e-03 
 1.60046489e-09  1.19442135e+00 -4.44399003e-03 
 1.60084522e-09  1.18985734e+00 -7.60644639e-03 
 1.60126990e-09  1.18476125e+00 -1.06996514e-02 
 1.60170851e-09  1.17949792e+00 -1.34732502e-02 
 1.60215410e-09  1.17415080e+00 -1.59149208e-02 
 1.60262286e-09  1.16852565e+00 -1.81342079e-02 
 1.60311617e-09  1.16260598e+00 -2.01411474e-02 
 1.60363808e-09  1.15634302e+00 -2.19557563e-02 
 1.60418836e-09  1.14973974e+00 -2.35822988e-02 
 1.60477296e-09  1.14272444e+00 -2.50443817e-02 
 1.60539372e-09  1.13527537e+00 -2.63521568e-02 
 1.60605753e-09  1.12730962e+00 -2.75261188e-02 
 1.60676787e-09  1.11878552e+00 -2.85784093e-02 
 1.60753341e-09  1.10959910e+00 -2.95283577e-02 
 1.60836028e-09  1.09967662e+00 -3.03903652e-02 
 1.60926019e-09  1.08887772e+00 -3.11840595e-02 
 1.61024347e-09  1.07707840e+00 -3.19266333e-02 
 1.61132703e-09  1.06407561e+00 -3.26425350e-02 
 1.61249676e-09  1.05003884e+00 -3.33358897e-02 
 1.61387165e-09  1.03354024e+00 -3.40850274e-02 
 1.61543351e-09  1.01479791e+00 -3.48925485e-02 
 1.61712428e-09  9.94508632e-01 -3.57523016e-02 
 1.61908443e-09  9.70986854e-01 -3.67658552e-02 
 1.62128913e-09  9.44530490e-01 -3.79592459e-02 
 1.62385294e-09  9.13764727e-01 -3.94500369e-02 
 1.62678462e-09  8.78584614e-01 -4.13211279e-02 
 1.62841428e-09  8.59028612e-01 -4.24475516e-02 
 1.62963079e-09  8.44430511e-01 -4.33277250e-02 
 1.63069927e-09  8.31608763e-01 -4.41244978e-02 
 1.63168466e-09  8.19784091e-01 -4.48619370e-02 
 1.63282954e-09  8.06045511e-01 -4.57239467e-02 
 1.63366831e-09  7.95980249e-01 -4.63570038e-02 
 1.63426388e-09  7.88833487e-01 -4.67933093e-02 
 1.63505532e-09  7.79336142e-01 -4.73428856e-02 
 1.63592119e-09  7.68945775e-01 -4.78871930e-02 
 1.63675276e-09  7.58966904e-01 -4.83311458e-02 
 1.63754334e-09  7.49479926e-01 -4.86564368e-02 
 1.63829048e-09  7.40514183e-01 -4.88539009e-02 
 1.63905445e-09  7.31346637e-01 -4.89206919e-02 
 1.63979757e-09  7.22429198e-01 -4.88305143e-02 
 1.64055382e-09  7.13354172e-01 -4.85560052e-02 
 1.64129303e-09  7.04483657e-01 -4.80845424e-02 
 1.64204188e-09  6.95497418e-01 -4.73761854e-02 
 1.64277627e-09  6.86684796e-01 -4.64307488e-02 
 1.64351658e-09  6.77801063e-01 -4.52004991e-02 
 1.64424314e-09  6.69082274e-01 -4.36973449e-02 
 1.64497133e-09  6.60344041e-01 -4.18712807e-02 
 1.64568509e-09  6.51778970e-01 -3.97459084e-02 
 1.64639572e-09  6.43251359e-01 -3.72744828e-02 
 1.64709027e-09  6.34916715e-01 -3.44914002e-02 
 1.64777692e-09  6.26676967e-01 -3.13575426e-02 
 1.64844548e-09  6.18654269e-01 -2.79158907e-02 
 1.64910186e-09  6.10777620e-01 -2.41369669e-02 
 1.64973842e-09  6.03139007e-01 -2.00687345e-02 
 1.65035951e-09  5.95685829e-01 -1.56910170e-02 
 1.65095966e-09  5.88484052e-01 -1.10527654e-02 
 1.65154221e-09  5.81493443e-01 -6.14145051e-03 
 1.65210342e-09  5.74759000e-01 -1.00375726e-03 
 1.65264593e-09  5.68248814e-01  4.36735864e-03 
 1.65316709e-09  5.61994960e-01  9.91663487e-03 
 1.65352156e-09  5.57741310e-01  1.39258801e-02 
 1.65392649e-09  5.52882173e-01  1.87634979e-02 
 1.65430458e-09  5.48345098e-01  2.35314084e-02 
 1.65460957e-09  5.44685143e-01  2.75596493e-02 
 1.65495626e-09  5.40524914e-01  3.23541215e-02 
 1.65532399e-09  5.36112066e-01  3.77017410e-02 
 1.65581016e-09  5.30278026e-01  4.51998381e-02 
 1.65617695e-09  5.25876660e-01  5.12051543e-02 
 1.65656087e-09  5.21269615e-01  5.78315163e-02 
 1.65697993e-09  5.16240793e-01  6.54729081e-02 
 1.65733519e-09  5.11977681e-01  7.23040334e-02 
 1.65774604e-09  5.07047565e-01  8.06249737e-02 
 1.65818949e-09  5.01726174e-01  9.01286612e-02 
 1.65862618e-09  4.96485877e-01  1.00031687e-01 
 1.65902697e-09  4.91676315e-01  1.09608661e-01 
 1.65939182e-09  4.87298149e-01  1.18745841e-01 
 1.65981922e-09  4.82169362e-01  1.29967245e-01 
 1.66023510e-09  4.77178765e-01  1.41432931e-01 
 1.66067008e-09  4.71959093e-01  1.54013636e-01 
 1.66124924e-09  4.65009068e-01  1.71718074e-01 
 1.66178117e-09  4.58626016e-01  1.88947721e-01 
 1.66256501e-09  4.49219895e-01  2.16038924e-01 
 1.66338276e-09  4.39406901e-01  2.46479025e-01 
 1.66430761e-09  4.28308675e-01  2.83593347e-01 
 1.66526070e-09  4.16871558e-01  3.24835955e-01 
 1.66573338e-09  4.11199395e-01  3.46388500e-01 
 1.66634309e-09  4.03882920e-01  3.75264463e-01 
 1.66756250e-09  3.89249970e-01  4.36662723e-01 
 1.66795242e-09  3.84571017e-01  4.57278665e-01 
 1.66848513e-09  3.78178474e-01  4.86210477e-01 
 1.66905733e-09  3.71312012e-01  5.18286479e-01 
 1.66934792e-09  3.67824926e-01  5.34929514e-01 
 1.66971258e-09  3.63449038e-01  5.56155143e-01 
 1.67044189e-09  3.54697262e-01  5.99761852e-01 
 1.67074584e-09  3.51049938e-01  6.18346873e-01 
 1.67117157e-09  3.45941129e-01  6.44769171e-01 
 1.67162022e-09  3.40557395e-01  6.73104962e-01 
 1.67188060e-09  3.37432797e-01  6.89762317e-01 
 1.67214715e-09  3.34234245e-01  7.06948030e-01 
 1.67250656e-09  3.29921332e-01  7.30307939e-01 
 1.67287216e-09  3.25534130e-01  7.54267208e-01 
 1.67320590e-09  3.21529199e-01  7.76289890e-01 
 1.67345931e-09  3.18488230e-01  7.93078525e-01 
 1.67370678e-09  3.15518666e-01  8.09500555e-01 
 1.67399058e-09  3.12112985e-01  8.28344480e-01 
 1.67422275e-09  3.09326993e-01  8.43737223e-01 
 1.67446629e-09  3.06404527e-01  8.59832053e-01 
 1.67471629e-09  3.03404556e-01  8.76267518e-01 
 1.67495159e-09  3.00580869e-01  8.91622498e-01 
 1.67519005e-09  2.97719382e-01  9.07032609e-01 
 1.67545132e-09  2.94584190e-01  9.23696342e-01 
 1.67569236e-09  2.91691671e-01  9.38821836e-01 
 1.67594176e-09  2.88698932e-01  9.54172202e-01 
 1.67617907e-09  2.85851209e-01  9.68450323e-01 
 1.67641756e-09  2.82989221e-01  9.82430371e-01 
 1.67665051e-09  2.80193834e-01  9.95685032e-01 
 1.67689181e-09  2.77298224e-01  1.00895536e+00 
 1.67713376e-09  2.74394937e-01  1.02175125e+00 
 1.67738650e-09  2.71362019e-01  1.03453369e+00 
 1.67764696e-09  2.68236516e-01  1.04704521e+00 
 1.67793017e-09  2.64837978e-01  1.05985495e+00 
 1.67824235e-09  2.61091831e-01  1.07298894e+00 
 1.67855855e-09  2.57297342e-01  1.08519815e+00 
 1.67888536e-09  2.53375724e-01  1.09668703e+00 
 1.67922708e-09  2.49275042e-01  1.10750601e+00 
 1.67960335e-09  2.44759746e-01  1.11804528e+00 
 1.67983004e-09  2.42039461e-01  1.12374902e+00 
 1.68007530e-09  2.39096383e-01  1.12940748e+00 
 1.68032543e-09  2.36094881e-01  1.13465928e+00 
 1.68056087e-09  2.33269532e-01  1.13915621e+00 
 1.68080725e-09  2.30313012e-01  1.14343089e+00 
 1.68108882e-09  2.26934214e-01  1.14782264e+00 
 1.68134466e-09  2.23864046e-01  1.15139266e+00 
 1.68164389e-09  2.20273323e-01  1.15510568e+00 
 1.68192468e-09  2.16903809e-01  1.15818003e+00 
 1.68222155e-09  2.13341432e-01  1.16104518e+00 
 1.68251714e-09  2.09794372e-01  1.16354804e+00 
 1.68282866e-09  2.06056126e-01  1.16585245e+00 
 1.68314738e-09  2.02231437e-01  1.16789944e+00 
 1.68348316e-09  1.98202044e-01  1.16976055e+00 
 1.68383064e-09  1.94032308e-01  1.17141113e+00 
 1.68419774e-09  1.89627074e-01  1.17289531e+00 
 1.68458149e-09  1.85022108e-01  1.17420566e+00 
 1.68498922e-09  1.80129405e-01  1.17537242e+00 
 1.68541987e-09  1.74961609e-01  1.17639667e+00 
 1.68588097e-09  1.69428390e-01  1.17730077e+00 
 1.68637359e-09  1.63516892e-01  1.17809062e+00 
 1.68690649e-09  1.57122095e-01  1.17878434e+00 
 1.68748369e-09  1.50195695e-01  1.17939085e+00 
 1.68811508e-09  1.42618992e-01  1.17992487e+00 
 1.68880880e-09  1.34294411e-01  1.18039771e+00 
 1.68958147e-09  1.25022345e-01  1.18082507e+00 
 1.69045042e-09  1.14595008e-01  1.18122022e+00 
 1.69144498e-09  1.02660296e-01  1.18159945e+00 
 1.69260215e-09  8.87741987e-02  1.18197846e+00 
 1.69398297e-09  7.22043151e-02  1.18237669e+00 
 1.69567733e-09  5.18720351e-02  1.18281569e+00 
 1.69783878e-09  2.59346243e-02  1.18332405e+00 
 1.70000000e-09  1.77635684e-15  1.18378560e+00 
 1.70000087e-09  0.00000000e+00  1.18379514e+00 
 1.70000261e-09  0.00000000e+00  1.18381421e+00 
 1.70000608e-09  0.00000000e+00  1.18385227e+00 
 1.70001303e-09  0.00000000e+00  1.18392813e+00 
 1.70002692e-09  0.00000000e+00  1.18407879e+00 
 1.70005472e-09  0.00000000e+00  1.18437595e+00 
 1.70011030e-09  0.00000000e+00  1.18495396e+00 
 1.70022147e-09  0.00000000e+00  1.18604764e+00 
 1.70044381e-09  0.00000000e+00  1.18800694e+00 
 1.70071046e-09  0.00000000e+00  1.19000152e+00 
 1.70098413e-09  0.00000000e+00  1.19170633e+00 
 1.70126656e-09  0.00000000e+00  1.19316304e+00 
 1.70156358e-09  0.00000000e+00  1.19442119e+00 
 1.70188057e-09  0.00000000e+00  1.19551077e+00 
 1.70221899e-09  0.00000000e+00  1.19644121e+00 
 1.70258256e-09  0.00000000e+00  1.19722789e+00 
 1.70297400e-09  0.00000000e+00  1.19788235e+00 
 1.70339885e-09  0.00000000e+00  1.19841972e+00 
 1.70386210e-09  0.00000000e+00  1.19885212e+00 
 1.70437195e-09  0.00000000e+00  1.19919316e+00 
 1.70493714e-09  0.00000000e+00  1.19945472e+00 
 1.70557109e-09  0.00000000e+00  1.19964918e+00 
 1.70629020e-09  0.00000000e+00  1.19978778e+00 
 1.70711931e-09  0.00000000e+00  1.19988162e+00 
 1.70809256e-09  0.00000000e+00  1.19994079e+00 
 1.70926388e-09  0.00000000e+00  1.19997468e+00 
 1.71071763e-09  0.00000000e+00  1.19999151e+00 
 1.71260213e-09  0.00000000e+00  1.19999817e+00 
 1.71519589e-09  0.00000000e+00  1.19999989e+00 
 1.71910755e-09  0.00000000e+00  1.20000001e+00 
 1.72593902e-09  0.00000000e+00  1.19999999e+00 
 1.73593902e-09  0.00000000e+00  1.20000000e+00 
 1.74593902e-09  0.00000000e+00  1.20000000e+00 
 1.75593902e-09  0.00000000e+00  1.20000000e+00 
 1.76593902e-09  0.00000000e+00  1.20000000e+00 
 1.77593902e-09  0.00000000e+00  1.20000000e+00 
 1.78593902e-09  0.00000000e+00  1.20000000e+00 
 1.79593902e-09  0.00000000e+00  1.20000000e+00 
 1.80593902e-09  0.00000000e+00  1.20000000e+00 
 1.81593902e-09  0.00000000e+00  1.20000000e+00 
 1.82593902e-09  0.00000000e+00  1.20000000e+00 
 1.83593902e-09  0.00000000e+00  1.20000000e+00 
 1.84593902e-09  0.00000000e+00  1.20000000e+00 
 1.85593902e-09  0.00000000e+00  1.20000000e+00 
 1.86593902e-09  0.00000000e+00  1.20000000e+00 
 1.87593902e-09  0.00000000e+00  1.20000000e+00 
 1.88593902e-09  0.00000000e+00  1.20000000e+00 
 1.89593902e-09  0.00000000e+00  1.20000000e+00 
 1.90593902e-09  0.00000000e+00  1.20000000e+00 
 1.91593902e-09  0.00000000e+00  1.20000000e+00 
 1.92593902e-09  0.00000000e+00  1.20000000e+00 
 1.93593902e-09  0.00000000e+00  1.20000000e+00 
 1.94593902e-09  0.00000000e+00  1.20000000e+00 
 1.95593902e-09  0.00000000e+00  1.20000000e+00 
 1.96593902e-09  0.00000000e+00  1.20000000e+00 
 1.97593902e-09  0.00000000e+00  1.20000000e+00 
 1.98593902e-09  0.00000000e+00  1.20000000e+00 
 1.99593902e-09  0.00000000e+00  1.20000000e+00 
 2.00593902e-09  0.00000000e+00  1.20000000e+00 
 2.01593902e-09  0.00000000e+00  1.20000000e+00 
 2.02593902e-09  0.00000000e+00  1.20000000e+00 
 2.03593902e-09  0.00000000e+00  1.20000000e+00 
 2.04593902e-09  0.00000000e+00  1.20000000e+00 
 2.05593902e-09  0.00000000e+00  1.20000000e+00 
 2.06593902e-09  0.00000000e+00  1.20000000e+00 
 2.07593902e-09  0.00000000e+00  1.20000000e+00 
 2.08593902e-09  0.00000000e+00  1.20000000e+00 
 2.09593902e-09  0.00000000e+00  1.20000000e+00 
 2.10593902e-09  0.00000000e+00  1.20000000e+00 
 2.11593902e-09  0.00000000e+00  1.20000000e+00 
 2.12593902e-09  0.00000000e+00  1.20000000e+00 
 2.13593902e-09  0.00000000e+00  1.20000000e+00 
 2.14593902e-09  0.00000000e+00  1.20000000e+00 
 2.15593902e-09  0.00000000e+00  1.20000000e+00 
 2.16593902e-09  0.00000000e+00  1.20000000e+00 
 2.17593902e-09  0.00000000e+00  1.20000000e+00 
 2.18593902e-09  0.00000000e+00  1.20000000e+00 
 2.19593902e-09  0.00000000e+00  1.20000000e+00 
 2.20593902e-09  0.00000000e+00  1.20000000e+00 
 2.21593902e-09  0.00000000e+00  1.20000000e+00 
 2.22593902e-09  0.00000000e+00  1.20000000e+00 
 2.23593902e-09  0.00000000e+00  1.20000000e+00 
 2.24593902e-09  0.00000000e+00  1.20000000e+00 
 2.25593902e-09  0.00000000e+00  1.20000000e+00 
 2.26593902e-09  0.00000000e+00  1.20000000e+00 
 2.27593902e-09  0.00000000e+00  1.20000000e+00 
 2.28593902e-09  0.00000000e+00  1.20000000e+00 
 2.29593902e-09  0.00000000e+00  1.20000000e+00 
 2.30593902e-09  0.00000000e+00  1.20000000e+00 
 2.31593902e-09  0.00000000e+00  1.20000000e+00 
 2.32593902e-09  0.00000000e+00  1.20000000e+00 
 2.33593902e-09  0.00000000e+00  1.20000000e+00 
 2.34593902e-09  0.00000000e+00  1.20000000e+00 
 2.35593902e-09  0.00000000e+00  1.20000000e+00 
 2.36593902e-09  0.00000000e+00  1.20000000e+00 
 2.37593902e-09  0.00000000e+00  1.20000000e+00 
 2.38593902e-09  0.00000000e+00  1.20000000e+00 
 2.39593902e-09  0.00000000e+00  1.20000000e+00 
 2.40000000e-09  0.00000000e+00  1.20000000e+00 
 2.40000052e-09  6.19714782e-06  1.20000557e+00 
 2.40000155e-09  1.85914435e-05  1.20001670e+00 
 2.40000362e-09  4.33800348e-05  1.20003895e+00 
 2.40000775e-09  9.29572173e-05  1.20008335e+00 
 2.40001601e-09  1.92111582e-04  1.20017177e+00 
 2.40003254e-09  3.90420313e-04  1.20034712e+00 
 2.40006559e-09  7.87037773e-04  1.20069193e+00 
 2.40013169e-09  1.58027269e-03  1.20135867e+00 
 2.40026390e-09  3.16674254e-03  1.20260562e+00 
 2.40052831e-09  6.33968222e-03  1.20478978e+00 
 2.40077245e-09  9.26943456e-03  1.20648440e+00 
 2.40106630e-09  1.27955410e-02  1.20818663e+00 
 2.40133076e-09  1.59691764e-02  1.20945508e+00 
 2.40165095e-09  1.98113740e-02  1.21072126e+00 
 2.40195637e-09  2.34764378e-02  1.21170361e+00 
 2.40231905e-09  2.78285445e-02  1.21264494e+00 
 2.40267562e-09  3.21074301e-02  1.21338119e+00 
 2.40309389e-09  3.71266908e-02  1.21406265e+00 
 2.40351767e-09  4.22120322e-02  1.21460007e+00 
 2.40401286e-09  4.81542731e-02  1.21508593e+00 
 2.40452932e-09  5.43517846e-02  1.21547474e+00 
 2.40513505e-09  6.16205844e-02  1.21582596e+00 
 2.40578663e-09  6.94396096e-02  1.21611943e+00 
 2.40656089e-09  7.87307315e-02  1.21639793e+00 
 2.40742494e-09  8.90992564e-02  1.21665615e+00 
 2.40847865e-09  1.01743802e-01  1.21693306e+00 
 2.40971383e-09  1.16565975e-01  1.21723589e+00 
 2.41129100e-09  1.35492002e-01  1.21761756e+00 
 2.41328090e-09  1.59370846e-01  1.21811503e+00 
 2.41597369e-09  1.91684283e-01  1.21883748e+00 
 2.41867814e-09  2.24137668e-01  1.21966066e+00 
 2.42162578e-09  2.59509369e-01  1.22067987e+00 
 2.42347400e-09  2.81688059e-01  1.22137630e+00 
 2.42561333e-09  3.07359987e-01  1.22223973e+00 
 2.42744280e-09  3.29313642e-01  1.22304192e+00 
 2.42880186e-09  3.45622270e-01  1.22367794e+00 
 2.42988941e-09  3.58672861e-01  1.22420420e+00 
 2.43102428e-09  3.72291336e-01  1.22476929e+00 
 2.43208453e-09  3.85014360e-01  1.22529873e+00 
 2.43314378e-09  3.97725373e-01  1.22581500e+00 
 2.43446322e-09  4.13558642e-01  1.22641732e+00 
 2.43574357e-09  4.28922786e-01  1.22692423e+00 
 2.43709639e-09  4.45156640e-01  1.22733476e+00 
 2.43858610e-09  4.63033190e-01  1.22758425e+00 
 2.44017896e-09  4.82147524e-01  1.22754823e+00 
 2.44177559e-09  5.01307138e-01  1.22712356e+00 
 2.44335059e-09  5.20207035e-01  1.22624709e+00 
 2.44489856e-09  5.38782711e-01  1.22486567e+00 
 2.44633694e-09  5.56043304e-01  1.22304801e+00 
 2.44769478e-09  5.72337389e-01  1.22079036e+00 
 2.44894210e-09  5.87305219e-01  1.21818824e+00 
 2.45011434e-09  6.01372045e-01  1.21521853e+00 
 2.45119508e-09  6.14340946e-01  1.21197065e+00 
 2.45221085e-09  6.26530148e-01  1.20841280e+00 
 2.45315339e-09  6.37840657e-01  1.20461657e+00 
 2.45404282e-09  6.48513872e-01  1.20054084e+00 
 2.45487475e-09  6.58496962e-01  1.19624019e+00 
 2.45566390e-09  6.67966772e-01  1.19166973e+00 
 2.45640748e-09  6.76889812e-01  1.18687297e+00 
 2.45711946e-09  6.85433533e-01  1.18180238e+00 
 2.45772269e-09  6.92672298e-01  1.17708769e+00 
 2.45827291e-09  6.99274930e-01  1.17240506e+00 
 2.45884969e-09  7.06196335e-01  1.16708925e+00 
 2.45938106e-09  7.12572750e-01  1.16180047e+00 
 2.45994895e-09  7.19387367e-01  1.15570699e+00 
 2.46058230e-09  7.26987553e-01  1.14834429e+00 
 2.46120177e-09  7.34421254e-01  1.14053737e+00 
 2.46188288e-09  7.42594552e-01  1.13123021e+00 
 2.46262792e-09  7.51534991e-01  1.12014600e+00 
 2.46340387e-09  7.60846442e-01  1.10756406e+00 
 2.46425281e-09  7.71033776e-01  1.09255871e+00 
 2.46520110e-09  7.82413151e-01  1.07425383e+00 
 2.46621508e-09  7.94580963e-01  1.05288686e+00 
 2.46717874e-09  8.06144901e-01  1.03088364e+00 
 2.46821945e-09  8.18633392e-01  1.00529559e+00 
 2.46927965e-09  8.31355789e-01  9.77312027e-01 
 2.47039036e-09  8.44684334e-01  9.45955722e-01 
 2.47148792e-09  8.57855032e-01  9.12952276e-01 
 2.47261909e-09  8.71429132e-01  8.76869553e-01 
 2.47372513e-09  8.84701535e-01  8.39588576e-01 
 2.47464712e-09  8.95765386e-01  8.07023054e-01 
 2.47546726e-09  9.05607107e-01  7.76937392e-01 
 2.47625092e-09  9.15011058e-01  7.47225275e-01 
 2.47697781e-09  9.23733765e-01  7.18841052e-01 
 2.47764767e-09  9.31772094e-01  6.91999882e-01 
 2.47827999e-09  9.39359895e-01  6.66079852e-01 
 2.47887294e-09  9.46475257e-01  6.41277968e-01 
 2.47942817e-09  9.53138037e-01  6.17637830e-01 
 2.47995227e-09  9.59427218e-01  5.94973639e-01 
 2.48044756e-09  9.65370748e-01  5.73262523e-01 
 2.48091594e-09  9.70991225e-01  5.52489644e-01 
 2.48136048e-09  9.76325808e-01  5.32575748e-01 
 2.48178373e-09  9.81404733e-01  5.13457231e-01 
 2.48216167e-09  9.85940078e-01  4.96271434e-01 
 2.48251839e-09  9.90220727e-01  4.79969111e-01 
 2.48286890e-09  9.94426822e-01  4.63889905e-01 
 2.48321246e-09  9.98549550e-01  4.48088029e-01 
 2.48355961e-09  1.00271535e+00  4.32098795e-01 
 2.48393912e-09  1.00726945e+00  4.14619447e-01 
 2.48429419e-09  1.01153025e+00  3.98291783e-01 
 2.48466714e-09  1.01600567e+00  3.81199325e-01 
 2.48502399e-09  1.02028786e+00  3.64931992e-01 
 2.48538055e-09  1.02456663e+00  3.48798058e-01 
 2.48572665e-09  1.02871975e+00  3.33287382e-01 
 2.48607859e-09  1.03294308e+00  3.17702602e-01 
 2.48642482e-09  1.03709781e+00  3.02593456e-01 
 2.48677437e-09  1.04129248e+00  2.87602529e-01 
 2.48712069e-09  1.04544827e+00  2.73050780e-01 
 2.48747404e-09  1.04968843e+00  2.58552051e-01 
 2.48782985e-09  1.05395815e+00  2.44348024e-01 
 2.48819645e-09  1.05835735e+00  2.30169781e-01 
 2.48857139e-09  1.06285672e+00  2.16188372e-01 
 2.48896495e-09  1.06757935e+00  2.02118775e-01 
 2.48937899e-09  1.07254791e+00  1.88024577e-01 
 2.48982897e-09  1.07794769e+00  1.73567132e-01 
 2.49026776e-09  1.08321313e+00  1.60379880e-01 
 2.49072491e-09  1.08869891e+00  1.47592488e-01 
 2.49148046e-09  1.09776551e+00  1.28564789e-01 
 2.49212971e-09  1.10555653e+00  1.14281692e-01 
 2.49250101e-09  1.11001212e+00  1.06926865e-01 
 2.49292296e-09  1.11507556e+00  9.92461248e-02 
 2.49334015e-09  1.12008177e+00  9.23233973e-02 
 2.49376337e-09  1.12516044e+00  8.59421130e-02 
 2.49418168e-09  1.13018017e+00  8.02265096e-02 
 2.49461526e-09  1.13538316e+00  7.48769791e-02 
 2.49510395e-09  1.14124737e+00  6.94854484e-02 
 2.49555123e-09  1.14661480e+00  6.50933430e-02 
 2.49606826e-09  1.15281908e+00  6.06008371e-02 
 2.49655614e-09  1.15867368e+00  5.68778747e-02 
 2.49707209e-09  1.16486506e+00  5.34241719e-02 
 2.49758663e-09  1.17103952e+00  5.04172238e-02 
 2.49813018e-09  1.17756218e+00  4.76558841e-02 
 2.49868625e-09  1.18423497e+00  4.52153136e-02 
 2.49927371e-09  1.19128457e+00  4.30006772e-02 
 2.49988183e-09  1.19858201e+00  4.10447561e-02 
 2.50000000e-09  1.20000000e+00  4.07009147e-02 
 2.50000014e-09  1.20000000e+00  4.06990075e-02 
 2.50000043e-09  1.20000000e+00  4.06951932e-02 
 2.50000101e-09  1.20000000e+00  4.06875656e-02 
 2.50000217e-09  1.20000000e+00  4.06723146e-02 
 2.50000448e-09  1.20000000e+00  4.06418293e-02 
 2.50000911e-09  1.20000000e+00  4.05809248e-02 
 2.50001837e-09  1.20000000e+00  4.04593804e-02 
 2.50003688e-09  1.20000000e+00  4.02173461e-02 
 2.50007391e-09  1.20000000e+00  3.97374676e-02 
 2.50014797e-09  1.20000000e+00  3.87942434e-02 
 2.50029608e-09  1.20000000e+00  3.69721555e-02 
 2.50059230e-09  1.20000000e+00  3.35718539e-02 
 2.50098238e-09  1.20000000e+00  2.95539941e-02 
 2.50140824e-09  1.20000000e+00  2.57029457e-02 
 2.50182136e-09  1.20000000e+00  2.24389544e-02 
 2.50225993e-09  1.20000000e+00  1.94197757e-02 
 2.50270884e-09  1.20000000e+00  1.67448204e-02 
 2.50318152e-09  1.20000000e+00  1.43212852e-02 
 2.50367154e-09  1.20000000e+00  1.21753838e-02 
 2.50418978e-09  1.20000000e+00  1.02520434e-02 
 2.50473131e-09  1.20000000e+00  8.56405074e-03 
 2.50530638e-09  1.20000000e+00  7.07300006e-03 
 2.50591216e-09  1.20000000e+00  5.78087923e-03 
 2.50655910e-09  1.20000000e+00  4.65930643e-03 
 2.50724666e-09  1.20000000e+00  3.70389867e-03 
 2.50798643e-09  1.20000000e+00  2.89270394e-03 
 2.50878081e-09  1.20000000e+00  2.21761877e-03 
 2.50964390e-09  1.20000000e+00  1.66078208e-03 
 2.51058253e-09  1.20000000e+00  1.21209036e-03 
 2.51161581e-09  1.20000000e+00  8.56382711e-04 
 2.51275819e-09  1.20000000e+00  5.82731586e-04 
 2.51403885e-09  1.20000000e+00  3.77924296e-04 
 2.51548712e-09  1.20000000e+00  2.31082686e-04 
 2.51715424e-09  1.20000000e+00  1.30672561e-04 
 2.51910339e-09  1.20000000e+00  6.66396920e-05 
 2.52144136e-09  1.20000000e+00  2.92966981e-05 
 2.52432548e-09  1.20000000e+00  1.02905636e-05 
 2.52803853e-09  1.20000000e+00  2.43142877e-06 
 2.53309144e-09  1.20000000e+00  2.14167413e-07 
 2.54059003e-09  1.20000000e+00 -1.79865210e-08 
 2.55059003e-09  1.20000000e+00  1.08908220e-08 
 2.56059003e-09  1.20000000e+00  3.68448642e-09 
 2.57059003e-09  1.20000000e+00  5.48283095e-09 
 2.58059003e-09  1.20000000e+00  5.03405329e-09 
 2.59059003e-09  1.20000000e+00  5.14604597e-09 
 2.60059003e-09  1.20000000e+00  5.11809809e-09 
 2.61059003e-09  1.20000000e+00  5.12507247e-09 
 2.62059003e-09  1.20000000e+00  5.12333201e-09 
 2.63059003e-09  1.20000000e+00  5.12376644e-09 
 2.64059003e-09  1.20000000e+00  5.12365816e-09 
 2.65059003e-09  1.20000000e+00  5.12368510e-09 
 2.66059003e-09  1.20000000e+00  5.12367841e-09 
 2.67059003e-09  1.20000000e+00  5.12368014e-09 
 2.68059003e-09  1.20000000e+00  5.12367964e-09 
 2.69059003e-09  1.20000000e+00  5.12367986e-09 
 2.70059003e-09  1.20000000e+00  5.12367975e-09 
 2.71059003e-09  1.20000000e+00  5.12367975e-09 
 2.72059003e-09  1.20000000e+00  5.12367969e-09 
 2.73059003e-09  1.20000000e+00  5.12367986e-09 
 2.74059003e-09  1.20000000e+00  5.12367980e-09 
 2.75059003e-09  1.20000000e+00  5.12367975e-09 
 2.76059003e-09  1.20000000e+00  5.12367975e-09 
 2.77059003e-09  1.20000000e+00  5.12367969e-09 
 2.78059003e-09  1.20000000e+00  5.12367980e-09 
 2.79059003e-09  1.20000000e+00  5.12367975e-09 
 2.80059003e-09  1.20000000e+00  5.12367975e-09 
 2.81059003e-09  1.20000000e+00  5.12367975e-09 
 2.82059003e-09  1.20000000e+00  5.12367975e-09 
 2.83059003e-09  1.20000000e+00  5.12367975e-09 
 2.84059003e-09  1.20000000e+00  5.12367975e-09 
 2.85059003e-09  1.20000000e+00  5.12367975e-09 
 2.86059003e-09  1.20000000e+00  5.12367975e-09 
 2.87059003e-09  1.20000000e+00  5.12367975e-09 
 2.88059003e-09  1.20000000e+00  5.12367975e-09 
 2.89059003e-09  1.20000000e+00  5.12367975e-09 
 2.90059003e-09  1.20000000e+00  5.12367975e-09 
 2.91059003e-09  1.20000000e+00  5.12367975e-09 
 2.92059003e-09  1.20000000e+00  5.12367975e-09 
 2.93059003e-09  1.20000000e+00  5.12367975e-09 
 2.94059003e-09  1.20000000e+00  5.12367975e-09 
 2.95059003e-09  1.20000000e+00  5.12367975e-09 
 2.96059003e-09  1.20000000e+00  5.12367975e-09 
 2.97059003e-09  1.20000000e+00  5.12367975e-09 
 2.98059003e-09  1.20000000e+00  5.12367975e-09 
 2.99059003e-09  1.20000000e+00  5.12367975e-09 
 3.00000000e-09  1.20000000e+00  5.12367807e-09 
 3.00000053e-09  1.19999362e+00 -5.47395543e-06 
 3.00000159e-09  1.19998087e+00 -1.64301748e-05 
 3.00000372e-09  1.19995537e+00 -3.83309857e-05 
 3.00000797e-09  1.19990437e+00 -8.20861341e-05 
 3.00001647e-09  1.19980236e+00 -1.69410874e-04 
 3.00003347e-09  1.19959835e+00 -3.43320798e-04 
 3.00006747e-09  1.19919033e+00 -6.88203689e-04 
 3.00013548e-09  1.19837428e+00 -1.36638964e-03 
 3.00027148e-09  1.19674219e+00 -2.67775302e-03 
 3.00054350e-09  1.19347800e+00 -5.13042555e-03 
 3.00092629e-09  1.18888456e+00 -8.23038222e-03 
 3.00136068e-09  1.18367189e+00 -1.13066569e-02 
 3.00179364e-09  1.17847632e+00 -1.39670763e-02 
 3.00225047e-09  1.17299435e+00 -1.63985793e-02 
 3.00271763e-09  1.16738842e+00 -1.85440778e-02 
 3.00322241e-09  1.16133103e+00 -2.05344910e-02 
 3.00374434e-09  1.15506789e+00 -2.22910232e-02 
 3.00430650e-09  1.14832201e+00 -2.38981649e-02 
 3.00489320e-09  1.14128157e+00 -2.53157176e-02 
 3.00552694e-09  1.13367668e+00 -2.66047708e-02 
 3.00619529e-09  1.12565658e+00 -2.77451019e-02 
 3.00692049e-09  1.11695413e+00 -2.87815249e-02 
 3.00769368e-09  1.10767583e+00 -2.97072933e-02 
 3.00853846e-09  1.09753851e+00 -3.05580703e-02 
 3.00945036e-09  1.08659573e+00 -3.13364894e-02 
 3.01045640e-09  1.07452317e+00 -3.20742432e-02 
 3.01155841e-09  1.06129906e+00 -3.27843682e-02 
 3.01275650e-09  1.04692201e+00 -3.34810267e-02 
 3.01416145e-09  1.03006256e+00 -3.42367586e-02 
 3.01577246e-09  1.01073043e+00 -3.50648449e-02 
 3.01749914e-09  9.90010342e-01 -3.59436765e-02 
 3.01951888e-09  9.65773391e-01 -3.69956078e-02 
 3.02177610e-09  9.38686837e-01 -3.82329884e-02 
 3.02441888e-09  9.06973385e-01 -3.97966243e-02 
 3.02746230e-09  8.70452456e-01 -4.17808247e-02 
 3.02895110e-09  8.52586803e-01 -4.28311054e-02 
 3.03010867e-09  8.38695985e-01 -4.36809270e-02 
 3.03112767e-09  8.26467972e-01 -4.44481590e-02 
 3.03208377e-09  8.14994805e-01 -4.51691475e-02 
 3.03321051e-09  8.01473873e-01 -4.60166420e-02 
 3.03410658e-09  7.90721074e-01 -4.66785321e-02 
 3.03481907e-09  7.82171186e-01 -4.71769127e-02 
 3.03567218e-09  7.71933789e-01 -4.77293818e-02 
 3.03640420e-09  7.63149590e-01 -4.81483034e-02 
 3.03708708e-09  7.54955084e-01 -4.84738644e-02 
 3.03784955e-09  7.45805412e-01 -4.87443573e-02 
 3.03863141e-09  7.36423069e-01 -4.88956328e-02 
 3.03936836e-09  7.27579625e-01 -4.88971642e-02 
 3.04012319e-09  7.18521738e-01 -4.87315488e-02 
 3.04086352e-09  7.09637737e-01 -4.83801513e-02 
 3.04161484e-09  7.00621958e-01 -4.78063365e-02 
 3.04235118e-09  6.91785804e-01 -4.70064371e-02 
 3.04309427e-09  6.82868704e-01 -4.59349272e-02 
 3.04382369e-09  6.74115704e-01 -4.45997385e-02 
 3.04455586e-09  6.65329637e-01 -4.29514738e-02 
 3.04527404e-09  6.56711568e-01 -4.10098410e-02 
 3.04599035e-09  6.48115764e-01 -3.87272839e-02 
 3.04669121e-09  6.39705431e-01 -3.61346120e-02 
 3.04738542e-09  6.31374965e-01 -3.31908713e-02 
 3.04806218e-09  6.23253876e-01 -2.99362391e-02 
 3.04872783e-09  6.15266012e-01 -2.63390753e-02 
 3.04937415e-09  6.07510221e-01 -2.24457020e-02 
 3.05000579e-09  5.99930558e-01 -1.82340168e-02 
 3.05061676e-09  5.92598913e-01 -1.37524952e-02 
 3.05121060e-09  5.85472859e-01 -8.98715560e-03 
 3.05178316e-09  5.78602127e-01 -3.98510642e-03 
 3.05233722e-09  5.71953408e-01  1.26154383e-03 
 3.05287007e-09  5.65559209e-01  6.70967041e-03 
 3.05338304e-09  5.59403565e-01  1.23426118e-02 
 3.05373428e-09  5.55188647e-01  1.64361566e-02 
 3.05413492e-09  5.50380965e-01  2.13651168e-02 
 3.05450846e-09  5.45898465e-01  2.62128743e-02 
 3.05480962e-09  5.42284554e-01  3.03042684e-02 
 3.05515392e-09  5.38152956e-01  3.51999477e-02 
 3.05551910e-09  5.33770808e-01  4.06579493e-02 
 3.05600656e-09  5.27921236e-01  4.83843055e-02 
 3.05637369e-09  5.23515669e-01  5.45618234e-02 
 3.05675785e-09  5.18905817e-01  6.13751832e-02 
 3.05717384e-09  5.13913912e-01  6.91669607e-02 
 3.05753377e-09  5.09594796e-01  7.62741575e-02 
 3.05795608e-09  5.04527088e-01  8.50630812e-02 
 3.05839834e-09  4.99219971e-01  9.48039207e-02 
 3.05889017e-09  4.93317982e-01  1.06303730e-01 
 3.05934576e-09  4.87850842e-01  1.17599870e-01 
 3.05988001e-09  4.81439934e-01  1.31655392e-01 
 3.06038641e-09  4.75363046e-01  1.45801617e-01 
 3.06097502e-09  4.68299784e-01  1.63271145e-01 
 3.06153910e-09  4.61530858e-01  1.81065927e-01 
 3.06218290e-09  4.53805251e-01  2.02652233e-01 
 3.06287737e-09  4.45471615e-01  2.27477710e-01 
 3.06369998e-09  4.35600180e-01  2.58963049e-01 
 3.06463349e-09  4.24398147e-01  2.97438865e-01 
 3.06524727e-09  4.17032714e-01  3.24319025e-01 
 3.06576942e-09  4.10766968e-01  3.48162548e-01 
 3.06654050e-09  4.01514029e-01  3.85006062e-01 
 3.06711558e-09  3.94613087e-01  4.13748740e-01 
 3.06751515e-09  3.89818171e-01  4.34337811e-01 
 3.06805060e-09  3.83392768e-01  4.62708940e-01 
 3.06860281e-09  3.76766285e-01  4.92907912e-01 
 3.06893133e-09  3.72824014e-01  5.11284506e-01 
 3.06929131e-09  3.68504270e-01  5.31791076e-01 
 3.06982865e-09  3.62056205e-01  5.63147022e-01 
 3.07012448e-09  3.58506299e-01  5.80759460e-01 
 3.07052612e-09  3.53686513e-01  6.05052401e-01 
 3.07093204e-09  3.48815570e-01  6.30038148e-01 
 3.07126315e-09  3.44842204e-01  6.50725785e-01 
 3.07157693e-09  3.41076896e-01  6.70562979e-01 
 3.07194878e-09  3.36614624e-01  6.94353250e-01 
 3.07223832e-09  3.33140204e-01  7.13062567e-01 
 3.07256358e-09  3.29237092e-01  7.34253273e-01 
 3.07288560e-09  3.25372777e-01  7.55393734e-01 
 3.07314431e-09  3.22268302e-01  7.72463182e-01 
 3.07343971e-09  3.18723483e-01  7.92023859e-01 
 3.07371061e-09  3.15472681e-01  8.10003548e-01 
 3.07394989e-09  3.12601305e-01  8.25888357e-01 
 3.07421103e-09  3.09467602e-01  8.43201368e-01 
 3.07445810e-09  3.06502802e-01  8.59529719e-01 
 3.07469313e-09  3.03682431e-01  8.74983628e-01 
 3.07493465e-09  3.00784166e-01  8.90750426e-01 
 3.07517474e-09  2.97903113e-01  9.06272533e-01 
 3.07543809e-09  2.94742972e-01  9.23076880e-01 
 3.07567736e-09  2.91871661e-01  9.38100785e-01 
 3.07592809e-09  2.88862893e-01  9.53545584e-01 
 3.07616491e-09  2.86021127e-01  9.67807184e-01 
 3.07640435e-09  2.83147851e-01  9.81857604e-01 
 3.07663646e-09  2.80362449e-01  9.95081641e-01 
 3.07687824e-09  2.77461086e-01  1.00839800e+00 
 3.07711941e-09  2.74567041e-01  1.02117503e+00 
 3.07737233e-09  2.71532003e-01  1.03399181e+00 
 3.07763164e-09  2.68420313e-01  1.04647700e+00 
 3.07791426e-09  2.65028843e-01  1.05929562e+00 
 3.07822412e-09  2.61310545e-01  1.07237682e+00 
 3.07853647e-09  2.57562303e-01  1.08449335e+00 
 3.07886019e-09  2.53677699e-01  1.09594330e+00 
 3.07920354e-09  2.49557466e-01  1.10688816e+00 
 3.07958487e-09  2.44981580e-01  1.11763526e+00 
 3.07981326e-09  2.42240918e-01  1.12341201e+00 
 3.08005793e-09  2.39304833e-01  1.12908657e+00 
 3.08030763e-09  2.36308410e-01  1.13435884e+00 
 3.08054282e-09  2.33486207e-01  1.13887720e+00 
 3.08078870e-09  2.30535553e-01  1.14316977e+00 
 3.08107057e-09  2.27153159e-01  1.14759421e+00 
 3.08132584e-09  2.24089888e-01  1.15117957e+00 
 3.08162529e-09  2.20496528e-01  1.15492043e+00 
 3.08190540e-09  2.17135186e-01  1.15800866e+00 
 3.08220212e-09  2.13574564e-01  1.16089314e+00 
 3.08249697e-09  2.10036312e-01  1.16340855e+00 
 3.08280806e-09  2.06303248e-01  1.16572784e+00 
 3.08312596e-09  2.02488446e-01  1.16778626e+00 
 3.08346108e-09  1.98467011e-01  1.16965962e+00 
 3.08380758e-09  1.94309074e-01  1.17132029e+00 
 3.08417376e-09  1.89914867e-01  1.17281467e+00 
 3.08455629e-09  1.85324549e-01  1.17413371e+00 
 3.08496277e-09  1.80446728e-01  1.17530894e+00 
 3.08539186e-09  1.75297675e-01  1.17634050e+00 
 3.08585128e-09  1.69784600e-01  1.17725147e+00 
 3.08634184e-09  1.63897914e-01  1.17804725e+00 
 3.08687242e-09  1.57530993e-01  1.17874633e+00 
 3.08744676e-09  1.50638862e-01  1.17935735e+00 
 3.08807500e-09  1.43099979e-01  1.17989534e+00 
 3.08876468e-09  1.34823867e-01  1.18037122e+00 
 3.08953255e-09  1.25609355e-01  1.18080093e+00 
 3.09039523e-09  1.15257219e-01  1.18119747e+00 
 3.09138188e-09  1.03417438e-01  1.18157728e+00 
 3.09252830e-09  8.96604544e-02  1.18195582e+00 
 3.09389445e-09  7.32665737e-02  1.18235249e+00 
 3.09556741e-09  5.31911091e-02  1.18278847e+00 
 3.09769681e-09  2.76382704e-02  1.18329209e+00 
 3.10000000e-09  3.99680289e-15  1.18378655e+00 
 3.10000093e-09  0.00000000e+00  1.18379680e+00 
 3.10000280e-09  0.00000000e+00  1.18381729e+00 
 3.10000653e-09  0.00000000e+00  1.18385818e+00 
 3.10001400e-09  0.00000000e+00  1.18393966e+00 
 3.10002893e-09  0.00000000e+00  1.18410141e+00 
 3.10005880e-09  0.00000000e+00  1.18442009e+00 
 3.10011854e-09  0.00000000e+00  1.18503868e+00 
 3.10023801e-09  0.00000000e+00  1.18620436e+00 
 3.10047695e-09  0.00000000e+00  1.18827577e+00 
 3.10073570e-09  0.00000000e+00  1.19017277e+00 
 3.10101893e-09  0.00000000e+00  1.19190196e+00 
 3.10129487e-09  0.00000000e+00  1.19329461e+00 
 3.10160146e-09  0.00000000e+00  1.19456461e+00 
 3.10191391e-09  0.00000000e+00  1.19561250e+00 
 3.10226158e-09  0.00000000e+00  1.19654412e+00 
 3.10262196e-09  0.00000000e+00  1.19730213e+00 
 3.10302285e-09  0.00000000e+00  1.19795260e+00 
 3.10344609e-09  0.00000000e+00  1.19847044e+00 
 3.10391971e-09  0.00000000e+00  1.19889703e+00 
 3.10442994e-09  0.00000000e+00  1.19922495e+00 
 3.10500750e-09  0.00000000e+00  1.19948079e+00 
 3.10564484e-09  0.00000000e+00  1.19966677e+00 
 3.10638038e-09  0.00000000e+00  1.19980083e+00 
 3.10721825e-09  0.00000000e+00  1.19988962e+00 
 3.10821662e-09  0.00000000e+00  1.19994585e+00 
 3.10940844e-09  0.00000000e+00  1.19997723e+00 
 3.11090903e-09  0.00000000e+00  1.19999269e+00 
 3.11284750e-09  0.00000000e+00  1.19999852e+00 
 3.11556122e-09  0.00000000e+00  1.19999994e+00 
 3.11967438e-09  0.00000000e+00  1.20000001e+00 
 3.12708014e-09  0.00000000e+00  1.19999999e+00 
 3.13708014e-09  0.00000000e+00  1.20000000e+00 
 3.14708014e-09  0.00000000e+00  1.20000000e+00 
 3.15708014e-09  0.00000000e+00  1.20000000e+00 
 3.16708014e-09  0.00000000e+00  1.20000000e+00 
 3.17708014e-09  0.00000000e+00  1.20000000e+00 
 3.18708014e-09  0.00000000e+00  1.20000000e+00 
 3.19708014e-09  0.00000000e+00  1.20000000e+00 
 3.20708014e-09  0.00000000e+00  1.20000000e+00 
 3.21708014e-09  0.00000000e+00  1.20000000e+00 
 3.22708014e-09  0.00000000e+00  1.20000000e+00 
 3.23708014e-09  0.00000000e+00  1.20000000e+00 
 3.24708014e-09  0.00000000e+00  1.20000000e+00 
 3.25708014e-09  0.00000000e+00  1.20000000e+00 
 3.26708014e-09  0.00000000e+00  1.20000000e+00 
 3.27708014e-09  0.00000000e+00  1.20000000e+00 
 3.28708014e-09  0.00000000e+00  1.20000000e+00 
 3.29708014e-09  0.00000000e+00  1.20000000e+00 
 3.30708014e-09  0.00000000e+00  1.20000000e+00 
 3.31708014e-09  0.00000000e+00  1.20000000e+00 
 3.32708014e-09  0.00000000e+00  1.20000000e+00 
 3.33708014e-09  0.00000000e+00  1.20000000e+00 
 3.34708014e-09  0.00000000e+00  1.20000000e+00 
 3.35708014e-09  0.00000000e+00  1.20000000e+00 
 3.36708014e-09  0.00000000e+00  1.20000000e+00 
 3.37708014e-09  0.00000000e+00  1.20000000e+00 
 3.38708014e-09  0.00000000e+00  1.20000000e+00 
 3.39708014e-09  0.00000000e+00  1.20000000e+00 
 3.40708014e-09  0.00000000e+00  1.20000000e+00 
 3.41708014e-09  0.00000000e+00  1.20000000e+00 
 3.42708014e-09  0.00000000e+00  1.20000000e+00 
 3.43708014e-09  0.00000000e+00  1.20000000e+00 
 3.44708014e-09  0.00000000e+00  1.20000000e+00 
 3.45708014e-09  0.00000000e+00  1.20000000e+00 
 3.46708014e-09  0.00000000e+00  1.20000000e+00 
 3.47708014e-09  0.00000000e+00  1.20000000e+00 
 3.48708014e-09  0.00000000e+00  1.20000000e+00 
 3.49708014e-09  0.00000000e+00  1.20000000e+00 
 3.50708014e-09  0.00000000e+00  1.20000000e+00 
 3.51708014e-09  0.00000000e+00  1.20000000e+00 
 3.52708014e-09  0.00000000e+00  1.20000000e+00 
 3.53708014e-09  0.00000000e+00  1.20000000e+00 
 3.54708014e-09  0.00000000e+00  1.20000000e+00 
 3.55708014e-09  0.00000000e+00  1.20000000e+00 
 3.56708014e-09  0.00000000e+00  1.20000000e+00 
 3.57708014e-09  0.00000000e+00  1.20000000e+00 
 3.58708014e-09  0.00000000e+00  1.20000000e+00 
 3.59708014e-09  0.00000000e+00  1.20000000e+00 
 3.60708014e-09  0.00000000e+00  1.20000000e+00 
 3.61708014e-09  0.00000000e+00  1.20000000e+00 
 3.62708014e-09  0.00000000e+00  1.20000000e+00 
 3.63708014e-09  0.00000000e+00  1.20000000e+00 
 3.64708014e-09  0.00000000e+00  1.20000000e+00 
 3.65708014e-09  0.00000000e+00  1.20000000e+00 
 3.66708014e-09  0.00000000e+00  1.20000000e+00 
 3.67708014e-09  0.00000000e+00  1.20000000e+00 
 3.68708014e-09  0.00000000e+00  1.20000000e+00 
 3.69708014e-09  0.00000000e+00  1.20000000e+00 
 3.70708014e-09  0.00000000e+00  1.20000000e+00 
 3.71708014e-09  0.00000000e+00  1.20000000e+00 
 3.72708014e-09  0.00000000e+00  1.20000000e+00 
 3.73708014e-09  0.00000000e+00  1.20000000e+00 
 3.74708014e-09  0.00000000e+00  1.20000000e+00 
 3.75708014e-09  0.00000000e+00  1.20000000e+00 
 3.76708014e-09  0.00000000e+00  1.20000000e+00 
 3.77708014e-09  0.00000000e+00  1.20000000e+00 
 3.78708014e-09  0.00000000e+00  1.20000000e+00 
 3.79708014e-09  0.00000000e+00  1.20000000e+00 
 3.80000000e-09  9.92616735e-15  1.20000000e+00 
 3.80000040e-09  4.79985440e-06  1.20000431e+00 
 3.80000120e-09  1.43995632e-05  1.20001294e+00 
 3.80000280e-09  3.35989808e-05  1.20003017e+00 
 3.80000600e-09  7.19978159e-05  1.20006459e+00 
 3.80001240e-09  1.48795486e-04  1.20013320e+00 
 3.80002520e-09  3.02390827e-04  1.20026952e+00 
 3.80005080e-09  6.09581508e-04  1.20053862e+00 
 3.80010200e-09  1.22396287e-03  1.20106289e+00 
 3.80020439e-09  2.45272559e-03  1.20205820e+00 
 3.80040919e-09  4.91025104e-03  1.20385355e+00 
 3.80068061e-09  8.16733203e-03  1.20587959e+00 
 3.80094155e-09  1.12986047e-02  1.20750444e+00 
 3.80122692e-09  1.47230584e-02  1.20898337e+00 
 3.80151287e-09  1.81544499e-02  1.21020742e+00 
 3.80183340e-09  2.20008514e-02  1.21133126e+00 
 3.80216251e-09  2.59501246e-02  1.21226490e+00 
 3.80252968e-09  3.03562085e-02  1.21309938e+00 
 3.80291305e-09  3.49565628e-02  1.21378874e+00 
 3.80334192e-09  4.01030278e-02  1.21439294e+00 
 3.80379829e-09  4.55795318e-02  1.21489115e+00 
 3.80431269e-09  5.17523334e-02  1.21532365e+00 
 3.80487169e-09  5.84603193e-02  1.21568447e+00 
 3.80551031e-09  6.61237675e-02  1.21600330e+00 
 3.80622238e-09  7.46686047e-02  1.21628327e+00 
 3.80705398e-09  8.46477317e-02  1.21655012e+00 
 3.80801373e-09  9.61648092e-02  1.21681422e+00 
 3.80917497e-09  1.10099628e-01  1.21710518e+00 
 3.81058474e-09  1.27016919e-01  1.21744608e+00 
 3.81239189e-09  1.48702645e-01  1.21788958e+00 
 3.81476230e-09  1.77147633e-01  1.21850449e+00 
 3.81751306e-09  2.10156754e-01  1.21930421e+00 
 3.82038141e-09  2.44576920e-01  1.22024484e+00 
 3.82292666e-09  2.75119978e-01  1.22116655e+00 
 3.82525481e-09  3.03057751e-01  1.22208388e+00 
 3.82718864e-09  3.26263658e-01  1.22291918e+00 
 3.82854841e-09  3.42580972e-01  1.22354875e+00 
 3.82964742e-09  3.55769044e-01  1.22407676e+00 
 3.83081580e-09  3.69789583e-01  1.22465956e+00 
 3.83181640e-09  3.81796815e-01  1.22516057e+00 
 3.83289941e-09  3.94792898e-01  1.22569307e+00 
 3.83423920e-09  4.10870397e-01  1.22631744e+00 
 3.83553322e-09  4.26398640e-01  1.22684638e+00 
 3.83680661e-09  4.41679378e-01  1.22725919e+00 
 3.83833444e-09  4.60013239e-01  1.22755883e+00 
 3.83986416e-09  4.78369928e-01  1.22758348e+00 
 3.84151724e-09  4.98206832e-01  1.22722148e+00 
 3.84305493e-09  5.16659199e-01  1.22644985e+00 
 3.84448054e-09  5.33766526e-01  1.22529544e+00 
 3.84578835e-09  5.49460150e-01  1.22381055e+00 
 3.84698387e-09  5.63806451e-01  1.22204948e+00 
 3.84809240e-09  5.77108847e-01  1.22002949e+00 
 3.84913469e-09  5.89616259e-01  1.21775026e+00 
 3.85012669e-09  6.01520252e-01  1.21519959e+00 
 3.85107182e-09  6.12861822e-01  1.21238429e+00 
 3.85196862e-09  6.23623474e-01  1.20932633e+00 
 3.85281659e-09  6.33799117e-01  1.20604960e+00 
 3.85362008e-09  6.43440916e-01  1.20256027e+00 
 3.85438517e-09  6.52622068e-01  1.19885086e+00 
 3.85511649e-09  6.61397882e-01  1.19491331e+00 
 3.85581740e-09  6.69808797e-01  1.19074044e+00 
 3.85649339e-09  6.77920707e-01  1.18630599e+00 
 3.85722602e-09  6.86712223e-01  1.18101635e+00 
 3.85782089e-09  6.93850710e-01  1.17629729e+00 
 3.85842285e-09  7.01074149e-01  1.17108061e+00 
 3.85897957e-09  7.07754804e-01  1.16584819e+00 
 3.85947356e-09  7.13682752e-01  1.16085563e+00 
 3.86003740e-09  7.20448788e-01  1.15473106e+00 
 3.86066776e-09  7.28013118e-01  1.14731894e+00 
 3.86129682e-09  7.35561818e-01  1.13929999e+00 
 3.86198414e-09  7.43809648e-01  1.12979503e+00 
 3.86274199e-09  7.52903935e-01  1.11837828e+00 
 3.86351913e-09  7.62229577e-01  1.10561805e+00 
 3.86438853e-09  7.72662411e-01  1.09005360e+00 
 3.86533969e-09  7.84076322e-01  1.07145694e+00 
 3.86634345e-09  7.96121409e-01  1.05006528e+00 
 3.86731553e-09  8.07786320e-01  1.02764262e+00 
 3.86835910e-09  8.20309212e-01  1.00173395e+00 
 3.86943223e-09  8.33186782e-01  9.73141909e-01 
 3.87053643e-09  8.46437105e-01  9.41693090e-01 
 3.87164229e-09  8.59707425e-01  9.08165655e-01 
 3.87276890e-09  8.73226814e-01  8.71949425e-01 
 3.87387545e-09  8.86505427e-01  8.34384933e-01 
 3.87478002e-09  8.97360234e-01  8.02232749e-01 
 3.87559296e-09  9.07115466e-01  7.72248667e-01 
 3.87636877e-09  9.16425206e-01  7.42690829e-01 
 3.87708662e-09  9.25039491e-01  7.14538984e-01 
 3.87775014e-09  9.33001684e-01  6.87851271e-01 
 3.87837615e-09  9.40513795e-01  6.62103459e-01 
 3.87896292e-09  9.47555013e-01  6.37487261e-01 
 3.87951298e-09  9.54155820e-01  6.14006069e-01 
 3.88003235e-09  9.60388251e-01  5.91495228e-01 
 3.88052328e-09  9.66279406e-01  5.69932905e-01 
 3.88098772e-09  9.71852664e-01  5.49299630e-01 
 3.88142875e-09  9.77144989e-01  5.29515190e-01 
 3.88184883e-09  9.82185919e-01  5.10517245e-01 
 3.88222487e-09  9.86698489e-01  4.93401355e-01 
 3.88258030e-09  9.90963565e-01  4.77146054e-01 
 3.88292957e-09  9.95154882e-01  4.61114478e-01 
 3.88327241e-09  9.99268867e-01  4.45340701e-01 
 3.88362095e-09  1.00345139e+00  4.29285377e-01 
 3.88399850e-09  1.00798206e+00  4.11898216e-01 
 3.88435478e-09  1.01225731e+00  3.95521947e-01 
 3.88472588e-09  1.01671059e+00  3.78526263e-01 
 3.88508206e-09  1.02098473e+00  3.62306593e-01 
 3.88543765e-09  1.02525180e+00  3.46239239e-01 
 3.88578389e-09  1.02940673e+00  3.30749358e-01 
 3.88613532e-09  1.03362388e+00  3.15221335e-01 
 3.88648173e-09  1.03778076e+00  3.00144046e-01 
 3.88683104e-09  1.04197253e+00  2.85209910e-01 
 3.88717796e-09  1.04613550e+00  2.70685699e-01 
 3.88753183e-09  1.05038193e+00  2.56226371e-01 
 3.88788895e-09  1.05466736e+00  2.42039011e-01 
 3.88825695e-09  1.05908336e+00  2.27885860e-01 
 3.88863428e-09  1.06361138e+00  2.13905731e-01 
 3.88903085e-09  1.06837022e+00  1.99833620e-01 
 3.88944962e-09  1.07339543e+00  1.85702688e-01 
 3.88990644e-09  1.07887722e+00  1.71177633e-01 
 3.89035424e-09  1.08425082e+00  1.57888349e-01 
 3.89082045e-09  1.08984536e+00  1.45043738e-01 
 3.89147600e-09  1.09771202e+00  1.28667234e-01 
 3.89224395e-09  1.10692737e+00  1.11949075e-01 
 3.89264650e-09  1.11175794e+00  1.04187195e-01 
 3.89307994e-09  1.11695934e+00  9.65489756e-02 
 3.89358332e-09  1.12299985e+00  8.85555997e-02 
 3.89403839e-09  1.12846063e+00  8.20834915e-02 
 3.89452023e-09  1.13424273e+00  7.59561177e-02 
 3.89501758e-09  1.14021095e+00  7.03440140e-02 
 3.89547022e-09  1.14564259e+00  6.58097407e-02 
 3.89597263e-09  1.15167157e+00  6.13504964e-02 
 3.89644222e-09  1.15730668e+00  5.76738162e-02 
 3.89696164e-09  1.16353971e+00  5.40975590e-02 
 3.89746564e-09  1.16958768e+00  5.10647565e-02 
 3.89801329e-09  1.17615945e+00  4.81967146e-02 
 3.89855901e-09  1.18270806e+00  4.57256177e-02 
 3.89914674e-09  1.18976089e+00  4.34364140e-02 
 3.89974414e-09  1.19692971e+00  4.14488364e-02 
 3.90000000e-09  1.20000000e+00  4.06911050e-02 
 3.90000025e-09  1.20000000e+00  4.06877500e-02 
 3.90000076e-09  1.20000000e+00  4.06810406e-02 
 3.90000178e-09  1.20000000e+00  4.06676249e-02 
 3.90000382e-09  1.20000000e+00  4.06408064e-02 
 3.90000789e-09  1.20000000e+00  4.05872207e-02 
 3.90001603e-09  1.20000000e+00  4.04802541e-02 
 3.90003232e-09  1.20000000e+00  4.02671376e-02 
 3.90006490e-09  1.20000000e+00  3.98441523e-02 
 3.90013005e-09  1.20000000e+00  3.90110180e-02 
 3.90026036e-09  1.20000000e+00  3.73948817e-02 
 3.90052097e-09  1.20000000e+00  3.43538035e-02 
 3.90088854e-09  1.20000000e+00  3.04685660e-02 
 3.90131989e-09  1.20000000e+00  2.64527031e-02 
 3.90172543e-09  1.20000000e+00  2.31528411e-02 
 3.90216802e-09  1.20000000e+00  2.00123472e-02 
 3.90260687e-09  1.20000000e+00  1.73142826e-02 
 3.90308060e-09  1.20000000e+00  1.48039400e-02 
 3.90356077e-09  1.20000000e+00  1.26276024e-02 
 3.90407825e-09  1.20000000e+00  1.06359633e-02 
 3.90460957e-09  1.20000000e+00  8.91547287e-03 
 3.90518184e-09  1.20000000e+00  7.37041856e-03 
 3.90577638e-09  1.20000000e+00  6.04686823e-03 
 3.90641816e-09  1.20000000e+00  4.88230166e-03 
 3.90709275e-09  1.20000000e+00  3.89825511e-03 
 3.90782435e-09  1.20000000e+00  3.05296573e-03 
 3.90860291e-09  1.20000000e+00  2.35308985e-03 
 3.90945367e-09  1.20000000e+00  1.76966006e-03 
 3.91037187e-09  1.20000000e+00  1.30060552e-03 
 3.91138652e-09  1.20000000e+00  9.24821295e-04 
 3.91250067e-09  1.20000000e+00  6.35468495e-04 
 3.91375221e-09  1.20000000e+00  4.16332875e-04 
 3.91515817e-09  1.20000000e+00  2.58398889e-04 
 3.91677663e-09  1.20000000e+00  1.48701377e-04 
 3.91865504e-09  1.20000000e+00  7.78485564e-05 
 3.92090206e-09  1.20000000e+00  3.54590770e-05 
 3.92364722e-09  1.20000000e+00  1.32150824e-05 
 3.92715460e-09  1.20000000e+00  3.47429393e-06 
 3.93185108e-09  1.20000000e+00  4.29507130e-07 
 3.93868613e-09  1.20000000e+00 -2.22867044e-08 
 3.94868613e-09  1.20000000e+00  1.19638826e-08 
 3.95868613e-09  1.20000000e+00  3.41670347e-09 
 3.96868613e-09  1.20000000e+00  5.54965620e-09 
 3.97868613e-09  1.20000000e+00  5.01737700e-09 
 3.98868613e-09  1.20000000e+00  5.15020757e-09 
 3.99868613e-09  1.20000000e+00  5.11705980e-09 
 4.00000000e-09  1.20000000e+00  5.11943632e-09 
