 time            v(in1)          v(in2)          v(out)         
 0.00000000e+00  0.00000000e+00  0.00000000e+00  5.12368158e-09 
 1.00000000e-13  0.00000000e+00  0.00000000e+00  5.12368147e-09 
 2.00000000e-13  0.00000000e+00  0.00000000e+00  5.12368147e-09 
 4.00000000e-13  0.00000000e+00  0.00000000e+00  5.12368147e-09 
 8.00000000e-13  0.00000000e+00  0.00000000e+00  5.12368188e-09 
 1.60000000e-12  0.00000000e+00  0.00000000e+00  5.12368322e-09 
 3.20000000e-12  0.00000000e+00  0.00000000e+00  5.12368264e-09 
 6.40000000e-12  0.00000000e+00  0.00000000e+00  5.12368166e-09 
 1.28000000e-11  0.00000000e+00  0.00000000e+00  5.12368135e-09 
 2.28000000e-11  0.00000000e+00  0.00000000e+00  5.12368174e-09 
 3.28000000e-11  0.00000000e+00  0.00000000e+00  5.12368156e-09 
 4.28000000e-11  0.00000000e+00  0.00000000e+00  5.12368174e-09 
 5.28000000e-11  0.00000000e+00  0.00000000e+00  5.12368156e-09 
 6.28000000e-11  0.00000000e+00  0.00000000e+00  5.12368198e-09 
 7.28000000e-11  0.00000000e+00  0.00000000e+00  5.12368192e-09 
 8.28000000e-11  0.00000000e+00  0.00000000e+00  5.12368156e-09 
 9.28000000e-11  0.00000000e+00  0.00000000e+00  5.12368168e-09 
 1.00000000e-10  0.00000000e+00  0.00000000e+00  5.12368157e-09 
 1.00000837e-10  1.00408585e-05  0.00000000e+00  3.48132372e-06 
 1.00002510e-10  3.01225755e-05  0.00000000e+00  1.04319805e-05 
 1.00005857e-10  7.02860095e-05  0.00000000e+00  2.43228173e-05 
 1.00012551e-10  1.50612877e-04  0.00000000e+00  5.20624295e-05 
 1.00025939e-10  3.11266613e-04  0.00000000e+00  1.07372170e-04 
 1.00052715e-10  6.32574085e-04  0.00000000e+00  2.17304216e-04 
 1.00106266e-10  1.27518903e-03  0.00000000e+00  4.34348939e-04 
 1.00213368e-10  2.56041892e-03  0.00000000e+00  8.56696077e-04 
 1.00427573e-10  5.13087869e-03  0.00000000e+00  1.65192373e-03 
 1.00713262e-10  8.55913875e-03  0.00000000e+00  2.60630320e-03 
 1.01016901e-10  1.22028158e-02  0.00000000e+00  3.48753966e-03 
 1.01379730e-10  1.65567567e-02  0.00000000e+00  4.36977661e-03 
 1.01772268e-10  2.12672153e-02  0.00000000e+00  5.13410116e-03 
 1.02253401e-10  2.70408102e-02  0.00000000e+00  5.83901259e-03 
 1.02792382e-10  3.35085810e-02  0.00000000e+00  6.37845417e-03 
 1.03362905e-10  4.03548625e-02  0.00000000e+00  6.72291668e-03 
 1.03935697e-10  4.72283684e-02  0.00000000e+00  6.89058306e-03 
 1.04514916e-10  5.41789929e-02  0.00000000e+00  6.92582334e-03 
 1.05125043e-10  6.15005152e-02  0.00000000e+00  6.85757959e-03 
 1.05772720e-10  6.92726404e-02  0.00000000e+00  6.70262384e-03 
 1.06467408e-10  7.76088968e-02  0.00000000e+00  6.47419262e-03 
 1.07209892e-10  8.65187066e-02  0.00000000e+00  6.18755090e-03 
 1.07996858e-10  9.59622957e-02  0.00000000e+00  5.85921987e-03 
 1.08868217e-10  1.06418607e-01  0.00000000e+00  5.48634548e-03 
 1.09796738e-10  1.17560862e-01  0.00000000e+00  5.09478031e-03 
 1.10770803e-10  1.29249631e-01  0.00000000e+00  4.70204861e-03 
 1.11825144e-10  1.41901729e-01  0.00000000e+00  4.30533245e-03 
 1.12937303e-10  1.55247631e-01  0.00000000e+00  3.92259878e-03 
 1.14126343e-10  1.69516114e-01  0.00000000e+00  3.55471008e-03 
 1.15370910e-10  1.84450918e-01  0.00000000e+00  3.21362259e-03 
 1.16689466e-10  2.00273590e-01  0.00000000e+00  2.89774709e-03 
 1.18064896e-10  2.16778752e-01  0.00000000e+00  2.61335452e-03 
 1.19514749e-10  2.34176988e-01  0.00000000e+00  2.35784823e-03 
 1.21026290e-10  2.52315485e-01  0.00000000e+00  2.13389858e-03 
 1.22617132e-10  2.71405585e-01  0.00000000e+00  1.93876737e-03 
 1.24280173e-10  2.91362081e-01  0.00000000e+00  1.77297897e-03 
 1.26037638e-10  3.12451652e-01  0.00000000e+00  1.63361021e-03 
 1.27903648e-10  3.34843776e-01  0.00000000e+00  1.51835808e-03 
 1.29352546e-10  3.52230550e-01  0.00000000e+00  1.44681617e-03 
 1.30674485e-10  3.68093819e-01  0.00000000e+00  1.38892779e-03 
 1.31977502e-10  3.83730024e-01  0.00000000e+00  1.33323114e-03 
 1.33396231e-10  4.00754772e-01  0.00000000e+00  1.26552639e-03 
 1.34736974e-10  4.16843686e-01  0.00000000e+00  1.18414251e-03 
 1.35963449e-10  4.31561393e-01  0.00000000e+00  1.08631031e-03 
 1.37146635e-10  4.45759618e-01  0.00000000e+00  9.64190588e-04 
 1.38435683e-10  4.61228193e-01  0.00000000e+00  7.94274603e-04 
 1.39616931e-10  4.75403175e-01  0.00000000e+00  6.00941548e-04 
 1.40858217e-10  4.90298601e-01  0.00000000e+00  3.56268675e-04 
 1.42039931e-10  5.04479172e-01  0.00000000e+00  8.24126717e-05 
 1.43282711e-10  5.19392538e-01  0.00000000e+00 -2.49234463e-04 
 1.44492174e-10  5.33906091e-01  0.00000000e+00 -6.14957954e-04 
 1.45752498e-10  5.49029981e-01  0.00000000e+00 -1.04082561e-03 
 1.46988040e-10  5.63856485e-01  0.00000000e+00 -1.50238571e-03 
 1.48256361e-10  5.79076333e-01  0.00000000e+00 -2.02157347e-03 
 1.49494265e-10  5.93931183e-01  0.00000000e+00 -2.57326820e-03 
 1.50738440e-10  6.08861279e-01  0.00000000e+00 -3.17400696e-03 
 1.51937624e-10  6.23251483e-01  0.00000000e+00 -3.79935096e-03 
 1.53116564e-10  6.37398770e-01  0.00000000e+00 -4.46200433e-03 
 1.54239383e-10  6.50872594e-01  0.00000000e+00 -5.14160599e-03 
 1.55326787e-10  6.63921444e-01  0.00000000e+00 -5.85008382e-03 
 1.56357775e-10  6.76293306e-01  0.00000000e+00 -6.57319137e-03 
 1.57351168e-10  6.88214013e-01  0.00000000e+00 -7.32334313e-03 
 1.58296232e-10  6.99554782e-01  0.00000000e+00 -8.09181204e-03 
 1.59209719e-10  7.10516626e-01  0.00000000e+00 -8.89157587e-03 
 1.60087355e-10  7.21048255e-01  0.00000000e+00 -9.71855463e-03 
 1.60944598e-10  7.31335173e-01  0.00000000e+00 -1.05872251e-02 
 1.61781436e-10  7.41377234e-01  0.00000000e+00 -1.14979336e-02 
 1.62615565e-10  7.51386784e-01  0.00000000e+00 -1.24709109e-02 
 1.63454650e-10  7.61455802e-01  0.00000000e+00 -1.35174040e-02 
 1.64320223e-10  7.71842679e-01  0.00000000e+00 -1.46684447e-02 
 1.65223131e-10  7.82677572e-01  0.00000000e+00 -1.59451003e-02 
 1.66180536e-10  7.94166434e-01  0.00000000e+00 -1.73804212e-02 
 1.67202113e-10  8.06425351e-01  0.00000000e+00 -1.89990379e-02 
 1.68152697e-10  8.17832365e-01  0.00000000e+00 -2.05788958e-02 
 1.69051191e-10  8.28614291e-01  0.00000000e+00 -2.21298463e-02 
 1.69992785e-10  8.39913421e-01  0.00000000e+00 -2.38081523e-02 
 1.71031100e-10  8.52373206e-01  0.00000000e+00 -2.57158002e-02 
 1.72249450e-10  8.66993401e-01  0.00000000e+00 -2.80270381e-02 
 1.73769726e-10  8.85236714e-01  0.00000000e+00 -3.10253187e-02 
 1.75485610e-10  9.05827323e-01  0.00000000e+00 -3.45805195e-02 
 1.77103670e-10  9.25244042e-01  0.00000000e+00 -3.81285352e-02 
 1.78804946e-10  9.45659352e-01  0.00000000e+00 -4.21055213e-02 
 1.80533400e-10  9.66400803e-01  0.00000000e+00 -4.64555211e-02 
 1.82450958e-10  9.89411498e-01  0.00000000e+00 -5.17232650e-02 
 1.84195899e-10  1.01035079e+00  0.00000000e+00 -5.70029955e-02 
 1.85720180e-10  1.02864217e+00  0.00000000e+00 -6.20710431e-02 
 1.87132271e-10  1.04558725e+00  0.00000000e+00 -6.72143855e-02 
 1.88146356e-10  1.05775628e+00  0.00000000e+00 -7.12129380e-02 
 1.88815462e-10  1.06578555e+00  0.00000000e+00 -7.39983155e-02 
 1.89407629e-10  1.07289155e+00  0.00000000e+00 -7.65518408e-02 
 1.90007224e-10  1.08008668e+00  0.00000000e+00 -7.91984194e-02 
 1.90683954e-10  1.08820744e+00  0.00000000e+00 -8.22236141e-02 
 1.91304484e-10  1.09565381e+00  0.00000000e+00 -8.49813781e-02 
 1.91900783e-10  1.10280940e+00  0.00000000e+00 -8.75411132e-02 
 1.92461858e-10  1.10954230e+00  0.00000000e+00 -8.97988020e-02 
 1.93015888e-10  1.11619065e+00  0.00000000e+00 -9.18129478e-02 
 1.93554898e-10  1.12265878e+00  0.00000000e+00 -9.34984333e-02 
 1.94095475e-10  1.12914570e+00  0.00000000e+00 -9.48484444e-02 
 1.94629350e-10  1.13555220e+00  0.00000000e+00 -9.57812822e-02 
 1.95168167e-10  1.14201801e+00  0.00000000e+00 -9.62542211e-02 
 1.95705037e-10  1.14846044e+00  0.00000000e+00 -9.61951899e-02 
 1.96248560e-10  1.15498272e+00  0.00000000e+00 -9.55352739e-02 
 1.96796086e-10  1.16155303e+00  0.00000000e+00 -9.42007905e-02 
 1.97365925e-10  1.16839110e+00  0.00000000e+00 -9.20364724e-02 
 1.97945689e-10  1.17534826e+00  0.00000000e+00 -8.89601040e-02 
 1.98544732e-10  1.18253678e+00  0.00000000e+00 -8.47883740e-02 
 1.99149149e-10  1.18978979e+00  0.00000000e+00 -7.94876014e-02 
 1.99738354e-10  1.19686025e+00  0.00000000e+00 -7.31974956e-02 
 2.00000000e-10  1.20000000e+00  0.00000000e+00 -7.00367176e-02 
 2.00000497e-10  1.20000000e+00  0.00000000e+00 -7.00327333e-02 
 2.00001490e-10  1.20000000e+00  0.00000000e+00 -7.00247618e-02 
 2.00003476e-10  1.20000000e+00  0.00000000e+00 -7.00088005e-02 
 2.00007448e-10  1.20000000e+00  0.00000000e+00 -6.99768047e-02 
 2.00015393e-10  1.20000000e+00  0.00000000e+00 -6.99125204e-02 
 2.00031282e-10  1.20000000e+00  0.00000000e+00 -6.97827822e-02 
 2.00063060e-10  1.20000000e+00  0.00000000e+00 -6.95186366e-02 
 2.00126617e-10  1.20000000e+00  0.00000000e+00 -6.89717395e-02 
 2.00253731e-10  1.20000000e+00  0.00000000e+00 -6.78040756e-02 
 2.00454993e-10  1.20000000e+00  0.00000000e+00 -6.57535805e-02 
 2.00684958e-10  1.20000000e+00  0.00000000e+00 -6.31125316e-02 
 2.00917377e-10  1.20000000e+00  0.00000000e+00 -6.01230915e-02 
 2.01158997e-10  1.20000000e+00  0.00000000e+00 -5.66729173e-02 
 2.01409245e-10  1.20000000e+00  0.00000000e+00 -5.27334496e-02 
 2.01675581e-10  1.20000000e+00  0.00000000e+00 -4.81329179e-02 
 2.01953812e-10  1.20000000e+00  0.00000000e+00 -4.28782552e-02 
 2.02249994e-10  1.20000000e+00  0.00000000e+00 -3.67800378e-02 
 2.02561373e-10  1.20000000e+00  0.00000000e+00 -2.98055230e-02 
 2.02894233e-10  1.20000000e+00  0.00000000e+00 -2.17067288e-02 
 2.03247032e-10  1.20000000e+00  0.00000000e+00 -1.23751277e-02 
 2.03574215e-10  1.20000000e+00  0.00000000e+00 -3.02530617e-03 
 2.03891847e-10  1.20000000e+00  0.00000000e+00  6.68588581e-03 
 2.04210002e-10  1.20000000e+00  0.00000000e+00  1.70442955e-02 
 2.04549876e-10  1.20000000e+00  0.00000000e+00  2.88108347e-02 
 2.04895021e-10  1.20000000e+00  0.00000000e+00  4.15002348e-02 
 2.05264131e-10  1.20000000e+00  0.00000000e+00  5.58934051e-02 
 2.05582127e-10  1.20000000e+00  0.00000000e+00  6.89740769e-02 
 2.05885083e-10  1.20000000e+00  0.00000000e+00  8.20169971e-02 
 2.06223538e-10  1.20000000e+00  0.00000000e+00  9.72457262e-02 
 2.06555071e-10  1.20000000e+00  0.00000000e+00  1.12822688e-01 
 2.06937355e-10  1.20000000e+00  0.00000000e+00  1.31559338e-01 
 2.07285359e-10  1.20000000e+00  0.00000000e+00  1.49300160e-01 
 2.07634671e-10  1.20000000e+00  0.00000000e+00  1.67729350e-01 
 2.07988655e-10  1.20000000e+00  0.00000000e+00  1.87005910e-01 
 2.08336584e-10  1.20000000e+00  0.00000000e+00  2.06508106e-01 
 2.08687207e-10  1.20000000e+00  0.00000000e+00  2.26684249e-01 
 2.09036701e-10  1.20000000e+00  0.00000000e+00  2.47284971e-01 
 2.09391468e-10  1.20000000e+00  0.00000000e+00  2.68663498e-01 
 2.09747673e-10  1.20000000e+00  0.00000000e+00  2.90569912e-01 
 2.10109324e-10  1.20000000e+00  0.00000000e+00  3.13231241e-01 
 2.10473127e-10  1.20000000e+00  0.00000000e+00  3.36422520e-01 
 2.10841801e-10  1.20000000e+00  0.00000000e+00  3.60296946e-01 
 2.11212624e-10  1.20000000e+00  0.00000000e+00  3.84657628e-01 
 2.11587353e-10  1.20000000e+00  0.00000000e+00  4.09597419e-01 
 2.11971483e-10  1.20000000e+00  0.00000000e+00  4.35467451e-01 
 2.12370101e-10  1.20000000e+00  0.00000000e+00  4.62605184e-01 
 2.12779663e-10  1.20000000e+00  0.00000000e+00  4.90761546e-01 
 2.13201200e-10  1.20000000e+00  0.00000000e+00  5.19991846e-01 
 2.13630479e-10  1.20000000e+00  0.00000000e+00  5.49979224e-01 
 2.14067241e-10  1.20000000e+00  0.00000000e+00  5.80673316e-01 
 2.14507257e-10  1.20000000e+00  0.00000000e+00  6.11737460e-01 
 2.14949104e-10  1.20000000e+00  0.00000000e+00  6.43023902e-01 
 2.15388680e-10  1.20000000e+00  0.00000000e+00  6.74189327e-01 
 2.15824069e-10  1.20000000e+00  0.00000000e+00  7.05040202e-01 
 2.16251957e-10  1.20000000e+00  0.00000000e+00  7.35281218e-01 
 2.16670867e-10  1.20000000e+00  0.00000000e+00  7.64746070e-01 
 2.17078867e-10  1.20000000e+00  0.00000000e+00  7.93236471e-01 
 2.17460899e-10  1.20000000e+00  0.00000000e+00  8.19655062e-01 
 2.17822997e-10  1.20000000e+00  0.00000000e+00  8.44400913e-01 
 2.18122526e-10  1.20000000e+00  0.00000000e+00  8.64597666e-01 
 2.18388531e-10  1.20000000e+00  0.00000000e+00  8.82273487e-01 
 2.18693532e-10  1.20000000e+00  0.00000000e+00  9.02183394e-01 
 2.18987202e-10  1.20000000e+00  0.00000000e+00  9.20934860e-01 
 2.19279706e-10  1.20000000e+00  0.00000000e+00  9.39137253e-01 
 2.19555994e-10  1.20000000e+00  0.00000000e+00  9.55835014e-01 
 2.19835514e-10  1.20000000e+00  0.00000000e+00  9.72176364e-01 
 2.20107189e-10  1.20000000e+00  0.00000000e+00  9.87470456e-01 
 2.20385873e-10  1.20000000e+00  0.00000000e+00  1.00249923e+00 
 2.20665036e-10  1.20000000e+00  0.00000000e+00  1.01683142e+00 
 2.20958408e-10  1.20000000e+00  0.00000000e+00  1.03106336e+00 
 2.21265238e-10  1.20000000e+00  0.00000000e+00  1.04499401e+00 
 2.21605356e-10  1.20000000e+00  0.00000000e+00  1.05928493e+00 
 2.21889352e-10  1.20000000e+00  0.00000000e+00  1.07028124e+00 
 2.22133694e-10  1.20000000e+00  0.00000000e+00  1.07903548e+00 
 2.22489981e-10  1.20000000e+00  0.00000000e+00  1.09065970e+00 
 2.22833063e-10  1.20000000e+00  0.00000000e+00  1.10061221e+00 
 2.23116294e-10  1.20000000e+00  0.00000000e+00  1.10795576e+00 
 2.23353507e-10  1.20000000e+00  0.00000000e+00  1.11355029e+00 
 2.23651059e-10  1.20000000e+00  0.00000000e+00  1.11991061e+00 
 2.23936642e-10  1.20000000e+00  0.00000000e+00  1.12537720e+00 
 2.24271607e-10  1.20000000e+00  0.00000000e+00  1.13106530e+00 
 2.24582876e-10  1.20000000e+00  0.00000000e+00  1.13572189e+00 
 2.24901148e-10  1.20000000e+00  0.00000000e+00  1.13992958e+00 
 2.25220860e-10  1.20000000e+00  0.00000000e+00  1.14366388e+00 
 2.25544256e-10  1.20000000e+00  0.00000000e+00  1.14700502e+00 
 2.25887734e-10  1.20000000e+00  0.00000000e+00  1.15014117e+00 
 2.26238551e-10  1.20000000e+00  0.00000000e+00  1.15297012e+00 
 2.26615348e-10  1.20000000e+00  0.00000000e+00  1.15565444e+00 
 2.27005746e-10  1.20000000e+00  0.00000000e+00  1.15811312e+00 
 2.27426646e-10  1.20000000e+00  0.00000000e+00  1.16046194e+00 
 2.27870719e-10  1.20000000e+00  0.00000000e+00  1.16266383e+00 
 2.28352853e-10  1.20000000e+00  0.00000000e+00  1.16479686e+00 
 2.28870786e-10  1.20000000e+00  0.00000000e+00  1.16685071e+00 
 2.29438398e-10  1.20000000e+00  0.00000000e+00  1.16887893e+00 
 2.30057653e-10  1.20000000e+00  0.00000000e+00  1.17088294e+00 
 2.30741282e-10  1.20000000e+00  0.00000000e+00  1.17289589e+00 
 2.31491751e-10  1.20000000e+00  0.00000000e+00  1.17491033e+00 
 2.32296000e-10  1.20000000e+00  0.00000000e+00  1.17688450e+00 
 2.33051366e-10  1.20000000e+00  0.00000000e+00  1.17859421e+00 
 2.33860242e-10  1.20000000e+00  0.00000000e+00  1.18029049e+00 
 2.34647440e-10  1.20000000e+00  0.00000000e+00  1.18181954e+00 
 2.35535550e-10  1.20000000e+00  0.00000000e+00  1.18341093e+00 
 2.36391235e-10  1.20000000e+00  0.00000000e+00  1.18482062e+00 
 2.37212299e-10  1.20000000e+00  0.00000000e+00  1.18606734e+00 
 2.38052521e-10  1.20000000e+00  0.00000000e+00  1.18724358e+00 
 2.38862879e-10  1.20000000e+00  0.00000000e+00  1.18828904e+00 
 2.39710438e-10  1.20000000e+00  0.00000000e+00  1.18929557e+00 
 2.40543974e-10  1.20000000e+00  0.00000000e+00  1.19020479e+00 
 2.41410775e-10  1.20000000e+00  0.00000000e+00  1.19107170e+00 
 2.42274761e-10  1.20000000e+00  0.00000000e+00  1.19186202e+00 
 2.43169405e-10  1.20000000e+00  0.00000000e+00  1.19260890e+00 
 2.44070419e-10  1.20000000e+00  0.00000000e+00  1.19329354e+00 
 2.45002480e-10  1.20000000e+00  0.00000000e+00  1.19393652e+00 
 2.45948465e-10  1.20000000e+00  0.00000000e+00  1.19452721e+00 
 2.46927468e-10  1.20000000e+00  0.00000000e+00  1.19507888e+00 
 2.47927155e-10  1.20000000e+00  0.00000000e+00  1.19558556e+00 
 2.48963048e-10  1.20000000e+00  0.00000000e+00  1.19605617e+00 
 2.50026320e-10  1.20000000e+00  0.00000000e+00  1.19648752e+00 
 2.51130171e-10  1.20000000e+00  0.00000000e+00  1.19688581e+00 
 2.52268540e-10  1.20000000e+00  0.00000000e+00  1.19724956e+00 
 2.53453188e-10  1.20000000e+00  0.00000000e+00  1.19758325e+00 
 2.54680418e-10  1.20000000e+00  0.00000000e+00  1.19788646e+00 
 2.55961263e-10  1.20000000e+00  0.00000000e+00  1.19816253e+00 
 2.57294236e-10  1.20000000e+00  0.00000000e+00  1.19841171e+00 
 2.58690302e-10  1.20000000e+00  0.00000000e+00  1.19863660e+00 
 2.60150255e-10  1.20000000e+00  0.00000000e+00  1.19883786e+00 
 2.61685706e-10  1.20000000e+00  0.00000000e+00  1.19901761e+00 
 2.63300066e-10  1.20000000e+00  0.00000000e+00  1.19917675e+00 
 2.65006479e-10  1.20000000e+00  0.00000000e+00  1.19931706e+00 
 2.66811672e-10  1.20000000e+00  0.00000000e+00  1.19943960e+00 
 2.68731583e-10  1.20000000e+00  0.00000000e+00  1.19954594e+00 
 2.70777543e-10  1.20000000e+00  0.00000000e+00  1.19963718e+00 
 2.72970265e-10  1.20000000e+00  0.00000000e+00  1.19971476e+00 
 2.75328022e-10  1.20000000e+00  0.00000000e+00  1.19977982e+00 
 2.77879697e-10  1.20000000e+00  0.00000000e+00  1.19983366e+00 
 2.80654909e-10  1.20000000e+00  0.00000000e+00  1.19987744e+00 
 2.83697074e-10  1.20000000e+00  0.00000000e+00  1.19991235e+00 
 2.87055987e-10  1.20000000e+00  0.00000000e+00  1.19993951e+00 
 2.90802727e-10  1.20000000e+00  0.00000000e+00  1.19996005e+00 
 2.95026746e-10  1.20000000e+00  0.00000000e+00  1.19997502e+00 
 2.99857320e-10  1.20000000e+00  0.00000000e+00  1.19998545e+00 
 3.05472553e-10  1.20000000e+00  0.00000000e+00  1.19999227e+00 
 3.12143195e-10  1.20000000e+00  0.00000000e+00  1.19999640e+00 
 3.20284504e-10  1.20000000e+00  0.00000000e+00  1.19999861e+00 
 3.30284504e-10  1.20000000e+00  0.00000000e+00  1.19999959e+00 
 3.40284504e-10  1.20000000e+00  0.00000000e+00  1.19999988e+00 
 3.50284504e-10  1.20000000e+00  0.00000000e+00  1.19999996e+00 
 3.60284504e-10  1.20000000e+00  0.00000000e+00  1.19999999e+00 
 3.70284504e-10  1.20000000e+00  0.00000000e+00  1.19999999e+00 
 3.80284504e-10  1.20000000e+00  0.00000000e+00  1.20000000e+00 
 3.90284504e-10  1.20000000e+00  0.00000000e+00  1.20000000e+00 
 4.00284504e-10  1.20000000e+00  0.00000000e+00  1.20000000e+00 
 4.10284504e-10  1.20000000e+00  0.00000000e+00  1.20000000e+00 
 4.20284504e-10  1.20000000e+00  0.00000000e+00  1.20000000e+00 
 4.30284504e-10  1.20000000e+00  0.00000000e+00  1.20000000e+00 
 4.40284504e-10  1.20000000e+00  0.00000000e+00  1.20000000e+00 
 4.50284504e-10  1.20000000e+00  0.00000000e+00  1.20000000e+00 
 4.60284504e-10  1.20000000e+00  0.00000000e+00  1.20000000e+00 
 4.70284504e-10  1.20000000e+00  0.00000000e+00  1.20000000e+00 
 4.80284504e-10  1.20000000e+00  0.00000000e+00  1.20000000e+00 
 4.90284504e-10  1.20000000e+00  0.00000000e+00  1.20000000e+00 
 5.00284504e-10  1.20000000e+00  0.00000000e+00  1.20000000e+00 
 5.10284504e-10  1.20000000e+00  0.00000000e+00  1.20000000e+00 
 5.20284504e-10  1.20000000e+00  0.00000000e+00  1.20000000e+00 
 5.30284504e-10  1.20000000e+00  0.00000000e+00  1.20000000e+00 
 5.40284504e-10  1.20000000e+00  0.00000000e+00  1.20000000e+00 
 5.50284504e-10  1.20000000e+00  0.00000000e+00  1.20000000e+00 
 5.60284504e-10  1.20000000e+00  0.00000000e+00  1.20000000e+00 
 5.70284504e-10  1.20000000e+00  0.00000000e+00  1.20000000e+00 
 5.80284504e-10  1.20000000e+00  0.00000000e+00  1.20000000e+00 
 5.90284504e-10  1.20000000e+00  0.00000000e+00  1.20000000e+00 
 6.00284504e-10  1.20000000e+00  0.00000000e+00  1.20000000e+00 
 6.10284504e-10  1.20000000e+00  0.00000000e+00  1.20000000e+00 
 6.20284504e-10  1.20000000e+00  0.00000000e+00  1.20000000e+00 
 6.30284504e-10  1.20000000e+00  0.00000000e+00  1.20000000e+00 
 6.40284504e-10  1.20000000e+00  0.00000000e+00  1.20000000e+00 
 6.50284504e-10  1.20000000e+00  0.00000000e+00  1.20000000e+00 
 6.60284504e-10  1.20000000e+00  0.00000000e+00  1.20000000e+00 
 6.70284504e-10  1.20000000e+00  0.00000000e+00  1.20000000e+00 
 6.80284504e-10  1.20000000e+00  0.00000000e+00  1.20000000e+00 
 6.90284504e-10  1.20000000e+00  0.00000000e+00  1.20000000e+00 
 7.00284504e-10  1.20000000e+00  0.00000000e+00  1.20000000e+00 
 7.10284504e-10  1.20000000e+00  0.00000000e+00  1.20000000e+00 
 7.20284504e-10  1.20000000e+00  0.00000000e+00  1.20000000e+00 
 7.30284504e-10  1.20000000e+00  0.00000000e+00  1.20000000e+00 
 7.40284504e-10  1.20000000e+00  0.00000000e+00  1.20000000e+00 
 7.50284504e-10  1.20000000e+00  0.00000000e+00  1.20000000e+00 
 7.60284504e-10  1.20000000e+00  0.00000000e+00  1.20000000e+00 
 7.70284504e-10  1.20000000e+00  0.00000000e+00  1.20000000e+00 
 7.80284504e-10  1.20000000e+00  0.00000000e+00  1.20000000e+00 
 7.90284504e-10  1.20000000e+00  0.00000000e+00  1.20000000e+00 
 8.00284504e-10  1.20000000e+00  0.00000000e+00  1.20000000e+00 
 8.10284504e-10  1.20000000e+00  0.00000000e+00  1.20000000e+00 
 8.20284504e-10  1.20000000e+00  0.00000000e+00  1.20000000e+00 
 8.30284504e-10  1.20000000e+00  0.00000000e+00  1.20000000e+00 
 8.40284504e-10  1.20000000e+00  0.00000000e+00  1.20000000e+00 
 8.50284504e-10  1.20000000e+00  0.00000000e+00  1.20000000e+00 
 8.60284504e-10  1.20000000e+00  0.00000000e+00  1.20000000e+00 
 8.70284504e-10  1.20000000e+00  0.00000000e+00  1.20000000e+00 
 8.80284504e-10  1.20000000e+00  0.00000000e+00  1.20000000e+00 
 8.90284504e-10  1.20000000e+00  0.00000000e+00  1.20000000e+00 
 9.00284504e-10  1.20000000e+00  0.00000000e+00  1.20000000e+00 
 9.10284504e-10  1.20000000e+00  0.00000000e+00  1.20000000e+00 
 9.20284504e-10  1.20000000e+00  0.00000000e+00  1.20000000e+00 
 9.30284504e-10  1.20000000e+00  0.00000000e+00  1.20000000e+00 
 9.40284504e-10  1.20000000e+00  0.00000000e+00  1.20000000e+00 
 9.50284504e-10  1.20000000e+00  0.00000000e+00  1.20000000e+00 
 9.60284504e-10  1.20000000e+00  0.00000000e+00  1.20000000e+00 
 9.70284504e-10  1.20000000e+00  0.00000000e+00  1.20000000e+00 
 9.80284504e-10  1.20000000e+00  0.00000000e+00  1.20000000e+00 
 9.90284504e-10  1.20000000e+00  0.00000000e+00  1.20000000e+00 
 1.00028450e-09  1.20000000e+00  0.00000000e+00  1.20000000e+00 
 1.01028450e-09  1.20000000e+00  0.00000000e+00  1.20000000e+00 
 1.02028450e-09  1.20000000e+00  0.00000000e+00  1.20000000e+00 
 1.03028450e-09  1.20000000e+00  0.00000000e+00  1.20000000e+00 
 1.04028450e-09  1.20000000e+00  0.00000000e+00  1.20000000e+00 
 1.05028450e-09  1.20000000e+00  0.00000000e+00  1.20000000e+00 
 1.06028450e-09  1.20000000e+00  0.00000000e+00  1.20000000e+00 
 1.07028450e-09  1.20000000e+00  0.00000000e+00  1.20000000e+00 
 1.08028450e-09  1.20000000e+00  0.00000000e+00  1.20000000e+00 
 1.09028450e-09  1.20000000e+00  0.00000000e+00  1.20000000e+00 
 1.10000000e-09  1.20000000e+00  0.00000000e+00  1.20000000e+00 
 1.10000057e-09  1.20000000e+00  6.79425921e-06  1.20000081e+00 
 1.10000170e-09  1.20000000e+00  2.03827776e-05  1.20000243e+00 
 1.10000396e-09  1.20000000e+00  4.75598145e-05  1.20000568e+00 
 1.10000849e-09  1.20000000e+00  1.01913888e-04  1.20001214e+00 
 1.10001755e-09  1.20000000e+00  2.10622036e-04  1.20002497e+00 
 1.10003567e-09  1.20000000e+00  4.28038331e-04  1.20005024e+00 
 1.10007191e-09  1.20000000e+00  8.62870920e-04  1.20009930e+00 
 1.10014438e-09  1.20000000e+00  1.73253610e-03  1.20019172e+00 
 1.10028932e-09  1.20000000e+00  3.47186646e-03  1.20035568e+00 
 1.10049030e-09  1.20000000e+00  5.88361749e-03  1.20054276e+00 
 1.10071655e-09  1.20000000e+00  8.59865257e-03  1.20070679e+00 
 1.10094119e-09  1.20000000e+00  1.12942763e-02  1.20083027e+00 
 1.10117886e-09  1.20000000e+00  1.41462749e-02  1.20092722e+00 
 1.10142200e-09  1.20000000e+00  1.70640141e-02  1.20099817e+00 
 1.10168348e-09  1.20000000e+00  2.02018115e-02  1.20104980e+00 
 1.10195371e-09  1.20000000e+00  2.34445743e-02  1.20108259e+00 
 1.10224378e-09  1.20000000e+00  2.69253430e-02  1.20110035e+00 
 1.10254621e-09  1.20000000e+00  3.05545499e-02  1.20110469e+00 
 1.10287167e-09  1.20000000e+00  3.44599865e-02  1.20109781e+00 
 1.10321433e-09  1.20000000e+00  3.85719611e-02  1.20108155e+00 
 1.10358471e-09  1.20000000e+00  4.30164909e-02  1.20105708e+00 
 1.10397876e-09  1.20000000e+00  4.77451734e-02  1.20102612e+00 
 1.10440758e-09  1.20000000e+00  5.28909137e-02  1.20098918e+00 
 1.10486930e-09  1.20000000e+00  5.84316376e-02  1.20094770e+00 
 1.10537664e-09  1.20000000e+00  6.45197060e-02  1.20090174e+00 
 1.10593091e-09  1.20000000e+00  7.11709775e-02  1.20085239e+00 
 1.10654830e-09  1.20000000e+00  7.85796168e-02  1.20079941e+00 
 1.10723546e-09  1.20000000e+00  8.68255289e-02  1.20074354e+00 
 1.10801583e-09  1.20000000e+00  9.61899025e-02  1.20068433e+00 
 1.10890650e-09  1.20000000e+00  1.06878022e-01  1.20062234e+00 
 1.10994365e-09  1.20000000e+00  1.19323765e-01  1.20055715e+00 
 1.11117431e-09  1.20000000e+00  1.34091718e-01  1.20048844e+00 
 1.11267232e-09  1.20000000e+00  1.52067855e-01  1.20041611e+00 
 1.11451915e-09  1.20000000e+00  1.74229785e-01  1.20034154e+00 
 1.11686868e-09  1.20000000e+00  2.02424127e-01  1.20026573e+00 
 1.11927555e-09  1.20000000e+00  2.31306649e-01  1.20020573e+00 
 1.12197457e-09  1.20000000e+00  2.63694790e-01  1.20015473e+00 
 1.12477419e-09  1.20000000e+00  2.97290336e-01  1.20011585e+00 
 1.12675459e-09  1.20000000e+00  3.21055021e-01  1.20009545e+00 
 1.12830488e-09  1.20000000e+00  3.39658580e-01  1.20008258e+00 
 1.12978480e-09  1.20000000e+00  3.57417622e-01  1.20007192e+00 
 1.13135717e-09  1.20000000e+00  3.76286056e-01  1.20006093e+00 
 1.13300649e-09  1.20000000e+00  3.96077932e-01  1.20004801e+00 
 1.13488060e-09  1.20000000e+00  4.18567156e-01  1.20002968e+00 
 1.13730752e-09  1.20000000e+00  4.47690218e-01  1.19999999e+00 
 1.13950266e-09  1.20000000e+00  4.74031976e-01  1.19996989e+00 
 1.14158377e-09  1.20000000e+00  4.99005203e-01  1.19994219e+00 
 1.14354438e-09  1.20000000e+00  5.22532547e-01  1.19991887e+00 
 1.14538791e-09  1.20000000e+00  5.44654951e-01  1.19990042e+00 
 1.14712019e-09  1.20000000e+00  5.65442266e-01  1.19988650e+00 
 1.14875863e-09  1.20000000e+00  5.85103537e-01  1.19987637e+00 
 1.15031306e-09  1.20000000e+00  6.03756768e-01  1.19986937e+00 
 1.15179820e-09  1.20000000e+00  6.21578367e-01  1.19986483e+00 
 1.15322280e-09  1.20000000e+00  6.38673660e-01  1.19986225e+00 
 1.15459984e-09  1.20000000e+00  6.55198043e-01  1.19986119e+00 
 1.15593832e-09  1.20000000e+00  6.71259819e-01  1.19986133e+00 
 1.15725137e-09  1.20000000e+00  6.87016486e-01  1.19986241e+00 
 1.15855025e-09  1.20000000e+00  7.02602998e-01  1.19986425e+00 
 1.15985163e-09  1.20000000e+00  7.18219527e-01  1.19986672e+00 
 1.16117432e-09  1.20000000e+00  7.34091799e-01  1.19986974e+00 
 1.16254941e-09  1.20000000e+00  7.50592876e-01  1.19987329e+00 
 1.16402833e-09  1.20000000e+00  7.68339947e-01  1.19987746e+00 
 1.16573613e-09  1.20000000e+00  7.88833542e-01  1.19988255e+00 
 1.16755041e-09  1.20000000e+00  8.10604949e-01  1.19988814e+00 
 1.16867703e-09  1.20000000e+00  8.24124400e-01  1.19989163e+00 
 1.16966203e-09  1.20000000e+00  8.35944382e-01  1.19989467e+00 
 1.17074355e-09  1.20000000e+00  8.48922643e-01  1.19989791e+00 
 1.17178549e-09  1.20000000e+00  8.61425871e-01  1.19990099e+00 
 1.17283439e-09  1.20000000e+00  8.74012673e-01  1.19990413e+00 
 1.17404331e-09  1.20000000e+00  8.88519764e-01  1.19990769e+00 
 1.17527905e-09  1.20000000e+00  9.03348649e-01  1.19991119e+00 
 1.17658763e-09  1.20000000e+00  9.19051589e-01  1.19991472e+00 
 1.17786833e-09  1.20000000e+00  9.34419916e-01  1.19991804e+00 
 1.17922473e-09  1.20000000e+00  9.50696811e-01  1.19992140e+00 
 1.18060908e-09  1.20000000e+00  9.67309005e-01  1.19992468e+00 
 1.18209867e-09  1.20000000e+00  9.85184083e-01  1.19992766e+00 
 1.18347950e-09  1.20000000e+00  1.00175399e+00  1.19993063e+00 
 1.18505231e-09  1.20000000e+00  1.02062768e+00  1.19993393e+00 
 1.18676024e-09  1.20000000e+00  1.04112284e+00  1.19993689e+00 
 1.18848123e-09  1.20000000e+00  1.06177479e+00  1.19994051e+00 
 1.19023422e-09  1.20000000e+00  1.08281063e+00  1.19994361e+00 
 1.19284536e-09  1.20000000e+00  1.11414426e+00  1.19994719e+00 
 1.19499378e-09  1.20000000e+00  1.13992539e+00  1.19995127e+00 
 1.19709710e-09  1.20000000e+00  1.16516525e+00  1.19995485e+00 
 1.19982496e-09  1.20000000e+00  1.19789948e+00  1.19995924e+00 
 1.20000000e-09  1.20000000e+00  1.20000000e+00  1.19995960e+00 
 1.20000005e-09  1.20000000e+00  1.20000000e+00  1.19995951e+00 
 1.20000016e-09  1.20000000e+00  1.20000000e+00  1.19995934e+00 
 1.20000038e-09  1.20000000e+00  1.20000000e+00  1.19995899e+00 
 1.20000082e-09  1.20000000e+00  1.20000000e+00  1.19995829e+00 
 1.20000170e-09  1.20000000e+00  1.20000000e+00  1.19995690e+00 
 1.20000345e-09  1.20000000e+00  1.20000000e+00  1.19995412e+00 
 1.20000695e-09  1.20000000e+00  1.20000000e+00  1.19994859e+00 
 1.20001395e-09  1.20000000e+00  1.20000000e+00  1.19993759e+00 
 1.20002795e-09  1.20000000e+00  1.20000000e+00  1.19991588e+00 
 1.20005595e-09  1.20000000e+00  1.20000000e+00  1.19987360e+00 
 1.20011196e-09  1.20000000e+00  1.20000000e+00  1.19979343e+00 
 1.20022398e-09  1.20000000e+00  1.20000000e+00  1.19964936e+00 
 1.20044801e-09  1.20000000e+00  1.20000000e+00  1.19941747e+00 
 1.20081703e-09  1.20000000e+00  1.20000000e+00  1.19916301e+00 
 1.20122610e-09  1.20000000e+00  1.20000000e+00  1.19901312e+00 
 1.20168513e-09  1.20000000e+00  1.20000000e+00  1.19894869e+00 
 1.20218544e-09  1.20000000e+00  1.20000000e+00  1.19895175e+00 
 1.20278983e-09  1.20000000e+00  1.20000000e+00  1.19900789e+00 
 1.20349854e-09  1.20000000e+00  1.20000000e+00  1.19910453e+00 
 1.20433810e-09  1.20000000e+00  1.20000000e+00  1.19922771e+00 
 1.20531845e-09  1.20000000e+00  1.20000000e+00  1.19936129e+00 
 1.20647836e-09  1.20000000e+00  1.20000000e+00  1.19949491e+00 
 1.20780981e-09  1.20000000e+00  1.20000000e+00  1.19961614e+00 
 1.20925990e-09  1.20000000e+00  1.20000000e+00  1.19971587e+00 
 1.21081841e-09  1.20000000e+00  1.20000000e+00  1.19979452e+00 
 1.21253207e-09  1.20000000e+00  1.20000000e+00  1.19985621e+00 
 1.21443179e-09  1.20000000e+00  1.20000000e+00  1.19990329e+00 
 1.21657225e-09  1.20000000e+00  1.20000000e+00  1.19993823e+00 
 1.21900143e-09  1.20000000e+00  1.20000000e+00  1.19996294e+00 
 1.22181268e-09  1.20000000e+00  1.20000000e+00  1.19997956e+00 
 1.22511776e-09  1.20000000e+00  1.20000000e+00  1.19998990e+00 
 1.22911531e-09  1.20000000e+00  1.20000000e+00  1.19999574e+00 
 1.23409634e-09  1.20000000e+00  1.20000000e+00  1.19999857e+00 
 1.24060442e-09  1.20000000e+00  1.20000000e+00  1.19999965e+00 
 1.24964408e-09  1.20000000e+00  1.20000000e+00  1.19999990e+00 
 1.25964408e-09  1.20000000e+00  1.20000000e+00  1.19999992e+00 
 1.26964408e-09  1.20000000e+00  1.20000000e+00  1.19999992e+00 
 1.27964408e-09  1.20000000e+00  1.20000000e+00  1.19999992e+00 
 1.28964408e-09  1.20000000e+00  1.20000000e+00  1.19999992e+00 
 1.29964408e-09  1.20000000e+00  1.20000000e+00  1.19999993e+00 
 1.30964408e-09  1.20000000e+00  1.20000000e+00  1.19999993e+00 
 1.31964408e-09  1.20000000e+00  1.20000000e+00  1.19999993e+00 
 1.32964408e-09  1.20000000e+00  1.20000000e+00  1.19999993e+00 
 1.33964408e-09  1.20000000e+00  1.20000000e+00  1.19999993e+00 
 1.34964408e-09  1.20000000e+00  1.20000000e+00  1.19999994e+00 
 1.35964408e-09  1.20000000e+00  1.20000000e+00  1.19999994e+00 
 1.36964408e-09  1.20000000e+00  1.20000000e+00  1.19999994e+00 
 1.37964408e-09  1.20000000e+00  1.20000000e+00  1.19999994e+00 
 1.38964408e-09  1.20000000e+00  1.20000000e+00  1.19999994e+00 
 1.39964408e-09  1.20000000e+00  1.20000000e+00  1.19999994e+00 
 1.40964408e-09  1.20000000e+00  1.20000000e+00  1.19999995e+00 
 1.41964408e-09  1.20000000e+00  1.20000000e+00  1.19999995e+00 
 1.42964408e-09  1.20000000e+00  1.20000000e+00  1.19999995e+00 
 1.43964408e-09  1.20000000e+00  1.20000000e+00  1.19999995e+00 
 1.44964408e-09  1.20000000e+00  1.20000000e+00  1.19999995e+00 
 1.45964408e-09  1.20000000e+00  1.20000000e+00  1.19999995e+00 
 1.46964408e-09  1.20000000e+00  1.20000000e+00  1.19999995e+00 
 1.47964408e-09  1.20000000e+00  1.20000000e+00  1.19999995e+00 
 1.48964408e-09  1.20000000e+00  1.20000000e+00  1.19999995e+00 
 1.49964408e-09  1.20000000e+00  1.20000000e+00  1.19999996e+00 
 1.50964408e-09  1.20000000e+00  1.20000000e+00  1.19999996e+00 
 1.51964408e-09  1.20000000e+00  1.20000000e+00  1.19999996e+00 
 1.52964408e-09  1.20000000e+00  1.20000000e+00  1.19999996e+00 
 1.53964408e-09  1.20000000e+00  1.20000000e+00  1.19999996e+00 
 1.54964408e-09  1.20000000e+00  1.20000000e+00  1.19999996e+00 
 1.55964408e-09  1.20000000e+00  1.20000000e+00  1.19999996e+00 
 1.56964408e-09  1.20000000e+00  1.20000000e+00  1.19999996e+00 
 1.57964408e-09  1.20000000e+00  1.20000000e+00  1.19999996e+00 
 1.58964408e-09  1.20000000e+00  1.20000000e+00  1.19999996e+00 
 1.59964408e-09  1.20000000e+00  1.20000000e+00  1.19999996e+00 
 1.60964408e-09  1.20000000e+00  1.20000000e+00  1.19999996e+00 
 1.61964408e-09  1.20000000e+00  1.20000000e+00  1.19999997e+00 
 1.62964408e-09  1.20000000e+00  1.20000000e+00  1.19999997e+00 
 1.63964408e-09  1.20000000e+00  1.20000000e+00  1.19999997e+00 
 1.64964408e-09  1.20000000e+00  1.20000000e+00  1.19999997e+00 
 1.65964408e-09  1.20000000e+00  1.20000000e+00  1.19999997e+00 
 1.66964408e-09  1.20000000e+00  1.20000000e+00  1.19999997e+00 
 1.67964408e-09  1.20000000e+00  1.20000000e+00  1.19999997e+00 
 1.68964408e-09  1.20000000e+00  1.20000000e+00  1.19999997e+00 
 1.69964408e-09  1.20000000e+00  1.20000000e+00  1.19999997e+00 
 1.70964408e-09  1.20000000e+00  1.20000000e+00  1.19999997e+00 
 1.71964408e-09  1.20000000e+00  1.20000000e+00  1.19999997e+00 
 1.72964408e-09  1.20000000e+00  1.20000000e+00  1.19999997e+00 
 1.73964408e-09  1.20000000e+00  1.20000000e+00  1.19999997e+00 
 1.74964408e-09  1.20000000e+00  1.20000000e+00  1.19999997e+00 
 1.75964408e-09  1.20000000e+00  1.20000000e+00  1.19999997e+00 
 1.76964408e-09  1.20000000e+00  1.20000000e+00  1.19999997e+00 
 1.77964408e-09  1.20000000e+00  1.20000000e+00  1.19999997e+00 
 1.78964408e-09  1.20000000e+00  1.20000000e+00  1.19999997e+00 
 1.79964408e-09  1.20000000e+00  1.20000000e+00  1.19999997e+00 
 1.80964408e-09  1.20000000e+00  1.20000000e+00  1.19999997e+00 
 1.81964408e-09  1.20000000e+00  1.20000000e+00  1.19999998e+00 
 1.82964408e-09  1.20000000e+00  1.20000000e+00  1.19999998e+00 
 1.83964408e-09  1.20000000e+00  1.20000000e+00  1.19999998e+00 
 1.84964408e-09  1.20000000e+00  1.20000000e+00  1.19999998e+00 
 1.85964408e-09  1.20000000e+00  1.20000000e+00  1.19999998e+00 
 1.86964408e-09  1.20000000e+00  1.20000000e+00  1.19999998e+00 
 1.87964408e-09  1.20000000e+00  1.20000000e+00  1.19999998e+00 
 1.88964408e-09  1.20000000e+00  1.20000000e+00  1.19999998e+00 
 1.89964408e-09  1.20000000e+00  1.20000000e+00  1.19999998e+00 
 1.90964408e-09  1.20000000e+00  1.20000000e+00  1.19999998e+00 
 1.91964408e-09  1.20000000e+00  1.20000000e+00  1.19999998e+00 
 1.92964408e-09  1.20000000e+00  1.20000000e+00  1.19999998e+00 
 1.93964408e-09  1.20000000e+00  1.20000000e+00  1.19999998e+00 
 1.94964408e-09  1.20000000e+00  1.20000000e+00  1.19999998e+00 
 1.95964408e-09  1.20000000e+00  1.20000000e+00  1.19999998e+00 
 1.96964408e-09  1.20000000e+00  1.20000000e+00  1.19999998e+00 
 1.97964408e-09  1.20000000e+00  1.20000000e+00  1.19999998e+00 
 1.98964408e-09  1.20000000e+00  1.20000000e+00  1.19999998e+00 
 1.99964408e-09  1.20000000e+00  1.20000000e+00  1.19999998e+00 
 2.00964408e-09  1.20000000e+00  1.20000000e+00  1.19999998e+00 
 2.01964408e-09  1.20000000e+00  1.20000000e+00  1.19999998e+00 
 2.02964408e-09  1.20000000e+00  1.20000000e+00  1.19999998e+00 
 2.03964408e-09  1.20000000e+00  1.20000000e+00  1.19999998e+00 
 2.04964408e-09  1.20000000e+00  1.20000000e+00  1.19999998e+00 
 2.05964408e-09  1.20000000e+00  1.20000000e+00  1.19999998e+00 
 2.06964408e-09  1.20000000e+00  1.20000000e+00  1.19999998e+00 
 2.07964408e-09  1.20000000e+00  1.20000000e+00  1.19999998e+00 
 2.08964408e-09  1.20000000e+00  1.20000000e+00  1.19999998e+00 
 2.09964408e-09  1.20000000e+00  1.20000000e+00  1.19999998e+00 
 2.10964408e-09  1.20000000e+00  1.20000000e+00  1.19999998e+00 
 2.11964408e-09  1.20000000e+00  1.20000000e+00  1.19999998e+00 
 2.12964408e-09  1.20000000e+00  1.20000000e+00  1.19999998e+00 
 2.13964408e-09  1.20000000e+00  1.20000000e+00  1.19999998e+00 
 2.14964408e-09  1.20000000e+00  1.20000000e+00  1.19999998e+00 
 2.15964408e-09  1.20000000e+00  1.20000000e+00  1.19999998e+00 
 2.16964408e-09  1.20000000e+00  1.20000000e+00  1.19999998e+00 
 2.17964408e-09  1.20000000e+00  1.20000000e+00  1.19999998e+00 
 2.18964408e-09  1.20000000e+00  1.20000000e+00  1.19999998e+00 
 2.19964408e-09  1.20000000e+00  1.20000000e+00  1.19999998e+00 
 2.20000000e-09  1.20000000e+00  1.20000000e+00  1.19999998e+00 
 2.20000015e-09  1.19999814e+00  1.20000000e+00  1.19999930e+00 
 2.20000046e-09  1.19999443e+00  1.20000000e+00  1.19999792e+00 
 2.20000108e-09  1.19998700e+00  1.20000000e+00  1.19999518e+00 
 2.20000232e-09  1.19997213e+00  1.20000000e+00  1.19998969e+00 
 2.20000480e-09  1.19994241e+00  1.20000000e+00  1.19997875e+00 
 2.20000975e-09  1.19988296e+00  1.20000000e+00  1.19995696e+00 
 2.20001966e-09  1.19976407e+00  1.20000000e+00  1.19991379e+00 
 2.20003948e-09  1.19952628e+00  1.20000000e+00  1.19982906e+00 
 2.20007911e-09  1.19905069e+00  1.20000000e+00  1.19966586e+00 
 2.20015837e-09  1.19809953e+00  1.20000000e+00  1.19936324e+00 
 2.20031690e-09  1.19619721e+00  1.20000000e+00  1.19884355e+00 
 2.20056149e-09  1.19326211e+00  1.20000000e+00  1.19823033e+00 
 2.20084349e-09  1.18987811e+00  1.20000000e+00  1.19774738e+00 
 2.20113755e-09  1.18634935e+00  1.20000000e+00  1.19743313e+00 
 2.20145779e-09  1.18250650e+00  1.20000000e+00  1.19724688e+00 
 2.20180965e-09  1.17828421e+00  1.20000000e+00  1.19717094e+00 
 2.20220793e-09  1.17350489e+00  1.20000000e+00  1.19719034e+00 
 2.20265687e-09  1.16811753e+00  1.20000000e+00  1.19729246e+00 
 2.20317291e-09  1.16192503e+00  1.20000000e+00  1.19746445e+00 
 2.20374829e-09  1.15502049e+00  1.20000000e+00  1.19768334e+00 
 2.20440844e-09  1.14709868e+00  1.20000000e+00  1.19793631e+00 
 2.20514540e-09  1.13825514e+00  1.20000000e+00  1.19819995e+00 
 2.20599827e-09  1.12802075e+00  1.20000000e+00  1.19846957e+00 
 2.20694366e-09  1.11667609e+00  1.20000000e+00  1.19872216e+00 
 2.20797175e-09  1.10433895e+00  1.20000000e+00  1.19894702e+00 
 2.20904084e-09  1.09150987e+00  1.20000000e+00  1.19913462e+00 
 2.21019863e-09  1.07761646e+00  1.20000000e+00  1.19929507e+00 
 2.21143103e-09  1.06282760e+00  1.20000000e+00  1.19942751e+00 
 2.21278312e-09  1.04660251e+00  1.20000000e+00  1.19953798e+00 
 2.21424428e-09  1.02906860e+00  1.20000000e+00  1.19962660e+00 
 2.21586479e-09  1.00962257e+00  1.20000000e+00  1.19969771e+00 
 2.21764831e-09  9.88220320e-01  1.20000000e+00  1.19975266e+00 
 2.21966325e-09  9.64040996e-01  1.20000000e+00  1.19979500e+00 
 2.22181711e-09  9.38194713e-01  1.20000000e+00  1.19982553e+00 
 2.22374645e-09  9.15042540e-01  1.20000000e+00  1.19984514e+00 
 2.22547938e-09  8.94247432e-01  1.20000000e+00  1.19985943e+00 
 2.22711888e-09  8.74573459e-01  1.20000000e+00  1.19987158e+00 
 2.22872163e-09  8.55340497e-01  1.20000000e+00  1.19988314e+00 
 2.23045951e-09  8.34485894e-01  1.20000000e+00  1.19989611e+00 
 2.23205471e-09  8.15343470e-01  1.20000000e+00  1.19990886e+00 
 2.23372318e-09  7.95321787e-01  1.20000000e+00  1.19992321e+00 
 2.23530550e-09  7.76334044e-01  1.20000000e+00  1.19993766e+00 
 2.23697541e-09  7.56295070e-01  1.20000000e+00  1.19995350e+00 
 2.23851992e-09  7.37760968e-01  1.20000000e+00  1.19996831e+00 
 2.24019251e-09  7.17689843e-01  1.20000000e+00  1.19998393e+00 
 2.24184009e-09  6.97918958e-01  1.20000000e+00  1.19999836e+00 
 2.24365811e-09  6.76102703e-01  1.20000000e+00  1.20001242e+00 
 2.24556269e-09  6.53247676e-01  1.20000000e+00  1.20002439e+00 
 2.24779637e-09  6.26443582e-01  1.20000000e+00  1.20003406e+00 
 2.25011847e-09  5.98578327e-01  1.20000000e+00  1.20003863e+00 
 2.25206163e-09  5.75260446e-01  1.20000000e+00  1.20003827e+00 
 2.25383762e-09  5.53948506e-01  1.20000000e+00  1.20003482e+00 
 2.25558195e-09  5.33016650e-01  1.20000000e+00  1.20002882e+00 
 2.25752102e-09  5.09747795e-01  1.20000000e+00  1.20002017e+00 
 2.25932735e-09  4.88071741e-01  1.20000000e+00  1.20001115e+00 
 2.26121939e-09  4.65367320e-01  1.20000000e+00  1.20000171e+00 
 2.26299435e-09  4.44067823e-01  1.20000000e+00  1.19999428e+00 
 2.26479001e-09  4.22519901e-01  1.20000000e+00  1.19998958e+00 
 2.26650174e-09  4.01979172e-01  1.20000000e+00  1.19998895e+00 
 2.26824339e-09  3.81079357e-01  1.20000000e+00  1.19999285e+00 
 2.26996592e-09  3.60408960e-01  1.20000000e+00  1.20000092e+00 
 2.27179585e-09  3.38449850e-01  1.20000000e+00  1.20001256e+00 
 2.27345879e-09  3.18494461e-01  1.20000000e+00  1.20002397e+00 
 2.27493688e-09  3.00757422e-01  1.20000000e+00  1.20003377e+00 
 2.27656712e-09  2.81194596e-01  1.20000000e+00  1.20004358e+00 
 2.27813815e-09  2.62342254e-01  1.20000000e+00  1.20005142e+00 
 2.27996538e-09  2.40415438e-01  1.20000000e+00  1.20005825e+00 
 2.28206982e-09  2.15162128e-01  1.20000000e+00  1.20006322e+00 
 2.28473414e-09  1.83190268e-01  1.20000000e+00  1.20006572e+00 
 2.28740465e-09  1.51144143e-01  1.20000000e+00  1.20006509e+00 
 2.29000306e-09  1.19963234e-01  1.20000000e+00  1.20006261e+00 
 2.29333242e-09  8.00109104e-02  1.20000000e+00  1.20005766e+00 
 2.29602413e-09  4.77103982e-02  1.20000000e+00  1.20005277e+00 
 2.29913620e-09  1.03655448e-02  1.20000000e+00  1.20004704e+00 
 2.30000000e-09  0.00000000e+00  1.20000000e+00  1.20004553e+00 
 2.30000022e-09  0.00000000e+00  1.20000000e+00  1.20004650e+00 
 2.30000065e-09  0.00000000e+00  1.20000000e+00  1.20004844e+00 
 2.30000152e-09  0.00000000e+00  1.20000000e+00  1.20005231e+00 
 2.30000326e-09  0.00000000e+00  1.20000000e+00  1.20006005e+00 
 2.30000674e-09  0.00000000e+00  1.20000000e+00  1.20007547e+00 
 2.30001370e-09  0.00000000e+00  1.20000000e+00  1.20010613e+00 
 2.30002763e-09  0.00000000e+00  1.20000000e+00  1.20016673e+00 
 2.30005547e-09  0.00000000e+00  1.20000000e+00  1.20028501e+00 
 2.30011115e-09  0.00000000e+00  1.20000000e+00  1.20051039e+00 
 2.30022252e-09  0.00000000e+00  1.20000000e+00  1.20091944e+00 
 2.30044527e-09  0.00000000e+00  1.20000000e+00  1.20159221e+00 
 2.30069228e-09  0.00000000e+00  1.20000000e+00  1.20214905e+00 
 2.30096345e-09  0.00000000e+00  1.20000000e+00  1.20258285e+00 
 2.30123519e-09  0.00000000e+00  1.20000000e+00  1.20287559e+00 
 2.30154259e-09  0.00000000e+00  1.20000000e+00  1.20308055e+00 
 2.30186653e-09  0.00000000e+00  1.20000000e+00  1.20319102e+00 
 2.30223456e-09  0.00000000e+00  1.20000000e+00  1.20322553e+00 
 2.30262842e-09  0.00000000e+00  1.20000000e+00  1.20319067e+00 
 2.30307723e-09  0.00000000e+00  1.20000000e+00  1.20309491e+00 
 2.30356583e-09  0.00000000e+00  1.20000000e+00  1.20295191e+00 
 2.30412459e-09  0.00000000e+00  1.20000000e+00  1.20276497e+00 
 2.30473864e-09  0.00000000e+00  1.20000000e+00  1.20255092e+00 
 2.30543623e-09  0.00000000e+00  1.20000000e+00  1.20231222e+00 
 2.30619697e-09  0.00000000e+00  1.20000000e+00  1.20206684e+00 
 2.30704058e-09  0.00000000e+00  1.20000000e+00  1.20181773e+00 
 2.30793903e-09  0.00000000e+00  1.20000000e+00  1.20157984e+00 
 2.30890673e-09  0.00000000e+00  1.20000000e+00  1.20135350e+00 
 2.30991889e-09  0.00000000e+00  1.20000000e+00  1.20114674e+00 
 2.31099327e-09  0.00000000e+00  1.20000000e+00  1.20095685e+00 
 2.31211349e-09  0.00000000e+00  1.20000000e+00  1.20078707e+00 
 2.31330010e-09  0.00000000e+00  1.20000000e+00  1.20063425e+00 
 2.31454257e-09  0.00000000e+00  1.20000000e+00  1.20049966e+00 
 2.31586231e-09  0.00000000e+00  1.20000000e+00  1.20038078e+00 
 2.31725323e-09  0.00000000e+00  1.20000000e+00  1.20027796e+00 
 2.31873814e-09  0.00000000e+00  1.20000000e+00  1.20018927e+00 
 2.32031597e-09  0.00000000e+00  1.20000000e+00  1.20011455e+00 
 2.32201302e-09  0.00000000e+00  1.20000000e+00  1.20005228e+00 
 2.32383552e-09  0.00000000e+00  1.20000000e+00  1.20000195e+00 
 2.32581746e-09  0.00000000e+00  1.20000000e+00  1.19996232e+00 
 2.32797789e-09  0.00000000e+00  1.20000000e+00  1.19993270e+00 
 2.33036834e-09  0.00000000e+00  1.20000000e+00  1.19991203e+00 
 2.33293873e-09  0.00000000e+00  1.20000000e+00  1.19989984e+00 
 2.33565898e-09  0.00000000e+00  1.20000000e+00  1.19989463e+00 
 2.33855343e-09  0.00000000e+00  1.20000000e+00  1.19989467e+00 
 2.34162993e-09  0.00000000e+00  1.20000000e+00  1.19989853e+00 
 2.34491316e-09  0.00000000e+00  1.20000000e+00  1.19990500e+00 
 2.34840916e-09  0.00000000e+00  1.20000000e+00  1.19991305e+00 
 2.35214253e-09  0.00000000e+00  1.20000000e+00  1.19992189e+00 
 2.35612320e-09  0.00000000e+00  1.20000000e+00  1.19993089e+00 
 2.36037803e-09  0.00000000e+00  1.20000000e+00  1.19993961e+00 
 2.36492097e-09  0.00000000e+00  1.20000000e+00  1.19994774e+00 
 2.36978139e-09  0.00000000e+00  1.20000000e+00  1.19995514e+00 
 2.37497763e-09  0.00000000e+00  1.20000000e+00  1.19996170e+00 
 2.38054231e-09  0.00000000e+00  1.20000000e+00  1.19996743e+00 
 2.38649873e-09  0.00000000e+00  1.20000000e+00  1.19997237e+00 
 2.39288358e-09  0.00000000e+00  1.20000000e+00  1.19997660e+00 
 2.39972071e-09  0.00000000e+00  1.20000000e+00  1.19998018e+00 
 2.40706489e-09  0.00000000e+00  1.20000000e+00  1.19998321e+00 
 2.41493754e-09  0.00000000e+00  1.20000000e+00  1.19998576e+00 
 2.42339786e-09  0.00000000e+00  1.20000000e+00  1.19998792e+00 
 2.43247748e-09  0.00000000e+00  1.20000000e+00  1.19998974e+00 
 2.44224209e-09  0.00000000e+00  1.20000000e+00  1.19999129e+00 
 2.45224209e-09  0.00000000e+00  1.20000000e+00  1.19999253e+00 
 2.46224209e-09  0.00000000e+00  1.20000000e+00  1.19999353e+00 
 2.47224209e-09  0.00000000e+00  1.20000000e+00  1.19999435e+00 
 2.48224209e-09  0.00000000e+00  1.20000000e+00  1.19999502e+00 
 2.49224209e-09  0.00000000e+00  1.20000000e+00  1.19999558e+00 
 2.50224209e-09  0.00000000e+00  1.20000000e+00  1.19999605e+00 
 2.51224209e-09  0.00000000e+00  1.20000000e+00  1.19999645e+00 
 2.52224209e-09  0.00000000e+00  1.20000000e+00  1.19999680e+00 
 2.53224209e-09  0.00000000e+00  1.20000000e+00  1.19999710e+00 
 2.54224209e-09  0.00000000e+00  1.20000000e+00  1.19999735e+00 
 2.55224209e-09  0.00000000e+00  1.20000000e+00  1.19999758e+00 
 2.56224209e-09  0.00000000e+00  1.20000000e+00  1.19999778e+00 
 2.57224209e-09  0.00000000e+00  1.20000000e+00  1.19999795e+00 
 2.58224209e-09  0.00000000e+00  1.20000000e+00  1.19999811e+00 
 2.59224209e-09  0.00000000e+00  1.20000000e+00  1.19999825e+00 
 2.60224209e-09  0.00000000e+00  1.20000000e+00  1.19999837e+00 
 2.61224209e-09  0.00000000e+00  1.20000000e+00  1.19999848e+00 
 2.62224209e-09  0.00000000e+00  1.20000000e+00  1.19999858e+00 
 2.63224209e-09  0.00000000e+00  1.20000000e+00  1.19999867e+00 
 2.64224209e-09  0.00000000e+00  1.20000000e+00  1.19999875e+00 
 2.65224209e-09  0.00000000e+00  1.20000000e+00  1.19999883e+00 
 2.66224209e-09  0.00000000e+00  1.20000000e+00  1.19999890e+00 
 2.67224209e-09  0.00000000e+00  1.20000000e+00  1.19999896e+00 
 2.68224209e-09  0.00000000e+00  1.20000000e+00  1.19999902e+00 
 2.69224209e-09  0.00000000e+00  1.20000000e+00  1.19999907e+00 
 2.70224209e-09  0.00000000e+00  1.20000000e+00  1.19999912e+00 
 2.71224209e-09  0.00000000e+00  1.20000000e+00  1.19999917e+00 
 2.72224209e-09  0.00000000e+00  1.20000000e+00  1.19999921e+00 
 2.73224209e-09  0.00000000e+00  1.20000000e+00  1.19999925e+00 
 2.74224209e-09  0.00000000e+00  1.20000000e+00  1.19999928e+00 
 2.75224209e-09  0.00000000e+00  1.20000000e+00  1.19999931e+00 
 2.76224209e-09  0.00000000e+00  1.20000000e+00  1.19999935e+00 
 2.77224209e-09  0.00000000e+00  1.20000000e+00  1.19999938e+00 
 2.78224209e-09  0.00000000e+00  1.20000000e+00  1.19999940e+00 
 2.79224209e-09  0.00000000e+00  1.20000000e+00  1.19999943e+00 
 2.80224209e-09  0.00000000e+00  1.20000000e+00  1.19999945e+00 
 2.81224209e-09  0.00000000e+00  1.20000000e+00  1.19999947e+00 
 2.82224209e-09  0.00000000e+00  1.20000000e+00  1.19999950e+00 
 2.83224209e-09  0.00000000e+00  1.20000000e+00  1.19999952e+00 
 2.84224209e-09  0.00000000e+00  1.20000000e+00  1.19999953e+00 
 2.85224209e-09  0.00000000e+00  1.20000000e+00  1.19999955e+00 
 2.86224209e-09  0.00000000e+00  1.20000000e+00  1.19999957e+00 
 2.87224209e-09  0.00000000e+00  1.20000000e+00  1.19999958e+00 
 2.88224209e-09  0.00000000e+00  1.20000000e+00  1.19999960e+00 
 2.89224209e-09  0.00000000e+00  1.20000000e+00  1.19999961e+00 
 2.90224209e-09  0.00000000e+00  1.20000000e+00  1.19999963e+00 
 2.91224209e-09  0.00000000e+00  1.20000000e+00  1.19999964e+00 
 2.92224209e-09  0.00000000e+00  1.20000000e+00  1.19999965e+00 
 2.93224209e-09  0.00000000e+00  1.20000000e+00  1.19999966e+00 
 2.94224209e-09  0.00000000e+00  1.20000000e+00  1.19999967e+00 
 2.95224209e-09  0.00000000e+00  1.20000000e+00  1.19999968e+00 
 2.96224209e-09  0.00000000e+00  1.20000000e+00  1.19999969e+00 
 2.97224209e-09  0.00000000e+00  1.20000000e+00  1.19999970e+00 
 2.98224209e-09  0.00000000e+00  1.20000000e+00  1.19999971e+00 
 2.99224209e-09  0.00000000e+00  1.20000000e+00  1.19999972e+00 
 3.00224209e-09  0.00000000e+00  1.20000000e+00  1.19999973e+00 
 3.01224209e-09  0.00000000e+00  1.20000000e+00  1.19999974e+00 
 3.02224209e-09  0.00000000e+00  1.20000000e+00  1.19999974e+00 
 3.03224209e-09  0.00000000e+00  1.20000000e+00  1.19999975e+00 
 3.04224209e-09  0.00000000e+00  1.20000000e+00  1.19999976e+00 
 3.05224209e-09  0.00000000e+00  1.20000000e+00  1.19999976e+00 
 3.06224209e-09  0.00000000e+00  1.20000000e+00  1.19999977e+00 
 3.07224209e-09  0.00000000e+00  1.20000000e+00  1.19999978e+00 
 3.08224209e-09  0.00000000e+00  1.20000000e+00  1.19999978e+00 
 3.09224209e-09  0.00000000e+00  1.20000000e+00  1.19999979e+00 
 3.10224209e-09  0.00000000e+00  1.20000000e+00  1.19999979e+00 
 3.11224209e-09  0.00000000e+00  1.20000000e+00  1.19999980e+00 
 3.12224209e-09  0.00000000e+00  1.20000000e+00  1.19999980e+00 
 3.13224209e-09  0.00000000e+00  1.20000000e+00  1.19999981e+00 
 3.14224209e-09  0.00000000e+00  1.20000000e+00  1.19999981e+00 
 3.15224209e-09  0.00000000e+00  1.20000000e+00  1.19999982e+00 
 3.16224209e-09  0.00000000e+00  1.20000000e+00  1.19999982e+00 
 3.17224209e-09  0.00000000e+00  1.20000000e+00  1.19999983e+00 
 3.18224209e-09  0.00000000e+00  1.20000000e+00  1.19999983e+00 
 3.19224209e-09  0.00000000e+00  1.20000000e+00  1.19999983e+00 
 3.20000000e-09  0.00000000e+00  1.20000000e+00  1.19999984e+00 
 3.20000045e-09  0.00000000e+00  1.19999464e+00  1.19999913e+00 
 3.20000134e-09  0.00000000e+00  1.19998391e+00  1.19999773e+00 
 3.20000313e-09  0.00000000e+00  1.19996245e+00  1.19999492e+00 
 3.20000670e-09  0.00000000e+00  1.19991955e+00  1.19998932e+00 
 3.20001386e-09  0.00000000e+00  1.19983373e+00  1.19997819e+00 
 3.20002816e-09  0.00000000e+00  1.19966209e+00  1.19995618e+00 
 3.20005676e-09  0.00000000e+00  1.19931882e+00  1.19991319e+00 
 3.20011398e-09  0.00000000e+00  1.19863228e+00  1.19983117e+00 
 3.20022840e-09  0.00000000e+00  1.19725920e+00  1.19968187e+00 
 3.20045725e-09  0.00000000e+00  1.19451304e+00  1.19943463e+00 
 3.20080856e-09  0.00000000e+00  1.19029734e+00  1.19916170e+00 
 3.20119780e-09  0.00000000e+00  1.18562637e+00  1.19897071e+00 
 3.20162596e-09  0.00000000e+00  1.18048854e+00  1.19885184e+00 
 3.20208904e-09  0.00000000e+00  1.17493146e+00  1.19879254e+00 
 3.20262285e-09  0.00000000e+00  1.16852578e+00  1.19877818e+00 
 3.20323279e-09  0.00000000e+00  1.16120649e+00  1.19880143e+00 
 3.20394828e-09  0.00000000e+00  1.15262059e+00  1.19885482e+00 
 3.20477839e-09  0.00000000e+00  1.14265928e+00  1.19892986e+00 
 3.20576038e-09  0.00000000e+00  1.13087550e+00  1.19902038e+00 
 3.20689519e-09  0.00000000e+00  1.11725778e+00  1.19911768e+00 
 3.20819151e-09  0.00000000e+00  1.10170186e+00  1.19921538e+00 
 3.20961131e-09  0.00000000e+00  1.08466427e+00  1.19930615e+00 
 3.21114600e-09  0.00000000e+00  1.06624796e+00  1.19938683e+00 
 3.21272873e-09  0.00000000e+00  1.04725529e+00  1.19945462e+00 
 3.21451513e-09  0.00000000e+00  1.02581840e+00  1.19951636e+00 
 3.21639234e-09  0.00000000e+00  1.00329194e+00  1.19956671e+00 
 3.21834189e-09  0.00000000e+00  9.79897361e-01  1.19960611e+00 
 3.22045429e-09  0.00000000e+00  9.54548464e-01  1.19963679e+00 
 3.22269432e-09  0.00000000e+00  9.27668121e-01  1.19965827e+00 
 3.22511517e-09  0.00000000e+00  8.98617907e-01  1.19967111e+00 
 3.22689725e-09  0.00000000e+00  8.77233035e-01  1.19967485e+00 
 3.22823803e-09  0.00000000e+00  8.61143679e-01  1.19967477e+00 
 3.22933280e-09  0.00000000e+00  8.48006448e-01  1.19967299e+00 
 3.23028187e-09  0.00000000e+00  8.36617580e-01  1.19967037e+00 
 3.23120582e-09  0.00000000e+00  8.25530159e-01  1.19966687e+00 
 3.23214234e-09  0.00000000e+00  8.14291931e-01  1.19966239e+00 
 3.23299469e-09  0.00000000e+00  8.04063751e-01  1.19965753e+00 
 3.23373895e-09  0.00000000e+00  7.95132552e-01  1.19965268e+00 
 3.23448495e-09  0.00000000e+00  7.86180592e-01  1.19964726e+00 
 3.23520117e-09  0.00000000e+00  7.77586008e-01  1.19964154e+00 
 3.23587878e-09  0.00000000e+00  7.69454585e-01  1.19963566e+00 
 3.23660468e-09  0.00000000e+00  7.60743898e-01  1.19962885e+00 
 3.23727549e-09  0.00000000e+00  7.52694154e-01  1.19962211e+00 
 3.23795904e-09  0.00000000e+00  7.44491521e-01  1.19961477e+00 
 3.23859844e-09  0.00000000e+00  7.36818770e-01  1.19960749e+00 
 3.23924130e-09  0.00000000e+00  7.29104403e-01  1.19959975e+00 
 3.23985153e-09  0.00000000e+00  7.21781699e-01  1.19959202e+00 
 3.24046586e-09  0.00000000e+00  7.14409684e-01  1.19958384e+00 
 3.24105829e-09  0.00000000e+00  7.07300527e-01  1.19957559e+00 
 3.24165499e-09  0.00000000e+00  7.00140061e-01  1.19956690e+00 
 3.24223662e-09  0.00000000e+00  6.93160614e-01  1.19955806e+00 
 3.24282226e-09  0.00000000e+00  6.86132875e-01  1.19954878e+00 
 3.24339750e-09  0.00000000e+00  6.79229993e-01  1.19953930e+00 
 3.24397652e-09  0.00000000e+00  6.72281731e-01  1.19952937e+00 
 3.24454851e-09  0.00000000e+00  6.65417850e-01  1.19951919e+00 
 3.24512414e-09  0.00000000e+00  6.58510344e-01  1.19950855e+00 
 3.24569526e-09  0.00000000e+00  6.51656892e-01  1.19949760e+00 
 3.24626999e-09  0.00000000e+00  6.44760155e-01  1.19948618e+00 
 3.24684218e-09  0.00000000e+00  6.37893863e-01  1.19947440e+00 
 3.24741807e-09  0.00000000e+00  6.30983211e-01  1.19946211e+00 
 3.24799301e-09  0.00000000e+00  6.24083876e-01  1.19944942e+00 
 3.24857186e-09  0.00000000e+00  6.17137734e-01  1.19943620e+00 
 3.24915111e-09  0.00000000e+00  6.10186699e-01  1.19942251e+00 
 3.24973458e-09  0.00000000e+00  6.03185022e-01  1.19940825e+00 
 3.25031967e-09  0.00000000e+00  5.96163970e-01  1.19939347e+00 
 3.25090942e-09  0.00000000e+00  5.89086925e-01  1.19937808e+00 
 3.25150194e-09  0.00000000e+00  5.81976740e-01  1.19936210e+00 
 3.25209972e-09  0.00000000e+00  5.74803394e-01  1.19934546e+00 
 3.25270143e-09  0.00000000e+00  5.67582853e-01  1.19932816e+00 
 3.25331140e-09  0.00000000e+00  5.60263254e-01  1.19931007e+00 
 3.25393030e-09  0.00000000e+00  5.52836414e-01  1.19929113e+00 
 3.25455472e-09  0.00000000e+00  5.45343397e-01  1.19927120e+00 
 3.25511161e-09  0.00000000e+00  5.38660673e-01  1.19925300e+00 
 3.25574426e-09  0.00000000e+00  5.31068850e-01  1.19923177e+00 
 3.25638317e-09  0.00000000e+00  5.23401925e-01  1.19920949e+00 
 3.25691968e-09  0.00000000e+00  5.16963894e-01  1.19919064e+00 
 3.25755492e-09  0.00000000e+00  5.09340969e-01  1.19916771e+00 
 3.25822105e-09  0.00000000e+00  5.01347361e-01  1.19914307e+00 
 3.25894992e-09  0.00000000e+00  4.92600980e-01  1.19911529e+00 
 3.25970757e-09  0.00000000e+00  4.83509129e-01  1.19908517e+00 
 3.26031651e-09  0.00000000e+00  4.76201920e-01  1.19906058e+00 
 3.26103564e-09  0.00000000e+00  4.67572311e-01  1.19902973e+00 
 3.26158836e-09  0.00000000e+00  4.60939631e-01  1.19900459e+00 
 3.26203172e-09  0.00000000e+00  4.55619414e-01  1.19898242e+00 
 3.26242071e-09  0.00000000e+00  4.50951470e-01  1.19895766e+00 
 3.26274409e-09  0.00000000e+00  4.47070888e-01  1.19893190e+00 
 3.26304525e-09  0.00000000e+00  4.43457052e-01  1.19890252e+00 
 3.26333506e-09  0.00000000e+00  4.39979297e-01  1.19886838e+00 
 3.26360980e-09  0.00000000e+00  4.36682373e-01  1.19883215e+00 
 3.26390347e-09  0.00000000e+00  4.33158333e-01  1.19879187e+00 
 3.26419008e-09  0.00000000e+00  4.29719019e-01  1.19875523e+00 
 3.26449843e-09  0.00000000e+00  4.26018797e-01  1.19872653e+00 
 3.26479474e-09  0.00000000e+00  4.22463086e-01  1.19871834e+00 
 3.26508472e-09  0.00000000e+00  4.18983384e-01  1.19873849e+00 
 3.26536448e-09  0.00000000e+00  4.15626190e-01  1.19879323e+00 
 3.26564354e-09  0.00000000e+00  4.12277573e-01  1.19889029e+00 
 3.26591912e-09  0.00000000e+00  4.08970534e-01  1.19903430e+00 
 3.26619770e-09  0.00000000e+00  4.05627654e-01  1.19923376e+00 
 3.26647727e-09  0.00000000e+00  4.02272797e-01  1.19949218e+00 
 3.26676321e-09  0.00000000e+00  3.98841420e-01  1.19981918e+00 
 3.26705464e-09  0.00000000e+00  3.95344326e-01  1.20021847e+00 
 3.26735668e-09  0.00000000e+00  3.91719801e-01  1.20070178e+00 
 3.26766981e-09  0.00000000e+00  3.87962308e-01  1.20127480e+00 
 3.26799997e-09  0.00000000e+00  3.84000365e-01  1.20195359e+00 
 3.26835016e-09  0.00000000e+00  3.79798067e-01  1.20274999e+00 
 3.26872983e-09  0.00000000e+00  3.75242032e-01  1.20369184e+00 
 3.26914956e-09  0.00000000e+00  3.70205292e-01  1.20481305e+00 
 3.26963583e-09  0.00000000e+00  3.64370026e-01  1.20619450e+00 
 3.27019756e-09  0.00000000e+00  3.57629315e-01  1.20786760e+00 
 3.27076213e-09  0.00000000e+00  3.50854444e-01  1.20959786e+00 
 3.27129057e-09  0.00000000e+00  3.44513163e-01  1.21123318e+00 
 3.27180915e-09  0.00000000e+00  3.38290183e-01  1.21283159e+00 
 3.27230920e-09  0.00000000e+00  3.32289622e-01  1.21435262e+00 
 3.27278511e-09  0.00000000e+00  3.26578652e-01  1.21577279e+00 
 3.27325815e-09  0.00000000e+00  3.20902181e-01  1.21714798e+00 
 3.27370825e-09  0.00000000e+00  3.15500961e-01  1.21842194e+00 
 3.27420673e-09  0.00000000e+00  3.09519261e-01  1.21979693e+00 
 3.27469883e-09  0.00000000e+00  3.03614037e-01  1.22111614e+00 
 3.27519334e-09  0.00000000e+00  2.97679961e-01  1.22240534e+00 
 3.27570898e-09  0.00000000e+00  2.91492272e-01  1.22371256e+00 
 3.27622829e-09  0.00000000e+00  2.85260485e-01  1.22499469e+00 
 3.27678189e-09  0.00000000e+00  2.78617292e-01  1.22632867e+00 
 3.27734693e-09  0.00000000e+00  2.71836875e-01  1.22766172e+00 
 3.27795116e-09  0.00000000e+00  2.64586064e-01  1.22906346e+00 
 3.27857689e-09  0.00000000e+00  2.57077344e-01  1.23049816e+00 
 3.27924198e-09  0.00000000e+00  2.49096205e-01  1.23201499e+00 
 3.27991176e-09  0.00000000e+00  2.41058861e-01  1.23354540e+00 
 3.28061112e-09  0.00000000e+00  2.32666578e-01  1.23515841e+00 
 3.28131769e-09  0.00000000e+00  2.24187712e-01  1.23681539e+00 
 3.28204998e-09  0.00000000e+00  2.15400195e-01  1.23857452e+00 
 3.28278783e-09  0.00000000e+00  2.06546018e-01  1.24040321e+00 
 3.28354493e-09  0.00000000e+00  1.97460864e-01  1.24235251e+00 
 3.28430707e-09  0.00000000e+00  1.88315118e-01  1.24440421e+00 
 3.28509326e-09  0.00000000e+00  1.78880864e-01  1.24663080e+00 
 3.28591686e-09  0.00000000e+00  1.68997688e-01  1.24910058e+00 
 3.28671351e-09  0.00000000e+00  1.59437842e-01  1.25168124e+00 
 3.28721209e-09  0.00000000e+00  1.53454957e-01  1.25339216e+00 
 3.28763717e-09  0.00000000e+00  1.48353936e-01  1.25489083e+00 
 3.28824819e-09  0.00000000e+00  1.41021661e-01  1.25710357e+00 
 3.28889215e-09  0.00000000e+00  1.33294210e-01  1.25950028e+00 
 3.28948277e-09  0.00000000e+00  1.26206793e-01  1.26176980e+00 
 3.29013664e-09  0.00000000e+00  1.18360373e-01  1.26429834e+00 
 3.29073815e-09  0.00000000e+00  1.11142254e-01  1.26655250e+00 
 3.29137533e-09  0.00000000e+00  1.03496058e-01  1.26881042e+00 
 3.29198703e-09  0.00000000e+00  9.61556841e-02  1.27080645e+00 
 3.29264501e-09  0.00000000e+00  8.82598834e-02  1.27271530e+00 
 3.29326860e-09  0.00000000e+00  8.07768039e-02  1.27425321e+00 
 3.29391197e-09  0.00000000e+00  7.30563977e-02  1.27552016e+00 
 3.29453838e-09  0.00000000e+00  6.55393962e-02  1.27640227e+00 
 3.29517523e-09  0.00000000e+00  5.78972347e-02  1.27690256e+00 
 3.29580076e-09  0.00000000e+00  5.03908861e-02  1.27696332e+00 
 3.29643481e-09  0.00000000e+00  4.27822737e-02  1.27654285e+00 
 3.29706538e-09  0.00000000e+00  3.52153991e-02  1.27559144e+00 
 3.29771009e-09  0.00000000e+00  2.74788834e-02  1.27400609e+00 
 3.29835090e-09  0.00000000e+00  1.97892206e-02  1.27174348e+00 
 3.29897426e-09  0.00000000e+00  1.23088927e-02  1.26880390e+00 
 3.29958664e-09  0.00000000e+00  4.96027061e-03  1.26511699e+00 
 3.30000000e-09  0.00000000e+00  3.99680289e-15  1.26215775e+00 
 3.30000046e-09  0.00000000e+00  0.00000000e+00  1.26215470e+00 
 3.30000139e-09  0.00000000e+00  0.00000000e+00  1.26214861e+00 
 3.30000325e-09  0.00000000e+00  0.00000000e+00  1.26213642e+00 
 3.30000696e-09  0.00000000e+00  0.00000000e+00  1.26211203e+00 
 3.30001439e-09  0.00000000e+00  0.00000000e+00  1.26206317e+00 
 3.30002924e-09  0.00000000e+00  0.00000000e+00  1.26196520e+00 
 3.30005895e-09  0.00000000e+00  0.00000000e+00  1.26176817e+00 
 3.30011837e-09  0.00000000e+00  0.00000000e+00  1.26136959e+00 
 3.30023721e-09  0.00000000e+00  0.00000000e+00  1.26055307e+00 
 3.30047488e-09  0.00000000e+00  0.00000000e+00  1.25883313e+00 
 3.30077776e-09  0.00000000e+00  0.00000000e+00  1.25644445e+00 
 3.30108002e-09  0.00000000e+00  0.00000000e+00  1.25379877e+00 
 3.30140486e-09  0.00000000e+00  0.00000000e+00  1.25062136e+00 
 3.30174396e-09  0.00000000e+00  0.00000000e+00  1.24688480e+00 
 3.30210783e-09  0.00000000e+00  0.00000000e+00  1.24236102e+00 
 3.30245419e-09  0.00000000e+00  0.00000000e+00  1.23754563e+00 
 3.30280774e-09  0.00000000e+00  0.00000000e+00  1.23209371e+00 
 3.30318078e-09  0.00000000e+00  0.00000000e+00  1.22573357e+00 
 3.30359332e-09  0.00000000e+00  0.00000000e+00  1.21795595e+00 
 3.30412789e-09  0.00000000e+00  0.00000000e+00  1.20669316e+00 
 3.30454713e-09  0.00000000e+00  0.00000000e+00  1.19691337e+00 
 3.30493949e-09  0.00000000e+00  0.00000000e+00  1.18700822e+00 
 3.30540476e-09  0.00000000e+00  0.00000000e+00  1.17433654e+00 
 3.30582736e-09  0.00000000e+00  0.00000000e+00  1.16197944e+00 
 3.30632448e-09  0.00000000e+00  0.00000000e+00  1.14645725e+00 
 3.30680130e-09  0.00000000e+00  0.00000000e+00  1.13061106e+00 
 3.30727351e-09  0.00000000e+00  0.00000000e+00  1.11403812e+00 
 3.30771273e-09  0.00000000e+00  0.00000000e+00  1.09788020e+00 
 3.30813207e-09  0.00000000e+00  0.00000000e+00  1.08182677e+00 
 3.30862123e-09  0.00000000e+00  0.00000000e+00  1.06237648e+00 
 3.30906578e-09  0.00000000e+00  0.00000000e+00  1.04406197e+00 
 3.30957042e-09  0.00000000e+00  0.00000000e+00  1.02258040e+00 
 3.31003832e-09  0.00000000e+00  0.00000000e+00  1.00204753e+00 
 3.31050539e-09  0.00000000e+00  0.00000000e+00  9.81000950e-01 
 3.31097095e-09  0.00000000e+00  0.00000000e+00  9.59513316e-01 
 3.31144497e-09  0.00000000e+00  0.00000000e+00  9.37150593e-01 
 3.31192431e-09  0.00000000e+00  0.00000000e+00  9.14075861e-01 
 3.31241119e-09  0.00000000e+00  0.00000000e+00  8.90200419e-01 
 3.31290288e-09  0.00000000e+00  0.00000000e+00  8.65678999e-01 
 3.31340064e-09  0.00000000e+00  0.00000000e+00  8.40470909e-01 
 3.31390233e-09  0.00000000e+00  0.00000000e+00  8.14710579e-01 
 3.31440844e-09  0.00000000e+00  0.00000000e+00  7.88399675e-01 
 3.31491675e-09  0.00000000e+00  0.00000000e+00  7.61684832e-01 
 3.31542683e-09  0.00000000e+00  0.00000000e+00  7.34621562e-01 
 3.31593610e-09  0.00000000e+00  0.00000000e+00  7.07381811e-01 
 3.31644325e-09  0.00000000e+00  0.00000000e+00  6.80074133e-01 
 3.31694542e-09  0.00000000e+00  0.00000000e+00  6.52892357e-01 
 3.31744073e-09  0.00000000e+00  0.00000000e+00  6.25979471e-01 
 3.31792643e-09  0.00000000e+00  0.00000000e+00  5.99525863e-01 
 3.31840071e-09  0.00000000e+00  0.00000000e+00  5.73669021e-01 
 3.31886159e-09  0.00000000e+00  0.00000000e+00  5.48555674e-01 
 3.31930802e-09  0.00000000e+00  0.00000000e+00  5.24275327e-01 
 3.31973919e-09  0.00000000e+00  0.00000000e+00  5.00903682e-01 
 3.32015509e-09  0.00000000e+00  0.00000000e+00  4.78466176e-01 
 3.32055647e-09  0.00000000e+00  0.00000000e+00  4.56945954e-01 
 3.32095775e-09  0.00000000e+00  0.00000000e+00  4.35597129e-01 
 3.32135161e-09  0.00000000e+00  0.00000000e+00  4.14843016e-01 
 3.32174238e-09  0.00000000e+00  0.00000000e+00  3.94486143e-01 
 3.32212552e-09  0.00000000e+00  0.00000000e+00  3.74794690e-01 
 3.32250574e-09  0.00000000e+00  0.00000000e+00  3.55557957e-01 
 3.32288087e-09  0.00000000e+00  0.00000000e+00  3.36920606e-01 
 3.32325476e-09  0.00000000e+00  0.00000000e+00  3.18727697e-01 
 3.32362649e-09  0.00000000e+00  0.00000000e+00  3.01063712e-01 
 3.32399998e-09  0.00000000e+00  0.00000000e+00  2.83789565e-01 
 3.32437567e-09  0.00000000e+00  0.00000000e+00  2.66938012e-01 
 3.32475790e-09  0.00000000e+00  0.00000000e+00  2.50379997e-01 
 3.32514870e-09  0.00000000e+00  0.00000000e+00  2.34109234e-01 
 3.32555405e-09  0.00000000e+00  0.00000000e+00  2.17980672e-01 
 3.32592567e-09  0.00000000e+00  0.00000000e+00  2.03913322e-01 
 3.32631799e-09  0.00000000e+00  0.00000000e+00  1.89822615e-01 
 3.32679444e-09  0.00000000e+00  0.00000000e+00  1.73774900e-01 
 3.32722509e-09  0.00000000e+00  0.00000000e+00  1.60301875e-01 
 3.32778456e-09  0.00000000e+00  0.00000000e+00  1.44254341e-01 
 3.32827773e-09  0.00000000e+00  0.00000000e+00  1.31436092e-01 
 3.32874870e-09  0.00000000e+00  0.00000000e+00  1.20302824e-01 
 3.32923448e-09  0.00000000e+00  0.00000000e+00  1.09900776e-01 
 3.32968701e-09  0.00000000e+00  0.00000000e+00  1.01134401e-01 
 3.33010903e-09  0.00000000e+00  0.00000000e+00  9.37040851e-02 
 3.33052914e-09  0.00000000e+00  0.00000000e+00  8.69674942e-02 
 3.33095588e-09  0.00000000e+00  0.00000000e+00  8.07445571e-02 
 3.33139287e-09  0.00000000e+00  0.00000000e+00  7.49635590e-02 
 3.33187996e-09  0.00000000e+00  0.00000000e+00  6.91512017e-02 
 3.33232957e-09  0.00000000e+00  0.00000000e+00  6.43201143e-02 
 3.33285171e-09  0.00000000e+00  0.00000000e+00  5.92841753e-02 
 3.33334873e-09  0.00000000e+00  0.00000000e+00  5.49990983e-02 
 3.33387429e-09  0.00000000e+00  0.00000000e+00  5.09399792e-02 
 3.33440432e-09  0.00000000e+00  0.00000000e+00  4.72752754e-02 
 3.33496518e-09  0.00000000e+00  0.00000000e+00  4.38037684e-02 
 3.33554630e-09  0.00000000e+00  0.00000000e+00  4.05873551e-02 
 3.33616266e-09  0.00000000e+00  0.00000000e+00  3.75385785e-02 
 3.33680878e-09  0.00000000e+00  0.00000000e+00  3.46845022e-02 
 3.33748895e-09  0.00000000e+00  0.00000000e+00  3.20009406e-02 
 3.33820183e-09  0.00000000e+00  0.00000000e+00  2.94872559e-02 
 3.33895277e-09  0.00000000e+00  0.00000000e+00  2.71187987e-02 
 3.33974211e-09  0.00000000e+00  0.00000000e+00  2.48901979e-02 
 3.34057376e-09  0.00000000e+00  0.00000000e+00  2.27866992e-02 
 3.34142280e-09  0.00000000e+00  0.00000000e+00  2.08592210e-02 
 3.34230604e-09  0.00000000e+00  0.00000000e+00  1.90553941e-02 
 3.34320788e-09  0.00000000e+00  0.00000000e+00  1.73958958e-02 
 3.34414381e-09  0.00000000e+00  0.00000000e+00  1.58424067e-02 
 3.34507484e-09  0.00000000e+00  0.00000000e+00  1.44461931e-02 
 3.34601486e-09  0.00000000e+00  0.00000000e+00  1.31693462e-02 
 3.34695623e-09  0.00000000e+00  0.00000000e+00  1.20093680e-02 
 3.34791542e-09  0.00000000e+00  0.00000000e+00  1.09364120e-02 
 3.34888701e-09  0.00000000e+00  0.00000000e+00  9.95005139e-03 
 3.34988193e-09  0.00000000e+00  0.00000000e+00  9.03409712e-03 
 3.35089561e-09  0.00000000e+00  0.00000000e+00  8.18893259e-03 
 3.35193678e-09  0.00000000e+00  0.00000000e+00  7.40407119e-03 
 3.35300237e-09  0.00000000e+00  0.00000000e+00  6.67932651e-03 
 3.35409984e-09  0.00000000e+00  0.00000000e+00  6.00746627e-03 
 3.35522737e-09  0.00000000e+00  0.00000000e+00  5.38786888e-03 
 3.35639163e-09  0.00000000e+00  0.00000000e+00  4.81530137e-03 
 3.35759198e-09  0.00000000e+00  0.00000000e+00  4.28879061e-03 
 3.35883475e-09  0.00000000e+00  0.00000000e+00  3.80435372e-03 
 3.36012046e-09  0.00000000e+00  0.00000000e+00  3.36076647e-03 
 3.36145550e-09  0.00000000e+00  0.00000000e+00  2.95485571e-03 
 3.36284160e-09  0.00000000e+00  0.00000000e+00  2.58523493e-03 
 3.36428559e-09  0.00000000e+00  0.00000000e+00  2.24926912e-03 
 3.36579062e-09  0.00000000e+00  0.00000000e+00  1.94547711e-03 
 3.36736438e-09  0.00000000e+00  0.00000000e+00  1.67158991e-03 
 3.36901177e-09  0.00000000e+00  0.00000000e+00  1.42608004e-03 
 3.37074190e-09  0.00000000e+00  0.00000000e+00  1.20693315e-03 
 3.37256199e-09  0.00000000e+00  0.00000000e+00  1.01260855e-03 
 3.37448339e-09  0.00000000e+00  0.00000000e+00  8.41273558e-04 
 3.37651651e-09  0.00000000e+00  0.00000000e+00  6.91396409e-04 
 3.37867622e-09  0.00000000e+00  0.00000000e+00  5.61278375e-04 
 3.38097764e-09  0.00000000e+00  0.00000000e+00  4.49411893e-04 
 3.38344119e-09  0.00000000e+00  0.00000000e+00  3.54202046e-04 
 3.38608935e-09  0.00000000e+00  0.00000000e+00  2.74177299e-04 
 3.38895172e-09  0.00000000e+00  0.00000000e+00  2.07829716e-04 
 3.39206292e-09  0.00000000e+00  0.00000000e+00  1.53735399e-04 
 3.39546855e-09  0.00000000e+00  0.00000000e+00  1.10468001e-04 
 3.39922499e-09  0.00000000e+00  0.00000000e+00  7.66660226e-05 
 3.40340778e-09  0.00000000e+00  0.00000000e+00  5.09910943e-05 
 3.40811592e-09  0.00000000e+00  0.00000000e+00  3.21664029e-05 
 3.41348726e-09  0.00000000e+00  0.00000000e+00  1.89628020e-05 
 3.41971519e-09  0.00000000e+00  0.00000000e+00  1.02247316e-05 
 3.42708694e-09  0.00000000e+00  0.00000000e+00  4.87555384e-06 
 3.43604462e-09  0.00000000e+00  0.00000000e+00  1.94293391e-06 
 3.44604462e-09  0.00000000e+00  0.00000000e+00  6.84443539e-07 
 3.45604462e-09  0.00000000e+00  0.00000000e+00  2.43267412e-07 
 3.46604462e-09  0.00000000e+00  0.00000000e+00  8.86077968e-08 
 3.47604462e-09  0.00000000e+00  0.00000000e+00  3.43900628e-08 
 3.48604462e-09  0.00000000e+00  0.00000000e+00  1.53833666e-08 
 3.49604462e-09  0.00000000e+00  0.00000000e+00  8.72033667e-09 
 3.50604462e-09  0.00000000e+00  0.00000000e+00  6.38453604e-09 
 3.51604462e-09  0.00000000e+00  0.00000000e+00  5.56568665e-09 
 3.52604462e-09  0.00000000e+00  0.00000000e+00  5.27863445e-09 
 3.53604462e-09  0.00000000e+00  0.00000000e+00  5.17800019e-09 
 3.54604462e-09  0.00000000e+00  0.00000000e+00  5.14272508e-09 
 3.55604462e-09  0.00000000e+00  0.00000000e+00  5.13035649e-09 
 3.56604462e-09  0.00000000e+00  0.00000000e+00  5.12602244e-09 
 3.57604462e-09  0.00000000e+00  0.00000000e+00  5.12450150e-09 
 3.58604462e-09  0.00000000e+00  0.00000000e+00  5.12396952e-09 
 3.59604462e-09  0.00000000e+00  0.00000000e+00  5.12378215e-09 
 3.60604462e-09  0.00000000e+00  0.00000000e+00  5.12371732e-09 
 3.61604462e-09  0.00000000e+00  0.00000000e+00  5.12369412e-09 
 3.62604462e-09  0.00000000e+00  0.00000000e+00  5.12368642e-09 
 3.63604462e-09  0.00000000e+00  0.00000000e+00  5.12368304e-09 
 3.64604462e-09  0.00000000e+00  0.00000000e+00  5.12368222e-09 
 3.65604462e-09  0.00000000e+00  0.00000000e+00  5.12368198e-09 
 3.66604462e-09  0.00000000e+00  0.00000000e+00  5.12368192e-09 
 3.67604462e-09  0.00000000e+00  0.00000000e+00  5.12368198e-09 
 3.68604462e-09  0.00000000e+00  0.00000000e+00  5.12368174e-09 
 3.69604462e-09  0.00000000e+00  0.00000000e+00  5.12368162e-09 
 3.70604462e-09  0.00000000e+00  0.00000000e+00  5.12368180e-09 
 3.71604462e-09  0.00000000e+00  0.00000000e+00  5.12368151e-09 
 3.72604462e-09  0.00000000e+00  0.00000000e+00  5.12368198e-09 
 3.73604462e-09  0.00000000e+00  0.00000000e+00  5.12368186e-09 
 3.74604462e-09  0.00000000e+00  0.00000000e+00  5.12368156e-09 
 3.75604462e-09  0.00000000e+00  0.00000000e+00  5.12368168e-09 
 3.76604462e-09  0.00000000e+00  0.00000000e+00  5.12368180e-09 
 3.77604462e-09  0.00000000e+00  0.00000000e+00  5.12368168e-09 
 3.78604462e-09  0.00000000e+00  0.00000000e+00  5.12368162e-09 
 3.79604462e-09  0.00000000e+00  0.00000000e+00  5.12368174e-09 
 3.80604462e-09  0.00000000e+00  0.00000000e+00  5.12368168e-09 
 3.81604462e-09  0.00000000e+00  0.00000000e+00  5.12368156e-09 
 3.82604462e-09  0.00000000e+00  0.00000000e+00  5.12368162e-09 
 3.83604462e-09  0.00000000e+00  0.00000000e+00  5.12368162e-09 
 3.84604462e-09  0.00000000e+00  0.00000000e+00  5.12368162e-09 
 3.85604462e-09  0.00000000e+00  0.00000000e+00  5.12368145e-09 
 3.86604462e-09  0.00000000e+00  0.00000000e+00  5.12368139e-09 
 3.87604462e-09  0.00000000e+00  0.00000000e+00  5.12368192e-09 
 3.88604462e-09  0.00000000e+00  0.00000000e+00  5.12368198e-09 
 3.89604462e-09  0.00000000e+00  0.00000000e+00  5.12368145e-09 
 3.90604462e-09  0.00000000e+00  0.00000000e+00  5.12368174e-09 
 3.91604462e-09  0.00000000e+00  0.00000000e+00  5.12368156e-09 
 3.92604462e-09  0.00000000e+00  0.00000000e+00  5.12368180e-09 
 3.93604462e-09  0.00000000e+00  0.00000000e+00  5.12368145e-09 
 3.94604462e-09  0.00000000e+00  0.00000000e+00  5.12368186e-09 
 3.95604462e-09  0.00000000e+00  0.00000000e+00  5.12368162e-09 
 3.96604462e-09  0.00000000e+00  0.00000000e+00  5.12368145e-09 
 3.97604462e-09  0.00000000e+00  0.00000000e+00  5.12368156e-09 
 3.98604462e-09  0.00000000e+00  0.00000000e+00  5.12368139e-09 
 3.99604462e-09  0.00000000e+00  0.00000000e+00  5.12368192e-09 
 4.00000000e-09  0.00000000e+00  0.00000000e+00  5.12368205e-09 
