 v-sweep         v(2)            i(vd)          
 0.00000000e+00  5.00000000e-02 -6.52422509e-09 
 2.00000000e-02  5.00000000e-02 -1.15658891e-08 
 4.00000000e-02  5.00000000e-02 -2.04352231e-08 
 6.00000000e-02  5.00000000e-02 -3.59324851e-08 
 8.00000000e-02  5.00000000e-02 -6.27884292e-08 
 1.00000000e-01  5.00000000e-02 -1.08867401e-07 
 1.20000000e-01  5.00000000e-02 -1.86982867e-07 
 1.40000000e-01  5.00000000e-02 -3.17540874e-07 
 1.60000000e-01  5.00000000e-02 -5.32239899e-07 
 1.80000000e-01  5.00000000e-02 -8.79080062e-07 
 2.00000000e-01  5.00000000e-02 -1.42902334e-06 
 2.20000000e-01  5.00000000e-02 -2.28485517e-06 
 2.40000000e-01  5.00000000e-02 -3.59306020e-06 
 2.60000000e-01  5.00000000e-02 -5.55945299e-06 
 2.80000000e-01  5.00000000e-02 -8.46807703e-06 
 3.00000000e-01  5.00000000e-02 -1.26994733e-05 
 3.20000000e-01  5.00000000e-02 -1.87384781e-05 
 3.40000000e-01  5.00000000e-02 -2.71553677e-05 
 3.60000000e-01  5.00000000e-02 -3.85388713e-05 
 3.80000000e-01  5.00000000e-02 -5.33884594e-05 
 4.00000000e-01  5.00000000e-02 -7.20012924e-05 
 4.20000000e-01  5.00000000e-02 -9.43854760e-05 
 4.40000000e-01  5.00000000e-02 -1.20251983e-04 
 4.60000000e-01  5.00000000e-02 -1.49079619e-04 
 4.80000000e-01  5.00000000e-02 -1.80217318e-04 
 5.00000000e-01  5.00000000e-02 -2.12984123e-04 
 5.20000000e-01  5.00000000e-02 -2.46743158e-04 
 5.40000000e-01  5.00000000e-02 -2.80943863e-04 
 5.60000000e-01  5.00000000e-02 -3.15137648e-04 
 5.80000000e-01  5.00000000e-02 -3.48975876e-04 
 6.00000000e-01  5.00000000e-02 -3.82198357e-04 
 6.20000000e-01  5.00000000e-02 -4.14618277e-04 
 6.40000000e-01  5.00000000e-02 -4.46107062e-04 
 6.60000000e-01  5.00000000e-02 -4.76580950e-04 
 6.80000000e-01  5.00000000e-02 -5.05989868e-04 
 7.00000000e-01  5.00000000e-02 -5.34308625e-04 
 7.20000000e-01  5.00000000e-02 -5.61530147e-04 
 7.40000000e-01  5.00000000e-02 -5.87660375e-04 
 7.60000000e-01  5.00000000e-02 -6.12714469e-04 
 7.80000000e-01  5.00000000e-02 -6.36714021e-04 
 8.00000000e-01  5.00000000e-02 -6.59685006e-04 
 8.20000000e-01  5.00000000e-02 -6.81656290e-04 
 8.40000000e-01  5.00000000e-02 -7.02658540e-04 
 8.60000000e-01  5.00000000e-02 -7.22723438e-04 
 8.80000000e-01  5.00000000e-02 -7.41883099e-04 
 9.00000000e-01  5.00000000e-02 -7.60169660e-04 
 9.20000000e-01  5.00000000e-02 -7.77614968e-04 
 9.40000000e-01  5.00000000e-02 -7.94250368e-04 
 9.60000000e-01  5.00000000e-02 -8.10106545e-04 
 9.80000000e-01  5.00000000e-02 -8.25213408e-04 
 1.00000000e+00  5.00000000e-02 -8.39600017e-04 
 1.02000000e+00  5.00000000e-02 -8.53294529e-04 
 1.04000000e+00  5.00000000e-02 -8.66324165e-04 
 1.06000000e+00  5.00000000e-02 -8.78715193e-04 
 1.08000000e+00  5.00000000e-02 -8.90492917e-04 
 1.10000000e+00  5.00000000e-02 -9.01681681e-04 
 1.12000000e+00  5.00000000e-02 -9.12304873e-04 
 1.14000000e+00  5.00000000e-02 -9.22384934e-04 
 1.16000000e+00  5.00000000e-02 -9.31943377e-04 
 1.18000000e+00  5.00000000e-02 -9.41000796e-04 
 1.20000000e+00  5.00000000e-02 -9.49576892e-04 
 0.00000000e+00  5.50000000e-01 -1.58499981e-08 
 2.00000000e-02  5.50000000e-01 -2.36535903e-08 
 4.00000000e-02  5.50000000e-01 -3.79876909e-08 
 6.00000000e-02  5.50000000e-01 -6.35548242e-08 
 8.00000000e-02  5.50000000e-01 -1.08303671e-07 
 1.00000000e-01  5.50000000e-01 -1.85436543e-07 
 1.20000000e-01  5.50000000e-01 -3.16432902e-07 
 1.40000000e-01  5.50000000e-01 -5.35415153e-07 
 1.60000000e-01  5.50000000e-01 -8.95177208e-07 
 1.80000000e-01  5.50000000e-01 -1.47517657e-06 
 2.00000000e-01  5.50000000e-01 -2.39185202e-06 
 2.20000000e-01  5.50000000e-01 -3.81191244e-06 
 2.40000000e-01  5.50000000e-01 -5.96978624e-06 
 2.60000000e-01  5.50000000e-01 -9.19090892e-06 
 2.80000000e-01  5.50000000e-01 -1.39221409e-05 
 3.00000000e-01  5.50000000e-01 -2.07682320e-05 
 3.20000000e-01  5.50000000e-01 -3.05281274e-05 
 3.40000000e-01  5.50000000e-01 -4.42177080e-05 
 3.60000000e-01  5.50000000e-01 -6.30509029e-05 
 3.80000000e-01  5.50000000e-01 -8.83736583e-05 
 4.00000000e-01  5.50000000e-01 -1.21557434e-04 
 4.20000000e-01  5.50000000e-01 -1.63839801e-04 
 4.40000000e-01  5.50000000e-01 -2.16174346e-04 
 4.60000000e-01  5.50000000e-01 -2.79127654e-04 
 4.80000000e-01  5.50000000e-01 -3.52848160e-04 
 5.00000000e-01  5.50000000e-01 -4.37104031e-04 
 5.20000000e-01  5.50000000e-01 -5.31366468e-04 
 5.40000000e-01  5.50000000e-01 -6.34908994e-04 
 5.60000000e-01  5.50000000e-01 -7.46899537e-04 
 5.80000000e-01  5.50000000e-01 -8.66472943e-04 
 6.00000000e-01  5.50000000e-01 -9.92780891e-04 
 6.20000000e-01  5.50000000e-01 -1.12502183e-03 
 6.40000000e-01  5.50000000e-01 -1.26245580e-03 
 6.60000000e-01  5.50000000e-01 -1.40440897e-03 
 6.80000000e-01  5.50000000e-01 -1.55027206e-03 
 7.00000000e-01  5.50000000e-01 -1.69949535e-03 
 7.20000000e-01  5.50000000e-01 -1.85158234e-03 
 7.40000000e-01  5.50000000e-01 -2.00608308e-03 
 7.60000000e-01  5.50000000e-01 -2.16258783e-03 
 7.80000000e-01  5.50000000e-01 -2.32072135e-03 
 8.00000000e-01  5.50000000e-01 -2.48013788e-03 
 8.20000000e-01  5.50000000e-01 -2.64051684e-03 
 8.40000000e-01  5.50000000e-01 -2.80155920e-03 
 8.60000000e-01  5.50000000e-01 -2.96298428e-03 
 8.80000000e-01  5.50000000e-01 -3.12452722e-03 
 9.00000000e-01  5.50000000e-01 -3.28593669e-03 
 9.20000000e-01  5.50000000e-01 -3.44697305e-03 
 9.40000000e-01  5.50000000e-01 -3.60740675e-03 
 9.60000000e-01  5.50000000e-01 -3.76701704e-03 
 9.80000000e-01  5.50000000e-01 -3.92559089e-03 
 1.00000000e+00  5.50000000e-01 -4.08292217e-03 
 1.02000000e+00  5.50000000e-01 -4.23881105e-03 
 1.04000000e+00  5.50000000e-01 -4.39306365e-03 
 1.06000000e+00  5.50000000e-01 -4.54549193e-03 
 1.08000000e+00  5.50000000e-01 -4.69591387e-03 
 1.10000000e+00  5.50000000e-01 -4.84415396e-03 
 1.12000000e+00  5.50000000e-01 -4.99004395e-03 
 1.14000000e+00  5.50000000e-01 -5.13342395e-03 
 1.16000000e+00  5.50000000e-01 -5.27414378e-03 
 1.18000000e+00  5.50000000e-01 -5.41206456e-03 
 1.20000000e+00  5.50000000e-01 -5.54706040e-03 
 0.00000000e+00  1.05000000e+00 -1.46804673e-07 
 2.00000000e-02  1.05000000e+00 -1.43643305e-07 
 4.00000000e-02  1.05000000e+00 -1.50846802e-07 
 6.00000000e-02  1.05000000e+00 -1.74679560e-07 
 8.00000000e-02  1.05000000e+00 -2.25839601e-07 
 1.00000000e-01  1.05000000e+00 -3.22178570e-07 
 1.20000000e-01  1.05000000e+00 -4.92780548e-07 
 1.40000000e-01  1.05000000e+00 -7.83805745e-07 
 1.60000000e-01  1.05000000e+00 -1.26644981e-06 
 1.80000000e-01  1.05000000e+00 -2.04725062e-06 
 2.00000000e-01  1.05000000e+00 -3.28089955e-06 
 2.20000000e-01  1.05000000e+00 -5.18586739e-06 
 2.40000000e-01  1.05000000e+00 -8.06361807e-06 
 2.60000000e-01  1.05000000e+00 -1.23226363e-05 
 2.80000000e-01  1.05000000e+00 -1.85080408e-05 
 3.00000000e-01  1.05000000e+00 -2.73350176e-05 
 3.20000000e-01  1.05000000e+00 -3.97190641e-05 
 3.40000000e-01  1.05000000e+00 -5.67891060e-05 
 3.60000000e-01  1.05000000e+00 -7.98540951e-05 
 3.80000000e-01  1.05000000e+00 -1.10323540e-04 
 4.00000000e-01  1.05000000e+00 -1.49593477e-04 
 4.20000000e-01  1.05000000e+00 -1.98882071e-04 
 4.40000000e-01  1.05000000e+00 -2.59084043e-04 
 4.60000000e-01  1.05000000e+00 -3.30678860e-04 
 4.80000000e-01  1.05000000e+00 -4.13713777e-04 
 5.00000000e-01  1.05000000e+00 -5.07855020e-04 
 5.20000000e-01  1.05000000e+00 -6.12480961e-04 
 5.40000000e-01  1.05000000e+00 -7.26787129e-04 
 5.60000000e-01  1.05000000e+00 -8.49880463e-04 
 5.80000000e-01  1.05000000e+00 -9.80851542e-04 
 6.00000000e-01  1.05000000e+00 -1.11882288e-03 
 6.20000000e-01  1.05000000e+00 -1.26297674e-03 
 6.40000000e-01  1.05000000e+00 -1.41256778e-03 
 6.60000000e-01  1.05000000e+00 -1.56692573e-03 
 6.80000000e-01  1.05000000e+00 -1.72545219e-03 
 7.00000000e-01  1.05000000e+00 -1.88761451e-03 
 7.20000000e-01  1.05000000e+00 -2.05293847e-03 
 7.40000000e-01  1.05000000e+00 -2.22100100e-03 
 7.60000000e-01  1.05000000e+00 -2.39142341e-03 
 7.80000000e-01  1.05000000e+00 -2.56386534e-03 
 8.00000000e-01  1.05000000e+00 -2.73801963e-03 
 8.20000000e-01  1.05000000e+00 -2.91360787e-03 
 8.40000000e-01  1.05000000e+00 -3.09037676e-03 
 8.60000000e-01  1.05000000e+00 -3.26809493e-03 
 8.80000000e-01  1.05000000e+00 -3.44655039e-03 
 9.00000000e-01  1.05000000e+00 -3.62554828e-03 
 9.20000000e-01  1.05000000e+00 -3.80490903e-03 
 9.40000000e-01  1.05000000e+00 -3.98446675e-03 
 9.60000000e-01  1.05000000e+00 -4.16406787e-03 
 9.80000000e-01  1.05000000e+00 -4.34356989e-03 
 1.00000000e+00  1.05000000e+00 -4.52284039e-03 
 1.02000000e+00  1.05000000e+00 -4.70175607e-03 
 1.04000000e+00  1.05000000e+00 -4.88020196e-03 
 1.06000000e+00  1.05000000e+00 -5.05807064e-03 
 1.08000000e+00  1.05000000e+00 -5.23526161e-03 
 1.10000000e+00  1.05000000e+00 -5.41168068e-03 
 1.12000000e+00  1.05000000e+00 -5.58723942e-03 
 1.14000000e+00  1.05000000e+00 -5.76185471e-03 
 1.16000000e+00  1.05000000e+00 -5.93544823e-03 
 1.18000000e+00  1.05000000e+00 -6.10794609e-03 
 1.20000000e+00  1.05000000e+00 -6.27927843e-03 
